0,status,1,BODYGUARD,ALIVE,hellowolf
0,status,2,WEREWOLF,ALIVE,wasabi
0,status,3,MEDIUM,ALIVE,hellowolf 2
0,status,4,VILLAGER,ALIVE,fanfan 1
0,status,5,WEREWOLF,ALIVE,hellowolf 1
0,status,6,VILLAGER,ALIVE,fanfan 2
0,status,7,VILLAGER,ALIVE,tomato
0,status,8,VILLAGER,ALIVE,takeda 1
0,status,9,VILLAGER,ALIVE,takeda 3
0,status,10,VILLAGER,ALIVE,takeda 2
0,status,11,POSSESSED,ALIVE,tomato 1
0,status,12,SEER,ALIVE,fanfan
0,status,13,VILLAGER,ALIVE,wasabi 1
0,status,14,VILLAGER,ALIVE,takeda
0,status,15,WEREWOLF,ALIVE,HALUemon
0,whisper,0,0,15,COMINGOUT Agent[15] MEDIUM
0,whisper,1,0,2,Over
0,whisper,2,0,5,COMINGOUT Agent[05] VILLAGER
0,whisper,3,1,15,Skip
0,whisper,4,1,2,ATTACK Agent[03]
0,whisper,5,1,5,Skip
0,whisper,6,2,5,Skip
0,whisper,7,2,15,Skip
0,whisper,8,2,2,Over
0,whisper,9,3,15,Over
0,whisper,10,3,5,Over
0,whisper,11,3,2,Over
0,divine,12,3,HUMAN
1,status,1,BODYGUARD,ALIVE,hellowolf
1,status,2,WEREWOLF,ALIVE,wasabi
1,status,3,MEDIUM,ALIVE,hellowolf 2
1,status,4,VILLAGER,ALIVE,fanfan 1
1,status,5,WEREWOLF,ALIVE,hellowolf 1
1,status,6,VILLAGER,ALIVE,fanfan 2
1,status,7,VILLAGER,ALIVE,tomato
1,status,8,VILLAGER,ALIVE,takeda 1
1,status,9,VILLAGER,ALIVE,takeda 3
1,status,10,VILLAGER,ALIVE,takeda 2
1,status,11,POSSESSED,ALIVE,tomato 1
1,status,12,SEER,ALIVE,fanfan
1,status,13,VILLAGER,ALIVE,wasabi 1
1,status,14,VILLAGER,ALIVE,takeda
1,status,15,WEREWOLF,ALIVE,HALUemon
1,talk,0,0,8,VOTE Agent[02]
1,talk,1,0,11,COMINGOUT Agent[11] SEER
1,talk,2,0,1,VOTE Agent[13]
1,talk,3,0,14,VOTE Agent[03]
1,talk,4,0,2,Skip
1,talk,5,0,7,VOTE Agent[12]
1,talk,6,0,15,COMINGOUT Agent[15] MEDIUM
1,talk,7,0,4,VOTE Agent[07]
1,talk,8,0,12,COMINGOUT Agent[12] SEER
1,talk,9,0,6,VOTE Agent[07]
1,talk,10,0,3,VOTE Agent[01]
1,talk,11,0,10,VOTE Agent[05]
1,talk,12,0,9,VOTE Agent[11]
1,talk,13,0,13,ESTIMATE Agent[03] VILLAGER
1,talk,14,0,5,VOTE Agent[03]
1,talk,15,1,15,VOTE Agent[07]
1,talk,16,1,8,Skip
1,talk,17,1,4,VOTE Agent[01]
1,talk,18,1,9,VOTE Agent[05]
1,talk,19,1,1,VOTE Agent[05]
1,talk,20,1,7,VOTE Agent[03]
1,talk,21,1,3,VOTE Agent[05]
1,talk,22,1,2,ESTIMATE Agent[12] WEREWOLF
1,talk,23,1,6,VOTE Agent[01]
1,talk,24,1,10,Skip
1,talk,25,1,12,DIVINED Agent[03] HUMAN
1,talk,26,1,5,Skip
1,talk,27,1,13,ESTIMATE Agent[10] WEREWOLF
1,talk,28,1,11,DIVINED Agent[07] WEREWOLF
1,talk,29,1,14,VOTE Agent[07]
1,talk,30,2,15,VOTE Agent[07]
1,talk,31,2,13,Skip
1,talk,32,2,4,VOTE Agent[05]
1,talk,33,2,1,VOTE Agent[07]
1,talk,34,2,2,ESTIMATE Agent[09] VILLAGER
1,talk,35,2,7,VOTE Agent[05]
1,talk,36,2,12,VOTE Agent[01]
1,talk,37,2,3,VOTE Agent[01]
1,talk,38,2,8,VOTE Agent[01]
1,talk,39,2,9,VOTE Agent[01]
1,talk,40,2,10,VOTE Agent[01]
1,talk,41,2,14,VOTE Agent[01]
1,talk,42,2,5,Skip
1,talk,43,2,6,VOTE Agent[07]
1,talk,44,2,11,VOTE Agent[07]
1,talk,45,3,13,VOTE Agent[07]
1,talk,46,3,4,VOTE Agent[01]
1,talk,47,3,11,Skip
1,talk,48,3,1,Skip
1,talk,49,3,3,Skip
1,talk,50,3,12,VOTE Agent[01]
1,talk,51,3,2,VOTE Agent[07]
1,talk,52,3,9,Skip
1,talk,53,3,7,VOTE Agent[01]
1,talk,54,3,14,Skip
1,talk,55,3,10,Skip
1,talk,56,3,15,VOTE Agent[07]
1,talk,57,3,8,Skip
1,talk,58,3,6,VOTE Agent[01]
1,talk,59,3,5,VOTE Agent[01]
1,talk,60,4,15,VOTE Agent[07]
1,talk,61,4,10,Skip
1,talk,62,4,13,ESTIMATE Agent[07] WEREWOLF
1,talk,63,4,9,Skip
1,talk,64,4,4,Skip
1,talk,65,4,6,Skip
1,talk,66,4,12,Skip
1,talk,67,4,3,Skip
1,talk,68,4,11,Skip
1,talk,69,4,8,Skip
1,talk,70,4,2,ESTIMATE Agent[04] VILLAGER
1,talk,71,4,14,Skip
1,talk,72,4,1,Skip
1,talk,73,4,5,Skip
1,talk,74,4,7,Skip
1,talk,75,5,9,Over
1,talk,76,5,7,Skip
1,talk,77,5,14,Over
1,talk,78,5,1,Over
1,talk,79,5,4,Skip
1,talk,80,5,15,VOTE Agent[07]
1,talk,81,5,13,ESTIMATE Agent[01] VILLAGER
1,talk,82,5,8,Over
1,talk,83,5,12,Skip
1,talk,84,5,3,Over
1,talk,85,5,5,Skip
1,talk,86,5,6,Skip
1,talk,87,5,11,Over
1,talk,88,5,2,ESTIMATE Agent[05] VILLAGER
1,talk,89,5,10,Over
1,talk,90,6,4,Over
1,talk,91,6,13,ESTIMATE Agent[12] WEREWOLF
1,talk,92,6,1,Over
1,talk,93,6,12,Over
1,talk,94,6,15,VOTE Agent[07]
1,talk,95,6,7,Over
1,talk,96,6,10,Over
1,talk,97,6,9,Over
1,talk,98,6,11,Over
1,talk,99,6,3,Over
1,talk,100,6,2,ESTIMATE Agent[05] VILLAGER
1,talk,101,6,5,Over
1,talk,102,6,6,Over
1,talk,103,6,8,Over
1,talk,104,6,14,Over
1,talk,105,7,5,Over
1,talk,106,7,1,Over
1,talk,107,7,13,REQUEST ANY (VOTE Agent[07])
1,talk,108,7,11,Over
1,talk,109,7,10,Over
1,talk,110,7,15,VOTE Agent[07]
1,talk,111,7,14,Over
1,talk,112,7,7,VOTE Agent[07]
1,talk,113,7,6,Over
1,talk,114,7,9,Over
1,talk,115,7,2,ESTIMATE Agent[03] VILLAGER
1,talk,116,7,12,Over
1,talk,117,7,8,Over
1,talk,118,7,4,Over
1,talk,119,7,3,Over
1,talk,120,8,7,Skip
1,talk,121,8,4,Over
1,talk,122,8,15,VOTE Agent[07]
1,talk,123,8,12,Over
1,talk,124,8,11,Over
1,talk,125,8,5,Over
1,talk,126,8,8,Over
1,talk,127,8,10,Over
1,talk,128,8,3,Over
1,talk,129,8,14,Over
1,talk,130,8,1,Over
1,talk,131,8,9,Over
1,talk,132,8,6,Over
1,talk,133,8,2,ESTIMATE Agent[15] MEDIUM
1,talk,134,8,13,ESTIMATE Agent[06] VILLAGER
1,talk,135,9,15,Over
1,talk,136,9,11,Over
1,talk,137,9,6,Over
1,talk,138,9,7,Skip
1,talk,139,9,1,VOTE Agent[08]
1,talk,140,9,3,Over
1,talk,141,9,9,Over
1,talk,142,9,5,Over
1,talk,143,9,14,Over
1,talk,144,9,8,Over
1,talk,145,9,2,Over
1,talk,146,9,4,Over
1,talk,147,9,13,Over
1,talk,148,9,10,Over
1,talk,149,9,12,Over
1,talk,150,10,11,Over
1,talk,151,10,4,Over
1,talk,152,10,5,Over
1,talk,153,10,12,Over
1,talk,154,10,10,Over
1,talk,155,10,3,Over
1,talk,156,10,1,VOTE Agent[07]
1,talk,157,10,7,Over
1,talk,158,10,9,Over
1,talk,159,10,14,Over
1,talk,160,10,8,Over
1,talk,161,10,15,Over
1,talk,162,10,6,Over
1,talk,163,10,13,Over
1,talk,164,10,2,Over
1,talk,165,11,2,Over
1,talk,166,11,8,Over
1,talk,167,11,6,Over
1,talk,168,11,1,Skip
1,talk,169,11,3,Over
1,talk,170,11,12,Over
1,talk,171,11,7,Over
1,talk,172,11,9,Over
1,talk,173,11,14,Over
1,talk,174,11,15,Over
1,talk,175,11,4,Over
1,talk,176,11,11,Over
1,talk,177,11,13,Over
1,talk,178,11,5,Over
1,talk,179,11,10,Over
1,talk,180,12,4,Over
1,talk,181,12,12,Over
1,talk,182,12,5,Over
1,talk,183,12,9,Over
1,talk,184,12,10,Over
1,talk,185,12,6,Over
1,talk,186,12,14,Over
1,talk,187,12,2,Over
1,talk,188,12,1,Skip
1,talk,189,12,7,Over
1,talk,190,12,15,Over
1,talk,191,12,3,Over
1,talk,192,12,8,Over
1,talk,193,12,13,Over
1,talk,194,12,11,Over
1,talk,195,13,2,Over
1,talk,196,13,4,Over
1,talk,197,13,1,Over
1,talk,198,13,8,Over
1,talk,199,13,12,Over
1,talk,200,13,14,Over
1,talk,201,13,3,Over
1,talk,202,13,10,Over
1,talk,203,13,15,Over
1,talk,204,13,9,Over
1,talk,205,13,7,Over
1,talk,206,13,13,Over
1,talk,207,13,6,Over
1,talk,208,13,11,Over
1,talk,209,13,5,Over
1,vote,1,7
1,vote,2,7
1,vote,3,1
1,vote,4,1
1,vote,5,1
1,vote,6,1
1,vote,7,3
1,vote,8,1
1,vote,9,1
1,vote,10,1
1,vote,11,7
1,vote,12,1
1,vote,13,7
1,vote,14,1
1,vote,15,7
1,execute,1,BODYGUARD
1,divine,12,8,HUMAN
1,whisper,0,0,5,ESTIMATE Agent[11] POSSESSED
1,whisper,1,0,2,Over
1,whisper,2,0,15,ATTACK Agent[12]
1,whisper,3,1,15,Skip
1,whisper,4,1,5,ATTACK Agent[08]
1,whisper,5,1,2,Over
1,whisper,6,2,15,Skip
1,whisper,7,2,5,Skip
1,whisper,8,2,2,Over
1,whisper,9,3,2,ATTACK Agent[03]
1,whisper,10,3,5,Skip
1,whisper,11,3,15,Over
1,whisper,12,4,15,Over
1,whisper,13,4,5,Over
1,whisper,14,4,2,VOTE Agent[07]
1,whisper,15,5,5,Over
1,whisper,16,5,15,Over
1,whisper,17,5,2,Over
1,attackVote,2,3
1,attackVote,5,8
1,attackVote,15,12
1,attackVote,2,12
1,attackVote,5,8
1,attackVote,15,12
1,attack,12,true
2,status,1,BODYGUARD,DEAD,hellowolf
2,status,2,WEREWOLF,ALIVE,wasabi
2,status,3,MEDIUM,ALIVE,hellowolf 2
2,status,4,VILLAGER,ALIVE,fanfan 1
2,status,5,WEREWOLF,ALIVE,hellowolf 1
2,status,6,VILLAGER,ALIVE,fanfan 2
2,status,7,VILLAGER,ALIVE,tomato
2,status,8,VILLAGER,ALIVE,takeda 1
2,status,9,VILLAGER,ALIVE,takeda 3
2,status,10,VILLAGER,ALIVE,takeda 2
2,status,11,POSSESSED,ALIVE,tomato 1
2,status,12,SEER,DEAD,fanfan
2,status,13,VILLAGER,ALIVE,wasabi 1
2,status,14,VILLAGER,ALIVE,takeda
2,status,15,WEREWOLF,ALIVE,HALUemon
2,talk,0,0,13,ESTIMATE Agent[04] VILLAGER
2,talk,1,0,7,VOTE Agent[06]
2,talk,2,0,3,COMINGOUT Agent[03] MEDIUM
2,talk,3,0,15,IDENTIFIED Agent[01] HUMAN
2,talk,4,0,11,DIVINED Agent[02] WEREWOLF
2,talk,5,0,4,VOTE Agent[08]
2,talk,6,0,10,VOTE Agent[08]
2,talk,7,0,14,VOTE Agent[05]
2,talk,8,0,2,ESTIMATE Agent[13] VILLAGER
2,talk,9,0,9,VOTE Agent[08]
2,talk,10,0,8,VOTE Agent[05]
2,talk,11,0,5,VOTE Agent[07]
2,talk,12,0,6,VOTE Agent[08]
2,talk,13,1,8,VOTE Agent[03]
2,talk,14,1,2,Skip
2,talk,15,1,11,VOTE Agent[07]
2,talk,16,1,14,VOTE Agent[03]
2,talk,17,1,13,ESTIMATE Agent[05] VILLAGER
2,talk,18,1,3,IDENTIFIED Agent[01] HUMAN
2,talk,19,1,7,VOTE Agent[08]
2,talk,20,1,4,Skip
2,talk,21,1,9,VOTE Agent[03]
2,talk,22,1,5,VOTE Agent[08]
2,talk,23,1,10,VOTE Agent[03]
2,talk,24,1,6,Skip
2,talk,25,1,15,VOTE Agent[03]
2,talk,26,2,7,VOTE Agent[03]
2,talk,27,2,14,Skip
2,talk,28,2,8,Skip
2,talk,29,2,11,Skip
2,talk,30,2,5,Skip
2,talk,31,2,4,VOTE Agent[15]
2,talk,32,2,13,ESTIMATE Agent[10] VILLAGER
2,talk,33,2,15,VOTE Agent[03]
2,talk,34,2,2,ESTIMATE Agent[13] VILLAGER
2,talk,35,2,6,Skip
2,talk,36,2,9,Skip
2,talk,37,2,10,Skip
2,talk,38,2,3,VOTE Agent[08]
2,talk,39,3,6,Over
2,talk,40,3,3,Skip
2,talk,41,3,13,VOTE Agent[03]
2,talk,42,3,4,Skip
2,talk,43,3,2,VOTE Agent[11]
2,talk,44,3,11,Skip
2,talk,45,3,9,Skip
2,talk,46,3,14,Skip
2,talk,47,3,8,Skip
2,talk,48,3,10,Skip
2,talk,49,3,7,Skip
2,talk,50,3,5,Skip
2,talk,51,3,15,VOTE Agent[03]
2,talk,52,4,9,Over
2,talk,53,4,5,Over
2,talk,54,4,8,Over
2,talk,55,4,3,Skip
2,talk,56,4,4,Skip
2,talk,57,4,15,VOTE Agent[03]
2,talk,58,4,13,ESTIMATE Agent[10] VILLAGER
2,talk,59,4,7,Skip
2,talk,60,4,14,Over
2,talk,61,4,6,Over
2,talk,62,4,2,Skip
2,talk,63,4,11,Over
2,talk,64,4,10,Over
2,talk,65,5,5,Over
2,talk,66,5,6,Over
2,talk,67,5,11,Over
2,talk,68,5,4,Over
2,talk,69,5,8,Over
2,talk,70,5,13,ESTIMATE Agent[06] VILLAGER
2,talk,71,5,7,Over
2,talk,72,5,3,Over
2,talk,73,5,2,ESTIMATE Agent[08] VILLAGER
2,talk,74,5,14,Over
2,talk,75,5,15,VOTE Agent[03]
2,talk,76,5,10,Over
2,talk,77,5,9,Over
2,talk,78,6,8,Over
2,talk,79,6,14,Over
2,talk,80,6,7,Over
2,talk,81,6,5,Over
2,talk,82,6,11,Over
2,talk,83,6,15,VOTE Agent[03]
2,talk,84,6,13,ESTIMATE Agent[04] VILLAGER
2,talk,85,6,3,Over
2,talk,86,6,4,Over
2,talk,87,6,6,Over
2,talk,88,6,9,Over
2,talk,89,6,10,Over
2,talk,90,6,2,ESTIMATE Agent[08] VILLAGER
2,talk,91,7,6,Over
2,talk,92,7,7,Over
2,talk,93,7,11,Over
2,talk,94,7,2,Skip
2,talk,95,7,8,Over
2,talk,96,7,3,Over
2,talk,97,7,13,Skip
2,talk,98,7,4,Over
2,talk,99,7,5,Over
2,talk,100,7,14,Over
2,talk,101,7,10,Over
2,talk,102,7,9,Over
2,talk,103,7,15,VOTE Agent[03]
2,talk,104,8,14,Over
2,talk,105,8,3,Over
2,talk,106,8,2,Skip
2,talk,107,8,15,VOTE Agent[03]
2,talk,108,8,10,Over
2,talk,109,8,9,Over
2,talk,110,8,5,Over
2,talk,111,8,11,Over
2,talk,112,8,7,Over
2,talk,113,8,4,Over
2,talk,114,8,8,Over
2,talk,115,8,6,Over
2,talk,116,8,13,ESTIMATE Agent[11] WEREWOLF
2,talk,117,9,8,Over
2,talk,118,9,13,Over
2,talk,119,9,5,Over
2,talk,120,9,11,Over
2,talk,121,9,15,Over
2,talk,122,9,10,Over
2,talk,123,9,4,Over
2,talk,124,9,14,Over
2,talk,125,9,6,Over
2,talk,126,9,7,Over
2,talk,127,9,9,Over
2,talk,128,9,2,Over
2,talk,129,9,3,Over
2,vote,2,11
2,vote,3,8
2,vote,4,15
2,vote,5,8
2,vote,6,8
2,vote,7,3
2,vote,8,3
2,vote,9,3
2,vote,10,3
2,vote,11,7
2,vote,13,3
2,vote,14,3
2,vote,15,3
2,execute,3,MEDIUM
2,whisper,0,0,15,ATTACK Agent[10]
2,whisper,1,0,5,ATTACK Agent[04]
2,whisper,2,0,2,ATTACK Agent[09]
2,whisper,3,1,5,Skip
2,whisper,4,1,15,Skip
2,whisper,5,1,2,ESTIMATE Agent[11] POSSESSED
2,whisper,6,2,5,Skip
2,whisper,7,2,2,Over
2,whisper,8,2,15,Skip
2,whisper,9,3,5,Over
2,whisper,10,3,2,Over
2,whisper,11,3,15,Over
2,attackVote,2,9
2,attackVote,5,4
2,attackVote,15,9
2,attack,9,true
3,status,1,BODYGUARD,DEAD,hellowolf
3,status,2,WEREWOLF,ALIVE,wasabi
3,status,3,MEDIUM,DEAD,hellowolf 2
3,status,4,VILLAGER,ALIVE,fanfan 1
3,status,5,WEREWOLF,ALIVE,hellowolf 1
3,status,6,VILLAGER,ALIVE,fanfan 2
3,status,7,VILLAGER,ALIVE,tomato
3,status,8,VILLAGER,ALIVE,takeda 1
3,status,9,VILLAGER,DEAD,takeda 3
3,status,10,VILLAGER,ALIVE,takeda 2
3,status,11,POSSESSED,ALIVE,tomato 1
3,status,12,SEER,DEAD,fanfan
3,status,13,VILLAGER,ALIVE,wasabi 1
3,status,14,VILLAGER,ALIVE,takeda
3,status,15,WEREWOLF,ALIVE,HALUemon
3,talk,0,0,2,Skip
3,talk,1,0,5,VOTE Agent[10]
3,talk,2,0,4,VOTE Agent[15]
3,talk,3,0,7,VOTE Agent[15]
3,talk,4,0,14,VOTE Agent[08]
3,talk,5,0,15,IDENTIFIED Agent[03] WEREWOLF
3,talk,6,0,6,VOTE Agent[08]
3,talk,7,0,13,ESTIMATE Agent[04] VILLAGER
3,talk,8,0,10,VOTE Agent[08]
3,talk,9,0,8,VOTE Agent[05]
3,talk,10,0,11,DIVINED Agent[13] HUMAN
3,talk,11,1,14,Skip
3,talk,12,1,7,VOTE Agent[08]
3,talk,13,1,6,Skip
3,talk,14,1,15,VOTE Agent[07]
3,talk,15,1,4,VOTE Agent[02]
3,talk,16,1,10,Skip
3,talk,17,1,11,VOTE Agent[07]
3,talk,18,1,5,VOTE Agent[08]
3,talk,19,1,13,Skip
3,talk,20,1,8,Skip
3,talk,21,1,2,Skip
3,talk,22,2,14,Skip
3,talk,23,2,7,Skip
3,talk,24,2,13,ESTIMATE Agent[06] VILLAGER
3,talk,25,2,4,Skip
3,talk,26,2,8,Skip
3,talk,27,2,10,Skip
3,talk,28,2,11,Skip
3,talk,29,2,5,Skip
3,talk,30,2,15,VOTE Agent[07]
3,talk,31,2,6,Skip
3,talk,32,2,2,Over
3,talk,33,3,14,Over
3,talk,34,3,7,Skip
3,talk,35,3,13,VOTE Agent[15]
3,talk,36,3,2,VOTE Agent[11]
3,talk,37,3,4,Skip
3,talk,38,3,11,Skip
3,talk,39,3,10,Over
3,talk,40,3,5,Skip
3,talk,41,3,8,Over
3,talk,42,3,6,Over
3,talk,43,3,15,VOTE Agent[07]
3,talk,44,4,6,Over
3,talk,45,4,15,VOTE Agent[07]
3,talk,46,4,2,ESTIMATE Agent[11] WEREWOLF
3,talk,47,4,8,Over
3,talk,48,4,14,Over
3,talk,49,4,11,Over
3,talk,50,4,5,Over
3,talk,51,4,13,ESTIMATE Agent[02] WEREWOLF
3,talk,52,4,4,Over
3,talk,53,4,10,Over
3,talk,54,4,7,VOTE Agent[07]
3,talk,55,5,14,Over
3,talk,56,5,7,Skip
3,talk,57,5,10,Over
3,talk,58,5,6,VOTE Agent[07]
3,talk,59,5,15,VOTE Agent[07]
3,talk,60,5,11,Over
3,talk,61,5,8,Over
3,talk,62,5,2,Skip
3,talk,63,5,4,VOTE Agent[07]
3,talk,64,5,13,ESTIMATE Agent[10] VILLAGER
3,talk,65,5,5,Over
3,talk,66,6,13,ESTIMATE Agent[08] VILLAGER
3,talk,67,6,5,VOTE Agent[07]
3,talk,68,6,8,Over
3,talk,69,6,7,Skip
3,talk,70,6,14,Over
3,talk,71,6,6,Skip
3,talk,72,6,11,Over
3,talk,73,6,4,Skip
3,talk,74,6,2,ESTIMATE Agent[11] WEREWOLF
3,talk,75,6,15,VOTE Agent[07]
3,talk,76,6,10,Over
3,talk,77,7,15,VOTE Agent[07]
3,talk,78,7,14,VOTE Agent[07]
3,talk,79,7,2,VOTE Agent[15]
3,talk,80,7,7,Over
3,talk,81,7,13,ESTIMATE Agent[15] WEREWOLF
3,talk,82,7,10,VOTE Agent[07]
3,talk,83,7,11,Over
3,talk,84,7,8,VOTE Agent[07]
3,talk,85,7,6,Skip
3,talk,86,7,4,Skip
3,talk,87,7,5,Skip
3,talk,88,8,15,VOTE Agent[07]
3,talk,89,8,13,ESTIMATE Agent[02] WEREWOLF
3,talk,90,8,7,Over
3,talk,91,8,14,Skip
3,talk,92,8,5,Skip
3,talk,93,8,8,Skip
3,talk,94,8,2,ESTIMATE Agent[15] WEREWOLF
3,talk,95,8,6,Over
3,talk,96,8,4,Over
3,talk,97,8,10,Skip
3,talk,98,8,11,Over
3,talk,99,9,5,Over
3,talk,100,9,13,Over
3,talk,101,9,6,Over
3,talk,102,9,11,Over
3,talk,103,9,15,Over
3,talk,104,9,8,Skip
3,talk,105,9,14,Skip
3,talk,106,9,10,Skip
3,talk,107,9,2,Over
3,talk,108,9,4,Over
3,talk,109,9,7,Over
3,talk,110,10,15,Over
3,talk,111,10,11,Over
3,talk,112,10,7,Over
3,talk,113,10,14,Over
3,talk,114,10,6,Over
3,talk,115,10,4,Over
3,talk,116,10,13,Over
3,talk,117,10,2,Over
3,talk,118,10,10,Over
3,talk,119,10,5,Over
3,talk,120,10,8,Over
3,vote,2,15
3,vote,4,7
3,vote,5,7
3,vote,6,7
3,vote,7,8
3,vote,8,7
3,vote,10,7
3,vote,11,7
3,vote,13,15
3,vote,14,7
3,vote,15,7
3,execute,7,VILLAGER
3,whisper,0,0,15,ATTACK Agent[14]
3,whisper,1,0,2,Over
3,whisper,2,0,5,ATTACK Agent[13]
3,whisper,3,1,2,ATTACK Agent[14]
3,whisper,4,1,5,Skip
3,whisper,5,1,15,Skip
3,whisper,6,2,2,Over
3,whisper,7,2,5,Skip
3,whisper,8,2,15,Skip
3,whisper,9,3,15,Over
3,whisper,10,3,5,Over
3,whisper,11,3,2,Over
3,attackVote,2,14
3,attackVote,5,13
3,attackVote,15,8
3,attackVote,2,13
3,attackVote,5,13
3,attackVote,15,6
3,attack,13,true
4,status,1,BODYGUARD,DEAD,hellowolf
4,status,2,WEREWOLF,ALIVE,wasabi
4,status,3,MEDIUM,DEAD,hellowolf 2
4,status,4,VILLAGER,ALIVE,fanfan 1
4,status,5,WEREWOLF,ALIVE,hellowolf 1
4,status,6,VILLAGER,ALIVE,fanfan 2
4,status,7,VILLAGER,DEAD,tomato
4,status,8,VILLAGER,ALIVE,takeda 1
4,status,9,VILLAGER,DEAD,takeda 3
4,status,10,VILLAGER,ALIVE,takeda 2
4,status,11,POSSESSED,ALIVE,tomato 1
4,status,12,SEER,DEAD,fanfan
4,status,13,VILLAGER,DEAD,wasabi 1
4,status,14,VILLAGER,ALIVE,takeda
4,status,15,WEREWOLF,ALIVE,HALUemon
4,talk,0,0,11,DIVINED Agent[04] HUMAN
4,talk,1,0,2,Skip
4,talk,2,0,8,VOTE Agent[05]
4,talk,3,0,4,VOTE Agent[02]
4,talk,4,0,10,VOTE Agent[08]
4,talk,5,0,5,VOTE Agent[10]
4,talk,6,0,6,VOTE Agent[02]
4,talk,7,0,15,IDENTIFIED Agent[07] WEREWOLF
4,talk,8,0,14,VOTE Agent[08]
4,talk,9,1,8,Skip
4,talk,10,1,11,VOTE Agent[02]
4,talk,11,1,10,Skip
4,talk,12,1,5,VOTE Agent[08]
4,talk,13,1,14,Skip
4,talk,14,1,15,VOTE Agent[08]
4,talk,15,1,4,Skip
4,talk,16,1,2,ESTIMATE Agent[05] VILLAGER
4,talk,17,1,6,Skip
4,talk,18,2,5,Skip
4,talk,19,2,6,VOTE Agent[08]
4,talk,20,2,8,Skip
4,talk,21,2,15,VOTE Agent[08]
4,talk,22,2,4,VOTE Agent[08]
4,talk,23,2,14,Skip
4,talk,24,2,2,ESTIMATE Agent[06] VILLAGER
4,talk,25,2,10,Skip
4,talk,26,2,11,Skip
4,talk,27,3,14,Over
4,talk,28,3,11,Skip
4,talk,29,3,15,VOTE Agent[08]
4,talk,30,3,10,Over
4,talk,31,3,8,VOTE Agent[05]
4,talk,32,3,5,Skip
4,talk,33,3,2,VOTE Agent[15]
4,talk,34,3,4,Skip
4,talk,35,3,6,Skip
4,talk,36,4,11,Over
4,talk,37,4,2,VOTE Agent[11]
4,talk,38,4,6,Skip
4,talk,39,4,14,Over
4,talk,40,4,15,VOTE Agent[08]
4,talk,41,4,10,Over
4,talk,42,4,8,VOTE Agent[05]
4,talk,43,4,4,Skip
4,talk,44,4,5,Over
4,talk,45,5,11,Over
4,talk,46,5,14,Over
4,talk,47,5,2,Skip
4,talk,48,5,10,Over
4,talk,49,5,4,Over
4,talk,50,5,6,Over
4,talk,51,5,15,VOTE Agent[08]
4,talk,52,5,5,Over
4,talk,53,5,8,VOTE Agent[05]
4,talk,54,6,5,Over
4,talk,55,6,14,Over
4,talk,56,6,11,Over
4,talk,57,6,15,VOTE Agent[08]
4,talk,58,6,2,ESTIMATE Agent[06] VILLAGER
4,talk,59,6,6,Over
4,talk,60,6,10,Over
4,talk,61,6,8,VOTE Agent[05]
4,talk,62,6,4,Over
4,talk,63,7,10,Over
4,talk,64,7,14,Over
4,talk,65,7,2,REQUEST ANY (VOTE Agent[11])
4,talk,66,7,5,Over
4,talk,67,7,8,VOTE Agent[05]
4,talk,68,7,15,VOTE Agent[08]
4,talk,69,7,11,Over
4,talk,70,7,6,Over
4,talk,71,7,4,Over
4,talk,72,8,15,VOTE Agent[08]
4,talk,73,8,6,Over
4,talk,74,8,2,Skip
4,talk,75,8,10,Over
4,talk,76,8,5,Over
4,talk,77,8,14,Over
4,talk,78,8,8,VOTE Agent[05]
4,talk,79,8,4,Over
4,talk,80,8,11,Over
4,talk,81,9,5,Over
4,talk,82,9,15,Over
4,talk,83,9,10,Over
4,talk,84,9,4,Over
4,talk,85,9,11,Over
4,talk,86,9,2,Over
4,talk,87,9,8,VOTE Agent[05]
4,talk,88,9,6,Over
4,talk,89,9,14,Over
4,talk,90,10,10,Over
4,talk,91,10,8,VOTE Agent[05]
4,talk,92,10,15,Over
4,talk,93,10,2,Over
4,talk,94,10,14,Over
4,talk,95,10,4,Over
4,talk,96,10,5,Over
4,talk,97,10,6,Over
4,talk,98,10,11,Over
4,talk,99,11,10,Over
4,talk,100,11,11,Over
4,talk,101,11,8,VOTE Agent[05]
4,talk,102,11,6,Over
4,talk,103,11,14,Over
4,talk,104,11,4,Over
4,talk,105,11,5,Over
4,talk,106,11,15,Over
4,talk,107,11,2,Over
4,talk,108,12,6,Over
4,talk,109,12,10,Over
4,talk,110,12,11,Over
4,talk,111,12,8,Over
4,talk,112,12,2,Over
4,talk,113,12,14,Over
4,talk,114,12,5,Over
4,talk,115,12,4,Over
4,talk,116,12,15,Over
4,vote,2,11
4,vote,4,8
4,vote,5,8
4,vote,6,8
4,vote,8,5
4,vote,10,8
4,vote,11,2
4,vote,14,8
4,vote,15,8
4,execute,8,VILLAGER
4,whisper,0,0,15,ATTACK Agent[08]
4,whisper,1,0,2,Over
4,whisper,2,0,5,ATTACK Agent[04]
4,whisper,3,1,5,Skip
4,whisper,4,1,15,Skip
4,whisper,5,1,2,ATTACK Agent[04]
4,whisper,6,2,15,Skip
4,whisper,7,2,5,Skip
4,whisper,8,2,2,Over
4,whisper,9,3,2,Over
4,whisper,10,3,5,Over
4,whisper,11,3,15,Over
4,attackVote,2,4
4,attackVote,5,4
4,attackVote,15,6
4,attack,4,true
5,status,1,BODYGUARD,DEAD,hellowolf
5,status,2,WEREWOLF,ALIVE,wasabi
5,status,3,MEDIUM,DEAD,hellowolf 2
5,status,4,VILLAGER,DEAD,fanfan 1
5,status,5,WEREWOLF,ALIVE,hellowolf 1
5,status,6,VILLAGER,ALIVE,fanfan 2
5,status,7,VILLAGER,DEAD,tomato
5,status,8,VILLAGER,DEAD,takeda 1
5,status,9,VILLAGER,DEAD,takeda 3
5,status,10,VILLAGER,ALIVE,takeda 2
5,status,11,POSSESSED,ALIVE,tomato 1
5,status,12,SEER,DEAD,fanfan
5,status,13,VILLAGER,DEAD,wasabi 1
5,status,14,VILLAGER,ALIVE,takeda
5,status,15,WEREWOLF,ALIVE,HALUemon
5,talk,0,0,14,VOTE Agent[05]
5,talk,1,0,2,ESTIMATE Agent[14] VILLAGER
5,talk,2,0,10,VOTE Agent[05]
5,talk,3,0,15,IDENTIFIED Agent[08] HUMAN
5,talk,4,0,6,VOTE Agent[02]
5,talk,5,0,11,DIVINED Agent[06] HUMAN
5,talk,6,0,5,VOTE Agent[10]
5,talk,7,1,2,Skip
5,talk,8,1,10,Skip
5,talk,9,1,6,VOTE Agent[05]
5,talk,10,1,11,COMINGOUT Agent[11] POSSESSED
5,talk,11,1,15,VOTE Agent[10]
5,talk,12,1,14,Skip
5,talk,13,1,5,Skip
5,talk,14,2,15,Over
5,talk,15,2,11,VOTE Agent[02]
5,talk,16,2,10,Skip
5,talk,17,2,5,Skip
5,talk,18,2,14,Skip
5,talk,19,2,2,Skip
5,talk,20,2,6,Skip
5,talk,21,3,11,COMINGOUT Agent[11] POSSESSED
5,talk,22,3,10,Over
5,talk,23,3,6,VOTE Agent[02]
5,talk,24,3,14,Over
5,talk,25,3,2,VOTE Agent[15]
5,talk,26,3,5,Over
5,talk,27,3,15,VOTE Agent[10]
5,talk,28,4,14,Over
5,talk,29,4,11,COMINGOUT Agent[11] POSSESSED
5,talk,30,4,15,VOTE Agent[10]
5,talk,31,4,10,Over
5,talk,32,4,5,Over
5,talk,33,4,6,VOTE Agent[15]
5,talk,34,4,2,ESTIMATE Agent[15] WEREWOLF
5,talk,35,5,14,Over
5,talk,36,5,2,ESTIMATE Agent[14] VILLAGER
5,talk,37,5,5,Over
5,talk,38,5,15,VOTE Agent[06]
5,talk,39,5,10,Over
5,talk,40,5,6,Skip
5,talk,41,5,11,COMINGOUT Agent[11] POSSESSED
5,talk,42,6,11,COMINGOUT Agent[11] POSSESSED
5,talk,43,6,6,Skip
5,talk,44,6,14,Over
5,talk,45,6,15,VOTE Agent[11]
5,talk,46,6,10,Over
5,talk,47,6,2,ESTIMATE Agent[06] VILLAGER
5,talk,48,6,5,Over
5,talk,49,7,10,Over
5,talk,50,7,14,Over
5,talk,51,7,2,Skip
5,talk,52,7,15,VOTE Agent[14]
5,talk,53,7,11,COMINGOUT Agent[11] POSSESSED
5,talk,54,7,5,Over
5,talk,55,7,6,Over
5,talk,56,8,14,Over
5,talk,57,8,5,Over
5,talk,58,8,11,COMINGOUT Agent[11] POSSESSED
5,talk,59,8,2,Skip
5,talk,60,8,6,Over
5,talk,61,8,10,Over
5,talk,62,8,15,VOTE Agent[11]
5,talk,63,9,6,Over
5,talk,64,9,15,Over
5,talk,65,9,11,COMINGOUT Agent[11] POSSESSED
5,talk,66,9,10,Over
5,talk,67,9,2,Over
5,talk,68,9,5,Over
5,talk,69,9,14,Over
5,talk,70,10,2,Over
5,talk,71,10,15,Over
5,talk,72,10,5,Over
5,talk,73,10,10,Over
5,talk,74,10,11,Over
5,talk,75,10,14,Over
5,talk,76,10,6,Over
5,vote,2,15
5,vote,5,10
5,vote,6,15
5,vote,10,5
5,vote,11,2
5,vote,14,5
5,vote,15,14
5,vote,2,15
5,vote,5,10
5,vote,6,15
5,vote,10,5
5,vote,11,2
5,vote,14,5
5,vote,15,6
5,execute,15,WEREWOLF
5,whisper,0,0,2,ATTACK Agent[06]
5,whisper,1,0,5,ATTACK Agent[11]
5,whisper,2,1,5,Skip
5,whisper,3,1,2,Over
5,whisper,4,2,2,Over
5,whisper,5,2,5,Skip
5,whisper,6,3,2,Over
5,whisper,7,3,5,Over
5,attackVote,2,6
5,attackVote,5,11
5,attackVote,2,6
5,attackVote,5,11
5,attack,6,true
6,status,1,BODYGUARD,DEAD,hellowolf
6,status,2,WEREWOLF,ALIVE,wasabi
6,status,3,MEDIUM,DEAD,hellowolf 2
6,status,4,VILLAGER,DEAD,fanfan 1
6,status,5,WEREWOLF,ALIVE,hellowolf 1
6,status,6,VILLAGER,DEAD,fanfan 2
6,status,7,VILLAGER,DEAD,tomato
6,status,8,VILLAGER,DEAD,takeda 1
6,status,9,VILLAGER,DEAD,takeda 3
6,status,10,VILLAGER,ALIVE,takeda 2
6,status,11,POSSESSED,ALIVE,tomato 1
6,status,12,SEER,DEAD,fanfan
6,status,13,VILLAGER,DEAD,wasabi 1
6,status,14,VILLAGER,ALIVE,takeda
6,status,15,WEREWOLF,DEAD,HALUemon
6,talk,0,0,14,VOTE Agent[05]
6,talk,1,0,2,ESTIMATE Agent[10] VILLAGER
6,talk,2,0,10,VOTE Agent[05]
6,talk,3,0,11,DIVINED Agent[10] HUMAN
6,talk,4,0,5,VOTE Agent[10]
6,talk,5,1,5,Skip
6,talk,6,1,10,Skip
6,talk,7,1,11,COMINGOUT Agent[11] POSSESSED
6,talk,8,1,14,Skip
6,talk,9,1,2,Skip
6,talk,10,2,14,Skip
6,talk,11,2,11,COMINGOUT Agent[11] POSSESSED
6,talk,12,2,5,Skip
6,talk,13,2,2,ESTIMATE Agent[05] VILLAGER
6,talk,14,2,10,Skip
6,talk,15,3,5,Over
6,talk,16,3,2,VOTE Agent[11]
6,talk,17,3,11,COMINGOUT Agent[11] POSSESSED
6,talk,18,3,10,Over
6,talk,19,3,14,Over
6,talk,20,4,5,Over
6,talk,21,4,2,ESTIMATE Agent[14] VILLAGER
6,talk,22,4,11,COMINGOUT Agent[11] POSSESSED
6,talk,23,4,14,Over
6,talk,24,4,10,Over
6,talk,25,5,2,ESTIMATE Agent[14] VILLAGER
6,talk,26,5,5,Over
6,talk,27,5,11,COMINGOUT Agent[11] POSSESSED
6,talk,28,5,10,Over
6,talk,29,5,14,Over
6,talk,30,6,2,Skip
6,talk,31,6,5,Over
6,talk,32,6,10,Over
6,talk,33,6,11,COMINGOUT Agent[11] POSSESSED
6,talk,34,6,14,Over
6,talk,35,7,5,Over
6,talk,36,7,2,ESTIMATE Agent[14] VILLAGER
6,talk,37,7,10,Over
6,talk,38,7,11,COMINGOUT Agent[11] POSSESSED
6,talk,39,7,14,Over
6,talk,40,8,10,Over
6,talk,41,8,5,Over
6,talk,42,8,11,COMINGOUT Agent[11] POSSESSED
6,talk,43,8,2,Skip
6,talk,44,8,14,Over
6,talk,45,9,2,Over
6,talk,46,9,5,Over
6,talk,47,9,14,Over
6,talk,48,9,11,COMINGOUT Agent[11] POSSESSED
6,talk,49,9,10,Over
6,talk,50,10,14,Over
6,talk,51,10,5,Over
6,talk,52,10,11,Over
6,talk,53,10,10,Over
6,talk,54,10,2,Over
6,vote,2,11
6,vote,5,10
6,vote,10,5
6,vote,11,14
6,vote,14,5
6,execute,5,WEREWOLF
6,attackVote,2,14
6,attack,14,true
7,status,1,BODYGUARD,DEAD,hellowolf
7,status,2,WEREWOLF,ALIVE,wasabi
7,status,3,MEDIUM,DEAD,hellowolf 2
7,status,4,VILLAGER,DEAD,fanfan 1
7,status,5,WEREWOLF,DEAD,hellowolf 1
7,status,6,VILLAGER,DEAD,fanfan 2
7,status,7,VILLAGER,DEAD,tomato
7,status,8,VILLAGER,DEAD,takeda 1
7,status,9,VILLAGER,DEAD,takeda 3
7,status,10,VILLAGER,ALIVE,takeda 2
7,status,11,POSSESSED,ALIVE,tomato 1
7,status,12,SEER,DEAD,fanfan
7,status,13,VILLAGER,DEAD,wasabi 1
7,status,14,VILLAGER,DEAD,takeda
7,status,15,WEREWOLF,DEAD,HALUemon
7,talk,0,0,10,VOTE Agent[02]
7,talk,1,0,2,ESTIMATE Agent[10] VILLAGER
7,talk,2,0,11,COMINGOUT Agent[11] POSSESSED
7,talk,3,1,10,Skip
7,talk,4,1,11,COMINGOUT Agent[11] POSSESSED
7,talk,5,1,2,Skip
7,talk,6,2,10,Skip
7,talk,7,2,2,Skip
7,talk,8,2,11,VOTE Agent[02]
7,talk,9,3,11,COMINGOUT Agent[11] POSSESSED
7,talk,10,3,10,Over
7,talk,11,3,2,VOTE Agent[11]
7,talk,12,4,11,COMINGOUT Agent[11] POSSESSED
7,talk,13,4,2,ESTIMATE Agent[10] VILLAGER
7,talk,14,4,10,Over
7,talk,15,5,10,Over
7,talk,16,5,2,Skip
7,talk,17,5,11,COMINGOUT Agent[11] POSSESSED
7,talk,18,6,2,ESTIMATE Agent[10] VILLAGER
7,talk,19,6,11,COMINGOUT Agent[11] POSSESSED
7,talk,20,6,10,Over
7,talk,21,7,2,Skip
7,talk,22,7,10,Over
7,talk,23,7,11,COMINGOUT Agent[11] POSSESSED
7,talk,24,8,10,Over
7,talk,25,8,2,ESTIMATE Agent[10] VILLAGER
7,talk,26,8,11,COMINGOUT Agent[11] POSSESSED
7,talk,27,9,2,Over
7,talk,28,9,10,Over
7,talk,29,9,11,COMINGOUT Agent[11] POSSESSED
7,talk,30,10,10,Over
7,talk,31,10,2,Over
7,talk,32,10,11,Over
7,vote,2,11
7,vote,10,2
7,vote,11,2
7,execute,2,WEREWOLF
8,status,1,BODYGUARD,DEAD,hellowolf
8,status,2,WEREWOLF,DEAD,wasabi
8,status,3,MEDIUM,DEAD,hellowolf 2
8,status,4,VILLAGER,DEAD,fanfan 1
8,status,5,WEREWOLF,DEAD,hellowolf 1
8,status,6,VILLAGER,DEAD,fanfan 2
8,status,7,VILLAGER,DEAD,tomato
8,status,8,VILLAGER,DEAD,takeda 1
8,status,9,VILLAGER,DEAD,takeda 3
8,status,10,VILLAGER,ALIVE,takeda 2
8,status,11,POSSESSED,ALIVE,tomato 1
8,status,12,SEER,DEAD,fanfan
8,status,13,VILLAGER,DEAD,wasabi 1
8,status,14,VILLAGER,DEAD,takeda
8,status,15,WEREWOLF,DEAD,HALUemon
8,result,2,0,VILLAGER
