0,status,1,MEDIUM,ALIVE,hellowolf
0,status,2,VILLAGER,ALIVE,wasabi
0,status,3,VILLAGER,ALIVE,hellowolf 2
0,status,4,POSSESSED,ALIVE,fanfan 1
0,status,5,VILLAGER,ALIVE,hellowolf 1
0,status,6,VILLAGER,ALIVE,fanfan 2
0,status,7,WEREWOLF,ALIVE,tomato
0,status,8,VILLAGER,ALIVE,takeda 1
0,status,9,VILLAGER,ALIVE,takeda 3
0,status,10,VILLAGER,ALIVE,takeda 2
0,status,11,SEER,ALIVE,tomato 1
0,status,12,BODYGUARD,ALIVE,fanfan
0,status,13,VILLAGER,ALIVE,wasabi 1
0,status,14,WEREWOLF,ALIVE,takeda
0,status,15,WEREWOLF,ALIVE,HALUemon
0,whisper,0,0,7,COMINGOUT Agent[07] SEER
0,whisper,1,0,14,Skip
0,whisper,2,0,15,COMINGOUT Agent[15] MEDIUM
0,whisper,3,1,14,Skip
0,whisper,4,1,7,Skip
0,whisper,5,1,15,COMINGOUT Agent[15] VILLAGER
0,whisper,6,2,7,Skip
0,whisper,7,2,15,Skip
0,whisper,8,2,14,Over
0,whisper,9,3,14,Over
0,whisper,10,3,15,Skip
0,whisper,11,3,7,Over
0,whisper,12,4,15,Over
0,whisper,13,4,14,Over
0,whisper,14,4,7,Over
0,divine,11,9,HUMAN
1,status,1,MEDIUM,ALIVE,hellowolf
1,status,2,VILLAGER,ALIVE,wasabi
1,status,3,VILLAGER,ALIVE,hellowolf 2
1,status,4,POSSESSED,ALIVE,fanfan 1
1,status,5,VILLAGER,ALIVE,hellowolf 1
1,status,6,VILLAGER,ALIVE,fanfan 2
1,status,7,WEREWOLF,ALIVE,tomato
1,status,8,VILLAGER,ALIVE,takeda 1
1,status,9,VILLAGER,ALIVE,takeda 3
1,status,10,VILLAGER,ALIVE,takeda 2
1,status,11,SEER,ALIVE,tomato 1
1,status,12,BODYGUARD,ALIVE,fanfan
1,status,13,VILLAGER,ALIVE,wasabi 1
1,status,14,WEREWOLF,ALIVE,takeda
1,status,15,WEREWOLF,ALIVE,HALUemon
1,talk,0,0,12,VOTE Agent[04]
1,talk,1,0,7,COMINGOUT Agent[07] SEER
1,talk,2,0,3,VOTE Agent[09]
1,talk,3,0,2,Skip
1,talk,4,0,13,ESTIMATE Agent[02] WEREWOLF
1,talk,5,0,8,VOTE Agent[13]
1,talk,6,0,6,VOTE Agent[10]
1,talk,7,0,10,VOTE Agent[01]
1,talk,8,0,4,COMINGOUT Agent[04] SEER
1,talk,9,0,14,VOTE Agent[05]
1,talk,10,0,11,COMINGOUT Agent[11] SEER
1,talk,11,0,5,VOTE Agent[12]
1,talk,12,0,1,VOTE Agent[02]
1,talk,13,0,9,VOTE Agent[12]
1,talk,14,0,15,VOTE Agent[04]
1,talk,15,1,2,ESTIMATE Agent[13] VILLAGER
1,talk,16,1,5,VOTE Agent[01]
1,talk,17,1,9,VOTE Agent[05]
1,talk,18,1,11,DIVINED Agent[09] HUMAN
1,talk,19,1,1,VOTE Agent[05]
1,talk,20,1,3,VOTE Agent[01]
1,talk,21,1,14,VOTE Agent[02]
1,talk,22,1,13,ESTIMATE Agent[04] WEREWOLF
1,talk,23,1,6,VOTE Agent[05]
1,talk,24,1,7,DIVINED Agent[06] WEREWOLF
1,talk,25,1,10,VOTE Agent[07]
1,talk,26,1,8,VOTE Agent[15]
1,talk,27,1,4,DIVINED Agent[01] WEREWOLF
1,talk,28,1,12,VOTE Agent[01]
1,talk,29,1,15,VOTE Agent[12]
1,talk,30,2,15,VOTE Agent[01]
1,talk,31,2,4,VOTE Agent[01]
1,talk,32,2,6,VOTE Agent[01]
1,talk,33,2,3,Skip
1,talk,34,2,8,VOTE Agent[02]
1,talk,35,2,11,VOTE Agent[01]
1,talk,36,2,13,Skip
1,talk,37,2,2,Skip
1,talk,38,2,14,VOTE Agent[04]
1,talk,39,2,9,VOTE Agent[04]
1,talk,40,2,10,Skip
1,talk,41,2,5,Skip
1,talk,42,2,12,Skip
1,talk,43,2,7,VOTE Agent[01]
1,talk,44,2,1,Skip
1,talk,45,3,13,VOTE Agent[01]
1,talk,46,3,3,Skip
1,talk,47,3,2,VOTE Agent[01]
1,talk,48,3,6,Skip
1,talk,49,3,12,Skip
1,talk,50,3,7,Skip
1,talk,51,3,4,Skip
1,talk,52,3,9,VOTE Agent[01]
1,talk,53,3,15,VOTE Agent[01]
1,talk,54,3,5,Skip
1,talk,55,3,8,VOTE Agent[01]
1,talk,56,3,11,Skip
1,talk,57,3,10,VOTE Agent[01]
1,talk,58,3,14,VOTE Agent[01]
1,talk,59,3,1,VOTE Agent[15]
1,talk,60,4,5,Over
1,talk,61,4,7,Skip
1,talk,62,4,3,Over
1,talk,63,4,6,Skip
1,talk,64,4,8,Skip
1,talk,65,4,15,VOTE Agent[01]
1,talk,66,4,2,ESTIMATE Agent[13] VILLAGER
1,talk,67,4,13,ESTIMATE Agent[12] VILLAGER
1,talk,68,4,14,Skip
1,talk,69,4,4,Skip
1,talk,70,4,9,Skip
1,talk,71,4,11,Skip
1,talk,72,4,12,Over
1,talk,73,4,10,Skip
1,talk,74,4,1,Skip
1,talk,75,5,1,Skip
1,talk,76,5,9,Skip
1,talk,77,5,2,ESTIMATE Agent[03] VILLAGER
1,talk,78,5,7,Over
1,talk,79,5,6,Over
1,talk,80,5,12,Over
1,talk,81,5,11,Over
1,talk,82,5,14,Skip
1,talk,83,5,8,Skip
1,talk,84,5,10,Skip
1,talk,85,5,13,ESTIMATE Agent[03] VILLAGER
1,talk,86,5,4,Over
1,talk,87,5,5,Over
1,talk,88,5,15,VOTE Agent[01]
1,talk,89,5,3,Over
1,talk,90,6,11,Over
1,talk,91,6,2,ESTIMATE Agent[15] VILLAGER
1,talk,92,6,4,Over
1,talk,93,6,5,Over
1,talk,94,6,13,ESTIMATE Agent[07] WEREWOLF
1,talk,95,6,7,Over
1,talk,96,6,9,Over
1,talk,97,6,10,Over
1,talk,98,6,3,Over
1,talk,99,6,15,VOTE Agent[01]
1,talk,100,6,8,Over
1,talk,101,6,1,Over
1,talk,102,6,14,Over
1,talk,103,6,6,Over
1,talk,104,6,12,Over
1,talk,105,7,5,Over
1,talk,106,7,9,Over
1,talk,107,7,15,VOTE Agent[01]
1,talk,108,7,8,Over
1,talk,109,7,14,Over
1,talk,110,7,2,Skip
1,talk,111,7,3,Over
1,talk,112,7,13,Skip
1,talk,113,7,11,Over
1,talk,114,7,1,Over
1,talk,115,7,10,Over
1,talk,116,7,7,Over
1,talk,117,7,12,Over
1,talk,118,7,6,Over
1,talk,119,7,4,Over
1,talk,120,8,14,Over
1,talk,121,8,9,Over
1,talk,122,8,10,Over
1,talk,123,8,5,Over
1,talk,124,8,6,Over
1,talk,125,8,11,Over
1,talk,126,8,7,Over
1,talk,127,8,13,Skip
1,talk,128,8,12,Over
1,talk,129,8,15,VOTE Agent[01]
1,talk,130,8,8,Over
1,talk,131,8,2,Skip
1,talk,132,8,1,Over
1,talk,133,8,3,Over
1,talk,134,8,4,Over
1,talk,135,9,8,Over
1,talk,136,9,3,Over
1,talk,137,9,5,Over
1,talk,138,9,13,Over
1,talk,139,9,2,Over
1,talk,140,9,7,Over
1,talk,141,9,12,Over
1,talk,142,9,14,Over
1,talk,143,9,4,Over
1,talk,144,9,1,Over
1,talk,145,9,9,Over
1,talk,146,9,6,Over
1,talk,147,9,15,Over
1,talk,148,9,11,Over
1,talk,149,9,10,Over
1,vote,1,15
1,vote,2,1
1,vote,3,1
1,vote,4,1
1,vote,5,1
1,vote,6,1
1,vote,7,1
1,vote,8,1
1,vote,9,1
1,vote,10,1
1,vote,11,1
1,vote,12,1
1,vote,13,1
1,vote,14,1
1,vote,15,1
1,execute,1,MEDIUM
1,divine,11,7,WEREWOLF
1,whisper,0,0,14,Skip
1,whisper,1,0,15,ATTACK Agent[11]
1,whisper,2,0,7,ATTACK Agent[04]
1,whisper,3,1,7,Skip
1,whisper,4,1,15,Skip
1,whisper,5,1,14,Skip
1,whisper,6,2,7,Skip
1,whisper,7,2,15,Skip
1,whisper,8,2,14,Over
1,whisper,9,3,7,Over
1,whisper,10,3,15,Over
1,whisper,11,3,14,Over
1,guard,12,11,SEER
1,attackVote,7,4
1,attackVote,14,3
1,attackVote,15,11
1,attackVote,7,4
1,attackVote,14,3
1,attackVote,15,11
1,attack,4,true
2,status,1,MEDIUM,DEAD,hellowolf
2,status,2,VILLAGER,ALIVE,wasabi
2,status,3,VILLAGER,ALIVE,hellowolf 2
2,status,4,POSSESSED,DEAD,fanfan 1
2,status,5,VILLAGER,ALIVE,hellowolf 1
2,status,6,VILLAGER,ALIVE,fanfan 2
2,status,7,WEREWOLF,ALIVE,tomato
2,status,8,VILLAGER,ALIVE,takeda 1
2,status,9,VILLAGER,ALIVE,takeda 3
2,status,10,VILLAGER,ALIVE,takeda 2
2,status,11,SEER,ALIVE,tomato 1
2,status,12,BODYGUARD,ALIVE,fanfan
2,status,13,VILLAGER,ALIVE,wasabi 1
2,status,14,WEREWOLF,ALIVE,takeda
2,status,15,WEREWOLF,ALIVE,HALUemon
2,talk,0,0,7,DIVINED Agent[10] WEREWOLF
2,talk,1,0,3,VOTE Agent[15]
2,talk,2,0,2,Skip
2,talk,3,0,5,VOTE Agent[15]
2,talk,4,0,8,VOTE Agent[07]
2,talk,5,0,15,VOTE Agent[06]
2,talk,6,0,9,VOTE Agent[07]
2,talk,7,0,12,VOTE Agent[02]
2,talk,8,0,6,VOTE Agent[02]
2,talk,9,0,11,DIVINED Agent[07] WEREWOLF
2,talk,10,0,14,VOTE Agent[07]
2,talk,11,0,10,VOTE Agent[07]
2,talk,12,0,13,Skip
2,talk,13,1,7,VOTE Agent[07]
2,talk,14,1,8,VOTE Agent[15]
2,talk,15,1,6,Skip
2,talk,16,1,15,VOTE Agent[10]
2,talk,17,1,2,ESTIMATE Agent[08] VILLAGER
2,talk,18,1,9,VOTE Agent[15]
2,talk,19,1,14,VOTE Agent[05]
2,talk,20,1,10,Skip
2,talk,21,1,3,VOTE Agent[02]
2,talk,22,1,12,VOTE Agent[07]
2,talk,23,1,13,Skip
2,talk,24,1,5,Skip
2,talk,25,1,11,VOTE Agent[07]
2,talk,26,2,14,Skip
2,talk,27,2,2,ESTIMATE Agent[07] WEREWOLF
2,talk,28,2,5,Skip
2,talk,29,2,3,VOTE Agent[15]
2,talk,30,2,8,Skip
2,talk,31,2,12,VOTE Agent[02]
2,talk,32,2,13,Over
2,talk,33,2,6,VOTE Agent[15]
2,talk,34,2,9,Skip
2,talk,35,2,15,VOTE Agent[10]
2,talk,36,2,7,Skip
2,talk,37,2,11,Skip
2,talk,38,2,10,VOTE Agent[15]
2,talk,39,3,11,Skip
2,talk,40,3,7,VOTE Agent[15]
2,talk,41,3,10,Skip
2,talk,42,3,13,VOTE Agent[10]
2,talk,43,3,9,Skip
2,talk,44,3,6,Skip
2,talk,45,3,15,VOTE Agent[10]
2,talk,46,3,2,VOTE Agent[06]
2,talk,47,3,5,Over
2,talk,48,3,12,Skip
2,talk,49,3,3,Skip
2,talk,50,3,14,Skip
2,talk,51,3,8,Skip
2,talk,52,4,14,VOTE Agent[15]
2,talk,53,4,6,Skip
2,talk,54,4,15,VOTE Agent[10]
2,talk,55,4,13,VOTE Agent[06]
2,talk,56,4,2,ESTIMATE Agent[13] VILLAGER
2,talk,57,4,3,Skip
2,talk,58,4,9,Over
2,talk,59,4,10,Skip
2,talk,60,4,5,Over
2,talk,61,4,12,Skip
2,talk,62,4,8,Over
2,talk,63,4,11,Over
2,talk,64,4,7,Skip
2,talk,65,5,6,Over
2,talk,66,5,12,Over
2,talk,67,5,8,Over
2,talk,68,5,2,ESTIMATE Agent[13] VILLAGER
2,talk,69,5,11,Over
2,talk,70,5,15,VOTE Agent[06]
2,talk,71,5,13,Skip
2,talk,72,5,7,Skip
2,talk,73,5,5,Over
2,talk,74,5,14,Skip
2,talk,75,5,9,Over
2,talk,76,5,10,Over
2,talk,77,5,3,Over
2,talk,78,6,6,Over
2,talk,79,6,2,Skip
2,talk,80,6,9,Over
2,talk,81,6,7,Over
2,talk,82,6,15,VOTE Agent[06]
2,talk,83,6,13,REQUEST ANY (VOTE Agent[06])
2,talk,84,6,3,Over
2,talk,85,6,10,Over
2,talk,86,6,8,Over
2,talk,87,6,14,Skip
2,talk,88,6,5,Over
2,talk,89,6,12,Over
2,talk,90,6,11,Over
2,talk,91,7,14,Over
2,talk,92,7,10,Over
2,talk,93,7,3,Over
2,talk,94,7,5,Over
2,talk,95,7,15,VOTE Agent[06]
2,talk,96,7,13,Skip
2,talk,97,7,11,Over
2,talk,98,7,8,Over
2,talk,99,7,6,Over
2,talk,100,7,9,Over
2,talk,101,7,12,Over
2,talk,102,7,2,Skip
2,talk,103,7,7,Over
2,talk,104,8,15,VOTE Agent[06]
2,talk,105,8,11,Over
2,talk,106,8,3,Over
2,talk,107,8,5,Over
2,talk,108,8,9,Over
2,talk,109,8,2,ESTIMATE Agent[14] VILLAGER
2,talk,110,8,13,ESTIMATE Agent[06] WEREWOLF
2,talk,111,8,7,Over
2,talk,112,8,12,Over
2,talk,113,8,14,Over
2,talk,114,8,10,Over
2,talk,115,8,8,Over
2,talk,116,8,6,Over
2,talk,117,9,15,Over
2,talk,118,9,13,Over
2,talk,119,9,11,Over
2,talk,120,9,6,Over
2,talk,121,9,3,Over
2,talk,122,9,14,Over
2,talk,123,9,12,Over
2,talk,124,9,10,Over
2,talk,125,9,9,Over
2,talk,126,9,7,Over
2,talk,127,9,8,Over
2,talk,128,9,2,Over
2,talk,129,9,5,Over
2,vote,2,6
2,vote,3,15
2,vote,5,15
2,vote,6,15
2,vote,7,15
2,vote,8,15
2,vote,9,15
2,vote,10,15
2,vote,11,7
2,vote,12,2
2,vote,13,6
2,vote,14,15
2,vote,15,6
2,execute,15,WEREWOLF
2,divine,11,10,HUMAN
2,whisper,0,0,14,Skip
2,whisper,1,0,7,ATTACK Agent[11]
2,whisper,2,1,7,Skip
2,whisper,3,1,14,Skip
2,whisper,4,2,7,Skip
2,whisper,5,2,14,Over
2,whisper,6,3,14,Over
2,whisper,7,3,7,Over
2,guard,12,11,SEER
2,attackVote,7,11
2,attackVote,14,3
2,attackVote,7,11
2,attackVote,14,3
2,attack,11,false
3,status,1,MEDIUM,DEAD,hellowolf
3,status,2,VILLAGER,ALIVE,wasabi
3,status,3,VILLAGER,ALIVE,hellowolf 2
3,status,4,POSSESSED,DEAD,fanfan 1
3,status,5,VILLAGER,ALIVE,hellowolf 1
3,status,6,VILLAGER,ALIVE,fanfan 2
3,status,7,WEREWOLF,ALIVE,tomato
3,status,8,VILLAGER,ALIVE,takeda 1
3,status,9,VILLAGER,ALIVE,takeda 3
3,status,10,VILLAGER,ALIVE,takeda 2
3,status,11,SEER,ALIVE,tomato 1
3,status,12,BODYGUARD,ALIVE,fanfan
3,status,13,VILLAGER,ALIVE,wasabi 1
3,status,14,WEREWOLF,ALIVE,takeda
3,status,15,WEREWOLF,DEAD,HALUemon
3,talk,0,0,6,VOTE Agent[02]
3,talk,1,0,7,DIVINED Agent[12] HUMAN
3,talk,2,0,9,VOTE Agent[07]
3,talk,3,0,2,ESTIMATE Agent[09] VILLAGER
3,talk,4,0,11,VOTE Agent[07]
3,talk,5,0,3,VOTE Agent[05]
3,talk,6,0,10,VOTE Agent[07]
3,talk,7,0,14,VOTE Agent[05]
3,talk,8,0,5,VOTE Agent[02]
3,talk,9,0,12,VOTE Agent[07]
3,talk,10,0,8,VOTE Agent[07]
3,talk,11,0,13,ESTIMATE Agent[11] WEREWOLF
3,talk,12,1,5,VOTE Agent[07]
3,talk,13,1,3,Skip
3,talk,14,1,14,Skip
3,talk,15,1,11,Skip
3,talk,16,1,6,Skip
3,talk,17,1,12,Skip
3,talk,18,1,9,Skip
3,talk,19,1,10,Skip
3,talk,20,1,8,Skip
3,talk,21,1,13,ESTIMATE Agent[02] VILLAGER
3,talk,22,1,2,Skip
3,talk,23,1,7,VOTE Agent[07]
3,talk,24,2,2,Skip
3,talk,25,2,7,Skip
3,talk,26,2,10,Skip
3,talk,27,2,8,Skip
3,talk,28,2,13,Skip
3,talk,29,2,9,Skip
3,talk,30,2,6,Skip
3,talk,31,2,14,VOTE Agent[07]
3,talk,32,2,3,Skip
3,talk,33,2,11,Skip
3,talk,34,2,5,Skip
3,talk,35,2,12,Skip
3,talk,36,3,8,Over
3,talk,37,3,3,Over
3,talk,38,3,12,Over
3,talk,39,3,7,Skip
3,talk,40,3,2,VOTE Agent[10]
3,talk,41,3,13,VOTE Agent[10]
3,talk,42,3,10,Over
3,talk,43,3,14,Skip
3,talk,44,3,5,Skip
3,talk,45,3,9,Over
3,talk,46,3,11,Over
3,talk,47,3,6,Over
3,talk,48,4,7,Over
3,talk,49,4,11,Over
3,talk,50,4,5,Over
3,talk,51,4,8,Over
3,talk,52,4,13,ESTIMATE Agent[11] WEREWOLF
3,talk,53,4,2,ESTIMATE Agent[03] VILLAGER
3,talk,54,4,9,Over
3,talk,55,4,3,Over
3,talk,56,4,10,Over
3,talk,57,4,14,Skip
3,talk,58,4,6,Over
3,talk,59,4,12,Over
3,talk,60,5,14,Over
3,talk,61,5,5,Over
3,talk,62,5,10,Over
3,talk,63,5,9,Over
3,talk,64,5,2,ESTIMATE Agent[13] VILLAGER
3,talk,65,5,13,ESTIMATE Agent[02] VILLAGER
3,talk,66,5,6,Over
3,talk,67,5,12,Over
3,talk,68,5,8,Over
3,talk,69,5,11,Over
3,talk,70,5,7,Over
3,talk,71,5,3,Over
3,talk,72,6,12,Over
3,talk,73,6,7,Over
3,talk,74,6,2,Skip
3,talk,75,6,10,Over
3,talk,76,6,3,Over
3,talk,77,6,8,Over
3,talk,78,6,13,Skip
3,talk,79,6,5,Over
3,talk,80,6,11,Over
3,talk,81,6,9,Over
3,talk,82,6,6,Over
3,talk,83,6,14,Over
3,talk,84,7,3,Over
3,talk,85,7,7,Over
3,talk,86,7,6,Over
3,talk,87,7,10,Over
3,talk,88,7,8,Over
3,talk,89,7,11,Over
3,talk,90,7,13,Skip
3,talk,91,7,14,Over
3,talk,92,7,5,Over
3,talk,93,7,12,Over
3,talk,94,7,9,Over
3,talk,95,7,2,Skip
3,talk,96,8,6,Over
3,talk,97,8,3,Over
3,talk,98,8,14,Over
3,talk,99,8,13,ESTIMATE Agent[09] VILLAGER
3,talk,100,8,2,ESTIMATE Agent[14] VILLAGER
3,talk,101,8,9,Over
3,talk,102,8,7,Over
3,talk,103,8,11,Over
3,talk,104,8,10,Over
3,talk,105,8,5,Over
3,talk,106,8,12,Over
3,talk,107,8,8,Over
3,talk,108,9,10,Over
3,talk,109,9,6,Over
3,talk,110,9,8,Over
3,talk,111,9,13,Over
3,talk,112,9,14,Over
3,talk,113,9,3,Over
3,talk,114,9,7,Over
3,talk,115,9,2,Over
3,talk,116,9,12,Over
3,talk,117,9,9,Over
3,talk,118,9,11,Over
3,talk,119,9,5,Over
3,vote,2,10
3,vote,3,5
3,vote,5,7
3,vote,6,2
3,vote,7,6
3,vote,8,7
3,vote,9,7
3,vote,10,7
3,vote,11,7
3,vote,12,7
3,vote,13,10
3,vote,14,7
3,execute,7,WEREWOLF
3,divine,11,6,HUMAN
3,guard,12,11,SEER
3,attackVote,14,3
3,attack,3,true
4,status,1,MEDIUM,DEAD,hellowolf
4,status,2,VILLAGER,ALIVE,wasabi
4,status,3,VILLAGER,DEAD,hellowolf 2
4,status,4,POSSESSED,DEAD,fanfan 1
4,status,5,VILLAGER,ALIVE,hellowolf 1
4,status,6,VILLAGER,ALIVE,fanfan 2
4,status,7,WEREWOLF,DEAD,tomato
4,status,8,VILLAGER,ALIVE,takeda 1
4,status,9,VILLAGER,ALIVE,takeda 3
4,status,10,VILLAGER,ALIVE,takeda 2
4,status,11,SEER,ALIVE,tomato 1
4,status,12,BODYGUARD,ALIVE,fanfan
4,status,13,VILLAGER,ALIVE,wasabi 1
4,status,14,WEREWOLF,ALIVE,takeda
4,status,15,WEREWOLF,DEAD,HALUemon
4,talk,0,0,12,VOTE Agent[10]
4,talk,1,0,6,VOTE Agent[02]
4,talk,2,0,13,Skip
4,talk,3,0,2,ESTIMATE Agent[09] VILLAGER
4,talk,4,0,8,VOTE Agent[05]
4,talk,5,0,9,VOTE Agent[05]
4,talk,6,0,14,VOTE Agent[05]
4,talk,7,0,11,VOTE Agent[08]
4,talk,8,0,10,VOTE Agent[05]
4,talk,9,0,5,VOTE Agent[08]
4,talk,10,1,13,ESTIMATE Agent[06] WEREWOLF
4,talk,11,1,8,Skip
4,talk,12,1,9,Skip
4,talk,13,1,5,Skip
4,talk,14,1,12,Skip
4,talk,15,1,6,VOTE Agent[05]
4,talk,16,1,11,VOTE Agent[05]
4,talk,17,1,2,ESTIMATE Agent[08] VILLAGER
4,talk,18,1,10,Skip
4,talk,19,1,14,Skip
4,talk,20,2,14,Skip
4,talk,21,2,9,Skip
4,talk,22,2,8,Skip
4,talk,23,2,10,Skip
4,talk,24,2,12,Skip
4,talk,25,2,11,Skip
4,talk,26,2,5,VOTE Agent[02]
4,talk,27,2,6,Skip
4,talk,28,2,2,Skip
4,talk,29,2,13,ESTIMATE Agent[10] WEREWOLF
4,talk,30,3,8,Over
4,talk,31,3,14,Over
4,talk,32,3,13,VOTE Agent[06]
4,talk,33,3,6,Skip
4,talk,34,3,10,Over
4,talk,35,3,11,Skip
4,talk,36,3,5,VOTE Agent[08]
4,talk,37,3,12,Over
4,talk,38,3,9,Over
4,talk,39,3,2,VOTE Agent[06]
4,talk,40,4,13,ESTIMATE Agent[10] WEREWOLF
4,talk,41,4,9,Over
4,talk,42,4,11,Over
4,talk,43,4,5,Skip
4,talk,44,4,6,Over
4,talk,45,4,10,Over
4,talk,46,4,2,VOTE Agent[10]
4,talk,47,4,14,Over
4,talk,48,4,8,Over
4,talk,49,4,12,Over
4,talk,50,5,11,Over
4,talk,51,5,6,Over
4,talk,52,5,12,Over
4,talk,53,5,5,Skip
4,talk,54,5,13,ESTIMATE Agent[10] WEREWOLF
4,talk,55,5,8,Over
4,talk,56,5,14,Over
4,talk,57,5,2,ESTIMATE Agent[05] VILLAGER
4,talk,58,5,9,Over
4,talk,59,5,10,Over
4,talk,60,6,5,Over
4,talk,61,6,14,Over
4,talk,62,6,12,Over
4,talk,63,6,10,Over
4,talk,64,6,11,Over
4,talk,65,6,13,ESTIMATE Agent[02] VILLAGER
4,talk,66,6,6,Over
4,talk,67,6,8,Over
4,talk,68,6,9,Over
4,talk,69,6,2,Skip
4,talk,70,7,2,ESTIMATE Agent[11] WEREWOLF
4,talk,71,7,8,Over
4,talk,72,7,10,Over
4,talk,73,7,9,Over
4,talk,74,7,11,Over
4,talk,75,7,5,Over
4,talk,76,7,13,ESTIMATE Agent[11] WEREWOLF
4,talk,77,7,6,Over
4,talk,78,7,12,Over
4,talk,79,7,14,Over
4,talk,80,8,9,Over
4,talk,81,8,2,Skip
4,talk,82,8,11,Over
4,talk,83,8,12,Over
4,talk,84,8,8,Over
4,talk,85,8,13,VOTE Agent[10]
4,talk,86,8,5,Over
4,talk,87,8,6,Over
4,talk,88,8,10,Over
4,talk,89,8,14,Over
4,talk,90,9,12,Over
4,talk,91,9,5,Over
4,talk,92,9,14,Over
4,talk,93,9,2,Over
4,talk,94,9,8,Over
4,talk,95,9,13,Over
4,talk,96,9,10,Over
4,talk,97,9,9,Over
4,talk,98,9,6,Over
4,talk,99,9,11,Over
4,vote,2,10
4,vote,5,8
4,vote,6,5
4,vote,8,5
4,vote,9,5
4,vote,10,5
4,vote,11,5
4,vote,12,10
4,vote,13,10
4,vote,14,5
4,execute,5,VILLAGER
4,divine,11,6,HUMAN
4,guard,12,11,SEER
4,attackVote,14,9
4,attack,9,true
5,status,1,MEDIUM,DEAD,hellowolf
5,status,2,VILLAGER,ALIVE,wasabi
5,status,3,VILLAGER,DEAD,hellowolf 2
5,status,4,POSSESSED,DEAD,fanfan 1
5,status,5,VILLAGER,DEAD,hellowolf 1
5,status,6,VILLAGER,ALIVE,fanfan 2
5,status,7,WEREWOLF,DEAD,tomato
5,status,8,VILLAGER,ALIVE,takeda 1
5,status,9,VILLAGER,DEAD,takeda 3
5,status,10,VILLAGER,ALIVE,takeda 2
5,status,11,SEER,ALIVE,tomato 1
5,status,12,BODYGUARD,ALIVE,fanfan
5,status,13,VILLAGER,ALIVE,wasabi 1
5,status,14,WEREWOLF,ALIVE,takeda
5,status,15,WEREWOLF,DEAD,HALUemon
5,talk,0,0,13,Skip
5,talk,1,0,11,DIVINED Agent[06] HUMAN
5,talk,2,0,8,VOTE Agent[02]
5,talk,3,0,6,VOTE Agent[02]
5,talk,4,0,2,ESTIMATE Agent[11] WEREWOLF
5,talk,5,0,14,VOTE Agent[02]
5,talk,6,0,12,VOTE Agent[10]
5,talk,7,0,10,VOTE Agent[02]
5,talk,8,1,11,VOTE Agent[02]
5,talk,9,1,2,ESTIMATE Agent[12] VILLAGER
5,talk,10,1,6,Skip
5,talk,11,1,10,Skip
5,talk,12,1,8,Skip
5,talk,13,1,13,ESTIMATE Agent[10] WEREWOLF
5,talk,14,1,12,Skip
5,talk,15,1,14,Skip
5,talk,16,2,11,Skip
5,talk,17,2,12,Skip
5,talk,18,2,14,Skip
5,talk,19,2,2,ESTIMATE Agent[14] VILLAGER
5,talk,20,2,8,Skip
5,talk,21,2,13,Skip
5,talk,22,2,6,Skip
5,talk,23,2,10,Skip
5,talk,24,3,12,Over
5,talk,25,3,2,VOTE Agent[10]
5,talk,26,3,13,VOTE Agent[10]
5,talk,27,3,6,Over
5,talk,28,3,14,Over
5,talk,29,3,8,Over
5,talk,30,3,11,Skip
5,talk,31,3,10,Over
5,talk,32,4,2,ESTIMATE Agent[11] WEREWOLF
5,talk,33,4,11,Over
5,talk,34,4,6,Over
5,talk,35,4,12,Over
5,talk,36,4,14,Over
5,talk,37,4,10,Over
5,talk,38,4,8,Over
5,talk,39,4,13,Skip
5,talk,40,5,6,Over
5,talk,41,5,2,Skip
5,talk,42,5,14,Over
5,talk,43,5,10,Over
5,talk,44,5,13,ESTIMATE Agent[06] WEREWOLF
5,talk,45,5,12,Over
5,talk,46,5,8,Over
5,talk,47,5,11,Over
5,talk,48,6,14,Over
5,talk,49,6,6,Over
5,talk,50,6,2,ESTIMATE Agent[14] VILLAGER
5,talk,51,6,12,Over
5,talk,52,6,11,Over
5,talk,53,6,13,ESTIMATE Agent[11] WEREWOLF
5,talk,54,6,8,Over
5,talk,55,6,10,Over
5,talk,56,7,10,Over
5,talk,57,7,6,Over
5,talk,58,7,14,Over
5,talk,59,7,12,Over
5,talk,60,7,2,ESTIMATE Agent[14] VILLAGER
5,talk,61,7,13,ESTIMATE Agent[14] VILLAGER
5,talk,62,7,11,Over
5,talk,63,7,8,Over
5,talk,64,8,8,Over
5,talk,65,8,14,Over
5,talk,66,8,11,Over
5,talk,67,8,12,Over
5,talk,68,8,13,ESTIMATE Agent[08] VILLAGER
5,talk,69,8,6,Over
5,talk,70,8,2,ESTIMATE Agent[13] VILLAGER
5,talk,71,8,10,Over
5,talk,72,9,6,Over
5,talk,73,9,13,Over
5,talk,74,9,11,Over
5,talk,75,9,14,Over
5,talk,76,9,8,Over
5,talk,77,9,12,Over
5,talk,78,9,10,Over
5,talk,79,9,2,Over
5,vote,2,10
5,vote,6,2
5,vote,8,2
5,vote,10,2
5,vote,11,2
5,vote,12,10
5,vote,13,10
5,vote,14,2
5,execute,2,VILLAGER
5,divine,11,10,HUMAN
5,guard,12,11,SEER
5,attackVote,14,13
5,attack,13,true
6,status,1,MEDIUM,DEAD,hellowolf
6,status,2,VILLAGER,DEAD,wasabi
6,status,3,VILLAGER,DEAD,hellowolf 2
6,status,4,POSSESSED,DEAD,fanfan 1
6,status,5,VILLAGER,DEAD,hellowolf 1
6,status,6,VILLAGER,ALIVE,fanfan 2
6,status,7,WEREWOLF,DEAD,tomato
6,status,8,VILLAGER,ALIVE,takeda 1
6,status,9,VILLAGER,DEAD,takeda 3
6,status,10,VILLAGER,ALIVE,takeda 2
6,status,11,SEER,ALIVE,tomato 1
6,status,12,BODYGUARD,ALIVE,fanfan
6,status,13,VILLAGER,DEAD,wasabi 1
6,status,14,WEREWOLF,ALIVE,takeda
6,status,15,WEREWOLF,DEAD,HALUemon
6,talk,0,0,6,VOTE Agent[08]
6,talk,1,0,8,VOTE Agent[11]
6,talk,2,0,14,VOTE Agent[08]
6,talk,3,0,12,VOTE Agent[08]
6,talk,4,0,11,DIVINED Agent[10] HUMAN
6,talk,5,0,10,VOTE Agent[08]
6,talk,6,1,12,Skip
6,talk,7,1,14,Skip
6,talk,8,1,10,Skip
6,talk,9,1,6,Skip
6,talk,10,1,11,VOTE Agent[08]
6,talk,11,1,8,VOTE Agent[11]
6,talk,12,2,11,Skip
6,talk,13,2,10,Skip
6,talk,14,2,8,VOTE Agent[11]
6,talk,15,2,12,Skip
6,talk,16,2,14,Skip
6,talk,17,2,6,Skip
6,talk,18,3,6,Over
6,talk,19,3,12,Over
6,talk,20,3,14,Over
6,talk,21,3,10,Over
6,talk,22,3,11,Skip
6,talk,23,3,8,VOTE Agent[11]
6,talk,24,4,6,Over
6,talk,25,4,11,Over
6,talk,26,4,8,VOTE Agent[11]
6,talk,27,4,10,Over
6,talk,28,4,14,Over
6,talk,29,4,12,Over
6,talk,30,5,11,VOTE Agent[11]
6,talk,31,5,6,Over
6,talk,32,5,10,Over
6,talk,33,5,12,Over
6,talk,34,5,14,Over
6,talk,35,5,8,VOTE Agent[11]
6,talk,36,6,6,Over
6,talk,37,6,10,Over
6,talk,38,6,11,Skip
6,talk,39,6,8,VOTE Agent[11]
6,talk,40,6,12,Over
6,talk,41,6,14,Over
6,talk,42,7,14,Over
6,talk,43,7,12,Over
6,talk,44,7,6,Over
6,talk,45,7,8,VOTE Agent[11]
6,talk,46,7,10,Over
6,talk,47,7,11,Skip
6,talk,48,8,12,Over
6,talk,49,8,8,VOTE Agent[11]
6,talk,50,8,11,Over
6,talk,51,8,6,Over
6,talk,52,8,10,Over
6,talk,53,8,14,Over
6,talk,54,9,14,Over
6,talk,55,9,12,Over
6,talk,56,9,11,Over
6,talk,57,9,10,Over
6,talk,58,9,8,VOTE Agent[11]
6,talk,59,9,6,Over
6,talk,60,10,12,Over
6,talk,61,10,14,Over
6,talk,62,10,11,Over
6,talk,63,10,6,Over
6,talk,64,10,8,Over
6,talk,65,10,10,Over
6,vote,6,8
6,vote,8,11
6,vote,10,8
6,vote,11,6
6,vote,12,8
6,vote,14,8
6,execute,8,VILLAGER
6,divine,11,12,HUMAN
6,guard,12,11,SEER
6,attackVote,14,12
6,attack,12,true
7,status,1,MEDIUM,DEAD,hellowolf
7,status,2,VILLAGER,DEAD,wasabi
7,status,3,VILLAGER,DEAD,hellowolf 2
7,status,4,POSSESSED,DEAD,fanfan 1
7,status,5,VILLAGER,DEAD,hellowolf 1
7,status,6,VILLAGER,ALIVE,fanfan 2
7,status,7,WEREWOLF,DEAD,tomato
7,status,8,VILLAGER,DEAD,takeda 1
7,status,9,VILLAGER,DEAD,takeda 3
7,status,10,VILLAGER,ALIVE,takeda 2
7,status,11,SEER,ALIVE,tomato 1
7,status,12,BODYGUARD,DEAD,fanfan
7,status,13,VILLAGER,DEAD,wasabi 1
7,status,14,WEREWOLF,ALIVE,takeda
7,status,15,WEREWOLF,DEAD,HALUemon
7,talk,0,0,14,VOTE Agent[11]
7,talk,1,0,6,VOTE Agent[14]
7,talk,2,0,11,DIVINED Agent[12] HUMAN
7,talk,3,0,10,VOTE Agent[11]
7,talk,4,1,6,Skip
7,talk,5,1,14,Skip
7,talk,6,1,11,VOTE Agent[14]
7,talk,7,1,10,Skip
7,talk,8,2,6,Skip
7,talk,9,2,10,Skip
7,talk,10,2,14,VOTE Agent[11]
7,talk,11,2,11,Skip
7,talk,12,3,6,Over
7,talk,13,3,14,VOTE Agent[11]
7,talk,14,3,10,Over
7,talk,15,3,11,Skip
7,talk,16,4,6,Over
7,talk,17,4,14,VOTE Agent[11]
7,talk,18,4,10,Over
7,talk,19,4,11,Over
7,talk,20,5,11,Over
7,talk,21,5,6,Over
7,talk,22,5,14,VOTE Agent[11]
7,talk,23,5,10,Over
7,talk,24,6,6,Over
7,talk,25,6,10,Over
7,talk,26,6,14,VOTE Agent[11]
7,talk,27,6,11,Over
7,talk,28,7,10,Over
7,talk,29,7,11,Over
7,talk,30,7,14,VOTE Agent[11]
7,talk,31,7,6,Over
7,talk,32,8,11,Over
7,talk,33,8,14,VOTE Agent[11]
7,talk,34,8,6,Over
7,talk,35,8,10,Over
7,talk,36,9,10,Over
7,talk,37,9,6,Over
7,talk,38,9,14,VOTE Agent[11]
7,talk,39,9,11,Over
7,talk,40,10,6,Over
7,talk,41,10,14,VOTE Agent[11]
7,talk,42,10,11,Over
7,talk,43,10,10,Over
7,talk,44,11,6,Over
7,talk,45,11,10,Over
7,talk,46,11,11,Over
7,talk,47,11,14,Over
7,vote,6,14
7,vote,10,11
7,vote,11,14
7,vote,14,11
7,vote,6,14
7,vote,10,11
7,vote,11,14
7,vote,14,11
7,execute,14,WEREWOLF
7,divine,11,6,HUMAN
8,status,1,MEDIUM,DEAD,hellowolf
8,status,2,VILLAGER,DEAD,wasabi
8,status,3,VILLAGER,DEAD,hellowolf 2
8,status,4,POSSESSED,DEAD,fanfan 1
8,status,5,VILLAGER,DEAD,hellowolf 1
8,status,6,VILLAGER,ALIVE,fanfan 2
8,status,7,WEREWOLF,DEAD,tomato
8,status,8,VILLAGER,DEAD,takeda 1
8,status,9,VILLAGER,DEAD,takeda 3
8,status,10,VILLAGER,ALIVE,takeda 2
8,status,11,SEER,ALIVE,tomato 1
8,status,12,BODYGUARD,DEAD,fanfan
8,status,13,VILLAGER,DEAD,wasabi 1
8,status,14,WEREWOLF,DEAD,takeda
8,status,15,WEREWOLF,DEAD,HALUemon
8,result,3,0,VILLAGER
