0,status,1,VILLAGER,ALIVE,hellowolf
0,status,2,MEDIUM,ALIVE,wasabi
0,status,3,VILLAGER,ALIVE,hellowolf 2
0,status,4,VILLAGER,ALIVE,fanfan 1
0,status,5,POSSESSED,ALIVE,hellowolf 1
0,status,6,WEREWOLF,ALIVE,fanfan 2
0,status,7,WEREWOLF,ALIVE,tomato
0,status,8,VILLAGER,ALIVE,takeda 1
0,status,9,VILLAGER,ALIVE,takeda 3
0,status,10,VILLAGER,ALIVE,takeda 2
0,status,11,WEREWOLF,ALIVE,tomato 1
0,status,12,VILLAGER,ALIVE,fanfan
0,status,13,VILLAGER,ALIVE,wasabi 1
0,status,14,BODYGUARD,ALIVE,takeda
0,status,15,SEER,ALIVE,HALUemon
0,whisper,0,0,6,COMINGOUT Agent[06] VILLAGER
0,whisper,1,0,11,COMINGOUT Agent[11] SEER
0,whisper,2,0,7,COMINGOUT Agent[07] SEER
0,whisper,3,1,6,Skip
0,whisper,4,1,11,COMINGOUT Agent[11] VILLAGER
0,whisper,5,1,7,Skip
0,whisper,6,2,11,Skip
0,whisper,7,2,7,Skip
0,whisper,8,2,6,Skip
0,whisper,9,3,11,Skip
0,whisper,10,3,7,Over
0,whisper,11,3,6,Over
0,whisper,12,4,7,Over
0,whisper,13,4,11,Over
0,whisper,14,4,6,Over
0,divine,15,11,WEREWOLF
1,status,1,VILLAGER,ALIVE,hellowolf
1,status,2,MEDIUM,ALIVE,wasabi
1,status,3,VILLAGER,ALIVE,hellowolf 2
1,status,4,VILLAGER,ALIVE,fanfan 1
1,status,5,POSSESSED,ALIVE,hellowolf 1
1,status,6,WEREWOLF,ALIVE,fanfan 2
1,status,7,WEREWOLF,ALIVE,tomato
1,status,8,VILLAGER,ALIVE,takeda 1
1,status,9,VILLAGER,ALIVE,takeda 3
1,status,10,VILLAGER,ALIVE,takeda 2
1,status,11,WEREWOLF,ALIVE,tomato 1
1,status,12,VILLAGER,ALIVE,fanfan
1,status,13,VILLAGER,ALIVE,wasabi 1
1,status,14,BODYGUARD,ALIVE,takeda
1,status,15,SEER,ALIVE,HALUemon
1,talk,0,0,4,VOTE Agent[09]
1,talk,1,0,10,VOTE Agent[02]
1,talk,2,0,9,VOTE Agent[14]
1,talk,3,0,13,ESTIMATE Agent[11] VILLAGER
1,talk,4,0,6,VOTE Agent[10]
1,talk,5,0,5,COMINGOUT Agent[05] SEER
1,talk,6,0,11,VOTE Agent[15]
1,talk,7,0,14,VOTE Agent[11]
1,talk,8,0,8,VOTE Agent[15]
1,talk,9,0,3,VOTE Agent[10]
1,talk,10,0,7,COMINGOUT Agent[07] SEER
1,talk,11,0,12,VOTE Agent[10]
1,talk,12,0,1,VOTE Agent[09]
1,talk,13,0,2,COMINGOUT Agent[02] MEDIUM
1,talk,14,0,15,COMINGOUT Agent[15] SEER
1,talk,15,1,11,VOTE Agent[10]
1,talk,16,1,8,VOTE Agent[14]
1,talk,17,1,10,VOTE Agent[13]
1,talk,18,1,6,Skip
1,talk,19,1,9,VOTE Agent[05]
1,talk,20,1,2,Skip
1,talk,21,1,7,DIVINED Agent[09] WEREWOLF
1,talk,22,1,5,DIVINED Agent[02] WEREWOLF
1,talk,23,1,3,VOTE Agent[15]
1,talk,24,1,4,VOTE Agent[15]
1,talk,25,1,12,VOTE Agent[15]
1,talk,26,1,13,ESTIMATE Agent[14] WEREWOLF
1,talk,27,1,15,DIVINED Agent[11] WEREWOLF
1,talk,28,1,14,VOTE Agent[01]
1,talk,29,1,1,VOTE Agent[15]
1,talk,30,2,1,VOTE Agent[07]
1,talk,31,2,3,VOTE Agent[07]
1,talk,32,2,4,VOTE Agent[11]
1,talk,33,2,8,VOTE Agent[07]
1,talk,34,2,6,Skip
1,talk,35,2,2,ESTIMATE Agent[05] WEREWOLF
1,talk,36,2,9,VOTE Agent[07]
1,talk,37,2,12,VOTE Agent[11]
1,talk,38,2,7,VOTE Agent[15]
1,talk,39,2,11,VOTE Agent[15]
1,talk,40,2,5,VOTE Agent[02]
1,talk,41,2,10,VOTE Agent[07]
1,talk,42,2,14,VOTE Agent[07]
1,talk,43,2,13,Skip
1,talk,44,2,15,VOTE Agent[11]
1,talk,45,3,13,VOTE Agent[09]
1,talk,46,3,1,Skip
1,talk,47,3,15,VOTE Agent[11]
1,talk,48,3,9,Skip
1,talk,49,3,10,Skip
1,talk,50,3,6,VOTE Agent[11]
1,talk,51,3,11,VOTE Agent[07]
1,talk,52,3,4,VOTE Agent[07]
1,talk,53,3,7,Skip
1,talk,54,3,3,Skip
1,talk,55,3,8,Skip
1,talk,56,3,5,VOTE Agent[15]
1,talk,57,3,2,VOTE Agent[05]
1,talk,58,3,12,VOTE Agent[07]
1,talk,59,3,14,Skip
1,talk,60,4,6,VOTE Agent[09]
1,talk,61,4,5,VOTE Agent[07]
1,talk,62,4,10,Skip
1,talk,63,4,14,Skip
1,talk,64,4,7,VOTE Agent[07]
1,talk,65,4,12,Skip
1,talk,66,4,9,Skip
1,talk,67,4,13,VOTE Agent[11]
1,talk,68,4,4,Skip
1,talk,69,4,1,Skip
1,talk,70,4,3,Skip
1,talk,71,4,11,Skip
1,talk,72,4,15,VOTE Agent[11]
1,talk,73,4,2,Skip
1,talk,74,4,8,Skip
1,talk,75,5,1,Over
1,talk,76,5,4,Skip
1,talk,77,5,7,Skip
1,talk,78,5,3,Over
1,talk,79,5,2,Skip
1,talk,80,5,15,VOTE Agent[11]
1,talk,81,5,8,Over
1,talk,82,5,14,Over
1,talk,83,5,6,Skip
1,talk,84,5,10,Over
1,talk,85,5,9,Over
1,talk,86,5,11,Skip
1,talk,87,5,13,Skip
1,talk,88,5,12,Skip
1,talk,89,5,5,Skip
1,talk,90,6,1,Over
1,talk,91,6,5,Skip
1,talk,92,6,13,Skip
1,talk,93,6,4,Over
1,talk,94,6,14,Over
1,talk,95,6,10,Over
1,talk,96,6,12,Over
1,talk,97,6,15,VOTE Agent[11]
1,talk,98,6,6,Skip
1,talk,99,6,9,Over
1,talk,100,6,7,Skip
1,talk,101,6,8,Over
1,talk,102,6,2,ESTIMATE Agent[03] VILLAGER
1,talk,103,6,11,Over
1,talk,104,6,3,Over
1,talk,105,7,7,Over
1,talk,106,7,3,Over
1,talk,107,7,15,VOTE Agent[11]
1,talk,108,7,2,Skip
1,talk,109,7,10,Over
1,talk,110,7,4,Over
1,talk,111,7,5,Over
1,talk,112,7,6,Over
1,talk,113,7,11,Over
1,talk,114,7,8,Over
1,talk,115,7,1,Over
1,talk,116,7,12,Over
1,talk,117,7,14,Over
1,talk,118,7,9,Over
1,talk,119,7,13,VOTE Agent[09]
1,talk,120,8,1,Over
1,talk,121,8,15,VOTE Agent[11]
1,talk,122,8,2,ESTIMATE Agent[08] VILLAGER
1,talk,123,8,5,Over
1,talk,124,8,11,VOTE Agent[11]
1,talk,125,8,14,Over
1,talk,126,8,12,Over
1,talk,127,8,7,VOTE Agent[11]
1,talk,128,8,6,Over
1,talk,129,8,3,Over
1,talk,130,8,4,Over
1,talk,131,8,13,ESTIMATE Agent[03] VILLAGER
1,talk,132,8,10,Over
1,talk,133,8,8,Over
1,talk,134,8,9,Over
1,talk,135,9,12,Over
1,talk,136,9,6,Over
1,talk,137,9,2,Over
1,talk,138,9,15,Over
1,talk,139,9,1,Over
1,talk,140,9,8,Over
1,talk,141,9,14,Over
1,talk,142,9,13,Over
1,talk,143,9,3,Over
1,talk,144,9,5,VOTE Agent[11]
1,talk,145,9,10,Over
1,talk,146,9,9,Over
1,talk,147,9,7,Skip
1,talk,148,9,4,Over
1,talk,149,9,11,Skip
1,talk,150,10,8,Over
1,talk,151,10,2,Over
1,talk,152,10,1,Over
1,talk,153,10,13,Over
1,talk,154,10,11,Skip
1,talk,155,10,5,Skip
1,talk,156,10,14,Over
1,talk,157,10,9,Over
1,talk,158,10,12,Over
1,talk,159,10,7,Skip
1,talk,160,10,4,Over
1,talk,161,10,15,Over
1,talk,162,10,10,Over
1,talk,163,10,6,VOTE Agent[11]
1,talk,164,10,3,Over
1,talk,165,11,10,Over
1,talk,166,11,13,Over
1,talk,167,11,8,Over
1,talk,168,11,6,Skip
1,talk,169,11,4,Over
1,talk,170,11,11,Over
1,talk,171,11,9,Over
1,talk,172,11,15,Over
1,talk,173,11,7,Over
1,talk,174,11,3,Over
1,talk,175,11,12,Over
1,talk,176,11,1,Over
1,talk,177,11,2,Over
1,talk,178,11,14,Over
1,talk,179,11,5,Skip
1,talk,180,12,6,Skip
1,talk,181,12,14,Over
1,talk,182,12,8,Over
1,talk,183,12,7,Over
1,talk,184,12,13,Over
1,talk,185,12,5,Over
1,talk,186,12,3,VOTE Agent[15]
1,talk,187,12,10,Over
1,talk,188,12,11,Over
1,talk,189,12,4,Over
1,talk,190,12,9,Over
1,talk,191,12,2,Over
1,talk,192,12,12,Over
1,talk,193,12,1,Over
1,talk,194,12,15,Over
1,talk,195,13,4,VOTE Agent[11]
1,talk,196,13,3,Skip
1,talk,197,13,5,Over
1,talk,198,13,2,Over
1,talk,199,13,8,Over
1,talk,200,13,14,Over
1,talk,201,13,11,Over
1,talk,202,13,6,Over
1,talk,203,13,9,Over
1,talk,204,13,13,Over
1,talk,205,13,1,Over
1,talk,206,13,15,Over
1,talk,207,13,12,VOTE Agent[11]
1,talk,208,13,10,Over
1,talk,209,13,7,Over
1,talk,210,14,11,Over
1,talk,211,14,6,Over
1,talk,212,14,4,Skip
1,talk,213,14,8,Over
1,talk,214,14,9,Over
1,talk,215,14,12,Skip
1,talk,216,14,1,VOTE Agent[15]
1,talk,217,14,15,Over
1,talk,218,14,14,Over
1,talk,219,14,2,Over
1,talk,220,14,7,Over
1,talk,221,14,5,Over
1,talk,222,14,3,VOTE Agent[11]
1,talk,223,14,10,Over
1,talk,224,14,13,Over
1,talk,225,15,14,VOTE Agent[11]
1,talk,226,15,11,Over
1,talk,227,15,13,Over
1,talk,228,15,12,Skip
1,talk,229,15,8,VOTE Agent[11]
1,talk,230,15,2,Over
1,talk,231,15,9,VOTE Agent[11]
1,talk,232,15,5,Over
1,talk,233,15,4,Skip
1,talk,234,15,15,Over
1,talk,235,15,6,Over
1,talk,236,15,3,Skip
1,talk,237,15,7,Over
1,talk,238,15,1,Skip
1,talk,239,15,10,VOTE Agent[11]
1,talk,240,16,4,Over
1,talk,241,16,14,Skip
1,talk,242,16,7,Over
1,talk,243,16,15,Over
1,talk,244,16,1,Skip
1,talk,245,16,13,Over
1,talk,246,16,3,Skip
1,talk,247,16,12,Over
1,talk,248,16,9,Skip
1,talk,249,16,10,Skip
1,talk,250,16,8,Skip
1,talk,251,16,5,Over
1,talk,252,16,2,Over
1,talk,253,16,6,Over
1,talk,254,16,11,Over
1,talk,255,17,4,Over
1,talk,256,17,15,Over
1,talk,257,17,3,Over
1,talk,258,17,14,Skip
1,talk,259,17,10,Skip
1,talk,260,17,12,Over
1,talk,261,17,7,Over
1,talk,262,17,13,Over
1,talk,263,17,6,Over
1,talk,264,17,11,Over
1,talk,265,17,2,Over
1,talk,266,17,1,Over
1,talk,267,17,5,Over
1,talk,268,17,8,Skip
1,talk,269,17,9,Skip
1,talk,270,18,6,Over
1,talk,271,18,8,Over
1,talk,272,18,14,Over
1,talk,273,18,9,Over
1,talk,274,18,5,Over
1,talk,275,18,1,Over
1,talk,276,18,2,Over
1,talk,277,18,4,Over
1,talk,278,18,3,Over
1,talk,279,18,15,Over
1,talk,280,18,13,Over
1,talk,281,18,12,Over
1,talk,282,18,7,Over
1,talk,283,18,11,Over
1,talk,284,18,10,Over
1,vote,1,15
1,vote,2,5
1,vote,3,11
1,vote,4,11
1,vote,5,11
1,vote,6,11
1,vote,7,11
1,vote,8,11
1,vote,9,11
1,vote,10,11
1,vote,11,8
1,vote,12,11
1,vote,13,9
1,vote,14,11
1,vote,15,11
1,execute,11,WEREWOLF
1,divine,15,9,HUMAN
1,whisper,0,0,7,ATTACK Agent[05]
1,whisper,1,0,6,ESTIMATE Agent[05] POSSESSED
1,whisper,2,1,6,ATTACK Agent[12]
1,whisper,3,1,7,Skip
1,whisper,4,2,7,Skip
1,whisper,5,2,6,Skip
1,whisper,6,3,7,Over
1,whisper,7,3,6,Skip
1,whisper,8,4,6,Over
1,whisper,9,4,7,Over
1,guard,14,9,VILLAGER
1,attackVote,6,12
1,attackVote,7,5
1,attackVote,6,12
1,attackVote,7,5
1,attack,5,true
2,status,1,VILLAGER,ALIVE,hellowolf
2,status,2,MEDIUM,ALIVE,wasabi
2,status,3,VILLAGER,ALIVE,hellowolf 2
2,status,4,VILLAGER,ALIVE,fanfan 1
2,status,5,POSSESSED,DEAD,hellowolf 1
2,status,6,WEREWOLF,ALIVE,fanfan 2
2,status,7,WEREWOLF,ALIVE,tomato
2,status,8,VILLAGER,ALIVE,takeda 1
2,status,9,VILLAGER,ALIVE,takeda 3
2,status,10,VILLAGER,ALIVE,takeda 2
2,status,11,WEREWOLF,DEAD,tomato 1
2,status,12,VILLAGER,ALIVE,fanfan
2,status,13,VILLAGER,ALIVE,wasabi 1
2,status,14,BODYGUARD,ALIVE,takeda
2,status,15,SEER,ALIVE,HALUemon
2,talk,0,0,6,VOTE Agent[09]
2,talk,1,0,13,ESTIMATE Agent[09] WEREWOLF
2,talk,2,0,4,VOTE Agent[07]
2,talk,3,0,3,VOTE Agent[15]
2,talk,4,0,1,VOTE Agent[15]
2,talk,5,0,10,VOTE Agent[07]
2,talk,6,0,12,VOTE Agent[07]
2,talk,7,0,2,IDENTIFIED Agent[11] WEREWOLF
2,talk,8,0,9,VOTE Agent[07]
2,talk,9,0,14,VOTE Agent[07]
2,talk,10,0,7,DIVINED Agent[10] WEREWOLF
2,talk,11,0,8,VOTE Agent[07]
2,talk,12,0,15,DIVINED Agent[09] HUMAN
2,talk,13,1,15,VOTE Agent[07]
2,talk,14,1,6,Skip
2,talk,15,1,3,VOTE Agent[07]
2,talk,16,1,13,ESTIMATE Agent[02] WEREWOLF
2,talk,17,1,9,Skip
2,talk,18,1,7,VOTE Agent[07]
2,talk,19,1,1,VOTE Agent[07]
2,talk,20,1,12,Skip
2,talk,21,1,4,Skip
2,talk,22,1,14,Skip
2,talk,23,1,10,Skip
2,talk,24,1,8,Skip
2,talk,25,1,2,ESTIMATE Agent[08] VILLAGER
2,talk,26,2,15,VOTE Agent[07]
2,talk,27,2,6,Skip
2,talk,28,2,4,Skip
2,talk,29,2,9,Skip
2,talk,30,2,1,Skip
2,talk,31,2,2,ESTIMATE Agent[04] VILLAGER
2,talk,32,2,10,Skip
2,talk,33,2,7,Skip
2,talk,34,2,3,Skip
2,talk,35,2,12,Skip
2,talk,36,2,13,Skip
2,talk,37,2,14,Skip
2,talk,38,2,8,Skip
2,talk,39,3,13,VOTE Agent[10]
2,talk,40,3,12,Over
2,talk,41,3,1,Skip
2,talk,42,3,3,Skip
2,talk,43,3,4,Over
2,talk,44,3,14,Over
2,talk,45,3,15,VOTE Agent[07]
2,talk,46,3,8,Over
2,talk,47,3,7,Skip
2,talk,48,3,6,Over
2,talk,49,3,9,Over
2,talk,50,3,2,VOTE Agent[07]
2,talk,51,3,10,Over
2,talk,52,4,8,Over
2,talk,53,4,7,Over
2,talk,54,4,12,Over
2,talk,55,4,10,Over
2,talk,56,4,1,Over
2,talk,57,4,15,VOTE Agent[07]
2,talk,58,4,6,Over
2,talk,59,4,3,Over
2,talk,60,4,9,Over
2,talk,61,4,4,Over
2,talk,62,4,13,ESTIMATE Agent[07] WEREWOLF
2,talk,63,4,2,ESTIMATE Agent[07] WEREWOLF
2,talk,64,4,14,Over
2,talk,65,5,14,Over
2,talk,66,5,15,VOTE Agent[07]
2,talk,67,5,2,Skip
2,talk,68,5,8,Over
2,talk,69,5,7,Over
2,talk,70,5,10,Over
2,talk,71,5,6,Over
2,talk,72,5,1,Over
2,talk,73,5,3,Over
2,talk,74,5,9,Over
2,talk,75,5,12,Over
2,talk,76,5,13,Skip
2,talk,77,5,4,Over
2,talk,78,6,6,Over
2,talk,79,6,15,VOTE Agent[07]
2,talk,80,6,1,Over
2,talk,81,6,7,Over
2,talk,82,6,13,ESTIMATE Agent[10] WEREWOLF
2,talk,83,6,3,Over
2,talk,84,6,4,Over
2,talk,85,6,10,Over
2,talk,86,6,9,Over
2,talk,87,6,8,Over
2,talk,88,6,12,Over
2,talk,89,6,14,Over
2,talk,90,6,2,Skip
2,talk,91,7,13,Skip
2,talk,92,7,3,Over
2,talk,93,7,10,Over
2,talk,94,7,8,Over
2,talk,95,7,15,VOTE Agent[07]
2,talk,96,7,7,Over
2,talk,97,7,9,Over
2,talk,98,7,12,Over
2,talk,99,7,2,REQUEST ANY (VOTE Agent[07])
2,talk,100,7,1,Over
2,talk,101,7,14,Over
2,talk,102,7,4,Over
2,talk,103,7,6,Over
2,talk,104,8,8,Over
2,talk,105,8,4,Over
2,talk,106,8,1,Over
2,talk,107,8,14,Over
2,talk,108,8,6,Over
2,talk,109,8,10,Over
2,talk,110,8,15,VOTE Agent[07]
2,talk,111,8,3,Over
2,talk,112,8,9,Over
2,talk,113,8,13,Skip
2,talk,114,8,12,Over
2,talk,115,8,2,ESTIMATE Agent[12] VILLAGER
2,talk,116,8,7,Over
2,talk,117,9,7,Over
2,talk,118,9,12,Over
2,talk,119,9,3,Over
2,talk,120,9,13,Over
2,talk,121,9,6,Over
2,talk,122,9,10,Over
2,talk,123,9,2,Over
2,talk,124,9,8,Over
2,talk,125,9,14,Over
2,talk,126,9,4,Over
2,talk,127,9,9,Over
2,talk,128,9,1,Over
2,talk,129,9,15,Over
2,vote,1,7
2,vote,2,7
2,vote,3,7
2,vote,4,7
2,vote,6,9
2,vote,7,8
2,vote,8,7
2,vote,9,7
2,vote,10,7
2,vote,12,7
2,vote,13,10
2,vote,14,7
2,vote,15,7
2,execute,7,WEREWOLF
2,divine,15,10,HUMAN
2,guard,14,9,VILLAGER
2,attackVote,6,15
2,attack,15,true
3,status,1,VILLAGER,ALIVE,hellowolf
3,status,2,MEDIUM,ALIVE,wasabi
3,status,3,VILLAGER,ALIVE,hellowolf 2
3,status,4,VILLAGER,ALIVE,fanfan 1
3,status,5,POSSESSED,DEAD,hellowolf 1
3,status,6,WEREWOLF,ALIVE,fanfan 2
3,status,7,WEREWOLF,DEAD,tomato
3,status,8,VILLAGER,ALIVE,takeda 1
3,status,9,VILLAGER,ALIVE,takeda 3
3,status,10,VILLAGER,ALIVE,takeda 2
3,status,11,WEREWOLF,DEAD,tomato 1
3,status,12,VILLAGER,ALIVE,fanfan
3,status,13,VILLAGER,ALIVE,wasabi 1
3,status,14,BODYGUARD,ALIVE,takeda
3,status,15,SEER,DEAD,HALUemon
3,talk,0,0,2,IDENTIFIED Agent[07] WEREWOLF
3,talk,1,0,1,VOTE Agent[12]
3,talk,2,0,4,VOTE Agent[01]
3,talk,3,0,9,VOTE Agent[01]
3,talk,4,0,3,VOTE Agent[01]
3,talk,5,0,6,VOTE Agent[02]
3,talk,6,0,8,VOTE Agent[01]
3,talk,7,0,10,VOTE Agent[01]
3,talk,8,0,13,ESTIMATE Agent[06] WEREWOLF
3,talk,9,0,14,VOTE Agent[01]
3,talk,10,0,12,VOTE Agent[10]
3,talk,11,1,1,Skip
3,talk,12,1,14,Skip
3,talk,13,1,2,Skip
3,talk,14,1,12,VOTE Agent[01]
3,talk,15,1,4,Skip
3,talk,16,1,8,Skip
3,talk,17,1,3,Skip
3,talk,18,1,10,Skip
3,talk,19,1,6,VOTE Agent[01]
3,talk,20,1,9,Skip
3,talk,21,1,13,ESTIMATE Agent[12] WEREWOLF
3,talk,22,2,10,Skip
3,talk,23,2,14,Skip
3,talk,24,2,1,Skip
3,talk,25,2,2,Skip
3,talk,26,2,8,Skip
3,talk,27,2,4,Skip
3,talk,28,2,9,Skip
3,talk,29,2,3,Skip
3,talk,30,2,12,Skip
3,talk,31,2,6,Skip
3,talk,32,2,13,Skip
3,talk,33,3,6,Skip
3,talk,34,3,9,Over
3,talk,35,3,10,Over
3,talk,36,3,12,Skip
3,talk,37,3,8,Over
3,talk,38,3,3,Over
3,talk,39,3,2,VOTE Agent[01]
3,talk,40,3,14,Over
3,talk,41,3,1,Over
3,talk,42,3,13,VOTE Agent[01]
3,talk,43,3,4,Over
3,talk,44,4,13,Skip
3,talk,45,4,1,Over
3,talk,46,4,8,Over
3,talk,47,4,2,Skip
3,talk,48,4,6,Over
3,talk,49,4,12,Over
3,talk,50,4,3,Over
3,talk,51,4,9,Over
3,talk,52,4,14,Over
3,talk,53,4,10,Over
3,talk,54,4,4,Over
3,talk,55,5,13,ESTIMATE Agent[10] WEREWOLF
3,talk,56,5,9,Over
3,talk,57,5,6,Over
3,talk,58,5,8,Over
3,talk,59,5,3,Over
3,talk,60,5,4,Over
3,talk,61,5,12,Over
3,talk,62,5,2,VOTE Agent[13]
3,talk,63,5,1,Over
3,talk,64,5,14,Over
3,talk,65,5,10,Over
3,talk,66,6,1,Over
3,talk,67,6,9,Over
3,talk,68,6,3,Over
3,talk,69,6,2,ESTIMATE Agent[08] VILLAGER
3,talk,70,6,12,Over
3,talk,71,6,6,Over
3,talk,72,6,14,Over
3,talk,73,6,4,Over
3,talk,74,6,10,Over
3,talk,75,6,8,Over
3,talk,76,6,13,ESTIMATE Agent[08] WEREWOLF
3,talk,77,7,4,Over
3,talk,78,7,1,Over
3,talk,79,7,10,Over
3,talk,80,7,12,Over
3,talk,81,7,14,Over
3,talk,82,7,6,Over
3,talk,83,7,9,Over
3,talk,84,7,3,Over
3,talk,85,7,13,Skip
3,talk,86,7,2,VOTE Agent[01]
3,talk,87,7,8,Over
3,talk,88,8,3,Over
3,talk,89,8,4,Over
3,talk,90,8,13,ESTIMATE Agent[02] WEREWOLF
3,talk,91,8,10,Over
3,talk,92,8,8,Over
3,talk,93,8,12,Over
3,talk,94,8,2,Skip
3,talk,95,8,6,Over
3,talk,96,8,1,Over
3,talk,97,8,14,Over
3,talk,98,8,9,Over
3,talk,99,9,14,Over
3,talk,100,9,10,Over
3,talk,101,9,4,Over
3,talk,102,9,9,Over
3,talk,103,9,6,Over
3,talk,104,9,12,Over
3,talk,105,9,3,Over
3,talk,106,9,2,Over
3,talk,107,9,8,Over
3,talk,108,9,1,Over
3,talk,109,9,13,Over
3,vote,1,12
3,vote,2,1
3,vote,3,1
3,vote,4,1
3,vote,6,1
3,vote,8,1
3,vote,9,1
3,vote,10,1
3,vote,12,1
3,vote,13,1
3,vote,14,1
3,execute,1,VILLAGER
3,guard,14,9,VILLAGER
3,attackVote,6,3
3,attack,3,true
4,status,1,VILLAGER,DEAD,hellowolf
4,status,2,MEDIUM,ALIVE,wasabi
4,status,3,VILLAGER,DEAD,hellowolf 2
4,status,4,VILLAGER,ALIVE,fanfan 1
4,status,5,POSSESSED,DEAD,hellowolf 1
4,status,6,WEREWOLF,ALIVE,fanfan 2
4,status,7,WEREWOLF,DEAD,tomato
4,status,8,VILLAGER,ALIVE,takeda 1
4,status,9,VILLAGER,ALIVE,takeda 3
4,status,10,VILLAGER,ALIVE,takeda 2
4,status,11,WEREWOLF,DEAD,tomato 1
4,status,12,VILLAGER,ALIVE,fanfan
4,status,13,VILLAGER,ALIVE,wasabi 1
4,status,14,BODYGUARD,ALIVE,takeda
4,status,15,SEER,DEAD,HALUemon
4,talk,0,0,8,VOTE Agent[12]
4,talk,1,0,13,ESTIMATE Agent[09] VILLAGER
4,talk,2,0,4,VOTE Agent[08]
4,talk,3,0,6,VOTE Agent[02]
4,talk,4,0,9,VOTE Agent[12]
4,talk,5,0,12,VOTE Agent[14]
4,talk,6,0,14,VOTE Agent[12]
4,talk,7,0,2,IDENTIFIED Agent[01] HUMAN
4,talk,8,0,10,VOTE Agent[12]
4,talk,9,1,14,Skip
4,talk,10,1,12,Skip
4,talk,11,1,13,ESTIMATE Agent[10] WEREWOLF
4,talk,12,1,8,Skip
4,talk,13,1,9,Skip
4,talk,14,1,2,ESTIMATE Agent[06] WEREWOLF
4,talk,15,1,4,VOTE Agent[10]
4,talk,16,1,10,Skip
4,talk,17,1,6,VOTE Agent[12]
4,talk,18,2,13,Skip
4,talk,19,2,14,Skip
4,talk,20,2,8,Skip
4,talk,21,2,4,Skip
4,talk,22,2,2,Skip
4,talk,23,2,6,Skip
4,talk,24,2,10,Skip
4,talk,25,2,12,Skip
4,talk,26,2,9,Skip
4,talk,27,3,8,Over
4,talk,28,3,6,Skip
4,talk,29,3,12,Over
4,talk,30,3,14,Over
4,talk,31,3,9,Over
4,talk,32,3,2,VOTE Agent[12]
4,talk,33,3,13,VOTE Agent[08]
4,talk,34,3,4,Skip
4,talk,35,3,10,Over
4,talk,36,4,8,Over
4,talk,37,4,13,Skip
4,talk,38,4,2,Skip
4,talk,39,4,10,Over
4,talk,40,4,6,Over
4,talk,41,4,14,Over
4,talk,42,4,12,Over
4,talk,43,4,4,Over
4,talk,44,4,9,Over
4,talk,45,5,8,Over
4,talk,46,5,6,Over
4,talk,47,5,4,Over
4,talk,48,5,10,Over
4,talk,49,5,9,Over
4,talk,50,5,2,ESTIMATE Agent[13] VILLAGER
4,talk,51,5,14,Over
4,talk,52,5,13,Skip
4,talk,53,5,12,Over
4,talk,54,6,10,Over
4,talk,55,6,14,Over
4,talk,56,6,13,Over
4,talk,57,6,9,Over
4,talk,58,6,8,Over
4,talk,59,6,4,Over
4,talk,60,6,6,Over
4,talk,61,6,2,ESTIMATE Agent[08] VILLAGER
4,talk,62,6,12,Over
4,talk,63,7,9,Over
4,talk,64,7,12,Over
4,talk,65,7,10,Over
4,talk,66,7,13,VOTE Agent[12]
4,talk,67,7,6,Over
4,talk,68,7,4,Over
4,talk,69,7,2,Skip
4,talk,70,7,8,Over
4,talk,71,7,14,Over
4,talk,72,8,13,VOTE Agent[10]
4,talk,73,8,6,Over
4,talk,74,8,8,Over
4,talk,75,8,4,Over
4,talk,76,8,12,Over
4,talk,77,8,2,Skip
4,talk,78,8,14,Over
4,talk,79,8,10,Over
4,talk,80,8,9,Over
4,talk,81,9,14,Over
4,talk,82,9,13,Over
4,talk,83,9,9,Over
4,talk,84,9,8,Over
4,talk,85,9,4,Over
4,talk,86,9,10,Over
4,talk,87,9,2,Over
4,talk,88,9,6,Over
4,talk,89,9,12,Over
4,vote,2,12
4,vote,4,10
4,vote,6,12
4,vote,8,12
4,vote,9,12
4,vote,10,12
4,vote,12,14
4,vote,13,10
4,vote,14,12
4,execute,12,VILLAGER
4,guard,14,9,VILLAGER
4,attackVote,6,9
4,attack,9,false
5,status,1,VILLAGER,DEAD,hellowolf
5,status,2,MEDIUM,ALIVE,wasabi
5,status,3,VILLAGER,DEAD,hellowolf 2
5,status,4,VILLAGER,ALIVE,fanfan 1
5,status,5,POSSESSED,DEAD,hellowolf 1
5,status,6,WEREWOLF,ALIVE,fanfan 2
5,status,7,WEREWOLF,DEAD,tomato
5,status,8,VILLAGER,ALIVE,takeda 1
5,status,9,VILLAGER,ALIVE,takeda 3
5,status,10,VILLAGER,ALIVE,takeda 2
5,status,11,WEREWOLF,DEAD,tomato 1
5,status,12,VILLAGER,DEAD,fanfan
5,status,13,VILLAGER,ALIVE,wasabi 1
5,status,14,BODYGUARD,ALIVE,takeda
5,status,15,SEER,DEAD,HALUemon
5,talk,0,0,13,Skip
5,talk,1,0,14,VOTE Agent[08]
5,talk,2,0,6,VOTE Agent[02]
5,talk,3,0,9,VOTE Agent[08]
5,talk,4,0,2,IDENTIFIED Agent[12] HUMAN
5,talk,5,0,10,VOTE Agent[08]
5,talk,6,0,4,VOTE Agent[02]
5,talk,7,0,8,VOTE Agent[14]
5,talk,8,1,4,VOTE Agent[08]
5,talk,9,1,8,Skip
5,talk,10,1,9,Skip
5,talk,11,1,6,VOTE Agent[08]
5,talk,12,1,14,Skip
5,talk,13,1,13,Skip
5,talk,14,1,10,Skip
5,talk,15,1,2,ESTIMATE Agent[13] VILLAGER
5,talk,16,2,13,ESTIMATE Agent[04] VILLAGER
5,talk,17,2,14,Skip
5,talk,18,2,8,VOTE Agent[14]
5,talk,19,2,4,Skip
5,talk,20,2,6,Skip
5,talk,21,2,2,ESTIMATE Agent[10] WEREWOLF
5,talk,22,2,10,Skip
5,talk,23,2,9,Skip
5,talk,24,3,4,Skip
5,talk,25,3,10,Over
5,talk,26,3,9,Over
5,talk,27,3,13,VOTE Agent[08]
5,talk,28,3,14,Over
5,talk,29,3,8,VOTE Agent[14]
5,talk,30,3,6,Skip
5,talk,31,3,2,VOTE Agent[08]
5,talk,32,4,6,Over
5,talk,33,4,2,Skip
5,talk,34,4,10,Over
5,talk,35,4,13,ESTIMATE Agent[02] WEREWOLF
5,talk,36,4,4,Over
5,talk,37,4,8,VOTE Agent[14]
5,talk,38,4,14,Over
5,talk,39,4,9,Over
5,talk,40,5,4,Over
5,talk,41,5,9,Over
5,talk,42,5,2,Skip
5,talk,43,5,14,Over
5,talk,44,5,10,Over
5,talk,45,5,8,VOTE Agent[14]
5,talk,46,5,13,Skip
5,talk,47,5,6,Over
5,talk,48,6,4,Over
5,talk,49,6,10,Over
5,talk,50,6,14,Over
5,talk,51,6,2,ESTIMATE Agent[10] WEREWOLF
5,talk,52,6,6,Over
5,talk,53,6,9,Over
5,talk,54,6,8,VOTE Agent[14]
5,talk,55,6,13,VOTE Agent[04]
5,talk,56,7,14,Over
5,talk,57,7,9,Over
5,talk,58,7,13,VOTE Agent[08]
5,talk,59,7,2,ESTIMATE Agent[08] WEREWOLF
5,talk,60,7,6,Over
5,talk,61,7,4,Over
5,talk,62,7,10,Over
5,talk,63,7,8,VOTE Agent[14]
5,talk,64,8,2,ESTIMATE Agent[10] WEREWOLF
5,talk,65,8,8,VOTE Agent[14]
5,talk,66,8,10,Over
5,talk,67,8,13,Skip
5,talk,68,8,4,Over
5,talk,69,8,9,Over
5,talk,70,8,14,Over
5,talk,71,8,6,Over
5,talk,72,9,9,Over
5,talk,73,9,14,Over
5,talk,74,9,6,Over
5,talk,75,9,13,Over
5,talk,76,9,8,VOTE Agent[14]
5,talk,77,9,10,Over
5,talk,78,9,2,Over
5,talk,79,9,4,Over
5,talk,80,10,13,Over
5,talk,81,10,14,Over
5,talk,82,10,6,Over
5,talk,83,10,4,Over
5,talk,84,10,2,Over
5,talk,85,10,10,Over
5,talk,86,10,9,Over
5,talk,87,10,8,VOTE Agent[14]
5,talk,88,11,8,Over
5,talk,89,11,14,Over
5,talk,90,11,10,Over
5,talk,91,11,2,Over
5,talk,92,11,9,Over
5,talk,93,11,6,Over
5,talk,94,11,13,Over
5,talk,95,11,4,Over
5,vote,2,8
5,vote,4,8
5,vote,6,8
5,vote,8,14
5,vote,9,8
5,vote,10,8
5,vote,13,8
5,vote,14,8
5,execute,8,VILLAGER
5,guard,14,9,VILLAGER
5,attackVote,6,9
5,attack,9,false
6,status,1,VILLAGER,DEAD,hellowolf
6,status,2,MEDIUM,ALIVE,wasabi
6,status,3,VILLAGER,DEAD,hellowolf 2
6,status,4,VILLAGER,ALIVE,fanfan 1
6,status,5,POSSESSED,DEAD,hellowolf 1
6,status,6,WEREWOLF,ALIVE,fanfan 2
6,status,7,WEREWOLF,DEAD,tomato
6,status,8,VILLAGER,DEAD,takeda 1
6,status,9,VILLAGER,ALIVE,takeda 3
6,status,10,VILLAGER,ALIVE,takeda 2
6,status,11,WEREWOLF,DEAD,tomato 1
6,status,12,VILLAGER,DEAD,fanfan
6,status,13,VILLAGER,ALIVE,wasabi 1
6,status,14,BODYGUARD,ALIVE,takeda
6,status,15,SEER,DEAD,HALUemon
6,talk,0,0,6,VOTE Agent[02]
6,talk,1,0,4,VOTE Agent[02]
6,talk,2,0,9,VOTE Agent[14]
6,talk,3,0,13,ESTIMATE Agent[09] VILLAGER
6,talk,4,0,2,IDENTIFIED Agent[08] HUMAN
6,talk,5,0,14,VOTE Agent[13]
6,talk,6,0,10,VOTE Agent[14]
6,talk,7,1,4,VOTE Agent[14]
6,talk,8,1,14,Skip
6,talk,9,1,6,Skip
6,talk,10,1,2,ESTIMATE Agent[06] VILLAGER
6,talk,11,1,10,Skip
6,talk,12,1,13,Skip
6,talk,13,1,9,Skip
6,talk,14,2,10,Skip
6,talk,15,2,4,Skip
6,talk,16,2,6,VOTE Agent[14]
6,talk,17,2,14,Skip
6,talk,18,2,9,Skip
6,talk,19,2,13,Skip
6,talk,20,2,2,ESTIMATE Agent[09] VILLAGER
6,talk,21,3,9,Over
6,talk,22,3,13,VOTE Agent[14]
6,talk,23,3,6,Skip
6,talk,24,3,2,VOTE Agent[14]
6,talk,25,3,4,Skip
6,talk,26,3,14,VOTE Agent[13]
6,talk,27,3,10,Over
6,talk,28,4,2,Skip
6,talk,29,4,4,Over
6,talk,30,4,9,Over
6,talk,31,4,6,Skip
6,talk,32,4,10,Over
6,talk,33,4,14,VOTE Agent[13]
6,talk,34,4,13,Skip
6,talk,35,5,2,Skip
6,talk,36,5,4,Over
6,talk,37,5,13,Skip
6,talk,38,5,6,Over
6,talk,39,5,10,Over
6,talk,40,5,14,VOTE Agent[13]
6,talk,41,5,9,Over
6,talk,42,6,13,VOTE Agent[06]
6,talk,43,6,9,Over
6,talk,44,6,4,Over
6,talk,45,6,2,ESTIMATE Agent[09] VILLAGER
6,talk,46,6,6,Over
6,talk,47,6,10,Over
6,talk,48,6,14,VOTE Agent[13]
6,talk,49,7,2,ESTIMATE Agent[06] WEREWOLF
6,talk,50,7,9,Over
6,talk,51,7,14,VOTE Agent[13]
6,talk,52,7,4,Over
6,talk,53,7,6,Over
6,talk,54,7,13,ESTIMATE Agent[14] WEREWOLF
6,talk,55,7,10,Over
6,talk,56,8,2,ESTIMATE Agent[06] WEREWOLF
6,talk,57,8,10,Over
6,talk,58,8,9,Over
6,talk,59,8,13,Skip
6,talk,60,8,14,VOTE Agent[13]
6,talk,61,8,4,Over
6,talk,62,8,6,Over
6,talk,63,9,4,Over
6,talk,64,9,13,Over
6,talk,65,9,9,Over
6,talk,66,9,6,Over
6,talk,67,9,10,Over
6,talk,68,9,14,VOTE Agent[13]
6,talk,69,9,2,Over
6,talk,70,10,6,Over
6,talk,71,10,9,Over
6,talk,72,10,4,Over
6,talk,73,10,2,Over
6,talk,74,10,10,Over
6,talk,75,10,13,Over
6,talk,76,10,14,VOTE Agent[13]
6,talk,77,11,13,Over
6,talk,78,11,10,Over
6,talk,79,11,9,Over
6,talk,80,11,2,Over
6,talk,81,11,14,VOTE Agent[13]
6,talk,82,11,4,Over
6,talk,83,11,6,Over
6,talk,84,12,13,Over
6,talk,85,12,9,Over
6,talk,86,12,10,Over
6,talk,87,12,4,Over
6,talk,88,12,14,Over
6,talk,89,12,6,Over
6,talk,90,12,2,Over
6,vote,2,14
6,vote,4,14
6,vote,6,14
6,vote,9,14
6,vote,10,14
6,vote,13,6
6,vote,14,13
6,execute,14,BODYGUARD
6,attackVote,6,9
6,attack,9,true
7,status,1,VILLAGER,DEAD,hellowolf
7,status,2,MEDIUM,ALIVE,wasabi
7,status,3,VILLAGER,DEAD,hellowolf 2
7,status,4,VILLAGER,ALIVE,fanfan 1
7,status,5,POSSESSED,DEAD,hellowolf 1
7,status,6,WEREWOLF,ALIVE,fanfan 2
7,status,7,WEREWOLF,DEAD,tomato
7,status,8,VILLAGER,DEAD,takeda 1
7,status,9,VILLAGER,DEAD,takeda 3
7,status,10,VILLAGER,ALIVE,takeda 2
7,status,11,WEREWOLF,DEAD,tomato 1
7,status,12,VILLAGER,DEAD,fanfan
7,status,13,VILLAGER,ALIVE,wasabi 1
7,status,14,BODYGUARD,DEAD,takeda
7,status,15,SEER,DEAD,HALUemon
7,talk,0,0,4,VOTE Agent[02]
7,talk,1,0,10,VOTE Agent[13]
7,talk,2,0,2,IDENTIFIED Agent[14] HUMAN
7,talk,3,0,13,Skip
7,talk,4,0,6,VOTE Agent[02]
7,talk,5,1,4,Skip
7,talk,6,1,6,Skip
7,talk,7,1,2,Skip
7,talk,8,1,13,Skip
7,talk,9,1,10,Skip
7,talk,10,2,4,Skip
7,talk,11,2,6,Skip
7,talk,12,2,10,Skip
7,talk,13,2,2,ESTIMATE Agent[13] VILLAGER
7,talk,14,2,13,ESTIMATE Agent[06] WEREWOLF
7,talk,15,3,4,Over
7,talk,16,3,6,Over
7,talk,17,3,10,Over
7,talk,18,3,13,VOTE Agent[06]
7,talk,19,3,2,VOTE Agent[13]
7,talk,20,4,6,Over
7,talk,21,4,10,Over
7,talk,22,4,4,Over
7,talk,23,4,13,ESTIMATE Agent[10] VILLAGER
7,talk,24,4,2,ESTIMATE Agent[04] VILLAGER
7,talk,25,5,13,ESTIMATE Agent[04] WEREWOLF
7,talk,26,5,6,Over
7,talk,27,5,10,Over
7,talk,28,5,4,Over
7,talk,29,5,2,Skip
7,talk,30,6,4,Over
7,talk,31,6,2,Skip
7,talk,32,6,6,Over
7,talk,33,6,13,Skip
7,talk,34,6,10,Over
7,talk,35,7,13,Skip
7,talk,36,7,2,Over
7,talk,37,7,10,Over
7,talk,38,7,6,Over
7,talk,39,7,4,Over
7,talk,40,8,10,Over
7,talk,41,8,6,Over
7,talk,42,8,4,Over
7,talk,43,8,2,VOTE Agent[06]
7,talk,44,8,13,ESTIMATE Agent[06] WEREWOLF
7,talk,45,9,6,Over
7,talk,46,9,13,Over
7,talk,47,9,4,Over
7,talk,48,9,2,Over
7,talk,49,9,10,Over
7,vote,2,6
7,vote,4,2
7,vote,6,2
7,vote,10,13
7,vote,13,6
7,vote,2,13
7,vote,4,2
7,vote,6,2
7,vote,10,13
7,vote,13,6
7,execute,13,VILLAGER
7,attackVote,6,10
7,attack,10,true
8,status,1,VILLAGER,DEAD,hellowolf
8,status,2,MEDIUM,ALIVE,wasabi
8,status,3,VILLAGER,DEAD,hellowolf 2
8,status,4,VILLAGER,ALIVE,fanfan 1
8,status,5,POSSESSED,DEAD,hellowolf 1
8,status,6,WEREWOLF,ALIVE,fanfan 2
8,status,7,WEREWOLF,DEAD,tomato
8,status,8,VILLAGER,DEAD,takeda 1
8,status,9,VILLAGER,DEAD,takeda 3
8,status,10,VILLAGER,DEAD,takeda 2
8,status,11,WEREWOLF,DEAD,tomato 1
8,status,12,VILLAGER,DEAD,fanfan
8,status,13,VILLAGER,DEAD,wasabi 1
8,status,14,BODYGUARD,DEAD,takeda
8,status,15,SEER,DEAD,HALUemon
8,talk,0,0,6,VOTE Agent[02]
8,talk,1,0,4,VOTE Agent[02]
8,talk,2,0,2,IDENTIFIED Agent[13] HUMAN
8,talk,3,1,6,Skip
8,talk,4,1,2,ESTIMATE Agent[06] VILLAGER
8,talk,5,1,4,Skip
8,talk,6,2,6,Skip
8,talk,7,2,4,Skip
8,talk,8,2,2,Skip
8,talk,9,3,4,Over
8,talk,10,3,2,VOTE Agent[04]
8,talk,11,3,6,Over
8,talk,12,4,4,Over
8,talk,13,4,6,Over
8,talk,14,4,2,Skip
8,talk,15,5,4,Over
8,talk,16,5,2,REQUEST ANY (VOTE Agent[04])
8,talk,17,5,6,Over
8,talk,18,6,6,Over
8,talk,19,6,4,Over
8,talk,20,6,2,Skip
8,talk,21,7,4,Over
8,talk,22,7,2,Skip
8,talk,23,7,6,Over
8,talk,24,8,6,Over
8,talk,25,8,4,Over
8,talk,26,8,2,ESTIMATE Agent[06] VILLAGER
8,talk,27,9,4,Over
8,talk,28,9,6,Over
8,talk,29,9,2,Over
8,vote,2,4
8,vote,4,2
8,vote,6,2
8,execute,2,MEDIUM
8,attackVote,6,4
8,attack,4,true
9,status,1,VILLAGER,DEAD,hellowolf
9,status,2,MEDIUM,DEAD,wasabi
9,status,3,VILLAGER,DEAD,hellowolf 2
9,status,4,VILLAGER,DEAD,fanfan 1
9,status,5,POSSESSED,DEAD,hellowolf 1
9,status,6,WEREWOLF,ALIVE,fanfan 2
9,status,7,WEREWOLF,DEAD,tomato
9,status,8,VILLAGER,DEAD,takeda 1
9,status,9,VILLAGER,DEAD,takeda 3
9,status,10,VILLAGER,DEAD,takeda 2
9,status,11,WEREWOLF,DEAD,tomato 1
9,status,12,VILLAGER,DEAD,fanfan
9,status,13,VILLAGER,DEAD,wasabi 1
9,status,14,BODYGUARD,DEAD,takeda
9,status,15,SEER,DEAD,HALUemon
9,result,0,1,WEREWOLF
