0,status,1,VILLAGER,ALIVE,hellowolf
0,status,2,VILLAGER,ALIVE,wasabi
0,status,3,VILLAGER,ALIVE,hellowolf 2
0,status,4,WEREWOLF,ALIVE,fanfan 1
0,status,5,WEREWOLF,ALIVE,hellowolf 1
0,status,6,VILLAGER,ALIVE,fanfan 2
0,status,7,MEDIUM,ALIVE,tomato
0,status,8,VILLAGER,ALIVE,takeda 1
0,status,9,VILLAGER,ALIVE,takeda 3
0,status,10,POSSESSED,ALIVE,takeda 2
0,status,11,VILLAGER,ALIVE,tomato 1
0,status,12,WEREWOLF,ALIVE,fanfan
0,status,13,VILLAGER,ALIVE,wasabi 1
0,status,14,SEER,ALIVE,takeda
0,status,15,BODYGUARD,ALIVE,HALUemon
0,whisper,0,0,5,COMINGOUT Agent[05] VILLAGER
0,whisper,1,0,4,COMINGOUT Agent[04] VILLAGER
0,whisper,2,0,12,COMINGOUT Agent[12] VILLAGER
0,whisper,3,1,4,Skip
0,whisper,4,1,5,Skip
0,whisper,5,1,12,Skip
0,whisper,6,2,5,Skip
0,whisper,7,2,12,Skip
0,whisper,8,2,4,Skip
0,whisper,9,3,4,Over
0,whisper,10,3,12,Over
0,whisper,11,3,5,Over
0,divine,14,4,WEREWOLF
1,status,1,VILLAGER,ALIVE,hellowolf
1,status,2,VILLAGER,ALIVE,wasabi
1,status,3,VILLAGER,ALIVE,hellowolf 2
1,status,4,WEREWOLF,ALIVE,fanfan 1
1,status,5,WEREWOLF,ALIVE,hellowolf 1
1,status,6,VILLAGER,ALIVE,fanfan 2
1,status,7,MEDIUM,ALIVE,tomato
1,status,8,VILLAGER,ALIVE,takeda 1
1,status,9,VILLAGER,ALIVE,takeda 3
1,status,10,POSSESSED,ALIVE,takeda 2
1,status,11,VILLAGER,ALIVE,tomato 1
1,status,12,WEREWOLF,ALIVE,fanfan
1,status,13,VILLAGER,ALIVE,wasabi 1
1,status,14,SEER,ALIVE,takeda
1,status,15,BODYGUARD,ALIVE,HALUemon
1,talk,0,0,14,COMINGOUT Agent[14] SEER
1,talk,1,0,4,VOTE Agent[03]
1,talk,2,0,5,VOTE Agent[03]
1,talk,3,0,10,COMINGOUT Agent[10] SEER
1,talk,4,0,6,VOTE Agent[14]
1,talk,5,0,13,ESTIMATE Agent[12] WEREWOLF
1,talk,6,0,15,VOTE Agent[11]
1,talk,7,0,11,VOTE Agent[10]
1,talk,8,0,3,VOTE Agent[14]
1,talk,9,0,1,VOTE Agent[06]
1,talk,10,0,12,VOTE Agent[03]
1,talk,11,0,7,COMINGOUT Agent[07] MEDIUM
1,talk,12,0,9,VOTE Agent[11]
1,talk,13,0,8,VOTE Agent[14]
1,talk,14,0,2,Skip
1,talk,15,1,1,VOTE Agent[11]
1,talk,16,1,10,DIVINED Agent[13] WEREWOLF
1,talk,17,1,4,Skip
1,talk,18,1,7,VOTE Agent[03]
1,talk,19,1,11,VOTE Agent[03]
1,talk,20,1,15,VOTE Agent[14]
1,talk,21,1,9,VOTE Agent[04]
1,talk,22,1,14,DIVINED Agent[04] WEREWOLF
1,talk,23,1,2,Skip
1,talk,24,1,5,Skip
1,talk,25,1,3,VOTE Agent[15]
1,talk,26,1,8,VOTE Agent[03]
1,talk,27,1,6,VOTE Agent[11]
1,talk,28,1,13,ESTIMATE Agent[05] VILLAGER
1,talk,29,1,12,Skip
1,talk,30,2,9,Skip
1,talk,31,2,14,VOTE Agent[04]
1,talk,32,2,5,Skip
1,talk,33,2,6,VOTE Agent[04]
1,talk,34,2,15,VOTE Agent[04]
1,talk,35,2,2,ESTIMATE Agent[15] VILLAGER
1,talk,36,2,8,VOTE Agent[15]
1,talk,37,2,3,VOTE Agent[04]
1,talk,38,2,11,Skip
1,talk,39,2,1,VOTE Agent[04]
1,talk,40,2,12,Skip
1,talk,41,2,10,VOTE Agent[13]
1,talk,42,2,4,Skip
1,talk,43,2,7,Skip
1,talk,44,2,13,ESTIMATE Agent[08] VILLAGER
1,talk,45,3,14,VOTE Agent[04]
1,talk,46,3,3,Skip
1,talk,47,3,5,Over
1,talk,48,3,6,Skip
1,talk,49,3,1,Skip
1,talk,50,3,9,Skip
1,talk,51,3,7,VOTE Agent[04]
1,talk,52,3,12,Over
1,talk,53,3,11,VOTE Agent[04]
1,talk,54,3,10,Skip
1,talk,55,3,2,VOTE Agent[04]
1,talk,56,3,15,VOTE Agent[13]
1,talk,57,3,4,Over
1,talk,58,3,13,VOTE Agent[04]
1,talk,59,3,8,VOTE Agent[04]
1,talk,60,4,1,Skip
1,talk,61,4,4,Over
1,talk,62,4,12,VOTE Agent[04]
1,talk,63,4,13,Skip
1,talk,64,4,15,VOTE Agent[13]
1,talk,65,4,6,Skip
1,talk,66,4,9,Over
1,talk,67,4,10,Skip
1,talk,68,4,8,Skip
1,talk,69,4,14,VOTE Agent[04]
1,talk,70,4,3,Skip
1,talk,71,4,2,Skip
1,talk,72,4,5,VOTE Agent[04]
1,talk,73,4,7,Skip
1,talk,74,4,11,Skip
1,talk,75,5,13,Skip
1,talk,76,5,7,Skip
1,talk,77,5,2,ESTIMATE Agent[05] VILLAGER
1,talk,78,5,4,VOTE Agent[13]
1,talk,79,5,10,Over
1,talk,80,5,3,Over
1,talk,81,5,8,Skip
1,talk,82,5,11,Skip
1,talk,83,5,5,Skip
1,talk,84,5,1,Over
1,talk,85,5,9,Over
1,talk,86,5,6,Over
1,talk,87,5,14,VOTE Agent[04]
1,talk,88,5,12,Skip
1,talk,89,5,15,VOTE Agent[13]
1,talk,90,6,6,Over
1,talk,91,6,4,Skip
1,talk,92,6,3,Over
1,talk,93,6,5,Skip
1,talk,94,6,13,ESTIMATE Agent[04] WEREWOLF
1,talk,95,6,7,Over
1,talk,96,6,12,Skip
1,talk,97,6,1,Over
1,talk,98,6,9,Over
1,talk,99,6,14,VOTE Agent[04]
1,talk,100,6,15,VOTE Agent[13]
1,talk,101,6,2,ESTIMATE Agent[04] WEREWOLF
1,talk,102,6,8,Over
1,talk,103,6,11,Over
1,talk,104,6,10,Over
1,talk,105,7,2,ESTIMATE Agent[08] VILLAGER
1,talk,106,7,8,Over
1,talk,107,7,3,Over
1,talk,108,7,7,Over
1,talk,109,7,14,VOTE Agent[04]
1,talk,110,7,1,Over
1,talk,111,7,13,Skip
1,talk,112,7,6,Over
1,talk,113,7,10,Over
1,talk,114,7,4,Skip
1,talk,115,7,12,Over
1,talk,116,7,9,Over
1,talk,117,7,11,Over
1,talk,118,7,5,Over
1,talk,119,7,15,VOTE Agent[13]
1,talk,120,8,3,Over
1,talk,121,8,12,Over
1,talk,122,8,4,Over
1,talk,123,8,14,VOTE Agent[04]
1,talk,124,8,8,Over
1,talk,125,8,9,Over
1,talk,126,8,11,Over
1,talk,127,8,10,Over
1,talk,128,8,7,Over
1,talk,129,8,15,VOTE Agent[13]
1,talk,130,8,1,Over
1,talk,131,8,2,ESTIMATE Agent[11] VILLAGER
1,talk,132,8,13,REQUEST ANY (VOTE Agent[04])
1,talk,133,8,5,Over
1,talk,134,8,6,Over
1,talk,135,9,10,Over
1,talk,136,9,4,Over
1,talk,137,9,3,Over
1,talk,138,9,14,VOTE Agent[04]
1,talk,139,9,9,Over
1,talk,140,9,2,Over
1,talk,141,9,5,Over
1,talk,142,9,12,Over
1,talk,143,9,11,Over
1,talk,144,9,6,Over
1,talk,145,9,7,Over
1,talk,146,9,15,Over
1,talk,147,9,13,Over
1,talk,148,9,8,Over
1,talk,149,9,1,Over
1,talk,150,10,8,Over
1,talk,151,10,4,Over
1,talk,152,10,12,Over
1,talk,153,10,9,Over
1,talk,154,10,14,Over
1,talk,155,10,15,Over
1,talk,156,10,3,Over
1,talk,157,10,6,Over
1,talk,158,10,5,Over
1,talk,159,10,10,Over
1,talk,160,10,13,Over
1,talk,161,10,11,Over
1,talk,162,10,7,Over
1,talk,163,10,2,Over
1,talk,164,10,1,Over
1,vote,1,4
1,vote,2,4
1,vote,3,4
1,vote,4,13
1,vote,5,4
1,vote,6,4
1,vote,7,4
1,vote,8,4
1,vote,9,4
1,vote,10,13
1,vote,11,4
1,vote,12,4
1,vote,13,4
1,vote,14,4
1,vote,15,13
1,execute,4,WEREWOLF
1,divine,14,15,HUMAN
1,whisper,0,0,12,ESTIMATE Agent[10] POSSESSED
1,whisper,1,0,5,ESTIMATE Agent[10] POSSESSED
1,whisper,2,1,5,ATTACK Agent[01]
1,whisper,3,1,12,ATTACK Agent[01]
1,whisper,4,2,5,Skip
1,whisper,5,2,12,Skip
1,whisper,6,3,5,Skip
1,whisper,7,3,12,Skip
1,whisper,8,4,12,Over
1,whisper,9,4,5,Over
1,guard,15,7,MEDIUM
1,attackVote,5,1
1,attackVote,12,1
1,attack,1,true
2,status,1,VILLAGER,DEAD,hellowolf
2,status,2,VILLAGER,ALIVE,wasabi
2,status,3,VILLAGER,ALIVE,hellowolf 2
2,status,4,WEREWOLF,DEAD,fanfan 1
2,status,5,WEREWOLF,ALIVE,hellowolf 1
2,status,6,VILLAGER,ALIVE,fanfan 2
2,status,7,MEDIUM,ALIVE,tomato
2,status,8,VILLAGER,ALIVE,takeda 1
2,status,9,VILLAGER,ALIVE,takeda 3
2,status,10,POSSESSED,ALIVE,takeda 2
2,status,11,VILLAGER,ALIVE,tomato 1
2,status,12,WEREWOLF,ALIVE,fanfan
2,status,13,VILLAGER,ALIVE,wasabi 1
2,status,14,SEER,ALIVE,takeda
2,status,15,BODYGUARD,ALIVE,HALUemon
2,talk,0,0,5,VOTE Agent[13]
2,talk,1,0,14,DIVINED Agent[15] HUMAN
2,talk,2,0,15,VOTE Agent[13]
2,talk,3,0,8,VOTE Agent[15]
2,talk,4,0,9,VOTE Agent[15]
2,talk,5,0,3,VOTE Agent[15]
2,talk,6,0,11,VOTE Agent[10]
2,talk,7,0,13,ESTIMATE Agent[10] WEREWOLF
2,talk,8,0,2,ESTIMATE Agent[12] VILLAGER
2,talk,9,0,10,DIVINED Agent[15] HUMAN
2,talk,10,0,7,IDENTIFIED Agent[04] WEREWOLF
2,talk,11,0,6,VOTE Agent[13]
2,talk,12,0,12,VOTE Agent[13]
2,talk,13,1,11,VOTE Agent[13]
2,talk,14,1,10,VOTE Agent[13]
2,talk,15,1,9,VOTE Agent[02]
2,talk,16,1,2,ESTIMATE Agent[07] MEDIUM
2,talk,17,1,14,VOTE Agent[02]
2,talk,18,1,3,VOTE Agent[05]
2,talk,19,1,8,VOTE Agent[02]
2,talk,20,1,7,VOTE Agent[13]
2,talk,21,1,13,Skip
2,talk,22,1,12,Skip
2,talk,23,1,15,VOTE Agent[13]
2,talk,24,1,5,Skip
2,talk,25,1,6,VOTE Agent[11]
2,talk,26,2,2,Skip
2,talk,27,2,7,Skip
2,talk,28,2,5,Skip
2,talk,29,2,11,Skip
2,talk,30,2,13,ESTIMATE Agent[14] SEER
2,talk,31,2,3,Skip
2,talk,32,2,15,VOTE Agent[13]
2,talk,33,2,10,Skip
2,talk,34,2,14,VOTE Agent[12]
2,talk,35,2,12,Skip
2,talk,36,2,8,VOTE Agent[12]
2,talk,37,2,6,Skip
2,talk,38,2,9,VOTE Agent[12]
2,talk,39,3,13,VOTE Agent[11]
2,talk,40,3,10,Skip
2,talk,41,3,15,VOTE Agent[13]
2,talk,42,3,11,Skip
2,talk,43,3,6,Skip
2,talk,44,3,7,Skip
2,talk,45,3,14,VOTE Agent[12]
2,talk,46,3,2,VOTE Agent[13]
2,talk,47,3,3,Skip
2,talk,48,3,12,Over
2,talk,49,3,9,Skip
2,talk,50,3,5,Over
2,talk,51,3,8,Skip
2,talk,52,4,13,ESTIMATE Agent[12] WEREWOLF
2,talk,53,4,7,Over
2,talk,54,4,6,Over
2,talk,55,4,2,Skip
2,talk,56,4,12,Over
2,talk,57,4,14,VOTE Agent[12]
2,talk,58,4,3,Over
2,talk,59,4,11,Over
2,talk,60,4,5,Over
2,talk,61,4,10,Over
2,talk,62,4,8,VOTE Agent[13]
2,talk,63,4,15,VOTE Agent[13]
2,talk,64,4,9,VOTE Agent[13]
2,talk,65,5,6,Over
2,talk,66,5,15,VOTE Agent[13]
2,talk,67,5,3,Over
2,talk,68,5,8,Skip
2,talk,69,5,10,Over
2,talk,70,5,12,Over
2,talk,71,5,7,Over
2,talk,72,5,9,Skip
2,talk,73,5,13,ESTIMATE Agent[02] WEREWOLF
2,talk,74,5,2,Skip
2,talk,75,5,14,VOTE Agent[12]
2,talk,76,5,5,Over
2,talk,77,5,11,Over
2,talk,78,6,13,Skip
2,talk,79,6,6,Over
2,talk,80,6,12,Over
2,talk,81,6,9,Skip
2,talk,82,6,15,VOTE Agent[13]
2,talk,83,6,5,Over
2,talk,84,6,7,Over
2,talk,85,6,8,Skip
2,talk,86,6,2,REQUEST ANY (VOTE Agent[13])
2,talk,87,6,3,Over
2,talk,88,6,10,Over
2,talk,89,6,14,VOTE Agent[12]
2,talk,90,6,11,Over
2,talk,91,7,6,Over
2,talk,92,7,14,VOTE Agent[12]
2,talk,93,7,7,Over
2,talk,94,7,11,Over
2,talk,95,7,2,Skip
2,talk,96,7,15,VOTE Agent[13]
2,talk,97,7,12,Over
2,talk,98,7,10,Over
2,talk,99,7,9,Over
2,talk,100,7,5,Over
2,talk,101,7,8,Over
2,talk,102,7,3,Over
2,talk,103,7,13,Skip
2,talk,104,8,13,VOTE Agent[12]
2,talk,105,8,2,Skip
2,talk,106,8,10,Over
2,talk,107,8,6,Over
2,talk,108,8,3,Over
2,talk,109,8,15,VOTE Agent[13]
2,talk,110,8,11,Over
2,talk,111,8,7,Over
2,talk,112,8,8,Over
2,talk,113,8,5,Over
2,talk,114,8,12,Over
2,talk,115,8,9,Over
2,talk,116,8,14,VOTE Agent[12]
2,talk,117,9,7,Over
2,talk,118,9,10,Over
2,talk,119,9,9,Over
2,talk,120,9,5,Over
2,talk,121,9,13,Over
2,talk,122,9,11,Over
2,talk,123,9,3,Over
2,talk,124,9,12,Over
2,talk,125,9,8,Over
2,talk,126,9,2,Over
2,talk,127,9,6,Over
2,talk,128,9,15,Over
2,talk,129,9,14,VOTE Agent[12]
2,talk,130,10,10,Over
2,talk,131,10,13,Over
2,talk,132,10,15,Over
2,talk,133,10,3,Over
2,talk,134,10,7,Over
2,talk,135,10,2,Over
2,talk,136,10,11,Over
2,talk,137,10,6,Over
2,talk,138,10,9,Over
2,talk,139,10,5,Over
2,talk,140,10,8,Over
2,talk,141,10,12,Over
2,talk,142,10,14,Over
2,vote,2,13
2,vote,3,5
2,vote,5,13
2,vote,6,11
2,vote,7,13
2,vote,8,13
2,vote,9,13
2,vote,10,13
2,vote,11,13
2,vote,12,13
2,vote,13,12
2,vote,14,12
2,vote,15,13
2,execute,13,VILLAGER
2,divine,14,12,WEREWOLF
2,whisper,0,0,5,ATTACK Agent[03]
2,whisper,1,0,12,ATTACK Agent[03]
2,whisper,2,1,5,Skip
2,whisper,3,1,12,Skip
2,whisper,4,2,12,Skip
2,whisper,5,2,5,Skip
2,whisper,6,3,5,Over
2,whisper,7,3,12,Over
2,guard,15,10,POSSESSED
2,attackVote,5,3
2,attackVote,12,3
2,attack,3,true
3,status,1,VILLAGER,DEAD,hellowolf
3,status,2,VILLAGER,ALIVE,wasabi
3,status,3,VILLAGER,DEAD,hellowolf 2
3,status,4,WEREWOLF,DEAD,fanfan 1
3,status,5,WEREWOLF,ALIVE,hellowolf 1
3,status,6,VILLAGER,ALIVE,fanfan 2
3,status,7,MEDIUM,ALIVE,tomato
3,status,8,VILLAGER,ALIVE,takeda 1
3,status,9,VILLAGER,ALIVE,takeda 3
3,status,10,POSSESSED,ALIVE,takeda 2
3,status,11,VILLAGER,ALIVE,tomato 1
3,status,12,WEREWOLF,ALIVE,fanfan
3,status,13,VILLAGER,DEAD,wasabi 1
3,status,14,SEER,ALIVE,takeda
3,status,15,BODYGUARD,ALIVE,HALUemon
3,talk,0,0,5,VOTE Agent[02]
3,talk,1,0,7,IDENTIFIED Agent[13] HUMAN
3,talk,2,0,12,VOTE Agent[14]
3,talk,3,0,11,VOTE Agent[15]
3,talk,4,0,10,DIVINED Agent[09] WEREWOLF
3,talk,5,0,8,VOTE Agent[12]
3,talk,6,0,15,VOTE Agent[05]
3,talk,7,0,14,DIVINED Agent[12] WEREWOLF
3,talk,8,0,2,ESTIMATE Agent[10] WEREWOLF
3,talk,9,0,9,VOTE Agent[12]
3,talk,10,0,6,VOTE Agent[05]
3,talk,11,1,9,Skip
3,talk,12,1,14,VOTE Agent[12]
3,talk,13,1,10,VOTE Agent[09]
3,talk,14,1,6,VOTE Agent[12]
3,talk,15,1,7,VOTE Agent[05]
3,talk,16,1,15,VOTE Agent[12]
3,talk,17,1,11,VOTE Agent[05]
3,talk,18,1,5,Skip
3,talk,19,1,8,Skip
3,talk,20,1,2,Skip
3,talk,21,1,12,Skip
3,talk,22,2,14,VOTE Agent[12]
3,talk,23,2,9,Skip
3,talk,24,2,12,Skip
3,talk,25,2,2,ESTIMATE Agent[10] WEREWOLF
3,talk,26,2,7,VOTE Agent[12]
3,talk,27,2,5,Skip
3,talk,28,2,10,Skip
3,talk,29,2,15,VOTE Agent[12]
3,talk,30,2,11,VOTE Agent[12]
3,talk,31,2,8,Skip
3,talk,32,2,6,Skip
3,talk,33,3,8,Over
3,talk,34,3,7,Skip
3,talk,35,3,14,VOTE Agent[12]
3,talk,36,3,12,Over
3,talk,37,3,10,Skip
3,talk,38,3,9,Over
3,talk,39,3,5,Over
3,talk,40,3,2,VOTE Agent[12]
3,talk,41,3,11,Skip
3,talk,42,3,15,VOTE Agent[12]
3,talk,43,3,6,Skip
3,talk,44,4,11,Skip
3,talk,45,4,2,ESTIMATE Agent[12] WEREWOLF
3,talk,46,4,14,VOTE Agent[12]
3,talk,47,4,7,Skip
3,talk,48,4,8,Over
3,talk,49,4,15,VOTE Agent[12]
3,talk,50,4,9,Over
3,talk,51,4,12,Over
3,talk,52,4,5,Over
3,talk,53,4,6,Over
3,talk,54,4,10,Over
3,talk,55,5,7,Over
3,talk,56,5,8,Over
3,talk,57,5,5,Over
3,talk,58,5,10,Over
3,talk,59,5,11,Over
3,talk,60,5,9,Over
3,talk,61,5,15,VOTE Agent[12]
3,talk,62,5,6,Over
3,talk,63,5,14,VOTE Agent[12]
3,talk,64,5,2,Skip
3,talk,65,5,12,Over
3,talk,66,6,7,Over
3,talk,67,6,6,Over
3,talk,68,6,9,Over
3,talk,69,6,8,Over
3,talk,70,6,10,Over
3,talk,71,6,12,Over
3,talk,72,6,14,VOTE Agent[12]
3,talk,73,6,2,REQUEST ANY (VOTE Agent[12])
3,talk,74,6,15,VOTE Agent[12]
3,talk,75,6,11,Over
3,talk,76,6,5,Over
3,talk,77,7,14,VOTE Agent[12]
3,talk,78,7,7,Over
3,talk,79,7,15,VOTE Agent[12]
3,talk,80,7,10,Over
3,talk,81,7,9,Over
3,talk,82,7,8,Over
3,talk,83,7,2,ESTIMATE Agent[14] SEER
3,talk,84,7,6,Over
3,talk,85,7,12,Over
3,talk,86,7,5,Over
3,talk,87,7,11,Over
3,talk,88,8,6,Over
3,talk,89,8,9,Over
3,talk,90,8,14,VOTE Agent[12]
3,talk,91,8,11,Over
3,talk,92,8,12,Over
3,talk,93,8,8,Over
3,talk,94,8,7,Over
3,talk,95,8,10,Over
3,talk,96,8,5,Over
3,talk,97,8,15,VOTE Agent[12]
3,talk,98,8,2,ESTIMATE Agent[12] WEREWOLF
3,talk,99,9,15,Over
3,talk,100,9,8,Over
3,talk,101,9,11,Over
3,talk,102,9,14,VOTE Agent[12]
3,talk,103,9,10,Over
3,talk,104,9,7,Over
3,talk,105,9,5,Over
3,talk,106,9,2,Over
3,talk,107,9,12,Over
3,talk,108,9,6,Over
3,talk,109,9,9,Over
3,talk,110,10,12,Over
3,talk,111,10,15,Over
3,talk,112,10,6,Over
3,talk,113,10,5,Over
3,talk,114,10,11,Over
3,talk,115,10,10,Over
3,talk,116,10,7,Over
3,talk,117,10,14,Over
3,talk,118,10,9,Over
3,talk,119,10,2,Over
3,talk,120,10,8,Over
3,vote,2,12
3,vote,5,2
3,vote,6,12
3,vote,7,12
3,vote,8,12
3,vote,9,12
3,vote,10,14
3,vote,11,12
3,vote,12,14
3,vote,14,12
3,vote,15,12
3,execute,12,WEREWOLF
3,divine,14,6,HUMAN
3,guard,15,14,SEER
3,attackVote,5,14
3,attack,14,false
4,status,1,VILLAGER,DEAD,hellowolf
4,status,2,VILLAGER,ALIVE,wasabi
4,status,3,VILLAGER,DEAD,hellowolf 2
4,status,4,WEREWOLF,DEAD,fanfan 1
4,status,5,WEREWOLF,ALIVE,hellowolf 1
4,status,6,VILLAGER,ALIVE,fanfan 2
4,status,7,MEDIUM,ALIVE,tomato
4,status,8,VILLAGER,ALIVE,takeda 1
4,status,9,VILLAGER,ALIVE,takeda 3
4,status,10,POSSESSED,ALIVE,takeda 2
4,status,11,VILLAGER,ALIVE,tomato 1
4,status,12,WEREWOLF,DEAD,fanfan
4,status,13,VILLAGER,DEAD,wasabi 1
4,status,14,SEER,ALIVE,takeda
4,status,15,BODYGUARD,ALIVE,HALUemon
4,talk,0,0,15,VOTE Agent[08]
4,talk,1,0,11,VOTE Agent[14]
4,talk,2,0,10,DIVINED Agent[11] WEREWOLF
4,talk,3,0,9,VOTE Agent[06]
4,talk,4,0,14,DIVINED Agent[06] HUMAN
4,talk,5,0,6,VOTE Agent[05]
4,talk,6,0,2,ESTIMATE Agent[15] VILLAGER
4,talk,7,0,8,VOTE Agent[06]
4,talk,8,0,5,VOTE Agent[02]
4,talk,9,0,7,IDENTIFIED Agent[12] WEREWOLF
4,talk,10,1,15,VOTE Agent[02]
4,talk,11,1,5,VOTE Agent[06]
4,talk,12,1,14,VOTE Agent[05]
4,talk,13,1,8,VOTE Agent[05]
4,talk,14,1,9,VOTE Agent[05]
4,talk,15,1,7,VOTE Agent[06]
4,talk,16,1,2,Skip
4,talk,17,1,10,VOTE Agent[09]
4,talk,18,1,6,VOTE Agent[02]
4,talk,19,1,11,VOTE Agent[06]
4,talk,20,2,8,Skip
4,talk,21,2,2,Skip
4,talk,22,2,10,Skip
4,talk,23,2,14,VOTE Agent[08]
4,talk,24,2,9,VOTE Agent[08]
4,talk,25,2,6,VOTE Agent[05]
4,talk,26,2,11,VOTE Agent[05]
4,talk,27,2,15,VOTE Agent[09]
4,talk,28,2,7,VOTE Agent[05]
4,talk,29,2,5,Skip
4,talk,30,3,15,VOTE Agent[08]
4,talk,31,3,8,Skip
4,talk,32,3,9,Skip
4,talk,33,3,7,Skip
4,talk,34,3,5,VOTE Agent[08]
4,talk,35,3,10,Skip
4,talk,36,3,6,Skip
4,talk,37,3,11,Skip
4,talk,38,3,14,VOTE Agent[08]
4,talk,39,3,2,VOTE Agent[11]
4,talk,40,4,9,Skip
4,talk,41,4,6,Skip
4,talk,42,4,8,Over
4,talk,43,4,10,Over
4,talk,44,4,14,VOTE Agent[08]
4,talk,45,4,5,Skip
4,talk,46,4,15,VOTE Agent[08]
4,talk,47,4,11,Skip
4,talk,48,4,7,Skip
4,talk,49,4,2,Skip
4,talk,50,5,6,Over
4,talk,51,5,2,ESTIMATE Agent[06] VILLAGER
4,talk,52,5,15,VOTE Agent[08]
4,talk,53,5,9,Over
4,talk,54,5,5,Skip
4,talk,55,5,11,VOTE Agent[08]
4,talk,56,5,14,VOTE Agent[08]
4,talk,57,5,8,Over
4,talk,58,5,7,VOTE Agent[08]
4,talk,59,5,10,Over
4,talk,60,6,7,Skip
4,talk,61,6,6,Over
4,talk,62,6,2,ESTIMATE Agent[10] WEREWOLF
4,talk,63,6,15,VOTE Agent[05]
4,talk,64,6,10,Over
4,talk,65,6,8,VOTE Agent[05]
4,talk,66,6,14,VOTE Agent[08]
4,talk,67,6,11,Skip
4,talk,68,6,9,Over
4,talk,69,6,5,Over
4,talk,70,7,5,Over
4,talk,71,7,2,ESTIMATE Agent[05] VILLAGER
4,talk,72,7,9,Over
4,talk,73,7,14,VOTE Agent[08]
4,talk,74,7,11,Skip
4,talk,75,7,8,VOTE Agent[05]
4,talk,76,7,6,Over
4,talk,77,7,7,Skip
4,talk,78,7,15,VOTE Agent[05]
4,talk,79,7,10,Over
4,talk,80,8,14,VOTE Agent[08]
4,talk,81,8,8,VOTE Agent[05]
4,talk,82,8,2,REQUEST ANY (DIVINATION Agent[05])
4,talk,83,8,5,Over
4,talk,84,8,9,Over
4,talk,85,8,7,Over
4,talk,86,8,11,Over
4,talk,87,8,10,Over
4,talk,88,8,6,Over
4,talk,89,8,15,VOTE Agent[05]
4,talk,90,9,15,Over
4,talk,91,9,8,VOTE Agent[05]
4,talk,92,9,14,VOTE Agent[08]
4,talk,93,9,11,Over
4,talk,94,9,7,Over
4,talk,95,9,9,Over
4,talk,96,9,10,Over
4,talk,97,9,5,Over
4,talk,98,9,6,Over
4,talk,99,9,2,Over
4,talk,100,10,14,Over
4,talk,101,10,8,VOTE Agent[05]
4,talk,102,10,10,Over
4,talk,103,10,2,Over
4,talk,104,10,11,Over
4,talk,105,10,6,Over
4,talk,106,10,7,Over
4,talk,107,10,15,Over
4,talk,108,10,5,Over
4,talk,109,10,9,Over
4,talk,110,11,9,Over
4,talk,111,11,5,Over
4,talk,112,11,8,VOTE Agent[05]
4,talk,113,11,11,Over
4,talk,114,11,6,Over
4,talk,115,11,7,Over
4,talk,116,11,10,Over
4,talk,117,11,15,Over
4,talk,118,11,14,Over
4,talk,119,11,2,Over
4,talk,120,12,7,VOTE Agent[05]
4,talk,121,12,11,VOTE Agent[05]
4,talk,122,12,6,Over
4,talk,123,12,8,VOTE Agent[05]
4,talk,124,12,9,Over
4,talk,125,12,2,Over
4,talk,126,12,15,Over
4,talk,127,12,14,Over
4,talk,128,12,10,Over
4,talk,129,12,5,Over
4,talk,130,13,8,Skip
4,talk,131,13,9,VOTE Agent[05]
4,talk,132,13,5,Over
4,talk,133,13,7,Skip
4,talk,134,13,2,Over
4,talk,135,13,15,Over
4,talk,136,13,11,Skip
4,talk,137,13,6,Over
4,talk,138,13,14,Over
4,talk,139,13,10,Over
4,talk,140,14,14,Over
4,talk,141,14,15,Over
4,talk,142,14,5,Over
4,talk,143,14,7,Skip
4,talk,144,14,2,Over
4,talk,145,14,6,Over
4,talk,146,14,8,Skip
4,talk,147,14,11,Skip
4,talk,148,14,9,Skip
4,talk,149,14,10,Over
4,talk,150,15,9,Skip
4,talk,151,15,14,Over
4,talk,152,15,5,Over
4,talk,153,15,2,Over
4,talk,154,15,6,Over
4,talk,155,15,11,Over
4,talk,156,15,7,Over
4,talk,157,15,10,Over
4,talk,158,15,15,Over
4,talk,159,15,8,Over
4,talk,160,16,6,Over
4,talk,161,16,15,Over
4,talk,162,16,2,Over
4,talk,163,16,11,Over
4,talk,164,16,14,Over
4,talk,165,16,7,Over
4,talk,166,16,10,Over
4,talk,167,16,5,Over
4,talk,168,16,8,Over
4,talk,169,16,9,Over
4,vote,2,11
4,vote,5,8
4,vote,6,5
4,vote,7,5
4,vote,8,5
4,vote,9,5
4,vote,10,5
4,vote,11,5
4,vote,14,8
4,vote,15,8
4,execute,5,WEREWOLF
4,divine,14,8,HUMAN
4,guard,15,14,SEER
5,status,1,VILLAGER,DEAD,hellowolf
5,status,2,VILLAGER,ALIVE,wasabi
5,status,3,VILLAGER,DEAD,hellowolf 2
5,status,4,WEREWOLF,DEAD,fanfan 1
5,status,5,WEREWOLF,DEAD,hellowolf 1
5,status,6,VILLAGER,ALIVE,fanfan 2
5,status,7,MEDIUM,ALIVE,tomato
5,status,8,VILLAGER,ALIVE,takeda 1
5,status,9,VILLAGER,ALIVE,takeda 3
5,status,10,POSSESSED,ALIVE,takeda 2
5,status,11,VILLAGER,ALIVE,tomato 1
5,status,12,WEREWOLF,DEAD,fanfan
5,status,13,VILLAGER,DEAD,wasabi 1
5,status,14,SEER,ALIVE,takeda
5,status,15,BODYGUARD,ALIVE,HALUemon
5,result,9,0,VILLAGER
