0,status,1,VILLAGER,ALIVE,hellowolf
0,status,2,VILLAGER,ALIVE,wasabi
0,status,3,BODYGUARD,ALIVE,hellowolf 2
0,status,4,VILLAGER,ALIVE,fanfan 1
0,status,5,VILLAGER,ALIVE,hellowolf 1
0,status,6,WEREWOLF,ALIVE,fanfan 2
0,status,7,WEREWOLF,ALIVE,tomato
0,status,8,SEER,ALIVE,takeda 1
0,status,9,VILLAGER,ALIVE,takeda 3
0,status,10,VILLAGER,ALIVE,takeda 2
0,status,11,WEREWOLF,ALIVE,tomato 1
0,status,12,VILLAGER,ALIVE,fanfan
0,status,13,POSSESSED,ALIVE,wasabi 1
0,status,14,VILLAGER,ALIVE,takeda
0,status,15,MEDIUM,ALIVE,HALUemon
0,whisper,0,0,11,COMINGOUT Agent[11] VILLAGER
0,whisper,1,0,6,COMINGOUT Agent[06] VILLAGER
0,whisper,2,0,7,COMINGOUT Agent[07] VILLAGER
0,whisper,3,1,6,Skip
0,whisper,4,1,7,Skip
0,whisper,5,1,11,Skip
0,whisper,6,2,11,Skip
0,whisper,7,2,7,COMINGOUT Agent[07] SEER
0,whisper,8,2,6,Skip
0,whisper,9,3,7,Skip
0,whisper,10,3,11,Over
0,whisper,11,3,6,Over
0,whisper,12,4,7,Skip
0,whisper,13,4,11,Over
0,whisper,14,4,6,Over
0,whisper,15,5,7,Over
0,whisper,16,5,11,Over
0,whisper,17,5,6,Over
0,divine,8,4,HUMAN
1,status,1,VILLAGER,ALIVE,hellowolf
1,status,2,VILLAGER,ALIVE,wasabi
1,status,3,BODYGUARD,ALIVE,hellowolf 2
1,status,4,VILLAGER,ALIVE,fanfan 1
1,status,5,VILLAGER,ALIVE,hellowolf 1
1,status,6,WEREWOLF,ALIVE,fanfan 2
1,status,7,WEREWOLF,ALIVE,tomato
1,status,8,SEER,ALIVE,takeda 1
1,status,9,VILLAGER,ALIVE,takeda 3
1,status,10,VILLAGER,ALIVE,takeda 2
1,status,11,WEREWOLF,ALIVE,tomato 1
1,status,12,VILLAGER,ALIVE,fanfan
1,status,13,POSSESSED,ALIVE,wasabi 1
1,status,14,VILLAGER,ALIVE,takeda
1,status,15,MEDIUM,ALIVE,HALUemon
1,talk,0,0,7,COMINGOUT Agent[07] SEER
1,talk,1,0,12,VOTE Agent[14]
1,talk,2,0,15,VOTE Agent[09]
1,talk,3,0,3,VOTE Agent[06]
1,talk,4,0,2,ESTIMATE Agent[11] VILLAGER
1,talk,5,0,10,VOTE Agent[01]
1,talk,6,0,6,VOTE Agent[14]
1,talk,7,0,8,COMINGOUT Agent[08] SEER
1,talk,8,0,4,VOTE Agent[14]
1,talk,9,0,13,COMINGOUT Agent[13] SEER
1,talk,10,0,11,VOTE Agent[12]
1,talk,11,0,5,VOTE Agent[06]
1,talk,12,0,9,VOTE Agent[01]
1,talk,13,0,1,VOTE Agent[06]
1,talk,14,0,14,VOTE Agent[03]
1,talk,15,1,14,VOTE Agent[07]
1,talk,16,1,11,VOTE Agent[06]
1,talk,17,1,15,COMINGOUT Agent[15] MEDIUM
1,talk,18,1,6,Skip
1,talk,19,1,9,VOTE Agent[07]
1,talk,20,1,8,DIVINED Agent[04] HUMAN
1,talk,21,1,4,VOTE Agent[01]
1,talk,22,1,5,VOTE Agent[07]
1,talk,23,1,3,VOTE Agent[01]
1,talk,24,1,12,VOTE Agent[01]
1,talk,25,1,7,DIVINED Agent[06] HUMAN
1,talk,26,1,1,VOTE Agent[07]
1,talk,27,1,13,DIVINED Agent[01] WEREWOLF
1,talk,28,1,10,VOTE Agent[07]
1,talk,29,1,2,ESTIMATE Agent[13] WEREWOLF
1,talk,30,2,15,VOTE Agent[07]
1,talk,31,2,11,VOTE Agent[01]
1,talk,32,2,8,VOTE Agent[07]
1,talk,33,2,6,VOTE Agent[01]
1,talk,34,2,7,VOTE Agent[01]
1,talk,35,2,4,VOTE Agent[07]
1,talk,36,2,14,Skip
1,talk,37,2,3,VOTE Agent[07]
1,talk,38,2,10,VOTE Agent[06]
1,talk,39,2,5,Skip
1,talk,40,2,2,Skip
1,talk,41,2,12,VOTE Agent[07]
1,talk,42,2,9,Skip
1,talk,43,2,1,Skip
1,talk,44,2,13,ESTIMATE Agent[08] WEREWOLF
1,talk,45,3,12,Skip
1,talk,46,3,15,VOTE Agent[07]
1,talk,47,3,4,Skip
1,talk,48,3,6,Skip
1,talk,49,3,3,Skip
1,talk,50,3,10,VOTE Agent[07]
1,talk,51,3,8,VOTE Agent[07]
1,talk,52,3,9,Skip
1,talk,53,3,1,Skip
1,talk,54,3,7,VOTE Agent[07]
1,talk,55,3,2,VOTE Agent[01]
1,talk,56,3,14,Skip
1,talk,57,3,11,VOTE Agent[07]
1,talk,58,3,5,Skip
1,talk,59,3,13,VOTE Agent[01]
1,talk,60,4,12,Skip
1,talk,61,4,8,VOTE Agent[07]
1,talk,62,4,1,Over
1,talk,63,4,13,ESTIMATE Agent[04] VILLAGER
1,talk,64,4,9,Over
1,talk,65,4,6,Skip
1,talk,66,4,4,Skip
1,talk,67,4,14,Over
1,talk,68,4,11,Skip
1,talk,69,4,2,Skip
1,talk,70,4,3,Skip
1,talk,71,4,7,Skip
1,talk,72,4,15,VOTE Agent[07]
1,talk,73,4,10,Skip
1,talk,74,4,5,Over
1,talk,75,5,7,Skip
1,talk,76,5,10,Skip
1,talk,77,5,15,VOTE Agent[07]
1,talk,78,5,1,Over
1,talk,79,5,3,Over
1,talk,80,5,13,Skip
1,talk,81,5,11,Skip
1,talk,82,5,9,Over
1,talk,83,5,2,ESTIMATE Agent[03] VILLAGER
1,talk,84,5,5,Over
1,talk,85,5,12,Over
1,talk,86,5,6,Over
1,talk,87,5,8,VOTE Agent[07]
1,talk,88,5,4,Over
1,talk,89,5,14,Over
1,talk,90,6,2,ESTIMATE Agent[08] WEREWOLF
1,talk,91,6,11,Over
1,talk,92,6,14,Over
1,talk,93,6,8,VOTE Agent[07]
1,talk,94,6,3,Over
1,talk,95,6,5,Over
1,talk,96,6,6,Over
1,talk,97,6,9,Over
1,talk,98,6,7,Over
1,talk,99,6,15,VOTE Agent[07]
1,talk,100,6,12,Over
1,talk,101,6,13,ESTIMATE Agent[10] VILLAGER
1,talk,102,6,4,Over
1,talk,103,6,10,Over
1,talk,104,6,1,Over
1,talk,105,7,14,Over
1,talk,106,7,15,VOTE Agent[07]
1,talk,107,7,9,Over
1,talk,108,7,1,Over
1,talk,109,7,3,Over
1,talk,110,7,10,Over
1,talk,111,7,5,Over
1,talk,112,7,4,Over
1,talk,113,7,12,Over
1,talk,114,7,6,Over
1,talk,115,7,7,Over
1,talk,116,7,13,Skip
1,talk,117,7,11,Over
1,talk,118,7,2,ESTIMATE Agent[07] WEREWOLF
1,talk,119,7,8,VOTE Agent[07]
1,talk,120,8,6,Over
1,talk,121,8,2,REQUEST ANY (DIVINATION Agent[09])
1,talk,122,8,8,VOTE Agent[07]
1,talk,123,8,11,Over
1,talk,124,8,3,Over
1,talk,125,8,4,Over
1,talk,126,8,10,Over
1,talk,127,8,1,Over
1,talk,128,8,13,REQUEST ANY (VOTE Agent[01])
1,talk,129,8,14,Over
1,talk,130,8,15,VOTE Agent[07]
1,talk,131,8,7,Over
1,talk,132,8,12,Over
1,talk,133,8,9,Over
1,talk,134,8,5,Over
1,talk,135,9,3,Over
1,talk,136,9,12,Over
1,talk,137,9,7,Over
1,talk,138,9,14,Over
1,talk,139,9,15,Over
1,talk,140,9,1,Over
1,talk,141,9,10,Over
1,talk,142,9,6,Over
1,talk,143,9,9,Over
1,talk,144,9,4,Over
1,talk,145,9,2,Over
1,talk,146,9,13,Over
1,talk,147,9,8,VOTE Agent[07]
1,talk,148,9,11,Over
1,talk,149,9,5,Over
1,talk,150,10,4,Over
1,talk,151,10,13,Over
1,talk,152,10,12,Over
1,talk,153,10,15,Over
1,talk,154,10,11,Over
1,talk,155,10,14,Over
1,talk,156,10,9,Over
1,talk,157,10,1,Over
1,talk,158,10,2,Over
1,talk,159,10,10,Over
1,talk,160,10,8,Over
1,talk,161,10,3,Over
1,talk,162,10,5,Over
1,talk,163,10,6,Over
1,talk,164,10,7,Over
1,vote,1,7
1,vote,2,1
1,vote,3,7
1,vote,4,7
1,vote,5,7
1,vote,6,1
1,vote,7,3
1,vote,8,7
1,vote,9,7
1,vote,10,7
1,vote,11,7
1,vote,12,7
1,vote,13,1
1,vote,14,7
1,vote,15,7
1,execute,7,WEREWOLF
1,divine,8,1,HUMAN
1,whisper,0,0,6,ESTIMATE Agent[13] POSSESSED
1,whisper,1,0,11,ATTACK Agent[13]
1,whisper,2,1,6,ATTACK Agent[14]
1,whisper,3,1,11,Skip
1,whisper,4,2,6,Skip
1,whisper,5,2,11,Skip
1,whisper,6,3,11,Over
1,whisper,7,3,6,Skip
1,whisper,8,4,6,Over
1,whisper,9,4,11,Over
1,guard,3,8,SEER
1,attackVote,6,14
1,attackVote,11,13
1,attackVote,6,14
1,attackVote,11,13
1,attack,14,true
2,status,1,VILLAGER,ALIVE,hellowolf
2,status,2,VILLAGER,ALIVE,wasabi
2,status,3,BODYGUARD,ALIVE,hellowolf 2
2,status,4,VILLAGER,ALIVE,fanfan 1
2,status,5,VILLAGER,ALIVE,hellowolf 1
2,status,6,WEREWOLF,ALIVE,fanfan 2
2,status,7,WEREWOLF,DEAD,tomato
2,status,8,SEER,ALIVE,takeda 1
2,status,9,VILLAGER,ALIVE,takeda 3
2,status,10,VILLAGER,ALIVE,takeda 2
2,status,11,WEREWOLF,ALIVE,tomato 1
2,status,12,VILLAGER,ALIVE,fanfan
2,status,13,POSSESSED,ALIVE,wasabi 1
2,status,14,VILLAGER,DEAD,takeda
2,status,15,MEDIUM,ALIVE,HALUemon
2,talk,0,0,8,DIVINED Agent[01] HUMAN
2,talk,1,0,11,VOTE Agent[15]
2,talk,2,0,12,VOTE Agent[01]
2,talk,3,0,9,VOTE Agent[01]
2,talk,4,0,13,DIVINED Agent[03] WEREWOLF
2,talk,5,0,10,VOTE Agent[01]
2,talk,6,0,5,VOTE Agent[01]
2,talk,7,0,2,ESTIMATE Agent[08] WEREWOLF
2,talk,8,0,4,VOTE Agent[02]
2,talk,9,0,3,VOTE Agent[01]
2,talk,10,0,6,VOTE Agent[01]
2,talk,11,0,15,IDENTIFIED Agent[07] WEREWOLF
2,talk,12,0,1,VOTE Agent[10]
2,talk,13,1,8,VOTE Agent[10]
2,talk,14,1,5,Skip
2,talk,15,1,3,VOTE Agent[08]
2,talk,16,1,15,VOTE Agent[01]
2,talk,17,1,10,Skip
2,talk,18,1,2,ESTIMATE Agent[03] WEREWOLF
2,talk,19,1,4,Skip
2,talk,20,1,1,VOTE Agent[13]
2,talk,21,1,9,Skip
2,talk,22,1,6,Skip
2,talk,23,1,12,VOTE Agent[03]
2,talk,24,1,13,ESTIMATE Agent[11] VILLAGER
2,talk,25,1,11,VOTE Agent[01]
2,talk,26,2,12,Skip
2,talk,27,2,11,Skip
2,talk,28,2,2,Skip
2,talk,29,2,13,ESTIMATE Agent[12] VILLAGER
2,talk,30,2,9,Skip
2,talk,31,2,5,Skip
2,talk,32,2,8,VOTE Agent[06]
2,talk,33,2,4,VOTE Agent[10]
2,talk,34,2,15,VOTE Agent[03]
2,talk,35,2,1,VOTE Agent[10]
2,talk,36,2,3,VOTE Agent[10]
2,talk,37,2,6,Skip
2,talk,38,2,10,Skip
2,talk,39,3,15,VOTE Agent[03]
2,talk,40,3,12,Skip
2,talk,41,3,9,VOTE Agent[06]
2,talk,42,3,10,VOTE Agent[06]
2,talk,43,3,13,VOTE Agent[01]
2,talk,44,3,5,Over
2,talk,45,3,3,Skip
2,talk,46,3,11,Skip
2,talk,47,3,1,Skip
2,talk,48,3,8,VOTE Agent[06]
2,talk,49,3,6,Over
2,talk,50,3,4,Skip
2,talk,51,3,2,VOTE Agent[03]
2,talk,52,4,15,VOTE Agent[03]
2,talk,53,4,6,Over
2,talk,54,4,11,Over
2,talk,55,4,12,VOTE Agent[10]
2,talk,56,4,10,Skip
2,talk,57,4,4,Skip
2,talk,58,4,13,Skip
2,talk,59,4,9,Skip
2,talk,60,4,3,Skip
2,talk,61,4,2,ESTIMATE Agent[03] WEREWOLF
2,talk,62,4,8,VOTE Agent[06]
2,talk,63,4,5,VOTE Agent[03]
2,talk,64,4,1,Skip
2,talk,65,5,13,ESTIMATE Agent[06] VILLAGER
2,talk,66,5,12,VOTE Agent[03]
2,talk,67,5,3,Over
2,talk,68,5,2,ESTIMATE Agent[01] WEREWOLF
2,talk,69,5,9,Skip
2,talk,70,5,8,VOTE Agent[06]
2,talk,71,5,10,Skip
2,talk,72,5,6,VOTE Agent[10]
2,talk,73,5,1,Over
2,talk,74,5,4,Over
2,talk,75,5,5,VOTE Agent[01]
2,talk,76,5,15,VOTE Agent[03]
2,talk,77,5,11,Over
2,talk,78,6,1,Over
2,talk,79,6,12,VOTE Agent[10]
2,talk,80,6,9,Over
2,talk,81,6,10,VOTE Agent[01]
2,talk,82,6,5,VOTE Agent[03]
2,talk,83,6,13,ESTIMATE Agent[03] WEREWOLF
2,talk,84,6,2,ESTIMATE Agent[13] WEREWOLF
2,talk,85,6,4,Over
2,talk,86,6,3,Over
2,talk,87,6,6,Skip
2,talk,88,6,11,Over
2,talk,89,6,8,VOTE Agent[06]
2,talk,90,6,15,VOTE Agent[03]
2,talk,91,7,13,ESTIMATE Agent[01] WEREWOLF
2,talk,92,7,15,VOTE Agent[03]
2,talk,93,7,1,Over
2,talk,94,7,11,Over
2,talk,95,7,9,Over
2,talk,96,7,8,VOTE Agent[06]
2,talk,97,7,5,VOTE Agent[10]
2,talk,98,7,3,Over
2,talk,99,7,10,Skip
2,talk,100,7,6,Skip
2,talk,101,7,2,ESTIMATE Agent[01] WEREWOLF
2,talk,102,7,12,VOTE Agent[03]
2,talk,103,7,4,Over
2,talk,104,8,10,Skip
2,talk,105,8,11,VOTE Agent[03]
2,talk,106,8,2,ESTIMATE Agent[03] WEREWOLF
2,talk,107,8,6,Over
2,talk,108,8,12,VOTE Agent[10]
2,talk,109,8,9,VOTE Agent[01]
2,talk,110,8,3,Over
2,talk,111,8,13,ESTIMATE Agent[01] WEREWOLF
2,talk,112,8,4,Over
2,talk,113,8,15,VOTE Agent[03]
2,talk,114,8,8,VOTE Agent[06]
2,talk,115,8,5,VOTE Agent[01]
2,talk,116,8,1,Over
2,talk,117,9,6,Over
2,talk,118,9,4,Over
2,talk,119,9,3,Over
2,talk,120,9,2,Over
2,talk,121,9,8,VOTE Agent[06]
2,talk,122,9,1,Over
2,talk,123,9,11,Skip
2,talk,124,9,12,VOTE Agent[03]
2,talk,125,9,9,Skip
2,talk,126,9,10,Over
2,talk,127,9,13,Over
2,talk,128,9,5,VOTE Agent[10]
2,talk,129,9,15,Over
2,talk,130,10,2,Over
2,talk,131,10,1,Over
2,talk,132,10,9,Skip
2,talk,133,10,11,Skip
2,talk,134,10,10,Over
2,talk,135,10,8,Over
2,talk,136,10,5,VOTE Agent[01]
2,talk,137,10,15,Over
2,talk,138,10,4,Over
2,talk,139,10,13,Over
2,talk,140,10,12,VOTE Agent[10]
2,talk,141,10,3,Over
2,talk,142,10,6,Over
2,talk,143,11,6,Over
2,talk,144,11,13,Over
2,talk,145,11,12,VOTE Agent[03]
2,talk,146,11,5,VOTE Agent[10]
2,talk,147,11,1,Over
2,talk,148,11,9,Over
2,talk,149,11,15,Over
2,talk,150,11,8,Over
2,talk,151,11,2,Over
2,talk,152,11,4,Over
2,talk,153,11,10,Over
2,talk,154,11,3,Over
2,talk,155,11,11,Over
2,talk,156,12,4,Over
2,talk,157,12,13,Over
2,talk,158,12,2,Over
2,talk,159,12,6,Over
2,talk,160,12,8,Over
2,talk,161,12,5,VOTE Agent[01]
2,talk,162,12,11,Over
2,talk,163,12,12,Over
2,talk,164,12,10,Over
2,talk,165,12,15,Over
2,talk,166,12,1,Over
2,talk,167,12,9,Over
2,talk,168,12,3,Over
2,talk,169,13,4,Over
2,talk,170,13,6,Over
2,talk,171,13,3,Over
2,talk,172,13,8,Over
2,talk,173,13,2,Over
2,talk,174,13,5,Over
2,talk,175,13,1,Over
2,talk,176,13,12,Over
2,talk,177,13,13,Over
2,talk,178,13,15,Over
2,talk,179,13,11,Over
2,talk,180,13,10,Over
2,talk,181,13,9,Over
2,vote,1,10
2,vote,2,3
2,vote,3,10
2,vote,4,10
2,vote,5,1
2,vote,6,10
2,vote,8,6
2,vote,9,1
2,vote,10,1
2,vote,11,3
2,vote,12,3
2,vote,13,1
2,vote,15,3
2,vote,1,10
2,vote,2,3
2,vote,3,10
2,vote,4,10
2,vote,5,10
2,vote,6,10
2,vote,8,6
2,vote,9,1
2,vote,10,1
2,vote,11,3
2,vote,12,3
2,vote,13,1
2,vote,15,3
2,execute,10,VILLAGER
2,divine,8,6,WEREWOLF
2,whisper,0,0,11,ATTACK Agent[13]
2,whisper,1,0,6,ATTACK Agent[05]
2,whisper,2,1,6,Skip
2,whisper,3,1,11,Skip
2,whisper,4,2,11,Skip
2,whisper,5,2,6,Skip
2,whisper,6,3,6,Over
2,whisper,7,3,11,Over
2,guard,3,8,SEER
2,attackVote,6,5
2,attackVote,11,13
2,attackVote,6,5
2,attackVote,11,13
2,attack,5,true
3,status,1,VILLAGER,ALIVE,hellowolf
3,status,2,VILLAGER,ALIVE,wasabi
3,status,3,BODYGUARD,ALIVE,hellowolf 2
3,status,4,VILLAGER,ALIVE,fanfan 1
3,status,5,VILLAGER,DEAD,hellowolf 1
3,status,6,WEREWOLF,ALIVE,fanfan 2
3,status,7,WEREWOLF,DEAD,tomato
3,status,8,SEER,ALIVE,takeda 1
3,status,9,VILLAGER,ALIVE,takeda 3
3,status,10,VILLAGER,DEAD,takeda 2
3,status,11,WEREWOLF,ALIVE,tomato 1
3,status,12,VILLAGER,ALIVE,fanfan
3,status,13,POSSESSED,ALIVE,wasabi 1
3,status,14,VILLAGER,DEAD,takeda
3,status,15,MEDIUM,ALIVE,HALUemon
3,talk,0,0,9,VOTE Agent[01]
3,talk,1,0,13,DIVINED Agent[02] HUMAN
3,talk,2,0,2,ESTIMATE Agent[11] VILLAGER
3,talk,3,0,11,VOTE Agent[15]
3,talk,4,0,6,VOTE Agent[15]
3,talk,5,0,15,IDENTIFIED Agent[10] HUMAN
3,talk,6,0,1,VOTE Agent[08]
3,talk,7,0,8,DIVINED Agent[06] WEREWOLF
3,talk,8,0,3,VOTE Agent[08]
3,talk,9,0,4,VOTE Agent[11]
3,talk,10,0,12,VOTE Agent[03]
3,talk,11,1,6,Skip
3,talk,12,1,11,VOTE Agent[08]
3,talk,13,1,8,VOTE Agent[06]
3,talk,14,1,2,ESTIMATE Agent[08] WEREWOLF
3,talk,15,1,9,Skip
3,talk,16,1,12,VOTE Agent[01]
3,talk,17,1,1,Skip
3,talk,18,1,15,VOTE Agent[01]
3,talk,19,1,3,Skip
3,talk,20,1,4,VOTE Agent[08]
3,talk,21,1,13,ESTIMATE Agent[03] WEREWOLF
3,talk,22,2,8,VOTE Agent[06]
3,talk,23,2,6,VOTE Agent[08]
3,talk,24,2,9,Skip
3,talk,25,2,3,Skip
3,talk,26,2,1,Skip
3,talk,27,2,15,VOTE Agent[06]
3,talk,28,2,12,VOTE Agent[03]
3,talk,29,2,13,ESTIMATE Agent[12] VILLAGER
3,talk,30,2,11,VOTE Agent[01]
3,talk,31,2,4,Skip
3,talk,32,2,2,Skip
3,talk,33,3,3,VOTE Agent[06]
3,talk,34,3,13,VOTE Agent[03]
3,talk,35,3,9,Over
3,talk,36,3,2,VOTE Agent[03]
3,talk,37,3,12,Skip
3,talk,38,3,1,VOTE Agent[06]
3,talk,39,3,6,Skip
3,talk,40,3,4,VOTE Agent[06]
3,talk,41,3,11,VOTE Agent[08]
3,talk,42,3,15,VOTE Agent[06]
3,talk,43,3,8,VOTE Agent[06]
3,talk,44,4,13,Skip
3,talk,45,4,4,Skip
3,talk,46,4,3,Skip
3,talk,47,4,11,VOTE Agent[06]
3,talk,48,4,9,VOTE Agent[06]
3,talk,49,4,6,VOTE Agent[03]
3,talk,50,4,8,VOTE Agent[06]
3,talk,51,4,12,VOTE Agent[06]
3,talk,52,4,15,VOTE Agent[03]
3,talk,53,4,1,Skip
3,talk,54,4,2,ESTIMATE Agent[13] WEREWOLF
3,talk,55,5,3,Skip
3,talk,56,5,9,Skip
3,talk,57,5,11,Skip
3,talk,58,5,4,Skip
3,talk,59,5,13,REQUEST ANY (VOTE Agent[03])
3,talk,60,5,2,ESTIMATE Agent[01] WEREWOLF
3,talk,61,5,8,VOTE Agent[06]
3,talk,62,5,1,Skip
3,talk,63,5,6,Skip
3,talk,64,5,12,Skip
3,talk,65,5,15,VOTE Agent[03]
3,talk,66,6,6,Skip
3,talk,67,6,2,ESTIMATE Agent[12] VILLAGER
3,talk,68,6,13,ESTIMATE Agent[01] WEREWOLF
3,talk,69,6,11,Skip
3,talk,70,6,3,Over
3,talk,71,6,15,VOTE Agent[03]
3,talk,72,6,8,VOTE Agent[06]
3,talk,73,6,4,Over
3,talk,74,6,12,Skip
3,talk,75,6,9,Skip
3,talk,76,6,1,Over
3,talk,77,7,9,Over
3,talk,78,7,11,Over
3,talk,79,7,15,VOTE Agent[03]
3,talk,80,7,6,Over
3,talk,81,7,12,Over
3,talk,82,7,2,ESTIMATE Agent[06] WEREWOLF
3,talk,83,7,8,VOTE Agent[06]
3,talk,84,7,3,Over
3,talk,85,7,4,Over
3,talk,86,7,13,ESTIMATE Agent[06] VILLAGER
3,talk,87,7,1,Over
3,talk,88,8,9,Over
3,talk,89,8,3,Over
3,talk,90,8,15,VOTE Agent[03]
3,talk,91,8,13,Skip
3,talk,92,8,8,VOTE Agent[06]
3,talk,93,8,4,Over
3,talk,94,8,2,REQUEST ANY (VOTE Agent[03])
3,talk,95,8,6,Over
3,talk,96,8,1,Over
3,talk,97,8,11,Over
3,talk,98,8,12,Over
3,talk,99,9,12,Over
3,talk,100,9,8,VOTE Agent[06]
3,talk,101,9,3,Over
3,talk,102,9,9,Over
3,talk,103,9,1,Over
3,talk,104,9,4,Over
3,talk,105,9,15,Over
3,talk,106,9,2,Over
3,talk,107,9,6,Over
3,talk,108,9,13,Over
3,talk,109,9,11,Over
3,talk,110,10,1,Over
3,talk,111,10,9,Over
3,talk,112,10,8,Over
3,talk,113,10,15,Over
3,talk,114,10,12,Over
3,talk,115,10,13,Over
3,talk,116,10,2,Over
3,talk,117,10,3,Over
3,talk,118,10,4,Over
3,talk,119,10,11,Over
3,talk,120,10,6,Over
3,vote,1,6
3,vote,2,3
3,vote,3,6
3,vote,4,6
3,vote,6,3
3,vote,8,6
3,vote,9,6
3,vote,11,6
3,vote,12,6
3,vote,13,3
3,vote,15,3
3,execute,6,WEREWOLF
3,divine,8,2,HUMAN
3,guard,3,8,SEER
3,attack,1,true
4,status,1,VILLAGER,DEAD,hellowolf
4,status,2,VILLAGER,ALIVE,wasabi
4,status,3,BODYGUARD,ALIVE,hellowolf 2
4,status,4,VILLAGER,ALIVE,fanfan 1
4,status,5,VILLAGER,DEAD,hellowolf 1
4,status,6,WEREWOLF,DEAD,fanfan 2
4,status,7,WEREWOLF,DEAD,tomato
4,status,8,SEER,ALIVE,takeda 1
4,status,9,VILLAGER,ALIVE,takeda 3
4,status,10,VILLAGER,DEAD,takeda 2
4,status,11,WEREWOLF,ALIVE,tomato 1
4,status,12,VILLAGER,ALIVE,fanfan
4,status,13,POSSESSED,ALIVE,wasabi 1
4,status,14,VILLAGER,DEAD,takeda
4,status,15,MEDIUM,ALIVE,HALUemon
4,talk,0,0,3,VOTE Agent[08]
4,talk,1,0,12,VOTE Agent[11]
4,talk,2,0,13,DIVINED Agent[09] HUMAN
4,talk,3,0,8,DIVINED Agent[02] HUMAN
4,talk,4,0,9,VOTE Agent[12]
4,talk,5,0,15,IDENTIFIED Agent[06] WEREWOLF
4,talk,6,0,11,VOTE Agent[15]
4,talk,7,0,4,VOTE Agent[08]
4,talk,8,0,2,ESTIMATE Agent[13] WEREWOLF
4,talk,9,1,3,Skip
4,talk,10,1,2,ESTIMATE Agent[13] WEREWOLF
4,talk,11,1,12,VOTE Agent[08]
4,talk,12,1,9,Skip
4,talk,13,1,4,VOTE Agent[11]
4,talk,14,1,15,VOTE Agent[12]
4,talk,15,1,11,VOTE Agent[08]
4,talk,16,1,8,VOTE Agent[09]
4,talk,17,1,13,ESTIMATE Agent[09] WEREWOLF
4,talk,18,2,3,Skip
4,talk,19,2,9,Skip
4,talk,20,2,11,Skip
4,talk,21,2,2,ESTIMATE Agent[13] WEREWOLF
4,talk,22,2,4,VOTE Agent[12]
4,talk,23,2,8,VOTE Agent[09]
4,talk,24,2,15,VOTE Agent[11]
4,talk,25,2,13,ESTIMATE Agent[04] VILLAGER
4,talk,26,2,12,VOTE Agent[11]
4,talk,27,3,12,Skip
4,talk,28,3,11,VOTE Agent[11]
4,talk,29,3,15,VOTE Agent[11]
4,talk,30,3,4,VOTE Agent[11]
4,talk,31,3,13,VOTE Agent[13]
4,talk,32,3,3,Over
4,talk,33,3,2,VOTE Agent[13]
4,talk,34,3,8,VOTE Agent[09]
4,talk,35,3,9,VOTE Agent[04]
4,talk,36,4,15,VOTE Agent[09]
4,talk,37,4,2,ESTIMATE Agent[13] WEREWOLF
4,talk,38,4,12,Skip
4,talk,39,4,3,Over
4,talk,40,4,4,Skip
4,talk,41,4,9,Skip
4,talk,42,4,11,Skip
4,talk,43,4,8,VOTE Agent[09]
4,talk,44,4,13,Skip
4,talk,45,5,8,VOTE Agent[09]
4,talk,46,5,4,Skip
4,talk,47,5,11,Skip
4,talk,48,5,12,Over
4,talk,49,5,2,ESTIMATE Agent[13] WEREWOLF
4,talk,50,5,15,VOTE Agent[09]
4,talk,51,5,13,ESTIMATE Agent[15] WEREWOLF
4,talk,52,5,9,Skip
4,talk,53,5,3,VOTE Agent[13]
4,talk,54,6,12,Over
4,talk,55,6,11,VOTE Agent[09]
4,talk,56,6,8,VOTE Agent[09]
4,talk,57,6,2,Skip
4,talk,58,6,13,Skip
4,talk,59,6,3,Skip
4,talk,60,6,4,Over
4,talk,61,6,9,Over
4,talk,62,6,15,VOTE Agent[09]
4,talk,63,7,15,VOTE Agent[11]
4,talk,64,7,11,Skip
4,talk,65,7,4,VOTE Agent[09]
4,talk,66,7,3,Skip
4,talk,67,7,12,VOTE Agent[09]
4,talk,68,7,13,ESTIMATE Agent[02] VILLAGER
4,talk,69,7,8,VOTE Agent[09]
4,talk,70,7,2,ESTIMATE Agent[13] WEREWOLF
4,talk,71,7,9,Over
4,talk,72,8,12,Skip
4,talk,73,8,2,ESTIMATE Agent[13] WEREWOLF
4,talk,74,8,4,Skip
4,talk,75,8,15,VOTE Agent[09]
4,talk,76,8,11,Skip
4,talk,77,8,13,ESTIMATE Agent[02] VILLAGER
4,talk,78,8,3,VOTE Agent[08]
4,talk,79,8,8,VOTE Agent[09]
4,talk,80,8,9,Over
4,talk,81,9,2,Over
4,talk,82,9,3,Skip
4,talk,83,9,11,Over
4,talk,84,9,13,Over
4,talk,85,9,12,Skip
4,talk,86,9,4,Skip
4,talk,87,9,9,VOTE Agent[04]
4,talk,88,9,15,Over
4,talk,89,9,8,VOTE Agent[09]
4,talk,90,10,15,Over
4,talk,91,10,13,Over
4,talk,92,10,3,VOTE Agent[12]
4,talk,93,10,2,Over
4,talk,94,10,11,Over
4,talk,95,10,4,Over
4,talk,96,10,8,Over
4,talk,97,10,9,VOTE Agent[04]
4,talk,98,10,12,Over
4,talk,99,11,4,Over
4,talk,100,11,8,Over
4,talk,101,11,3,Skip
4,talk,102,11,15,Over
4,talk,103,11,9,VOTE Agent[04]
4,talk,104,11,2,Over
4,talk,105,11,13,Over
4,talk,106,11,12,Over
4,talk,107,11,11,Over
4,talk,108,12,11,Over
4,talk,109,12,2,Over
4,talk,110,12,3,Skip
4,talk,111,12,8,Over
4,talk,112,12,9,VOTE Agent[04]
4,talk,113,12,15,Over
4,talk,114,12,13,Over
4,talk,115,12,12,Over
4,talk,116,12,4,Over
4,talk,117,13,12,Over
4,talk,118,13,15,Over
4,talk,119,13,9,VOTE Agent[04]
4,talk,120,13,4,Over
4,talk,121,13,13,Over
4,talk,122,13,11,Over
4,talk,123,13,3,VOTE Agent[08]
4,talk,124,13,2,Over
4,talk,125,13,8,Over
4,talk,126,14,2,Over
4,talk,127,14,12,Over
4,talk,128,14,8,Over
4,talk,129,14,11,Over
4,talk,130,14,9,VOTE Agent[04]
4,talk,131,14,13,Over
4,talk,132,14,15,Over
4,talk,133,14,3,VOTE Agent[12]
4,talk,134,14,4,Over
4,talk,135,15,8,Over
4,talk,136,15,11,Over
4,talk,137,15,2,Over
4,talk,138,15,13,Over
4,talk,139,15,15,Over
4,talk,140,15,9,VOTE Agent[12]
4,talk,141,15,3,Skip
4,talk,142,15,12,Over
4,talk,143,15,4,Over
4,talk,144,16,15,Over
4,talk,145,16,2,Over
4,talk,146,16,3,Skip
4,talk,147,16,13,Over
4,talk,148,16,9,VOTE Agent[12]
4,talk,149,16,8,Over
4,talk,150,16,4,Over
4,talk,151,16,11,Over
4,talk,152,16,12,Over
4,talk,153,17,3,Over
4,talk,154,17,13,Over
4,talk,155,17,15,Over
4,talk,156,17,2,Over
4,talk,157,17,4,Over
4,talk,158,17,12,Over
4,talk,159,17,11,Over
4,talk,160,17,8,Over
4,talk,161,17,9,Over
4,vote,2,13
4,vote,3,12
4,vote,4,9
4,vote,8,9
4,vote,9,12
4,vote,11,9
4,vote,12,9
4,vote,13,4
4,vote,15,12
4,execute,9,VILLAGER
4,divine,8,12,HUMAN
4,guard,3,8,SEER
4,attack,15,true
5,status,1,VILLAGER,DEAD,hellowolf
5,status,2,VILLAGER,ALIVE,wasabi
5,status,3,BODYGUARD,ALIVE,hellowolf 2
5,status,4,VILLAGER,ALIVE,fanfan 1
5,status,5,VILLAGER,DEAD,hellowolf 1
5,status,6,WEREWOLF,DEAD,fanfan 2
5,status,7,WEREWOLF,DEAD,tomato
5,status,8,SEER,ALIVE,takeda 1
5,status,9,VILLAGER,DEAD,takeda 3
5,status,10,VILLAGER,DEAD,takeda 2
5,status,11,WEREWOLF,ALIVE,tomato 1
5,status,12,VILLAGER,ALIVE,fanfan
5,status,13,POSSESSED,ALIVE,wasabi 1
5,status,14,VILLAGER,DEAD,takeda
5,status,15,MEDIUM,DEAD,HALUemon
5,talk,0,0,12,VOTE Agent[08]
5,talk,1,0,8,DIVINED Agent[12] HUMAN
5,talk,2,0,11,VOTE Agent[08]
5,talk,3,0,4,VOTE Agent[12]
5,talk,4,0,3,VOTE Agent[12]
5,talk,5,0,2,Skip
5,talk,6,0,13,DIVINED Agent[12] HUMAN
5,talk,7,1,11,VOTE Agent[12]
5,talk,8,1,13,ESTIMATE Agent[02] VILLAGER
5,talk,9,1,12,VOTE Agent[11]
5,talk,10,1,3,VOTE Agent[08]
5,talk,11,1,8,VOTE Agent[03]
5,talk,12,1,4,VOTE Agent[11]
5,talk,13,1,2,ESTIMATE Agent[08] SEER
5,talk,14,2,3,VOTE Agent[11]
5,talk,15,2,8,VOTE Agent[03]
5,talk,16,2,4,Skip
5,talk,17,2,12,Skip
5,talk,18,2,2,Skip
5,talk,19,2,11,VOTE Agent[08]
5,talk,20,2,13,ESTIMATE Agent[11] WEREWOLF
5,talk,21,3,8,VOTE Agent[03]
5,talk,22,3,3,VOTE Agent[08]
5,talk,23,3,13,VOTE Agent[13]
5,talk,24,3,12,Skip
5,talk,25,3,2,VOTE Agent[13]
5,talk,26,3,4,Skip
5,talk,27,3,11,VOTE Agent[11]
5,talk,28,4,2,Skip
5,talk,29,4,12,Over
5,talk,30,4,4,Over
5,talk,31,4,8,VOTE Agent[03]
5,talk,32,4,3,VOTE Agent[13]
5,talk,33,4,11,VOTE Agent[03]
5,talk,34,4,13,ESTIMATE Agent[04] VILLAGER
5,talk,35,5,13,ESTIMATE Agent[11] WEREWOLF
5,talk,36,5,2,Skip
5,talk,37,5,3,Skip
5,talk,38,5,4,VOTE Agent[13]
5,talk,39,5,12,VOTE Agent[13]
5,talk,40,5,8,VOTE Agent[03]
5,talk,41,5,11,Skip
5,talk,42,6,8,VOTE Agent[03]
5,talk,43,6,4,Skip
5,talk,44,6,2,ESTIMATE Agent[03] WEREWOLF
5,talk,45,6,12,Skip
5,talk,46,6,11,Skip
5,talk,47,6,13,ESTIMATE Agent[11] WEREWOLF
5,talk,48,6,3,Skip
5,talk,49,7,3,Over
5,talk,50,7,8,VOTE Agent[03]
5,talk,51,7,13,ESTIMATE Agent[08] SEER
5,talk,52,7,12,Skip
5,talk,53,7,2,REQUEST ANY (VOTE Agent[13])
5,talk,54,7,4,Skip
5,talk,55,7,11,Over
5,talk,56,8,13,REQUEST ANY (VOTE Agent[13])
5,talk,57,8,11,Over
5,talk,58,8,8,VOTE Agent[03]
5,talk,59,8,4,Over
5,talk,60,8,2,ESTIMATE Agent[04] VILLAGER
5,talk,61,8,3,Over
5,talk,62,8,12,Over
5,talk,63,9,13,Over
5,talk,64,9,2,Over
5,talk,65,9,11,Over
5,talk,66,9,3,Over
5,talk,67,9,12,Over
5,talk,68,9,4,Over
5,talk,69,9,8,VOTE Agent[03]
5,talk,70,10,13,Over
5,talk,71,10,11,Over
5,talk,72,10,4,Over
5,talk,73,10,12,Over
5,talk,74,10,3,Over
5,talk,75,10,2,Over
5,talk,76,10,8,Over
5,vote,2,13
5,vote,3,13
5,vote,4,13
5,vote,8,3
5,vote,11,3
5,vote,12,13
5,vote,13,3
5,execute,13,POSSESSED
5,divine,8,3,HUMAN
5,guard,3,8,SEER
5,attack,4,true
6,status,1,VILLAGER,DEAD,hellowolf
6,status,2,VILLAGER,ALIVE,wasabi
6,status,3,BODYGUARD,ALIVE,hellowolf 2
6,status,4,VILLAGER,DEAD,fanfan 1
6,status,5,VILLAGER,DEAD,hellowolf 1
6,status,6,WEREWOLF,DEAD,fanfan 2
6,status,7,WEREWOLF,DEAD,tomato
6,status,8,SEER,ALIVE,takeda 1
6,status,9,VILLAGER,DEAD,takeda 3
6,status,10,VILLAGER,DEAD,takeda 2
6,status,11,WEREWOLF,ALIVE,tomato 1
6,status,12,VILLAGER,ALIVE,fanfan
6,status,13,POSSESSED,DEAD,wasabi 1
6,status,14,VILLAGER,DEAD,takeda
6,status,15,MEDIUM,DEAD,HALUemon
6,talk,0,0,2,ESTIMATE Agent[03] WEREWOLF
6,talk,1,0,8,DIVINED Agent[03] HUMAN
6,talk,2,0,11,VOTE Agent[03]
6,talk,3,0,3,VOTE Agent[08]
6,talk,4,0,12,VOTE Agent[11]
6,talk,5,1,11,Skip
6,talk,6,1,3,VOTE Agent[11]
6,talk,7,1,12,Skip
6,talk,8,1,2,ESTIMATE Agent[11] WEREWOLF
6,talk,9,1,8,VOTE Agent[11]
6,talk,10,2,8,VOTE Agent[11]
6,talk,11,2,11,Skip
6,talk,12,2,12,Skip
6,talk,13,2,2,ESTIMATE Agent[11] WEREWOLF
6,talk,14,2,3,Skip
6,talk,15,3,8,VOTE Agent[11]
6,talk,16,3,12,Over
6,talk,17,3,11,Over
6,talk,18,3,2,VOTE Agent[11]
6,talk,19,3,3,Skip
6,talk,20,4,12,Over
6,talk,21,4,2,ESTIMATE Agent[11] WEREWOLF
6,talk,22,4,11,Over
6,talk,23,4,8,VOTE Agent[11]
6,talk,24,4,3,Over
6,talk,25,5,3,Over
6,talk,26,5,11,Over
6,talk,27,5,2,ESTIMATE Agent[11] WEREWOLF
6,talk,28,5,8,VOTE Agent[11]
6,talk,29,5,12,Over
6,talk,30,6,2,ESTIMATE Agent[11] WEREWOLF
6,talk,31,6,12,Over
6,talk,32,6,11,Over
6,talk,33,6,3,Over
6,talk,34,6,8,VOTE Agent[11]
6,talk,35,7,2,Skip
6,talk,36,7,11,Over
6,talk,37,7,3,Over
6,talk,38,7,8,VOTE Agent[11]
6,talk,39,7,12,Over
6,talk,40,8,3,Over
6,talk,41,8,8,VOTE Agent[11]
6,talk,42,8,11,Over
6,talk,43,8,12,Over
6,talk,44,8,2,Skip
6,talk,45,9,8,VOTE Agent[11]
6,talk,46,9,2,Over
6,talk,47,9,3,Over
6,talk,48,9,12,Over
6,talk,49,9,11,Over
6,talk,50,10,2,Over
6,talk,51,10,12,Over
6,talk,52,10,8,Over
6,talk,53,10,11,Over
6,talk,54,10,3,Over
6,vote,2,11
6,vote,3,11
6,vote,8,11
6,vote,11,3
6,vote,12,11
6,execute,11,WEREWOLF
6,guard,3,8,SEER
7,status,1,VILLAGER,DEAD,hellowolf
7,status,2,VILLAGER,ALIVE,wasabi
7,status,3,BODYGUARD,ALIVE,hellowolf 2
7,status,4,VILLAGER,DEAD,fanfan 1
7,status,5,VILLAGER,DEAD,hellowolf 1
7,status,6,WEREWOLF,DEAD,fanfan 2
7,status,7,WEREWOLF,DEAD,tomato
7,status,8,SEER,ALIVE,takeda 1
7,status,9,VILLAGER,DEAD,takeda 3
7,status,10,VILLAGER,DEAD,takeda 2
7,status,11,WEREWOLF,DEAD,tomato 1
7,status,12,VILLAGER,ALIVE,fanfan
7,status,13,POSSESSED,DEAD,wasabi 1
7,status,14,VILLAGER,DEAD,takeda
7,status,15,MEDIUM,DEAD,HALUemon
7,result,4,0,VILLAGER
