0,status,1,BODYGUARD,ALIVE,hellowolf
0,status,2,VILLAGER,ALIVE,wasabi
0,status,3,WEREWOLF,ALIVE,hellowolf 2
0,status,4,VILLAGER,ALIVE,fanfan 1
0,status,5,VILLAGER,ALIVE,hellowolf 1
0,status,6,MEDIUM,ALIVE,fanfan 2
0,status,7,VILLAGER,ALIVE,tomato
0,status,8,VILLAGER,ALIVE,takeda 1
0,status,9,VILLAGER,ALIVE,takeda 3
0,status,10,POSSESSED,ALIVE,takeda 2
0,status,11,WEREWOLF,ALIVE,tomato 1
0,status,12,WEREWOLF,ALIVE,fanfan
0,status,13,SEER,ALIVE,wasabi 1
0,status,14,VILLAGER,ALIVE,takeda
0,status,15,VILLAGER,ALIVE,HALUemon
0,whisper,0,0,11,COMINGOUT Agent[11] VILLAGER
0,whisper,1,0,3,COMINGOUT Agent[03] VILLAGER
0,whisper,2,0,12,COMINGOUT Agent[12] VILLAGER
0,whisper,3,1,3,Skip
0,whisper,4,1,12,Skip
0,whisper,5,1,11,Skip
0,whisper,6,2,12,Skip
0,whisper,7,2,11,COMINGOUT Agent[11] SEER
0,whisper,8,2,3,Skip
0,whisper,9,3,12,Over
0,whisper,10,3,3,Over
0,whisper,11,3,11,Skip
0,whisper,12,4,11,Skip
0,whisper,13,4,3,Over
0,whisper,14,4,12,Over
0,whisper,15,5,3,Over
0,whisper,16,5,12,Over
0,whisper,17,5,11,Over
0,divine,13,3,WEREWOLF
1,status,1,BODYGUARD,ALIVE,hellowolf
1,status,2,VILLAGER,ALIVE,wasabi
1,status,3,WEREWOLF,ALIVE,hellowolf 2
1,status,4,VILLAGER,ALIVE,fanfan 1
1,status,5,VILLAGER,ALIVE,hellowolf 1
1,status,6,MEDIUM,ALIVE,fanfan 2
1,status,7,VILLAGER,ALIVE,tomato
1,status,8,VILLAGER,ALIVE,takeda 1
1,status,9,VILLAGER,ALIVE,takeda 3
1,status,10,POSSESSED,ALIVE,takeda 2
1,status,11,WEREWOLF,ALIVE,tomato 1
1,status,12,WEREWOLF,ALIVE,fanfan
1,status,13,SEER,ALIVE,wasabi 1
1,status,14,VILLAGER,ALIVE,takeda
1,status,15,VILLAGER,ALIVE,HALUemon
1,talk,0,0,5,VOTE Agent[14]
1,talk,1,0,10,COMINGOUT Agent[10] SEER
1,talk,2,0,11,COMINGOUT Agent[11] SEER
1,talk,3,0,15,VOTE Agent[01]
1,talk,4,0,6,COMINGOUT Agent[06] MEDIUM
1,talk,5,0,1,VOTE Agent[14]
1,talk,6,0,4,VOTE Agent[14]
1,talk,7,0,12,VOTE Agent[14]
1,talk,8,0,3,VOTE Agent[14]
1,talk,9,0,9,VOTE Agent[07]
1,talk,10,0,7,VOTE Agent[04]
1,talk,11,0,8,VOTE Agent[12]
1,talk,12,0,13,COMINGOUT Agent[13] SEER
1,talk,13,0,2,ESTIMATE Agent[04] WEREWOLF
1,talk,14,0,14,VOTE Agent[15]
1,talk,15,1,10,DIVINED Agent[15] WEREWOLF
1,talk,16,1,9,VOTE Agent[04]
1,talk,17,1,4,VOTE Agent[15]
1,talk,18,1,11,DIVINED Agent[14] WEREWOLF
1,talk,19,1,1,VOTE Agent[15]
1,talk,20,1,5,VOTE Agent[11]
1,talk,21,1,7,VOTE Agent[14]
1,talk,22,1,6,VOTE Agent[01]
1,talk,23,1,15,VOTE Agent[04]
1,talk,24,1,2,ESTIMATE Agent[11] WEREWOLF
1,talk,25,1,12,Skip
1,talk,26,1,14,VOTE Agent[04]
1,talk,27,1,8,VOTE Agent[11]
1,talk,28,1,3,Skip
1,talk,29,1,13,DIVINED Agent[03] WEREWOLF
1,talk,30,2,2,ESTIMATE Agent[14] WEREWOLF
1,talk,31,2,4,VOTE Agent[14]
1,talk,32,2,8,Skip
1,talk,33,2,13,Skip
1,talk,34,2,9,VOTE Agent[11]
1,talk,35,2,7,Skip
1,talk,36,2,11,VOTE Agent[14]
1,talk,37,2,1,VOTE Agent[14]
1,talk,38,2,10,VOTE Agent[15]
1,talk,39,2,14,VOTE Agent[11]
1,talk,40,2,15,VOTE Agent[11]
1,talk,41,2,3,VOTE Agent[04]
1,talk,42,2,12,Skip
1,talk,43,2,5,VOTE Agent[15]
1,talk,44,2,6,VOTE Agent[15]
1,talk,45,3,1,VOTE Agent[15]
1,talk,46,3,12,Over
1,talk,47,3,10,Skip
1,talk,48,3,14,Skip
1,talk,49,3,6,VOTE Agent[14]
1,talk,50,3,5,VOTE Agent[03]
1,talk,51,3,8,Skip
1,talk,52,3,15,VOTE Agent[11]
1,talk,53,3,2,VOTE Agent[15]
1,talk,54,3,13,VOTE Agent[03]
1,talk,55,3,11,Skip
1,talk,56,3,9,Skip
1,talk,57,3,7,Skip
1,talk,58,3,4,VOTE Agent[15]
1,talk,59,3,3,VOTE Agent[14]
1,talk,60,4,9,Skip
1,talk,61,4,2,ESTIMATE Agent[14] WEREWOLF
1,talk,62,4,7,Over
1,talk,63,4,12,Over
1,talk,64,4,13,Skip
1,talk,65,4,8,Over
1,talk,66,4,11,Skip
1,talk,67,4,6,VOTE Agent[15]
1,talk,68,4,10,Skip
1,talk,69,4,3,Skip
1,talk,70,4,4,VOTE Agent[14]
1,talk,71,4,1,VOTE Agent[14]
1,talk,72,4,15,VOTE Agent[11]
1,talk,73,4,14,Skip
1,talk,74,4,5,VOTE Agent[15]
1,talk,75,5,13,ESTIMATE Agent[03] WEREWOLF
1,talk,76,5,11,Over
1,talk,77,5,4,VOTE Agent[15]
1,talk,78,5,3,Skip
1,talk,79,5,9,Over
1,talk,80,5,5,VOTE Agent[03]
1,talk,81,5,1,VOTE Agent[15]
1,talk,82,5,10,Over
1,talk,83,5,2,ESTIMATE Agent[08] VILLAGER
1,talk,84,5,8,Over
1,talk,85,5,7,Over
1,talk,86,5,12,Over
1,talk,87,5,15,VOTE Agent[11]
1,talk,88,5,6,VOTE Agent[14]
1,talk,89,5,14,Over
1,talk,90,6,2,ESTIMATE Agent[11] WEREWOLF
1,talk,91,6,11,Over
1,talk,92,6,12,Over
1,talk,93,6,14,Over
1,talk,94,6,4,VOTE Agent[14]
1,talk,95,6,1,VOTE Agent[14]
1,talk,96,6,13,ESTIMATE Agent[11] WEREWOLF
1,talk,97,6,10,Over
1,talk,98,6,5,VOTE Agent[15]
1,talk,99,6,7,Over
1,talk,100,6,6,VOTE Agent[15]
1,talk,101,6,3,Over
1,talk,102,6,8,Over
1,talk,103,6,15,VOTE Agent[11]
1,talk,104,6,9,Over
1,talk,105,7,12,Over
1,talk,106,7,8,Over
1,talk,107,7,7,Over
1,talk,108,7,13,Skip
1,talk,109,7,10,Over
1,talk,110,7,3,Over
1,talk,111,7,11,Over
1,talk,112,7,2,VOTE Agent[03]
1,talk,113,7,14,Over
1,talk,114,7,15,VOTE Agent[11]
1,talk,115,7,5,VOTE Agent[03]
1,talk,116,7,6,VOTE Agent[14]
1,talk,117,7,1,VOTE Agent[15]
1,talk,118,7,9,Over
1,talk,119,7,4,VOTE Agent[15]
1,talk,120,8,8,Over
1,talk,121,8,9,Over
1,talk,122,8,3,Over
1,talk,123,8,11,VOTE Agent[15]
1,talk,124,8,6,VOTE Agent[03]
1,talk,125,8,10,Over
1,talk,126,8,4,VOTE Agent[14]
1,talk,127,8,7,VOTE Agent[15]
1,talk,128,8,5,Skip
1,talk,129,8,12,Over
1,talk,130,8,13,Skip
1,talk,131,8,14,Over
1,talk,132,8,15,VOTE Agent[11]
1,talk,133,8,1,VOTE Agent[14]
1,talk,134,8,2,ESTIMATE Agent[13] WEREWOLF
1,talk,135,9,5,VOTE Agent[15]
1,talk,136,9,13,Over
1,talk,137,9,9,Over
1,talk,138,9,8,Over
1,talk,139,9,1,VOTE Agent[15]
1,talk,140,9,12,Over
1,talk,141,9,7,VOTE Agent[14]
1,talk,142,9,14,Over
1,talk,143,9,10,Over
1,talk,144,9,11,VOTE Agent[14]
1,talk,145,9,3,Over
1,talk,146,9,2,Over
1,talk,147,9,6,Skip
1,talk,148,9,15,Over
1,talk,149,9,4,VOTE Agent[03]
1,talk,150,10,12,Over
1,talk,151,10,7,VOTE Agent[15]
1,talk,152,10,4,Over
1,talk,153,10,3,Over
1,talk,154,10,5,VOTE Agent[03]
1,talk,155,10,2,Over
1,talk,156,10,6,Skip
1,talk,157,10,10,Over
1,talk,158,10,11,VOTE Agent[15]
1,talk,159,10,15,Over
1,talk,160,10,1,Over
1,talk,161,10,14,Over
1,talk,162,10,8,Over
1,talk,163,10,13,Over
1,talk,164,10,9,Over
1,talk,165,11,13,Over
1,talk,166,11,14,Over
1,talk,167,11,1,Over
1,talk,168,11,3,VOTE Agent[15]
1,talk,169,11,9,Over
1,talk,170,11,10,Over
1,talk,171,11,8,Over
1,talk,172,11,5,Over
1,talk,173,11,6,Over
1,talk,174,11,7,Skip
1,talk,175,11,15,Over
1,talk,176,11,11,Skip
1,talk,177,11,12,VOTE Agent[15]
1,talk,178,11,2,Over
1,talk,179,11,4,Over
1,talk,180,12,6,VOTE Agent[15]
1,talk,181,12,10,Over
1,talk,182,12,13,Over
1,talk,183,12,12,Skip
1,talk,184,12,2,Over
1,talk,185,12,7,Skip
1,talk,186,12,9,Over
1,talk,187,12,14,Over
1,talk,188,12,5,Over
1,talk,189,12,1,Over
1,talk,190,12,4,Over
1,talk,191,12,3,Skip
1,talk,192,12,8,Over
1,talk,193,12,11,Skip
1,talk,194,12,15,Over
1,talk,195,13,7,Over
1,talk,196,13,5,Over
1,talk,197,13,2,Over
1,talk,198,13,14,Over
1,talk,199,13,3,Skip
1,talk,200,13,12,Skip
1,talk,201,13,8,Over
1,talk,202,13,4,Over
1,talk,203,13,9,Over
1,talk,204,13,10,Over
1,talk,205,13,6,Over
1,talk,206,13,1,Over
1,talk,207,13,13,Over
1,talk,208,13,11,Over
1,talk,209,13,15,Over
1,talk,210,14,7,Over
1,talk,211,14,12,Over
1,talk,212,14,13,Over
1,talk,213,14,10,Over
1,talk,214,14,8,Over
1,talk,215,14,11,Over
1,talk,216,14,15,Over
1,talk,217,14,1,Over
1,talk,218,14,14,Over
1,talk,219,14,2,Over
1,talk,220,14,3,Over
1,talk,221,14,5,Over
1,talk,222,14,4,Over
1,talk,223,14,6,Over
1,talk,224,14,9,Over
1,vote,1,15
1,vote,2,3
1,vote,3,15
1,vote,4,3
1,vote,5,3
1,vote,6,15
1,vote,7,15
1,vote,8,11
1,vote,9,11
1,vote,10,15
1,vote,11,15
1,vote,12,15
1,vote,13,3
1,vote,14,11
1,vote,15,11
1,execute,15,VILLAGER
1,divine,13,4,HUMAN
1,whisper,0,0,12,ESTIMATE Agent[10] POSSESSED
1,whisper,1,0,11,ATTACK Agent[13]
1,whisper,2,0,3,ESTIMATE Agent[10] POSSESSED
1,whisper,3,1,3,ATTACK Agent[01]
1,whisper,4,1,11,Skip
1,whisper,5,1,12,ATTACK Agent[14]
1,whisper,6,2,11,Skip
1,whisper,7,2,3,Skip
1,whisper,8,2,12,Skip
1,whisper,9,3,12,Skip
1,whisper,10,3,11,Over
1,whisper,11,3,3,Skip
1,whisper,12,4,12,Over
1,whisper,13,4,3,Over
1,whisper,14,4,11,Over
1,guard,1,11,WEREWOLF
1,attackVote,3,1
1,attackVote,11,13
1,attackVote,12,14
1,attackVote,3,1
1,attackVote,11,13
1,attackVote,12,14
1,attack,13,true
2,status,1,BODYGUARD,ALIVE,hellowolf
2,status,2,VILLAGER,ALIVE,wasabi
2,status,3,WEREWOLF,ALIVE,hellowolf 2
2,status,4,VILLAGER,ALIVE,fanfan 1
2,status,5,VILLAGER,ALIVE,hellowolf 1
2,status,6,MEDIUM,ALIVE,fanfan 2
2,status,7,VILLAGER,ALIVE,tomato
2,status,8,VILLAGER,ALIVE,takeda 1
2,status,9,VILLAGER,ALIVE,takeda 3
2,status,10,POSSESSED,ALIVE,takeda 2
2,status,11,WEREWOLF,ALIVE,tomato 1
2,status,12,WEREWOLF,ALIVE,fanfan
2,status,13,SEER,DEAD,wasabi 1
2,status,14,VILLAGER,ALIVE,takeda
2,status,15,VILLAGER,DEAD,HALUemon
2,talk,0,0,6,IDENTIFIED Agent[15] HUMAN
2,talk,1,0,12,VOTE Agent[03]
2,talk,2,0,14,VOTE Agent[11]
2,talk,3,0,5,VOTE Agent[03]
2,talk,4,0,3,VOTE Agent[01]
2,talk,5,0,7,VOTE Agent[09]
2,talk,6,0,10,DIVINED Agent[03] HUMAN
2,talk,7,0,11,DIVINED Agent[06] HUMAN
2,talk,8,0,8,VOTE Agent[11]
2,talk,9,0,1,VOTE Agent[03]
2,talk,10,0,9,VOTE Agent[11]
2,talk,11,0,2,Skip
2,talk,12,0,4,VOTE Agent[03]
2,talk,13,1,2,Skip
2,talk,14,1,14,Skip
2,talk,15,1,3,Skip
2,talk,16,1,11,VOTE Agent[03]
2,talk,17,1,7,VOTE Agent[03]
2,talk,18,1,9,Skip
2,talk,19,1,4,Skip
2,talk,20,1,1,Skip
2,talk,21,1,8,Skip
2,talk,22,1,10,VOTE Agent[11]
2,talk,23,1,6,VOTE Agent[14]
2,talk,24,1,5,Skip
2,talk,25,1,12,VOTE Agent[01]
2,talk,26,2,7,Skip
2,talk,27,2,4,Skip
2,talk,28,2,12,Skip
2,talk,29,2,3,Skip
2,talk,30,2,11,Skip
2,talk,31,2,14,Skip
2,talk,32,2,5,Skip
2,talk,33,2,10,Skip
2,talk,34,2,1,Skip
2,talk,35,2,9,Skip
2,talk,36,2,8,Skip
2,talk,37,2,2,ESTIMATE Agent[03] WEREWOLF
2,talk,38,2,6,Skip
2,talk,39,3,6,Skip
2,talk,40,3,14,VOTE Agent[03]
2,talk,41,3,7,Skip
2,talk,42,3,9,VOTE Agent[03]
2,talk,43,3,5,Over
2,talk,44,3,11,Skip
2,talk,45,3,12,VOTE Agent[03]
2,talk,46,3,3,Over
2,talk,47,3,2,VOTE Agent[03]
2,talk,48,3,8,VOTE Agent[03]
2,talk,49,3,4,Over
2,talk,50,3,10,Skip
2,talk,51,3,1,Over
2,talk,52,4,3,Over
2,talk,53,4,7,Over
2,talk,54,4,2,ESTIMATE Agent[11] WEREWOLF
2,talk,55,4,9,Skip
2,talk,56,4,1,Over
2,talk,57,4,10,Over
2,talk,58,4,6,Over
2,talk,59,4,5,Over
2,talk,60,4,12,Skip
2,talk,61,4,4,Over
2,talk,62,4,11,Over
2,talk,63,4,14,Skip
2,talk,64,4,8,Skip
2,talk,65,5,8,Skip
2,talk,66,5,12,Skip
2,talk,67,5,10,Over
2,talk,68,5,14,Skip
2,talk,69,5,5,Over
2,talk,70,5,2,ESTIMATE Agent[06] MEDIUM
2,talk,71,5,6,Over
2,talk,72,5,11,Over
2,talk,73,5,3,Over
2,talk,74,5,7,Over
2,talk,75,5,9,Skip
2,talk,76,5,4,Over
2,talk,77,5,1,Over
2,talk,78,6,5,Over
2,talk,79,6,6,Over
2,talk,80,6,3,Over
2,talk,81,6,10,Over
2,talk,82,6,8,Over
2,talk,83,6,11,Over
2,talk,84,6,9,Over
2,talk,85,6,4,Over
2,talk,86,6,14,Over
2,talk,87,6,7,Over
2,talk,88,6,1,Over
2,talk,89,6,2,ESTIMATE Agent[14] WEREWOLF
2,talk,90,6,12,Over
2,talk,91,7,2,ESTIMATE Agent[10] WEREWOLF
2,talk,92,7,10,Over
2,talk,93,7,9,Over
2,talk,94,7,1,Over
2,talk,95,7,6,Over
2,talk,96,7,11,Over
2,talk,97,7,5,Over
2,talk,98,7,7,Over
2,talk,99,7,4,Over
2,talk,100,7,14,Over
2,talk,101,7,3,Over
2,talk,102,7,8,Over
2,talk,103,7,12,Over
2,talk,104,8,5,Over
2,talk,105,8,6,Over
2,talk,106,8,4,Over
2,talk,107,8,12,Over
2,talk,108,8,1,Over
2,talk,109,8,9,Over
2,talk,110,8,8,Over
2,talk,111,8,2,ESTIMATE Agent[11] WEREWOLF
2,talk,112,8,7,Over
2,talk,113,8,3,Over
2,talk,114,8,11,Over
2,talk,115,8,10,Over
2,talk,116,8,14,Over
2,talk,117,9,3,Over
2,talk,118,9,8,Over
2,talk,119,9,1,Over
2,talk,120,9,7,Over
2,talk,121,9,10,Over
2,talk,122,9,4,Over
2,talk,123,9,6,Over
2,talk,124,9,5,Over
2,talk,125,9,14,Over
2,talk,126,9,12,Over
2,talk,127,9,2,Over
2,talk,128,9,9,Over
2,talk,129,9,11,Over
2,vote,1,3
2,vote,2,3
2,vote,3,1
2,vote,4,3
2,vote,5,3
2,vote,6,14
2,vote,7,3
2,vote,8,3
2,vote,9,3
2,vote,10,3
2,vote,11,3
2,vote,12,3
2,vote,14,3
2,execute,3,WEREWOLF
2,whisper,0,0,11,ATTACK Agent[10]
2,whisper,1,0,12,ATTACK Agent[14]
2,whisper,2,1,11,Skip
2,whisper,3,1,12,Skip
2,whisper,4,2,12,Skip
2,whisper,5,2,11,Skip
2,whisper,6,3,12,Over
2,whisper,7,3,11,Over
2,guard,1,11,WEREWOLF
2,attackVote,11,10
2,attackVote,12,14
2,attackVote,11,10
2,attackVote,12,14
2,attack,10,true
3,status,1,BODYGUARD,ALIVE,hellowolf
3,status,2,VILLAGER,ALIVE,wasabi
3,status,3,WEREWOLF,DEAD,hellowolf 2
3,status,4,VILLAGER,ALIVE,fanfan 1
3,status,5,VILLAGER,ALIVE,hellowolf 1
3,status,6,MEDIUM,ALIVE,fanfan 2
3,status,7,VILLAGER,ALIVE,tomato
3,status,8,VILLAGER,ALIVE,takeda 1
3,status,9,VILLAGER,ALIVE,takeda 3
3,status,10,POSSESSED,DEAD,takeda 2
3,status,11,WEREWOLF,ALIVE,tomato 1
3,status,12,WEREWOLF,ALIVE,fanfan
3,status,13,SEER,DEAD,wasabi 1
3,status,14,VILLAGER,ALIVE,takeda
3,status,15,VILLAGER,DEAD,HALUemon
3,talk,0,0,1,VOTE Agent[12]
3,talk,1,0,7,VOTE Agent[12]
3,talk,2,0,4,VOTE Agent[12]
3,talk,3,0,6,IDENTIFIED Agent[03] WEREWOLF
3,talk,4,0,5,VOTE Agent[11]
3,talk,5,0,8,VOTE Agent[11]
3,talk,6,0,2,ESTIMATE Agent[11] WEREWOLF
3,talk,7,0,12,VOTE Agent[14]
3,talk,8,0,9,VOTE Agent[11]
3,talk,9,0,14,VOTE Agent[11]
3,talk,10,0,11,DIVINED Agent[09] WEREWOLF
3,talk,11,1,4,Skip
3,talk,12,1,5,Skip
3,talk,13,1,6,VOTE Agent[14]
3,talk,14,1,7,VOTE Agent[11]
3,talk,15,1,14,Skip
3,talk,16,1,9,Skip
3,talk,17,1,1,VOTE Agent[11]
3,talk,18,1,12,Skip
3,talk,19,1,11,VOTE Agent[11]
3,talk,20,1,8,Skip
3,talk,21,1,2,ESTIMATE Agent[11] WEREWOLF
3,talk,22,2,6,Skip
3,talk,23,2,12,Skip
3,talk,24,2,8,Skip
3,talk,25,2,7,Skip
3,talk,26,2,11,Skip
3,talk,27,2,5,Skip
3,talk,28,2,1,Skip
3,talk,29,2,9,Skip
3,talk,30,2,14,Skip
3,talk,31,2,4,VOTE Agent[11]
3,talk,32,2,2,ESTIMATE Agent[05] VILLAGER
3,talk,33,3,2,VOTE Agent[11]
3,talk,34,3,11,Skip
3,talk,35,3,8,Over
3,talk,36,3,14,Over
3,talk,37,3,9,Over
3,talk,38,3,7,Skip
3,talk,39,3,4,Skip
3,talk,40,3,5,Over
3,talk,41,3,6,Skip
3,talk,42,3,1,Skip
3,talk,43,3,12,Over
3,talk,44,4,7,Over
3,talk,45,4,4,Skip
3,talk,46,4,1,Over
3,talk,47,4,6,Over
3,talk,48,4,11,Over
3,talk,49,4,14,Over
3,talk,50,4,2,ESTIMATE Agent[14] VILLAGER
3,talk,51,4,8,Over
3,talk,52,4,12,Over
3,talk,53,4,9,Over
3,talk,54,4,5,Over
3,talk,55,5,7,Over
3,talk,56,5,2,REQUEST ANY (VOTE Agent[11])
3,talk,57,5,12,Over
3,talk,58,5,11,Over
3,talk,59,5,9,Over
3,talk,60,5,5,Over
3,talk,61,5,1,Over
3,talk,62,5,8,Over
3,talk,63,5,4,Over
3,talk,64,5,14,Over
3,talk,65,5,6,Over
3,talk,66,6,5,Over
3,talk,67,6,4,Over
3,talk,68,6,2,ESTIMATE Agent[11] WEREWOLF
3,talk,69,6,6,Over
3,talk,70,6,11,Over
3,talk,71,6,9,Over
3,talk,72,6,7,Over
3,talk,73,6,12,Over
3,talk,74,6,1,Over
3,talk,75,6,8,Over
3,talk,76,6,14,Over
3,talk,77,7,6,Over
3,talk,78,7,8,Over
3,talk,79,7,11,Over
3,talk,80,7,9,Over
3,talk,81,7,12,Over
3,talk,82,7,4,Over
3,talk,83,7,14,Over
3,talk,84,7,5,Over
3,talk,85,7,7,Over
3,talk,86,7,2,ESTIMATE Agent[07] VILLAGER
3,talk,87,7,1,Over
3,talk,88,8,5,Over
3,talk,89,8,2,ESTIMATE Agent[11] WEREWOLF
3,talk,90,8,1,Over
3,talk,91,8,8,Over
3,talk,92,8,12,Over
3,talk,93,8,14,Over
3,talk,94,8,4,Over
3,talk,95,8,11,Over
3,talk,96,8,7,Over
3,talk,97,8,9,Over
3,talk,98,8,6,Over
3,talk,99,9,6,Over
3,talk,100,9,9,Over
3,talk,101,9,5,Over
3,talk,102,9,12,Over
3,talk,103,9,14,Over
3,talk,104,9,4,Over
3,talk,105,9,8,Over
3,talk,106,9,11,Over
3,talk,107,9,7,Over
3,talk,108,9,2,Over
3,talk,109,9,1,Over
3,vote,1,11
3,vote,2,11
3,vote,4,11
3,vote,5,11
3,vote,6,14
3,vote,7,11
3,vote,8,11
3,vote,9,11
3,vote,11,5
3,vote,12,14
3,vote,14,11
3,execute,11,WEREWOLF
3,guard,1,6,MEDIUM
3,attackVote,12,14
3,attack,14,true
4,status,1,BODYGUARD,ALIVE,hellowolf
4,status,2,VILLAGER,ALIVE,wasabi
4,status,3,WEREWOLF,DEAD,hellowolf 2
4,status,4,VILLAGER,ALIVE,fanfan 1
4,status,5,VILLAGER,ALIVE,hellowolf 1
4,status,6,MEDIUM,ALIVE,fanfan 2
4,status,7,VILLAGER,ALIVE,tomato
4,status,8,VILLAGER,ALIVE,takeda 1
4,status,9,VILLAGER,ALIVE,takeda 3
4,status,10,POSSESSED,DEAD,takeda 2
4,status,11,WEREWOLF,DEAD,tomato 1
4,status,12,WEREWOLF,ALIVE,fanfan
4,status,13,SEER,DEAD,wasabi 1
4,status,14,VILLAGER,DEAD,takeda
4,status,15,VILLAGER,DEAD,HALUemon
4,talk,0,0,4,VOTE Agent[07]
4,talk,1,0,12,VOTE Agent[01]
4,talk,2,0,1,VOTE Agent[12]
4,talk,3,0,2,ESTIMATE Agent[05] VILLAGER
4,talk,4,0,6,IDENTIFIED Agent[11] WEREWOLF
4,talk,5,0,7,VOTE Agent[06]
4,talk,6,0,8,VOTE Agent[01]
4,talk,7,0,5,VOTE Agent[12]
4,talk,8,0,9,VOTE Agent[01]
4,talk,9,1,12,Skip
4,talk,10,1,7,VOTE Agent[01]
4,talk,11,1,5,VOTE Agent[01]
4,talk,12,1,6,VOTE Agent[01]
4,talk,13,1,4,VOTE Agent[01]
4,talk,14,1,9,Skip
4,talk,15,1,2,ESTIMATE Agent[05] VILLAGER
4,talk,16,1,8,Skip
4,talk,17,1,1,Skip
4,talk,18,2,1,Skip
4,talk,19,2,9,Skip
4,talk,20,2,12,Skip
4,talk,21,2,2,ESTIMATE Agent[06] WEREWOLF
4,talk,22,2,8,Skip
4,talk,23,2,7,Skip
4,talk,24,2,6,Skip
4,talk,25,2,4,Skip
4,talk,26,2,5,Skip
4,talk,27,3,7,Skip
4,talk,28,3,4,Skip
4,talk,29,3,8,Over
4,talk,30,3,12,Over
4,talk,31,3,2,VOTE Agent[01]
4,talk,32,3,5,Skip
4,talk,33,3,1,Over
4,talk,34,3,9,Over
4,talk,35,3,6,Skip
4,talk,36,4,1,Over
4,talk,37,4,5,Over
4,talk,38,4,7,Over
4,talk,39,4,12,Over
4,talk,40,4,8,Over
4,talk,41,4,2,ESTIMATE Agent[06] WEREWOLF
4,talk,42,4,9,Over
4,talk,43,4,4,Over
4,talk,44,4,6,Over
4,talk,45,5,8,Over
4,talk,46,5,4,Over
4,talk,47,5,2,ESTIMATE Agent[06] WEREWOLF
4,talk,48,5,1,Over
4,talk,49,5,6,Over
4,talk,50,5,7,Over
4,talk,51,5,12,Over
4,talk,52,5,9,Over
4,talk,53,5,5,Over
4,talk,54,6,12,Over
4,talk,55,6,9,Over
4,talk,56,6,8,Over
4,talk,57,6,2,ESTIMATE Agent[08] VILLAGER
4,talk,58,6,1,Over
4,talk,59,6,5,Over
4,talk,60,6,7,Over
4,talk,61,6,4,Over
4,talk,62,6,6,Over
4,talk,63,7,1,Over
4,talk,64,7,12,Over
4,talk,65,7,8,Over
4,talk,66,7,5,Over
4,talk,67,7,2,ESTIMATE Agent[08] VILLAGER
4,talk,68,7,9,Over
4,talk,69,7,6,Over
4,talk,70,7,4,Over
4,talk,71,7,7,Over
4,talk,72,8,4,Over
4,talk,73,8,5,Over
4,talk,74,8,9,Over
4,talk,75,8,2,ESTIMATE Agent[07] VILLAGER
4,talk,76,8,6,Over
4,talk,77,8,7,Over
4,talk,78,8,12,Over
4,talk,79,8,1,Over
4,talk,80,8,8,Over
4,talk,81,9,4,Over
4,talk,82,9,7,Over
4,talk,83,9,1,Over
4,talk,84,9,8,Over
4,talk,85,9,2,Over
4,talk,86,9,12,Over
4,talk,87,9,5,Over
4,talk,88,9,6,Over
4,talk,89,9,9,Over
4,vote,1,12
4,vote,2,1
4,vote,4,1
4,vote,5,1
4,vote,6,1
4,vote,7,1
4,vote,8,1
4,vote,9,1
4,vote,12,1
4,execute,1,BODYGUARD
4,attackVote,12,4
4,attack,4,true
5,status,1,BODYGUARD,DEAD,hellowolf
5,status,2,VILLAGER,ALIVE,wasabi
5,status,3,WEREWOLF,DEAD,hellowolf 2
5,status,4,VILLAGER,DEAD,fanfan 1
5,status,5,VILLAGER,ALIVE,hellowolf 1
5,status,6,MEDIUM,ALIVE,fanfan 2
5,status,7,VILLAGER,ALIVE,tomato
5,status,8,VILLAGER,ALIVE,takeda 1
5,status,9,VILLAGER,ALIVE,takeda 3
5,status,10,POSSESSED,DEAD,takeda 2
5,status,11,WEREWOLF,DEAD,tomato 1
5,status,12,WEREWOLF,ALIVE,fanfan
5,status,13,SEER,DEAD,wasabi 1
5,status,14,VILLAGER,DEAD,takeda
5,status,15,VILLAGER,DEAD,HALUemon
5,talk,0,0,7,VOTE Agent[02]
5,talk,1,0,5,VOTE Agent[12]
5,talk,2,0,6,IDENTIFIED Agent[01] HUMAN
5,talk,3,0,2,ESTIMATE Agent[09] WEREWOLF
5,talk,4,0,9,VOTE Agent[12]
5,talk,5,0,12,VOTE Agent[02]
5,talk,6,0,8,VOTE Agent[12]
5,talk,7,1,5,Skip
5,talk,8,1,8,Skip
5,talk,9,1,9,Skip
5,talk,10,1,7,VOTE Agent[12]
5,talk,11,1,12,Skip
5,talk,12,1,2,ESTIMATE Agent[08] VILLAGER
5,talk,13,1,6,VOTE Agent[12]
5,talk,14,2,8,Skip
5,talk,15,2,6,Skip
5,talk,16,2,5,Skip
5,talk,17,2,9,Skip
5,talk,18,2,7,Skip
5,talk,19,2,12,Skip
5,talk,20,2,2,ESTIMATE Agent[05] VILLAGER
5,talk,21,3,2,VOTE Agent[12]
5,talk,22,3,6,Skip
5,talk,23,3,8,Over
5,talk,24,3,5,Over
5,talk,25,3,9,Over
5,talk,26,3,7,Skip
5,talk,27,3,12,Over
5,talk,28,4,9,Over
5,talk,29,4,6,Over
5,talk,30,4,7,Over
5,talk,31,4,5,Over
5,talk,32,4,12,Over
5,talk,33,4,8,Over
5,talk,34,4,2,ESTIMATE Agent[06] WEREWOLF
5,talk,35,5,2,REQUEST ANY (VOTE Agent[12])
5,talk,36,5,7,Over
5,talk,37,5,6,Over
5,talk,38,5,8,Over
5,talk,39,5,12,Over
5,talk,40,5,5,Over
5,talk,41,5,9,Over
5,talk,42,6,12,Over
5,talk,43,6,8,Over
5,talk,44,6,2,ESTIMATE Agent[09] VILLAGER
5,talk,45,6,7,Over
5,talk,46,6,6,Over
5,talk,47,6,5,Over
5,talk,48,6,9,Over
5,talk,49,7,7,Over
5,talk,50,7,12,Over
5,talk,51,7,9,Over
5,talk,52,7,5,Over
5,talk,53,7,2,ESTIMATE Agent[09] VILLAGER
5,talk,54,7,8,Over
5,talk,55,7,6,Over
5,talk,56,8,8,Over
5,talk,57,8,2,ESTIMATE Agent[12] WEREWOLF
5,talk,58,8,5,Over
5,talk,59,8,6,Over
5,talk,60,8,7,Over
5,talk,61,8,12,Over
5,talk,62,8,9,Over
5,talk,63,9,12,Over
5,talk,64,9,7,Over
5,talk,65,9,8,Over
5,talk,66,9,5,Over
5,talk,67,9,6,Over
5,talk,68,9,9,Over
5,talk,69,9,2,Over
5,vote,2,12
5,vote,5,12
5,vote,6,12
5,vote,7,12
5,vote,8,12
5,vote,9,12
5,vote,12,2
5,execute,12,WEREWOLF
6,status,1,BODYGUARD,DEAD,hellowolf
6,status,2,VILLAGER,ALIVE,wasabi
6,status,3,WEREWOLF,DEAD,hellowolf 2
6,status,4,VILLAGER,DEAD,fanfan 1
6,status,5,VILLAGER,ALIVE,hellowolf 1
6,status,6,MEDIUM,ALIVE,fanfan 2
6,status,7,VILLAGER,ALIVE,tomato
6,status,8,VILLAGER,ALIVE,takeda 1
6,status,9,VILLAGER,ALIVE,takeda 3
6,status,10,POSSESSED,DEAD,takeda 2
6,status,11,WEREWOLF,DEAD,tomato 1
6,status,12,WEREWOLF,DEAD,fanfan
6,status,13,SEER,DEAD,wasabi 1
6,status,14,VILLAGER,DEAD,takeda
6,status,15,VILLAGER,DEAD,HALUemon
6,result,6,0,VILLAGER
