0,status,1,VILLAGER,ALIVE,hellowolf
0,status,2,BODYGUARD,ALIVE,wasabi
0,status,3,VILLAGER,ALIVE,hellowolf 2
0,status,4,VILLAGER,ALIVE,fanfan 1
0,status,5,SEER,ALIVE,hellowolf 1
0,status,6,WEREWOLF,ALIVE,fanfan 2
0,status,7,WEREWOLF,ALIVE,tomato
0,status,8,WEREWOLF,ALIVE,takeda 1
0,status,9,VILLAGER,ALIVE,takeda 3
0,status,10,VILLAGER,ALIVE,takeda 2
0,status,11,MEDIUM,ALIVE,tomato 1
0,status,12,VILLAGER,ALIVE,fanfan
0,status,13,POSSESSED,ALIVE,wasabi 1
0,status,14,VILLAGER,ALIVE,takeda
0,status,15,VILLAGER,ALIVE,HALUemon
0,whisper,0,0,7,COMINGOUT Agent[07] VILLAGER
0,whisper,1,0,8,Skip
0,whisper,2,0,6,COMINGOUT Agent[06] VILLAGER
0,whisper,3,1,8,Skip
0,whisper,4,1,7,COMINGOUT Agent[07] SEER
0,whisper,5,1,6,Skip
0,whisper,6,2,8,Over
0,whisper,7,2,6,Skip
0,whisper,8,2,7,Skip
0,whisper,9,3,7,Skip
0,whisper,10,3,6,Over
0,whisper,11,3,8,Over
0,whisper,12,4,6,Over
0,whisper,13,4,7,Over
0,whisper,14,4,8,Over
0,divine,5,14,HUMAN
1,status,1,VILLAGER,ALIVE,hellowolf
1,status,2,BODYGUARD,ALIVE,wasabi
1,status,3,VILLAGER,ALIVE,hellowolf 2
1,status,4,VILLAGER,ALIVE,fanfan 1
1,status,5,SEER,ALIVE,hellowolf 1
1,status,6,WEREWOLF,ALIVE,fanfan 2
1,status,7,WEREWOLF,ALIVE,tomato
1,status,8,WEREWOLF,ALIVE,takeda 1
1,status,9,VILLAGER,ALIVE,takeda 3
1,status,10,VILLAGER,ALIVE,takeda 2
1,status,11,MEDIUM,ALIVE,tomato 1
1,status,12,VILLAGER,ALIVE,fanfan
1,status,13,POSSESSED,ALIVE,wasabi 1
1,status,14,VILLAGER,ALIVE,takeda
1,status,15,VILLAGER,ALIVE,HALUemon
1,talk,0,0,3,VOTE Agent[14]
1,talk,1,0,4,VOTE Agent[14]
1,talk,2,0,14,VOTE Agent[13]
1,talk,3,0,10,VOTE Agent[13]
1,talk,4,0,1,VOTE Agent[14]
1,talk,5,0,2,Skip
1,talk,6,0,15,VOTE Agent[05]
1,talk,7,0,12,VOTE Agent[14]
1,talk,8,0,13,COMINGOUT Agent[13] SEER
1,talk,9,0,9,VOTE Agent[13]
1,talk,10,0,11,COMINGOUT Agent[11] MEDIUM
1,talk,11,0,5,VOTE Agent[01]
1,talk,12,0,7,COMINGOUT Agent[07] SEER
1,talk,13,0,6,VOTE Agent[14]
1,talk,14,0,8,VOTE Agent[05]
1,talk,15,1,2,ESTIMATE Agent[07] WEREWOLF
1,talk,16,1,11,VOTE Agent[14]
1,talk,17,1,14,VOTE Agent[08]
1,talk,18,1,8,VOTE Agent[01]
1,talk,19,1,12,VOTE Agent[01]
1,talk,20,1,5,VOTE Agent[07]
1,talk,21,1,9,VOTE Agent[06]
1,talk,22,1,1,VOTE Agent[04]
1,talk,23,1,13,DIVINED Agent[04] WEREWOLF
1,talk,24,1,15,VOTE Agent[13]
1,talk,25,1,3,VOTE Agent[15]
1,talk,26,1,10,VOTE Agent[02]
1,talk,27,1,4,VOTE Agent[15]
1,talk,28,1,7,DIVINED Agent[14] HUMAN
1,talk,29,1,6,Skip
1,talk,30,2,14,VOTE Agent[06]
1,talk,31,2,12,VOTE Agent[04]
1,talk,32,2,6,VOTE Agent[15]
1,talk,33,2,10,VOTE Agent[06]
1,talk,34,2,4,VOTE Agent[06]
1,talk,35,2,5,VOTE Agent[06]
1,talk,36,2,7,VOTE Agent[14]
1,talk,37,2,2,ESTIMATE Agent[07] WEREWOLF
1,talk,38,2,15,VOTE Agent[04]
1,talk,39,2,3,VOTE Agent[04]
1,talk,40,2,13,ESTIMATE Agent[14] VILLAGER
1,talk,41,2,8,VOTE Agent[10]
1,talk,42,2,11,Skip
1,talk,43,2,9,Skip
1,talk,44,2,1,VOTE Agent[06]
1,talk,45,3,11,VOTE Agent[06]
1,talk,46,3,7,VOTE Agent[06]
1,talk,47,3,4,Skip
1,talk,48,3,1,Skip
1,talk,49,3,12,Skip
1,talk,50,3,3,Skip
1,talk,51,3,8,Skip
1,talk,52,3,6,VOTE Agent[04]
1,talk,53,3,14,Skip
1,talk,54,3,2,VOTE Agent[04]
1,talk,55,3,9,Skip
1,talk,56,3,10,Skip
1,talk,57,3,5,VOTE Agent[07]
1,talk,58,3,13,VOTE Agent[04]
1,talk,59,3,15,VOTE Agent[04]
1,talk,60,4,5,Skip
1,talk,61,4,10,Skip
1,talk,62,4,12,VOTE Agent[06]
1,talk,63,4,11,VOTE Agent[04]
1,talk,64,4,1,VOTE Agent[04]
1,talk,65,4,15,VOTE Agent[04]
1,talk,66,4,9,Over
1,talk,67,4,13,ESTIMATE Agent[05] VILLAGER
1,talk,68,4,3,VOTE Agent[06]
1,talk,69,4,8,VOTE Agent[02]
1,talk,70,4,7,VOTE Agent[04]
1,talk,71,4,4,Skip
1,talk,72,4,2,Skip
1,talk,73,4,14,Skip
1,talk,74,4,6,Skip
1,talk,75,5,7,Skip
1,talk,76,5,6,Skip
1,talk,77,5,12,VOTE Agent[04]
1,talk,78,5,13,ESTIMATE Agent[11] MEDIUM
1,talk,79,5,11,Skip
1,talk,80,5,14,Over
1,talk,81,5,8,Skip
1,talk,82,5,4,VOTE Agent[03]
1,talk,83,5,5,Skip
1,talk,84,5,10,Over
1,talk,85,5,3,VOTE Agent[04]
1,talk,86,5,2,ESTIMATE Agent[07] WEREWOLF
1,talk,87,5,15,VOTE Agent[04]
1,talk,88,5,1,Skip
1,talk,89,5,9,Over
1,talk,90,6,9,VOTE Agent[04]
1,talk,91,6,13,REQUEST ANY (VOTE Agent[04])
1,talk,92,6,5,Over
1,talk,93,6,6,Over
1,talk,94,6,10,VOTE Agent[04]
1,talk,95,6,8,VOTE Agent[04]
1,talk,96,6,14,VOTE Agent[04]
1,talk,97,6,2,Skip
1,talk,98,6,7,Skip
1,talk,99,6,12,Skip
1,talk,100,6,15,VOTE Agent[04]
1,talk,101,6,3,Skip
1,talk,102,6,4,Skip
1,talk,103,6,11,Skip
1,talk,104,6,1,Skip
1,talk,105,7,5,Over
1,talk,106,7,14,Skip
1,talk,107,7,2,Skip
1,talk,108,7,4,Skip
1,talk,109,7,7,Over
1,talk,110,7,1,Over
1,talk,111,7,6,Over
1,talk,112,7,11,Over
1,talk,113,7,13,ESTIMATE Agent[11] MEDIUM
1,talk,114,7,10,Skip
1,talk,115,7,9,Skip
1,talk,116,7,8,Skip
1,talk,117,7,12,Skip
1,talk,118,7,3,Skip
1,talk,119,7,15,VOTE Agent[04]
1,talk,120,8,3,Over
1,talk,121,8,11,Over
1,talk,122,8,4,Over
1,talk,123,8,7,Over
1,talk,124,8,12,Over
1,talk,125,8,8,Skip
1,talk,126,8,2,Over
1,talk,127,8,14,Skip
1,talk,128,8,10,Skip
1,talk,129,8,5,VOTE Agent[04]
1,talk,130,8,1,Over
1,talk,131,8,6,Over
1,talk,132,8,13,ESTIMATE Agent[05] VILLAGER
1,talk,133,8,15,VOTE Agent[04]
1,talk,134,8,9,Skip
1,talk,135,9,12,Over
1,talk,136,9,3,Over
1,talk,137,9,9,Over
1,talk,138,9,2,Over
1,talk,139,9,4,Over
1,talk,140,9,7,Over
1,talk,141,9,15,Over
1,talk,142,9,14,Over
1,talk,143,9,10,Over
1,talk,144,9,6,Over
1,talk,145,9,5,VOTE Agent[07]
1,talk,146,9,13,Over
1,talk,147,9,8,Over
1,talk,148,9,11,Over
1,talk,149,9,1,Over
1,talk,150,10,10,Over
1,talk,151,10,7,Over
1,talk,152,10,3,Over
1,talk,153,10,8,Over
1,talk,154,10,2,Over
1,talk,155,10,14,Over
1,talk,156,10,5,Skip
1,talk,157,10,12,Over
1,talk,158,10,11,Over
1,talk,159,10,15,Over
1,talk,160,10,4,Over
1,talk,161,10,6,Over
1,talk,162,10,13,Over
1,talk,163,10,9,Over
1,talk,164,10,1,Over
1,talk,165,11,13,Over
1,talk,166,11,9,Over
1,talk,167,11,1,Over
1,talk,168,11,5,Skip
1,talk,169,11,4,Over
1,talk,170,11,2,Over
1,talk,171,11,6,Over
1,talk,172,11,11,Over
1,talk,173,11,15,Over
1,talk,174,11,10,Over
1,talk,175,11,3,Over
1,talk,176,11,14,Over
1,talk,177,11,7,Over
1,talk,178,11,12,Over
1,talk,179,11,8,Over
1,talk,180,12,14,Over
1,talk,181,12,8,Over
1,talk,182,12,9,Over
1,talk,183,12,3,Over
1,talk,184,12,15,Over
1,talk,185,12,2,Over
1,talk,186,12,7,Over
1,talk,187,12,10,Over
1,talk,188,12,1,Over
1,talk,189,12,13,Over
1,talk,190,12,5,Over
1,talk,191,12,6,Over
1,talk,192,12,11,Over
1,talk,193,12,12,Over
1,talk,194,12,4,Over
1,vote,1,4
1,vote,2,4
1,vote,3,4
1,vote,4,3
1,vote,5,7
1,vote,6,4
1,vote,7,4
1,vote,8,4
1,vote,9,4
1,vote,10,4
1,vote,11,4
1,vote,12,4
1,vote,13,4
1,vote,14,4
1,vote,15,4
1,execute,4,VILLAGER
1,divine,5,15,HUMAN
1,whisper,0,0,8,Skip
1,whisper,1,0,7,ATTACK Agent[13]
1,whisper,2,0,6,ESTIMATE Agent[13] POSSESSED
1,whisper,3,1,7,Skip
1,whisper,4,1,6,ATTACK Agent[15]
1,whisper,5,1,8,Skip
1,whisper,6,2,8,Over
1,whisper,7,2,6,Skip
1,whisper,8,2,7,Skip
1,whisper,9,3,7,Over
1,whisper,10,3,6,Skip
1,whisper,11,3,8,Over
1,whisper,12,4,6,Over
1,whisper,13,4,8,Over
1,whisper,14,4,7,Over
1,guard,2,13,POSSESSED
1,attackVote,6,15
1,attackVote,7,13
1,attackVote,8,14
1,attackVote,6,15
1,attackVote,7,13
1,attackVote,8,14
1,attack,15,true
2,status,1,VILLAGER,ALIVE,hellowolf
2,status,2,BODYGUARD,ALIVE,wasabi
2,status,3,VILLAGER,ALIVE,hellowolf 2
2,status,4,VILLAGER,DEAD,fanfan 1
2,status,5,SEER,ALIVE,hellowolf 1
2,status,6,WEREWOLF,ALIVE,fanfan 2
2,status,7,WEREWOLF,ALIVE,tomato
2,status,8,WEREWOLF,ALIVE,takeda 1
2,status,9,VILLAGER,ALIVE,takeda 3
2,status,10,VILLAGER,ALIVE,takeda 2
2,status,11,MEDIUM,ALIVE,tomato 1
2,status,12,VILLAGER,ALIVE,fanfan
2,status,13,POSSESSED,ALIVE,wasabi 1
2,status,14,VILLAGER,ALIVE,takeda
2,status,15,VILLAGER,DEAD,HALUemon
2,talk,0,0,1,VOTE Agent[10]
2,talk,1,0,7,DIVINED Agent[06] HUMAN
2,talk,2,0,6,VOTE Agent[03]
2,talk,3,0,12,VOTE Agent[01]
2,talk,4,0,14,VOTE Agent[06]
2,talk,5,0,10,VOTE Agent[06]
2,talk,6,0,11,IDENTIFIED Agent[04] HUMAN
2,talk,7,0,8,VOTE Agent[02]
2,talk,8,0,5,VOTE Agent[07]
2,talk,9,0,9,VOTE Agent[06]
2,talk,10,0,2,ESTIMATE Agent[08] WEREWOLF
2,talk,11,0,3,VOTE Agent[01]
2,talk,12,0,13,DIVINED Agent[12] HUMAN
2,talk,13,1,5,Skip
2,talk,14,1,14,Skip
2,talk,15,1,3,Skip
2,talk,16,1,9,Skip
2,talk,17,1,11,VOTE Agent[06]
2,talk,18,1,10,Skip
2,talk,19,1,6,VOTE Agent[01]
2,talk,20,1,13,ESTIMATE Agent[11] WEREWOLF
2,talk,21,1,12,Skip
2,talk,22,1,2,ESTIMATE Agent[13] WEREWOLF
2,talk,23,1,8,Skip
2,talk,24,1,1,VOTE Agent[03]
2,talk,25,1,7,VOTE Agent[06]
2,talk,26,2,14,Skip
2,talk,27,2,2,ESTIMATE Agent[11] MEDIUM
2,talk,28,2,5,Skip
2,talk,29,2,6,Skip
2,talk,30,2,13,ESTIMATE Agent[12] VILLAGER
2,talk,31,2,8,Skip
2,talk,32,2,10,Skip
2,talk,33,2,9,Skip
2,talk,34,2,3,Skip
2,talk,35,2,1,Skip
2,talk,36,2,12,Skip
2,talk,37,2,11,Skip
2,talk,38,2,7,Skip
2,talk,39,3,11,Skip
2,talk,40,3,9,Over
2,talk,41,3,8,Over
2,talk,42,3,10,Over
2,talk,43,3,12,Over
2,talk,44,3,2,VOTE Agent[03]
2,talk,45,3,6,Skip
2,talk,46,3,7,Skip
2,talk,47,3,14,Over
2,talk,48,3,1,Skip
2,talk,49,3,13,VOTE Agent[11]
2,talk,50,3,3,VOTE Agent[12]
2,talk,51,3,5,Over
2,talk,52,4,14,Over
2,talk,53,4,13,Skip
2,talk,54,4,6,VOTE Agent[03]
2,talk,55,4,12,Over
2,talk,56,4,9,Over
2,talk,57,4,11,Over
2,talk,58,4,10,Over
2,talk,59,4,2,VOTE Agent[01]
2,talk,60,4,7,Over
2,talk,61,4,5,Over
2,talk,62,4,3,Skip
2,talk,63,4,8,Over
2,talk,64,4,1,Over
2,talk,65,5,13,Skip
2,talk,66,5,12,Over
2,talk,67,5,9,Over
2,talk,68,5,7,VOTE Agent[01]
2,talk,69,5,5,Over
2,talk,70,5,10,Over
2,talk,71,5,8,Over
2,talk,72,5,3,Skip
2,talk,73,5,2,VOTE Agent[08]
2,talk,74,5,6,Skip
2,talk,75,5,11,VOTE Agent[01]
2,talk,76,5,1,Over
2,talk,77,5,14,Over
2,talk,78,6,1,Over
2,talk,79,6,6,VOTE Agent[01]
2,talk,80,6,3,VOTE Agent[01]
2,talk,81,6,7,Skip
2,talk,82,6,5,VOTE Agent[03]
2,talk,83,6,10,Over
2,talk,84,6,14,Over
2,talk,85,6,9,Over
2,talk,86,6,11,Skip
2,talk,87,6,2,Skip
2,talk,88,6,8,Over
2,talk,89,6,13,ESTIMATE Agent[09] VILLAGER
2,talk,90,6,12,Over
2,talk,91,7,8,Over
2,talk,92,7,2,VOTE Agent[01]
2,talk,93,7,7,Skip
2,talk,94,7,14,Over
2,talk,95,7,10,Over
2,talk,96,7,12,Over
2,talk,97,7,6,Skip
2,talk,98,7,3,Skip
2,talk,99,7,1,Over
2,talk,100,7,11,Skip
2,talk,101,7,5,VOTE Agent[07]
2,talk,102,7,9,Over
2,talk,103,7,13,ESTIMATE Agent[11] WEREWOLF
2,talk,104,8,3,Skip
2,talk,105,8,9,Over
2,talk,106,8,8,Over
2,talk,107,8,1,Over
2,talk,108,8,14,Over
2,talk,109,8,13,ESTIMATE Agent[02] VILLAGER
2,talk,110,8,7,Over
2,talk,111,8,6,Skip
2,talk,112,8,2,ESTIMATE Agent[13] WEREWOLF
2,talk,113,8,12,Over
2,talk,114,8,11,Over
2,talk,115,8,5,Skip
2,talk,116,8,10,Over
2,talk,117,9,14,Over
2,talk,118,9,1,Over
2,talk,119,9,8,Over
2,talk,120,9,3,Over
2,talk,121,9,5,Skip
2,talk,122,9,9,Over
2,talk,123,9,7,Over
2,talk,124,9,13,Over
2,talk,125,9,12,Over
2,talk,126,9,11,Over
2,talk,127,9,6,Over
2,talk,128,9,10,Over
2,talk,129,9,2,Over
2,talk,130,10,10,Over
2,talk,131,10,2,Over
2,talk,132,10,7,Over
2,talk,133,10,6,Over
2,talk,134,10,11,Over
2,talk,135,10,3,Over
2,talk,136,10,13,Over
2,talk,137,10,8,Over
2,talk,138,10,9,Over
2,talk,139,10,5,VOTE Agent[01]
2,talk,140,10,14,Over
2,talk,141,10,12,Over
2,talk,142,10,1,Over
2,talk,143,11,3,Over
2,talk,144,11,5,Skip
2,talk,145,11,14,Over
2,talk,146,11,9,Over
2,talk,147,11,6,Over
2,talk,148,11,12,Over
2,talk,149,11,2,Over
2,talk,150,11,7,Over
2,talk,151,11,8,Over
2,talk,152,11,1,Over
2,talk,153,11,10,Over
2,talk,154,11,13,Over
2,talk,155,11,11,Over
2,talk,156,12,7,Over
2,talk,157,12,12,Over
2,talk,158,12,11,Over
2,talk,159,12,14,Over
2,talk,160,12,1,Over
2,talk,161,12,13,Over
2,talk,162,12,2,Over
2,talk,163,12,8,Over
2,talk,164,12,3,Over
2,talk,165,12,6,Over
2,talk,166,12,9,Over
2,talk,167,12,5,VOTE Agent[07]
2,talk,168,12,10,Over
2,talk,169,13,9,Over
2,talk,170,13,12,Over
2,talk,171,13,5,Skip
2,talk,172,13,7,Over
2,talk,173,13,3,Over
2,talk,174,13,2,Over
2,talk,175,13,13,Over
2,talk,176,13,1,Over
2,talk,177,13,14,Over
2,talk,178,13,10,Over
2,talk,179,13,11,Over
2,talk,180,13,6,Over
2,talk,181,13,8,Over
2,talk,182,14,9,Over
2,talk,183,14,14,Over
2,talk,184,14,13,Over
2,talk,185,14,11,Over
2,talk,186,14,8,Over
2,talk,187,14,6,Over
2,talk,188,14,12,Over
2,talk,189,14,7,Over
2,talk,190,14,2,Over
2,talk,191,14,5,Skip
2,talk,192,14,10,Over
2,talk,193,14,1,Over
2,talk,194,14,3,Over
2,talk,195,15,8,Over
2,talk,196,15,6,Over
2,talk,197,15,10,Over
2,talk,198,15,1,Over
2,talk,199,15,12,Over
2,talk,200,15,11,Over
2,talk,201,15,2,Over
2,talk,202,15,5,VOTE Agent[01]
2,talk,203,15,7,Over
2,talk,204,15,3,Over
2,talk,205,15,9,Over
2,talk,206,15,13,Over
2,talk,207,15,14,Over
2,talk,208,16,12,Over
2,talk,209,16,10,Over
2,talk,210,16,9,Over
2,talk,211,16,2,Over
2,talk,212,16,14,Over
2,talk,213,16,3,Over
2,talk,214,16,1,Over
2,talk,215,16,8,Over
2,talk,216,16,6,Over
2,talk,217,16,5,Skip
2,talk,218,16,11,Over
2,talk,219,16,13,Over
2,talk,220,16,7,Over
2,talk,221,17,12,Over
2,talk,222,17,1,Over
2,talk,223,17,7,Over
2,talk,224,17,8,Over
2,talk,225,17,13,Over
2,talk,226,17,10,Over
2,talk,227,17,11,Over
2,talk,228,17,14,Over
2,talk,229,17,9,Over
2,talk,230,17,2,Over
2,talk,231,17,3,Over
2,talk,232,17,5,Skip
2,talk,233,17,6,Over
2,talk,234,18,9,Over
2,talk,235,18,6,Over
2,talk,236,18,8,Over
2,talk,237,18,14,Over
2,talk,238,18,11,Over
2,talk,239,18,10,Over
2,talk,240,18,13,Over
2,talk,241,18,5,Over
2,talk,242,18,7,Over
2,talk,243,18,3,Over
2,talk,244,18,1,Over
2,talk,245,18,12,Over
2,talk,246,18,2,Over
2,vote,1,3
2,vote,2,1
2,vote,3,1
2,vote,5,1
2,vote,6,1
2,vote,7,1
2,vote,8,6
2,vote,9,6
2,vote,10,6
2,vote,11,1
2,vote,12,1
2,vote,13,11
2,vote,14,6
2,execute,1,VILLAGER
2,divine,5,12,HUMAN
2,whisper,0,0,7,ATTACK Agent[13]
2,whisper,1,0,6,ATTACK Agent[05]
2,whisper,2,0,8,Skip
2,whisper,3,1,6,Skip
2,whisper,4,1,8,Skip
2,whisper,5,1,7,Skip
2,whisper,6,2,8,Over
2,whisper,7,2,6,Skip
2,whisper,8,2,7,Skip
2,whisper,9,3,8,Over
2,whisper,10,3,6,Over
2,whisper,11,3,7,Over
2,guard,2,7,WEREWOLF
2,attackVote,6,5
2,attackVote,7,13
2,attackVote,8,14
2,attackVote,6,5
2,attackVote,7,13
2,attackVote,8,14
2,attack,13,true
3,status,1,VILLAGER,DEAD,hellowolf
3,status,2,BODYGUARD,ALIVE,wasabi
3,status,3,VILLAGER,ALIVE,hellowolf 2
3,status,4,VILLAGER,DEAD,fanfan 1
3,status,5,SEER,ALIVE,hellowolf 1
3,status,6,WEREWOLF,ALIVE,fanfan 2
3,status,7,WEREWOLF,ALIVE,tomato
3,status,8,WEREWOLF,ALIVE,takeda 1
3,status,9,VILLAGER,ALIVE,takeda 3
3,status,10,VILLAGER,ALIVE,takeda 2
3,status,11,MEDIUM,ALIVE,tomato 1
3,status,12,VILLAGER,ALIVE,fanfan
3,status,13,POSSESSED,DEAD,wasabi 1
3,status,14,VILLAGER,ALIVE,takeda
3,status,15,VILLAGER,DEAD,HALUemon
3,talk,0,0,7,DIVINED Agent[09] HUMAN
3,talk,1,0,12,VOTE Agent[03]
3,talk,2,0,14,VOTE Agent[06]
3,talk,3,0,10,VOTE Agent[06]
3,talk,4,0,9,VOTE Agent[06]
3,talk,5,0,6,VOTE Agent[03]
3,talk,6,0,11,IDENTIFIED Agent[01] HUMAN
3,talk,7,0,8,VOTE Agent[02]
3,talk,8,0,3,VOTE Agent[12]
3,talk,9,0,5,VOTE Agent[07]
3,talk,10,0,2,ESTIMATE Agent[07] WEREWOLF
3,talk,11,1,9,Skip
3,talk,12,1,2,ESTIMATE Agent[03] WEREWOLF
3,talk,13,1,10,Skip
3,talk,14,1,3,VOTE Agent[10]
3,talk,15,1,8,Skip
3,talk,16,1,14,Skip
3,talk,17,1,7,VOTE Agent[06]
3,talk,18,1,6,Skip
3,talk,19,1,5,VOTE Agent[03]
3,talk,20,1,12,VOTE Agent[06]
3,talk,21,1,11,VOTE Agent[06]
3,talk,22,2,9,Skip
3,talk,23,2,7,Skip
3,talk,24,2,3,VOTE Agent[02]
3,talk,25,2,11,Skip
3,talk,26,2,6,Skip
3,talk,27,2,10,Skip
3,talk,28,2,2,Skip
3,talk,29,2,5,VOTE Agent[07]
3,talk,30,2,14,Skip
3,talk,31,2,8,VOTE Agent[06]
3,talk,32,2,12,Skip
3,talk,33,3,7,Skip
3,talk,34,3,12,Skip
3,talk,35,3,9,Over
3,talk,36,3,6,Over
3,talk,37,3,10,Over
3,talk,38,3,8,Skip
3,talk,39,3,11,Skip
3,talk,40,3,2,VOTE Agent[11]
3,talk,41,3,14,Over
3,talk,42,3,3,VOTE Agent[12]
3,talk,43,3,5,Skip
3,talk,44,4,2,Skip
3,talk,45,4,9,Over
3,talk,46,4,7,Over
3,talk,47,4,10,Over
3,talk,48,4,8,Skip
3,talk,49,4,11,Over
3,talk,50,4,14,Over
3,talk,51,4,5,Skip
3,talk,52,4,6,Over
3,talk,53,4,3,VOTE Agent[02]
3,talk,54,4,12,Over
3,talk,55,5,14,Over
3,talk,56,5,11,Over
3,talk,57,5,7,Over
3,talk,58,5,10,Over
3,talk,59,5,12,Over
3,talk,60,5,6,Over
3,talk,61,5,5,Over
3,talk,62,5,8,Over
3,talk,63,5,9,Over
3,talk,64,5,2,VOTE Agent[05]
3,talk,65,5,3,Skip
3,talk,66,6,10,Over
3,talk,67,6,6,Over
3,talk,68,6,11,Over
3,talk,69,6,5,Over
3,talk,70,6,8,Over
3,talk,71,6,9,Over
3,talk,72,6,7,Over
3,talk,73,6,12,Over
3,talk,74,6,14,Over
3,talk,75,6,2,VOTE Agent[10]
3,talk,76,6,3,Skip
3,talk,77,7,7,Over
3,talk,78,7,11,Over
3,talk,79,7,6,Over
3,talk,80,7,12,Over
3,talk,81,7,5,Over
3,talk,82,7,2,ESTIMATE Agent[09] VILLAGER
3,talk,83,7,9,Over
3,talk,84,7,14,Over
3,talk,85,7,10,Over
3,talk,86,7,3,VOTE Agent[12]
3,talk,87,7,8,Over
3,talk,88,8,9,Over
3,talk,89,8,8,Over
3,talk,90,8,2,VOTE Agent[03]
3,talk,91,8,3,Skip
3,talk,92,8,11,Over
3,talk,93,8,7,Over
3,talk,94,8,6,Over
3,talk,95,8,12,Over
3,talk,96,8,5,Over
3,talk,97,8,14,Over
3,talk,98,8,10,Over
3,talk,99,9,8,Over
3,talk,100,9,10,Over
3,talk,101,9,14,Over
3,talk,102,9,6,Over
3,talk,103,9,3,Skip
3,talk,104,9,11,Over
3,talk,105,9,9,Over
3,talk,106,9,7,Over
3,talk,107,9,5,Over
3,talk,108,9,12,Over
3,talk,109,9,2,Over
3,talk,110,10,7,Over
3,talk,111,10,5,Over
3,talk,112,10,3,Over
3,talk,113,10,2,Over
3,talk,114,10,8,Over
3,talk,115,10,10,Over
3,talk,116,10,11,Over
3,talk,117,10,6,Over
3,talk,118,10,9,Over
3,talk,119,10,14,Over
3,talk,120,10,12,Over
3,vote,2,3
3,vote,3,12
3,vote,5,7
3,vote,6,3
3,vote,7,6
3,vote,8,6
3,vote,9,6
3,vote,10,6
3,vote,11,6
3,vote,12,6
3,vote,14,6
3,execute,6,WEREWOLF
3,divine,5,3,HUMAN
3,whisper,0,0,8,Skip
3,whisper,1,0,7,ATTACK Agent[11]
3,whisper,2,1,7,Skip
3,whisper,3,1,8,Skip
3,whisper,4,2,7,Skip
3,whisper,5,2,8,Over
3,whisper,6,3,7,Over
3,whisper,7,3,8,Over
3,guard,2,7,WEREWOLF
3,attackVote,7,11
3,attackVote,8,14
3,attackVote,7,11
3,attackVote,8,14
3,attack,14,true
4,status,1,VILLAGER,DEAD,hellowolf
4,status,2,BODYGUARD,ALIVE,wasabi
4,status,3,VILLAGER,ALIVE,hellowolf 2
4,status,4,VILLAGER,DEAD,fanfan 1
4,status,5,SEER,ALIVE,hellowolf 1
4,status,6,WEREWOLF,DEAD,fanfan 2
4,status,7,WEREWOLF,ALIVE,tomato
4,status,8,WEREWOLF,ALIVE,takeda 1
4,status,9,VILLAGER,ALIVE,takeda 3
4,status,10,VILLAGER,ALIVE,takeda 2
4,status,11,MEDIUM,ALIVE,tomato 1
4,status,12,VILLAGER,ALIVE,fanfan
4,status,13,POSSESSED,DEAD,wasabi 1
4,status,14,VILLAGER,DEAD,takeda
4,status,15,VILLAGER,DEAD,HALUemon
4,talk,0,0,3,VOTE Agent[12]
4,talk,1,0,7,DIVINED Agent[02] HUMAN
4,talk,2,0,8,VOTE Agent[02]
4,talk,3,0,9,VOTE Agent[02]
4,talk,4,0,10,VOTE Agent[02]
4,talk,5,0,12,VOTE Agent[03]
4,talk,6,0,2,ESTIMATE Agent[05] WEREWOLF
4,talk,7,0,11,IDENTIFIED Agent[06] WEREWOLF
4,talk,8,0,5,VOTE Agent[07]
4,talk,9,1,11,VOTE Agent[02]
4,talk,10,1,7,VOTE Agent[02]
4,talk,11,1,8,Skip
4,talk,12,1,5,VOTE Agent[02]
4,talk,13,1,12,Skip
4,talk,14,1,10,Skip
4,talk,15,1,3,VOTE Agent[02]
4,talk,16,1,2,ESTIMATE Agent[12] VILLAGER
4,talk,17,1,9,Skip
4,talk,18,2,10,Skip
4,talk,19,2,12,Skip
4,talk,20,2,8,Skip
4,talk,21,2,7,Skip
4,talk,22,2,3,Skip
4,talk,23,2,9,Skip
4,talk,24,2,11,Skip
4,talk,25,2,2,ESTIMATE Agent[11] WEREWOLF
4,talk,26,2,5,Skip
4,talk,27,3,8,Over
4,talk,28,3,2,VOTE Agent[11]
4,talk,29,3,11,Skip
4,talk,30,3,9,Over
4,talk,31,3,12,Over
4,talk,32,3,7,Skip
4,talk,33,3,3,Skip
4,talk,34,3,10,Over
4,talk,35,3,5,Skip
4,talk,36,4,2,Skip
4,talk,37,4,9,Over
4,talk,38,4,5,Over
4,talk,39,4,8,Over
4,talk,40,4,3,Over
4,talk,41,4,10,Over
4,talk,42,4,12,Over
4,talk,43,4,11,Over
4,talk,44,4,7,Over
4,talk,45,5,8,Over
4,talk,46,5,7,Over
4,talk,47,5,3,Over
4,talk,48,5,11,Over
4,talk,49,5,10,Over
4,talk,50,5,12,Over
4,talk,51,5,2,Skip
4,talk,52,5,5,Over
4,talk,53,5,9,Over
4,talk,54,6,5,Over
4,talk,55,6,11,Over
4,talk,56,6,2,Over
4,talk,57,6,7,Over
4,talk,58,6,8,Over
4,talk,59,6,9,Over
4,talk,60,6,3,Over
4,talk,61,6,10,Over
4,talk,62,6,12,Over
4,vote,2,11
4,vote,3,2
4,vote,5,2
4,vote,7,2
4,vote,8,2
4,vote,9,2
4,vote,10,2
4,vote,11,2
4,vote,12,3
4,execute,2,BODYGUARD
4,divine,5,8,WEREWOLF
4,whisper,0,0,8,Skip
4,whisper,1,0,7,ATTACK Agent[11]
4,whisper,2,1,8,Skip
4,whisper,3,1,7,Skip
4,whisper,4,2,8,Over
4,whisper,5,2,7,Skip
4,whisper,6,3,8,Over
4,whisper,7,3,7,Over
4,attackVote,7,11
4,attackVote,8,9
4,attackVote,7,11
4,attackVote,8,9
4,attack,11,true
5,status,1,VILLAGER,DEAD,hellowolf
5,status,2,BODYGUARD,DEAD,wasabi
5,status,3,VILLAGER,ALIVE,hellowolf 2
5,status,4,VILLAGER,DEAD,fanfan 1
5,status,5,SEER,ALIVE,hellowolf 1
5,status,6,WEREWOLF,DEAD,fanfan 2
5,status,7,WEREWOLF,ALIVE,tomato
5,status,8,WEREWOLF,ALIVE,takeda 1
5,status,9,VILLAGER,ALIVE,takeda 3
5,status,10,VILLAGER,ALIVE,takeda 2
5,status,11,MEDIUM,DEAD,tomato 1
5,status,12,VILLAGER,ALIVE,fanfan
5,status,13,POSSESSED,DEAD,wasabi 1
5,status,14,VILLAGER,DEAD,takeda
5,status,15,VILLAGER,DEAD,HALUemon
5,talk,0,0,8,VOTE Agent[07]
5,talk,1,0,5,COMINGOUT Agent[05] SEER
5,talk,2,0,9,VOTE Agent[07]
5,talk,3,0,3,VOTE Agent[07]
5,talk,4,0,10,VOTE Agent[07]
5,talk,5,0,12,VOTE Agent[07]
5,talk,6,0,7,DIVINED Agent[08] WEREWOLF
5,talk,7,1,8,Skip
5,talk,8,1,12,Skip
5,talk,9,1,7,VOTE Agent[07]
5,talk,10,1,3,Skip
5,talk,11,1,5,DIVINED Agent[14] HUMAN
5,talk,12,1,10,Skip
5,talk,13,1,9,Skip
5,talk,14,2,5,DIVINED Agent[15] HUMAN
5,talk,15,2,3,Skip
5,talk,16,2,9,Skip
5,talk,17,2,8,Skip
5,talk,18,2,12,Skip
5,talk,19,2,10,Skip
5,talk,20,2,7,Skip
5,talk,21,3,3,Over
5,talk,22,3,5,DIVINED Agent[12] HUMAN
5,talk,23,3,12,Over
5,talk,24,3,8,Over
5,talk,25,3,9,Over
5,talk,26,3,10,Over
5,talk,27,3,7,Skip
5,talk,28,4,5,DIVINED Agent[03] HUMAN
5,talk,29,4,12,Over
5,talk,30,4,7,Over
5,talk,31,4,10,Over
5,talk,32,4,3,Over
5,talk,33,4,9,Over
5,talk,34,4,8,Over
5,talk,35,5,12,Over
5,talk,36,5,7,Over
5,talk,37,5,8,Over
5,talk,38,5,9,Over
5,talk,39,5,10,Over
5,talk,40,5,5,DIVINED Agent[08] WEREWOLF
5,talk,41,5,3,Over
5,talk,42,6,5,VOTE Agent[08]
5,talk,43,6,3,Over
5,talk,44,6,7,Over
5,talk,45,6,12,Over
5,talk,46,6,10,Over
5,talk,47,6,8,Over
5,talk,48,6,9,Over
5,talk,49,7,7,Over
5,talk,50,7,8,Over
5,talk,51,7,10,Over
5,talk,52,7,3,Over
5,talk,53,7,12,Over
5,talk,54,7,9,Over
5,talk,55,7,5,VOTE Agent[07]
5,talk,56,8,10,Over
5,talk,57,8,8,Over
5,talk,58,8,12,Over
5,talk,59,8,7,Over
5,talk,60,8,5,Skip
5,talk,61,8,9,Over
5,talk,62,8,3,Over
5,talk,63,9,3,Over
5,talk,64,9,8,Over
5,talk,65,9,10,Over
5,talk,66,9,12,Over
5,talk,67,9,5,Skip
5,talk,68,9,9,Over
5,talk,69,9,7,Over
5,talk,70,10,5,Over
5,talk,71,10,9,Over
5,talk,72,10,12,Over
5,talk,73,10,10,Over
5,talk,74,10,3,Over
5,talk,75,10,7,Over
5,talk,76,10,8,Over
5,vote,3,7
5,vote,5,7
5,vote,7,8
5,vote,8,7
5,vote,9,7
5,vote,10,7
5,vote,12,7
5,execute,7,WEREWOLF
5,divine,5,10,HUMAN
5,attackVote,8,9
5,attack,9,true
6,status,1,VILLAGER,DEAD,hellowolf
6,status,2,BODYGUARD,DEAD,wasabi
6,status,3,VILLAGER,ALIVE,hellowolf 2
6,status,4,VILLAGER,DEAD,fanfan 1
6,status,5,SEER,ALIVE,hellowolf 1
6,status,6,WEREWOLF,DEAD,fanfan 2
6,status,7,WEREWOLF,DEAD,tomato
6,status,8,WEREWOLF,ALIVE,takeda 1
6,status,9,VILLAGER,DEAD,takeda 3
6,status,10,VILLAGER,ALIVE,takeda 2
6,status,11,MEDIUM,DEAD,tomato 1
6,status,12,VILLAGER,ALIVE,fanfan
6,status,13,POSSESSED,DEAD,wasabi 1
6,status,14,VILLAGER,DEAD,takeda
6,status,15,VILLAGER,DEAD,HALUemon
6,talk,0,0,5,DIVINED Agent[10] HUMAN
6,talk,1,0,8,VOTE Agent[05]
6,talk,2,0,3,VOTE Agent[08]
6,talk,3,0,12,VOTE Agent[03]
6,talk,4,0,10,VOTE Agent[05]
6,talk,5,1,3,VOTE Agent[05]
6,talk,6,1,10,Skip
6,talk,7,1,5,VOTE Agent[08]
6,talk,8,1,12,VOTE Agent[08]
6,talk,9,1,8,Skip
6,talk,10,2,3,VOTE Agent[08]
6,talk,11,2,10,Skip
6,talk,12,2,12,VOTE Agent[03]
6,talk,13,2,5,Skip
6,talk,14,2,8,Skip
6,talk,15,3,3,Skip
6,talk,16,3,5,Skip
6,talk,17,3,10,Over
6,talk,18,3,8,Over
6,talk,19,3,12,VOTE Agent[08]
6,talk,20,4,3,Skip
6,talk,21,4,8,VOTE Agent[05]
6,talk,22,4,12,Skip
6,talk,23,4,5,Over
6,talk,24,4,10,VOTE Agent[08]
6,talk,25,5,3,Over
6,talk,26,5,8,VOTE Agent[05]
6,talk,27,5,12,Skip
6,talk,28,5,10,Skip
6,talk,29,5,5,Over
6,talk,30,6,10,Skip
6,talk,31,6,8,VOTE Agent[05]
6,talk,32,6,12,Over
6,talk,33,6,5,Over
6,talk,34,6,3,Over
6,talk,35,7,8,VOTE Agent[05]
6,talk,36,7,5,Over
6,talk,37,7,10,Over
6,talk,38,7,3,Over
6,talk,39,7,12,Over
6,talk,40,8,3,Over
6,talk,41,8,12,Over
6,talk,42,8,5,Over
6,talk,43,8,10,Over
6,talk,44,8,8,VOTE Agent[05]
6,talk,45,9,12,Over
6,talk,46,9,10,Over
6,talk,47,9,8,VOTE Agent[05]
6,talk,48,9,5,Over
6,talk,49,9,3,Over
6,talk,50,10,12,Over
6,talk,51,10,3,Over
6,talk,52,10,10,Over
6,talk,53,10,8,VOTE Agent[05]
6,talk,54,10,5,Over
6,talk,55,11,12,Over
6,talk,56,11,8,VOTE Agent[05]
6,talk,57,11,5,Over
6,talk,58,11,10,Over
6,talk,59,11,3,Over
6,talk,60,12,5,Over
6,talk,61,12,12,Over
6,talk,62,12,8,VOTE Agent[05]
6,talk,63,12,3,Over
6,talk,64,12,10,Over
6,talk,65,13,8,Over
6,talk,66,13,5,Over
6,talk,67,13,3,Over
6,talk,68,13,12,Over
6,talk,69,13,10,Over
6,vote,3,8
6,vote,5,8
6,vote,8,5
6,vote,10,8
6,vote,12,8
6,execute,8,WEREWOLF
6,divine,5,10,HUMAN
7,status,1,VILLAGER,DEAD,hellowolf
7,status,2,BODYGUARD,DEAD,wasabi
7,status,3,VILLAGER,ALIVE,hellowolf 2
7,status,4,VILLAGER,DEAD,fanfan 1
7,status,5,SEER,ALIVE,hellowolf 1
7,status,6,WEREWOLF,DEAD,fanfan 2
7,status,7,WEREWOLF,DEAD,tomato
7,status,8,WEREWOLF,DEAD,takeda 1
7,status,9,VILLAGER,DEAD,takeda 3
7,status,10,VILLAGER,ALIVE,takeda 2
7,status,11,MEDIUM,DEAD,tomato 1
7,status,12,VILLAGER,ALIVE,fanfan
7,status,13,POSSESSED,DEAD,wasabi 1
7,status,14,VILLAGER,DEAD,takeda
7,status,15,VILLAGER,DEAD,HALUemon
7,result,4,0,VILLAGER
