0,status,1,WEREWOLF,ALIVE,hellowolf
0,status,2,VILLAGER,ALIVE,wasabi
0,status,3,SEER,ALIVE,hellowolf 2
0,status,4,BODYGUARD,ALIVE,fanfan 1
0,status,5,VILLAGER,ALIVE,hellowolf 1
0,status,6,VILLAGER,ALIVE,fanfan 2
0,status,7,WEREWOLF,ALIVE,tomato
0,status,8,POSSESSED,ALIVE,takeda 1
0,status,9,VILLAGER,ALIVE,takeda 3
0,status,10,VILLAGER,ALIVE,takeda 2
0,status,11,VILLAGER,ALIVE,tomato 1
0,status,12,WEREWOLF,ALIVE,fanfan
0,status,13,VILLAGER,ALIVE,wasabi 1
0,status,14,VILLAGER,ALIVE,takeda
0,status,15,MEDIUM,ALIVE,HALUemon
0,whisper,0,0,1,COMINGOUT Agent[01] VILLAGER
0,whisper,1,0,7,COMINGOUT Agent[07] VILLAGER
0,whisper,2,0,12,COMINGOUT Agent[12] VILLAGER
0,whisper,3,1,12,Skip
0,whisper,4,1,7,Skip
0,whisper,5,1,1,Skip
0,whisper,6,2,1,Skip
0,whisper,7,2,7,COMINGOUT Agent[07] SEER
0,whisper,8,2,12,Skip
0,whisper,9,3,7,Skip
0,whisper,10,3,12,Over
0,whisper,11,3,1,Over
0,whisper,12,4,12,Over
0,whisper,13,4,7,Skip
0,whisper,14,4,1,Over
0,whisper,15,5,12,Over
0,whisper,16,5,1,Over
0,whisper,17,5,7,Over
0,divine,3,14,HUMAN
1,status,1,WEREWOLF,ALIVE,hellowolf
1,status,2,VILLAGER,ALIVE,wasabi
1,status,3,SEER,ALIVE,hellowolf 2
1,status,4,BODYGUARD,ALIVE,fanfan 1
1,status,5,VILLAGER,ALIVE,hellowolf 1
1,status,6,VILLAGER,ALIVE,fanfan 2
1,status,7,WEREWOLF,ALIVE,tomato
1,status,8,POSSESSED,ALIVE,takeda 1
1,status,9,VILLAGER,ALIVE,takeda 3
1,status,10,VILLAGER,ALIVE,takeda 2
1,status,11,VILLAGER,ALIVE,tomato 1
1,status,12,WEREWOLF,ALIVE,fanfan
1,status,13,VILLAGER,ALIVE,wasabi 1
1,status,14,VILLAGER,ALIVE,takeda
1,status,15,MEDIUM,ALIVE,HALUemon
1,talk,0,0,6,VOTE Agent[14]
1,talk,1,0,3,VOTE Agent[01]
1,talk,2,0,11,VOTE Agent[05]
1,talk,3,0,1,VOTE Agent[14]
1,talk,4,0,13,ESTIMATE Agent[02] WEREWOLF
1,talk,5,0,2,Skip
1,talk,6,0,12,VOTE Agent[14]
1,talk,7,0,4,VOTE Agent[14]
1,talk,8,0,7,COMINGOUT Agent[07] SEER
1,talk,9,0,14,VOTE Agent[05]
1,talk,10,0,8,COMINGOUT Agent[08] SEER
1,talk,11,0,5,VOTE Agent[14]
1,talk,12,0,9,VOTE Agent[05]
1,talk,13,0,10,VOTE Agent[06]
1,talk,14,0,15,VOTE Agent[13]
1,talk,15,1,12,Skip
1,talk,16,1,5,Skip
1,talk,17,1,9,VOTE Agent[14]
1,talk,18,1,6,VOTE Agent[01]
1,talk,19,1,14,VOTE Agent[04]
1,talk,20,1,8,DIVINED Agent[13] WEREWOLF
1,talk,21,1,11,VOTE Agent[14]
1,talk,22,1,10,VOTE Agent[11]
1,talk,23,1,15,COMINGOUT Agent[15] MEDIUM
1,talk,24,1,3,VOTE Agent[07]
1,talk,25,1,4,VOTE Agent[06]
1,talk,26,1,1,Skip
1,talk,27,1,7,DIVINED Agent[14] HUMAN
1,talk,28,1,2,ESTIMATE Agent[05] VILLAGER
1,talk,29,1,13,ESTIMATE Agent[06] VILLAGER
1,talk,30,2,5,VOTE Agent[13]
1,talk,31,2,13,ESTIMATE Agent[08] WEREWOLF
1,talk,32,2,10,VOTE Agent[01]
1,talk,33,2,14,VOTE Agent[01]
1,talk,34,2,7,VOTE Agent[14]
1,talk,35,2,11,Skip
1,talk,36,2,6,VOTE Agent[13]
1,talk,37,2,4,VOTE Agent[13]
1,talk,38,2,3,Skip
1,talk,39,2,8,VOTE Agent[13]
1,talk,40,2,15,VOTE Agent[13]
1,talk,41,2,12,Skip
1,talk,42,2,9,VOTE Agent[01]
1,talk,43,2,1,Skip
1,talk,44,2,2,Skip
1,talk,45,3,9,Skip
1,talk,46,3,4,Skip
1,talk,47,3,3,Skip
1,talk,48,3,14,Skip
1,talk,49,3,15,VOTE Agent[13]
1,talk,50,3,13,VOTE Agent[01]
1,talk,51,3,10,Skip
1,talk,52,3,1,VOTE Agent[13]
1,talk,53,3,11,Skip
1,talk,54,3,7,Skip
1,talk,55,3,2,VOTE Agent[13]
1,talk,56,3,6,Skip
1,talk,57,3,12,VOTE Agent[13]
1,talk,58,3,8,Skip
1,talk,59,3,5,Skip
1,talk,60,4,8,Skip
1,talk,61,4,2,Skip
1,talk,62,4,11,VOTE Agent[13]
1,talk,63,4,6,Skip
1,talk,64,4,13,Skip
1,talk,65,4,14,VOTE Agent[13]
1,talk,66,4,4,Skip
1,talk,67,4,7,VOTE Agent[13]
1,talk,68,4,10,VOTE Agent[13]
1,talk,69,4,15,VOTE Agent[13]
1,talk,70,4,3,Over
1,talk,71,4,5,Skip
1,talk,72,4,1,Skip
1,talk,73,4,12,Skip
1,talk,74,4,9,VOTE Agent[13]
1,talk,75,5,7,Skip
1,talk,76,5,15,VOTE Agent[13]
1,talk,77,5,8,Over
1,talk,78,5,12,Skip
1,talk,79,5,1,Skip
1,talk,80,5,4,Over
1,talk,81,5,10,Skip
1,talk,82,5,5,Over
1,talk,83,5,13,VOTE Agent[11]
1,talk,84,5,14,Skip
1,talk,85,5,3,Over
1,talk,86,5,2,REQUEST ANY (VOTE Agent[13])
1,talk,87,5,9,Skip
1,talk,88,5,6,Over
1,talk,89,5,11,Skip
1,talk,90,6,4,Over
1,talk,91,6,6,Over
1,talk,92,6,1,Over
1,talk,93,6,13,VOTE Agent[01]
1,talk,94,6,14,Skip
1,talk,95,6,8,Over
1,talk,96,6,7,Skip
1,talk,97,6,15,VOTE Agent[13]
1,talk,98,6,9,Skip
1,talk,99,6,10,Skip
1,talk,100,6,11,Skip
1,talk,101,6,12,Over
1,talk,102,6,3,Over
1,talk,103,6,2,ESTIMATE Agent[11] VILLAGER
1,talk,104,6,5,Over
1,talk,105,7,10,Over
1,talk,106,7,6,Over
1,talk,107,7,3,Over
1,talk,108,7,15,VOTE Agent[13]
1,talk,109,7,1,Over
1,talk,110,7,2,ESTIMATE Agent[07] WEREWOLF
1,talk,111,7,5,Over
1,talk,112,7,9,Over
1,talk,113,7,11,Over
1,talk,114,7,4,Over
1,talk,115,7,7,Over
1,talk,116,7,8,Over
1,talk,117,7,14,Over
1,talk,118,7,13,Skip
1,talk,119,7,12,Over
1,talk,120,8,1,Over
1,talk,121,8,9,Over
1,talk,122,8,2,ESTIMATE Agent[01] VILLAGER
1,talk,123,8,14,Over
1,talk,124,8,15,VOTE Agent[13]
1,talk,125,8,3,Over
1,talk,126,8,13,ESTIMATE Agent[02] VILLAGER
1,talk,127,8,10,Over
1,talk,128,8,12,Over
1,talk,129,8,4,Over
1,talk,130,8,11,Over
1,talk,131,8,5,Over
1,talk,132,8,6,Over
1,talk,133,8,8,Over
1,talk,134,8,7,Over
1,talk,135,9,5,Over
1,talk,136,9,13,Over
1,talk,137,9,1,Over
1,talk,138,9,14,Over
1,talk,139,9,3,Over
1,talk,140,9,4,Over
1,talk,141,9,15,Over
1,talk,142,9,6,Over
1,talk,143,9,7,Over
1,talk,144,9,9,Over
1,talk,145,9,12,Over
1,talk,146,9,2,Over
1,talk,147,9,11,Over
1,talk,148,9,10,Over
1,talk,149,9,8,Over
1,vote,1,13
1,vote,2,13
1,vote,3,7
1,vote,4,13
1,vote,5,13
1,vote,6,13
1,vote,7,13
1,vote,8,13
1,vote,9,13
1,vote,10,13
1,vote,11,13
1,vote,12,13
1,vote,13,1
1,vote,14,13
1,vote,15,13
1,execute,13,VILLAGER
1,divine,3,12,WEREWOLF
1,whisper,0,0,7,ATTACK Agent[08]
1,whisper,1,0,12,ESTIMATE Agent[08] POSSESSED
1,whisper,2,0,1,ESTIMATE Agent[08] POSSESSED
1,whisper,3,1,7,Skip
1,whisper,4,1,1,ATTACK Agent[14]
1,whisper,5,1,12,ATTACK Agent[06]
1,whisper,6,2,12,Skip
1,whisper,7,2,1,Skip
1,whisper,8,2,7,Skip
1,whisper,9,3,12,Skip
1,whisper,10,3,1,Skip
1,whisper,11,3,7,Over
1,whisper,12,4,7,Over
1,whisper,13,4,12,Over
1,whisper,14,4,1,Over
1,guard,4,8,POSSESSED
1,attackVote,1,14
1,attackVote,7,8
1,attackVote,12,6
1,attackVote,1,14
1,attackVote,7,8
1,attackVote,12,6
1,attack,8,false
2,status,1,WEREWOLF,ALIVE,hellowolf
2,status,2,VILLAGER,ALIVE,wasabi
2,status,3,SEER,ALIVE,hellowolf 2
2,status,4,BODYGUARD,ALIVE,fanfan 1
2,status,5,VILLAGER,ALIVE,hellowolf 1
2,status,6,VILLAGER,ALIVE,fanfan 2
2,status,7,WEREWOLF,ALIVE,tomato
2,status,8,POSSESSED,ALIVE,takeda 1
2,status,9,VILLAGER,ALIVE,takeda 3
2,status,10,VILLAGER,ALIVE,takeda 2
2,status,11,VILLAGER,ALIVE,tomato 1
2,status,12,WEREWOLF,ALIVE,fanfan
2,status,13,VILLAGER,DEAD,wasabi 1
2,status,14,VILLAGER,ALIVE,takeda
2,status,15,MEDIUM,ALIVE,HALUemon
2,talk,0,0,6,VOTE Agent[01]
2,talk,1,0,15,IDENTIFIED Agent[13] HUMAN
2,talk,2,0,7,DIVINED Agent[09] HUMAN
2,talk,3,0,3,COMINGOUT Agent[03] SEER
2,talk,4,0,8,DIVINED Agent[01] HUMAN
2,talk,5,0,4,VOTE Agent[11]
2,talk,6,0,5,VOTE Agent[12]
2,talk,7,0,14,VOTE Agent[01]
2,talk,8,0,9,VOTE Agent[01]
2,talk,9,0,12,VOTE Agent[01]
2,talk,10,0,1,VOTE Agent[09]
2,talk,11,0,2,ESTIMATE Agent[04] WEREWOLF
2,talk,12,0,11,VOTE Agent[08]
2,talk,13,0,10,VOTE Agent[01]
2,talk,14,1,10,Skip
2,talk,15,1,6,Skip
2,talk,16,1,9,VOTE Agent[12]
2,talk,17,1,5,VOTE Agent[07]
2,talk,18,1,8,VOTE Agent[15]
2,talk,19,1,12,VOTE Agent[11]
2,talk,20,1,14,VOTE Agent[03]
2,talk,21,1,4,VOTE Agent[01]
2,talk,22,1,11,VOTE Agent[01]
2,talk,23,1,15,VOTE Agent[12]
2,talk,24,1,1,Skip
2,talk,25,1,7,VOTE Agent[01]
2,talk,26,1,2,ESTIMATE Agent[07] WEREWOLF
2,talk,27,1,3,DIVINED Agent[14] HUMAN
2,talk,28,2,6,Skip
2,talk,29,2,15,VOTE Agent[03]
2,talk,30,2,10,Skip
2,talk,31,2,7,Skip
2,talk,32,2,5,Skip
2,talk,33,2,14,VOTE Agent[01]
2,talk,34,2,9,VOTE Agent[01]
2,talk,35,2,3,DIVINED Agent[12] WEREWOLF
2,talk,36,2,12,Skip
2,talk,37,2,8,Skip
2,talk,38,2,1,Skip
2,talk,39,2,11,Skip
2,talk,40,2,2,Skip
2,talk,41,2,4,Skip
2,talk,42,3,5,Skip
2,talk,43,3,12,VOTE Agent[01]
2,talk,44,3,3,VOTE Agent[12]
2,talk,45,3,10,Over
2,talk,46,3,2,VOTE Agent[05]
2,talk,47,3,9,Skip
2,talk,48,3,1,Over
2,talk,49,3,11,Skip
2,talk,50,3,7,Skip
2,talk,51,3,6,Over
2,talk,52,3,14,Skip
2,talk,53,3,4,Skip
2,talk,54,3,8,Skip
2,talk,55,3,15,VOTE Agent[07]
2,talk,56,4,5,VOTE Agent[01]
2,talk,57,4,12,Skip
2,talk,58,4,1,Over
2,talk,59,4,14,Skip
2,talk,60,4,15,VOTE Agent[07]
2,talk,61,4,6,Over
2,talk,62,4,7,Over
2,talk,63,4,4,Over
2,talk,64,4,11,Over
2,talk,65,4,10,Over
2,talk,66,4,8,Over
2,talk,67,4,3,VOTE Agent[01]
2,talk,68,4,2,VOTE Agent[12]
2,talk,69,4,9,Skip
2,talk,70,5,3,Skip
2,talk,71,5,4,Over
2,talk,72,5,8,Over
2,talk,73,5,11,Over
2,talk,74,5,9,Over
2,talk,75,5,1,Over
2,talk,76,5,15,VOTE Agent[03]
2,talk,77,5,10,Over
2,talk,78,5,6,Over
2,talk,79,5,5,Skip
2,talk,80,5,12,Skip
2,talk,81,5,14,Over
2,talk,82,5,7,Over
2,talk,83,5,2,ESTIMATE Agent[01] VILLAGER
2,talk,84,6,14,Over
2,talk,85,6,6,Over
2,talk,86,6,12,Over
2,talk,87,6,10,Over
2,talk,88,6,3,Skip
2,talk,89,6,11,Over
2,talk,90,6,4,Over
2,talk,91,6,1,Over
2,talk,92,6,8,Over
2,talk,93,6,7,Over
2,talk,94,6,5,Skip
2,talk,95,6,15,VOTE Agent[07]
2,talk,96,6,2,Skip
2,talk,97,6,9,Over
2,talk,98,7,14,Over
2,talk,99,7,12,Over
2,talk,100,7,11,Over
2,talk,101,7,5,Over
2,talk,102,7,4,Over
2,talk,103,7,1,Over
2,talk,104,7,3,Over
2,talk,105,7,15,VOTE Agent[07]
2,talk,106,7,9,Over
2,talk,107,7,7,Over
2,talk,108,7,10,Over
2,talk,109,7,6,Over
2,talk,110,7,2,ESTIMATE Agent[06] VILLAGER
2,talk,111,7,8,Over
2,talk,112,8,10,Over
2,talk,113,8,11,Over
2,talk,114,8,7,Over
2,talk,115,8,2,ESTIMATE Agent[15] MEDIUM
2,talk,116,8,4,Over
2,talk,117,8,14,Over
2,talk,118,8,15,VOTE Agent[07]
2,talk,119,8,8,Over
2,talk,120,8,1,Over
2,talk,121,8,12,Over
2,talk,122,8,3,Over
2,talk,123,8,6,Over
2,talk,124,8,5,Over
2,talk,125,8,9,Over
2,talk,126,9,1,Over
2,talk,127,9,12,Over
2,talk,128,9,11,Over
2,talk,129,9,10,Over
2,talk,130,9,9,Over
2,talk,131,9,3,Over
2,talk,132,9,6,Over
2,talk,133,9,14,Over
2,talk,134,9,5,Over
2,talk,135,9,2,Over
2,talk,136,9,7,Over
2,talk,137,9,15,Over
2,talk,138,9,4,Over
2,talk,139,9,8,Over
2,vote,1,9
2,vote,2,12
2,vote,3,1
2,vote,4,1
2,vote,5,1
2,vote,6,1
2,vote,7,1
2,vote,8,9
2,vote,9,1
2,vote,10,1
2,vote,11,1
2,vote,12,1
2,vote,14,1
2,vote,15,7
2,execute,1,WEREWOLF
2,divine,3,10,HUMAN
2,whisper,0,0,12,ATTACK Agent[11]
2,whisper,1,0,7,ATTACK Agent[15]
2,whisper,2,1,7,Skip
2,whisper,3,1,12,Skip
2,whisper,4,2,12,Skip
2,whisper,5,2,7,Skip
2,whisper,6,3,12,Over
2,whisper,7,3,7,Over
2,guard,4,8,POSSESSED
2,attackVote,7,15
2,attackVote,12,11
2,attackVote,7,15
2,attackVote,12,11
2,attack,11,true
3,status,1,WEREWOLF,DEAD,hellowolf
3,status,2,VILLAGER,ALIVE,wasabi
3,status,3,SEER,ALIVE,hellowolf 2
3,status,4,BODYGUARD,ALIVE,fanfan 1
3,status,5,VILLAGER,ALIVE,hellowolf 1
3,status,6,VILLAGER,ALIVE,fanfan 2
3,status,7,WEREWOLF,ALIVE,tomato
3,status,8,POSSESSED,ALIVE,takeda 1
3,status,9,VILLAGER,ALIVE,takeda 3
3,status,10,VILLAGER,ALIVE,takeda 2
3,status,11,VILLAGER,DEAD,tomato 1
3,status,12,WEREWOLF,ALIVE,fanfan
3,status,13,VILLAGER,DEAD,wasabi 1
3,status,14,VILLAGER,ALIVE,takeda
3,status,15,MEDIUM,ALIVE,HALUemon
3,talk,0,0,5,VOTE Agent[07]
3,talk,1,0,9,VOTE Agent[12]
3,talk,2,0,12,VOTE Agent[02]
3,talk,3,0,15,IDENTIFIED Agent[01] WEREWOLF
3,talk,4,0,4,VOTE Agent[07]
3,talk,5,0,14,VOTE Agent[12]
3,talk,6,0,6,VOTE Agent[07]
3,talk,7,0,3,DIVINED Agent[10] HUMAN
3,talk,8,0,10,VOTE Agent[12]
3,talk,9,0,8,DIVINED Agent[09] WEREWOLF
3,talk,10,0,7,DIVINED Agent[06] HUMAN
3,talk,11,0,2,ESTIMATE Agent[06] VILLAGER
3,talk,12,1,8,VOTE Agent[09]
3,talk,13,1,3,VOTE Agent[12]
3,talk,14,1,5,Skip
3,talk,15,1,2,ESTIMATE Agent[08] WEREWOLF
3,talk,16,1,12,Skip
3,talk,17,1,15,VOTE Agent[07]
3,talk,18,1,4,Skip
3,talk,19,1,9,VOTE Agent[03]
3,talk,20,1,10,VOTE Agent[03]
3,talk,21,1,6,Skip
3,talk,22,1,14,Skip
3,talk,23,1,7,VOTE Agent[07]
3,talk,24,2,4,Skip
3,talk,25,2,10,VOTE Agent[12]
3,talk,26,2,7,Skip
3,talk,27,2,15,VOTE Agent[03]
3,talk,28,2,8,Skip
3,talk,29,2,5,Skip
3,talk,30,2,12,VOTE Agent[03]
3,talk,31,2,6,Skip
3,talk,32,2,2,ESTIMATE Agent[10] VILLAGER
3,talk,33,2,3,VOTE Agent[07]
3,talk,34,2,9,VOTE Agent[12]
3,talk,35,2,14,Skip
3,talk,36,3,9,VOTE Agent[03]
3,talk,37,3,7,VOTE Agent[12]
3,talk,38,3,10,VOTE Agent[03]
3,talk,39,3,4,Over
3,talk,40,3,12,Skip
3,talk,41,3,3,VOTE Agent[12]
3,talk,42,3,8,Skip
3,talk,43,3,15,VOTE Agent[03]
3,talk,44,3,5,Over
3,talk,45,3,14,Over
3,talk,46,3,6,Over
3,talk,47,3,2,VOTE Agent[12]
3,talk,48,4,7,Skip
3,talk,49,4,5,VOTE Agent[12]
3,talk,50,4,3,Skip
3,talk,51,4,10,Skip
3,talk,52,4,6,VOTE Agent[12]
3,talk,53,4,4,VOTE Agent[12]
3,talk,54,4,15,VOTE Agent[03]
3,talk,55,4,9,Skip
3,talk,56,4,8,Over
3,talk,57,4,12,Skip
3,talk,58,4,14,Over
3,talk,59,4,2,ESTIMATE Agent[08] WEREWOLF
3,talk,60,5,12,Over
3,talk,61,5,6,Skip
3,talk,62,5,10,VOTE Agent[12]
3,talk,63,5,15,VOTE Agent[03]
3,talk,64,5,14,Over
3,talk,65,5,2,Skip
3,talk,66,5,9,VOTE Agent[12]
3,talk,67,5,3,Skip
3,talk,68,5,8,Over
3,talk,69,5,7,Skip
3,talk,70,5,4,Skip
3,talk,71,5,5,Skip
3,talk,72,6,7,Over
3,talk,73,6,4,Skip
3,talk,74,6,3,Over
3,talk,75,6,8,Over
3,talk,76,6,10,Skip
3,talk,77,6,12,Over
3,talk,78,6,2,ESTIMATE Agent[09] VILLAGER
3,talk,79,6,6,Skip
3,talk,80,6,14,Over
3,talk,81,6,5,Skip
3,talk,82,6,15,VOTE Agent[03]
3,talk,83,6,9,Skip
3,talk,84,7,2,REQUEST ANY (DIVINATION Agent[05])
3,talk,85,7,8,Over
3,talk,86,7,5,Over
3,talk,87,7,9,Skip
3,talk,88,7,7,Over
3,talk,89,7,12,Over
3,talk,90,7,10,Skip
3,talk,91,7,4,Over
3,talk,92,7,14,Over
3,talk,93,7,15,VOTE Agent[03]
3,talk,94,7,3,Over
3,talk,95,7,6,Over
3,talk,96,8,15,VOTE Agent[03]
3,talk,97,8,5,Over
3,talk,98,8,8,Over
3,talk,99,8,9,Over
3,talk,100,8,6,Over
3,talk,101,8,2,ESTIMATE Agent[08] WEREWOLF
3,talk,102,8,4,Over
3,talk,103,8,7,Over
3,talk,104,8,12,Over
3,talk,105,8,3,Over
3,talk,106,8,14,Over
3,talk,107,8,10,Over
3,talk,108,9,7,Over
3,talk,109,9,2,Over
3,talk,110,9,9,Over
3,talk,111,9,8,Over
3,talk,112,9,3,Over
3,talk,113,9,15,Over
3,talk,114,9,5,Over
3,talk,115,9,14,Over
3,talk,116,9,10,Over
3,talk,117,9,4,Over
3,talk,118,9,12,Over
3,talk,119,9,6,Over
3,vote,2,12
3,vote,3,12
3,vote,4,12
3,vote,5,12
3,vote,6,12
3,vote,7,12
3,vote,8,12
3,vote,9,12
3,vote,10,12
3,vote,12,3
3,vote,14,12
3,vote,15,3
3,execute,12,WEREWOLF
3,divine,3,9,HUMAN
3,guard,4,8,POSSESSED
3,attack,6,true
4,status,1,WEREWOLF,DEAD,hellowolf
4,status,2,VILLAGER,ALIVE,wasabi
4,status,3,SEER,ALIVE,hellowolf 2
4,status,4,BODYGUARD,ALIVE,fanfan 1
4,status,5,VILLAGER,ALIVE,hellowolf 1
4,status,6,VILLAGER,DEAD,fanfan 2
4,status,7,WEREWOLF,ALIVE,tomato
4,status,8,POSSESSED,ALIVE,takeda 1
4,status,9,VILLAGER,ALIVE,takeda 3
4,status,10,VILLAGER,ALIVE,takeda 2
4,status,11,VILLAGER,DEAD,tomato 1
4,status,12,WEREWOLF,DEAD,fanfan
4,status,13,VILLAGER,DEAD,wasabi 1
4,status,14,VILLAGER,ALIVE,takeda
4,status,15,MEDIUM,ALIVE,HALUemon
4,talk,0,0,3,DIVINED Agent[09] HUMAN
4,talk,1,0,14,VOTE Agent[03]
4,talk,2,0,2,Skip
4,talk,3,0,10,VOTE Agent[03]
4,talk,4,0,4,VOTE Agent[07]
4,talk,5,0,8,DIVINED Agent[14] WEREWOLF
4,talk,6,0,7,DIVINED Agent[02] HUMAN
4,talk,7,0,15,IDENTIFIED Agent[12] WEREWOLF
4,talk,8,0,9,VOTE Agent[03]
4,talk,9,0,5,VOTE Agent[07]
4,talk,10,1,7,VOTE Agent[03]
4,talk,11,1,5,VOTE Agent[03]
4,talk,12,1,2,Skip
4,talk,13,1,8,VOTE Agent[14]
4,talk,14,1,4,VOTE Agent[03]
4,talk,15,1,10,Skip
4,talk,16,1,9,Skip
4,talk,17,1,3,VOTE Agent[07]
4,talk,18,1,14,Skip
4,talk,19,1,15,VOTE Agent[07]
4,talk,20,2,15,VOTE Agent[07]
4,talk,21,2,5,Skip
4,talk,22,2,7,Skip
4,talk,23,2,4,Skip
4,talk,24,2,10,Skip
4,talk,25,2,2,ESTIMATE Agent[08] WEREWOLF
4,talk,26,2,3,Skip
4,talk,27,2,9,Skip
4,talk,28,2,14,Skip
4,talk,29,2,8,Skip
4,talk,30,3,9,Over
4,talk,31,3,15,VOTE Agent[07]
4,talk,32,3,5,Skip
4,talk,33,3,14,Over
4,talk,34,3,10,Over
4,talk,35,3,3,Skip
4,talk,36,3,2,VOTE Agent[08]
4,talk,37,3,4,Skip
4,talk,38,3,7,Skip
4,talk,39,3,8,Skip
4,talk,40,4,4,Over
4,talk,41,4,2,ESTIMATE Agent[07] WEREWOLF
4,talk,42,4,15,VOTE Agent[07]
4,talk,43,4,5,Over
4,talk,44,4,7,VOTE Agent[07]
4,talk,45,4,9,Over
4,talk,46,4,14,Over
4,talk,47,4,10,Over
4,talk,48,4,8,Over
4,talk,49,4,3,Over
4,talk,50,5,15,VOTE Agent[07]
4,talk,51,5,9,Over
4,talk,52,5,5,VOTE Agent[07]
4,talk,53,5,4,VOTE Agent[07]
4,talk,54,5,3,Over
4,talk,55,5,10,Over
4,talk,56,5,8,Over
4,talk,57,5,14,Over
4,talk,58,5,2,Skip
4,talk,59,5,7,Skip
4,talk,60,6,8,Over
4,talk,61,6,9,VOTE Agent[07]
4,talk,62,6,10,VOTE Agent[07]
4,talk,63,6,14,VOTE Agent[07]
4,talk,64,6,15,VOTE Agent[03]
4,talk,65,6,3,Over
4,talk,66,6,2,ESTIMATE Agent[08] WEREWOLF
4,talk,67,6,4,Skip
4,talk,68,6,7,Skip
4,talk,69,6,5,Skip
4,talk,70,7,4,Skip
4,talk,71,7,10,Skip
4,talk,72,7,2,REQUEST ANY (VOTE Agent[08])
4,talk,73,7,9,Skip
4,talk,74,7,8,Over
4,talk,75,7,3,Over
4,talk,76,7,14,Skip
4,talk,77,7,7,Over
4,talk,78,7,5,Skip
4,talk,79,7,15,VOTE Agent[08]
4,talk,80,8,9,Skip
4,talk,81,8,3,Over
4,talk,82,8,15,VOTE Agent[08]
4,talk,83,8,10,Skip
4,talk,84,8,2,Skip
4,talk,85,8,7,Over
4,talk,86,8,14,Skip
4,talk,87,8,4,Over
4,talk,88,8,5,Over
4,talk,89,8,8,Over
4,talk,90,9,7,Over
4,talk,91,9,10,Over
4,talk,92,9,5,Over
4,talk,93,9,3,Over
4,talk,94,9,9,Over
4,talk,95,9,8,Over
4,talk,96,9,4,Over
4,talk,97,9,2,Over
4,talk,98,9,15,Over
4,talk,99,9,14,Over
4,vote,2,8
4,vote,3,7
4,vote,4,7
4,vote,5,7
4,vote,7,5
4,vote,8,7
4,vote,9,7
4,vote,10,7
4,vote,14,7
4,vote,15,8
4,execute,7,WEREWOLF
4,divine,3,5,HUMAN
4,guard,4,10,VILLAGER
5,status,1,WEREWOLF,DEAD,hellowolf
5,status,2,VILLAGER,ALIVE,wasabi
5,status,3,SEER,ALIVE,hellowolf 2
5,status,4,BODYGUARD,ALIVE,fanfan 1
5,status,5,VILLAGER,ALIVE,hellowolf 1
5,status,6,VILLAGER,DEAD,fanfan 2
5,status,7,WEREWOLF,DEAD,tomato
5,status,8,POSSESSED,ALIVE,takeda 1
5,status,9,VILLAGER,ALIVE,takeda 3
5,status,10,VILLAGER,ALIVE,takeda 2
5,status,11,VILLAGER,DEAD,tomato 1
5,status,12,WEREWOLF,DEAD,fanfan
5,status,13,VILLAGER,DEAD,wasabi 1
5,status,14,VILLAGER,ALIVE,takeda
5,status,15,MEDIUM,ALIVE,HALUemon
5,result,9,0,VILLAGER
