0,status,1,VILLAGER,ALIVE,hellowolf
0,status,2,WEREWOLF,ALIVE,wasabi
0,status,3,SEER,ALIVE,hellowolf 2
0,status,4,MEDIUM,ALIVE,fanfan 1
0,status,5,VILLAGER,ALIVE,hellowolf 1
0,status,6,VILLAGER,ALIVE,fanfan 2
0,status,7,WEREWOLF,ALIVE,tomato
0,status,8,POSSESSED,ALIVE,takeda 1
0,status,9,VILLAGER,ALIVE,takeda 3
0,status,10,VILLAGER,ALIVE,takeda 2
0,status,11,VILLAGER,ALIVE,tomato 1
0,status,12,VILLAGER,ALIVE,fanfan
0,status,13,WEREWOLF,ALIVE,wasabi 1
0,status,14,VILLAGER,ALIVE,takeda
0,status,15,BODYGUARD,ALIVE,HALUemon
0,whisper,0,0,7,COMINGOUT Agent[07] VILLAGER
0,whisper,1,0,13,ATTACK Agent[04]
0,whisper,2,0,2,ATTACK Agent[09]
0,whisper,3,1,2,Over
0,whisper,4,1,7,Skip
0,whisper,5,1,13,ATTACK Agent[14]
0,whisper,6,2,2,Over
0,whisper,7,2,13,ATTACK Agent[04]
0,whisper,8,2,7,COMINGOUT Agent[07] SEER
0,whisper,9,3,7,Skip
0,whisper,10,3,2,VOTE Agent[10]
0,whisper,11,3,13,Over
0,whisper,12,4,7,Skip
0,whisper,13,4,13,Over
0,whisper,14,4,2,REQUEST ANY (ATTACK Agent[09])
0,whisper,15,5,2,ATTACK Agent[04]
0,whisper,16,5,7,Over
0,whisper,17,5,13,ATTACK Agent[15]
0,whisper,18,6,13,Over
0,whisper,19,6,2,Over
0,whisper,20,6,7,Over
0,divine,3,14,HUMAN
1,status,1,VILLAGER,ALIVE,hellowolf
1,status,2,WEREWOLF,ALIVE,wasabi
1,status,3,SEER,ALIVE,hellowolf 2
1,status,4,MEDIUM,ALIVE,fanfan 1
1,status,5,VILLAGER,ALIVE,hellowolf 1
1,status,6,VILLAGER,ALIVE,fanfan 2
1,status,7,WEREWOLF,ALIVE,tomato
1,status,8,POSSESSED,ALIVE,takeda 1
1,status,9,VILLAGER,ALIVE,takeda 3
1,status,10,VILLAGER,ALIVE,takeda 2
1,status,11,VILLAGER,ALIVE,tomato 1
1,status,12,VILLAGER,ALIVE,fanfan
1,status,13,WEREWOLF,ALIVE,wasabi 1
1,status,14,VILLAGER,ALIVE,takeda
1,status,15,BODYGUARD,ALIVE,HALUemon
1,talk,0,0,7,COMINGOUT Agent[07] SEER
1,talk,1,0,10,VOTE Agent[12]
1,talk,2,0,8,COMINGOUT Agent[08] SEER
1,talk,3,0,1,VOTE Agent[14]
1,talk,4,0,5,VOTE Agent[14]
1,talk,5,0,14,VOTE Agent[08]
1,talk,6,0,13,ESTIMATE Agent[15] VILLAGER
1,talk,7,0,6,VOTE Agent[14]
1,talk,8,0,12,VOTE Agent[14]
1,talk,9,0,9,VOTE Agent[15]
1,talk,10,0,2,ESTIMATE Agent[11] VILLAGER
1,talk,11,0,11,VOTE Agent[05]
1,talk,12,0,4,COMINGOUT Agent[04] MEDIUM
1,talk,13,0,15,VOTE Agent[03]
1,talk,14,0,3,COMINGOUT Agent[03] SEER
1,talk,15,1,9,VOTE Agent[07]
1,talk,16,1,13,Skip
1,talk,17,1,10,VOTE Agent[11]
1,talk,18,1,2,ESTIMATE Agent[01] VILLAGER
1,talk,19,1,15,VOTE Agent[05]
1,talk,20,1,12,VOTE Agent[07]
1,talk,21,1,8,DIVINED Agent[10] WEREWOLF
1,talk,22,1,3,DIVINED Agent[14] HUMAN
1,talk,23,1,14,VOTE Agent[03]
1,talk,24,1,11,VOTE Agent[14]
1,talk,25,1,6,VOTE Agent[07]
1,talk,26,1,7,DIVINED Agent[14] HUMAN
1,talk,27,1,4,VOTE Agent[07]
1,talk,28,1,1,VOTE Agent[07]
1,talk,29,1,5,VOTE Agent[07]
1,talk,30,2,3,VOTE Agent[07]
1,talk,31,2,2,Skip
1,talk,32,2,13,ESTIMATE Agent[12] VILLAGER
1,talk,33,2,7,VOTE Agent[07]
1,talk,34,2,8,VOTE Agent[10]
1,talk,35,2,6,Skip
1,talk,36,2,15,VOTE Agent[03]
1,talk,37,2,5,Skip
1,talk,38,2,1,Skip
1,talk,39,2,14,Skip
1,talk,40,2,9,Skip
1,talk,41,2,4,Skip
1,talk,42,2,12,Skip
1,talk,43,2,10,VOTE Agent[07]
1,talk,44,2,11,VOTE Agent[07]
1,talk,45,3,6,Skip
1,talk,46,3,10,Skip
1,talk,47,3,8,Skip
1,talk,48,3,2,VOTE Agent[10]
1,talk,49,3,11,Skip
1,talk,50,3,1,Skip
1,talk,51,3,5,Skip
1,talk,52,3,13,VOTE Agent[10]
1,talk,53,3,9,Skip
1,talk,54,3,12,Skip
1,talk,55,3,7,Skip
1,talk,56,3,15,VOTE Agent[03]
1,talk,57,3,14,VOTE Agent[07]
1,talk,58,3,4,Skip
1,talk,59,3,3,VOTE Agent[07]
1,talk,60,4,15,VOTE Agent[07]
1,talk,61,4,2,ESTIMATE Agent[03] WEREWOLF
1,talk,62,4,9,Over
1,talk,63,4,14,Skip
1,talk,64,4,5,Over
1,talk,65,4,10,Skip
1,talk,66,4,7,Skip
1,talk,67,4,6,Over
1,talk,68,4,11,Skip
1,talk,69,4,1,Over
1,talk,70,4,12,Over
1,talk,71,4,8,Skip
1,talk,72,4,13,ESTIMATE Agent[03] WEREWOLF
1,talk,73,4,3,Skip
1,talk,74,4,4,Over
1,talk,75,5,14,Skip
1,talk,76,5,12,Over
1,talk,77,5,3,Skip
1,talk,78,5,1,Over
1,talk,79,5,15,VOTE Agent[07]
1,talk,80,5,9,Over
1,talk,81,5,10,Over
1,talk,82,5,6,Over
1,talk,83,5,13,ESTIMATE Agent[07] WEREWOLF
1,talk,84,5,11,Over
1,talk,85,5,4,Over
1,talk,86,5,7,Over
1,talk,87,5,5,Over
1,talk,88,5,8,Over
1,talk,89,5,2,Skip
1,talk,90,6,14,Over
1,talk,91,6,13,Skip
1,talk,92,6,11,Over
1,talk,93,6,9,Over
1,talk,94,6,4,Over
1,talk,95,6,15,VOTE Agent[07]
1,talk,96,6,12,Over
1,talk,97,6,3,Over
1,talk,98,6,2,REQUEST ANY (VOTE Agent[10])
1,talk,99,6,5,Over
1,talk,100,6,1,Over
1,talk,101,6,6,Over
1,talk,102,6,8,Over
1,talk,103,6,7,Over
1,talk,104,6,10,Over
1,talk,105,7,11,Over
1,talk,106,7,13,Skip
1,talk,107,7,3,Over
1,talk,108,7,14,Over
1,talk,109,7,5,Over
1,talk,110,7,8,Over
1,talk,111,7,4,Over
1,talk,112,7,10,Over
1,talk,113,7,9,Over
1,talk,114,7,7,Over
1,talk,115,7,12,Over
1,talk,116,7,2,Skip
1,talk,117,7,1,Over
1,talk,118,7,15,VOTE Agent[07]
1,talk,119,7,6,Over
1,talk,120,8,7,Over
1,talk,121,8,5,Over
1,talk,122,8,9,Over
1,talk,123,8,2,ESTIMATE Agent[03] WEREWOLF
1,talk,124,8,14,Over
1,talk,125,8,8,Over
1,talk,126,8,11,Over
1,talk,127,8,13,Over
1,talk,128,8,10,Over
1,talk,129,8,1,Over
1,talk,130,8,6,Over
1,talk,131,8,12,Over
1,talk,132,8,4,Over
1,talk,133,8,3,Over
1,talk,134,8,15,VOTE Agent[07]
1,talk,135,9,2,Over
1,talk,136,9,3,Over
1,talk,137,9,1,Over
1,talk,138,9,10,Over
1,talk,139,9,4,Over
1,talk,140,9,15,Over
1,talk,141,9,13,Over
1,talk,142,9,9,Over
1,talk,143,9,12,Over
1,talk,144,9,7,Over
1,talk,145,9,11,Over
1,talk,146,9,8,Over
1,talk,147,9,14,Over
1,talk,148,9,6,Over
1,talk,149,9,5,Over
1,vote,1,7
1,vote,2,10
1,vote,3,7
1,vote,4,7
1,vote,5,7
1,vote,6,7
1,vote,7,1
1,vote,8,7
1,vote,9,7
1,vote,10,7
1,vote,11,7
1,vote,12,7
1,vote,13,10
1,vote,14,7
1,vote,15,7
1,execute,7,WEREWOLF
1,divine,3,15,HUMAN
1,whisper,0,0,2,Over
1,whisper,1,0,13,ATTACK Agent[14]
1,whisper,2,1,13,Over
1,whisper,3,1,2,Over
1,guard,15,4,MEDIUM
1,attackVote,2,14
1,attackVote,13,14
1,attack,14,true
2,status,1,VILLAGER,ALIVE,hellowolf
2,status,2,WEREWOLF,ALIVE,wasabi
2,status,3,SEER,ALIVE,hellowolf 2
2,status,4,MEDIUM,ALIVE,fanfan 1
2,status,5,VILLAGER,ALIVE,hellowolf 1
2,status,6,VILLAGER,ALIVE,fanfan 2
2,status,7,WEREWOLF,DEAD,tomato
2,status,8,POSSESSED,ALIVE,takeda 1
2,status,9,VILLAGER,ALIVE,takeda 3
2,status,10,VILLAGER,ALIVE,takeda 2
2,status,11,VILLAGER,ALIVE,tomato 1
2,status,12,VILLAGER,ALIVE,fanfan
2,status,13,WEREWOLF,ALIVE,wasabi 1
2,status,14,VILLAGER,DEAD,takeda
2,status,15,BODYGUARD,ALIVE,HALUemon
2,talk,0,0,3,DIVINED Agent[15] HUMAN
2,talk,1,0,11,VOTE Agent[08]
2,talk,2,0,13,ESTIMATE Agent[10] WEREWOLF
2,talk,3,0,1,VOTE Agent[03]
2,talk,4,0,8,DIVINED Agent[11] HUMAN
2,talk,5,0,6,VOTE Agent[03]
2,talk,6,0,4,IDENTIFIED Agent[07] WEREWOLF
2,talk,7,0,2,Skip
2,talk,8,0,15,VOTE Agent[03]
2,talk,9,0,12,VOTE Agent[03]
2,talk,10,0,10,VOTE Agent[03]
2,talk,11,0,5,VOTE Agent[03]
2,talk,12,0,9,VOTE Agent[10]
2,talk,13,1,4,VOTE Agent[03]
2,talk,14,1,2,ESTIMATE Agent[10] WEREWOLF
2,talk,15,1,8,VOTE Agent[10]
2,talk,16,1,6,Skip
2,talk,17,1,5,Skip
2,talk,18,1,11,VOTE Agent[03]
2,talk,19,1,9,VOTE Agent[01]
2,talk,20,1,3,VOTE Agent[01]
2,talk,21,1,15,VOTE Agent[10]
2,talk,22,1,10,VOTE Agent[01]
2,talk,23,1,1,Skip
2,talk,24,1,13,Skip
2,talk,25,1,12,Skip
2,talk,26,2,4,Skip
2,talk,27,2,3,VOTE Agent[01]
2,talk,28,2,5,Skip
2,talk,29,2,11,Skip
2,talk,30,2,6,Skip
2,talk,31,2,9,VOTE Agent[10]
2,talk,32,2,12,Skip
2,talk,33,2,8,Skip
2,talk,34,2,2,ESTIMATE Agent[05] WEREWOLF
2,talk,35,2,1,Skip
2,talk,36,2,10,Skip
2,talk,37,2,13,ESTIMATE Agent[03] WEREWOLF
2,talk,38,2,15,VOTE Agent[10]
2,talk,39,3,11,Skip
2,talk,40,3,15,VOTE Agent[10]
2,talk,41,3,13,VOTE Agent[10]
2,talk,42,3,6,Over
2,talk,43,3,12,Over
2,talk,44,3,4,Skip
2,talk,45,3,2,VOTE Agent[10]
2,talk,46,3,1,Over
2,talk,47,3,3,Skip
2,talk,48,3,10,VOTE Agent[03]
2,talk,49,3,5,Over
2,talk,50,3,8,Skip
2,talk,51,3,9,VOTE Agent[03]
2,talk,52,4,4,Over
2,talk,53,4,12,Over
2,talk,54,4,15,VOTE Agent[10]
2,talk,55,4,1,Over
2,talk,56,4,3,Skip
2,talk,57,4,10,Skip
2,talk,58,4,13,ESTIMATE Agent[01] WEREWOLF
2,talk,59,4,9,Skip
2,talk,60,4,5,Over
2,talk,61,4,6,Over
2,talk,62,4,11,Over
2,talk,63,4,2,ESTIMATE Agent[08] WEREWOLF
2,talk,64,4,8,Over
2,talk,65,5,5,Over
2,talk,66,5,6,Over
2,talk,67,5,12,Over
2,talk,68,5,15,VOTE Agent[10]
2,talk,69,5,4,Over
2,talk,70,5,3,Over
2,talk,71,5,1,Over
2,talk,72,5,10,Skip
2,talk,73,5,11,Over
2,talk,74,5,9,Skip
2,talk,75,5,13,ESTIMATE Agent[15] VILLAGER
2,talk,76,5,8,Over
2,talk,77,5,2,Skip
2,talk,78,6,5,Over
2,talk,79,6,15,VOTE Agent[10]
2,talk,80,6,2,ESTIMATE Agent[03] WEREWOLF
2,talk,81,6,13,ESTIMATE Agent[06] VILLAGER
2,talk,82,6,9,Over
2,talk,83,6,1,Over
2,talk,84,6,8,Over
2,talk,85,6,10,Over
2,talk,86,6,4,Over
2,talk,87,6,3,Over
2,talk,88,6,12,Over
2,talk,89,6,6,Over
2,talk,90,6,11,VOTE Agent[10]
2,talk,91,7,15,VOTE Agent[10]
2,talk,92,7,12,Over
2,talk,93,7,4,Over
2,talk,94,7,1,Over
2,talk,95,7,10,Over
2,talk,96,7,2,Skip
2,talk,97,7,3,Over
2,talk,98,7,13,ESTIMATE Agent[02] WEREWOLF
2,talk,99,7,6,Over
2,talk,100,7,5,Over
2,talk,101,7,8,Over
2,talk,102,7,11,Skip
2,talk,103,7,9,Over
2,talk,104,8,13,Skip
2,talk,105,8,4,Over
2,talk,106,8,11,Skip
2,talk,107,8,3,Over
2,talk,108,8,1,Over
2,talk,109,8,5,Over
2,talk,110,8,15,VOTE Agent[10]
2,talk,111,8,2,ESTIMATE Agent[11] VILLAGER
2,talk,112,8,8,Over
2,talk,113,8,6,Over
2,talk,114,8,9,Over
2,talk,115,8,12,Over
2,talk,116,8,10,Over
2,talk,117,9,1,Over
2,talk,118,9,13,Over
2,talk,119,9,10,Over
2,talk,120,9,4,Over
2,talk,121,9,8,Over
2,talk,122,9,5,Over
2,talk,123,9,6,Over
2,talk,124,9,15,Over
2,talk,125,9,9,Over
2,talk,126,9,3,Over
2,talk,127,9,2,Over
2,talk,128,9,12,Over
2,talk,129,9,11,Over
2,vote,1,3
2,vote,2,10
2,vote,3,1
2,vote,4,3
2,vote,5,3
2,vote,6,3
2,vote,8,3
2,vote,9,3
2,vote,10,3
2,vote,11,10
2,vote,12,3
2,vote,13,10
2,vote,15,10
2,execute,3,SEER
2,whisper,0,0,13,ATTACK Agent[04]
2,whisper,1,0,2,Over
2,whisper,2,1,2,ATTACK Agent[12]
2,whisper,3,1,13,Over
2,whisper,4,2,13,Over
2,whisper,5,2,2,Over
2,guard,15,4,MEDIUM
2,attackVote,2,12
2,attackVote,13,4
2,attackVote,2,4
2,attackVote,13,5
2,attack,4,false
3,status,1,VILLAGER,ALIVE,hellowolf
3,status,2,WEREWOLF,ALIVE,wasabi
3,status,3,SEER,DEAD,hellowolf 2
3,status,4,MEDIUM,ALIVE,fanfan 1
3,status,5,VILLAGER,ALIVE,hellowolf 1
3,status,6,VILLAGER,ALIVE,fanfan 2
3,status,7,WEREWOLF,DEAD,tomato
3,status,8,POSSESSED,ALIVE,takeda 1
3,status,9,VILLAGER,ALIVE,takeda 3
3,status,10,VILLAGER,ALIVE,takeda 2
3,status,11,VILLAGER,ALIVE,tomato 1
3,status,12,VILLAGER,ALIVE,fanfan
3,status,13,WEREWOLF,ALIVE,wasabi 1
3,status,14,VILLAGER,DEAD,takeda
3,status,15,BODYGUARD,ALIVE,HALUemon
3,talk,0,0,8,DIVINED Agent[15] WEREWOLF
3,talk,1,0,13,ESTIMATE Agent[12] VILLAGER
3,talk,2,0,2,Skip
3,talk,3,0,10,VOTE Agent[01]
3,talk,4,0,1,VOTE Agent[10]
3,talk,5,0,12,VOTE Agent[10]
3,talk,6,0,15,VOTE Agent[10]
3,talk,7,0,9,VOTE Agent[10]
3,talk,8,0,4,IDENTIFIED Agent[03] HUMAN
3,talk,9,0,11,VOTE Agent[08]
3,talk,10,0,6,VOTE Agent[10]
3,talk,11,0,5,VOTE Agent[01]
3,talk,12,1,1,Skip
3,talk,13,1,5,VOTE Agent[10]
3,talk,14,1,8,VOTE Agent[10]
3,talk,15,1,13,ESTIMATE Agent[01] VILLAGER
3,talk,16,1,11,VOTE Agent[10]
3,talk,17,1,9,Skip
3,talk,18,1,2,Skip
3,talk,19,1,10,Skip
3,talk,20,1,12,Skip
3,talk,21,1,15,VOTE Agent[10]
3,talk,22,1,6,Skip
3,talk,23,1,4,VOTE Agent[11]
3,talk,24,2,15,VOTE Agent[10]
3,talk,25,2,11,Skip
3,talk,26,2,4,VOTE Agent[10]
3,talk,27,2,9,Skip
3,talk,28,2,10,VOTE Agent[12]
3,talk,29,2,8,Skip
3,talk,30,2,5,Skip
3,talk,31,2,13,Skip
3,talk,32,2,2,ESTIMATE Agent[10] VILLAGER
3,talk,33,2,1,Skip
3,talk,34,2,6,Skip
3,talk,35,2,12,Skip
3,talk,36,3,8,Skip
3,talk,37,3,2,VOTE Agent[08]
3,talk,38,3,6,Over
3,talk,39,3,9,Over
3,talk,40,3,11,Skip
3,talk,41,3,10,VOTE Agent[12]
3,talk,42,3,4,Skip
3,talk,43,3,13,VOTE Agent[02]
3,talk,44,3,1,Over
3,talk,45,3,12,Over
3,talk,46,3,5,Skip
3,talk,47,3,15,VOTE Agent[10]
3,talk,48,4,11,Over
3,talk,49,4,2,ESTIMATE Agent[08] WEREWOLF
3,talk,50,4,6,Over
3,talk,51,4,13,VOTE Agent[12]
3,talk,52,4,10,VOTE Agent[12]
3,talk,53,4,5,Over
3,talk,54,4,9,Over
3,talk,55,4,4,Skip
3,talk,56,4,1,Over
3,talk,57,4,8,Over
3,talk,58,4,15,VOTE Agent[10]
3,talk,59,4,12,Over
3,talk,60,5,6,Over
3,talk,61,5,15,VOTE Agent[10]
3,talk,62,5,12,Over
3,talk,63,5,4,Over
3,talk,64,5,2,ESTIMATE Agent[10] WEREWOLF
3,talk,65,5,10,VOTE Agent[12]
3,talk,66,5,11,Over
3,talk,67,5,1,Over
3,talk,68,5,8,Over
3,talk,69,5,5,Over
3,talk,70,5,13,VOTE Agent[10]
3,talk,71,5,9,Over
3,talk,72,6,11,Over
3,talk,73,6,4,Over
3,talk,74,6,1,Over
3,talk,75,6,5,Over
3,talk,76,6,8,Over
3,talk,77,6,2,Skip
3,talk,78,6,6,Over
3,talk,79,6,13,Skip
3,talk,80,6,12,Over
3,talk,81,6,9,Over
3,talk,82,6,10,VOTE Agent[12]
3,talk,83,6,15,VOTE Agent[10]
3,talk,84,7,5,Over
3,talk,85,7,4,Over
3,talk,86,7,1,Over
3,talk,87,7,2,Skip
3,talk,88,7,12,Over
3,talk,89,7,15,VOTE Agent[10]
3,talk,90,7,6,Over
3,talk,91,7,10,VOTE Agent[12]
3,talk,92,7,13,VOTE Agent[01]
3,talk,93,7,8,Over
3,talk,94,7,9,Over
3,talk,95,7,11,Over
3,talk,96,8,1,Over
3,talk,97,8,8,Over
3,talk,98,8,13,VOTE Agent[02]
3,talk,99,8,11,Over
3,talk,100,8,5,Over
3,talk,101,8,2,Over
3,talk,102,8,10,VOTE Agent[12]
3,talk,103,8,15,VOTE Agent[10]
3,talk,104,8,4,Over
3,talk,105,8,12,Over
3,talk,106,8,9,Over
3,talk,107,8,6,Over
3,talk,108,9,1,Over
3,talk,109,9,11,Over
3,talk,110,9,8,Over
3,talk,111,9,13,Over
3,talk,112,9,4,Over
3,talk,113,9,12,Over
3,talk,114,9,9,Over
3,talk,115,9,6,Over
3,talk,116,9,5,Over
3,talk,117,9,15,Over
3,talk,118,9,2,Over
3,talk,119,9,10,VOTE Agent[12]
3,talk,120,10,5,Over
3,talk,121,10,1,Over
3,talk,122,10,10,VOTE Agent[12]
3,talk,123,10,13,Over
3,talk,124,10,11,Over
3,talk,125,10,8,Over
3,talk,126,10,2,Over
3,talk,127,10,12,Over
3,talk,128,10,9,Over
3,talk,129,10,4,Over
3,talk,130,10,6,Over
3,talk,131,10,15,Over
3,talk,132,11,15,Over
3,talk,133,11,1,Over
3,talk,134,11,12,Over
3,talk,135,11,4,Over
3,talk,136,11,8,Over
3,talk,137,11,2,Over
3,talk,138,11,5,Over
3,talk,139,11,13,Over
3,talk,140,11,6,Over
3,talk,141,11,10,Over
3,talk,142,11,9,Over
3,talk,143,11,11,Over
3,vote,1,10
3,vote,2,8
3,vote,4,10
3,vote,5,10
3,vote,6,10
3,vote,8,10
3,vote,9,10
3,vote,10,12
3,vote,11,10
3,vote,12,10
3,vote,13,2
3,vote,15,10
3,execute,10,VILLAGER
3,whisper,0,0,2,ATTACK Agent[15]
3,whisper,1,0,13,Over
3,whisper,2,1,2,Over
3,whisper,3,1,13,ATTACK Agent[15]
3,whisper,4,2,13,Over
3,whisper,5,2,2,ESTIMATE Agent[08] POSSESSED
3,whisper,6,3,13,VOTE Agent[01]
3,whisper,7,3,2,Over
3,whisper,8,4,13,Over
3,whisper,9,4,2,Over
3,guard,15,4,MEDIUM
3,attackVote,2,15
3,attackVote,13,15
3,attack,15,true
4,status,1,VILLAGER,ALIVE,hellowolf
4,status,2,WEREWOLF,ALIVE,wasabi
4,status,3,SEER,DEAD,hellowolf 2
4,status,4,MEDIUM,ALIVE,fanfan 1
4,status,5,VILLAGER,ALIVE,hellowolf 1
4,status,6,VILLAGER,ALIVE,fanfan 2
4,status,7,WEREWOLF,DEAD,tomato
4,status,8,POSSESSED,ALIVE,takeda 1
4,status,9,VILLAGER,ALIVE,takeda 3
4,status,10,VILLAGER,DEAD,takeda 2
4,status,11,VILLAGER,ALIVE,tomato 1
4,status,12,VILLAGER,ALIVE,fanfan
4,status,13,WEREWOLF,ALIVE,wasabi 1
4,status,14,VILLAGER,DEAD,takeda
4,status,15,BODYGUARD,DEAD,HALUemon
4,talk,0,0,13,ESTIMATE Agent[09] VILLAGER
4,talk,1,0,4,IDENTIFIED Agent[10] HUMAN
4,talk,2,0,11,VOTE Agent[02]
4,talk,3,0,8,DIVINED Agent[09] WEREWOLF
4,talk,4,0,12,VOTE Agent[11]
4,talk,5,0,2,ESTIMATE Agent[12] VILLAGER
4,talk,6,0,5,VOTE Agent[01]
4,talk,7,0,1,VOTE Agent[11]
4,talk,8,0,6,VOTE Agent[01]
4,talk,9,0,9,VOTE Agent[12]
4,talk,10,1,12,Skip
4,talk,11,1,13,Skip
4,talk,12,1,5,Skip
4,talk,13,1,11,VOTE Agent[01]
4,talk,14,1,8,VOTE Agent[09]
4,talk,15,1,9,Skip
4,talk,16,1,6,Skip
4,talk,17,1,4,VOTE Agent[11]
4,talk,18,1,2,ESTIMATE Agent[13] VILLAGER
4,talk,19,1,1,Skip
4,talk,20,2,2,ESTIMATE Agent[05] VILLAGER
4,talk,21,2,6,Skip
4,talk,22,2,9,Skip
4,talk,23,2,12,Skip
4,talk,24,2,4,Skip
4,talk,25,2,11,VOTE Agent[11]
4,talk,26,2,13,Skip
4,talk,27,2,1,Skip
4,talk,28,2,5,Skip
4,talk,29,2,8,Skip
4,talk,30,3,4,Skip
4,talk,31,3,6,VOTE Agent[11]
4,talk,32,3,12,Over
4,talk,33,3,9,Over
4,talk,34,3,2,VOTE Agent[08]
4,talk,35,3,8,Skip
4,talk,36,3,13,VOTE Agent[05]
4,talk,37,3,1,Over
4,talk,38,3,11,Skip
4,talk,39,3,5,Over
4,talk,40,4,2,Skip
4,talk,41,4,12,Over
4,talk,42,4,6,Skip
4,talk,43,4,11,Skip
4,talk,44,4,8,Over
4,talk,45,4,13,ESTIMATE Agent[02] VILLAGER
4,talk,46,4,5,Over
4,talk,47,4,4,Over
4,talk,48,4,9,VOTE Agent[11]
4,talk,49,4,1,Over
4,talk,50,5,12,Over
4,talk,51,5,6,Skip
4,talk,52,5,1,Over
4,talk,53,5,8,Over
4,talk,54,5,13,VOTE Agent[01]
4,talk,55,5,2,Skip
4,talk,56,5,5,Over
4,talk,57,5,4,Over
4,talk,58,5,9,Skip
4,talk,59,5,11,Over
4,talk,60,6,6,Over
4,talk,61,6,2,ESTIMATE Agent[08] WEREWOLF
4,talk,62,6,12,Over
4,talk,63,6,13,VOTE Agent[05]
4,talk,64,6,1,Over
4,talk,65,6,4,Over
4,talk,66,6,11,Over
4,talk,67,6,5,Over
4,talk,68,6,9,Skip
4,talk,69,6,8,Over
4,talk,70,7,6,Over
4,talk,71,7,12,Over
4,talk,72,7,5,Over
4,talk,73,7,1,Over
4,talk,74,7,4,Over
4,talk,75,7,2,REQUEST ANY (VOTE Agent[08])
4,talk,76,7,9,Over
4,talk,77,7,13,VOTE Agent[09]
4,talk,78,7,8,Over
4,talk,79,7,11,Over
4,talk,80,8,11,Over
4,talk,81,8,2,ESTIMATE Agent[04] MEDIUM
4,talk,82,8,6,Over
4,talk,83,8,9,Over
4,talk,84,8,1,Over
4,talk,85,8,4,Over
4,talk,86,8,5,Over
4,talk,87,8,8,Over
4,talk,88,8,12,Over
4,talk,89,8,13,VOTE Agent[05]
4,talk,90,9,2,Over
4,talk,91,9,11,Over
4,talk,92,9,8,Over
4,talk,93,9,6,Over
4,talk,94,9,13,Over
4,talk,95,9,1,Over
4,talk,96,9,5,Over
4,talk,97,9,9,Over
4,talk,98,9,12,Over
4,talk,99,9,4,Over
4,vote,1,11
4,vote,2,8
4,vote,4,11
4,vote,5,1
4,vote,6,11
4,vote,8,11
4,vote,9,11
4,vote,11,4
4,vote,12,11
4,vote,13,5
4,execute,11,VILLAGER
4,whisper,0,0,13,Over
4,whisper,1,0,2,ATTACK Agent[04]
4,whisper,2,1,2,Over
4,whisper,3,1,13,Over
4,attackVote,2,4
4,attackVote,13,4
4,attack,4,true
5,status,1,VILLAGER,ALIVE,hellowolf
5,status,2,WEREWOLF,ALIVE,wasabi
5,status,3,SEER,DEAD,hellowolf 2
5,status,4,MEDIUM,DEAD,fanfan 1
5,status,5,VILLAGER,ALIVE,hellowolf 1
5,status,6,VILLAGER,ALIVE,fanfan 2
5,status,7,WEREWOLF,DEAD,tomato
5,status,8,POSSESSED,ALIVE,takeda 1
5,status,9,VILLAGER,ALIVE,takeda 3
5,status,10,VILLAGER,DEAD,takeda 2
5,status,11,VILLAGER,DEAD,tomato 1
5,status,12,VILLAGER,ALIVE,fanfan
5,status,13,WEREWOLF,ALIVE,wasabi 1
5,status,14,VILLAGER,DEAD,takeda
5,status,15,BODYGUARD,DEAD,HALUemon
5,talk,0,0,9,VOTE Agent[12]
5,talk,1,0,1,VOTE Agent[12]
5,talk,2,0,2,ESTIMATE Agent[08] WEREWOLF
5,talk,3,0,6,VOTE Agent[01]
5,talk,4,0,5,VOTE Agent[01]
5,talk,5,0,12,VOTE Agent[01]
5,talk,6,0,8,DIVINED Agent[05] WEREWOLF
5,talk,7,0,13,Skip
5,talk,8,1,12,Skip
5,talk,9,1,9,Skip
5,talk,10,1,6,Skip
5,talk,11,1,5,Skip
5,talk,12,1,8,VOTE Agent[05]
5,talk,13,1,2,Skip
5,talk,14,1,13,ESTIMATE Agent[05] VILLAGER
5,talk,15,1,1,VOTE Agent[06]
5,talk,16,2,12,Skip
5,talk,17,2,5,Skip
5,talk,18,2,8,Skip
5,talk,19,2,6,Skip
5,talk,20,2,2,ESTIMATE Agent[08] WEREWOLF
5,talk,21,2,1,VOTE Agent[12]
5,talk,22,2,9,Skip
5,talk,23,2,13,ESTIMATE Agent[08] WEREWOLF
5,talk,24,3,13,VOTE Agent[05]
5,talk,25,3,8,Skip
5,talk,26,3,9,Over
5,talk,27,3,1,Skip
5,talk,28,3,12,Over
5,talk,29,3,2,VOTE Agent[08]
5,talk,30,3,5,Over
5,talk,31,3,6,Over
5,talk,32,4,2,ESTIMATE Agent[09] VILLAGER
5,talk,33,4,6,Over
5,talk,34,4,8,Over
5,talk,35,4,13,Skip
5,talk,36,4,12,Over
5,talk,37,4,9,Over
5,talk,38,4,5,Over
5,talk,39,4,1,Skip
5,talk,40,5,5,Over
5,talk,41,5,8,Over
5,talk,42,5,2,Skip
5,talk,43,5,9,Over
5,talk,44,5,6,Over
5,talk,45,5,13,VOTE Agent[01]
5,talk,46,5,12,Over
5,talk,47,5,1,Over
5,talk,48,6,5,Over
5,talk,49,6,13,VOTE Agent[06]
5,talk,50,6,1,Over
5,talk,51,6,6,Over
5,talk,52,6,9,VOTE Agent[01]
5,talk,53,6,8,Over
5,talk,54,6,12,Over
5,talk,55,6,2,ESTIMATE Agent[08] WEREWOLF
5,talk,56,7,8,Over
5,talk,57,7,1,Over
5,talk,58,7,2,Skip
5,talk,59,7,6,Over
5,talk,60,7,13,Skip
5,talk,61,7,12,Over
5,talk,62,7,5,Over
5,talk,63,7,9,Skip
5,talk,64,8,2,ESTIMATE Agent[06] VILLAGER
5,talk,65,8,1,Over
5,talk,66,8,5,Over
5,talk,67,8,13,VOTE Agent[01]
5,talk,68,8,8,Over
5,talk,69,8,9,Skip
5,talk,70,8,6,Over
5,talk,71,8,12,Over
5,talk,72,9,1,Over
5,talk,73,9,12,Over
5,talk,74,9,5,Over
5,talk,75,9,6,Over
5,talk,76,9,8,Over
5,talk,77,9,2,Over
5,talk,78,9,9,Over
5,talk,79,9,13,Over
5,vote,1,12
5,vote,2,8
5,vote,5,1
5,vote,6,1
5,vote,8,1
5,vote,9,1
5,vote,12,1
5,vote,13,1
5,execute,1,VILLAGER
5,whisper,0,0,2,ATTACK Agent[09]
5,whisper,1,0,13,Over
5,whisper,2,1,2,Over
5,whisper,3,1,13,ATTACK Agent[09]
5,whisper,4,2,13,ESTIMATE Agent[08] POSSESSED
5,whisper,5,2,2,Over
5,whisper,6,3,13,Over
5,whisper,7,3,2,ESTIMATE Agent[08] POSSESSED
5,whisper,8,4,2,Over
5,whisper,9,4,13,Over
5,attackVote,2,9
5,attackVote,13,9
5,attack,9,true
6,status,1,VILLAGER,DEAD,hellowolf
6,status,2,WEREWOLF,ALIVE,wasabi
6,status,3,SEER,DEAD,hellowolf 2
6,status,4,MEDIUM,DEAD,fanfan 1
6,status,5,VILLAGER,ALIVE,hellowolf 1
6,status,6,VILLAGER,ALIVE,fanfan 2
6,status,7,WEREWOLF,DEAD,tomato
6,status,8,POSSESSED,ALIVE,takeda 1
6,status,9,VILLAGER,DEAD,takeda 3
6,status,10,VILLAGER,DEAD,takeda 2
6,status,11,VILLAGER,DEAD,tomato 1
6,status,12,VILLAGER,ALIVE,fanfan
6,status,13,WEREWOLF,ALIVE,wasabi 1
6,status,14,VILLAGER,DEAD,takeda
6,status,15,BODYGUARD,DEAD,HALUemon
6,talk,0,0,13,Skip
6,talk,1,0,5,VOTE Agent[12]
6,talk,2,0,6,VOTE Agent[12]
6,talk,3,0,2,Skip
6,talk,4,0,8,DIVINED Agent[06] WEREWOLF
6,talk,5,0,12,VOTE Agent[05]
6,talk,6,1,6,Skip
6,talk,7,1,8,VOTE Agent[05]
6,talk,8,1,5,Skip
6,talk,9,1,2,Skip
6,talk,10,1,13,ESTIMATE Agent[05] VILLAGER
6,talk,11,1,12,Skip
6,talk,12,2,2,Over
6,talk,13,2,5,Skip
6,talk,14,2,12,Skip
6,talk,15,2,8,Skip
6,talk,16,2,13,ESTIMATE Agent[12] VILLAGER
6,talk,17,2,6,Skip
6,talk,18,3,8,Skip
6,talk,19,3,12,Over
6,talk,20,3,2,VOTE Agent[08]
6,talk,21,3,5,Over
6,talk,22,3,6,Over
6,talk,23,3,13,VOTE Agent[08]
6,talk,24,4,6,Over
6,talk,25,4,2,ESTIMATE Agent[08] WEREWOLF
6,talk,26,4,12,Over
6,talk,27,4,8,Over
6,talk,28,4,13,ESTIMATE Agent[12] VILLAGER
6,talk,29,4,5,Over
6,talk,30,5,8,Over
6,talk,31,5,2,ESTIMATE Agent[13] VILLAGER
6,talk,32,5,5,Over
6,talk,33,5,13,Skip
6,talk,34,5,6,Over
6,talk,35,5,12,Over
6,talk,36,6,6,Over
6,talk,37,6,13,Skip
6,talk,38,6,8,Over
6,talk,39,6,5,Over
6,talk,40,6,2,ESTIMATE Agent[12] VILLAGER
6,talk,41,6,12,Over
6,talk,42,7,12,Over
6,talk,43,7,8,Over
6,talk,44,7,6,Over
6,talk,45,7,2,ESTIMATE Agent[08] WEREWOLF
6,talk,46,7,5,Over
6,talk,47,7,13,Over
6,talk,48,8,6,Over
6,talk,49,8,5,Over
6,talk,50,8,8,Over
6,talk,51,8,2,Skip
6,talk,52,8,12,Over
6,talk,53,8,13,VOTE Agent[02]
6,talk,54,9,5,Over
6,talk,55,9,12,Over
6,talk,56,9,6,Over
6,talk,57,9,2,Over
6,talk,58,9,13,Over
6,talk,59,9,8,Over
6,vote,2,8
6,vote,5,12
6,vote,6,12
6,vote,8,5
6,vote,12,5
6,vote,13,2
6,vote,2,8
6,vote,5,12
6,vote,6,5
6,vote,8,5
6,vote,12,5
6,vote,13,8
6,execute,5,VILLAGER
6,whisper,0,0,2,ATTACK Agent[06]
6,whisper,1,0,13,ATTACK Agent[06]
6,whisper,2,1,13,VOTE Agent[08]
6,whisper,3,1,2,Over
6,whisper,4,2,13,Over
6,whisper,5,2,2,Over
6,attackVote,2,6
6,attackVote,13,6
6,attack,6,true
7,status,1,VILLAGER,DEAD,hellowolf
7,status,2,WEREWOLF,ALIVE,wasabi
7,status,3,SEER,DEAD,hellowolf 2
7,status,4,MEDIUM,DEAD,fanfan 1
7,status,5,VILLAGER,DEAD,hellowolf 1
7,status,6,VILLAGER,DEAD,fanfan 2
7,status,7,WEREWOLF,DEAD,tomato
7,status,8,POSSESSED,ALIVE,takeda 1
7,status,9,VILLAGER,DEAD,takeda 3
7,status,10,VILLAGER,DEAD,takeda 2
7,status,11,VILLAGER,DEAD,tomato 1
7,status,12,VILLAGER,ALIVE,fanfan
7,status,13,WEREWOLF,ALIVE,wasabi 1
7,status,14,VILLAGER,DEAD,takeda
7,status,15,BODYGUARD,DEAD,HALUemon
7,result,2,2,WEREWOLF
