0,status,1,WEREWOLF,ALIVE,hellowolf
0,status,2,VILLAGER,ALIVE,wasabi
0,status,3,VILLAGER,ALIVE,hellowolf 2
0,status,4,VILLAGER,ALIVE,fanfan 1
0,status,5,MEDIUM,ALIVE,hellowolf 1
0,status,6,VILLAGER,ALIVE,fanfan 2
0,status,7,POSSESSED,ALIVE,tomato
0,status,8,WEREWOLF,ALIVE,takeda 1
0,status,9,BODYGUARD,ALIVE,takeda 3
0,status,10,WEREWOLF,ALIVE,takeda 2
0,status,11,VILLAGER,ALIVE,tomato 1
0,status,12,VILLAGER,ALIVE,fanfan
0,status,13,SEER,ALIVE,wasabi 1
0,status,14,VILLAGER,ALIVE,takeda
0,status,15,VILLAGER,ALIVE,HALUemon
0,whisper,0,0,10,Skip
0,whisper,1,0,1,COMINGOUT Agent[01] VILLAGER
0,whisper,2,0,8,Skip
0,whisper,3,1,8,Skip
0,whisper,4,1,10,Skip
0,whisper,5,1,1,Skip
0,whisper,6,2,8,Over
0,whisper,7,2,10,Over
0,whisper,8,2,1,Skip
0,whisper,9,3,1,Over
0,whisper,10,3,8,Over
0,whisper,11,3,10,Over
0,divine,13,8,WEREWOLF
1,status,1,WEREWOLF,ALIVE,hellowolf
1,status,2,VILLAGER,ALIVE,wasabi
1,status,3,VILLAGER,ALIVE,hellowolf 2
1,status,4,VILLAGER,ALIVE,fanfan 1
1,status,5,MEDIUM,ALIVE,hellowolf 1
1,status,6,VILLAGER,ALIVE,fanfan 2
1,status,7,POSSESSED,ALIVE,tomato
1,status,8,WEREWOLF,ALIVE,takeda 1
1,status,9,BODYGUARD,ALIVE,takeda 3
1,status,10,WEREWOLF,ALIVE,takeda 2
1,status,11,VILLAGER,ALIVE,tomato 1
1,status,12,VILLAGER,ALIVE,fanfan
1,status,13,SEER,ALIVE,wasabi 1
1,status,14,VILLAGER,ALIVE,takeda
1,status,15,VILLAGER,ALIVE,HALUemon
1,talk,0,0,14,VOTE Agent[13]
1,talk,1,0,2,ESTIMATE Agent[03] VILLAGER
1,talk,2,0,7,COMINGOUT Agent[07] SEER
1,talk,3,0,15,VOTE Agent[14]
1,talk,4,0,11,VOTE Agent[09]
1,talk,5,0,12,VOTE Agent[14]
1,talk,6,0,9,VOTE Agent[11]
1,talk,7,0,5,VOTE Agent[01]
1,talk,8,0,6,VOTE Agent[14]
1,talk,9,0,4,VOTE Agent[14]
1,talk,10,0,13,COMINGOUT Agent[13] SEER
1,talk,11,0,1,VOTE Agent[14]
1,talk,12,0,10,VOTE Agent[14]
1,talk,13,0,8,VOTE Agent[13]
1,talk,14,0,3,VOTE Agent[14]
1,talk,15,1,13,DIVINED Agent[08] WEREWOLF
1,talk,16,1,12,VOTE Agent[02]
1,talk,17,1,14,VOTE Agent[11]
1,talk,18,1,3,VOTE Agent[06]
1,talk,19,1,15,VOTE Agent[13]
1,talk,20,1,1,Skip
1,talk,21,1,11,VOTE Agent[14]
1,talk,22,1,4,VOTE Agent[15]
1,talk,23,1,7,DIVINED Agent[14] HUMAN
1,talk,24,1,6,VOTE Agent[01]
1,talk,25,1,9,VOTE Agent[14]
1,talk,26,1,10,Skip
1,talk,27,1,5,VOTE Agent[02]
1,talk,28,1,8,VOTE Agent[06]
1,talk,29,1,2,Skip
1,talk,30,2,10,Skip
1,talk,31,2,5,VOTE Agent[08]
1,talk,32,2,12,VOTE Agent[08]
1,talk,33,2,15,VOTE Agent[08]
1,talk,34,2,9,VOTE Agent[01]
1,talk,35,2,2,ESTIMATE Agent[08] WEREWOLF
1,talk,36,2,8,VOTE Agent[14]
1,talk,37,2,11,Skip
1,talk,38,2,7,VOTE Agent[06]
1,talk,39,2,6,VOTE Agent[08]
1,talk,40,2,4,VOTE Agent[08]
1,talk,41,2,3,VOTE Agent[08]
1,talk,42,2,1,Skip
1,talk,43,2,14,VOTE Agent[01]
1,talk,44,2,13,ESTIMATE Agent[09] VILLAGER
1,talk,45,3,3,Skip
1,talk,46,3,1,VOTE Agent[08]
1,talk,47,3,12,Skip
1,talk,48,3,2,VOTE Agent[08]
1,talk,49,3,13,VOTE Agent[08]
1,talk,50,3,7,Skip
1,talk,51,3,11,Skip
1,talk,52,3,14,Skip
1,talk,53,3,4,Skip
1,talk,54,3,8,VOTE Agent[15]
1,talk,55,3,15,VOTE Agent[08]
1,talk,56,3,10,Over
1,talk,57,3,5,Skip
1,talk,58,3,9,VOTE Agent[08]
1,talk,59,3,6,Skip
1,talk,60,4,12,Skip
1,talk,61,4,13,ESTIMATE Agent[11] VILLAGER
1,talk,62,4,15,VOTE Agent[08]
1,talk,63,4,4,Skip
1,talk,64,4,11,VOTE Agent[08]
1,talk,65,4,2,Skip
1,talk,66,4,10,VOTE Agent[08]
1,talk,67,4,8,VOTE Agent[15]
1,talk,68,4,3,Skip
1,talk,69,4,14,VOTE Agent[08]
1,talk,70,4,7,VOTE Agent[08]
1,talk,71,4,5,Skip
1,talk,72,4,9,Skip
1,talk,73,4,6,Skip
1,talk,74,4,1,Skip
1,talk,75,5,10,Skip
1,talk,76,5,2,ESTIMATE Agent[07] WEREWOLF
1,talk,77,5,14,Skip
1,talk,78,5,9,Skip
1,talk,79,5,13,ESTIMATE Agent[14] VILLAGER
1,talk,80,5,5,Over
1,talk,81,5,11,Skip
1,talk,82,5,6,Over
1,talk,83,5,1,Skip
1,talk,84,5,15,VOTE Agent[08]
1,talk,85,5,7,Skip
1,talk,86,5,3,Over
1,talk,87,5,12,Over
1,talk,88,5,4,Over
1,talk,89,5,8,VOTE Agent[15]
1,talk,90,6,2,REQUEST ANY (VOTE Agent[08])
1,talk,91,6,1,Over
1,talk,92,6,4,Over
1,talk,93,6,15,VOTE Agent[08]
1,talk,94,6,5,Over
1,talk,95,6,7,Skip
1,talk,96,6,11,Skip
1,talk,97,6,8,VOTE Agent[01]
1,talk,98,6,14,Skip
1,talk,99,6,9,Over
1,talk,100,6,12,Over
1,talk,101,6,10,Skip
1,talk,102,6,13,ESTIMATE Agent[07] WEREWOLF
1,talk,103,6,6,Over
1,talk,104,6,3,Over
1,talk,105,7,3,Over
1,talk,106,7,11,Over
1,talk,107,7,6,Over
1,talk,108,7,1,Over
1,talk,109,7,9,Over
1,talk,110,7,5,Over
1,talk,111,7,8,VOTE Agent[15]
1,talk,112,7,2,Skip
1,talk,113,7,15,VOTE Agent[08]
1,talk,114,7,4,Over
1,talk,115,7,14,Over
1,talk,116,7,7,Over
1,talk,117,7,12,Over
1,talk,118,7,13,REQUEST ANY (VOTE Agent[08])
1,talk,119,7,10,Over
1,talk,120,8,4,Over
1,talk,121,8,15,VOTE Agent[08]
1,talk,122,8,8,VOTE Agent[14]
1,talk,123,8,10,Over
1,talk,124,8,5,Over
1,talk,125,8,6,Over
1,talk,126,8,3,Over
1,talk,127,8,13,Skip
1,talk,128,8,11,Over
1,talk,129,8,2,Skip
1,talk,130,8,1,Over
1,talk,131,8,7,Over
1,talk,132,8,14,Over
1,talk,133,8,9,Over
1,talk,134,8,12,Over
1,talk,135,9,5,Over
1,talk,136,9,7,Over
1,talk,137,9,12,Over
1,talk,138,9,9,Over
1,talk,139,9,4,Over
1,talk,140,9,2,Over
1,talk,141,9,10,Over
1,talk,142,9,11,Over
1,talk,143,9,3,Over
1,talk,144,9,1,Over
1,talk,145,9,15,Over
1,talk,146,9,6,Over
1,talk,147,9,8,VOTE Agent[14]
1,talk,148,9,14,Over
1,talk,149,9,13,Over
1,talk,150,10,9,Over
1,talk,151,10,13,Over
1,talk,152,10,14,Over
1,talk,153,10,10,Over
1,talk,154,10,7,Over
1,talk,155,10,4,Over
1,talk,156,10,15,Over
1,talk,157,10,8,Over
1,talk,158,10,11,Over
1,talk,159,10,2,Over
1,talk,160,10,6,Over
1,talk,161,10,1,Over
1,talk,162,10,3,Over
1,talk,163,10,12,Over
1,talk,164,10,5,Over
1,vote,1,8
1,vote,2,8
1,vote,3,8
1,vote,4,8
1,vote,5,8
1,vote,6,8
1,vote,7,8
1,vote,8,1
1,vote,9,8
1,vote,10,8
1,vote,11,8
1,vote,12,8
1,vote,13,8
1,vote,14,8
1,vote,15,8
1,execute,8,WEREWOLF
1,divine,13,15,HUMAN
1,whisper,0,0,10,Skip
1,whisper,1,0,1,ATTACK Agent[15]
1,whisper,2,1,1,Skip
1,whisper,3,1,10,Skip
1,whisper,4,2,1,Skip
1,whisper,5,2,10,Over
1,whisper,6,3,1,Over
1,whisper,7,3,10,Over
1,guard,9,2,VILLAGER
1,attackVote,1,15
1,attackVote,10,14
1,attackVote,1,15
1,attackVote,10,14
1,attack,14,true
2,status,1,WEREWOLF,ALIVE,hellowolf
2,status,2,VILLAGER,ALIVE,wasabi
2,status,3,VILLAGER,ALIVE,hellowolf 2
2,status,4,VILLAGER,ALIVE,fanfan 1
2,status,5,MEDIUM,ALIVE,hellowolf 1
2,status,6,VILLAGER,ALIVE,fanfan 2
2,status,7,POSSESSED,ALIVE,tomato
2,status,8,WEREWOLF,DEAD,takeda 1
2,status,9,BODYGUARD,ALIVE,takeda 3
2,status,10,WEREWOLF,ALIVE,takeda 2
2,status,11,VILLAGER,ALIVE,tomato 1
2,status,12,VILLAGER,ALIVE,fanfan
2,status,13,SEER,ALIVE,wasabi 1
2,status,14,VILLAGER,DEAD,takeda
2,status,15,VILLAGER,ALIVE,HALUemon
2,talk,0,0,5,COMINGOUT Agent[05] MEDIUM
2,talk,1,0,15,VOTE Agent[06]
2,talk,2,0,9,VOTE Agent[01]
2,talk,3,0,10,VOTE Agent[15]
2,talk,4,0,12,VOTE Agent[01]
2,talk,5,0,2,ESTIMATE Agent[11] VILLAGER
2,talk,6,0,13,DIVINED Agent[15] HUMAN
2,talk,7,0,7,DIVINED Agent[09] WEREWOLF
2,talk,8,0,6,VOTE Agent[01]
2,talk,9,0,11,VOTE Agent[15]
2,talk,10,0,4,VOTE Agent[01]
2,talk,11,0,1,VOTE Agent[09]
2,talk,12,0,3,VOTE Agent[01]
2,talk,13,1,3,Skip
2,talk,14,1,5,IDENTIFIED Agent[08] WEREWOLF
2,talk,15,1,11,VOTE Agent[01]
2,talk,16,1,2,ESTIMATE Agent[03] VILLAGER
2,talk,17,1,13,ESTIMATE Agent[09] VILLAGER
2,talk,18,1,12,Skip
2,talk,19,1,1,VOTE Agent[15]
2,talk,20,1,6,Skip
2,talk,21,1,10,VOTE Agent[01]
2,talk,22,1,4,Skip
2,talk,23,1,15,VOTE Agent[09]
2,talk,24,1,7,VOTE Agent[09]
2,talk,25,1,9,Skip
2,talk,26,2,1,VOTE Agent[09]
2,talk,27,2,12,Skip
2,talk,28,2,4,Skip
2,talk,29,2,13,Skip
2,talk,30,2,9,Skip
2,talk,31,2,2,ESTIMATE Agent[10] VILLAGER
2,talk,32,2,3,Skip
2,talk,33,2,10,Skip
2,talk,34,2,7,Skip
2,talk,35,2,15,VOTE Agent[09]
2,talk,36,2,11,Skip
2,talk,37,2,6,Skip
2,talk,38,2,5,VOTE Agent[01]
2,talk,39,3,11,Skip
2,talk,40,3,7,Skip
2,talk,41,3,15,VOTE Agent[09]
2,talk,42,3,10,Skip
2,talk,43,3,12,Over
2,talk,44,3,6,Over
2,talk,45,3,3,Over
2,talk,46,3,5,Skip
2,talk,47,3,2,VOTE Agent[09]
2,talk,48,3,1,Skip
2,talk,49,3,9,Over
2,talk,50,3,13,VOTE Agent[09]
2,talk,51,3,4,Over
2,talk,52,4,12,Over
2,talk,53,4,15,VOTE Agent[09]
2,talk,54,4,9,Over
2,talk,55,4,7,Over
2,talk,56,4,3,Over
2,talk,57,4,4,Over
2,talk,58,4,2,ESTIMATE Agent[13] WEREWOLF
2,talk,59,4,6,Over
2,talk,60,4,11,VOTE Agent[09]
2,talk,61,4,10,Over
2,talk,62,4,1,Skip
2,talk,63,4,5,Skip
2,talk,64,4,13,VOTE Agent[10]
2,talk,65,5,13,VOTE Agent[01]
2,talk,66,5,11,Skip
2,talk,67,5,10,Over
2,talk,68,5,12,Over
2,talk,69,5,7,Over
2,talk,70,5,2,ESTIMATE Agent[06] VILLAGER
2,talk,71,5,9,Over
2,talk,72,5,1,Over
2,talk,73,5,3,Over
2,talk,74,5,15,VOTE Agent[09]
2,talk,75,5,4,Over
2,talk,76,5,6,Over
2,talk,77,5,5,Over
2,talk,78,6,5,Over
2,talk,79,6,10,Over
2,talk,80,6,9,Over
2,talk,81,6,2,ESTIMATE Agent[04] VILLAGER
2,talk,82,6,15,VOTE Agent[09]
2,talk,83,6,12,Over
2,talk,84,6,6,Over
2,talk,85,6,1,Over
2,talk,86,6,4,Over
2,talk,87,6,7,Over
2,talk,88,6,11,Skip
2,talk,89,6,13,ESTIMATE Agent[11] VILLAGER
2,talk,90,6,3,Over
2,talk,91,7,13,VOTE Agent[09]
2,talk,92,7,3,Over
2,talk,93,7,15,VOTE Agent[09]
2,talk,94,7,5,Over
2,talk,95,7,9,Over
2,talk,96,7,4,Over
2,talk,97,7,7,Over
2,talk,98,7,2,REQUEST ANY (VOTE Agent[09])
2,talk,99,7,1,Over
2,talk,100,7,11,Over
2,talk,101,7,6,Over
2,talk,102,7,12,Over
2,talk,103,7,10,Over
2,talk,104,8,7,Over
2,talk,105,8,4,Over
2,talk,106,8,12,Over
2,talk,107,8,9,Over
2,talk,108,8,15,VOTE Agent[09]
2,talk,109,8,3,Over
2,talk,110,8,6,Over
2,talk,111,8,13,Skip
2,talk,112,8,2,Skip
2,talk,113,8,5,Over
2,talk,114,8,1,Over
2,talk,115,8,11,Over
2,talk,116,8,10,Over
2,talk,117,9,4,Over
2,talk,118,9,10,Over
2,talk,119,9,13,Over
2,talk,120,9,5,Over
2,talk,121,9,3,Over
2,talk,122,9,11,Over
2,talk,123,9,6,Over
2,talk,124,9,1,Over
2,talk,125,9,15,Over
2,talk,126,9,2,Over
2,talk,127,9,9,Over
2,talk,128,9,12,Over
2,talk,129,9,7,Over
2,vote,1,9
2,vote,2,9
2,vote,3,1
2,vote,4,1
2,vote,5,1
2,vote,6,1
2,vote,7,9
2,vote,9,1
2,vote,10,1
2,vote,11,9
2,vote,12,1
2,vote,13,9
2,vote,15,9
2,execute,1,WEREWOLF
2,divine,13,12,HUMAN
2,guard,9,2,VILLAGER
2,attackVote,10,9
2,attack,9,true
3,status,1,WEREWOLF,DEAD,hellowolf
3,status,2,VILLAGER,ALIVE,wasabi
3,status,3,VILLAGER,ALIVE,hellowolf 2
3,status,4,VILLAGER,ALIVE,fanfan 1
3,status,5,MEDIUM,ALIVE,hellowolf 1
3,status,6,VILLAGER,ALIVE,fanfan 2
3,status,7,POSSESSED,ALIVE,tomato
3,status,8,WEREWOLF,DEAD,takeda 1
3,status,9,BODYGUARD,DEAD,takeda 3
3,status,10,WEREWOLF,ALIVE,takeda 2
3,status,11,VILLAGER,ALIVE,tomato 1
3,status,12,VILLAGER,ALIVE,fanfan
3,status,13,SEER,ALIVE,wasabi 1
3,status,14,VILLAGER,DEAD,takeda
3,status,15,VILLAGER,ALIVE,HALUemon
3,talk,0,0,5,IDENTIFIED Agent[01] WEREWOLF
3,talk,1,0,7,DIVINED Agent[02] WEREWOLF
3,talk,2,0,11,VOTE Agent[15]
3,talk,3,0,3,VOTE Agent[10]
3,talk,4,0,13,DIVINED Agent[12] HUMAN
3,talk,5,0,15,VOTE Agent[03]
3,talk,6,0,12,VOTE Agent[10]
3,talk,7,0,4,VOTE Agent[12]
3,talk,8,0,2,Skip
3,talk,9,0,10,VOTE Agent[15]
3,talk,10,0,6,VOTE Agent[10]
3,talk,11,1,10,VOTE Agent[02]
3,talk,12,1,5,VOTE Agent[10]
3,talk,13,1,15,VOTE Agent[10]
3,talk,14,1,7,VOTE Agent[02]
3,talk,15,1,3,Skip
3,talk,16,1,6,Skip
3,talk,17,1,12,Skip
3,talk,18,1,13,Skip
3,talk,19,1,4,VOTE Agent[10]
3,talk,20,1,11,VOTE Agent[10]
3,talk,21,1,2,Skip
3,talk,22,2,6,Skip
3,talk,23,2,15,VOTE Agent[02]
3,talk,24,2,3,Skip
3,talk,25,2,10,VOTE Agent[02]
3,talk,26,2,7,Skip
3,talk,27,2,11,Skip
3,talk,28,2,12,Skip
3,talk,29,2,4,Skip
3,talk,30,2,5,Skip
3,talk,31,2,13,Skip
3,talk,32,2,2,ESTIMATE Agent[03] WEREWOLF
3,talk,33,3,13,VOTE Agent[10]
3,talk,34,3,4,Skip
3,talk,35,3,7,Skip
3,talk,36,3,2,VOTE Agent[07]
3,talk,37,3,3,Over
3,talk,38,3,15,VOTE Agent[02]
3,talk,39,3,11,Skip
3,talk,40,3,12,Over
3,talk,41,3,10,VOTE Agent[02]
3,talk,42,3,5,Skip
3,talk,43,3,6,Over
3,talk,44,4,2,ESTIMATE Agent[12] VILLAGER
3,talk,45,4,12,Over
3,talk,46,4,4,Over
3,talk,47,4,13,ESTIMATE Agent[03] VILLAGER
3,talk,48,4,5,Over
3,talk,49,4,11,Over
3,talk,50,4,10,VOTE Agent[02]
3,talk,51,4,15,VOTE Agent[02]
3,talk,52,4,3,Over
3,talk,53,4,7,Over
3,talk,54,4,6,Over
3,talk,55,5,7,Over
3,talk,56,5,13,ESTIMATE Agent[12] VILLAGER
3,talk,57,5,15,VOTE Agent[02]
3,talk,58,5,10,VOTE Agent[02]
3,talk,59,5,3,Over
3,talk,60,5,6,Over
3,talk,61,5,12,Over
3,talk,62,5,4,Over
3,talk,63,5,2,ESTIMATE Agent[10] VILLAGER
3,talk,64,5,5,Over
3,talk,65,5,11,VOTE Agent[02]
3,talk,66,6,11,Skip
3,talk,67,6,7,Over
3,talk,68,6,3,Over
3,talk,69,6,6,Over
3,talk,70,6,2,ESTIMATE Agent[05] MEDIUM
3,talk,71,6,12,Over
3,talk,72,6,13,ESTIMATE Agent[10] WEREWOLF
3,talk,73,6,5,Over
3,talk,74,6,10,VOTE Agent[02]
3,talk,75,6,4,Over
3,talk,76,6,15,VOTE Agent[02]
3,talk,77,7,4,Over
3,talk,78,7,5,Over
3,talk,79,7,13,ESTIMATE Agent[04] VILLAGER
3,talk,80,7,3,Over
3,talk,81,7,7,Over
3,talk,82,7,11,Skip
3,talk,83,7,15,VOTE Agent[02]
3,talk,84,7,6,Over
3,talk,85,7,10,VOTE Agent[02]
3,talk,86,7,12,Over
3,talk,87,7,2,Skip
3,talk,88,8,15,VOTE Agent[02]
3,talk,89,8,5,Over
3,talk,90,8,11,Over
3,talk,91,8,10,VOTE Agent[02]
3,talk,92,8,4,Over
3,talk,93,8,12,Over
3,talk,94,8,2,Skip
3,talk,95,8,6,Over
3,talk,96,8,3,Over
3,talk,97,8,13,ESTIMATE Agent[07] WEREWOLF
3,talk,98,8,7,Over
3,talk,99,9,13,Over
3,talk,100,9,7,Over
3,talk,101,9,2,Over
3,talk,102,9,11,Over
3,talk,103,9,5,Over
3,talk,104,9,15,Over
3,talk,105,9,6,Over
3,talk,106,9,4,Over
3,talk,107,9,10,Skip
3,talk,108,9,12,Over
3,talk,109,9,3,Over
3,talk,110,10,10,Skip
3,talk,111,10,12,Over
3,talk,112,10,6,Over
3,talk,113,10,7,Over
3,talk,114,10,5,Over
3,talk,115,10,3,Over
3,talk,116,10,15,Over
3,talk,117,10,13,Over
3,talk,118,10,11,Over
3,talk,119,10,2,Over
3,talk,120,10,4,Over
3,talk,121,11,6,Over
3,talk,122,11,7,Over
3,talk,123,11,11,Over
3,talk,124,11,3,Over
3,talk,125,11,5,Over
3,talk,126,11,4,Over
3,talk,127,11,10,Over
3,talk,128,11,2,Over
3,talk,129,11,15,Over
3,talk,130,11,12,Over
3,talk,131,11,13,Over
3,vote,2,7
3,vote,3,10
3,vote,4,10
3,vote,5,10
3,vote,6,10
3,vote,7,2
3,vote,10,2
3,vote,11,2
3,vote,12,10
3,vote,13,10
3,vote,15,2
3,execute,10,WEREWOLF
3,divine,13,4,HUMAN
4,status,1,WEREWOLF,DEAD,hellowolf
4,status,2,VILLAGER,ALIVE,wasabi
4,status,3,VILLAGER,ALIVE,hellowolf 2
4,status,4,VILLAGER,ALIVE,fanfan 1
4,status,5,MEDIUM,ALIVE,hellowolf 1
4,status,6,VILLAGER,ALIVE,fanfan 2
4,status,7,POSSESSED,ALIVE,tomato
4,status,8,WEREWOLF,DEAD,takeda 1
4,status,9,BODYGUARD,DEAD,takeda 3
4,status,10,WEREWOLF,DEAD,takeda 2
4,status,11,VILLAGER,ALIVE,tomato 1
4,status,12,VILLAGER,ALIVE,fanfan
4,status,13,SEER,ALIVE,wasabi 1
4,status,14,VILLAGER,DEAD,takeda
4,status,15,VILLAGER,ALIVE,HALUemon
4,result,10,0,VILLAGER
