0,status,1,WEREWOLF,ALIVE,hellowolf
0,status,2,VILLAGER,ALIVE,wasabi
0,status,3,BODYGUARD,ALIVE,hellowolf 2
0,status,4,VILLAGER,ALIVE,fanfan 1
0,status,5,WEREWOLF,ALIVE,hellowolf 1
0,status,6,VILLAGER,ALIVE,fanfan 2
0,status,7,MEDIUM,ALIVE,tomato
0,status,8,VILLAGER,ALIVE,takeda 1
0,status,9,VILLAGER,ALIVE,takeda 3
0,status,10,SEER,ALIVE,takeda 2
0,status,11,VILLAGER,ALIVE,tomato 1
0,status,12,VILLAGER,ALIVE,fanfan
0,status,13,POSSESSED,ALIVE,wasabi 1
0,status,14,WEREWOLF,ALIVE,takeda
0,status,15,VILLAGER,ALIVE,HALUemon
0,whisper,0,0,5,COMINGOUT Agent[05] VILLAGER
0,whisper,1,0,14,Skip
0,whisper,2,0,1,COMINGOUT Agent[01] VILLAGER
0,whisper,3,1,5,Skip
0,whisper,4,1,1,Skip
0,whisper,5,1,14,Skip
0,whisper,6,2,5,Skip
0,whisper,7,2,14,Over
0,whisper,8,2,1,Skip
0,whisper,9,3,14,Over
0,whisper,10,3,1,Over
0,whisper,11,3,5,Over
0,divine,10,8,HUMAN
1,status,1,WEREWOLF,ALIVE,hellowolf
1,status,2,VILLAGER,ALIVE,wasabi
1,status,3,BODYGUARD,ALIVE,hellowolf 2
1,status,4,VILLAGER,ALIVE,fanfan 1
1,status,5,WEREWOLF,ALIVE,hellowolf 1
1,status,6,VILLAGER,ALIVE,fanfan 2
1,status,7,MEDIUM,ALIVE,tomato
1,status,8,VILLAGER,ALIVE,takeda 1
1,status,9,VILLAGER,ALIVE,takeda 3
1,status,10,SEER,ALIVE,takeda 2
1,status,11,VILLAGER,ALIVE,tomato 1
1,status,12,VILLAGER,ALIVE,fanfan
1,status,13,POSSESSED,ALIVE,wasabi 1
1,status,14,WEREWOLF,ALIVE,takeda
1,status,15,VILLAGER,ALIVE,HALUemon
1,talk,0,0,15,VOTE Agent[06]
1,talk,1,0,7,COMINGOUT Agent[07] MEDIUM
1,talk,2,0,9,VOTE Agent[04]
1,talk,3,0,14,VOTE Agent[04]
1,talk,4,0,13,COMINGOUT Agent[13] SEER
1,talk,5,0,11,VOTE Agent[15]
1,talk,6,0,8,VOTE Agent[01]
1,talk,7,0,4,VOTE Agent[14]
1,talk,8,0,6,VOTE Agent[14]
1,talk,9,0,10,COMINGOUT Agent[10] SEER
1,talk,10,0,2,Skip
1,talk,11,0,5,VOTE Agent[02]
1,talk,12,0,3,VOTE Agent[14]
1,talk,13,0,12,VOTE Agent[14]
1,talk,14,0,1,VOTE Agent[02]
1,talk,15,1,14,VOTE Agent[02]
1,talk,16,1,13,DIVINED Agent[14] HUMAN
1,talk,17,1,11,VOTE Agent[14]
1,talk,18,1,8,VOTE Agent[05]
1,talk,19,1,3,VOTE Agent[01]
1,talk,20,1,5,Skip
1,talk,21,1,12,VOTE Agent[02]
1,talk,22,1,7,VOTE Agent[14]
1,talk,23,1,10,DIVINED Agent[08] HUMAN
1,talk,24,1,9,VOTE Agent[15]
1,talk,25,1,1,Skip
1,talk,26,1,6,VOTE Agent[01]
1,talk,27,1,4,Skip
1,talk,28,1,2,ESTIMATE Agent[08] WEREWOLF
1,talk,29,1,15,VOTE Agent[02]
1,talk,30,2,15,VOTE Agent[01]
1,talk,31,2,5,Skip
1,talk,32,2,1,Skip
1,talk,33,2,7,VOTE Agent[02]
1,talk,34,2,11,VOTE Agent[02]
1,talk,35,2,10,VOTE Agent[01]
1,talk,36,2,3,VOTE Agent[02]
1,talk,37,2,4,VOTE Agent[02]
1,talk,38,2,8,VOTE Agent[01]
1,talk,39,2,12,Skip
1,talk,40,2,6,VOTE Agent[02]
1,talk,41,2,14,VOTE Agent[04]
1,talk,42,2,9,VOTE Agent[01]
1,talk,43,2,2,Skip
1,talk,44,2,13,ESTIMATE Agent[02] VILLAGER
1,talk,45,3,13,VOTE Agent[08]
1,talk,46,3,7,Skip
1,talk,47,3,2,VOTE Agent[01]
1,talk,48,3,12,Skip
1,talk,49,3,9,VOTE Agent[02]
1,talk,50,3,1,Over
1,talk,51,3,14,VOTE Agent[02]
1,talk,52,3,6,Skip
1,talk,53,3,10,VOTE Agent[01]
1,talk,54,3,15,VOTE Agent[01]
1,talk,55,3,8,VOTE Agent[02]
1,talk,56,3,4,VOTE Agent[11]
1,talk,57,3,5,Over
1,talk,58,3,3,Skip
1,talk,59,3,11,Skip
1,talk,60,4,2,Skip
1,talk,61,4,5,Over
1,talk,62,4,11,Skip
1,talk,63,4,6,Skip
1,talk,64,4,8,Skip
1,talk,65,4,12,Over
1,talk,66,4,7,Skip
1,talk,67,4,10,VOTE Agent[01]
1,talk,68,4,13,ESTIMATE Agent[07] MEDIUM
1,talk,69,4,15,VOTE Agent[01]
1,talk,70,4,4,VOTE Agent[01]
1,talk,71,4,1,Over
1,talk,72,4,3,Skip
1,talk,73,4,9,Skip
1,talk,74,4,14,Skip
1,talk,75,5,6,Over
1,talk,76,5,14,Skip
1,talk,77,5,1,Over
1,talk,78,5,4,Skip
1,talk,79,5,13,VOTE Agent[06]
1,talk,80,5,12,Over
1,talk,81,5,8,Skip
1,talk,82,5,7,VOTE Agent[01]
1,talk,83,5,9,Skip
1,talk,84,5,11,VOTE Agent[01]
1,talk,85,5,10,VOTE Agent[01]
1,talk,86,5,15,VOTE Agent[01]
1,talk,87,5,3,VOTE Agent[01]
1,talk,88,5,2,Skip
1,talk,89,5,5,Over
1,talk,90,6,15,VOTE Agent[01]
1,talk,91,6,5,Over
1,talk,92,6,11,Skip
1,talk,93,6,4,Skip
1,talk,94,6,6,VOTE Agent[01]
1,talk,95,6,9,VOTE Agent[01]
1,talk,96,6,2,REQUEST ANY (VOTE Agent[01])
1,talk,97,6,7,Skip
1,talk,98,6,12,VOTE Agent[01]
1,talk,99,6,8,VOTE Agent[01]
1,talk,100,6,10,VOTE Agent[01]
1,talk,101,6,1,Over
1,talk,102,6,13,VOTE Agent[03]
1,talk,103,6,14,Over
1,talk,104,6,3,Skip
1,talk,105,7,9,Skip
1,talk,106,7,4,Over
1,talk,107,7,12,Skip
1,talk,108,7,3,Skip
1,talk,109,7,6,Skip
1,talk,110,7,8,Skip
1,talk,111,7,11,Skip
1,talk,112,7,15,VOTE Agent[02]
1,talk,113,7,2,Skip
1,talk,114,7,10,VOTE Agent[01]
1,talk,115,7,1,Over
1,talk,116,7,7,Skip
1,talk,117,7,14,VOTE Agent[01]
1,talk,118,7,13,ESTIMATE Agent[07] MEDIUM
1,talk,119,7,5,VOTE Agent[01]
1,talk,120,8,1,Over
1,talk,121,8,13,ESTIMATE Agent[14] VILLAGER
1,talk,122,8,4,Over
1,talk,123,8,8,Skip
1,talk,124,8,11,Over
1,talk,125,8,14,Skip
1,talk,126,8,2,Skip
1,talk,127,8,3,Over
1,talk,128,8,6,Skip
1,talk,129,8,9,Skip
1,talk,130,8,7,Over
1,talk,131,8,10,VOTE Agent[01]
1,talk,132,8,15,VOTE Agent[02]
1,talk,133,8,5,Skip
1,talk,134,8,12,Skip
1,talk,135,9,13,Over
1,talk,136,9,6,Over
1,talk,137,9,10,VOTE Agent[01]
1,talk,138,9,11,Over
1,talk,139,9,2,Over
1,talk,140,9,3,Over
1,talk,141,9,7,Over
1,talk,142,9,1,Over
1,talk,143,9,9,Over
1,talk,144,9,14,Skip
1,talk,145,9,5,Skip
1,talk,146,9,12,Over
1,talk,147,9,8,Over
1,talk,148,9,15,Over
1,talk,149,9,4,Over
1,talk,150,10,3,Over
1,talk,151,10,9,Over
1,talk,152,10,4,Over
1,talk,153,10,2,Over
1,talk,154,10,14,Over
1,talk,155,10,11,Over
1,talk,156,10,8,Over
1,talk,157,10,12,Over
1,talk,158,10,10,Over
1,talk,159,10,15,Over
1,talk,160,10,1,Over
1,talk,161,10,6,Over
1,talk,162,10,5,Over
1,talk,163,10,7,Over
1,talk,164,10,13,Over
1,vote,1,2
1,vote,2,1
1,vote,3,1
1,vote,4,1
1,vote,5,1
1,vote,6,1
1,vote,7,1
1,vote,8,1
1,vote,9,1
1,vote,10,1
1,vote,11,1
1,vote,12,1
1,vote,13,3
1,vote,14,1
1,vote,15,3
1,execute,1,WEREWOLF
1,divine,10,2,HUMAN
1,whisper,0,0,5,ESTIMATE Agent[13] POSSESSED
1,whisper,1,0,14,Skip
1,whisper,2,1,5,ATTACK Agent[06]
1,whisper,3,1,14,Skip
1,whisper,4,2,5,Skip
1,whisper,5,2,14,Over
1,whisper,6,3,14,Over
1,whisper,7,3,5,Skip
1,whisper,8,4,14,Over
1,whisper,9,4,5,Over
1,guard,3,13,POSSESSED
1,attackVote,5,6
1,attackVote,14,9
1,attackVote,5,6
1,attackVote,14,9
1,attack,9,true
2,status,1,WEREWOLF,DEAD,hellowolf
2,status,2,VILLAGER,ALIVE,wasabi
2,status,3,BODYGUARD,ALIVE,hellowolf 2
2,status,4,VILLAGER,ALIVE,fanfan 1
2,status,5,WEREWOLF,ALIVE,hellowolf 1
2,status,6,VILLAGER,ALIVE,fanfan 2
2,status,7,MEDIUM,ALIVE,tomato
2,status,8,VILLAGER,ALIVE,takeda 1
2,status,9,VILLAGER,DEAD,takeda 3
2,status,10,SEER,ALIVE,takeda 2
2,status,11,VILLAGER,ALIVE,tomato 1
2,status,12,VILLAGER,ALIVE,fanfan
2,status,13,POSSESSED,ALIVE,wasabi 1
2,status,14,WEREWOLF,ALIVE,takeda
2,status,15,VILLAGER,ALIVE,HALUemon
2,talk,0,0,12,VOTE Agent[02]
2,talk,1,0,8,VOTE Agent[02]
2,talk,2,0,6,VOTE Agent[15]
2,talk,3,0,3,VOTE Agent[04]
2,talk,4,0,4,VOTE Agent[11]
2,talk,5,0,5,VOTE Agent[03]
2,talk,6,0,15,VOTE Agent[04]
2,talk,7,0,11,VOTE Agent[08]
2,talk,8,0,14,VOTE Agent[02]
2,talk,9,0,2,ESTIMATE Agent[04] WEREWOLF
2,talk,10,0,7,IDENTIFIED Agent[01] WEREWOLF
2,talk,11,0,13,DIVINED Agent[06] HUMAN
2,talk,12,0,10,DIVINED Agent[02] HUMAN
2,talk,13,1,6,VOTE Agent[04]
2,talk,14,1,2,ESTIMATE Agent[06] VILLAGER
2,talk,15,1,14,Skip
2,talk,16,1,11,VOTE Agent[02]
2,talk,17,1,8,VOTE Agent[04]
2,talk,18,1,13,ESTIMATE Agent[06] VILLAGER
2,talk,19,1,7,VOTE Agent[02]
2,talk,20,1,12,VOTE Agent[04]
2,talk,21,1,5,VOTE Agent[02]
2,talk,22,1,10,VOTE Agent[04]
2,talk,23,1,15,VOTE Agent[11]
2,talk,24,1,4,Skip
2,talk,25,1,3,VOTE Agent[05]
2,talk,26,2,5,Skip
2,talk,27,2,13,Skip
2,talk,28,2,4,Skip
2,talk,29,2,11,VOTE Agent[04]
2,talk,30,2,12,Skip
2,talk,31,2,10,VOTE Agent[05]
2,talk,32,2,7,VOTE Agent[04]
2,talk,33,2,15,VOTE Agent[11]
2,talk,34,2,3,VOTE Agent[04]
2,talk,35,2,8,VOTE Agent[02]
2,talk,36,2,14,Skip
2,talk,37,2,2,ESTIMATE Agent[10] WEREWOLF
2,talk,38,2,6,Skip
2,talk,39,3,15,VOTE Agent[11]
2,talk,40,3,4,Over
2,talk,41,3,8,Skip
2,talk,42,3,3,Skip
2,talk,43,3,5,VOTE Agent[04]
2,talk,44,3,11,Skip
2,talk,45,3,14,Over
2,talk,46,3,6,Skip
2,talk,47,3,13,VOTE Agent[04]
2,talk,48,3,2,VOTE Agent[11]
2,talk,49,3,10,VOTE Agent[05]
2,talk,50,3,12,Skip
2,talk,51,3,7,Skip
2,talk,52,4,4,Over
2,talk,53,4,10,VOTE Agent[05]
2,talk,54,4,7,Skip
2,talk,55,4,2,ESTIMATE Agent[06] VILLAGER
2,talk,56,4,11,Skip
2,talk,57,4,12,Over
2,talk,58,4,3,Skip
2,talk,59,4,15,VOTE Agent[11]
2,talk,60,4,14,VOTE Agent[04]
2,talk,61,4,13,Skip
2,talk,62,4,8,VOTE Agent[04]
2,talk,63,4,6,VOTE Agent[15]
2,talk,64,4,5,Skip
2,talk,65,5,6,Skip
2,talk,66,5,2,Skip
2,talk,67,5,12,Over
2,talk,68,5,4,Over
2,talk,69,5,14,Skip
2,talk,70,5,15,VOTE Agent[11]
2,talk,71,5,11,Over
2,talk,72,5,8,Skip
2,talk,73,5,13,ESTIMATE Agent[14] VILLAGER
2,talk,74,5,7,Over
2,talk,75,5,10,VOTE Agent[05]
2,talk,76,5,5,Skip
2,talk,77,5,3,Over
2,talk,78,6,7,Over
2,talk,79,6,2,Skip
2,talk,80,6,10,VOTE Agent[05]
2,talk,81,6,12,Over
2,talk,82,6,5,Over
2,talk,83,6,3,Over
2,talk,84,6,14,Skip
2,talk,85,6,6,Skip
2,talk,86,6,4,Over
2,talk,87,6,13,ESTIMATE Agent[07] MEDIUM
2,talk,88,6,8,Skip
2,talk,89,6,15,VOTE Agent[11]
2,talk,90,6,11,Over
2,talk,91,7,7,Over
2,talk,92,7,11,Over
2,talk,93,7,4,Over
2,talk,94,7,14,Over
2,talk,95,7,13,VOTE Agent[11]
2,talk,96,7,15,VOTE Agent[11]
2,talk,97,7,3,Over
2,talk,98,7,5,Over
2,talk,99,7,10,VOTE Agent[05]
2,talk,100,7,6,Over
2,talk,101,7,2,VOTE Agent[04]
2,talk,102,7,12,Over
2,talk,103,7,8,Over
2,talk,104,8,5,Over
2,talk,105,8,2,ESTIMATE Agent[06] VILLAGER
2,talk,106,8,8,Over
2,talk,107,8,3,Over
2,talk,108,8,13,ESTIMATE Agent[07] MEDIUM
2,talk,109,8,10,VOTE Agent[05]
2,talk,110,8,4,Over
2,talk,111,8,15,VOTE Agent[11]
2,talk,112,8,14,Over
2,talk,113,8,11,Over
2,talk,114,8,6,Over
2,talk,115,8,7,Over
2,talk,116,8,12,Over
2,talk,117,9,8,Over
2,talk,118,9,5,Over
2,talk,119,9,13,Over
2,talk,120,9,2,Over
2,talk,121,9,3,Over
2,talk,122,9,11,Over
2,talk,123,9,10,VOTE Agent[05]
2,talk,124,9,4,Over
2,talk,125,9,14,Over
2,talk,126,9,7,Over
2,talk,127,9,15,Over
2,talk,128,9,6,Over
2,talk,129,9,12,Over
2,talk,130,10,12,Over
2,talk,131,10,11,Over
2,talk,132,10,3,Over
2,talk,133,10,4,Over
2,talk,134,10,10,Over
2,talk,135,10,6,Over
2,talk,136,10,5,Over
2,talk,137,10,14,Over
2,talk,138,10,7,Over
2,talk,139,10,2,Over
2,talk,140,10,15,Over
2,talk,141,10,8,Over
2,talk,142,10,13,Over
2,vote,2,4
2,vote,3,4
2,vote,4,11
2,vote,5,4
2,vote,6,15
2,vote,7,4
2,vote,8,4
2,vote,10,5
2,vote,11,4
2,vote,12,4
2,vote,13,11
2,vote,14,4
2,vote,15,11
2,execute,4,VILLAGER
2,divine,10,5,WEREWOLF
2,whisper,0,0,14,Skip
2,whisper,1,0,5,ATTACK Agent[08]
2,whisper,2,1,14,Skip
2,whisper,3,1,5,Skip
2,whisper,4,2,14,Over
2,whisper,5,2,5,Skip
2,whisper,6,3,14,Over
2,whisper,7,3,5,Over
2,guard,3,13,POSSESSED
2,attackVote,5,8
2,attackVote,14,2
2,attackVote,5,8
2,attackVote,14,2
2,attack,2,true
3,status,1,WEREWOLF,DEAD,hellowolf
3,status,2,VILLAGER,DEAD,wasabi
3,status,3,BODYGUARD,ALIVE,hellowolf 2
3,status,4,VILLAGER,DEAD,fanfan 1
3,status,5,WEREWOLF,ALIVE,hellowolf 1
3,status,6,VILLAGER,ALIVE,fanfan 2
3,status,7,MEDIUM,ALIVE,tomato
3,status,8,VILLAGER,ALIVE,takeda 1
3,status,9,VILLAGER,DEAD,takeda 3
3,status,10,SEER,ALIVE,takeda 2
3,status,11,VILLAGER,ALIVE,tomato 1
3,status,12,VILLAGER,ALIVE,fanfan
3,status,13,POSSESSED,ALIVE,wasabi 1
3,status,14,WEREWOLF,ALIVE,takeda
3,status,15,VILLAGER,ALIVE,HALUemon
3,talk,0,0,14,VOTE Agent[12]
3,talk,1,0,7,IDENTIFIED Agent[04] HUMAN
3,talk,2,0,5,VOTE Agent[08]
3,talk,3,0,8,VOTE Agent[05]
3,talk,4,0,12,VOTE Agent[11]
3,talk,5,0,10,DIVINED Agent[05] WEREWOLF
3,talk,6,0,6,VOTE Agent[15]
3,talk,7,0,13,DIVINED Agent[12] HUMAN
3,talk,8,0,3,VOTE Agent[05]
3,talk,9,0,11,VOTE Agent[13]
3,talk,10,0,15,VOTE Agent[12]
3,talk,11,1,11,VOTE Agent[05]
3,talk,12,1,8,Skip
3,talk,13,1,15,VOTE Agent[05]
3,talk,14,1,14,VOTE Agent[15]
3,talk,15,1,12,VOTE Agent[08]
3,talk,16,1,10,VOTE Agent[05]
3,talk,17,1,5,VOTE Agent[12]
3,talk,18,1,7,VOTE Agent[05]
3,talk,19,1,3,Skip
3,talk,20,1,13,ESTIMATE Agent[07] MEDIUM
3,talk,21,1,6,VOTE Agent[11]
3,talk,22,2,14,VOTE Agent[05]
3,talk,23,2,8,Skip
3,talk,24,2,11,Skip
3,talk,25,2,13,Skip
3,talk,26,2,3,Skip
3,talk,27,2,5,VOTE Agent[08]
3,talk,28,2,12,VOTE Agent[05]
3,talk,29,2,7,Skip
3,talk,30,2,10,VOTE Agent[05]
3,talk,31,2,6,VOTE Agent[05]
3,talk,32,2,15,VOTE Agent[05]
3,talk,33,3,6,Skip
3,talk,34,3,11,Skip
3,talk,35,3,15,VOTE Agent[05]
3,talk,36,3,3,Over
3,talk,37,3,7,Skip
3,talk,38,3,8,Over
3,talk,39,3,14,Skip
3,talk,40,3,5,Skip
3,talk,41,3,13,VOTE Agent[05]
3,talk,42,3,12,Skip
3,talk,43,3,10,VOTE Agent[05]
3,talk,44,4,12,Skip
3,talk,45,4,11,Over
3,talk,46,4,6,Skip
3,talk,47,4,14,Skip
3,talk,48,4,8,Over
3,talk,49,4,7,Over
3,talk,50,4,3,Over
3,talk,51,4,15,VOTE Agent[05]
3,talk,52,4,10,VOTE Agent[05]
3,talk,53,4,13,Skip
3,talk,54,4,5,Skip
3,talk,55,5,10,VOTE Agent[05]
3,talk,56,5,13,Skip
3,talk,57,5,7,Over
3,talk,58,5,14,Over
3,talk,59,5,3,Over
3,talk,60,5,5,Over
3,talk,61,5,8,Over
3,talk,62,5,12,Over
3,talk,63,5,15,VOTE Agent[05]
3,talk,64,5,6,Over
3,talk,65,5,11,Over
3,talk,66,6,3,Over
3,talk,67,6,13,Over
3,talk,68,6,14,Over
3,talk,69,6,10,VOTE Agent[05]
3,talk,70,6,5,Over
3,talk,71,6,8,Over
3,talk,72,6,11,Over
3,talk,73,6,7,Over
3,talk,74,6,12,Over
3,talk,75,6,6,Over
3,talk,76,6,15,VOTE Agent[05]
3,talk,77,7,11,Over
3,talk,78,7,5,Over
3,talk,79,7,8,Over
3,talk,80,7,13,ESTIMATE Agent[14] VILLAGER
3,talk,81,7,10,VOTE Agent[05]
3,talk,82,7,6,Over
3,talk,83,7,14,Over
3,talk,84,7,7,Over
3,talk,85,7,15,VOTE Agent[05]
3,talk,86,7,12,Over
3,talk,87,7,3,Over
3,talk,88,8,12,Over
3,talk,89,8,10,VOTE Agent[05]
3,talk,90,8,15,VOTE Agent[05]
3,talk,91,8,13,ESTIMATE Agent[07] MEDIUM
3,talk,92,8,7,Over
3,talk,93,8,5,Over
3,talk,94,8,6,Over
3,talk,95,8,8,Over
3,talk,96,8,11,Over
3,talk,97,8,14,Over
3,talk,98,8,3,Over
3,talk,99,9,8,Over
3,talk,100,9,10,VOTE Agent[05]
3,talk,101,9,6,Over
3,talk,102,9,5,Over
3,talk,103,9,13,Over
3,talk,104,9,14,Over
3,talk,105,9,7,Over
3,talk,106,9,3,Over
3,talk,107,9,15,Over
3,talk,108,9,12,Over
3,talk,109,9,11,Over
3,talk,110,10,10,Over
3,talk,111,10,15,Over
3,talk,112,10,8,Over
3,talk,113,10,5,Over
3,talk,114,10,11,Over
3,talk,115,10,13,Over
3,talk,116,10,7,Over
3,talk,117,10,12,Over
3,talk,118,10,14,Over
3,talk,119,10,3,Over
3,talk,120,10,6,Over
3,vote,3,5
3,vote,5,8
3,vote,6,5
3,vote,7,5
3,vote,8,5
3,vote,10,5
3,vote,11,5
3,vote,12,5
3,vote,13,5
3,vote,14,5
3,vote,15,5
3,execute,5,WEREWOLF
3,divine,10,14,WEREWOLF
3,guard,3,13,POSSESSED
3,attackVote,14,6
3,attack,6,true
4,status,1,WEREWOLF,DEAD,hellowolf
4,status,2,VILLAGER,DEAD,wasabi
4,status,3,BODYGUARD,ALIVE,hellowolf 2
4,status,4,VILLAGER,DEAD,fanfan 1
4,status,5,WEREWOLF,DEAD,hellowolf 1
4,status,6,VILLAGER,DEAD,fanfan 2
4,status,7,MEDIUM,ALIVE,tomato
4,status,8,VILLAGER,ALIVE,takeda 1
4,status,9,VILLAGER,DEAD,takeda 3
4,status,10,SEER,ALIVE,takeda 2
4,status,11,VILLAGER,ALIVE,tomato 1
4,status,12,VILLAGER,ALIVE,fanfan
4,status,13,POSSESSED,ALIVE,wasabi 1
4,status,14,WEREWOLF,ALIVE,takeda
4,status,15,VILLAGER,ALIVE,HALUemon
4,talk,0,0,11,VOTE Agent[12]
4,talk,1,0,12,VOTE Agent[08]
4,talk,2,0,8,VOTE Agent[14]
4,talk,3,0,13,DIVINED Agent[15] HUMAN
4,talk,4,0,3,VOTE Agent[11]
4,talk,5,0,7,IDENTIFIED Agent[05] WEREWOLF
4,talk,6,0,15,VOTE Agent[03]
4,talk,7,0,14,VOTE Agent[15]
4,talk,8,0,10,DIVINED Agent[14] WEREWOLF
4,talk,9,1,10,VOTE Agent[14]
4,talk,10,1,7,VOTE Agent[03]
4,talk,11,1,11,VOTE Agent[03]
4,talk,12,1,15,VOTE Agent[14]
4,talk,13,1,14,VOTE Agent[11]
4,talk,14,1,12,VOTE Agent[14]
4,talk,15,1,13,Skip
4,talk,16,1,3,VOTE Agent[14]
4,talk,17,1,8,Skip
4,talk,18,2,14,VOTE Agent[11]
4,talk,19,2,3,Skip
4,talk,20,2,12,Skip
4,talk,21,2,8,Skip
4,talk,22,2,7,VOTE Agent[14]
4,talk,23,2,15,VOTE Agent[14]
4,talk,24,2,10,VOTE Agent[14]
4,talk,25,2,11,VOTE Agent[14]
4,talk,26,2,13,Skip
4,talk,27,3,13,VOTE Agent[08]
4,talk,28,3,12,Skip
4,talk,29,3,8,Over
4,talk,30,3,15,VOTE Agent[14]
4,talk,31,3,14,VOTE Agent[11]
4,talk,32,3,3,Skip
4,talk,33,3,11,Skip
4,talk,34,3,10,VOTE Agent[14]
4,talk,35,3,7,Skip
4,talk,36,4,12,Over
4,talk,37,4,3,Over
4,talk,38,4,7,Skip
4,talk,39,4,11,Skip
4,talk,40,4,13,VOTE Agent[11]
4,talk,41,4,14,VOTE Agent[11]
4,talk,42,4,15,VOTE Agent[14]
4,talk,43,4,10,VOTE Agent[14]
4,talk,44,4,8,Over
4,talk,45,5,3,Over
4,talk,46,5,11,Over
4,talk,47,5,12,Over
4,talk,48,5,8,Over
4,talk,49,5,10,VOTE Agent[14]
4,talk,50,5,7,Over
4,talk,51,5,13,Skip
4,talk,52,5,14,VOTE Agent[11]
4,talk,53,5,15,VOTE Agent[14]
4,talk,54,6,15,VOTE Agent[14]
4,talk,55,6,13,Skip
4,talk,56,6,3,Over
4,talk,57,6,10,VOTE Agent[14]
4,talk,58,6,8,Over
4,talk,59,6,11,Over
4,talk,60,6,12,Over
4,talk,61,6,7,Over
4,talk,62,6,14,VOTE Agent[11]
4,talk,63,7,8,Over
4,talk,64,7,11,Over
4,talk,65,7,7,Over
4,talk,66,7,10,VOTE Agent[14]
4,talk,67,7,15,VOTE Agent[14]
4,talk,68,7,12,Over
4,talk,69,7,13,ESTIMATE Agent[07] MEDIUM
4,talk,70,7,14,VOTE Agent[11]
4,talk,71,7,3,Over
4,talk,72,8,14,VOTE Agent[11]
4,talk,73,8,10,VOTE Agent[14]
4,talk,74,8,13,REQUEST ANY (VOTE Agent[11])
4,talk,75,8,12,Over
4,talk,76,8,3,Over
4,talk,77,8,8,Over
4,talk,78,8,7,Over
4,talk,79,8,15,VOTE Agent[14]
4,talk,80,8,11,Over
4,talk,81,9,10,VOTE Agent[14]
4,talk,82,9,13,Over
4,talk,83,9,8,Over
4,talk,84,9,15,Over
4,talk,85,9,3,Over
4,talk,86,9,12,Over
4,talk,87,9,11,Over
4,talk,88,9,14,VOTE Agent[11]
4,talk,89,9,7,Over
4,talk,90,10,13,Over
4,talk,91,10,7,Over
4,talk,92,10,12,Over
4,talk,93,10,8,Over
4,talk,94,10,11,Over
4,talk,95,10,15,Over
4,talk,96,10,3,Over
4,talk,97,10,10,Over
4,talk,98,10,14,Over
4,vote,3,14
4,vote,7,14
4,vote,8,14
4,vote,10,14
4,vote,11,14
4,vote,12,14
4,vote,13,11
4,vote,14,11
4,vote,15,14
4,execute,14,WEREWOLF
4,divine,10,15,HUMAN
4,guard,3,13,POSSESSED
5,status,1,WEREWOLF,DEAD,hellowolf
5,status,2,VILLAGER,DEAD,wasabi
5,status,3,BODYGUARD,ALIVE,hellowolf 2
5,status,4,VILLAGER,DEAD,fanfan 1
5,status,5,WEREWOLF,DEAD,hellowolf 1
5,status,6,VILLAGER,DEAD,fanfan 2
5,status,7,MEDIUM,ALIVE,tomato
5,status,8,VILLAGER,ALIVE,takeda 1
5,status,9,VILLAGER,DEAD,takeda 3
5,status,10,SEER,ALIVE,takeda 2
5,status,11,VILLAGER,ALIVE,tomato 1
5,status,12,VILLAGER,ALIVE,fanfan
5,status,13,POSSESSED,ALIVE,wasabi 1
5,status,14,WEREWOLF,DEAD,takeda
5,status,15,VILLAGER,ALIVE,HALUemon
5,result,8,0,VILLAGER
