0,status,1,SEER,ALIVE,hellowolf
0,status,2,VILLAGER,ALIVE,wasabi
0,status,3,VILLAGER,ALIVE,hellowolf 2
0,status,4,WEREWOLF,ALIVE,fanfan 1
0,status,5,VILLAGER,ALIVE,hellowolf 1
0,status,6,WEREWOLF,ALIVE,fanfan 2
0,status,7,VILLAGER,ALIVE,tomato
0,status,8,VILLAGER,ALIVE,takeda 1
0,status,9,POSSESSED,ALIVE,takeda 3
0,status,10,WEREWOLF,ALIVE,takeda 2
0,status,11,VILLAGER,ALIVE,tomato 1
0,status,12,MEDIUM,ALIVE,fanfan
0,status,13,VILLAGER,ALIVE,wasabi 1
0,status,14,VILLAGER,ALIVE,takeda
0,status,15,BODYGUARD,ALIVE,HALUemon
0,whisper,0,0,10,Skip
0,whisper,1,0,4,COMINGOUT Agent[04] VILLAGER
0,whisper,2,0,6,COMINGOUT Agent[06] VILLAGER
0,whisper,3,1,10,Skip
0,whisper,4,1,6,Skip
0,whisper,5,1,4,Skip
0,whisper,6,2,10,Over
0,whisper,7,2,6,Skip
0,whisper,8,2,4,Skip
0,whisper,9,3,6,Over
0,whisper,10,3,10,Over
0,whisper,11,3,4,Over
0,divine,1,2,HUMAN
1,status,1,SEER,ALIVE,hellowolf
1,status,2,VILLAGER,ALIVE,wasabi
1,status,3,VILLAGER,ALIVE,hellowolf 2
1,status,4,WEREWOLF,ALIVE,fanfan 1
1,status,5,VILLAGER,ALIVE,hellowolf 1
1,status,6,WEREWOLF,ALIVE,fanfan 2
1,status,7,VILLAGER,ALIVE,tomato
1,status,8,VILLAGER,ALIVE,takeda 1
1,status,9,POSSESSED,ALIVE,takeda 3
1,status,10,WEREWOLF,ALIVE,takeda 2
1,status,11,VILLAGER,ALIVE,tomato 1
1,status,12,MEDIUM,ALIVE,fanfan
1,status,13,VILLAGER,ALIVE,wasabi 1
1,status,14,VILLAGER,ALIVE,takeda
1,status,15,BODYGUARD,ALIVE,HALUemon
1,talk,0,0,9,COMINGOUT Agent[09] SEER
1,talk,1,0,5,VOTE Agent[02]
1,talk,2,0,3,VOTE Agent[06]
1,talk,3,0,12,COMINGOUT Agent[12] MEDIUM
1,talk,4,0,11,VOTE Agent[12]
1,talk,5,0,2,Skip
1,talk,6,0,7,VOTE Agent[01]
1,talk,7,0,4,VOTE Agent[02]
1,talk,8,0,10,VOTE Agent[15]
1,talk,9,0,8,VOTE Agent[09]
1,talk,10,0,1,VOTE Agent[03]
1,talk,11,0,15,VOTE Agent[12]
1,talk,12,0,6,VOTE Agent[02]
1,talk,13,0,14,VOTE Agent[15]
1,talk,14,0,13,Skip
1,talk,15,1,12,VOTE Agent[10]
1,talk,16,1,3,VOTE Agent[13]
1,talk,17,1,14,VOTE Agent[01]
1,talk,18,1,13,Skip
1,talk,19,1,5,VOTE Agent[01]
1,talk,20,1,15,VOTE Agent[12]
1,talk,21,1,2,ESTIMATE Agent[03] WEREWOLF
1,talk,22,1,11,VOTE Agent[02]
1,talk,23,1,10,VOTE Agent[13]
1,talk,24,1,6,Skip
1,talk,25,1,7,VOTE Agent[02]
1,talk,26,1,1,VOTE Agent[13]
1,talk,27,1,4,Skip
1,talk,28,1,9,DIVINED Agent[07] WEREWOLF
1,talk,29,1,8,VOTE Agent[13]
1,talk,30,2,12,VOTE Agent[07]
1,talk,31,2,8,VOTE Agent[06]
1,talk,32,2,9,VOTE Agent[07]
1,talk,33,2,3,Skip
1,talk,34,2,7,Skip
1,talk,35,2,4,Skip
1,talk,36,2,13,Over
1,talk,37,2,5,VOTE Agent[13]
1,talk,38,2,10,Skip
1,talk,39,2,2,Skip
1,talk,40,2,11,Skip
1,talk,41,2,15,VOTE Agent[07]
1,talk,42,2,6,Skip
1,talk,43,2,14,VOTE Agent[06]
1,talk,44,2,1,Skip
1,talk,45,3,4,Over
1,talk,46,3,6,Over
1,talk,47,3,2,VOTE Agent[07]
1,talk,48,3,12,Skip
1,talk,49,3,11,VOTE Agent[13]
1,talk,50,3,1,Skip
1,talk,51,3,8,Skip
1,talk,52,3,9,Skip
1,talk,53,3,15,VOTE Agent[07]
1,talk,54,3,13,VOTE Agent[07]
1,talk,55,3,3,VOTE Agent[07]
1,talk,56,3,5,VOTE Agent[07]
1,talk,57,3,10,VOTE Agent[06]
1,talk,58,3,7,VOTE Agent[13]
1,talk,59,3,14,Skip
1,talk,60,4,14,Skip
1,talk,61,4,7,VOTE Agent[07]
1,talk,62,4,4,VOTE Agent[07]
1,talk,63,4,10,Skip
1,talk,64,4,15,VOTE Agent[07]
1,talk,65,4,3,Skip
1,talk,66,4,1,VOTE Agent[10]
1,talk,67,4,9,Skip
1,talk,68,4,2,Skip
1,talk,69,4,12,Skip
1,talk,70,4,11,VOTE Agent[07]
1,talk,71,4,6,VOTE Agent[07]
1,talk,72,4,5,Skip
1,talk,73,4,8,Skip
1,talk,74,4,13,ESTIMATE Agent[09] SEER
1,talk,75,5,6,Skip
1,talk,76,5,9,Over
1,talk,77,5,2,Skip
1,talk,78,5,12,Over
1,talk,79,5,11,Skip
1,talk,80,5,5,Skip
1,talk,81,5,1,Skip
1,talk,82,5,15,VOTE Agent[07]
1,talk,83,5,14,VOTE Agent[07]
1,talk,84,5,7,Skip
1,talk,85,5,3,Skip
1,talk,86,5,10,VOTE Agent[07]
1,talk,87,5,4,Skip
1,talk,88,5,8,VOTE Agent[07]
1,talk,89,5,13,Skip
1,talk,90,6,2,REQUEST ANY (VOTE Agent[07])
1,talk,91,6,15,VOTE Agent[07]
1,talk,92,6,6,Skip
1,talk,93,6,4,Skip
1,talk,94,6,11,Skip
1,talk,95,6,8,Skip
1,talk,96,6,3,Over
1,talk,97,6,7,Skip
1,talk,98,6,9,Over
1,talk,99,6,5,Over
1,talk,100,6,10,Skip
1,talk,101,6,12,Over
1,talk,102,6,14,Skip
1,talk,103,6,13,ESTIMATE Agent[12] MEDIUM
1,talk,104,6,1,Skip
1,talk,105,7,11,Over
1,talk,106,7,14,Skip
1,talk,107,7,12,Over
1,talk,108,7,4,Over
1,talk,109,7,5,Over
1,talk,110,7,10,Skip
1,talk,111,7,8,Skip
1,talk,112,7,13,Skip
1,talk,113,7,3,Over
1,talk,114,7,6,Over
1,talk,115,7,1,Over
1,talk,116,7,2,ESTIMATE Agent[07] WEREWOLF
1,talk,117,7,9,Over
1,talk,118,7,15,VOTE Agent[07]
1,talk,119,7,7,Over
1,talk,120,8,11,Over
1,talk,121,8,14,Over
1,talk,122,8,10,Over
1,talk,123,8,13,REQUEST ANY (VOTE Agent[07])
1,talk,124,8,6,Over
1,talk,125,8,8,Over
1,talk,126,8,15,VOTE Agent[07]
1,talk,127,8,12,Over
1,talk,128,8,4,Over
1,talk,129,8,7,Over
1,talk,130,8,3,Over
1,talk,131,8,2,ESTIMATE Agent[07] WEREWOLF
1,talk,132,8,1,Over
1,talk,133,8,5,Over
1,talk,134,8,9,Over
1,talk,135,9,1,Over
1,talk,136,9,9,Over
1,talk,137,9,13,Over
1,talk,138,9,11,Over
1,talk,139,9,14,Over
1,talk,140,9,4,Over
1,talk,141,9,6,Over
1,talk,142,9,5,Over
1,talk,143,9,8,Over
1,talk,144,9,15,Over
1,talk,145,9,7,Over
1,talk,146,9,10,Over
1,talk,147,9,2,Over
1,talk,148,9,3,Over
1,talk,149,9,12,Over
1,vote,1,10
1,vote,2,7
1,vote,3,7
1,vote,4,7
1,vote,5,7
1,vote,6,7
1,vote,7,4
1,vote,8,7
1,vote,9,7
1,vote,10,7
1,vote,11,7
1,vote,12,7
1,vote,13,7
1,vote,14,7
1,vote,15,7
1,execute,7,VILLAGER
1,divine,1,10,WEREWOLF
1,whisper,0,0,6,ESTIMATE Agent[09] POSSESSED
1,whisper,1,0,10,Skip
1,whisper,2,0,4,ESTIMATE Agent[09] POSSESSED
1,whisper,3,1,10,Skip
1,whisper,4,1,6,ATTACK Agent[14]
1,whisper,5,1,4,ATTACK Agent[15]
1,whisper,6,2,10,Over
1,whisper,7,2,4,Skip
1,whisper,8,2,6,Skip
1,whisper,9,3,4,Skip
1,whisper,10,3,6,Skip
1,whisper,11,3,10,Over
1,whisper,12,4,6,Over
1,whisper,13,4,10,Over
1,whisper,14,4,4,Over
1,guard,15,12,MEDIUM
1,attackVote,4,15
1,attackVote,6,14
1,attackVote,10,9
1,attackVote,4,15
1,attackVote,6,14
1,attackVote,10,9
1,attack,9,true
2,status,1,SEER,ALIVE,hellowolf
2,status,2,VILLAGER,ALIVE,wasabi
2,status,3,VILLAGER,ALIVE,hellowolf 2
2,status,4,WEREWOLF,ALIVE,fanfan 1
2,status,5,VILLAGER,ALIVE,hellowolf 1
2,status,6,WEREWOLF,ALIVE,fanfan 2
2,status,7,VILLAGER,DEAD,tomato
2,status,8,VILLAGER,ALIVE,takeda 1
2,status,9,POSSESSED,DEAD,takeda 3
2,status,10,WEREWOLF,ALIVE,takeda 2
2,status,11,VILLAGER,ALIVE,tomato 1
2,status,12,MEDIUM,ALIVE,fanfan
2,status,13,VILLAGER,ALIVE,wasabi 1
2,status,14,VILLAGER,ALIVE,takeda
2,status,15,BODYGUARD,ALIVE,HALUemon
2,talk,0,0,1,COMINGOUT Agent[01] SEER
2,talk,1,0,6,VOTE Agent[04]
2,talk,2,0,15,VOTE Agent[11]
2,talk,3,0,2,ESTIMATE Agent[08] VILLAGER
2,talk,4,0,4,VOTE Agent[10]
2,talk,5,0,10,VOTE Agent[06]
2,talk,6,0,12,IDENTIFIED Agent[07] HUMAN
2,talk,7,0,8,VOTE Agent[06]
2,talk,8,0,13,ESTIMATE Agent[03] VILLAGER
2,talk,9,0,14,VOTE Agent[06]
2,talk,10,0,11,VOTE Agent[12]
2,talk,11,0,3,VOTE Agent[06]
2,talk,12,0,5,VOTE Agent[06]
2,talk,13,1,13,ESTIMATE Agent[10] VILLAGER
2,talk,14,1,11,VOTE Agent[06]
2,talk,15,1,8,Skip
2,talk,16,1,14,Skip
2,talk,17,1,1,DIVINED Agent[02] HUMAN
2,talk,18,1,3,Skip
2,talk,19,1,15,VOTE Agent[04]
2,talk,20,1,2,Skip
2,talk,21,1,6,VOTE Agent[11]
2,talk,22,1,5,Skip
2,talk,23,1,4,VOTE Agent[06]
2,talk,24,1,10,Skip
2,talk,25,1,12,VOTE Agent[06]
2,talk,26,2,13,ESTIMATE Agent[06] VILLAGER
2,talk,27,2,5,Skip
2,talk,28,2,10,Skip
2,talk,29,2,1,DIVINED Agent[10] WEREWOLF
2,talk,30,2,15,VOTE Agent[11]
2,talk,31,2,8,Skip
2,talk,32,2,3,Skip
2,talk,33,2,2,Skip
2,talk,34,2,6,Skip
2,talk,35,2,12,Skip
2,talk,36,2,4,VOTE Agent[11]
2,talk,37,2,11,Skip
2,talk,38,2,14,Skip
2,talk,39,3,6,Skip
2,talk,40,3,10,Over
2,talk,41,3,8,Over
2,talk,42,3,11,Skip
2,talk,43,3,1,VOTE Agent[10]
2,talk,44,3,12,Skip
2,talk,45,3,14,Over
2,talk,46,3,5,Over
2,talk,47,3,2,VOTE Agent[10]
2,talk,48,3,3,Over
2,talk,49,3,13,VOTE Agent[10]
2,talk,50,3,4,VOTE Agent[06]
2,talk,51,3,15,VOTE Agent[11]
2,talk,52,4,15,VOTE Agent[10]
2,talk,53,4,12,Over
2,talk,54,4,11,Over
2,talk,55,4,3,Over
2,talk,56,4,2,Skip
2,talk,57,4,5,Over
2,talk,58,4,8,Over
2,talk,59,4,1,VOTE Agent[06]
2,talk,60,4,14,Over
2,talk,61,4,4,Skip
2,talk,62,4,13,ESTIMATE Agent[12] WEREWOLF
2,talk,63,4,10,Over
2,talk,64,4,6,Over
2,talk,65,5,1,Skip
2,talk,66,5,3,Over
2,talk,67,5,6,VOTE Agent[10]
2,talk,68,5,8,Over
2,talk,69,5,4,Skip
2,talk,70,5,10,Over
2,talk,71,5,2,ESTIMATE Agent[11] VILLAGER
2,talk,72,5,5,Over
2,talk,73,5,11,Over
2,talk,74,5,14,Over
2,talk,75,5,15,VOTE Agent[10]
2,talk,76,5,13,ESTIMATE Agent[10] WEREWOLF
2,talk,77,5,12,Over
2,talk,78,6,8,Over
2,talk,79,6,15,VOTE Agent[10]
2,talk,80,6,14,Over
2,talk,81,6,5,Over
2,talk,82,6,10,Over
2,talk,83,6,3,Over
2,talk,84,6,6,Skip
2,talk,85,6,13,ESTIMATE Agent[02] VILLAGER
2,talk,86,6,1,Skip
2,talk,87,6,4,Over
2,talk,88,6,2,ESTIMATE Agent[10] WEREWOLF
2,talk,89,6,11,Over
2,talk,90,6,12,Over
2,talk,91,7,3,Over
2,talk,92,7,13,ESTIMATE Agent[10] WEREWOLF
2,talk,93,7,5,Over
2,talk,94,7,2,ESTIMATE Agent[10] WEREWOLF
2,talk,95,7,15,VOTE Agent[10]
2,talk,96,7,14,Over
2,talk,97,7,4,Over
2,talk,98,7,10,Over
2,talk,99,7,11,Over
2,talk,100,7,1,Over
2,talk,101,7,12,Over
2,talk,102,7,8,Over
2,talk,103,7,6,Skip
2,talk,104,8,8,Over
2,talk,105,8,14,Over
2,talk,106,8,4,Over
2,talk,107,8,13,Skip
2,talk,108,8,11,Over
2,talk,109,8,6,Over
2,talk,110,8,15,VOTE Agent[10]
2,talk,111,8,3,Over
2,talk,112,8,2,Skip
2,talk,113,8,10,Over
2,talk,114,8,5,Over
2,talk,115,8,12,Over
2,talk,116,8,1,Over
2,talk,117,9,13,Over
2,talk,118,9,4,Over
2,talk,119,9,14,Over
2,talk,120,9,12,Over
2,talk,121,9,5,Over
2,talk,122,9,2,Over
2,talk,123,9,8,Over
2,talk,124,9,3,Over
2,talk,125,9,11,VOTE Agent[10]
2,talk,126,9,1,Over
2,talk,127,9,6,Over
2,talk,128,9,10,Over
2,talk,129,9,15,Over
2,talk,130,10,15,Over
2,talk,131,10,11,Skip
2,talk,132,10,1,Over
2,talk,133,10,12,Over
2,talk,134,10,13,Over
2,talk,135,10,4,Over
2,talk,136,10,5,Over
2,talk,137,10,2,Over
2,talk,138,10,3,Over
2,talk,139,10,8,Over
2,talk,140,10,10,Over
2,talk,141,10,6,Over
2,talk,142,10,14,Over
2,talk,143,11,6,Over
2,talk,144,11,13,Over
2,talk,145,11,14,Over
2,talk,146,11,12,Over
2,talk,147,11,15,Over
2,talk,148,11,8,Over
2,talk,149,11,5,Over
2,talk,150,11,4,Over
2,talk,151,11,2,Over
2,talk,152,11,10,Over
2,talk,153,11,3,Over
2,talk,154,11,11,Skip
2,talk,155,11,1,Over
2,talk,156,12,14,Over
2,talk,157,12,1,Over
2,talk,158,12,6,Over
2,talk,159,12,15,Over
2,talk,160,12,11,Over
2,talk,161,12,13,Over
2,talk,162,12,4,Over
2,talk,163,12,3,Over
2,talk,164,12,12,Over
2,talk,165,12,2,Over
2,talk,166,12,5,Over
2,talk,167,12,8,Over
2,talk,168,12,10,Over
2,vote,1,6
2,vote,2,10
2,vote,3,6
2,vote,4,6
2,vote,5,6
2,vote,6,10
2,vote,8,6
2,vote,10,6
2,vote,11,10
2,vote,12,6
2,vote,13,10
2,vote,14,6
2,vote,15,10
2,execute,6,WEREWOLF
2,divine,1,4,WEREWOLF
2,whisper,0,0,4,ATTACK Agent[02]
2,whisper,1,0,10,Skip
2,whisper,2,1,4,Skip
2,whisper,3,1,10,Skip
2,whisper,4,2,4,Skip
2,whisper,5,2,10,Over
2,whisper,6,3,10,Over
2,whisper,7,3,4,Over
2,guard,15,1,SEER
2,attackVote,4,2
2,attackVote,10,2
2,attack,2,true
3,status,1,SEER,ALIVE,hellowolf
3,status,2,VILLAGER,DEAD,wasabi
3,status,3,VILLAGER,ALIVE,hellowolf 2
3,status,4,WEREWOLF,ALIVE,fanfan 1
3,status,5,VILLAGER,ALIVE,hellowolf 1
3,status,6,WEREWOLF,DEAD,fanfan 2
3,status,7,VILLAGER,DEAD,tomato
3,status,8,VILLAGER,ALIVE,takeda 1
3,status,9,POSSESSED,DEAD,takeda 3
3,status,10,WEREWOLF,ALIVE,takeda 2
3,status,11,VILLAGER,ALIVE,tomato 1
3,status,12,MEDIUM,ALIVE,fanfan
3,status,13,VILLAGER,ALIVE,wasabi 1
3,status,14,VILLAGER,ALIVE,takeda
3,status,15,BODYGUARD,ALIVE,HALUemon
3,talk,0,0,5,VOTE Agent[10]
3,talk,1,0,11,VOTE Agent[05]
3,talk,2,0,13,Skip
3,talk,3,0,4,VOTE Agent[12]
3,talk,4,0,10,VOTE Agent[04]
3,talk,5,0,14,VOTE Agent[04]
3,talk,6,0,15,VOTE Agent[08]
3,talk,7,0,1,DIVINED Agent[04] WEREWOLF
3,talk,8,0,8,VOTE Agent[04]
3,talk,9,0,12,IDENTIFIED Agent[06] WEREWOLF
3,talk,10,0,3,VOTE Agent[10]
3,talk,11,1,10,Skip
3,talk,12,1,3,VOTE Agent[04]
3,talk,13,1,5,VOTE Agent[04]
3,talk,14,1,15,VOTE Agent[04]
3,talk,15,1,4,Skip
3,talk,16,1,11,VOTE Agent[04]
3,talk,17,1,13,Skip
3,talk,18,1,8,Skip
3,talk,19,1,14,Skip
3,talk,20,1,12,VOTE Agent[14]
3,talk,21,1,1,VOTE Agent[04]
3,talk,22,2,10,Skip
3,talk,23,2,8,Skip
3,talk,24,2,12,Skip
3,talk,25,2,5,Skip
3,talk,26,2,14,Skip
3,talk,27,2,4,Skip
3,talk,28,2,15,VOTE Agent[04]
3,talk,29,2,1,Skip
3,talk,30,2,3,Skip
3,talk,31,2,11,Skip
3,talk,32,2,13,ESTIMATE Agent[10] WEREWOLF
3,talk,33,3,14,Over
3,talk,34,3,12,Skip
3,talk,35,3,15,VOTE Agent[04]
3,talk,36,3,3,Skip
3,talk,37,3,11,Skip
3,talk,38,3,8,Over
3,talk,39,3,13,VOTE Agent[12]
3,talk,40,3,4,Over
3,talk,41,3,1,Skip
3,talk,42,3,5,Skip
3,talk,43,3,10,Over
3,talk,44,4,10,Over
3,talk,45,4,4,Over
3,talk,46,4,14,Over
3,talk,47,4,1,Over
3,talk,48,4,13,ESTIMATE Agent[08] VILLAGER
3,talk,49,4,8,Over
3,talk,50,4,5,Over
3,talk,51,4,3,Over
3,talk,52,4,11,Over
3,talk,53,4,12,Over
3,talk,54,4,15,VOTE Agent[04]
3,talk,55,5,15,VOTE Agent[04]
3,talk,56,5,4,Over
3,talk,57,5,14,Over
3,talk,58,5,8,Over
3,talk,59,5,10,Over
3,talk,60,5,12,Over
3,talk,61,5,5,Over
3,talk,62,5,13,Skip
3,talk,63,5,1,Over
3,talk,64,5,11,Over
3,talk,65,5,3,Over
3,talk,66,6,8,Over
3,talk,67,6,1,Over
3,talk,68,6,10,Over
3,talk,69,6,4,Over
3,talk,70,6,14,Over
3,talk,71,6,3,Over
3,talk,72,6,12,Over
3,talk,73,6,13,Skip
3,talk,74,6,5,Over
3,talk,75,6,11,Over
3,talk,76,6,15,VOTE Agent[04]
3,talk,77,7,3,Over
3,talk,78,7,1,Over
3,talk,79,7,10,Over
3,talk,80,7,15,VOTE Agent[04]
3,talk,81,7,14,Over
3,talk,82,7,4,Over
3,talk,83,7,8,Over
3,talk,84,7,13,Over
3,talk,85,7,11,Over
3,talk,86,7,12,Over
3,talk,87,7,5,Over
3,talk,88,8,8,Over
3,talk,89,8,13,ESTIMATE Agent[14] VILLAGER
3,talk,90,8,12,Over
3,talk,91,8,5,Over
3,talk,92,8,10,Over
3,talk,93,8,11,Over
3,talk,94,8,1,Over
3,talk,95,8,15,VOTE Agent[04]
3,talk,96,8,14,Over
3,talk,97,8,4,Over
3,talk,98,8,3,Over
3,talk,99,9,1,Over
3,talk,100,9,3,Over
3,talk,101,9,14,Over
3,talk,102,9,8,Over
3,talk,103,9,12,Over
3,talk,104,9,11,Over
3,talk,105,9,15,Over
3,talk,106,9,10,Over
3,talk,107,9,5,Over
3,talk,108,9,13,Over
3,talk,109,9,4,Over
3,vote,1,4
3,vote,3,4
3,vote,4,12
3,vote,5,4
3,vote,8,4
3,vote,10,4
3,vote,11,4
3,vote,12,14
3,vote,13,12
3,vote,14,4
3,vote,15,4
3,execute,4,WEREWOLF
3,divine,1,8,HUMAN
3,guard,15,1,SEER
3,attackVote,10,14
3,attack,14,true
4,status,1,SEER,ALIVE,hellowolf
4,status,2,VILLAGER,DEAD,wasabi
4,status,3,VILLAGER,ALIVE,hellowolf 2
4,status,4,WEREWOLF,DEAD,fanfan 1
4,status,5,VILLAGER,ALIVE,hellowolf 1
4,status,6,WEREWOLF,DEAD,fanfan 2
4,status,7,VILLAGER,DEAD,tomato
4,status,8,VILLAGER,ALIVE,takeda 1
4,status,9,POSSESSED,DEAD,takeda 3
4,status,10,WEREWOLF,ALIVE,takeda 2
4,status,11,VILLAGER,ALIVE,tomato 1
4,status,12,MEDIUM,ALIVE,fanfan
4,status,13,VILLAGER,ALIVE,wasabi 1
4,status,14,VILLAGER,DEAD,takeda
4,status,15,BODYGUARD,ALIVE,HALUemon
4,talk,0,0,15,VOTE Agent[10]
4,talk,1,0,3,VOTE Agent[10]
4,talk,2,0,1,DIVINED Agent[08] HUMAN
4,talk,3,0,12,IDENTIFIED Agent[04] WEREWOLF
4,talk,4,0,11,VOTE Agent[10]
4,talk,5,0,8,VOTE Agent[13]
4,talk,6,0,10,VOTE Agent[13]
4,talk,7,0,13,ESTIMATE Agent[15] VILLAGER
4,talk,8,0,5,VOTE Agent[10]
4,talk,9,1,15,VOTE Agent[13]
4,talk,10,1,11,Skip
4,talk,11,1,12,VOTE Agent[10]
4,talk,12,1,10,Skip
4,talk,13,1,3,Skip
4,talk,14,1,1,VOTE Agent[10]
4,talk,15,1,5,Skip
4,talk,16,1,8,Skip
4,talk,17,1,13,Skip
4,talk,18,2,13,Skip
4,talk,19,2,15,VOTE Agent[13]
4,talk,20,2,8,VOTE Agent[10]
4,talk,21,2,3,Skip
4,talk,22,2,5,Skip
4,talk,23,2,10,VOTE Agent[13]
4,talk,24,2,11,Skip
4,talk,25,2,1,Skip
4,talk,26,2,12,Skip
4,talk,27,3,11,Over
4,talk,28,3,1,Skip
4,talk,29,3,10,VOTE Agent[13]
4,talk,30,3,3,Over
4,talk,31,3,12,Skip
4,talk,32,3,8,Skip
4,talk,33,3,15,VOTE Agent[13]
4,talk,34,3,5,Over
4,talk,35,3,13,VOTE Agent[12]
4,talk,36,4,12,Over
4,talk,37,4,11,VOTE Agent[13]
4,talk,38,4,5,Over
4,talk,39,4,8,Skip
4,talk,40,4,10,VOTE Agent[13]
4,talk,41,4,1,Over
4,talk,42,4,15,VOTE Agent[13]
4,talk,43,4,3,Over
4,talk,44,4,13,ESTIMATE Agent[05] VILLAGER
4,talk,45,5,12,Over
4,talk,46,5,13,ESTIMATE Agent[12] WEREWOLF
4,talk,47,5,11,Skip
4,talk,48,5,15,VOTE Agent[13]
4,talk,49,5,3,Over
4,talk,50,5,8,Over
4,talk,51,5,1,Over
4,talk,52,5,10,VOTE Agent[13]
4,talk,53,5,5,Over
4,talk,54,6,10,VOTE Agent[13]
4,talk,55,6,15,VOTE Agent[13]
4,talk,56,6,13,Skip
4,talk,57,6,8,Over
4,talk,58,6,12,Over
4,talk,59,6,5,Over
4,talk,60,6,3,Over
4,talk,61,6,11,Skip
4,talk,62,6,1,Over
4,talk,63,7,11,Over
4,talk,64,7,8,Over
4,talk,65,7,13,ESTIMATE Agent[11] VILLAGER
4,talk,66,7,12,Over
4,talk,67,7,15,VOTE Agent[13]
4,talk,68,7,1,Over
4,talk,69,7,10,VOTE Agent[13]
4,talk,70,7,5,Over
4,talk,71,7,3,Over
4,talk,72,8,5,Over
4,talk,73,8,11,Over
4,talk,74,8,3,Over
4,talk,75,8,1,Over
4,talk,76,8,12,Over
4,talk,77,8,15,VOTE Agent[13]
4,talk,78,8,10,VOTE Agent[13]
4,talk,79,8,13,Skip
4,talk,80,8,8,Over
4,talk,81,9,3,Over
4,talk,82,9,10,VOTE Agent[13]
4,talk,83,9,1,Over
4,talk,84,9,11,Over
4,talk,85,9,12,Over
4,talk,86,9,8,Over
4,talk,87,9,15,Over
4,talk,88,9,5,Over
4,talk,89,9,13,Over
4,talk,90,10,5,Over
4,talk,91,10,1,Over
4,talk,92,10,11,Over
4,talk,93,10,10,VOTE Agent[13]
4,talk,94,10,13,Over
4,talk,95,10,12,Over
4,talk,96,10,15,Over
4,talk,97,10,8,Over
4,talk,98,10,3,Over
4,talk,99,11,11,Over
4,talk,100,11,8,Over
4,talk,101,11,5,Over
4,talk,102,11,1,Over
4,talk,103,11,12,Over
4,talk,104,11,10,Over
4,talk,105,11,13,Over
4,talk,106,11,15,Over
4,talk,107,11,3,Over
4,vote,1,10
4,vote,3,10
4,vote,5,10
4,vote,8,10
4,vote,10,13
4,vote,11,13
4,vote,12,10
4,vote,13,12
4,vote,15,13
4,execute,10,WEREWOLF
4,divine,1,3,HUMAN
4,guard,15,1,SEER
5,status,1,SEER,ALIVE,hellowolf
5,status,2,VILLAGER,DEAD,wasabi
5,status,3,VILLAGER,ALIVE,hellowolf 2
5,status,4,WEREWOLF,DEAD,fanfan 1
5,status,5,VILLAGER,ALIVE,hellowolf 1
5,status,6,WEREWOLF,DEAD,fanfan 2
5,status,7,VILLAGER,DEAD,tomato
5,status,8,VILLAGER,ALIVE,takeda 1
5,status,9,POSSESSED,DEAD,takeda 3
5,status,10,WEREWOLF,DEAD,takeda 2
5,status,11,VILLAGER,ALIVE,tomato 1
5,status,12,MEDIUM,ALIVE,fanfan
5,status,13,VILLAGER,ALIVE,wasabi 1
5,status,14,VILLAGER,DEAD,takeda
5,status,15,BODYGUARD,ALIVE,HALUemon
5,result,8,0,VILLAGER
