0,status,1,VILLAGER,ALIVE,hellowolf
0,status,2,VILLAGER,ALIVE,wasabi
0,status,3,VILLAGER,ALIVE,hellowolf 2
0,status,4,VILLAGER,ALIVE,fanfan 1
0,status,5,MEDIUM,ALIVE,hellowolf 1
0,status,6,WEREWOLF,ALIVE,fanfan 2
0,status,7,VILLAGER,ALIVE,tomato
0,status,8,BODYGUARD,ALIVE,takeda 1
0,status,9,WEREWOLF,ALIVE,takeda 3
0,status,10,VILLAGER,ALIVE,takeda 2
0,status,11,SEER,ALIVE,tomato 1
0,status,12,WEREWOLF,ALIVE,fanfan
0,status,13,VILLAGER,ALIVE,wasabi 1
0,status,14,VILLAGER,ALIVE,takeda
0,status,15,POSSESSED,ALIVE,HALUemon
0,whisper,0,0,6,COMINGOUT Agent[06] VILLAGER
0,whisper,1,0,9,Skip
0,whisper,2,0,12,COMINGOUT Agent[12] VILLAGER
0,whisper,3,1,12,Skip
0,whisper,4,1,9,Skip
0,whisper,5,1,6,Skip
0,whisper,6,2,6,Skip
0,whisper,7,2,9,Over
0,whisper,8,2,12,Skip
0,whisper,9,3,6,Over
0,whisper,10,3,12,Over
0,whisper,11,3,9,Over
0,divine,11,6,WEREWOLF
1,status,1,VILLAGER,ALIVE,hellowolf
1,status,2,VILLAGER,ALIVE,wasabi
1,status,3,VILLAGER,ALIVE,hellowolf 2
1,status,4,VILLAGER,ALIVE,fanfan 1
1,status,5,MEDIUM,ALIVE,hellowolf 1
1,status,6,WEREWOLF,ALIVE,fanfan 2
1,status,7,VILLAGER,ALIVE,tomato
1,status,8,BODYGUARD,ALIVE,takeda 1
1,status,9,WEREWOLF,ALIVE,takeda 3
1,status,10,VILLAGER,ALIVE,takeda 2
1,status,11,SEER,ALIVE,tomato 1
1,status,12,WEREWOLF,ALIVE,fanfan
1,status,13,VILLAGER,ALIVE,wasabi 1
1,status,14,VILLAGER,ALIVE,takeda
1,status,15,POSSESSED,ALIVE,HALUemon
1,talk,0,0,12,VOTE Agent[14]
1,talk,1,0,11,COMINGOUT Agent[11] SEER
1,talk,2,0,8,VOTE Agent[12]
1,talk,3,0,14,VOTE Agent[12]
1,talk,4,0,1,VOTE Agent[06]
1,talk,5,0,9,VOTE Agent[07]
1,talk,6,0,2,ESTIMATE Agent[15] VILLAGER
1,talk,7,0,3,VOTE Agent[06]
1,talk,8,0,7,VOTE Agent[04]
1,talk,9,0,13,ESTIMATE Agent[09] WEREWOLF
1,talk,10,0,10,VOTE Agent[09]
1,talk,11,0,6,VOTE Agent[14]
1,talk,12,0,5,VOTE Agent[01]
1,talk,13,0,15,COMINGOUT Agent[15] SEER
1,talk,14,0,4,VOTE Agent[06]
1,talk,15,1,2,ESTIMATE Agent[11] WEREWOLF
1,talk,16,1,1,VOTE Agent[04]
1,talk,17,1,7,VOTE Agent[06]
1,talk,18,1,13,Skip
1,talk,19,1,10,VOTE Agent[12]
1,talk,20,1,8,VOTE Agent[02]
1,talk,21,1,4,VOTE Agent[01]
1,talk,22,1,12,Skip
1,talk,23,1,15,DIVINED Agent[13] WEREWOLF
1,talk,24,1,9,VOTE Agent[14]
1,talk,25,1,14,VOTE Agent[09]
1,talk,26,1,11,DIVINED Agent[06] WEREWOLF
1,talk,27,1,6,Skip
1,talk,28,1,3,VOTE Agent[01]
1,talk,29,1,5,VOTE Agent[02]
1,talk,30,2,11,VOTE Agent[06]
1,talk,31,2,12,Skip
1,talk,32,2,2,ESTIMATE Agent[10] VILLAGER
1,talk,33,2,8,VOTE Agent[06]
1,talk,34,2,5,VOTE Agent[06]
1,talk,35,2,4,VOTE Agent[06]
1,talk,36,2,13,ESTIMATE Agent[02] VILLAGER
1,talk,37,2,10,VOTE Agent[06]
1,talk,38,2,1,VOTE Agent[06]
1,talk,39,2,7,VOTE Agent[01]
1,talk,40,2,15,VOTE Agent[13]
1,talk,41,2,9,VOTE Agent[06]
1,talk,42,2,6,Skip
1,talk,43,2,3,VOTE Agent[02]
1,talk,44,2,14,VOTE Agent[06]
1,talk,45,3,5,Skip
1,talk,46,3,3,VOTE Agent[06]
1,talk,47,3,12,VOTE Agent[06]
1,talk,48,3,9,Skip
1,talk,49,3,7,VOTE Agent[06]
1,talk,50,3,14,Skip
1,talk,51,3,2,VOTE Agent[13]
1,talk,52,3,6,Over
1,talk,53,3,13,VOTE Agent[06]
1,talk,54,3,4,Skip
1,talk,55,3,8,Skip
1,talk,56,3,11,Skip
1,talk,57,3,15,VOTE Agent[13]
1,talk,58,3,10,Skip
1,talk,59,3,1,Skip
1,talk,60,4,11,Skip
1,talk,61,4,8,Skip
1,talk,62,4,10,Skip
1,talk,63,4,6,VOTE Agent[13]
1,talk,64,4,5,Skip
1,talk,65,4,12,Skip
1,talk,66,4,15,VOTE Agent[13]
1,talk,67,4,3,Skip
1,talk,68,4,2,VOTE Agent[06]
1,talk,69,4,9,Skip
1,talk,70,4,4,Skip
1,talk,71,4,7,Skip
1,talk,72,4,13,ESTIMATE Agent[05] VILLAGER
1,talk,73,4,14,Skip
1,talk,74,4,1,Skip
1,talk,75,5,3,Skip
1,talk,76,5,11,Over
1,talk,77,5,1,Over
1,talk,78,5,9,Over
1,talk,79,5,4,Over
1,talk,80,5,12,Skip
1,talk,81,5,14,Over
1,talk,82,5,10,Over
1,talk,83,5,6,Skip
1,talk,84,5,8,Over
1,talk,85,5,15,VOTE Agent[13]
1,talk,86,5,2,ESTIMATE Agent[09] VILLAGER
1,talk,87,5,5,Over
1,talk,88,5,13,Skip
1,talk,89,5,7,Skip
1,talk,90,6,3,Over
1,talk,91,6,6,Skip
1,talk,92,6,5,Over
1,talk,93,6,12,Over
1,talk,94,6,14,Over
1,talk,95,6,9,Over
1,talk,96,6,7,Over
1,talk,97,6,13,ESTIMATE Agent[15] WEREWOLF
1,talk,98,6,2,ESTIMATE Agent[15] WEREWOLF
1,talk,99,6,15,VOTE Agent[13]
1,talk,100,6,11,Over
1,talk,101,6,8,Over
1,talk,102,6,10,Over
1,talk,103,6,1,Over
1,talk,104,6,4,Over
1,talk,105,7,9,Over
1,talk,106,7,1,Over
1,talk,107,7,6,Over
1,talk,108,7,15,VOTE Agent[13]
1,talk,109,7,7,Over
1,talk,110,7,11,Over
1,talk,111,7,4,Over
1,talk,112,7,13,Skip
1,talk,113,7,14,Over
1,talk,114,7,12,Over
1,talk,115,7,3,Over
1,talk,116,7,10,Over
1,talk,117,7,2,REQUEST ANY (VOTE Agent[06])
1,talk,118,7,5,Over
1,talk,119,7,8,Over
1,talk,120,8,14,Over
1,talk,121,8,10,Over
1,talk,122,8,8,Over
1,talk,123,8,4,Over
1,talk,124,8,13,ESTIMATE Agent[14] VILLAGER
1,talk,125,8,7,Over
1,talk,126,8,12,Over
1,talk,127,8,3,Over
1,talk,128,8,5,Over
1,talk,129,8,6,Over
1,talk,130,8,1,Over
1,talk,131,8,9,Over
1,talk,132,8,15,VOTE Agent[13]
1,talk,133,8,11,Over
1,talk,134,8,2,Skip
1,talk,135,9,3,Over
1,talk,136,9,13,Over
1,talk,137,9,6,Over
1,talk,138,9,10,Over
1,talk,139,9,15,Over
1,talk,140,9,1,Over
1,talk,141,9,14,Over
1,talk,142,9,12,Over
1,talk,143,9,11,Over
1,talk,144,9,7,Over
1,talk,145,9,4,Over
1,talk,146,9,2,Over
1,talk,147,9,9,Over
1,talk,148,9,5,Over
1,talk,149,9,8,Over
1,vote,1,6
1,vote,2,6
1,vote,3,6
1,vote,4,6
1,vote,5,6
1,vote,6,13
1,vote,7,6
1,vote,8,6
1,vote,9,6
1,vote,10,6
1,vote,11,6
1,vote,12,6
1,vote,13,6
1,vote,14,6
1,vote,15,13
1,execute,6,WEREWOLF
1,divine,11,15,HUMAN
1,whisper,0,0,12,ESTIMATE Agent[15] POSSESSED
1,whisper,1,0,9,Skip
1,whisper,2,1,9,Skip
1,whisper,3,1,12,ATTACK Agent[01]
1,whisper,4,2,9,Over
1,whisper,5,2,12,Skip
1,whisper,6,3,12,Skip
1,whisper,7,3,9,Over
1,whisper,8,4,9,Over
1,whisper,9,4,12,Over
1,guard,8,3,VILLAGER
1,attackVote,9,14
1,attackVote,12,1
1,attackVote,9,14
1,attackVote,12,1
1,attack,1,true
2,status,1,VILLAGER,DEAD,hellowolf
2,status,2,VILLAGER,ALIVE,wasabi
2,status,3,VILLAGER,ALIVE,hellowolf 2
2,status,4,VILLAGER,ALIVE,fanfan 1
2,status,5,MEDIUM,ALIVE,hellowolf 1
2,status,6,WEREWOLF,DEAD,fanfan 2
2,status,7,VILLAGER,ALIVE,tomato
2,status,8,BODYGUARD,ALIVE,takeda 1
2,status,9,WEREWOLF,ALIVE,takeda 3
2,status,10,VILLAGER,ALIVE,takeda 2
2,status,11,SEER,ALIVE,tomato 1
2,status,12,WEREWOLF,ALIVE,fanfan
2,status,13,VILLAGER,ALIVE,wasabi 1
2,status,14,VILLAGER,ALIVE,takeda
2,status,15,POSSESSED,ALIVE,HALUemon
2,talk,0,0,2,Skip
2,talk,1,0,4,VOTE Agent[13]
2,talk,2,0,15,DIVINED Agent[10] HUMAN
2,talk,3,0,12,VOTE Agent[13]
2,talk,4,0,11,VOTE Agent[08]
2,talk,5,0,5,COMINGOUT Agent[05] MEDIUM
2,talk,6,0,8,VOTE Agent[12]
2,talk,7,0,13,ESTIMATE Agent[09] WEREWOLF
2,talk,8,0,14,VOTE Agent[12]
2,talk,9,0,3,VOTE Agent[13]
2,talk,10,0,9,VOTE Agent[12]
2,talk,11,0,10,VOTE Agent[12]
2,talk,12,0,7,VOTE Agent[12]
2,talk,13,1,12,Skip
2,talk,14,1,3,VOTE Agent[12]
2,talk,15,1,9,VOTE Agent[02]
2,talk,16,1,14,Skip
2,talk,17,1,11,VOTE Agent[12]
2,talk,18,1,10,Skip
2,talk,19,1,15,VOTE Agent[13]
2,talk,20,1,13,Skip
2,talk,21,1,5,IDENTIFIED Agent[06] WEREWOLF
2,talk,22,1,2,ESTIMATE Agent[08] VILLAGER
2,talk,23,1,8,Skip
2,talk,24,1,4,VOTE Agent[12]
2,talk,25,1,7,Skip
2,talk,26,2,9,VOTE Agent[12]
2,talk,27,2,10,Skip
2,talk,28,2,7,Skip
2,talk,29,2,2,ESTIMATE Agent[12] VILLAGER
2,talk,30,2,5,VOTE Agent[12]
2,talk,31,2,15,VOTE Agent[13]
2,talk,32,2,12,Skip
2,talk,33,2,11,Skip
2,talk,34,2,3,Skip
2,talk,35,2,4,Skip
2,talk,36,2,13,ESTIMATE Agent[08] WEREWOLF
2,talk,37,2,14,Skip
2,talk,38,2,8,Skip
2,talk,39,3,13,VOTE Agent[10]
2,talk,40,3,3,Skip
2,talk,41,3,14,Over
2,talk,42,3,4,Skip
2,talk,43,3,11,Skip
2,talk,44,3,12,Over
2,talk,45,3,5,Skip
2,talk,46,3,9,Skip
2,talk,47,3,7,Over
2,talk,48,3,8,Over
2,talk,49,3,2,VOTE Agent[13]
2,talk,50,3,15,VOTE Agent[13]
2,talk,51,3,10,Over
2,talk,52,4,4,Over
2,talk,53,4,11,Over
2,talk,54,4,2,ESTIMATE Agent[13] WEREWOLF
2,talk,55,4,10,Over
2,talk,56,4,9,Skip
2,talk,57,4,12,Over
2,talk,58,4,15,VOTE Agent[13]
2,talk,59,4,7,Over
2,talk,60,4,8,Over
2,talk,61,4,13,Skip
2,talk,62,4,3,Over
2,talk,63,4,5,Skip
2,talk,64,4,14,Over
2,talk,65,5,11,Over
2,talk,66,5,10,Over
2,talk,67,5,5,Over
2,talk,68,5,15,VOTE Agent[13]
2,talk,69,5,9,Over
2,talk,70,5,12,Over
2,talk,71,5,8,Over
2,talk,72,5,4,Over
2,talk,73,5,14,Over
2,talk,74,5,3,Over
2,talk,75,5,7,Over
2,talk,76,5,2,ESTIMATE Agent[12] VILLAGER
2,talk,77,5,13,ESTIMATE Agent[10] WEREWOLF
2,talk,78,6,9,Over
2,talk,79,6,5,Over
2,talk,80,6,15,VOTE Agent[13]
2,talk,81,6,11,Over
2,talk,82,6,3,Over
2,talk,83,6,10,Over
2,talk,84,6,2,ESTIMATE Agent[11] WEREWOLF
2,talk,85,6,13,VOTE Agent[12]
2,talk,86,6,12,Over
2,talk,87,6,8,Over
2,talk,88,6,14,Over
2,talk,89,6,4,Over
2,talk,90,6,7,Over
2,talk,91,7,3,Over
2,talk,92,7,7,Over
2,talk,93,7,8,Over
2,talk,94,7,12,Over
2,talk,95,7,4,Over
2,talk,96,7,9,Over
2,talk,97,7,2,ESTIMATE Agent[15] WEREWOLF
2,talk,98,7,5,Over
2,talk,99,7,13,REQUEST ANY (VOTE Agent[12])
2,talk,100,7,14,Over
2,talk,101,7,10,Over
2,talk,102,7,11,Over
2,talk,103,7,15,VOTE Agent[13]
2,talk,104,8,5,Over
2,talk,105,8,7,VOTE Agent[13]
2,talk,106,8,3,Over
2,talk,107,8,8,Over
2,talk,108,8,4,Over
2,talk,109,8,10,Over
2,talk,110,8,9,Over
2,talk,111,8,13,Skip
2,talk,112,8,11,VOTE Agent[13]
2,talk,113,8,2,Skip
2,talk,114,8,14,Over
2,talk,115,8,12,Over
2,talk,116,8,15,VOTE Agent[13]
2,talk,117,9,14,Over
2,talk,118,9,11,Skip
2,talk,119,9,2,Over
2,talk,120,9,4,Over
2,talk,121,9,15,Over
2,talk,122,9,9,Over
2,talk,123,9,13,Over
2,talk,124,9,8,Over
2,talk,125,9,5,Over
2,talk,126,9,3,Over
2,talk,127,9,10,Over
2,talk,128,9,7,Skip
2,talk,129,9,12,Over
2,talk,130,10,12,Over
2,talk,131,10,9,Over
2,talk,132,10,5,Over
2,talk,133,10,2,Over
2,talk,134,10,14,Over
2,talk,135,10,8,Over
2,talk,136,10,3,Over
2,talk,137,10,10,Over
2,talk,138,10,4,Over
2,talk,139,10,11,Skip
2,talk,140,10,13,Over
2,talk,141,10,15,Over
2,talk,142,10,7,Skip
2,talk,143,11,13,Over
2,talk,144,11,2,Over
2,talk,145,11,3,Over
2,talk,146,11,5,Over
2,talk,147,11,7,Over
2,talk,148,11,4,Over
2,talk,149,11,15,Over
2,talk,150,11,12,Over
2,talk,151,11,8,Over
2,talk,152,11,11,Over
2,talk,153,11,10,Over
2,talk,154,11,9,Over
2,talk,155,11,14,Over
2,vote,2,13
2,vote,3,12
2,vote,4,12
2,vote,5,12
2,vote,7,13
2,vote,8,12
2,vote,9,12
2,vote,10,12
2,vote,11,13
2,vote,12,13
2,vote,13,12
2,vote,14,12
2,vote,15,13
2,execute,12,WEREWOLF
2,divine,11,15,HUMAN
2,guard,8,14,VILLAGER
2,attackVote,9,14
2,attack,14,false
3,status,1,VILLAGER,DEAD,hellowolf
3,status,2,VILLAGER,ALIVE,wasabi
3,status,3,VILLAGER,ALIVE,hellowolf 2
3,status,4,VILLAGER,ALIVE,fanfan 1
3,status,5,MEDIUM,ALIVE,hellowolf 1
3,status,6,WEREWOLF,DEAD,fanfan 2
3,status,7,VILLAGER,ALIVE,tomato
3,status,8,BODYGUARD,ALIVE,takeda 1
3,status,9,WEREWOLF,ALIVE,takeda 3
3,status,10,VILLAGER,ALIVE,takeda 2
3,status,11,SEER,ALIVE,tomato 1
3,status,12,WEREWOLF,DEAD,fanfan
3,status,13,VILLAGER,ALIVE,wasabi 1
3,status,14,VILLAGER,ALIVE,takeda
3,status,15,POSSESSED,ALIVE,HALUemon
3,talk,0,0,9,VOTE Agent[02]
3,talk,1,0,15,DIVINED Agent[14] HUMAN
3,talk,2,0,13,ESTIMATE Agent[14] VILLAGER
3,talk,3,0,7,VOTE Agent[04]
3,talk,4,0,11,DIVINED Agent[15] HUMAN
3,talk,5,0,5,IDENTIFIED Agent[12] WEREWOLF
3,talk,6,0,8,VOTE Agent[02]
3,talk,7,0,4,VOTE Agent[13]
3,talk,8,0,10,VOTE Agent[02]
3,talk,9,0,14,VOTE Agent[02]
3,talk,10,0,2,ESTIMATE Agent[05] MEDIUM
3,talk,11,0,3,VOTE Agent[13]
3,talk,12,1,7,VOTE Agent[02]
3,talk,13,1,8,VOTE Agent[13]
3,talk,14,1,5,VOTE Agent[13]
3,talk,15,1,3,Skip
3,talk,16,1,2,ESTIMATE Agent[11] WEREWOLF
3,talk,17,1,14,Skip
3,talk,18,1,9,VOTE Agent[13]
3,talk,19,1,4,Skip
3,talk,20,1,11,VOTE Agent[02]
3,talk,21,1,15,VOTE Agent[13]
3,talk,22,1,10,Skip
3,talk,23,1,13,ESTIMATE Agent[08] VILLAGER
3,talk,24,2,2,ESTIMATE Agent[11] WEREWOLF
3,talk,25,2,8,Skip
3,talk,26,2,10,VOTE Agent[13]
3,talk,27,2,3,Skip
3,talk,28,2,11,VOTE Agent[13]
3,talk,29,2,9,Skip
3,talk,30,2,4,Skip
3,talk,31,2,13,ESTIMATE Agent[08] VILLAGER
3,talk,32,2,7,VOTE Agent[13]
3,talk,33,2,15,VOTE Agent[13]
3,talk,34,2,14,VOTE Agent[13]
3,talk,35,2,5,Skip
3,talk,36,3,5,Skip
3,talk,37,3,3,Over
3,talk,38,3,7,Skip
3,talk,39,3,9,Skip
3,talk,40,3,13,VOTE Agent[09]
3,talk,41,3,4,Over
3,talk,42,3,8,Skip
3,talk,43,3,14,Skip
3,talk,44,3,15,VOTE Agent[13]
3,talk,45,3,2,VOTE Agent[13]
3,talk,46,3,10,Skip
3,talk,47,3,11,Skip
3,talk,48,4,5,Over
3,talk,49,4,2,Skip
3,talk,50,4,7,Skip
3,talk,51,4,15,VOTE Agent[13]
3,talk,52,4,3,Over
3,talk,53,4,4,Over
3,talk,54,4,8,Over
3,talk,55,4,14,Skip
3,talk,56,4,11,Skip
3,talk,57,4,9,Over
3,talk,58,4,13,Skip
3,talk,59,4,10,Skip
3,talk,60,5,9,Over
3,talk,61,5,11,Over
3,talk,62,5,2,Skip
3,talk,63,5,10,Over
3,talk,64,5,15,VOTE Agent[13]
3,talk,65,5,13,ESTIMATE Agent[15] WEREWOLF
3,talk,66,5,3,Over
3,talk,67,5,4,Over
3,talk,68,5,7,Over
3,talk,69,5,8,Over
3,talk,70,5,5,Over
3,talk,71,5,14,Over
3,talk,72,6,8,Over
3,talk,73,6,11,Over
3,talk,74,6,13,ESTIMATE Agent[15] WEREWOLF
3,talk,75,6,3,Over
3,talk,76,6,14,Over
3,talk,77,6,4,Over
3,talk,78,6,7,Over
3,talk,79,6,10,Over
3,talk,80,6,2,REQUEST ANY (VOTE Agent[13])
3,talk,81,6,5,Over
3,talk,82,6,9,Over
3,talk,83,6,15,VOTE Agent[13]
3,talk,84,7,8,Over
3,talk,85,7,5,Over
3,talk,86,7,13,VOTE Agent[07]
3,talk,87,7,7,Over
3,talk,88,7,15,VOTE Agent[13]
3,talk,89,7,10,Over
3,talk,90,7,14,Over
3,talk,91,7,2,ESTIMATE Agent[11] WEREWOLF
3,talk,92,7,3,Over
3,talk,93,7,11,Over
3,talk,94,7,4,Over
3,talk,95,7,9,Over
3,talk,96,8,7,Over
3,talk,97,8,4,Over
3,talk,98,8,15,VOTE Agent[13]
3,talk,99,8,3,Over
3,talk,100,8,5,Over
3,talk,101,8,13,ESTIMATE Agent[04] VILLAGER
3,talk,102,8,14,Over
3,talk,103,8,11,Over
3,talk,104,8,9,Over
3,talk,105,8,8,Over
3,talk,106,8,2,ESTIMATE Agent[13] WEREWOLF
3,talk,107,8,10,Over
3,talk,108,9,7,Over
3,talk,109,9,13,Over
3,talk,110,9,4,Over
3,talk,111,9,9,Over
3,talk,112,9,11,Over
3,talk,113,9,15,Over
3,talk,114,9,2,Over
3,talk,115,9,8,Over
3,talk,116,9,3,Over
3,talk,117,9,14,Over
3,talk,118,9,5,Over
3,talk,119,9,10,Over
3,vote,2,13
3,vote,3,13
3,vote,4,13
3,vote,5,13
3,vote,7,13
3,vote,8,13
3,vote,9,13
3,vote,10,13
3,vote,11,13
3,vote,13,7
3,vote,14,13
3,vote,15,13
3,execute,13,VILLAGER
3,divine,11,5,HUMAN
3,guard,8,14,VILLAGER
3,attackVote,9,14
3,attack,14,false
4,status,1,VILLAGER,DEAD,hellowolf
4,status,2,VILLAGER,ALIVE,wasabi
4,status,3,VILLAGER,ALIVE,hellowolf 2
4,status,4,VILLAGER,ALIVE,fanfan 1
4,status,5,MEDIUM,ALIVE,hellowolf 1
4,status,6,WEREWOLF,DEAD,fanfan 2
4,status,7,VILLAGER,ALIVE,tomato
4,status,8,BODYGUARD,ALIVE,takeda 1
4,status,9,WEREWOLF,ALIVE,takeda 3
4,status,10,VILLAGER,ALIVE,takeda 2
4,status,11,SEER,ALIVE,tomato 1
4,status,12,WEREWOLF,DEAD,fanfan
4,status,13,VILLAGER,DEAD,wasabi 1
4,status,14,VILLAGER,ALIVE,takeda
4,status,15,POSSESSED,ALIVE,HALUemon
4,talk,0,0,3,VOTE Agent[04]
4,talk,1,0,15,DIVINED Agent[03] WEREWOLF
4,talk,2,0,11,DIVINED Agent[05] HUMAN
4,talk,3,0,8,VOTE Agent[02]
4,talk,4,0,4,VOTE Agent[03]
4,talk,5,0,7,VOTE Agent[02]
4,talk,6,0,10,VOTE Agent[02]
4,talk,7,0,5,IDENTIFIED Agent[13] HUMAN
4,talk,8,0,2,ESTIMATE Agent[14] VILLAGER
4,talk,9,0,14,VOTE Agent[02]
4,talk,10,0,9,VOTE Agent[02]
4,talk,11,1,7,Skip
4,talk,12,1,4,VOTE Agent[10]
4,talk,13,1,9,Skip
4,talk,14,1,15,VOTE Agent[03]
4,talk,15,1,11,VOTE Agent[02]
4,talk,16,1,8,Skip
4,talk,17,1,2,ESTIMATE Agent[08] VILLAGER
4,talk,18,1,5,VOTE Agent[10]
4,talk,19,1,10,Skip
4,talk,20,1,14,Skip
4,talk,21,1,3,VOTE Agent[10]
4,talk,22,2,11,Skip
4,talk,23,2,5,Skip
4,talk,24,2,4,Skip
4,talk,25,2,7,Skip
4,talk,26,2,10,Skip
4,talk,27,2,3,Skip
4,talk,28,2,8,Skip
4,talk,29,2,2,ESTIMATE Agent[11] WEREWOLF
4,talk,30,2,9,Skip
4,talk,31,2,15,VOTE Agent[03]
4,talk,32,2,14,Skip
4,talk,33,3,8,Over
4,talk,34,3,11,Skip
4,talk,35,3,4,Skip
4,talk,36,3,5,Skip
4,talk,37,3,14,Over
4,talk,38,3,9,Over
4,talk,39,3,3,Skip
4,talk,40,3,7,Over
4,talk,41,3,2,VOTE Agent[03]
4,talk,42,3,15,VOTE Agent[03]
4,talk,43,3,10,Over
4,talk,44,4,4,Over
4,talk,45,4,15,VOTE Agent[03]
4,talk,46,4,8,Over
4,talk,47,4,9,Over
4,talk,48,4,11,Over
4,talk,49,4,3,Over
4,talk,50,4,7,Over
4,talk,51,4,14,Over
4,talk,52,4,10,Over
4,talk,53,4,5,Over
4,talk,54,4,2,ESTIMATE Agent[15] WEREWOLF
4,talk,55,5,14,Over
4,talk,56,5,9,Over
4,talk,57,5,15,VOTE Agent[03]
4,talk,58,5,11,VOTE Agent[03]
4,talk,59,5,5,Over
4,talk,60,5,10,Over
4,talk,61,5,8,Over
4,talk,62,5,4,Over
4,talk,63,5,3,Over
4,talk,64,5,2,Skip
4,talk,65,5,7,VOTE Agent[03]
4,talk,66,6,4,VOTE Agent[03]
4,talk,67,6,3,Over
4,talk,68,6,11,Skip
4,talk,69,6,14,Over
4,talk,70,6,7,Skip
4,talk,71,6,10,Over
4,talk,72,6,9,Over
4,talk,73,6,5,Over
4,talk,74,6,2,VOTE Agent[05]
4,talk,75,6,15,VOTE Agent[03]
4,talk,76,6,8,Over
4,talk,77,7,14,Over
4,talk,78,7,7,Skip
4,talk,79,7,8,Over
4,talk,80,7,10,Over
4,talk,81,7,5,Over
4,talk,82,7,2,ESTIMATE Agent[10] VILLAGER
4,talk,83,7,9,Over
4,talk,84,7,4,Skip
4,talk,85,7,3,Over
4,talk,86,7,15,VOTE Agent[03]
4,talk,87,7,11,Skip
4,talk,88,8,8,Over
4,talk,89,8,5,Over
4,talk,90,8,9,Over
4,talk,91,8,7,Over
4,talk,92,8,15,VOTE Agent[03]
4,talk,93,8,3,Over
4,talk,94,8,11,Over
4,talk,95,8,2,VOTE Agent[03]
4,talk,96,8,14,Over
4,talk,97,8,4,Skip
4,talk,98,8,10,Over
4,talk,99,9,11,Over
4,talk,100,9,10,Over
4,talk,101,9,15,Over
4,talk,102,9,7,Over
4,talk,103,9,2,Over
4,talk,104,9,3,Over
4,talk,105,9,14,Over
4,talk,106,9,4,Over
4,talk,107,9,5,Over
4,talk,108,9,8,Over
4,talk,109,9,9,Over
4,vote,2,3
4,vote,3,2
4,vote,4,3
4,vote,5,10
4,vote,7,3
4,vote,8,2
4,vote,9,2
4,vote,10,2
4,vote,11,3
4,vote,14,2
4,vote,15,3
4,vote,2,3
4,vote,3,2
4,vote,4,3
4,vote,5,2
4,vote,7,3
4,vote,8,2
4,vote,9,2
4,vote,10,2
4,vote,11,3
4,vote,14,2
4,vote,15,3
4,execute,2,VILLAGER
4,divine,11,14,HUMAN
4,guard,8,14,VILLAGER
4,attackVote,9,14
4,attack,14,false
5,status,1,VILLAGER,DEAD,hellowolf
5,status,2,VILLAGER,DEAD,wasabi
5,status,3,VILLAGER,ALIVE,hellowolf 2
5,status,4,VILLAGER,ALIVE,fanfan 1
5,status,5,MEDIUM,ALIVE,hellowolf 1
5,status,6,WEREWOLF,DEAD,fanfan 2
5,status,7,VILLAGER,ALIVE,tomato
5,status,8,BODYGUARD,ALIVE,takeda 1
5,status,9,WEREWOLF,ALIVE,takeda 3
5,status,10,VILLAGER,ALIVE,takeda 2
5,status,11,SEER,ALIVE,tomato 1
5,status,12,WEREWOLF,DEAD,fanfan
5,status,13,VILLAGER,DEAD,wasabi 1
5,status,14,VILLAGER,ALIVE,takeda
5,status,15,POSSESSED,ALIVE,HALUemon
5,talk,0,0,11,DIVINED Agent[14] HUMAN
5,talk,1,0,9,VOTE Agent[14]
5,talk,2,0,10,VOTE Agent[14]
5,talk,3,0,14,VOTE Agent[09]
5,talk,4,0,4,VOTE Agent[11]
5,talk,5,0,5,IDENTIFIED Agent[02] HUMAN
5,talk,6,0,7,VOTE Agent[08]
5,talk,7,0,15,DIVINED Agent[05] HUMAN
5,talk,8,0,3,VOTE Agent[11]
5,talk,9,0,8,VOTE Agent[14]
5,talk,10,1,10,VOTE Agent[09]
5,talk,11,1,11,VOTE Agent[14]
5,talk,12,1,14,Skip
5,talk,13,1,5,VOTE Agent[03]
5,talk,14,1,3,Skip
5,talk,15,1,15,VOTE Agent[03]
5,talk,16,1,7,VOTE Agent[14]
5,talk,17,1,4,Skip
5,talk,18,1,9,VOTE Agent[04]
5,talk,19,1,8,VOTE Agent[09]
5,talk,20,2,7,Skip
5,talk,21,2,5,VOTE Agent[11]
5,talk,22,2,11,Skip
5,talk,23,2,3,VOTE Agent[09]
5,talk,24,2,15,VOTE Agent[03]
5,talk,25,2,4,VOTE Agent[03]
5,talk,26,2,14,Skip
5,talk,27,2,10,Skip
5,talk,28,2,9,Skip
5,talk,29,2,8,Skip
5,talk,30,3,7,VOTE Agent[03]
5,talk,31,3,4,VOTE Agent[11]
5,talk,32,3,3,Skip
5,talk,33,3,11,VOTE Agent[03]
5,talk,34,3,15,VOTE Agent[03]
5,talk,35,3,5,VOTE Agent[09]
5,talk,36,3,14,Over
5,talk,37,3,8,Skip
5,talk,38,3,10,Skip
5,talk,39,3,9,VOTE Agent[10]
5,talk,40,4,15,VOTE Agent[03]
5,talk,41,4,7,Skip
5,talk,42,4,10,Over
5,talk,43,4,5,VOTE Agent[03]
5,talk,44,4,11,Skip
5,talk,45,4,3,Skip
5,talk,46,4,8,Over
5,talk,47,4,9,VOTE Agent[10]
5,talk,48,4,4,Skip
5,talk,49,4,14,Over
5,talk,50,5,4,VOTE Agent[03]
5,talk,51,5,5,Skip
5,talk,52,5,3,Over
5,talk,53,5,14,Over
5,talk,54,5,15,VOTE Agent[03]
5,talk,55,5,10,Over
5,talk,56,5,9,Skip
5,talk,57,5,11,Skip
5,talk,58,5,8,Over
5,talk,59,5,7,Skip
5,talk,60,6,5,Skip
5,talk,61,6,9,VOTE Agent[03]
5,talk,62,6,4,Skip
5,talk,63,6,8,VOTE Agent[03]
5,talk,64,6,11,Over
5,talk,65,6,3,VOTE Agent[11]
5,talk,66,6,15,VOTE Agent[03]
5,talk,67,6,7,Over
5,talk,68,6,10,VOTE Agent[03]
5,talk,69,6,14,VOTE Agent[03]
5,talk,70,7,15,VOTE Agent[03]
5,talk,71,7,9,Skip
5,talk,72,7,11,Over
5,talk,73,7,14,Skip
5,talk,74,7,5,Over
5,talk,75,7,7,Over
5,talk,76,7,8,Skip
5,talk,77,7,3,Skip
5,talk,78,7,10,Skip
5,talk,79,7,4,Skip
5,talk,80,8,5,Over
5,talk,81,8,10,Skip
5,talk,82,8,8,Skip
5,talk,83,8,9,Skip
5,talk,84,8,7,Over
5,talk,85,8,15,VOTE Agent[03]
5,talk,86,8,3,Skip
5,talk,87,8,4,Over
5,talk,88,8,11,Over
5,talk,89,8,14,Skip
5,talk,90,9,7,Over
5,talk,91,9,4,Over
5,talk,92,9,11,Over
5,talk,93,9,8,Over
5,talk,94,9,15,Over
5,talk,95,9,10,Over
5,talk,96,9,5,Over
5,talk,97,9,14,Over
5,talk,98,9,9,Over
5,talk,99,9,3,Over
5,vote,3,11
5,vote,4,3
5,vote,5,3
5,vote,7,3
5,vote,8,3
5,vote,9,3
5,vote,10,3
5,vote,11,3
5,vote,14,3
5,vote,15,3
5,execute,3,VILLAGER
5,divine,11,9,WEREWOLF
5,guard,8,14,VILLAGER
5,attackVote,9,14
5,attack,14,false
6,status,1,VILLAGER,DEAD,hellowolf
6,status,2,VILLAGER,DEAD,wasabi
6,status,3,VILLAGER,DEAD,hellowolf 2
6,status,4,VILLAGER,ALIVE,fanfan 1
6,status,5,MEDIUM,ALIVE,hellowolf 1
6,status,6,WEREWOLF,DEAD,fanfan 2
6,status,7,VILLAGER,ALIVE,tomato
6,status,8,BODYGUARD,ALIVE,takeda 1
6,status,9,WEREWOLF,ALIVE,takeda 3
6,status,10,VILLAGER,ALIVE,takeda 2
6,status,11,SEER,ALIVE,tomato 1
6,status,12,WEREWOLF,DEAD,fanfan
6,status,13,VILLAGER,DEAD,wasabi 1
6,status,14,VILLAGER,ALIVE,takeda
6,status,15,POSSESSED,ALIVE,HALUemon
6,talk,0,0,8,VOTE Agent[09]
6,talk,1,0,14,VOTE Agent[09]
6,talk,2,0,10,VOTE Agent[09]
6,talk,3,0,7,VOTE Agent[10]
6,talk,4,0,15,DIVINED Agent[14] WEREWOLF
6,talk,5,0,11,DIVINED Agent[09] WEREWOLF
6,talk,6,0,9,VOTE Agent[10]
6,talk,7,0,5,IDENTIFIED Agent[03] HUMAN
6,talk,8,0,4,VOTE Agent[11]
6,talk,9,1,8,Skip
6,talk,10,1,9,Skip
6,talk,11,1,5,VOTE Agent[14]
6,talk,12,1,15,VOTE Agent[14]
6,talk,13,1,7,VOTE Agent[09]
6,talk,14,1,14,Skip
6,talk,15,1,11,VOTE Agent[09]
6,talk,16,1,4,VOTE Agent[09]
6,talk,17,1,10,Skip
6,talk,18,2,9,VOTE Agent[10]
6,talk,19,2,7,Skip
6,talk,20,2,15,VOTE Agent[14]
6,talk,21,2,4,Skip
6,talk,22,2,10,Skip
6,talk,23,2,8,Skip
6,talk,24,2,11,Skip
6,talk,25,2,14,Skip
6,talk,26,2,5,VOTE Agent[09]
6,talk,27,3,11,Skip
6,talk,28,3,8,Over
6,talk,29,3,15,VOTE Agent[14]
6,talk,30,3,9,VOTE Agent[08]
6,talk,31,3,4,Skip
6,talk,32,3,10,Over
6,talk,33,3,5,Skip
6,talk,34,3,7,Skip
6,talk,35,3,14,Over
6,talk,36,4,14,Over
6,talk,37,4,4,Over
6,talk,38,4,9,VOTE Agent[08]
6,talk,39,4,11,Over
6,talk,40,4,8,Over
6,talk,41,4,5,Skip
6,talk,42,4,15,VOTE Agent[14]
6,talk,43,4,10,Over
6,talk,44,4,7,Over
6,talk,45,5,7,Over
6,talk,46,5,9,VOTE Agent[08]
6,talk,47,5,15,VOTE Agent[14]
6,talk,48,5,14,Over
6,talk,49,5,4,Over
6,talk,50,5,5,Over
6,talk,51,5,8,Over
6,talk,52,5,10,Over
6,talk,53,5,11,Over
6,talk,54,6,8,Over
6,talk,55,6,10,Over
6,talk,56,6,4,Over
6,talk,57,6,5,Over
6,talk,58,6,15,VOTE Agent[14]
6,talk,59,6,11,Over
6,talk,60,6,9,VOTE Agent[08]
6,talk,61,6,7,Over
6,talk,62,6,14,Over
6,talk,63,7,7,VOTE Agent[14]
6,talk,64,7,14,Over
6,talk,65,7,10,Over
6,talk,66,7,11,Over
6,talk,67,7,5,Over
6,talk,68,7,9,VOTE Agent[08]
6,talk,69,7,15,VOTE Agent[14]
6,talk,70,7,8,Over
6,talk,71,7,4,Over
6,talk,72,8,10,Over
6,talk,73,8,5,Over
6,talk,74,8,8,Over
6,talk,75,8,7,Skip
6,talk,76,8,4,Over
6,talk,77,8,9,VOTE Agent[08]
6,talk,78,8,15,VOTE Agent[14]
6,talk,79,8,11,Over
6,talk,80,8,14,Over
6,talk,81,9,8,Over
6,talk,82,9,15,Over
6,talk,83,9,5,Over
6,talk,84,9,9,VOTE Agent[08]
6,talk,85,9,7,Skip
6,talk,86,9,14,Over
6,talk,87,9,11,Over
6,talk,88,9,10,Over
6,talk,89,9,4,Over
6,talk,90,10,8,Over
6,talk,91,10,15,Over
6,talk,92,10,5,Over
6,talk,93,10,4,Over
6,talk,94,10,9,VOTE Agent[08]
6,talk,95,10,11,Over
6,talk,96,10,14,Over
6,talk,97,10,10,Over
6,talk,98,10,7,Over
6,talk,99,11,8,Over
6,talk,100,11,15,Over
6,talk,101,11,11,Over
6,talk,102,11,4,Over
6,talk,103,11,14,Over
6,talk,104,11,9,Over
6,talk,105,11,10,Over
6,talk,106,11,5,Over
6,talk,107,11,7,Over
6,vote,4,9
6,vote,5,9
6,vote,7,14
6,vote,8,9
6,vote,9,8
6,vote,10,9
6,vote,11,9
6,vote,14,9
6,vote,15,14
6,execute,9,WEREWOLF
6,divine,11,8,HUMAN
6,guard,8,14,VILLAGER
7,status,1,VILLAGER,DEAD,hellowolf
7,status,2,VILLAGER,DEAD,wasabi
7,status,3,VILLAGER,DEAD,hellowolf 2
7,status,4,VILLAGER,ALIVE,fanfan 1
7,status,5,MEDIUM,ALIVE,hellowolf 1
7,status,6,WEREWOLF,DEAD,fanfan 2
7,status,7,VILLAGER,ALIVE,tomato
7,status,8,BODYGUARD,ALIVE,takeda 1
7,status,9,WEREWOLF,DEAD,takeda 3
7,status,10,VILLAGER,ALIVE,takeda 2
7,status,11,SEER,ALIVE,tomato 1
7,status,12,WEREWOLF,DEAD,fanfan
7,status,13,VILLAGER,DEAD,wasabi 1
7,status,14,VILLAGER,ALIVE,takeda
7,status,15,POSSESSED,ALIVE,HALUemon
7,result,8,0,VILLAGER
