0,status,1,VILLAGER,ALIVE,hellowolf
0,status,2,WEREWOLF,ALIVE,wasabi
0,status,3,WEREWOLF,ALIVE,hellowolf 2
0,status,4,MEDIUM,ALIVE,fanfan 1
0,status,5,VILLAGER,ALIVE,hellowolf 1
0,status,6,BODYGUARD,ALIVE,fanfan 2
0,status,7,VILLAGER,ALIVE,tomato
0,status,8,VILLAGER,ALIVE,takeda 1
0,status,9,WEREWOLF,ALIVE,takeda 3
0,status,10,SEER,ALIVE,takeda 2
0,status,11,VILLAGER,ALIVE,tomato 1
0,status,12,VILLAGER,ALIVE,fanfan
0,status,13,VILLAGER,ALIVE,wasabi 1
0,status,14,POSSESSED,ALIVE,takeda
0,status,15,VILLAGER,ALIVE,HALUemon
0,whisper,0,0,9,Skip
0,whisper,1,0,3,COMINGOUT Agent[03] SEER
0,whisper,2,0,2,ATTACK Agent[14]
0,whisper,3,1,2,ATTACK Agent[11]
0,whisper,4,1,9,Skip
0,whisper,5,1,3,Skip
0,whisper,6,2,3,Skip
0,whisper,7,2,9,Over
0,whisper,8,2,2,Over
0,whisper,9,3,9,Over
0,whisper,10,3,3,Over
0,whisper,11,3,2,VOTE Agent[14]
0,whisper,12,4,2,Over
0,whisper,13,4,9,Over
0,whisper,14,4,3,Over
0,divine,10,12,HUMAN
1,status,1,VILLAGER,ALIVE,hellowolf
1,status,2,WEREWOLF,ALIVE,wasabi
1,status,3,WEREWOLF,ALIVE,hellowolf 2
1,status,4,MEDIUM,ALIVE,fanfan 1
1,status,5,VILLAGER,ALIVE,hellowolf 1
1,status,6,BODYGUARD,ALIVE,fanfan 2
1,status,7,VILLAGER,ALIVE,tomato
1,status,8,VILLAGER,ALIVE,takeda 1
1,status,9,WEREWOLF,ALIVE,takeda 3
1,status,10,SEER,ALIVE,takeda 2
1,status,11,VILLAGER,ALIVE,tomato 1
1,status,12,VILLAGER,ALIVE,fanfan
1,status,13,VILLAGER,ALIVE,wasabi 1
1,status,14,POSSESSED,ALIVE,takeda
1,status,15,VILLAGER,ALIVE,HALUemon
1,talk,0,0,9,VOTE Agent[06]
1,talk,1,0,7,VOTE Agent[14]
1,talk,2,0,11,VOTE Agent[15]
1,talk,3,0,13,Skip
1,talk,4,0,12,VOTE Agent[06]
1,talk,5,0,15,VOTE Agent[01]
1,talk,6,0,3,COMINGOUT Agent[03] SEER
1,talk,7,0,4,COMINGOUT Agent[04] MEDIUM
1,talk,8,0,14,COMINGOUT Agent[14] SEER
1,talk,9,0,10,COMINGOUT Agent[10] SEER
1,talk,10,0,5,VOTE Agent[06]
1,talk,11,0,1,VOTE Agent[14]
1,talk,12,0,2,Skip
1,talk,13,0,6,VOTE Agent[14]
1,talk,14,0,8,VOTE Agent[07]
1,talk,15,1,8,VOTE Agent[03]
1,talk,16,1,12,VOTE Agent[03]
1,talk,17,1,10,DIVINED Agent[12] HUMAN
1,talk,18,1,14,DIVINED Agent[13] WEREWOLF
1,talk,19,1,3,DIVINED Agent[05] HUMAN
1,talk,20,1,1,VOTE Agent[03]
1,talk,21,1,2,ESTIMATE Agent[14] WEREWOLF
1,talk,22,1,13,ESTIMATE Agent[14] WEREWOLF
1,talk,23,1,5,VOTE Agent[03]
1,talk,24,1,4,VOTE Agent[03]
1,talk,25,1,6,VOTE Agent[03]
1,talk,26,1,9,Skip
1,talk,27,1,15,VOTE Agent[06]
1,talk,28,1,11,VOTE Agent[06]
1,talk,29,1,7,VOTE Agent[06]
1,talk,30,2,2,ESTIMATE Agent[13] WEREWOLF
1,talk,31,2,6,Skip
1,talk,32,2,7,VOTE Agent[03]
1,talk,33,2,3,VOTE Agent[06]
1,talk,34,2,9,VOTE Agent[08]
1,talk,35,2,15,VOTE Agent[03]
1,talk,36,2,12,Skip
1,talk,37,2,4,Skip
1,talk,38,2,8,Skip
1,talk,39,2,1,Skip
1,talk,40,2,13,ESTIMATE Agent[12] VILLAGER
1,talk,41,2,11,VOTE Agent[03]
1,talk,42,2,10,VOTE Agent[03]
1,talk,43,2,14,VOTE Agent[13]
1,talk,44,2,5,Skip
1,talk,45,3,14,Skip
1,talk,46,3,4,Skip
1,talk,47,3,7,Skip
1,talk,48,3,13,VOTE Agent[06]
1,talk,49,3,12,Skip
1,talk,50,3,15,VOTE Agent[03]
1,talk,51,3,2,VOTE Agent[13]
1,talk,52,3,10,VOTE Agent[03]
1,talk,53,3,3,VOTE Agent[08]
1,talk,54,3,11,Skip
1,talk,55,3,9,VOTE Agent[03]
1,talk,56,3,5,Skip
1,talk,57,3,6,Skip
1,talk,58,3,8,Skip
1,talk,59,3,1,Skip
1,talk,60,4,2,ESTIMATE Agent[10] WEREWOLF
1,talk,61,4,11,Skip
1,talk,62,4,4,Over
1,talk,63,4,9,Skip
1,talk,64,4,6,Over
1,talk,65,4,15,VOTE Agent[03]
1,talk,66,4,10,VOTE Agent[03]
1,talk,67,4,7,Skip
1,talk,68,4,3,VOTE Agent[13]
1,talk,69,4,13,ESTIMATE Agent[06] VILLAGER
1,talk,70,4,5,Over
1,talk,71,4,12,Over
1,talk,72,4,14,Skip
1,talk,73,4,1,Over
1,talk,74,4,8,Over
1,talk,75,5,7,Over
1,talk,76,5,5,Over
1,talk,77,5,4,Over
1,talk,78,5,15,VOTE Agent[03]
1,talk,79,5,3,Skip
1,talk,80,5,10,VOTE Agent[03]
1,talk,81,5,2,ESTIMATE Agent[03] WEREWOLF
1,talk,82,5,13,ESTIMATE Agent[10] WEREWOLF
1,talk,83,5,8,Over
1,talk,84,5,1,Over
1,talk,85,5,11,Over
1,talk,86,5,14,Over
1,talk,87,5,12,Over
1,talk,88,5,6,Over
1,talk,89,5,9,Skip
1,talk,90,6,9,Over
1,talk,91,6,10,VOTE Agent[03]
1,talk,92,6,3,Skip
1,talk,93,6,7,Over
1,talk,94,6,15,VOTE Agent[03]
1,talk,95,6,8,Over
1,talk,96,6,13,ESTIMATE Agent[03] WEREWOLF
1,talk,97,6,11,Over
1,talk,98,6,5,Over
1,talk,99,6,2,Skip
1,talk,100,6,6,Over
1,talk,101,6,12,Over
1,talk,102,6,14,Over
1,talk,103,6,4,Over
1,talk,104,6,1,Over
1,talk,105,7,5,Over
1,talk,106,7,6,Over
1,talk,107,7,1,Over
1,talk,108,7,3,Over
1,talk,109,7,15,VOTE Agent[03]
1,talk,110,7,8,Over
1,talk,111,7,10,VOTE Agent[03]
1,talk,112,7,12,Over
1,talk,113,7,13,Skip
1,talk,114,7,9,Over
1,talk,115,7,2,ESTIMATE Agent[14] WEREWOLF
1,talk,116,7,11,Over
1,talk,117,7,14,Over
1,talk,118,7,7,Over
1,talk,119,7,4,Over
1,talk,120,8,3,Over
1,talk,121,8,12,Over
1,talk,122,8,10,VOTE Agent[03]
1,talk,123,8,1,Over
1,talk,124,8,8,Over
1,talk,125,8,4,Over
1,talk,126,8,11,Over
1,talk,127,8,6,Over
1,talk,128,8,5,Over
1,talk,129,8,2,ESTIMATE Agent[13] WEREWOLF
1,talk,130,8,7,Over
1,talk,131,8,14,Over
1,talk,132,8,9,Over
1,talk,133,8,13,Skip
1,talk,134,8,15,VOTE Agent[03]
1,talk,135,9,2,Over
1,talk,136,9,7,Over
1,talk,137,9,10,VOTE Agent[03]
1,talk,138,9,11,Over
1,talk,139,9,12,Over
1,talk,140,9,8,Over
1,talk,141,9,14,Over
1,talk,142,9,5,Over
1,talk,143,9,13,Over
1,talk,144,9,15,Over
1,talk,145,9,6,Over
1,talk,146,9,4,Over
1,talk,147,9,9,Over
1,talk,148,9,1,Over
1,talk,149,9,3,Over
1,talk,150,10,2,Over
1,talk,151,10,15,Over
1,talk,152,10,14,Over
1,talk,153,10,11,Over
1,talk,154,10,9,Over
1,talk,155,10,5,Over
1,talk,156,10,4,Over
1,talk,157,10,8,Over
1,talk,158,10,12,Over
1,talk,159,10,3,Over
1,talk,160,10,7,Over
1,talk,161,10,13,Over
1,talk,162,10,6,Over
1,talk,163,10,10,Over
1,talk,164,10,1,Over
1,vote,1,3
1,vote,2,13
1,vote,3,13
1,vote,4,3
1,vote,5,3
1,vote,6,3
1,vote,7,3
1,vote,8,3
1,vote,9,3
1,vote,10,3
1,vote,11,3
1,vote,12,3
1,vote,13,6
1,vote,14,13
1,vote,15,3
1,execute,3,WEREWOLF
1,divine,10,13,HUMAN
1,whisper,0,0,2,Over
1,whisper,1,0,9,Skip
1,whisper,2,1,2,ATTACK Agent[12]
1,whisper,3,1,9,Skip
1,whisper,4,2,2,ATTACK Agent[04]
1,whisper,5,2,9,Over
1,whisper,6,3,9,Over
1,whisper,7,3,2,Over
1,guard,6,10,SEER
1,attackVote,2,4
1,attackVote,9,6
1,attackVote,2,15
1,attackVote,9,6
1,attack,6,true
2,status,1,VILLAGER,ALIVE,hellowolf
2,status,2,WEREWOLF,ALIVE,wasabi
2,status,3,WEREWOLF,DEAD,hellowolf 2
2,status,4,MEDIUM,ALIVE,fanfan 1
2,status,5,VILLAGER,ALIVE,hellowolf 1
2,status,6,BODYGUARD,DEAD,fanfan 2
2,status,7,VILLAGER,ALIVE,tomato
2,status,8,VILLAGER,ALIVE,takeda 1
2,status,9,WEREWOLF,ALIVE,takeda 3
2,status,10,SEER,ALIVE,takeda 2
2,status,11,VILLAGER,ALIVE,tomato 1
2,status,12,VILLAGER,ALIVE,fanfan
2,status,13,VILLAGER,ALIVE,wasabi 1
2,status,14,POSSESSED,ALIVE,takeda
2,status,15,VILLAGER,ALIVE,HALUemon
2,talk,0,0,1,VOTE Agent[13]
2,talk,1,0,9,VOTE Agent[13]
2,talk,2,0,7,VOTE Agent[08]
2,talk,3,0,10,DIVINED Agent[13] HUMAN
2,talk,4,0,11,VOTE Agent[09]
2,talk,5,0,8,VOTE Agent[13]
2,talk,6,0,5,VOTE Agent[07]
2,talk,7,0,4,IDENTIFIED Agent[03] WEREWOLF
2,talk,8,0,13,ESTIMATE Agent[14] WEREWOLF
2,talk,9,0,14,DIVINED Agent[08] HUMAN
2,talk,10,0,12,VOTE Agent[07]
2,talk,11,0,15,VOTE Agent[14]
2,talk,12,0,2,Skip
2,talk,13,1,13,ESTIMATE Agent[14] WEREWOLF
2,talk,14,1,15,VOTE Agent[13]
2,talk,15,1,2,Skip
2,talk,16,1,11,VOTE Agent[13]
2,talk,17,1,14,VOTE Agent[13]
2,talk,18,1,9,VOTE Agent[01]
2,talk,19,1,7,VOTE Agent[13]
2,talk,20,1,1,VOTE Agent[09]
2,talk,21,1,4,VOTE Agent[09]
2,talk,22,1,12,Skip
2,talk,23,1,8,VOTE Agent[02]
2,talk,24,1,10,VOTE Agent[08]
2,talk,25,1,5,Skip
2,talk,26,2,11,Skip
2,talk,27,2,1,Skip
2,talk,28,2,7,Skip
2,talk,29,2,2,ESTIMATE Agent[12] VILLAGER
2,talk,30,2,9,Skip
2,talk,31,2,14,Skip
2,talk,32,2,5,VOTE Agent[02]
2,talk,33,2,15,VOTE Agent[13]
2,talk,34,2,12,Skip
2,talk,35,2,8,VOTE Agent[13]
2,talk,36,2,4,VOTE Agent[13]
2,talk,37,2,10,VOTE Agent[02]
2,talk,38,2,13,ESTIMATE Agent[14] WEREWOLF
2,talk,39,3,10,VOTE Agent[02]
2,talk,40,3,5,Skip
2,talk,41,3,14,Skip
2,talk,42,3,11,Skip
2,talk,43,3,4,Skip
2,talk,44,3,1,Skip
2,talk,45,3,2,VOTE Agent[13]
2,talk,46,3,8,VOTE Agent[02]
2,talk,47,3,9,Skip
2,talk,48,3,15,VOTE Agent[13]
2,talk,49,3,7,Skip
2,talk,50,3,13,VOTE Agent[09]
2,talk,51,3,12,Over
2,talk,52,4,13,Skip
2,talk,53,4,2,ESTIMATE Agent[12] VILLAGER
2,talk,54,4,12,Over
2,talk,55,4,5,Skip
2,talk,56,4,15,VOTE Agent[13]
2,talk,57,4,8,Skip
2,talk,58,4,11,Over
2,talk,59,4,4,Skip
2,talk,60,4,9,Over
2,talk,61,4,10,VOTE Agent[02]
2,talk,62,4,1,Over
2,talk,63,4,14,Over
2,talk,64,4,7,Over
2,talk,65,5,4,Over
2,talk,66,5,1,VOTE Agent[13]
2,talk,67,5,10,VOTE Agent[02]
2,talk,68,5,12,Over
2,talk,69,5,2,ESTIMATE Agent[10] WEREWOLF
2,talk,70,5,14,Over
2,talk,71,5,13,VOTE Agent[02]
2,talk,72,5,5,VOTE Agent[13]
2,talk,73,5,11,Over
2,talk,74,5,8,Skip
2,talk,75,5,15,VOTE Agent[13]
2,talk,76,5,7,Over
2,talk,77,5,9,Over
2,talk,78,6,13,Skip
2,talk,79,6,12,Over
2,talk,80,6,4,Over
2,talk,81,6,2,ESTIMATE Agent[10] WEREWOLF
2,talk,82,6,11,Over
2,talk,83,6,9,VOTE Agent[13]
2,talk,84,6,14,Over
2,talk,85,6,15,VOTE Agent[13]
2,talk,86,6,5,Skip
2,talk,87,6,10,VOTE Agent[02]
2,talk,88,6,1,Skip
2,talk,89,6,7,Over
2,talk,90,6,8,VOTE Agent[13]
2,talk,91,7,1,Skip
2,talk,92,7,10,VOTE Agent[02]
2,talk,93,7,5,Skip
2,talk,94,7,9,Skip
2,talk,95,7,11,Over
2,talk,96,7,2,ESTIMATE Agent[05] VILLAGER
2,talk,97,7,14,Over
2,talk,98,7,8,Skip
2,talk,99,7,4,Over
2,talk,100,7,13,VOTE Agent[07]
2,talk,101,7,15,VOTE Agent[13]
2,talk,102,7,7,Over
2,talk,103,7,12,Over
2,talk,104,8,14,Over
2,talk,105,8,11,Over
2,talk,106,8,10,VOTE Agent[02]
2,talk,107,8,8,Skip
2,talk,108,8,12,Over
2,talk,109,8,5,Over
2,talk,110,8,2,ESTIMATE Agent[13] WEREWOLF
2,talk,111,8,9,Skip
2,talk,112,8,4,Over
2,talk,113,8,15,VOTE Agent[13]
2,talk,114,8,1,Over
2,talk,115,8,7,Over
2,talk,116,8,13,Skip
2,talk,117,9,10,VOTE Agent[02]
2,talk,118,9,9,Over
2,talk,119,9,15,Over
2,talk,120,9,14,Over
2,talk,121,9,1,Over
2,talk,122,9,12,Over
2,talk,123,9,4,Over
2,talk,124,9,13,Over
2,talk,125,9,7,Over
2,talk,126,9,8,Over
2,talk,127,9,5,Over
2,talk,128,9,11,Over
2,talk,129,9,2,Over
2,talk,130,10,15,Over
2,talk,131,10,8,Over
2,talk,132,10,11,Over
2,talk,133,10,5,Over
2,talk,134,10,7,Over
2,talk,135,10,1,Over
2,talk,136,10,13,Over
2,talk,137,10,14,Over
2,talk,138,10,12,Over
2,talk,139,10,2,Over
2,talk,140,10,4,Over
2,talk,141,10,9,Over
2,talk,142,10,10,Over
2,vote,1,13
2,vote,2,13
2,vote,4,13
2,vote,5,13
2,vote,7,13
2,vote,8,13
2,vote,9,13
2,vote,10,2
2,vote,11,13
2,vote,12,7
2,vote,13,7
2,vote,14,13
2,vote,15,13
2,execute,13,VILLAGER
2,divine,10,2,WEREWOLF
2,whisper,0,0,2,Over
2,whisper,1,0,9,Skip
2,whisper,2,1,2,Over
2,whisper,3,1,9,Skip
2,whisper,4,2,9,Over
2,whisper,5,2,2,ATTACK Agent[10]
2,whisper,6,3,9,Over
2,whisper,7,3,2,Over
2,attackVote,2,10
2,attackVote,9,12
2,attackVote,2,12
2,attackVote,9,12
2,attack,12,true
3,status,1,VILLAGER,ALIVE,hellowolf
3,status,2,WEREWOLF,ALIVE,wasabi
3,status,3,WEREWOLF,DEAD,hellowolf 2
3,status,4,MEDIUM,ALIVE,fanfan 1
3,status,5,VILLAGER,ALIVE,hellowolf 1
3,status,6,BODYGUARD,DEAD,fanfan 2
3,status,7,VILLAGER,ALIVE,tomato
3,status,8,VILLAGER,ALIVE,takeda 1
3,status,9,WEREWOLF,ALIVE,takeda 3
3,status,10,SEER,ALIVE,takeda 2
3,status,11,VILLAGER,ALIVE,tomato 1
3,status,12,VILLAGER,DEAD,fanfan
3,status,13,VILLAGER,DEAD,wasabi 1
3,status,14,POSSESSED,ALIVE,takeda
3,status,15,VILLAGER,ALIVE,HALUemon
3,talk,0,0,2,ESTIMATE Agent[15] WEREWOLF
3,talk,1,0,1,VOTE Agent[09]
3,talk,2,0,7,VOTE Agent[04]
3,talk,3,0,10,DIVINED Agent[02] WEREWOLF
3,talk,4,0,5,VOTE Agent[09]
3,talk,5,0,14,DIVINED Agent[09] WEREWOLF
3,talk,6,0,11,VOTE Agent[15]
3,talk,7,0,8,VOTE Agent[02]
3,talk,8,0,15,VOTE Agent[11]
3,talk,9,0,9,VOTE Agent[01]
3,talk,10,0,4,IDENTIFIED Agent[13] HUMAN
3,talk,11,1,15,VOTE Agent[02]
3,talk,12,1,11,VOTE Agent[09]
3,talk,13,1,7,VOTE Agent[09]
3,talk,14,1,5,VOTE Agent[02]
3,talk,15,1,8,Skip
3,talk,16,1,10,VOTE Agent[02]
3,talk,17,1,2,Skip
3,talk,18,1,1,VOTE Agent[02]
3,talk,19,1,9,Skip
3,talk,20,1,14,VOTE Agent[09]
3,talk,21,1,4,VOTE Agent[09]
3,talk,22,2,15,VOTE Agent[02]
3,talk,23,2,2,Skip
3,talk,24,2,5,Skip
3,talk,25,2,9,Skip
3,talk,26,2,11,VOTE Agent[02]
3,talk,27,2,14,Skip
3,talk,28,2,4,VOTE Agent[02]
3,talk,29,2,7,VOTE Agent[02]
3,talk,30,2,10,VOTE Agent[02]
3,talk,31,2,1,Skip
3,talk,32,2,8,Skip
3,talk,33,3,8,Over
3,talk,34,3,1,Skip
3,talk,35,3,2,VOTE Agent[10]
3,talk,36,3,9,VOTE Agent[02]
3,talk,37,3,4,Skip
3,talk,38,3,14,Skip
3,talk,39,3,7,Skip
3,talk,40,3,11,Skip
3,talk,41,3,5,Skip
3,talk,42,3,15,VOTE Agent[02]
3,talk,43,3,10,VOTE Agent[02]
3,talk,44,4,8,Over
3,talk,45,4,4,Skip
3,talk,46,4,1,Over
3,talk,47,4,2,ESTIMATE Agent[08] VILLAGER
3,talk,48,4,14,Over
3,talk,49,4,5,Over
3,talk,50,4,11,Skip
3,talk,51,4,7,Skip
3,talk,52,4,10,VOTE Agent[02]
3,talk,53,4,15,VOTE Agent[02]
3,talk,54,4,9,Skip
3,talk,55,5,4,Over
3,talk,56,5,9,Skip
3,talk,57,5,8,Over
3,talk,58,5,15,VOTE Agent[02]
3,talk,59,5,1,Over
3,talk,60,5,10,VOTE Agent[02]
3,talk,61,5,2,ESTIMATE Agent[01] VILLAGER
3,talk,62,5,7,Over
3,talk,63,5,11,Over
3,talk,64,5,5,Over
3,talk,65,5,14,Over
3,talk,66,6,2,ESTIMATE Agent[14] WEREWOLF
3,talk,67,6,5,Over
3,talk,68,6,8,Over
3,talk,69,6,15,VOTE Agent[02]
3,talk,70,6,1,Over
3,talk,71,6,11,Over
3,talk,72,6,7,Over
3,talk,73,6,9,Over
3,talk,74,6,10,VOTE Agent[02]
3,talk,75,6,14,Over
3,talk,76,6,4,Over
3,talk,77,7,11,Over
3,talk,78,7,1,Over
3,talk,79,7,2,ESTIMATE Agent[14] WEREWOLF
3,talk,80,7,9,Over
3,talk,81,7,8,Over
3,talk,82,7,4,Over
3,talk,83,7,7,Over
3,talk,84,7,15,VOTE Agent[02]
3,talk,85,7,14,Over
3,talk,86,7,10,VOTE Agent[02]
3,talk,87,7,5,Over
3,talk,88,8,11,Over
3,talk,89,8,8,Over
3,talk,90,8,10,VOTE Agent[02]
3,talk,91,8,14,Over
3,talk,92,8,2,Skip
3,talk,93,8,9,Over
3,talk,94,8,7,Over
3,talk,95,8,4,Over
3,talk,96,8,15,VOTE Agent[02]
3,talk,97,8,5,Over
3,talk,98,8,1,Over
3,talk,99,9,2,Over
3,talk,100,9,9,Over
3,talk,101,9,14,Over
3,talk,102,9,11,Over
3,talk,103,9,10,VOTE Agent[02]
3,talk,104,9,4,Over
3,talk,105,9,5,Over
3,talk,106,9,8,Over
3,talk,107,9,15,Over
3,talk,108,9,7,Over
3,talk,109,9,1,Over
3,talk,110,10,8,Over
3,talk,111,10,14,Over
3,talk,112,10,7,Over
3,talk,113,10,2,Over
3,talk,114,10,5,Over
3,talk,115,10,15,Over
3,talk,116,10,10,Over
3,talk,117,10,1,Over
3,talk,118,10,4,Over
3,talk,119,10,9,Over
3,talk,120,10,11,Over
3,vote,1,2
3,vote,2,10
3,vote,4,2
3,vote,5,2
3,vote,7,2
3,vote,8,2
3,vote,9,2
3,vote,10,2
3,vote,11,2
3,vote,14,4
3,vote,15,2
3,execute,2,WEREWOLF
3,divine,10,1,HUMAN
3,attackVote,9,10
3,attack,10,true
4,status,1,VILLAGER,ALIVE,hellowolf
4,status,2,WEREWOLF,DEAD,wasabi
4,status,3,WEREWOLF,DEAD,hellowolf 2
4,status,4,MEDIUM,ALIVE,fanfan 1
4,status,5,VILLAGER,ALIVE,hellowolf 1
4,status,6,BODYGUARD,DEAD,fanfan 2
4,status,7,VILLAGER,ALIVE,tomato
4,status,8,VILLAGER,ALIVE,takeda 1
4,status,9,WEREWOLF,ALIVE,takeda 3
4,status,10,SEER,DEAD,takeda 2
4,status,11,VILLAGER,ALIVE,tomato 1
4,status,12,VILLAGER,DEAD,fanfan
4,status,13,VILLAGER,DEAD,wasabi 1
4,status,14,POSSESSED,ALIVE,takeda
4,status,15,VILLAGER,ALIVE,HALUemon
4,talk,0,0,11,VOTE Agent[01]
4,talk,1,0,8,VOTE Agent[01]
4,talk,2,0,1,VOTE Agent[09]
4,talk,3,0,7,VOTE Agent[08]
4,talk,4,0,4,IDENTIFIED Agent[02] WEREWOLF
4,talk,5,0,14,DIVINED Agent[07] WEREWOLF
4,talk,6,0,9,VOTE Agent[01]
4,talk,7,0,15,VOTE Agent[09]
4,talk,8,0,5,VOTE Agent[01]
4,talk,9,1,9,Skip
4,talk,10,1,14,VOTE Agent[09]
4,talk,11,1,7,VOTE Agent[01]
4,talk,12,1,15,VOTE Agent[08]
4,talk,13,1,1,Skip
4,talk,14,1,4,VOTE Agent[09]
4,talk,15,1,11,Skip
4,talk,16,1,8,Skip
4,talk,17,1,5,VOTE Agent[09]
4,talk,18,2,14,Skip
4,talk,19,2,8,Skip
4,talk,20,2,5,Skip
4,talk,21,2,9,Skip
4,talk,22,2,1,Skip
4,talk,23,2,7,VOTE Agent[09]
4,talk,24,2,4,Skip
4,talk,25,2,11,VOTE Agent[09]
4,talk,26,2,15,VOTE Agent[09]
4,talk,27,3,15,VOTE Agent[01]
4,talk,28,3,7,Skip
4,talk,29,3,14,Skip
4,talk,30,3,9,VOTE Agent[01]
4,talk,31,3,5,Skip
4,talk,32,3,1,Over
4,talk,33,3,8,VOTE Agent[09]
4,talk,34,3,4,Skip
4,talk,35,3,11,Skip
4,talk,36,4,5,Over
4,talk,37,4,4,Over
4,talk,38,4,15,VOTE Agent[01]
4,talk,39,4,1,Over
4,talk,40,4,7,Skip
4,talk,41,4,9,VOTE Agent[01]
4,talk,42,4,11,Skip
4,talk,43,4,14,Over
4,talk,44,4,8,Skip
4,talk,45,5,4,Over
4,talk,46,5,5,Over
4,talk,47,5,15,VOTE Agent[01]
4,talk,48,5,7,VOTE Agent[01]
4,talk,49,5,9,VOTE Agent[01]
4,talk,50,5,8,Skip
4,talk,51,5,14,Over
4,talk,52,5,11,VOTE Agent[01]
4,talk,53,5,1,Over
4,talk,54,6,15,VOTE Agent[01]
4,talk,55,6,7,Skip
4,talk,56,6,1,Over
4,talk,57,6,4,Over
4,talk,58,6,14,Over
4,talk,59,6,11,Skip
4,talk,60,6,9,VOTE Agent[01]
4,talk,61,6,5,Over
4,talk,62,6,8,Over
4,talk,63,7,1,Over
4,talk,64,7,7,Skip
4,talk,65,7,4,Over
4,talk,66,7,9,VOTE Agent[01]
4,talk,67,7,14,Over
4,talk,68,7,8,Over
4,talk,69,7,11,Skip
4,talk,70,7,5,Over
4,talk,71,7,15,VOTE Agent[01]
4,talk,72,8,15,VOTE Agent[01]
4,talk,73,8,8,Over
4,talk,74,8,11,Over
4,talk,75,8,7,Over
4,talk,76,8,14,Over
4,talk,77,8,1,Over
4,talk,78,8,4,Over
4,talk,79,8,5,Over
4,talk,80,8,9,VOTE Agent[01]
4,talk,81,9,11,Over
4,talk,82,9,1,Over
4,talk,83,9,15,Over
4,talk,84,9,5,Over
4,talk,85,9,9,VOTE Agent[01]
4,talk,86,9,14,Over
4,talk,87,9,7,Over
4,talk,88,9,8,Over
4,talk,89,9,4,Over
4,talk,90,10,11,Over
4,talk,91,10,15,Over
4,talk,92,10,4,Over
4,talk,93,10,1,Over
4,talk,94,10,9,VOTE Agent[01]
4,talk,95,10,8,Over
4,talk,96,10,14,Over
4,talk,97,10,7,Over
4,talk,98,10,5,Over
4,talk,99,11,1,Over
4,talk,100,11,8,Over
4,talk,101,11,11,Over
4,talk,102,11,5,Over
4,talk,103,11,4,Over
4,talk,104,11,9,VOTE Agent[01]
4,talk,105,11,15,Over
4,talk,106,11,14,Over
4,talk,107,11,7,Over
4,talk,108,12,4,Over
4,talk,109,12,7,Over
4,talk,110,12,1,Over
4,talk,111,12,14,Over
4,talk,112,12,11,Over
4,talk,113,12,9,Over
4,talk,114,12,15,Over
4,talk,115,12,5,Over
4,talk,116,12,8,Over
4,vote,1,9
4,vote,4,9
4,vote,5,9
4,vote,7,1
4,vote,8,9
4,vote,9,1
4,vote,11,1
4,vote,14,9
4,vote,15,1
4,execute,9,WEREWOLF
5,status,1,VILLAGER,ALIVE,hellowolf
5,status,2,WEREWOLF,DEAD,wasabi
5,status,3,WEREWOLF,DEAD,hellowolf 2
5,status,4,MEDIUM,ALIVE,fanfan 1
5,status,5,VILLAGER,ALIVE,hellowolf 1
5,status,6,BODYGUARD,DEAD,fanfan 2
5,status,7,VILLAGER,ALIVE,tomato
5,status,8,VILLAGER,ALIVE,takeda 1
5,status,9,WEREWOLF,DEAD,takeda 3
5,status,10,SEER,DEAD,takeda 2
5,status,11,VILLAGER,ALIVE,tomato 1
5,status,12,VILLAGER,DEAD,fanfan
5,status,13,VILLAGER,DEAD,wasabi 1
5,status,14,POSSESSED,ALIVE,takeda
5,status,15,VILLAGER,ALIVE,HALUemon
5,result,8,0,VILLAGER
