0,status,1,VILLAGER,ALIVE,hellowolf
0,status,2,VILLAGER,ALIVE,wasabi
0,status,3,VILLAGER,ALIVE,hellowolf 2
0,status,4,VILLAGER,ALIVE,fanfan 1
0,status,5,SEER,ALIVE,hellowolf 1
0,status,6,VILLAGER,ALIVE,fanfan 2
0,status,7,VILLAGER,ALIVE,tomato
0,status,8,WEREWOLF,ALIVE,takeda 1
0,status,9,WEREWOLF,ALIVE,takeda 3
0,status,10,MEDIUM,ALIVE,takeda 2
0,status,11,POSSESSED,ALIVE,tomato 1
0,status,12,BODYGUARD,ALIVE,fanfan
0,status,13,VILLAGER,ALIVE,wasabi 1
0,status,14,WEREWOLF,ALIVE,takeda
0,status,15,VILLAGER,ALIVE,HALUemon
0,whisper,0,0,9,Skip
0,whisper,1,0,8,Skip
0,whisper,2,0,14,Skip
0,whisper,3,1,14,Skip
0,whisper,4,1,8,Skip
0,whisper,5,1,9,Skip
0,whisper,6,2,9,Over
0,whisper,7,2,14,Over
0,whisper,8,2,8,Over
0,divine,5,6,HUMAN
1,status,1,VILLAGER,ALIVE,hellowolf
1,status,2,VILLAGER,ALIVE,wasabi
1,status,3,VILLAGER,ALIVE,hellowolf 2
1,status,4,VILLAGER,ALIVE,fanfan 1
1,status,5,SEER,ALIVE,hellowolf 1
1,status,6,VILLAGER,ALIVE,fanfan 2
1,status,7,VILLAGER,ALIVE,tomato
1,status,8,WEREWOLF,ALIVE,takeda 1
1,status,9,WEREWOLF,ALIVE,takeda 3
1,status,10,MEDIUM,ALIVE,takeda 2
1,status,11,POSSESSED,ALIVE,tomato 1
1,status,12,BODYGUARD,ALIVE,fanfan
1,status,13,VILLAGER,ALIVE,wasabi 1
1,status,14,WEREWOLF,ALIVE,takeda
1,status,15,VILLAGER,ALIVE,HALUemon
1,talk,0,0,6,VOTE Agent[14]
1,talk,1,0,12,VOTE Agent[06]
1,talk,2,0,14,VOTE Agent[01]
1,talk,3,0,9,VOTE Agent[03]
1,talk,4,0,10,COMINGOUT Agent[10] MEDIUM
1,talk,5,0,7,VOTE Agent[12]
1,talk,6,0,8,VOTE Agent[02]
1,talk,7,0,4,VOTE Agent[06]
1,talk,8,0,2,ESTIMATE Agent[11] VILLAGER
1,talk,9,0,5,COMINGOUT Agent[05] SEER
1,talk,10,0,13,ESTIMATE Agent[02] VILLAGER
1,talk,11,0,3,VOTE Agent[06]
1,talk,12,0,1,VOTE Agent[06]
1,talk,13,0,11,COMINGOUT Agent[11] SEER
1,talk,14,0,15,VOTE Agent[07]
1,talk,15,1,12,VOTE Agent[02]
1,talk,16,1,7,VOTE Agent[06]
1,talk,17,1,10,VOTE Agent[02]
1,talk,18,1,11,DIVINED Agent[06] HUMAN
1,talk,19,1,3,Skip
1,talk,20,1,6,VOTE Agent[04]
1,talk,21,1,4,VOTE Agent[02]
1,talk,22,1,9,VOTE Agent[01]
1,talk,23,1,8,VOTE Agent[12]
1,talk,24,1,15,VOTE Agent[03]
1,talk,25,1,13,ESTIMATE Agent[09] WEREWOLF
1,talk,26,1,1,VOTE Agent[02]
1,talk,27,1,14,VOTE Agent[04]
1,talk,28,1,5,DIVINED Agent[06] HUMAN
1,talk,29,1,2,ESTIMATE Agent[07] VILLAGER
1,talk,30,2,5,VOTE Agent[03]
1,talk,31,2,10,VOTE Agent[03]
1,talk,32,2,15,VOTE Agent[04]
1,talk,33,2,14,VOTE Agent[03]
1,talk,34,2,6,VOTE Agent[02]
1,talk,35,2,2,ESTIMATE Agent[06] VILLAGER
1,talk,36,2,12,Skip
1,talk,37,2,4,Skip
1,talk,38,2,8,VOTE Agent[03]
1,talk,39,2,7,VOTE Agent[02]
1,talk,40,2,13,ESTIMATE Agent[09] VILLAGER
1,talk,41,2,9,VOTE Agent[03]
1,talk,42,2,11,VOTE Agent[02]
1,talk,43,2,3,VOTE Agent[02]
1,talk,44,2,1,Skip
1,talk,45,3,2,VOTE Agent[12]
1,talk,46,3,12,Skip
1,talk,47,3,10,Skip
1,talk,48,3,15,VOTE Agent[03]
1,talk,49,3,6,Skip
1,talk,50,3,5,VOTE Agent[02]
1,talk,51,3,11,Skip
1,talk,52,3,3,Skip
1,talk,53,3,7,Skip
1,talk,54,3,1,VOTE Agent[03]
1,talk,55,3,14,Skip
1,talk,56,3,13,VOTE Agent[02]
1,talk,57,3,4,Skip
1,talk,58,3,9,Skip
1,talk,59,3,8,Skip
1,talk,60,4,4,Over
1,talk,61,4,1,VOTE Agent[02]
1,talk,62,4,10,Skip
1,talk,63,4,8,VOTE Agent[02]
1,talk,64,4,5,VOTE Agent[03]
1,talk,65,4,3,Skip
1,talk,66,4,14,VOTE Agent[02]
1,talk,67,4,9,VOTE Agent[02]
1,talk,68,4,11,Skip
1,talk,69,4,15,VOTE Agent[03]
1,talk,70,4,2,Skip
1,talk,71,4,13,VOTE Agent[08]
1,talk,72,4,12,Over
1,talk,73,4,6,Skip
1,talk,74,4,7,Skip
1,talk,75,5,5,VOTE Agent[02]
1,talk,76,5,7,Over
1,talk,77,5,15,VOTE Agent[03]
1,talk,78,5,14,Skip
1,talk,79,5,9,Skip
1,talk,80,5,1,Skip
1,talk,81,5,3,Over
1,talk,82,5,11,Over
1,talk,83,5,6,Over
1,talk,84,5,12,Over
1,talk,85,5,13,VOTE Agent[04]
1,talk,86,5,8,Skip
1,talk,87,5,4,Over
1,talk,88,5,2,ESTIMATE Agent[15] VILLAGER
1,talk,89,5,10,Over
1,talk,90,6,12,Over
1,talk,91,6,9,Skip
1,talk,92,6,8,Skip
1,talk,93,6,11,Over
1,talk,94,6,3,Over
1,talk,95,6,13,VOTE Agent[02]
1,talk,96,6,10,Over
1,talk,97,6,2,VOTE Agent[08]
1,talk,98,6,15,VOTE Agent[03]
1,talk,99,6,4,VOTE Agent[01]
1,talk,100,6,5,Skip
1,talk,101,6,6,Over
1,talk,102,6,14,Skip
1,talk,103,6,7,Over
1,talk,104,6,1,Skip
1,talk,105,7,8,Over
1,talk,106,7,15,VOTE Agent[08]
1,talk,107,7,11,Over
1,talk,108,7,13,ESTIMATE Agent[06] VILLAGER
1,talk,109,7,3,Over
1,talk,110,7,12,Over
1,talk,111,7,6,Over
1,talk,112,7,9,Over
1,talk,113,7,4,VOTE Agent[02]
1,talk,114,7,7,Over
1,talk,115,7,1,Over
1,talk,116,7,14,Over
1,talk,117,7,2,VOTE Agent[13]
1,talk,118,7,10,Over
1,talk,119,7,5,Skip
1,talk,120,8,9,Over
1,talk,121,8,5,Over
1,talk,122,8,4,Skip
1,talk,123,8,7,Over
1,talk,124,8,15,VOTE Agent[03]
1,talk,125,8,11,Over
1,talk,126,8,6,Over
1,talk,127,8,14,Over
1,talk,128,8,10,Over
1,talk,129,8,13,Skip
1,talk,130,8,3,Over
1,talk,131,8,8,Over
1,talk,132,8,2,ESTIMATE Agent[05] WEREWOLF
1,talk,133,8,1,Over
1,talk,134,8,12,Over
1,talk,135,9,6,Over
1,talk,136,9,14,Over
1,talk,137,9,8,Over
1,talk,138,9,10,Over
1,talk,139,9,3,Over
1,talk,140,9,7,Over
1,talk,141,9,5,Over
1,talk,142,9,15,Over
1,talk,143,9,4,Skip
1,talk,144,9,12,Over
1,talk,145,9,2,Over
1,talk,146,9,9,Over
1,talk,147,9,11,Over
1,talk,148,9,13,Over
1,talk,149,9,1,Over
1,talk,150,10,1,Over
1,talk,151,10,15,Over
1,talk,152,10,12,Over
1,talk,153,10,7,Over
1,talk,154,10,4,Over
1,talk,155,10,9,Over
1,talk,156,10,2,Over
1,talk,157,10,13,Over
1,talk,158,10,10,Over
1,talk,159,10,11,Over
1,talk,160,10,5,Over
1,talk,161,10,3,Over
1,talk,162,10,8,Over
1,talk,163,10,14,Over
1,talk,164,10,6,Over
1,vote,1,2
1,vote,2,13
1,vote,3,2
1,vote,4,2
1,vote,5,2
1,vote,6,2
1,vote,7,2
1,vote,8,2
1,vote,9,2
1,vote,10,3
1,vote,11,2
1,vote,12,2
1,vote,13,2
1,vote,14,2
1,vote,15,13
1,execute,2,VILLAGER
1,divine,5,3,HUMAN
1,whisper,0,0,14,Skip
1,whisper,1,0,8,Skip
1,whisper,2,0,9,Skip
1,whisper,3,1,9,Skip
1,whisper,4,1,14,Skip
1,whisper,5,1,8,Skip
1,whisper,6,2,8,Over
1,whisper,7,2,14,Over
1,whisper,8,2,9,Over
1,guard,12,11,POSSESSED
1,attackVote,8,6
1,attackVote,9,6
1,attackVote,14,6
1,attack,6,true
2,status,1,VILLAGER,ALIVE,hellowolf
2,status,2,VILLAGER,DEAD,wasabi
2,status,3,VILLAGER,ALIVE,hellowolf 2
2,status,4,VILLAGER,ALIVE,fanfan 1
2,status,5,SEER,ALIVE,hellowolf 1
2,status,6,VILLAGER,DEAD,fanfan 2
2,status,7,VILLAGER,ALIVE,tomato
2,status,8,WEREWOLF,ALIVE,takeda 1
2,status,9,WEREWOLF,ALIVE,takeda 3
2,status,10,MEDIUM,ALIVE,takeda 2
2,status,11,POSSESSED,ALIVE,tomato 1
2,status,12,BODYGUARD,ALIVE,fanfan
2,status,13,VILLAGER,ALIVE,wasabi 1
2,status,14,WEREWOLF,ALIVE,takeda
2,status,15,VILLAGER,ALIVE,HALUemon
2,talk,0,0,11,DIVINED Agent[14] WEREWOLF
2,talk,1,0,4,VOTE Agent[01]
2,talk,2,0,1,VOTE Agent[03]
2,talk,3,0,5,DIVINED Agent[03] HUMAN
2,talk,4,0,8,VOTE Agent[03]
2,talk,5,0,3,VOTE Agent[09]
2,talk,6,0,15,VOTE Agent[13]
2,talk,7,0,12,VOTE Agent[01]
2,talk,8,0,7,VOTE Agent[08]
2,talk,9,0,10,IDENTIFIED Agent[02] HUMAN
2,talk,10,0,14,VOTE Agent[03]
2,talk,11,0,9,VOTE Agent[03]
2,talk,12,0,13,ESTIMATE Agent[07] VILLAGER
2,talk,13,1,9,Skip
2,talk,14,1,13,Skip
2,talk,15,1,15,VOTE Agent[14]
2,talk,16,1,1,VOTE Agent[14]
2,talk,17,1,3,VOTE Agent[15]
2,talk,18,1,7,VOTE Agent[03]
2,talk,19,1,14,Skip
2,talk,20,1,12,VOTE Agent[14]
2,talk,21,1,8,Skip
2,talk,22,1,10,Skip
2,talk,23,1,5,VOTE Agent[11]
2,talk,24,1,11,VOTE Agent[14]
2,talk,25,1,4,VOTE Agent[14]
2,talk,26,2,5,Skip
2,talk,27,2,4,Skip
2,talk,28,2,7,VOTE Agent[14]
2,talk,29,2,8,Skip
2,talk,30,2,3,VOTE Agent[14]
2,talk,31,2,15,VOTE Agent[14]
2,talk,32,2,1,Skip
2,talk,33,2,9,Skip
2,talk,34,2,14,Skip
2,talk,35,2,12,Skip
2,talk,36,2,11,Skip
2,talk,37,2,13,ESTIMATE Agent[01] VILLAGER
2,talk,38,2,10,Skip
2,talk,39,3,14,VOTE Agent[03]
2,talk,40,3,7,Skip
2,talk,41,3,10,Over
2,talk,42,3,9,VOTE Agent[14]
2,talk,43,3,15,VOTE Agent[14]
2,talk,44,3,5,Skip
2,talk,45,3,13,VOTE Agent[14]
2,talk,46,3,8,VOTE Agent[14]
2,talk,47,3,12,Skip
2,talk,48,3,3,VOTE Agent[01]
2,talk,49,3,1,Skip
2,talk,50,3,4,Skip
2,talk,51,3,11,Skip
2,talk,52,4,13,ESTIMATE Agent[11] WEREWOLF
2,talk,53,4,5,Over
2,talk,54,4,7,Skip
2,talk,55,4,10,Over
2,talk,56,4,3,VOTE Agent[04]
2,talk,57,4,12,Over
2,talk,58,4,8,Skip
2,talk,59,4,15,VOTE Agent[14]
2,talk,60,4,14,VOTE Agent[03]
2,talk,61,4,4,Over
2,talk,62,4,11,Over
2,talk,63,4,9,Skip
2,talk,64,4,1,Over
2,talk,65,5,14,VOTE Agent[03]
2,talk,66,5,12,Over
2,talk,67,5,11,Over
2,talk,68,5,10,Over
2,talk,69,5,13,ESTIMATE Agent[12] VILLAGER
2,talk,70,5,5,Over
2,talk,71,5,4,Over
2,talk,72,5,8,Skip
2,talk,73,5,9,Skip
2,talk,74,5,15,VOTE Agent[14]
2,talk,75,5,3,VOTE Agent[14]
2,talk,76,5,1,Over
2,talk,77,5,7,Over
2,talk,78,6,12,Over
2,talk,79,6,3,Skip
2,talk,80,6,4,Over
2,talk,81,6,14,VOTE Agent[03]
2,talk,82,6,13,Skip
2,talk,83,6,10,Over
2,talk,84,6,15,VOTE Agent[14]
2,talk,85,6,9,Over
2,talk,86,6,7,Over
2,talk,87,6,5,VOTE Agent[14]
2,talk,88,6,11,Over
2,talk,89,6,1,Over
2,talk,90,6,8,Over
2,talk,91,7,15,VOTE Agent[14]
2,talk,92,7,12,Over
2,talk,93,7,4,Over
2,talk,94,7,8,Over
2,talk,95,7,7,Over
2,talk,96,7,3,Skip
2,talk,97,7,5,Skip
2,talk,98,7,10,Over
2,talk,99,7,14,VOTE Agent[03]
2,talk,100,7,13,ESTIMATE Agent[14] WEREWOLF
2,talk,101,7,9,Over
2,talk,102,7,1,Over
2,talk,103,7,11,Over
2,talk,104,8,8,Over
2,talk,105,8,3,Over
2,talk,106,8,7,Over
2,talk,107,8,10,Over
2,talk,108,8,14,VOTE Agent[03]
2,talk,109,8,9,Over
2,talk,110,8,12,Over
2,talk,111,8,4,Over
2,talk,112,8,1,Over
2,talk,113,8,5,Skip
2,talk,114,8,11,Over
2,talk,115,8,15,VOTE Agent[14]
2,talk,116,8,13,ESTIMATE Agent[09] VILLAGER
2,talk,117,9,9,Over
2,talk,118,9,5,Over
2,talk,119,9,13,Over
2,talk,120,9,14,VOTE Agent[03]
2,talk,121,9,15,Over
2,talk,122,9,7,Over
2,talk,123,9,11,Over
2,talk,124,9,12,Over
2,talk,125,9,8,Over
2,talk,126,9,10,Over
2,talk,127,9,4,Over
2,talk,128,9,3,Over
2,talk,129,9,1,Over
2,talk,130,10,3,Over
2,talk,131,10,4,Over
2,talk,132,10,7,Over
2,talk,133,10,11,Over
2,talk,134,10,5,Over
2,talk,135,10,9,Over
2,talk,136,10,8,Over
2,talk,137,10,1,Over
2,talk,138,10,15,Over
2,talk,139,10,10,Over
2,talk,140,10,12,Over
2,talk,141,10,13,Over
2,talk,142,10,14,VOTE Agent[03]
2,talk,143,11,3,Over
2,talk,144,11,4,Over
2,talk,145,11,15,Over
2,talk,146,11,1,Over
2,talk,147,11,14,VOTE Agent[03]
2,talk,148,11,9,Over
2,talk,149,11,13,Over
2,talk,150,11,5,Over
2,talk,151,11,12,Over
2,talk,152,11,8,Over
2,talk,153,11,10,Over
2,talk,154,11,11,Over
2,talk,155,11,7,Over
2,talk,156,12,4,Over
2,talk,157,12,1,Over
2,talk,158,12,7,Over
2,talk,159,12,3,Over
2,talk,160,12,10,Over
2,talk,161,12,11,Over
2,talk,162,12,15,Over
2,talk,163,12,14,Over
2,talk,164,12,12,Over
2,talk,165,12,5,Over
2,talk,166,12,9,Over
2,talk,167,12,13,Over
2,talk,168,12,8,Over
2,vote,1,14
2,vote,3,14
2,vote,4,14
2,vote,5,14
2,vote,7,14
2,vote,8,14
2,vote,9,14
2,vote,10,3
2,vote,11,14
2,vote,12,14
2,vote,13,14
2,vote,14,3
2,vote,15,14
2,execute,14,WEREWOLF
2,divine,5,1,HUMAN
2,whisper,0,0,8,Skip
2,whisper,1,0,9,Skip
2,whisper,2,1,9,Skip
2,whisper,3,1,8,Skip
2,whisper,4,2,8,Over
2,whisper,5,2,9,Over
2,guard,12,11,POSSESSED
2,attackVote,8,3
2,attackVote,9,3
2,attack,3,true
3,status,1,VILLAGER,ALIVE,hellowolf
3,status,2,VILLAGER,DEAD,wasabi
3,status,3,VILLAGER,DEAD,hellowolf 2
3,status,4,VILLAGER,ALIVE,fanfan 1
3,status,5,SEER,ALIVE,hellowolf 1
3,status,6,VILLAGER,DEAD,fanfan 2
3,status,7,VILLAGER,ALIVE,tomato
3,status,8,WEREWOLF,ALIVE,takeda 1
3,status,9,WEREWOLF,ALIVE,takeda 3
3,status,10,MEDIUM,ALIVE,takeda 2
3,status,11,POSSESSED,ALIVE,tomato 1
3,status,12,BODYGUARD,ALIVE,fanfan
3,status,13,VILLAGER,ALIVE,wasabi 1
3,status,14,WEREWOLF,DEAD,takeda
3,status,15,VILLAGER,ALIVE,HALUemon
3,talk,0,0,7,VOTE Agent[04]
3,talk,1,0,8,VOTE Agent[12]
3,talk,2,0,10,IDENTIFIED Agent[14] WEREWOLF
3,talk,3,0,11,DIVINED Agent[13] HUMAN
3,talk,4,0,9,VOTE Agent[12]
3,talk,5,0,15,VOTE Agent[04]
3,talk,6,0,4,VOTE Agent[09]
3,talk,7,0,1,VOTE Agent[12]
3,talk,8,0,5,DIVINED Agent[01] HUMAN
3,talk,9,0,13,ESTIMATE Agent[04] VILLAGER
3,talk,10,0,12,VOTE Agent[09]
3,talk,11,1,11,VOTE Agent[09]
3,talk,12,1,4,VOTE Agent[12]
3,talk,13,1,7,VOTE Agent[12]
3,talk,14,1,15,VOTE Agent[09]
3,talk,15,1,13,ESTIMATE Agent[05] WEREWOLF
3,talk,16,1,5,VOTE Agent[11]
3,talk,17,1,9,Skip
3,talk,18,1,8,Skip
3,talk,19,1,1,Skip
3,talk,20,1,10,VOTE Agent[08]
3,talk,21,1,12,Skip
3,talk,22,2,13,ESTIMATE Agent[09] WEREWOLF
3,talk,23,2,7,VOTE Agent[09]
3,talk,24,2,10,Skip
3,talk,25,2,4,Skip
3,talk,26,2,11,Skip
3,talk,27,2,1,Skip
3,talk,28,2,15,VOTE Agent[09]
3,talk,29,2,5,VOTE Agent[12]
3,talk,30,2,8,Skip
3,talk,31,2,12,Skip
3,talk,32,2,9,Skip
3,talk,33,3,12,Over
3,talk,34,3,8,Over
3,talk,35,3,5,Skip
3,talk,36,3,7,Skip
3,talk,37,3,10,Skip
3,talk,38,3,1,Over
3,talk,39,3,4,Skip
3,talk,40,3,15,VOTE Agent[09]
3,talk,41,3,13,VOTE Agent[08]
3,talk,42,3,11,Skip
3,talk,43,3,9,Over
3,talk,44,4,13,VOTE Agent[04]
3,talk,45,4,8,Over
3,talk,46,4,12,Over
3,talk,47,4,15,VOTE Agent[09]
3,talk,48,4,5,Skip
3,talk,49,4,4,Over
3,talk,50,4,9,Over
3,talk,51,4,7,Skip
3,talk,52,4,1,Over
3,talk,53,4,10,Over
3,talk,54,4,11,Over
3,talk,55,5,15,VOTE Agent[09]
3,talk,56,5,9,Over
3,talk,57,5,12,Over
3,talk,58,5,5,Over
3,talk,59,5,1,Over
3,talk,60,5,13,ESTIMATE Agent[15] WEREWOLF
3,talk,61,5,10,Over
3,talk,62,5,7,Over
3,talk,63,5,4,Over
3,talk,64,5,11,Over
3,talk,65,5,8,Over
3,talk,66,6,12,Over
3,talk,67,6,5,Over
3,talk,68,6,10,VOTE Agent[09]
3,talk,69,6,8,Over
3,talk,70,6,4,Over
3,talk,71,6,7,Over
3,talk,72,6,13,VOTE Agent[12]
3,talk,73,6,11,Over
3,talk,74,6,1,Over
3,talk,75,6,9,Over
3,talk,76,6,15,VOTE Agent[09]
3,talk,77,7,7,Over
3,talk,78,7,15,VOTE Agent[09]
3,talk,79,7,11,Over
3,talk,80,7,5,Over
3,talk,81,7,12,Over
3,talk,82,7,9,Over
3,talk,83,7,1,Over
3,talk,84,7,4,Over
3,talk,85,7,13,ESTIMATE Agent[15] VILLAGER
3,talk,86,7,8,Over
3,talk,87,7,10,VOTE Agent[12]
3,talk,88,8,13,VOTE Agent[09]
3,talk,89,8,4,Over
3,talk,90,8,7,Over
3,talk,91,8,9,Over
3,talk,92,8,12,Over
3,talk,93,8,1,Over
3,talk,94,8,10,VOTE Agent[09]
3,talk,95,8,8,Over
3,talk,96,8,5,Over
3,talk,97,8,15,VOTE Agent[09]
3,talk,98,8,11,Over
3,talk,99,9,5,VOTE Agent[11]
3,talk,100,9,1,VOTE Agent[09]
3,talk,101,9,7,Over
3,talk,102,9,13,Over
3,talk,103,9,10,Skip
3,talk,104,9,12,Over
3,talk,105,9,9,VOTE Agent[12]
3,talk,106,9,11,Over
3,talk,107,9,4,VOTE Agent[09]
3,talk,108,9,8,VOTE Agent[09]
3,talk,109,9,15,Over
3,talk,110,10,11,Over
3,talk,111,10,9,VOTE Agent[12]
3,talk,112,10,7,Over
3,talk,113,10,10,Skip
3,talk,114,10,13,Over
3,talk,115,10,8,Skip
3,talk,116,10,5,Skip
3,talk,117,10,1,Skip
3,talk,118,10,12,Over
3,talk,119,10,4,Skip
3,talk,120,10,15,Over
3,talk,121,11,11,Over
3,talk,122,11,7,Over
3,talk,123,11,13,Over
3,talk,124,11,4,Skip
3,talk,125,11,1,Skip
3,talk,126,11,15,Over
3,talk,127,11,12,Over
3,talk,128,11,5,Skip
3,talk,129,11,10,Over
3,talk,130,11,8,Skip
3,talk,131,11,9,VOTE Agent[12]
3,talk,132,12,13,Over
3,talk,133,12,15,Over
3,talk,134,12,8,Over
3,talk,135,12,7,Over
3,talk,136,12,12,Over
3,talk,137,12,1,Over
3,talk,138,12,10,Over
3,talk,139,12,11,Over
3,talk,140,12,9,VOTE Agent[12]
3,talk,141,12,5,Over
3,talk,142,12,4,Over
3,talk,143,13,5,Over
3,talk,144,13,15,Over
3,talk,145,13,8,Over
3,talk,146,13,1,Over
3,talk,147,13,7,Over
3,talk,148,13,10,Over
3,talk,149,13,11,Over
3,talk,150,13,9,VOTE Agent[12]
3,talk,151,13,4,Over
3,talk,152,13,12,Over
3,talk,153,13,13,Over
3,talk,154,14,5,Over
3,talk,155,14,15,Over
3,talk,156,14,12,Over
3,talk,157,14,8,Over
3,talk,158,14,11,Over
3,talk,159,14,9,VOTE Agent[12]
3,talk,160,14,1,Over
3,talk,161,14,7,Over
3,talk,162,14,13,Over
3,talk,163,14,10,Over
3,talk,164,14,4,Over
3,talk,165,15,5,Over
3,talk,166,15,12,Over
3,talk,167,15,9,VOTE Agent[12]
3,talk,168,15,10,Over
3,talk,169,15,15,Over
3,talk,170,15,4,Over
3,talk,171,15,11,Over
3,talk,172,15,7,Over
3,talk,173,15,1,Over
3,talk,174,15,8,Over
3,talk,175,15,13,Over
3,talk,176,16,10,Over
3,talk,177,16,7,Over
3,talk,178,16,9,VOTE Agent[12]
3,talk,179,16,11,Over
3,talk,180,16,8,Over
3,talk,181,16,12,Over
3,talk,182,16,1,Over
3,talk,183,16,15,Over
3,talk,184,16,4,Over
3,talk,185,16,13,Over
3,talk,186,16,5,Over
3,talk,187,17,4,Over
3,talk,188,17,10,Over
3,talk,189,17,9,VOTE Agent[12]
3,talk,190,17,5,Over
3,talk,191,17,8,Over
3,talk,192,17,12,Over
3,talk,193,17,15,Over
3,talk,194,17,13,Over
3,talk,195,17,11,Over
3,talk,196,17,7,Over
3,talk,197,17,1,Over
3,talk,198,18,4,Over
3,talk,199,18,10,Over
3,talk,200,18,9,Over
3,talk,201,18,8,Over
3,talk,202,18,1,Over
3,talk,203,18,11,Over
3,talk,204,18,15,Over
3,talk,205,18,13,Over
3,talk,206,18,5,Over
3,talk,207,18,12,Over
3,talk,208,18,7,Over
3,vote,1,9
3,vote,4,9
3,vote,5,11
3,vote,7,9
3,vote,8,9
3,vote,9,12
3,vote,10,9
3,vote,11,9
3,vote,12,9
3,vote,13,9
3,vote,15,12
3,execute,9,WEREWOLF
3,divine,5,13,HUMAN
3,guard,12,11,POSSESSED
3,attackVote,8,12
3,attack,12,true
4,status,1,VILLAGER,ALIVE,hellowolf
4,status,2,VILLAGER,DEAD,wasabi
4,status,3,VILLAGER,DEAD,hellowolf 2
4,status,4,VILLAGER,ALIVE,fanfan 1
4,status,5,SEER,ALIVE,hellowolf 1
4,status,6,VILLAGER,DEAD,fanfan 2
4,status,7,VILLAGER,ALIVE,tomato
4,status,8,WEREWOLF,ALIVE,takeda 1
4,status,9,WEREWOLF,DEAD,takeda 3
4,status,10,MEDIUM,ALIVE,takeda 2
4,status,11,POSSESSED,ALIVE,tomato 1
4,status,12,BODYGUARD,DEAD,fanfan
4,status,13,VILLAGER,ALIVE,wasabi 1
4,status,14,WEREWOLF,DEAD,takeda
4,status,15,VILLAGER,ALIVE,HALUemon
4,talk,0,0,15,VOTE Agent[08]
4,talk,1,0,13,ESTIMATE Agent[10] MEDIUM
4,talk,2,0,1,VOTE Agent[04]
4,talk,3,0,4,VOTE Agent[01]
4,talk,4,0,5,DIVINED Agent[13] HUMAN
4,talk,5,0,11,DIVINED Agent[08] WEREWOLF
4,talk,6,0,10,IDENTIFIED Agent[09] WEREWOLF
4,talk,7,0,7,VOTE Agent[11]
4,talk,8,0,8,VOTE Agent[04]
4,talk,9,1,13,ESTIMATE Agent[11] WEREWOLF
4,talk,10,1,11,VOTE Agent[07]
4,talk,11,1,5,VOTE Agent[11]
4,talk,12,1,15,VOTE Agent[08]
4,talk,13,1,1,VOTE Agent[08]
4,talk,14,1,10,VOTE Agent[04]
4,talk,15,1,8,Skip
4,talk,16,1,7,VOTE Agent[04]
4,talk,17,1,4,VOTE Agent[08]
4,talk,18,2,5,VOTE Agent[08]
4,talk,19,2,1,Skip
4,talk,20,2,10,VOTE Agent[08]
4,talk,21,2,8,Skip
4,talk,22,2,13,ESTIMATE Agent[01] VILLAGER
4,talk,23,2,15,VOTE Agent[08]
4,talk,24,2,7,VOTE Agent[08]
4,talk,25,2,11,Skip
4,talk,26,2,4,Skip
4,talk,27,3,5,Skip
4,talk,28,3,13,VOTE Agent[08]
4,talk,29,3,1,Skip
4,talk,30,3,15,VOTE Agent[08]
4,talk,31,3,4,Skip
4,talk,32,3,11,Skip
4,talk,33,3,8,VOTE Agent[04]
4,talk,34,3,10,Skip
4,talk,35,3,7,Skip
4,talk,36,4,15,VOTE Agent[08]
4,talk,37,4,5,Skip
4,talk,38,4,4,Over
4,talk,39,4,10,Skip
4,talk,40,4,11,Over
4,talk,41,4,1,Over
4,talk,42,4,13,ESTIMATE Agent[05] WEREWOLF
4,talk,43,4,8,VOTE Agent[04]
4,talk,44,4,7,Skip
4,talk,45,5,7,Over
4,talk,46,5,15,VOTE Agent[08]
4,talk,47,5,4,Over
4,talk,48,5,1,Over
4,talk,49,5,13,ESTIMATE Agent[08] WEREWOLF
4,talk,50,5,10,Over
4,talk,51,5,11,Over
4,talk,52,5,8,VOTE Agent[04]
4,talk,53,5,5,Over
4,talk,54,6,11,Over
4,talk,55,6,8,VOTE Agent[04]
4,talk,56,6,7,Over
4,talk,57,6,4,Over
4,talk,58,6,13,ESTIMATE Agent[08] WEREWOLF
4,talk,59,6,1,Over
4,talk,60,6,15,VOTE Agent[08]
4,talk,61,6,10,Over
4,talk,62,6,5,Over
4,talk,63,7,10,Over
4,talk,64,7,13,ESTIMATE Agent[04] VILLAGER
4,talk,65,7,8,VOTE Agent[04]
4,talk,66,7,7,Over
4,talk,67,7,4,Over
4,talk,68,7,15,VOTE Agent[08]
4,talk,69,7,5,Over
4,talk,70,7,1,Over
4,talk,71,7,11,Over
4,talk,72,8,5,Over
4,talk,73,8,10,Over
4,talk,74,8,15,VOTE Agent[08]
4,talk,75,8,13,Skip
4,talk,76,8,8,VOTE Agent[04]
4,talk,77,8,1,Over
4,talk,78,8,11,Over
4,talk,79,8,4,Over
4,talk,80,8,7,Over
4,talk,81,9,1,Over
4,talk,82,9,15,Over
4,talk,83,9,4,Over
4,talk,84,9,10,Over
4,talk,85,9,5,Over
4,talk,86,9,11,Over
4,talk,87,9,13,Over
4,talk,88,9,7,Over
4,talk,89,9,8,VOTE Agent[04]
4,talk,90,10,11,Over
4,talk,91,10,8,VOTE Agent[04]
4,talk,92,10,13,Over
4,talk,93,10,15,Over
4,talk,94,10,10,Over
4,talk,95,10,7,Over
4,talk,96,10,1,Over
4,talk,97,10,5,Over
4,talk,98,10,4,Over
4,talk,99,11,10,Over
4,talk,100,11,1,Over
4,talk,101,11,8,VOTE Agent[04]
4,talk,102,11,7,Over
4,talk,103,11,5,Over
4,talk,104,11,11,Over
4,talk,105,11,4,Over
4,talk,106,11,15,Over
4,talk,107,11,13,Over
4,talk,108,12,1,Over
4,talk,109,12,4,Over
4,talk,110,12,15,Over
4,talk,111,12,11,Over
4,talk,112,12,7,Over
4,talk,113,12,8,Over
4,talk,114,12,10,Over
4,talk,115,12,13,Over
4,talk,116,12,5,Over
4,vote,1,8
4,vote,4,8
4,vote,5,8
4,vote,7,8
4,vote,8,4
4,vote,10,8
4,vote,11,7
4,vote,13,8
4,vote,15,8
4,execute,8,WEREWOLF
4,divine,5,15,HUMAN
5,status,1,VILLAGER,ALIVE,hellowolf
5,status,2,VILLAGER,DEAD,wasabi
5,status,3,VILLAGER,DEAD,hellowolf 2
5,status,4,VILLAGER,ALIVE,fanfan 1
5,status,5,SEER,ALIVE,hellowolf 1
5,status,6,VILLAGER,DEAD,fanfan 2
5,status,7,VILLAGER,ALIVE,tomato
5,status,8,WEREWOLF,DEAD,takeda 1
5,status,9,WEREWOLF,DEAD,takeda 3
5,status,10,MEDIUM,ALIVE,takeda 2
5,status,11,POSSESSED,ALIVE,tomato 1
5,status,12,BODYGUARD,DEAD,fanfan
5,status,13,VILLAGER,ALIVE,wasabi 1
5,status,14,WEREWOLF,DEAD,takeda
5,status,15,VILLAGER,ALIVE,HALUemon
5,result,8,0,VILLAGER
