0,status,1,WEREWOLF,ALIVE,hellowolf
0,status,2,VILLAGER,ALIVE,wasabi
0,status,3,VILLAGER,ALIVE,hellowolf 2
0,status,4,POSSESSED,ALIVE,fanfan 1
0,status,5,VILLAGER,ALIVE,hellowolf 1
0,status,6,WEREWOLF,ALIVE,fanfan 2
0,status,7,WEREWOLF,ALIVE,tomato
0,status,8,VILLAGER,ALIVE,takeda 1
0,status,9,BODYGUARD,ALIVE,takeda 3
0,status,10,VILLAGER,ALIVE,takeda 2
0,status,11,MEDIUM,ALIVE,tomato 1
0,status,12,VILLAGER,ALIVE,fanfan
0,status,13,VILLAGER,ALIVE,wasabi 1
0,status,14,SEER,ALIVE,takeda
0,status,15,VILLAGER,ALIVE,HALUemon
0,whisper,0,0,6,COMINGOUT Agent[06] VILLAGER
0,whisper,1,0,1,COMINGOUT Agent[01] SEER
0,whisper,2,0,7,COMINGOUT Agent[07] VILLAGER
0,whisper,3,1,6,Skip
0,whisper,4,1,7,Skip
0,whisper,5,1,1,Skip
0,whisper,6,2,6,Skip
0,whisper,7,2,1,Skip
0,whisper,8,2,7,Skip
0,whisper,9,3,7,Over
0,whisper,10,3,6,Over
0,whisper,11,3,1,Over
0,divine,14,13,HUMAN
1,status,1,WEREWOLF,ALIVE,hellowolf
1,status,2,VILLAGER,ALIVE,wasabi
1,status,3,VILLAGER,ALIVE,hellowolf 2
1,status,4,POSSESSED,ALIVE,fanfan 1
1,status,5,VILLAGER,ALIVE,hellowolf 1
1,status,6,WEREWOLF,ALIVE,fanfan 2
1,status,7,WEREWOLF,ALIVE,tomato
1,status,8,VILLAGER,ALIVE,takeda 1
1,status,9,BODYGUARD,ALIVE,takeda 3
1,status,10,VILLAGER,ALIVE,takeda 2
1,status,11,MEDIUM,ALIVE,tomato 1
1,status,12,VILLAGER,ALIVE,fanfan
1,status,13,VILLAGER,ALIVE,wasabi 1
1,status,14,SEER,ALIVE,takeda
1,status,15,VILLAGER,ALIVE,HALUemon
1,talk,0,0,1,COMINGOUT Agent[01] SEER
1,talk,1,0,7,VOTE Agent[03]
1,talk,2,0,6,VOTE Agent[14]
1,talk,3,0,14,COMINGOUT Agent[14] SEER
1,talk,4,0,11,COMINGOUT Agent[11] MEDIUM
1,talk,5,0,2,ESTIMATE Agent[14] VILLAGER
1,talk,6,0,3,VOTE Agent[06]
1,talk,7,0,12,VOTE Agent[06]
1,talk,8,0,13,Skip
1,talk,9,0,10,VOTE Agent[01]
1,talk,10,0,4,COMINGOUT Agent[04] SEER
1,talk,11,0,9,VOTE Agent[04]
1,talk,12,0,8,VOTE Agent[07]
1,talk,13,0,15,VOTE Agent[09]
1,talk,14,0,5,VOTE Agent[06]
1,talk,15,1,8,VOTE Agent[04]
1,talk,16,1,11,VOTE Agent[06]
1,talk,17,1,14,DIVINED Agent[13] HUMAN
1,talk,18,1,1,DIVINED Agent[11] HUMAN
1,talk,19,1,15,VOTE Agent[14]
1,talk,20,1,5,VOTE Agent[02]
1,talk,21,1,9,VOTE Agent[05]
1,talk,22,1,10,VOTE Agent[12]
1,talk,23,1,13,ESTIMATE Agent[11] MEDIUM
1,talk,24,1,6,VOTE Agent[03]
1,talk,25,1,2,ESTIMATE Agent[06] VILLAGER
1,talk,26,1,4,DIVINED Agent[02] WEREWOLF
1,talk,27,1,3,VOTE Agent[13]
1,talk,28,1,7,VOTE Agent[06]
1,talk,29,1,12,VOTE Agent[09]
1,talk,30,2,9,VOTE Agent[10]
1,talk,31,2,8,VOTE Agent[15]
1,talk,32,2,1,VOTE Agent[02]
1,talk,33,2,3,VOTE Agent[02]
1,talk,34,2,5,VOTE Agent[09]
1,talk,35,2,7,Skip
1,talk,36,2,6,Skip
1,talk,37,2,12,VOTE Agent[02]
1,talk,38,2,10,VOTE Agent[01]
1,talk,39,2,11,Skip
1,talk,40,2,14,VOTE Agent[01]
1,talk,41,2,15,VOTE Agent[04]
1,talk,42,2,13,ESTIMATE Agent[06] VILLAGER
1,talk,43,2,4,VOTE Agent[02]
1,talk,44,2,2,Skip
1,talk,45,3,13,VOTE Agent[02]
1,talk,46,3,9,VOTE Agent[01]
1,talk,47,3,2,VOTE Agent[04]
1,talk,48,3,14,VOTE Agent[01]
1,talk,49,3,5,VOTE Agent[02]
1,talk,50,3,8,VOTE Agent[10]
1,talk,51,3,1,Skip
1,talk,52,3,6,VOTE Agent[02]
1,talk,53,3,10,Skip
1,talk,54,3,11,VOTE Agent[02]
1,talk,55,3,15,VOTE Agent[01]
1,talk,56,3,12,Skip
1,talk,57,3,3,Skip
1,talk,58,3,7,VOTE Agent[02]
1,talk,59,3,4,VOTE Agent[06]
1,talk,60,4,12,Skip
1,talk,61,4,14,VOTE Agent[01]
1,talk,62,4,6,Skip
1,talk,63,4,7,Skip
1,talk,64,4,10,VOTE Agent[02]
1,talk,65,4,1,Skip
1,talk,66,4,8,VOTE Agent[02]
1,talk,67,4,2,ESTIMATE Agent[04] WEREWOLF
1,talk,68,4,5,Skip
1,talk,69,4,9,VOTE Agent[02]
1,talk,70,4,4,VOTE Agent[02]
1,talk,71,4,15,VOTE Agent[04]
1,talk,72,4,11,Skip
1,talk,73,4,13,Skip
1,talk,74,4,3,Skip
1,talk,75,5,7,Skip
1,talk,76,5,2,Skip
1,talk,77,5,12,Over
1,talk,78,5,6,Skip
1,talk,79,5,11,Skip
1,talk,80,5,10,Skip
1,talk,81,5,13,ESTIMATE Agent[10] VILLAGER
1,talk,82,5,9,Skip
1,talk,83,5,4,Skip
1,talk,84,5,15,VOTE Agent[01]
1,talk,85,5,5,Skip
1,talk,86,5,14,VOTE Agent[01]
1,talk,87,5,1,Over
1,talk,88,5,8,Skip
1,talk,89,5,3,Over
1,talk,90,6,1,Over
1,talk,91,6,10,Skip
1,talk,92,6,6,Over
1,talk,93,6,2,ESTIMATE Agent[03] VILLAGER
1,talk,94,6,11,Over
1,talk,95,6,9,Skip
1,talk,96,6,8,Skip
1,talk,97,6,5,Over
1,talk,98,6,12,Over
1,talk,99,6,15,VOTE Agent[01]
1,talk,100,6,4,Skip
1,talk,101,6,14,VOTE Agent[01]
1,talk,102,6,3,Over
1,talk,103,6,7,Over
1,talk,104,6,13,ESTIMATE Agent[12] VILLAGER
1,talk,105,7,1,Over
1,talk,106,7,10,Over
1,talk,107,7,6,Over
1,talk,108,7,7,Over
1,talk,109,7,11,Over
1,talk,110,7,2,Skip
1,talk,111,7,8,Over
1,talk,112,7,9,Over
1,talk,113,7,4,Over
1,talk,114,7,12,Over
1,talk,115,7,5,Over
1,talk,116,7,3,Over
1,talk,117,7,15,VOTE Agent[01]
1,talk,118,7,14,VOTE Agent[01]
1,talk,119,7,13,ESTIMATE Agent[01] WEREWOLF
1,talk,120,8,12,Over
1,talk,121,8,11,VOTE Agent[01]
1,talk,122,8,5,Over
1,talk,123,8,3,Over
1,talk,124,8,10,Over
1,talk,125,8,8,Over
1,talk,126,8,6,Over
1,talk,127,8,2,Skip
1,talk,128,8,1,Over
1,talk,129,8,14,VOTE Agent[01]
1,talk,130,8,15,VOTE Agent[04]
1,talk,131,8,13,Skip
1,talk,132,8,4,Over
1,talk,133,8,7,VOTE Agent[01]
1,talk,134,8,9,Over
1,talk,135,9,11,Skip
1,talk,136,9,15,Over
1,talk,137,9,13,Over
1,talk,138,9,5,Over
1,talk,139,9,7,Skip
1,talk,140,9,14,VOTE Agent[01]
1,talk,141,9,2,Over
1,talk,142,9,10,Over
1,talk,143,9,12,Over
1,talk,144,9,1,Over
1,talk,145,9,4,VOTE Agent[01]
1,talk,146,9,3,Over
1,talk,147,9,8,Over
1,talk,148,9,6,Over
1,talk,149,9,9,Over
1,talk,150,10,12,Over
1,talk,151,10,4,Skip
1,talk,152,10,13,Over
1,talk,153,10,15,Over
1,talk,154,10,9,Over
1,talk,155,10,6,Over
1,talk,156,10,2,Over
1,talk,157,10,3,Over
1,talk,158,10,5,Over
1,talk,159,10,11,Skip
1,talk,160,10,7,Skip
1,talk,161,10,8,Over
1,talk,162,10,1,Over
1,talk,163,10,10,Over
1,talk,164,10,14,Over
1,talk,165,11,1,Over
1,talk,166,11,12,Over
1,talk,167,11,10,Over
1,talk,168,11,13,Over
1,talk,169,11,8,Over
1,talk,170,11,9,Over
1,talk,171,11,11,Over
1,talk,172,11,6,Over
1,talk,173,11,2,Over
1,talk,174,11,15,Over
1,talk,175,11,7,Over
1,talk,176,11,14,Over
1,talk,177,11,4,Skip
1,talk,178,11,5,Over
1,talk,179,11,3,Over
1,talk,180,12,1,Over
1,talk,181,12,12,Over
1,talk,182,12,10,Over
1,talk,183,12,4,Over
1,talk,184,12,15,Over
1,talk,185,12,6,Over
1,talk,186,12,14,Over
1,talk,187,12,3,Over
1,talk,188,12,7,Over
1,talk,189,12,5,Over
1,talk,190,12,2,Over
1,talk,191,12,8,Over
1,talk,192,12,13,Over
1,talk,193,12,11,Over
1,talk,194,12,9,Over
1,vote,1,2
1,vote,2,4
1,vote,3,2
1,vote,4,1
1,vote,5,2
1,vote,6,2
1,vote,7,1
1,vote,8,2
1,vote,9,2
1,vote,10,2
1,vote,11,1
1,vote,12,2
1,vote,13,2
1,vote,14,1
1,vote,15,4
1,execute,2,VILLAGER
1,divine,14,1,WEREWOLF
1,whisper,0,0,7,ATTACK Agent[14]
1,whisper,1,0,1,ESTIMATE Agent[04] POSSESSED
1,whisper,2,0,6,ESTIMATE Agent[04] POSSESSED
1,whisper,3,1,7,Skip
1,whisper,4,1,1,ATTACK Agent[09]
1,whisper,5,1,6,ATTACK Agent[09]
1,whisper,6,2,1,Skip
1,whisper,7,2,7,Skip
1,whisper,8,2,6,Skip
1,whisper,9,3,6,Skip
1,whisper,10,3,7,Over
1,whisper,11,3,1,Skip
1,whisper,12,4,1,Over
1,whisper,13,4,6,Over
1,whisper,14,4,7,Over
1,guard,9,6,WEREWOLF
1,attackVote,1,9
1,attackVote,6,9
1,attackVote,7,14
1,attack,9,true
2,status,1,WEREWOLF,ALIVE,hellowolf
2,status,2,VILLAGER,DEAD,wasabi
2,status,3,VILLAGER,ALIVE,hellowolf 2
2,status,4,POSSESSED,ALIVE,fanfan 1
2,status,5,VILLAGER,ALIVE,hellowolf 1
2,status,6,WEREWOLF,ALIVE,fanfan 2
2,status,7,WEREWOLF,ALIVE,tomato
2,status,8,VILLAGER,ALIVE,takeda 1
2,status,9,BODYGUARD,DEAD,takeda 3
2,status,10,VILLAGER,ALIVE,takeda 2
2,status,11,MEDIUM,ALIVE,tomato 1
2,status,12,VILLAGER,ALIVE,fanfan
2,status,13,VILLAGER,ALIVE,wasabi 1
2,status,14,SEER,ALIVE,takeda
2,status,15,VILLAGER,ALIVE,HALUemon
2,talk,0,0,3,VOTE Agent[10]
2,talk,1,0,14,DIVINED Agent[01] WEREWOLF
2,talk,2,0,4,DIVINED Agent[13] WEREWOLF
2,talk,3,0,7,VOTE Agent[01]
2,talk,4,0,5,VOTE Agent[10]
2,talk,5,0,15,VOTE Agent[04]
2,talk,6,0,13,ESTIMATE Agent[14] WEREWOLF
2,talk,7,0,1,DIVINED Agent[04] HUMAN
2,talk,8,0,8,VOTE Agent[01]
2,talk,9,0,12,VOTE Agent[10]
2,talk,10,0,11,IDENTIFIED Agent[02] HUMAN
2,talk,11,0,10,VOTE Agent[01]
2,talk,12,0,6,VOTE Agent[03]
2,talk,13,1,4,VOTE Agent[13]
2,talk,14,1,8,VOTE Agent[14]
2,talk,15,1,3,Skip
2,talk,16,1,14,VOTE Agent[01]
2,talk,17,1,6,VOTE Agent[10]
2,talk,18,1,10,VOTE Agent[14]
2,talk,19,1,7,VOTE Agent[10]
2,talk,20,1,15,VOTE Agent[01]
2,talk,21,1,12,VOTE Agent[01]
2,talk,22,1,5,Skip
2,talk,23,1,13,Skip
2,talk,24,1,11,VOTE Agent[01]
2,talk,25,1,1,VOTE Agent[10]
2,talk,26,2,5,Skip
2,talk,27,2,10,Skip
2,talk,28,2,11,Skip
2,talk,29,2,4,VOTE Agent[01]
2,talk,30,2,13,Skip
2,talk,31,2,8,VOTE Agent[10]
2,talk,32,2,1,Skip
2,talk,33,2,12,VOTE Agent[10]
2,talk,34,2,3,Skip
2,talk,35,2,15,VOTE Agent[14]
2,talk,36,2,6,Skip
2,talk,37,2,14,VOTE Agent[01]
2,talk,38,2,7,VOTE Agent[01]
2,talk,39,3,14,VOTE Agent[01]
2,talk,40,3,11,Skip
2,talk,41,3,5,Over
2,talk,42,3,4,Skip
2,talk,43,3,3,Over
2,talk,44,3,10,Skip
2,talk,45,3,7,Skip
2,talk,46,3,8,Skip
2,talk,47,3,15,VOTE Agent[14]
2,talk,48,3,13,VOTE Agent[03]
2,talk,49,3,12,VOTE Agent[01]
2,talk,50,3,6,Skip
2,talk,51,3,1,Skip
2,talk,52,4,13,ESTIMATE Agent[12] VILLAGER
2,talk,53,4,8,Skip
2,talk,54,4,4,Skip
2,talk,55,4,12,Skip
2,talk,56,4,5,Over
2,talk,57,4,14,VOTE Agent[01]
2,talk,58,4,15,VOTE Agent[14]
2,talk,59,4,10,Over
2,talk,60,4,7,Skip
2,talk,61,4,1,Over
2,talk,62,4,3,Over
2,talk,63,4,6,Over
2,talk,64,4,11,Over
2,talk,65,5,5,Over
2,talk,66,5,1,Over
2,talk,67,5,14,VOTE Agent[01]
2,talk,68,5,4,Over
2,talk,69,5,13,VOTE Agent[10]
2,talk,70,5,11,Over
2,talk,71,5,8,Over
2,talk,72,5,10,Over
2,talk,73,5,7,Over
2,talk,74,5,15,VOTE Agent[14]
2,talk,75,5,3,Over
2,talk,76,5,6,Over
2,talk,77,5,12,Skip
2,talk,78,6,12,VOTE Agent[10]
2,talk,79,6,1,Over
2,talk,80,6,6,Over
2,talk,81,6,15,VOTE Agent[14]
2,talk,82,6,8,Over
2,talk,83,6,14,VOTE Agent[01]
2,talk,84,6,5,Over
2,talk,85,6,3,Over
2,talk,86,6,11,Over
2,talk,87,6,7,Over
2,talk,88,6,13,ESTIMATE Agent[06] VILLAGER
2,talk,89,6,4,Over
2,talk,90,6,10,Over
2,talk,91,7,8,Over
2,talk,92,7,1,Over
2,talk,93,7,12,Skip
2,talk,94,7,15,VOTE Agent[14]
2,talk,95,7,13,ESTIMATE Agent[06] VILLAGER
2,talk,96,7,7,Over
2,talk,97,7,10,VOTE Agent[14]
2,talk,98,7,3,Over
2,talk,99,7,4,Over
2,talk,100,7,14,VOTE Agent[01]
2,talk,101,7,6,Over
2,talk,102,7,5,Over
2,talk,103,7,11,Over
2,talk,104,8,1,Over
2,talk,105,8,3,Over
2,talk,106,8,15,VOTE Agent[14]
2,talk,107,8,4,Over
2,talk,108,8,14,VOTE Agent[01]
2,talk,109,8,13,VOTE Agent[03]
2,talk,110,8,10,VOTE Agent[14]
2,talk,111,8,6,Over
2,talk,112,8,11,Over
2,talk,113,8,7,Over
2,talk,114,8,5,Over
2,talk,115,8,12,Skip
2,talk,116,8,8,Over
2,talk,117,9,1,Over
2,talk,118,9,15,Over
2,talk,119,9,3,Over
2,talk,120,9,10,Skip
2,talk,121,9,11,Over
2,talk,122,9,5,Over
2,talk,123,9,6,Over
2,talk,124,9,8,Over
2,talk,125,9,12,VOTE Agent[01]
2,talk,126,9,14,VOTE Agent[01]
2,talk,127,9,13,Over
2,talk,128,9,4,Over
2,talk,129,9,7,Over
2,talk,130,10,8,Over
2,talk,131,10,5,Over
2,talk,132,10,13,Over
2,talk,133,10,4,Over
2,talk,134,10,1,Over
2,talk,135,10,6,Over
2,talk,136,10,3,Over
2,talk,137,10,11,Over
2,talk,138,10,10,Skip
2,talk,139,10,15,Over
2,talk,140,10,12,Skip
2,talk,141,10,7,Over
2,talk,142,10,14,Over
2,talk,143,11,7,Over
2,talk,144,11,10,Over
2,talk,145,11,3,Over
2,talk,146,11,12,Skip
2,talk,147,11,13,Over
2,talk,148,11,11,Over
2,talk,149,11,5,Over
2,talk,150,11,8,Over
2,talk,151,11,1,Over
2,talk,152,11,15,Over
2,talk,153,11,14,Over
2,talk,154,11,4,Over
2,talk,155,11,6,Over
2,talk,156,12,12,Over
2,talk,157,12,4,Over
2,talk,158,12,6,Over
2,talk,159,12,3,Over
2,talk,160,12,1,Over
2,talk,161,12,14,Over
2,talk,162,12,11,Over
2,talk,163,12,13,Over
2,talk,164,12,8,Over
2,talk,165,12,5,Over
2,talk,166,12,7,Over
2,talk,167,12,10,Over
2,talk,168,12,15,Over
2,vote,1,10
2,vote,3,10
2,vote,4,1
2,vote,5,10
2,vote,6,10
2,vote,7,1
2,vote,8,10
2,vote,10,14
2,vote,11,1
2,vote,12,1
2,vote,13,3
2,vote,14,1
2,vote,15,14
2,vote,1,10
2,vote,3,10
2,vote,4,1
2,vote,5,10
2,vote,6,10
2,vote,7,1
2,vote,8,10
2,vote,10,14
2,vote,11,1
2,vote,12,1
2,vote,13,7
2,vote,14,1
2,vote,15,14
2,execute,1,WEREWOLF
2,divine,14,10,HUMAN
2,whisper,0,0,6,ATTACK Agent[12]
2,whisper,1,0,7,ATTACK Agent[14]
2,whisper,2,1,6,Skip
2,whisper,3,1,7,Skip
2,whisper,4,2,7,Skip
2,whisper,5,2,6,Skip
2,whisper,6,3,7,Over
2,whisper,7,3,6,Over
2,attackVote,6,12
2,attackVote,7,14
2,attackVote,6,12
2,attackVote,7,14
2,attack,12,true
3,status,1,WEREWOLF,DEAD,hellowolf
3,status,2,VILLAGER,DEAD,wasabi
3,status,3,VILLAGER,ALIVE,hellowolf 2
3,status,4,POSSESSED,ALIVE,fanfan 1
3,status,5,VILLAGER,ALIVE,hellowolf 1
3,status,6,WEREWOLF,ALIVE,fanfan 2
3,status,7,WEREWOLF,ALIVE,tomato
3,status,8,VILLAGER,ALIVE,takeda 1
3,status,9,BODYGUARD,DEAD,takeda 3
3,status,10,VILLAGER,ALIVE,takeda 2
3,status,11,MEDIUM,ALIVE,tomato 1
3,status,12,VILLAGER,DEAD,fanfan
3,status,13,VILLAGER,ALIVE,wasabi 1
3,status,14,SEER,ALIVE,takeda
3,status,15,VILLAGER,ALIVE,HALUemon
3,talk,0,0,4,DIVINED Agent[14] WEREWOLF
3,talk,1,0,6,VOTE Agent[03]
3,talk,2,0,8,VOTE Agent[10]
3,talk,3,0,14,DIVINED Agent[10] HUMAN
3,talk,4,0,3,VOTE Agent[10]
3,talk,5,0,7,VOTE Agent[15]
3,talk,6,0,15,VOTE Agent[04]
3,talk,7,0,13,Skip
3,talk,8,0,11,IDENTIFIED Agent[01] WEREWOLF
3,talk,9,0,10,VOTE Agent[14]
3,talk,10,0,5,VOTE Agent[10]
3,talk,11,1,5,VOTE Agent[04]
3,talk,12,1,11,VOTE Agent[10]
3,talk,13,1,7,VOTE Agent[10]
3,talk,14,1,8,VOTE Agent[15]
3,talk,15,1,14,VOTE Agent[15]
3,talk,16,1,4,VOTE Agent[14]
3,talk,17,1,6,VOTE Agent[10]
3,talk,18,1,13,ESTIMATE Agent[10] VILLAGER
3,talk,19,1,10,VOTE Agent[15]
3,talk,20,1,15,VOTE Agent[03]
3,talk,21,1,3,Skip
3,talk,22,2,14,VOTE Agent[15]
3,talk,23,2,11,Skip
3,talk,24,2,8,Skip
3,talk,25,2,10,Skip
3,talk,26,2,15,VOTE Agent[06]
3,talk,27,2,5,VOTE Agent[10]
3,talk,28,2,4,Skip
3,talk,29,2,7,Skip
3,talk,30,2,3,Skip
3,talk,31,2,13,ESTIMATE Agent[15] VILLAGER
3,talk,32,2,6,Skip
3,talk,33,3,15,VOTE Agent[03]
3,talk,34,3,14,VOTE Agent[05]
3,talk,35,3,8,VOTE Agent[05]
3,talk,36,3,3,Over
3,talk,37,3,13,VOTE Agent[05]
3,talk,38,3,11,Skip
3,talk,39,3,5,Skip
3,talk,40,3,6,Skip
3,talk,41,3,10,VOTE Agent[05]
3,talk,42,3,4,Skip
3,talk,43,3,7,Skip
3,talk,44,4,4,Over
3,talk,45,4,11,Over
3,talk,46,4,3,Over
3,talk,47,4,6,Over
3,talk,48,4,8,Skip
3,talk,49,4,7,Over
3,talk,50,4,13,ESTIMATE Agent[11] MEDIUM
3,talk,51,4,14,VOTE Agent[05]
3,talk,52,4,15,VOTE Agent[05]
3,talk,53,4,10,Skip
3,talk,54,4,5,Skip
3,talk,55,5,4,Over
3,talk,56,5,7,VOTE Agent[05]
3,talk,57,5,14,VOTE Agent[05]
3,talk,58,5,10,Skip
3,talk,59,5,6,Over
3,talk,60,5,3,Over
3,talk,61,5,8,Skip
3,talk,62,5,13,ESTIMATE Agent[04] WEREWOLF
3,talk,63,5,11,VOTE Agent[05]
3,talk,64,5,15,VOTE Agent[05]
3,talk,65,5,5,Over
3,talk,66,6,4,Over
3,talk,67,6,11,Skip
3,talk,68,6,3,VOTE Agent[06]
3,talk,69,6,8,Over
3,talk,70,6,6,VOTE Agent[05]
3,talk,71,6,15,VOTE Agent[05]
3,talk,72,6,14,VOTE Agent[05]
3,talk,73,6,13,Skip
3,talk,74,6,10,Over
3,talk,75,6,7,Skip
3,talk,76,6,5,VOTE Agent[04]
3,talk,77,7,7,Skip
3,talk,78,7,4,Over
3,talk,79,7,14,VOTE Agent[05]
3,talk,80,7,15,VOTE Agent[06]
3,talk,81,7,13,ESTIMATE Agent[07] WEREWOLF
3,talk,82,7,11,Skip
3,talk,83,7,3,Skip
3,talk,84,7,8,Over
3,talk,85,7,6,Skip
3,talk,86,7,5,Skip
3,talk,87,7,10,Over
3,talk,88,8,4,Over
3,talk,89,8,7,Over
3,talk,90,8,6,Skip
3,talk,91,8,10,Over
3,talk,92,8,5,Skip
3,talk,93,8,14,VOTE Agent[05]
3,talk,94,8,11,Over
3,talk,95,8,15,VOTE Agent[06]
3,talk,96,8,8,Over
3,talk,97,8,13,VOTE Agent[06]
3,talk,98,8,3,VOTE Agent[04]
3,talk,99,9,13,Over
3,talk,100,9,10,Over
3,talk,101,9,8,Over
3,talk,102,9,6,Over
3,talk,103,9,4,Over
3,talk,104,9,3,Skip
3,talk,105,9,14,VOTE Agent[05]
3,talk,106,9,5,Over
3,talk,107,9,15,Over
3,talk,108,9,11,Over
3,talk,109,9,7,Over
3,talk,110,10,5,Over
3,talk,111,10,8,Over
3,talk,112,10,11,Over
3,talk,113,10,10,Over
3,talk,114,10,13,Over
3,talk,115,10,3,Skip
3,talk,116,10,6,Over
3,talk,117,10,4,Over
3,talk,118,10,15,Over
3,talk,119,10,14,Over
3,talk,120,10,7,Over
3,talk,121,11,7,Over
3,talk,122,11,15,Over
3,talk,123,11,6,Over
3,talk,124,11,8,Over
3,talk,125,11,3,Over
3,talk,126,11,10,Over
3,talk,127,11,11,Over
3,talk,128,11,14,Over
3,talk,129,11,4,Over
3,talk,130,11,5,Over
3,talk,131,11,13,Over
3,vote,3,4
3,vote,4,14
3,vote,5,4
3,vote,6,5
3,vote,7,5
3,vote,8,5
3,vote,10,5
3,vote,11,5
3,vote,13,6
3,vote,14,5
3,vote,15,6
3,execute,5,VILLAGER
3,divine,14,15,HUMAN
3,whisper,0,0,7,ESTIMATE Agent[14] POSSESSED
3,whisper,1,0,6,ATTACK Agent[13]
3,whisper,2,1,6,Skip
3,whisper,3,1,7,ATTACK Agent[04]
3,whisper,4,2,6,Skip
3,whisper,5,2,7,Skip
3,whisper,6,3,7,Skip
3,whisper,7,3,6,Over
3,whisper,8,4,6,Over
3,whisper,9,4,7,Over
3,attackVote,6,13
3,attackVote,7,4
3,attackVote,6,13
3,attackVote,7,4
3,attack,13,true
4,status,1,WEREWOLF,DEAD,hellowolf
4,status,2,VILLAGER,DEAD,wasabi
4,status,3,VILLAGER,ALIVE,hellowolf 2
4,status,4,POSSESSED,ALIVE,fanfan 1
4,status,5,VILLAGER,DEAD,hellowolf 1
4,status,6,WEREWOLF,ALIVE,fanfan 2
4,status,7,WEREWOLF,ALIVE,tomato
4,status,8,VILLAGER,ALIVE,takeda 1
4,status,9,BODYGUARD,DEAD,takeda 3
4,status,10,VILLAGER,ALIVE,takeda 2
4,status,11,MEDIUM,ALIVE,tomato 1
4,status,12,VILLAGER,DEAD,fanfan
4,status,13,VILLAGER,DEAD,wasabi 1
4,status,14,SEER,ALIVE,takeda
4,status,15,VILLAGER,ALIVE,HALUemon
4,talk,0,0,7,VOTE Agent[10]
4,talk,1,0,3,VOTE Agent[04]
4,talk,2,0,10,VOTE Agent[15]
4,talk,3,0,14,DIVINED Agent[15] HUMAN
4,talk,4,0,11,IDENTIFIED Agent[05] HUMAN
4,talk,5,0,4,VOTE Agent[10]
4,talk,6,0,6,VOTE Agent[03]
4,talk,7,0,8,VOTE Agent[15]
4,talk,8,0,15,VOTE Agent[06]
4,talk,9,1,15,VOTE Agent[03]
4,talk,10,1,10,VOTE Agent[06]
4,talk,11,1,14,VOTE Agent[06]
4,talk,12,1,3,VOTE Agent[06]
4,talk,13,1,6,VOTE Agent[10]
4,talk,14,1,11,VOTE Agent[10]
4,talk,15,1,7,VOTE Agent[15]
4,talk,16,1,4,Skip
4,talk,17,1,8,VOTE Agent[06]
4,talk,18,2,11,VOTE Agent[06]
4,talk,19,2,6,Skip
4,talk,20,2,15,VOTE Agent[06]
4,talk,21,2,14,VOTE Agent[06]
4,talk,22,2,3,VOTE Agent[10]
4,talk,23,2,7,VOTE Agent[06]
4,talk,24,2,4,Skip
4,talk,25,2,8,Skip
4,talk,26,2,10,Skip
4,talk,27,3,4,Over
4,talk,28,3,8,Skip
4,talk,29,3,11,Skip
4,talk,30,3,7,Skip
4,talk,31,3,10,Skip
4,talk,32,3,15,VOTE Agent[06]
4,talk,33,3,6,Skip
4,talk,34,3,3,VOTE Agent[06]
4,talk,35,3,14,VOTE Agent[06]
4,talk,36,4,15,VOTE Agent[06]
4,talk,37,4,10,Over
4,talk,38,4,4,Over
4,talk,39,4,7,Skip
4,talk,40,4,11,Skip
4,talk,41,4,14,VOTE Agent[06]
4,talk,42,4,8,Over
4,talk,43,4,6,Over
4,talk,44,4,3,Skip
4,talk,45,5,11,Over
4,talk,46,5,7,Over
4,talk,47,5,8,Over
4,talk,48,5,10,Over
4,talk,49,5,3,Skip
4,talk,50,5,15,VOTE Agent[06]
4,talk,51,5,4,Over
4,talk,52,5,6,Over
4,talk,53,5,14,VOTE Agent[06]
4,talk,54,6,6,Over
4,talk,55,6,4,Over
4,talk,56,6,3,Over
4,talk,57,6,7,Over
4,talk,58,6,11,Over
4,talk,59,6,14,VOTE Agent[06]
4,talk,60,6,15,VOTE Agent[06]
4,talk,61,6,10,Over
4,talk,62,6,8,Over
4,talk,63,7,10,Over
4,talk,64,7,11,Over
4,talk,65,7,3,Over
4,talk,66,7,8,Over
4,talk,67,7,14,VOTE Agent[06]
4,talk,68,7,15,VOTE Agent[06]
4,talk,69,7,7,Over
4,talk,70,7,6,Over
4,talk,71,7,4,Over
4,talk,72,8,7,Over
4,talk,73,8,6,Over
4,talk,74,8,11,Over
4,talk,75,8,3,Over
4,talk,76,8,15,VOTE Agent[06]
4,talk,77,8,8,Over
4,talk,78,8,14,VOTE Agent[06]
4,talk,79,8,10,Over
4,talk,80,8,4,Over
4,talk,81,9,4,Over
4,talk,82,9,6,Over
4,talk,83,9,14,VOTE Agent[06]
4,talk,84,9,10,Over
4,talk,85,9,3,Over
4,talk,86,9,7,Over
4,talk,87,9,8,Over
4,talk,88,9,11,Over
4,talk,89,9,15,Over
4,talk,90,10,6,Over
4,talk,91,10,8,Over
4,talk,92,10,4,Over
4,talk,93,10,7,Over
4,talk,94,10,15,Over
4,talk,95,10,14,Over
4,talk,96,10,10,Over
4,talk,97,10,3,Over
4,talk,98,10,11,Over
4,vote,3,6
4,vote,4,10
4,vote,6,10
4,vote,7,6
4,vote,8,6
4,vote,10,6
4,vote,11,6
4,vote,14,6
4,vote,15,6
4,execute,6,WEREWOLF
4,divine,14,8,HUMAN
4,attack,10,true
5,status,1,WEREWOLF,DEAD,hellowolf
5,status,2,VILLAGER,DEAD,wasabi
5,status,3,VILLAGER,ALIVE,hellowolf 2
5,status,4,POSSESSED,ALIVE,fanfan 1
5,status,5,VILLAGER,DEAD,hellowolf 1
5,status,6,WEREWOLF,DEAD,fanfan 2
5,status,7,WEREWOLF,ALIVE,tomato
5,status,8,VILLAGER,ALIVE,takeda 1
5,status,9,BODYGUARD,DEAD,takeda 3
5,status,10,VILLAGER,DEAD,takeda 2
5,status,11,MEDIUM,ALIVE,tomato 1
5,status,12,VILLAGER,DEAD,fanfan
5,status,13,VILLAGER,DEAD,wasabi 1
5,status,14,SEER,ALIVE,takeda
5,status,15,VILLAGER,ALIVE,HALUemon
5,talk,0,0,7,VOTE Agent[03]
5,talk,1,0,15,VOTE Agent[08]
5,talk,2,0,8,VOTE Agent[03]
5,talk,3,0,3,VOTE Agent[04]
5,talk,4,0,11,IDENTIFIED Agent[06] WEREWOLF
5,talk,5,0,14,DIVINED Agent[08] HUMAN
5,talk,6,0,4,VOTE Agent[15]
5,talk,7,1,3,Skip
5,talk,8,1,4,Skip
5,talk,9,1,14,VOTE Agent[03]
5,talk,10,1,8,Skip
5,talk,11,1,11,VOTE Agent[03]
5,talk,12,1,15,VOTE Agent[03]
5,talk,13,1,7,Skip
5,talk,14,2,8,Skip
5,talk,15,2,3,Skip
5,talk,16,2,15,VOTE Agent[03]
5,talk,17,2,7,Skip
5,talk,18,2,14,VOTE Agent[03]
5,talk,19,2,11,Skip
5,talk,20,2,4,Skip
5,talk,21,3,7,Over
5,talk,22,3,11,Skip
5,talk,23,3,15,VOTE Agent[03]
5,talk,24,3,8,Over
5,talk,25,3,4,Over
5,talk,26,3,14,VOTE Agent[03]
5,talk,27,3,3,Over
5,talk,28,4,14,VOTE Agent[03]
5,talk,29,4,3,Over
5,talk,30,4,11,Over
5,talk,31,4,7,Over
5,talk,32,4,15,VOTE Agent[03]
5,talk,33,4,4,Over
5,talk,34,4,8,Over
5,talk,35,5,8,Over
5,talk,36,5,15,VOTE Agent[03]
5,talk,37,5,11,Over
5,talk,38,5,7,Over
5,talk,39,5,4,Over
5,talk,40,5,3,Over
5,talk,41,5,14,VOTE Agent[03]
5,talk,42,6,8,Over
5,talk,43,6,7,Over
5,talk,44,6,14,VOTE Agent[03]
5,talk,45,6,4,Over
5,talk,46,6,3,Over
5,talk,47,6,15,VOTE Agent[03]
5,talk,48,6,11,Over
5,talk,49,7,15,VOTE Agent[03]
5,talk,50,7,3,Over
5,talk,51,7,11,Over
5,talk,52,7,4,Over
5,talk,53,7,14,VOTE Agent[03]
5,talk,54,7,8,Over
5,talk,55,7,7,Over
5,talk,56,8,14,VOTE Agent[03]
5,talk,57,8,4,Over
5,talk,58,8,3,Over
5,talk,59,8,11,Over
5,talk,60,8,7,Over
5,talk,61,8,8,Over
5,talk,62,8,15,VOTE Agent[03]
5,talk,63,9,8,Over
5,talk,64,9,11,Over
5,talk,65,9,3,Over
5,talk,66,9,15,Over
5,talk,67,9,14,VOTE Agent[03]
5,talk,68,9,7,Over
5,talk,69,9,4,Over
5,talk,70,10,7,Over
5,talk,71,10,4,Over
5,talk,72,10,3,Over
5,talk,73,10,8,Over
5,talk,74,10,15,Over
5,talk,75,10,11,Over
5,talk,76,10,14,Over
5,vote,3,4
5,vote,4,15
5,vote,7,3
5,vote,8,3
5,vote,11,3
5,vote,14,3
5,vote,15,3
5,execute,3,VILLAGER
5,divine,14,7,WEREWOLF
5,attack,14,true
6,status,1,WEREWOLF,DEAD,hellowolf
6,status,2,VILLAGER,DEAD,wasabi
6,status,3,VILLAGER,DEAD,hellowolf 2
6,status,4,POSSESSED,ALIVE,fanfan 1
6,status,5,VILLAGER,DEAD,hellowolf 1
6,status,6,WEREWOLF,DEAD,fanfan 2
6,status,7,WEREWOLF,ALIVE,tomato
6,status,8,VILLAGER,ALIVE,takeda 1
6,status,9,BODYGUARD,DEAD,takeda 3
6,status,10,VILLAGER,DEAD,takeda 2
6,status,11,MEDIUM,ALIVE,tomato 1
6,status,12,VILLAGER,DEAD,fanfan
6,status,13,VILLAGER,DEAD,wasabi 1
6,status,14,SEER,DEAD,takeda
6,status,15,VILLAGER,ALIVE,HALUemon
6,talk,0,0,11,IDENTIFIED Agent[03] HUMAN
6,talk,1,0,15,VOTE Agent[07]
6,talk,2,0,8,VOTE Agent[07]
6,talk,3,0,7,VOTE Agent[08]
6,talk,4,0,4,VOTE Agent[15]
6,talk,5,1,4,Skip
6,talk,6,1,11,VOTE Agent[07]
6,talk,7,1,7,Skip
6,talk,8,1,15,VOTE Agent[07]
6,talk,9,1,8,Skip
6,talk,10,2,7,Skip
6,talk,11,2,11,Skip
6,talk,12,2,8,Skip
6,talk,13,2,4,Skip
6,talk,14,2,15,VOTE Agent[07]
6,talk,15,3,15,VOTE Agent[07]
6,talk,16,3,8,Over
6,talk,17,3,7,Over
6,talk,18,3,11,Skip
6,talk,19,3,4,Over
6,talk,20,4,4,Over
6,talk,21,4,11,Over
6,talk,22,4,15,VOTE Agent[07]
6,talk,23,4,7,Over
6,talk,24,4,8,Over
6,talk,25,5,7,Over
6,talk,26,5,4,Over
6,talk,27,5,8,Over
6,talk,28,5,11,Over
6,talk,29,5,15,VOTE Agent[07]
6,talk,30,6,15,VOTE Agent[07]
6,talk,31,6,7,Over
6,talk,32,6,4,Over
6,talk,33,6,8,Over
6,talk,34,6,11,Over
6,talk,35,7,8,Over
6,talk,36,7,15,VOTE Agent[07]
6,talk,37,7,11,Over
6,talk,38,7,4,Over
6,talk,39,7,7,Over
6,talk,40,8,8,Over
6,talk,41,8,15,VOTE Agent[07]
6,talk,42,8,11,Over
6,talk,43,8,4,Over
6,talk,44,8,7,Over
6,talk,45,9,7,Over
6,talk,46,9,11,Over
6,talk,47,9,8,Over
6,talk,48,9,4,Over
6,talk,49,9,15,Over
6,vote,4,15
6,vote,7,8
6,vote,8,7
6,vote,11,7
6,vote,15,7
6,execute,7,WEREWOLF
7,status,1,WEREWOLF,DEAD,hellowolf
7,status,2,VILLAGER,DEAD,wasabi
7,status,3,VILLAGER,DEAD,hellowolf 2
7,status,4,POSSESSED,ALIVE,fanfan 1
7,status,5,VILLAGER,DEAD,hellowolf 1
7,status,6,WEREWOLF,DEAD,fanfan 2
7,status,7,WEREWOLF,DEAD,tomato
7,status,8,VILLAGER,ALIVE,takeda 1
7,status,9,BODYGUARD,DEAD,takeda 3
7,status,10,VILLAGER,DEAD,takeda 2
7,status,11,MEDIUM,ALIVE,tomato 1
7,status,12,VILLAGER,DEAD,fanfan
7,status,13,VILLAGER,DEAD,wasabi 1
7,status,14,SEER,DEAD,takeda
7,status,15,VILLAGER,ALIVE,HALUemon
7,result,4,0,VILLAGER
