0,status,1,MEDIUM,ALIVE,hellowolf
0,status,2,VILLAGER,ALIVE,wasabi
0,status,3,BODYGUARD,ALIVE,hellowolf 2
0,status,4,VILLAGER,ALIVE,fanfan 1
0,status,5,SEER,ALIVE,hellowolf 1
0,status,6,VILLAGER,ALIVE,fanfan 2
0,status,7,WEREWOLF,ALIVE,tomato
0,status,8,POSSESSED,ALIVE,takeda 1
0,status,9,WEREWOLF,ALIVE,takeda 3
0,status,10,WEREWOLF,ALIVE,takeda 2
0,status,11,VILLAGER,ALIVE,tomato 1
0,status,12,VILLAGER,ALIVE,fanfan
0,status,13,VILLAGER,ALIVE,wasabi 1
0,status,14,VILLAGER,ALIVE,takeda
0,status,15,VILLAGER,ALIVE,HALUemon
0,whisper,0,0,7,COMINGOUT Agent[07] VILLAGER
0,whisper,1,0,10,Skip
0,whisper,2,0,9,Skip
0,whisper,3,1,9,Skip
0,whisper,4,1,10,Skip
0,whisper,5,1,7,Skip
0,whisper,6,2,7,Skip
0,whisper,7,2,10,Over
0,whisper,8,2,9,Over
0,whisper,9,3,9,Over
0,whisper,10,3,10,Over
0,whisper,11,3,7,Over
0,divine,5,6,HUMAN
1,status,1,MEDIUM,ALIVE,hellowolf
1,status,2,VILLAGER,ALIVE,wasabi
1,status,3,BODYGUARD,ALIVE,hellowolf 2
1,status,4,VILLAGER,ALIVE,fanfan 1
1,status,5,SEER,ALIVE,hellowolf 1
1,status,6,VILLAGER,ALIVE,fanfan 2
1,status,7,WEREWOLF,ALIVE,tomato
1,status,8,POSSESSED,ALIVE,takeda 1
1,status,9,WEREWOLF,ALIVE,takeda 3
1,status,10,WEREWOLF,ALIVE,takeda 2
1,status,11,VILLAGER,ALIVE,tomato 1
1,status,12,VILLAGER,ALIVE,fanfan
1,status,13,VILLAGER,ALIVE,wasabi 1
1,status,14,VILLAGER,ALIVE,takeda
1,status,15,VILLAGER,ALIVE,HALUemon
1,talk,0,0,3,VOTE Agent[06]
1,talk,1,0,4,VOTE Agent[06]
1,talk,2,0,2,ESTIMATE Agent[10] WEREWOLF
1,talk,3,0,8,COMINGOUT Agent[08] SEER
1,talk,4,0,7,VOTE Agent[03]
1,talk,5,0,9,VOTE Agent[14]
1,talk,6,0,14,VOTE Agent[01]
1,talk,7,0,5,VOTE Agent[01]
1,talk,8,0,11,VOTE Agent[09]
1,talk,9,0,1,VOTE Agent[02]
1,talk,10,0,10,VOTE Agent[14]
1,talk,11,0,13,ESTIMATE Agent[03] WEREWOLF
1,talk,12,0,12,VOTE Agent[06]
1,talk,13,0,6,VOTE Agent[02]
1,talk,14,0,15,VOTE Agent[07]
1,talk,15,1,4,VOTE Agent[02]
1,talk,16,1,9,VOTE Agent[12]
1,talk,17,1,12,VOTE Agent[02]
1,talk,18,1,6,VOTE Agent[01]
1,talk,19,1,13,Skip
1,talk,20,1,3,VOTE Agent[02]
1,talk,21,1,10,VOTE Agent[03]
1,talk,22,1,11,VOTE Agent[06]
1,talk,23,1,15,VOTE Agent[14]
1,talk,24,1,7,VOTE Agent[06]
1,talk,25,1,5,VOTE Agent[02]
1,talk,26,1,1,VOTE Agent[14]
1,talk,27,1,14,VOTE Agent[06]
1,talk,28,1,8,DIVINED Agent[05] WEREWOLF
1,talk,29,1,2,ESTIMATE Agent[01] VILLAGER
1,talk,30,2,5,Skip
1,talk,31,2,4,VOTE Agent[05]
1,talk,32,2,1,VOTE Agent[05]
1,talk,33,2,11,VOTE Agent[02]
1,talk,34,2,12,VOTE Agent[14]
1,talk,35,2,8,VOTE Agent[05]
1,talk,36,2,2,ESTIMATE Agent[05] WEREWOLF
1,talk,37,2,6,VOTE Agent[02]
1,talk,38,2,7,VOTE Agent[02]
1,talk,39,2,13,ESTIMATE Agent[05] WEREWOLF
1,talk,40,2,14,VOTE Agent[02]
1,talk,41,2,15,VOTE Agent[05]
1,talk,42,2,9,VOTE Agent[02]
1,talk,43,2,3,Skip
1,talk,44,2,10,VOTE Agent[02]
1,talk,45,3,1,Skip
1,talk,46,3,4,Skip
1,talk,47,3,6,Skip
1,talk,48,3,10,Skip
1,talk,49,3,11,Skip
1,talk,50,3,9,Skip
1,talk,51,3,14,Skip
1,talk,52,3,7,Skip
1,talk,53,3,15,VOTE Agent[05]
1,talk,54,3,8,Skip
1,talk,55,3,3,Skip
1,talk,56,3,5,Skip
1,talk,57,3,2,VOTE Agent[05]
1,talk,58,3,12,VOTE Agent[02]
1,talk,59,3,13,VOTE Agent[05]
1,talk,60,4,3,Over
1,talk,61,4,13,ESTIMATE Agent[04] VILLAGER
1,talk,62,4,7,Skip
1,talk,63,4,8,Skip
1,talk,64,4,15,VOTE Agent[05]
1,talk,65,4,11,Skip
1,talk,66,4,14,Skip
1,talk,67,4,4,Skip
1,talk,68,4,2,ESTIMATE Agent[10] VILLAGER
1,talk,69,4,12,VOTE Agent[05]
1,talk,70,4,5,Over
1,talk,71,4,10,Skip
1,talk,72,4,6,VOTE Agent[05]
1,talk,73,4,1,VOTE Agent[02]
1,talk,74,4,9,Skip
1,talk,75,5,9,Over
1,talk,76,5,10,Over
1,talk,77,5,15,VOTE Agent[05]
1,talk,78,5,5,Over
1,talk,79,5,12,Skip
1,talk,80,5,14,Over
1,talk,81,5,7,Over
1,talk,82,5,2,Skip
1,talk,83,5,3,VOTE Agent[05]
1,talk,84,5,11,Over
1,talk,85,5,4,Over
1,talk,86,5,13,ESTIMATE Agent[15] VILLAGER
1,talk,87,5,8,Over
1,talk,88,5,6,Skip
1,talk,89,5,1,VOTE Agent[05]
1,talk,90,6,8,Over
1,talk,91,6,4,Over
1,talk,92,6,11,Over
1,talk,93,6,1,Skip
1,talk,94,6,3,Skip
1,talk,95,6,14,VOTE Agent[05]
1,talk,96,6,5,Over
1,talk,97,6,6,Skip
1,talk,98,6,15,VOTE Agent[05]
1,talk,99,6,2,Skip
1,talk,100,6,9,VOTE Agent[05]
1,talk,101,6,10,VOTE Agent[05]
1,talk,102,6,7,Over
1,talk,103,6,12,Skip
1,talk,104,6,13,ESTIMATE Agent[08] SEER
1,talk,105,7,5,Over
1,talk,106,7,4,Over
1,talk,107,7,8,Over
1,talk,108,7,1,Skip
1,talk,109,7,15,VOTE Agent[05]
1,talk,110,7,10,Skip
1,talk,111,7,2,ESTIMATE Agent[09] VILLAGER
1,talk,112,7,14,Skip
1,talk,113,7,9,Skip
1,talk,114,7,3,Skip
1,talk,115,7,6,Over
1,talk,116,7,12,Over
1,talk,117,7,11,VOTE Agent[05]
1,talk,118,7,7,VOTE Agent[05]
1,talk,119,7,13,Skip
1,talk,120,8,9,Skip
1,talk,121,8,4,Over
1,talk,122,8,15,VOTE Agent[05]
1,talk,123,8,3,Over
1,talk,124,8,1,Over
1,talk,125,8,2,REQUEST ANY (VOTE Agent[05])
1,talk,126,8,10,Skip
1,talk,127,8,6,Over
1,talk,128,8,5,Over
1,talk,129,8,7,Skip
1,talk,130,8,13,REQUEST ANY (VOTE Agent[05])
1,talk,131,8,8,Over
1,talk,132,8,12,Over
1,talk,133,8,11,Skip
1,talk,134,8,14,Skip
1,talk,135,9,13,Over
1,talk,136,9,7,Skip
1,talk,137,9,5,Over
1,talk,138,9,9,Over
1,talk,139,9,2,Over
1,talk,140,9,4,Over
1,talk,141,9,11,Skip
1,talk,142,9,8,Over
1,talk,143,9,15,Over
1,talk,144,9,12,Over
1,talk,145,9,6,Over
1,talk,146,9,14,Over
1,talk,147,9,1,Over
1,talk,148,9,3,Over
1,talk,149,9,10,Over
1,talk,150,10,9,Over
1,talk,151,10,8,Over
1,talk,152,10,11,Over
1,talk,153,10,4,Over
1,talk,154,10,13,Over
1,talk,155,10,12,Over
1,talk,156,10,1,Over
1,talk,157,10,14,Over
1,talk,158,10,6,Over
1,talk,159,10,3,Over
1,talk,160,10,10,Over
1,talk,161,10,7,Over
1,talk,162,10,15,Over
1,talk,163,10,2,Over
1,talk,164,10,5,VOTE Agent[01]
1,talk,165,11,13,Over
1,talk,166,11,6,Over
1,talk,167,11,14,Over
1,talk,168,11,10,Over
1,talk,169,11,11,Over
1,talk,170,11,3,Over
1,talk,171,11,9,Over
1,talk,172,11,8,Over
1,talk,173,11,15,Over
1,talk,174,11,5,Skip
1,talk,175,11,12,Over
1,talk,176,11,7,Over
1,talk,177,11,2,Over
1,talk,178,11,4,Over
1,talk,179,11,1,Over
1,talk,180,12,6,Over
1,talk,181,12,7,Over
1,talk,182,12,3,Over
1,talk,183,12,1,Over
1,talk,184,12,11,Over
1,talk,185,12,12,Over
1,talk,186,12,4,Over
1,talk,187,12,14,Over
1,talk,188,12,2,Over
1,talk,189,12,15,Over
1,talk,190,12,13,Over
1,talk,191,12,9,Over
1,talk,192,12,10,Over
1,talk,193,12,8,Over
1,talk,194,12,5,Skip
1,talk,195,13,10,Over
1,talk,196,13,6,Over
1,talk,197,13,13,Over
1,talk,198,13,3,Over
1,talk,199,13,8,Over
1,talk,200,13,4,Over
1,talk,201,13,14,Over
1,talk,202,13,7,Over
1,talk,203,13,15,Over
1,talk,204,13,5,Over
1,talk,205,13,2,Over
1,talk,206,13,11,Over
1,talk,207,13,12,Over
1,talk,208,13,9,Over
1,talk,209,13,1,Over
1,vote,1,5
1,vote,2,5
1,vote,3,5
1,vote,4,5
1,vote,5,1
1,vote,6,5
1,vote,7,5
1,vote,8,5
1,vote,9,5
1,vote,10,5
1,vote,11,5
1,vote,12,5
1,vote,13,5
1,vote,14,5
1,vote,15,5
1,execute,5,SEER
1,whisper,0,0,10,Skip
1,whisper,1,0,7,ATTACK Agent[08]
1,whisper,2,0,9,Skip
1,whisper,3,1,7,Skip
1,whisper,4,1,10,Skip
1,whisper,5,1,9,Skip
1,whisper,6,2,9,Over
1,whisper,7,2,10,Over
1,whisper,8,2,7,Skip
1,whisper,9,3,7,Over
1,whisper,10,3,9,Over
1,whisper,11,3,10,Over
1,guard,3,8,POSSESSED
1,attackVote,7,8
1,attackVote,9,8
1,attackVote,10,8
1,attack,8,false
2,status,1,MEDIUM,ALIVE,hellowolf
2,status,2,VILLAGER,ALIVE,wasabi
2,status,3,BODYGUARD,ALIVE,hellowolf 2
2,status,4,VILLAGER,ALIVE,fanfan 1
2,status,5,SEER,DEAD,hellowolf 1
2,status,6,VILLAGER,ALIVE,fanfan 2
2,status,7,WEREWOLF,ALIVE,tomato
2,status,8,POSSESSED,ALIVE,takeda 1
2,status,9,WEREWOLF,ALIVE,takeda 3
2,status,10,WEREWOLF,ALIVE,takeda 2
2,status,11,VILLAGER,ALIVE,tomato 1
2,status,12,VILLAGER,ALIVE,fanfan
2,status,13,VILLAGER,ALIVE,wasabi 1
2,status,14,VILLAGER,ALIVE,takeda
2,status,15,VILLAGER,ALIVE,HALUemon
2,talk,0,0,4,VOTE Agent[01]
2,talk,1,0,12,VOTE Agent[06]
2,talk,2,0,8,DIVINED Agent[02] HUMAN
2,talk,3,0,15,VOTE Agent[11]
2,talk,4,0,1,COMINGOUT Agent[01] MEDIUM
2,talk,5,0,9,VOTE Agent[02]
2,talk,6,0,11,VOTE Agent[06]
2,talk,7,0,7,VOTE Agent[01]
2,talk,8,0,10,VOTE Agent[02]
2,talk,9,0,14,VOTE Agent[02]
2,talk,10,0,2,ESTIMATE Agent[10] WEREWOLF
2,talk,11,0,3,VOTE Agent[06]
2,talk,12,0,13,Skip
2,talk,13,0,6,VOTE Agent[01]
2,talk,14,1,9,VOTE Agent[14]
2,talk,15,1,2,ESTIMATE Agent[12] WEREWOLF
2,talk,16,1,1,IDENTIFIED Agent[05] HUMAN
2,talk,17,1,4,VOTE Agent[06]
2,talk,18,1,7,VOTE Agent[02]
2,talk,19,1,10,VOTE Agent[14]
2,talk,20,1,15,VOTE Agent[06]
2,talk,21,1,12,Skip
2,talk,22,1,11,VOTE Agent[01]
2,talk,23,1,8,VOTE Agent[14]
2,talk,24,1,3,Skip
2,talk,25,1,13,Skip
2,talk,26,1,14,VOTE Agent[09]
2,talk,27,1,6,VOTE Agent[15]
2,talk,28,2,10,VOTE Agent[13]
2,talk,29,2,4,Skip
2,talk,30,2,9,VOTE Agent[13]
2,talk,31,2,15,VOTE Agent[14]
2,talk,32,2,12,Skip
2,talk,33,2,3,Skip
2,talk,34,2,7,VOTE Agent[06]
2,talk,35,2,2,ESTIMATE Agent[01] WEREWOLF
2,talk,36,2,8,Skip
2,talk,37,2,11,VOTE Agent[02]
2,talk,38,2,14,VOTE Agent[13]
2,talk,39,2,6,Skip
2,talk,40,2,13,Over
2,talk,41,2,1,VOTE Agent[06]
2,talk,42,3,14,VOTE Agent[10]
2,talk,43,3,9,Skip
2,talk,44,3,13,VOTE Agent[01]
2,talk,45,3,15,VOTE Agent[13]
2,talk,46,3,6,Skip
2,talk,47,3,4,Skip
2,talk,48,3,11,VOTE Agent[06]
2,talk,49,3,12,Over
2,talk,50,3,3,Over
2,talk,51,3,8,VOTE Agent[10]
2,talk,52,3,10,Skip
2,talk,53,3,2,VOTE Agent[01]
2,talk,54,3,7,Skip
2,talk,55,3,1,Skip
2,talk,56,4,2,ESTIMATE Agent[12] VILLAGER
2,talk,57,4,6,Over
2,talk,58,4,10,Skip
2,talk,59,4,11,Skip
2,talk,60,4,4,Over
2,talk,61,4,12,Over
2,talk,62,4,3,Over
2,talk,63,4,7,Skip
2,talk,64,4,13,ESTIMATE Agent[01] WEREWOLF
2,talk,65,4,9,Skip
2,talk,66,4,15,VOTE Agent[13]
2,talk,67,4,1,Skip
2,talk,68,4,8,Skip
2,talk,69,4,14,Skip
2,talk,70,5,6,Over
2,talk,71,5,3,Over
2,talk,72,5,1,Over
2,talk,73,5,11,Skip
2,talk,74,5,7,Over
2,talk,75,5,2,Skip
2,talk,76,5,10,Over
2,talk,77,5,4,Over
2,talk,78,5,8,Skip
2,talk,79,5,13,ESTIMATE Agent[08] WEREWOLF
2,talk,80,5,12,Over
2,talk,81,5,9,Over
2,talk,82,5,15,VOTE Agent[10]
2,talk,83,5,14,Skip
2,talk,84,6,15,VOTE Agent[10]
2,talk,85,6,1,Over
2,talk,86,6,7,Over
2,talk,87,6,13,ESTIMATE Agent[12] VILLAGER
2,talk,88,6,11,Over
2,talk,89,6,4,Over
2,talk,90,6,12,Over
2,talk,91,6,8,Over
2,talk,92,6,6,Over
2,talk,93,6,2,REQUEST ANY (VOTE Agent[01])
2,talk,94,6,10,Over
2,talk,95,6,9,Over
2,talk,96,6,3,Over
2,talk,97,6,14,Over
2,talk,98,7,9,VOTE Agent[14]
2,talk,99,7,8,Over
2,talk,100,7,4,Over
2,talk,101,7,11,Over
2,talk,102,7,15,VOTE Agent[10]
2,talk,103,7,14,Over
2,talk,104,7,7,Over
2,talk,105,7,1,Over
2,talk,106,7,2,ESTIMATE Agent[01] WEREWOLF
2,talk,107,7,13,REQUEST ANY (VOTE Agent[01])
2,talk,108,7,12,Over
2,talk,109,7,6,Over
2,talk,110,7,3,Over
2,talk,111,7,10,Over
2,talk,112,8,12,Over
2,talk,113,8,4,Over
2,talk,114,8,2,ESTIMATE Agent[07] VILLAGER
2,talk,115,8,15,VOTE Agent[01]
2,talk,116,8,9,Skip
2,talk,117,8,6,Over
2,talk,118,8,11,Over
2,talk,119,8,13,ESTIMATE Agent[12] VILLAGER
2,talk,120,8,14,Over
2,talk,121,8,1,Over
2,talk,122,8,8,Over
2,talk,123,8,7,Over
2,talk,124,8,3,Over
2,talk,125,8,10,Over
2,talk,126,9,4,Over
2,talk,127,9,13,Over
2,talk,128,9,6,Over
2,talk,129,9,2,Over
2,talk,130,9,11,VOTE Agent[01]
2,talk,131,9,15,Over
2,talk,132,9,14,Over
2,talk,133,9,10,Over
2,talk,134,9,7,Over
2,talk,135,9,12,Over
2,talk,136,9,9,Skip
2,talk,137,9,8,Over
2,talk,138,9,1,Over
2,talk,139,9,3,Over
2,talk,140,10,2,Over
2,talk,141,10,15,Over
2,talk,142,10,8,Over
2,talk,143,10,3,Over
2,talk,144,10,4,Over
2,talk,145,10,13,Over
2,talk,146,10,9,Over
2,talk,147,10,12,Over
2,talk,148,10,11,Skip
2,talk,149,10,14,Over
2,talk,150,10,7,VOTE Agent[01]
2,talk,151,10,6,Over
2,talk,152,10,1,Over
2,talk,153,10,10,Over
2,talk,154,11,9,Over
2,talk,155,11,10,VOTE Agent[14]
2,talk,156,11,4,Over
2,talk,157,11,8,Over
2,talk,158,11,7,Skip
2,talk,159,11,6,Over
2,talk,160,11,15,Over
2,talk,161,11,13,Over
2,talk,162,11,11,Skip
2,talk,163,11,2,Over
2,talk,164,11,14,Over
2,talk,165,11,1,Over
2,talk,166,11,3,Over
2,talk,167,11,12,Over
2,talk,168,12,14,Over
2,talk,169,12,8,Over
2,talk,170,12,10,Skip
2,talk,171,12,4,Over
2,talk,172,12,7,Skip
2,talk,173,12,2,Over
2,talk,174,12,11,Over
2,talk,175,12,9,Over
2,talk,176,12,3,Over
2,talk,177,12,15,Over
2,talk,178,12,13,Over
2,talk,179,12,6,Over
2,talk,180,12,12,Over
2,talk,181,12,1,Over
2,talk,182,13,9,Over
2,talk,183,13,15,Over
2,talk,184,13,6,Over
2,talk,185,13,11,Over
2,talk,186,13,3,Over
2,talk,187,13,13,Over
2,talk,188,13,2,Over
2,talk,189,13,1,Over
2,talk,190,13,12,Over
2,talk,191,13,14,Over
2,talk,192,13,10,Skip
2,talk,193,13,8,Over
2,talk,194,13,7,Over
2,talk,195,13,4,Over
2,talk,196,14,15,Over
2,talk,197,14,13,Over
2,talk,198,14,9,Over
2,talk,199,14,3,Over
2,talk,200,14,14,Over
2,talk,201,14,6,Over
2,talk,202,14,2,Over
2,talk,203,14,4,Over
2,talk,204,14,12,Over
2,talk,205,14,7,Over
2,talk,206,14,11,Over
2,talk,207,14,8,Over
2,talk,208,14,10,Over
2,talk,209,14,1,Over
2,vote,1,6
2,vote,2,1
2,vote,3,6
2,vote,4,6
2,vote,6,15
2,vote,7,1
2,vote,8,1
2,vote,9,10
2,vote,10,14
2,vote,11,1
2,vote,12,6
2,vote,13,1
2,vote,14,10
2,vote,15,1
2,execute,1,MEDIUM
2,whisper,0,0,10,Skip
2,whisper,1,0,7,ATTACK Agent[06]
2,whisper,2,0,9,Skip
2,whisper,3,1,7,Skip
2,whisper,4,1,9,Skip
2,whisper,5,1,10,Skip
2,whisper,6,2,10,Over
2,whisper,7,2,7,Skip
2,whisper,8,2,9,Over
2,whisper,9,3,10,Over
2,whisper,10,3,9,Over
2,whisper,11,3,7,Over
2,guard,3,8,POSSESSED
2,attackVote,7,6
2,attackVote,9,8
2,attackVote,10,8
2,attack,8,false
3,status,1,MEDIUM,DEAD,hellowolf
3,status,2,VILLAGER,ALIVE,wasabi
3,status,3,BODYGUARD,ALIVE,hellowolf 2
3,status,4,VILLAGER,ALIVE,fanfan 1
3,status,5,SEER,DEAD,hellowolf 1
3,status,6,VILLAGER,ALIVE,fanfan 2
3,status,7,WEREWOLF,ALIVE,tomato
3,status,8,POSSESSED,ALIVE,takeda 1
3,status,9,WEREWOLF,ALIVE,takeda 3
3,status,10,WEREWOLF,ALIVE,takeda 2
3,status,11,VILLAGER,ALIVE,tomato 1
3,status,12,VILLAGER,ALIVE,fanfan
3,status,13,VILLAGER,ALIVE,wasabi 1
3,status,14,VILLAGER,ALIVE,takeda
3,status,15,VILLAGER,ALIVE,HALUemon
3,talk,0,0,7,VOTE Agent[15]
3,talk,1,0,8,DIVINED Agent[03] WEREWOLF
3,talk,2,0,12,VOTE Agent[06]
3,talk,3,0,14,VOTE Agent[10]
3,talk,4,0,11,VOTE Agent[09]
3,talk,5,0,4,VOTE Agent[06]
3,talk,6,0,3,VOTE Agent[06]
3,talk,7,0,10,VOTE Agent[14]
3,talk,8,0,15,VOTE Agent[14]
3,talk,9,0,6,VOTE Agent[15]
3,talk,10,0,9,VOTE Agent[14]
3,talk,11,0,13,ESTIMATE Agent[07] VILLAGER
3,talk,12,0,2,ESTIMATE Agent[08] SEER
3,talk,13,1,3,Skip
3,talk,14,1,8,VOTE Agent[03]
3,talk,15,1,12,Skip
3,talk,16,1,6,Skip
3,talk,17,1,2,ESTIMATE Agent[14] VILLAGER
3,talk,18,1,11,VOTE Agent[06]
3,talk,19,1,4,Skip
3,talk,20,1,13,Skip
3,talk,21,1,7,VOTE Agent[06]
3,talk,22,1,14,Skip
3,talk,23,1,10,Skip
3,talk,24,1,15,VOTE Agent[14]
3,talk,25,1,9,Skip
3,talk,26,2,14,Skip
3,talk,27,2,10,Skip
3,talk,28,2,7,Skip
3,talk,29,2,6,Skip
3,talk,30,2,3,Skip
3,talk,31,2,4,Skip
3,talk,32,2,15,VOTE Agent[14]
3,talk,33,2,11,Skip
3,talk,34,2,9,Skip
3,talk,35,2,13,ESTIMATE Agent[03] WEREWOLF
3,talk,36,2,8,Skip
3,talk,37,2,12,Skip
3,talk,38,2,2,ESTIMATE Agent[11] VILLAGER
3,talk,39,3,8,Skip
3,talk,40,3,7,VOTE Agent[14]
3,talk,41,3,14,Over
3,talk,42,3,2,VOTE Agent[03]
3,talk,43,3,4,Over
3,talk,44,3,13,VOTE Agent[03]
3,talk,45,3,11,VOTE Agent[14]
3,talk,46,3,6,Over
3,talk,47,3,10,Over
3,talk,48,3,15,VOTE Agent[14]
3,talk,49,3,12,Over
3,talk,50,3,9,Over
3,talk,51,3,3,Over
3,talk,52,4,15,VOTE Agent[03]
3,talk,53,4,4,Over
3,talk,54,4,8,Over
3,talk,55,4,14,Over
3,talk,56,4,12,Over
3,talk,57,4,6,Over
3,talk,58,4,10,Over
3,talk,59,4,3,Over
3,talk,60,4,7,Skip
3,talk,61,4,9,Over
3,talk,62,4,13,Skip
3,talk,63,4,11,Skip
3,talk,64,4,2,ESTIMATE Agent[04] VILLAGER
3,talk,65,5,13,ESTIMATE Agent[14] VILLAGER
3,talk,66,5,12,VOTE Agent[03]
3,talk,67,5,2,ESTIMATE Agent[04] VILLAGER
3,talk,68,5,7,Skip
3,talk,69,5,3,Over
3,talk,70,5,10,Over
3,talk,71,5,9,Over
3,talk,72,5,11,Skip
3,talk,73,5,14,Over
3,talk,74,5,8,Over
3,talk,75,5,15,VOTE Agent[06]
3,talk,76,5,4,VOTE Agent[03]
3,talk,77,5,6,VOTE Agent[03]
3,talk,78,6,9,Over
3,talk,79,6,11,VOTE Agent[03]
3,talk,80,6,3,Over
3,talk,81,6,12,Skip
3,talk,82,6,15,VOTE Agent[14]
3,talk,83,6,7,VOTE Agent[03]
3,talk,84,6,10,Over
3,talk,85,6,6,Skip
3,talk,86,6,4,Skip
3,talk,87,6,8,Over
3,talk,88,6,13,Skip
3,talk,89,6,2,ESTIMATE Agent[12] VILLAGER
3,talk,90,6,14,Over
3,talk,91,7,11,Skip
3,talk,92,7,9,VOTE Agent[03]
3,talk,93,7,6,Skip
3,talk,94,7,15,VOTE Agent[14]
3,talk,95,7,13,ESTIMATE Agent[03] WEREWOLF
3,talk,96,7,8,Over
3,talk,97,7,7,Skip
3,talk,98,7,3,Over
3,talk,99,7,4,Skip
3,talk,100,7,2,ESTIMATE Agent[15] VILLAGER
3,talk,101,7,10,VOTE Agent[03]
3,talk,102,7,14,VOTE Agent[03]
3,talk,103,7,12,Skip
3,talk,104,8,4,Over
3,talk,105,8,14,Skip
3,talk,106,8,11,Skip
3,talk,107,8,2,Skip
3,talk,108,8,8,Over
3,talk,109,8,10,Skip
3,talk,110,8,9,Skip
3,talk,111,8,6,Over
3,talk,112,8,3,Over
3,talk,113,8,7,Skip
3,talk,114,8,13,ESTIMATE Agent[03] WEREWOLF
3,talk,115,8,15,VOTE Agent[06]
3,talk,116,8,12,Over
3,talk,117,9,8,Over
3,talk,118,9,6,Over
3,talk,119,9,12,Over
3,talk,120,9,9,Skip
3,talk,121,9,3,Over
3,talk,122,9,10,Skip
3,talk,123,9,11,Over
3,talk,124,9,7,Over
3,talk,125,9,15,Over
3,talk,126,9,2,Over
3,talk,127,9,4,Over
3,talk,128,9,13,Over
3,talk,129,9,14,Skip
3,talk,130,10,8,Over
3,talk,131,10,11,Over
3,talk,132,10,4,Over
3,talk,133,10,13,Over
3,talk,134,10,10,Over
3,talk,135,10,6,Over
3,talk,136,10,12,Over
3,talk,137,10,3,Over
3,talk,138,10,14,Over
3,talk,139,10,2,Over
3,talk,140,10,15,Over
3,talk,141,10,7,Over
3,talk,142,10,9,Over
3,vote,2,3
3,vote,3,6
3,vote,4,3
3,vote,6,3
3,vote,7,3
3,vote,8,3
3,vote,9,3
3,vote,10,3
3,vote,11,3
3,vote,12,3
3,vote,13,3
3,vote,14,3
3,vote,15,6
3,execute,3,BODYGUARD
3,whisper,0,0,7,ATTACK Agent[06]
3,whisper,1,0,10,Skip
3,whisper,2,0,9,Skip
3,whisper,3,1,7,Skip
3,whisper,4,1,10,Skip
3,whisper,5,1,9,Skip
3,whisper,6,2,9,Over
3,whisper,7,2,7,Skip
3,whisper,8,2,10,Over
3,whisper,9,3,9,Over
3,whisper,10,3,10,Over
3,whisper,11,3,7,Over
3,attackVote,7,6
3,attackVote,9,13
3,attackVote,10,13
3,attack,13,true
4,status,1,MEDIUM,DEAD,hellowolf
4,status,2,VILLAGER,ALIVE,wasabi
4,status,3,BODYGUARD,DEAD,hellowolf 2
4,status,4,VILLAGER,ALIVE,fanfan 1
4,status,5,SEER,DEAD,hellowolf 1
4,status,6,VILLAGER,ALIVE,fanfan 2
4,status,7,WEREWOLF,ALIVE,tomato
4,status,8,POSSESSED,ALIVE,takeda 1
4,status,9,WEREWOLF,ALIVE,takeda 3
4,status,10,WEREWOLF,ALIVE,takeda 2
4,status,11,VILLAGER,ALIVE,tomato 1
4,status,12,VILLAGER,ALIVE,fanfan
4,status,13,VILLAGER,DEAD,wasabi 1
4,status,14,VILLAGER,ALIVE,takeda
4,status,15,VILLAGER,ALIVE,HALUemon
4,talk,0,0,6,VOTE Agent[15]
4,talk,1,0,4,VOTE Agent[10]
4,talk,2,0,9,VOTE Agent[14]
4,talk,3,0,8,DIVINED Agent[11] WEREWOLF
4,talk,4,0,2,ESTIMATE Agent[06] VILLAGER
4,talk,5,0,12,VOTE Agent[06]
4,talk,6,0,10,VOTE Agent[14]
4,talk,7,0,14,VOTE Agent[10]
4,talk,8,0,7,VOTE Agent[02]
4,talk,9,0,15,VOTE Agent[02]
4,talk,10,0,11,VOTE Agent[09]
4,talk,11,1,8,VOTE Agent[11]
4,talk,12,1,2,ESTIMATE Agent[08] WEREWOLF
4,talk,13,1,14,Skip
4,talk,14,1,11,VOTE Agent[02]
4,talk,15,1,10,Skip
4,talk,16,1,12,VOTE Agent[15]
4,talk,17,1,7,VOTE Agent[10]
4,talk,18,1,15,VOTE Agent[14]
4,talk,19,1,6,Skip
4,talk,20,1,9,Skip
4,talk,21,1,4,Skip
4,talk,22,2,9,Skip
4,talk,23,2,4,Skip
4,talk,24,2,2,Skip
4,talk,25,2,8,Skip
4,talk,26,2,15,VOTE Agent[15]
4,talk,27,2,14,Skip
4,talk,28,2,11,VOTE Agent[10]
4,talk,29,2,6,Skip
4,talk,30,2,12,VOTE Agent[06]
4,talk,31,2,7,VOTE Agent[14]
4,talk,32,2,10,Skip
4,talk,33,3,11,VOTE Agent[14]
4,talk,34,3,14,Over
4,talk,35,3,7,VOTE Agent[10]
4,talk,36,3,9,Over
4,talk,37,3,6,Over
4,talk,38,3,15,VOTE Agent[10]
4,talk,39,3,2,VOTE Agent[08]
4,talk,40,3,12,VOTE Agent[15]
4,talk,41,3,4,Over
4,talk,42,3,8,Skip
4,talk,43,3,10,Over
4,talk,44,4,9,Over
4,talk,45,4,14,Over
4,talk,46,4,10,Over
4,talk,47,4,2,ESTIMATE Agent[07] VILLAGER
4,talk,48,4,7,Skip
4,talk,49,4,11,VOTE Agent[10]
4,talk,50,4,6,Over
4,talk,51,4,15,VOTE Agent[14]
4,talk,52,4,4,Over
4,talk,53,4,12,VOTE Agent[06]
4,talk,54,4,8,Over
4,talk,55,5,8,Over
4,talk,56,5,12,Skip
4,talk,57,5,2,Skip
4,talk,58,5,14,Over
4,talk,59,5,11,Skip
4,talk,60,5,10,Over
4,talk,61,5,15,VOTE Agent[14]
4,talk,62,5,9,Over
4,talk,63,5,6,Over
4,talk,64,5,4,Over
4,talk,65,5,7,Skip
4,talk,66,6,8,Over
4,talk,67,6,12,Skip
4,talk,68,6,14,Over
4,talk,69,6,4,Over
4,talk,70,6,11,VOTE Agent[14]
4,talk,71,6,6,Over
4,talk,72,6,7,VOTE Agent[14]
4,talk,73,6,15,VOTE Agent[14]
4,talk,74,6,2,ESTIMATE Agent[07] VILLAGER
4,talk,75,6,9,Over
4,talk,76,6,10,Over
4,talk,77,7,7,Skip
4,talk,78,7,4,VOTE Agent[11]
4,talk,79,7,8,Over
4,talk,80,7,2,ESTIMATE Agent[08] WEREWOLF
4,talk,81,7,10,Over
4,talk,82,7,15,VOTE Agent[10]
4,talk,83,7,6,Over
4,talk,84,7,14,Over
4,talk,85,7,11,Skip
4,talk,86,7,9,Over
4,talk,87,7,12,Over
4,talk,88,8,6,Over
4,talk,89,8,11,Skip
4,talk,90,8,9,Over
4,talk,91,8,10,Over
4,talk,92,8,2,ESTIMATE Agent[08] WEREWOLF
4,talk,93,8,14,Over
4,talk,94,8,7,Skip
4,talk,95,8,4,Skip
4,talk,96,8,15,VOTE Agent[11]
4,talk,97,8,8,Over
4,talk,98,8,12,Over
4,talk,99,9,9,Over
4,talk,100,9,10,Over
4,talk,101,9,7,Over
4,talk,102,9,2,Over
4,talk,103,9,15,Over
4,talk,104,9,14,Over
4,talk,105,9,8,Over
4,talk,106,9,4,Skip
4,talk,107,9,12,VOTE Agent[11]
4,talk,108,9,11,Over
4,talk,109,9,6,VOTE Agent[11]
4,talk,110,10,7,Over
4,talk,111,10,12,Skip
4,talk,112,10,9,Over
4,talk,113,10,11,Over
4,talk,114,10,15,Over
4,talk,115,10,10,Over
4,talk,116,10,14,Over
4,talk,117,10,4,Over
4,talk,118,10,2,Over
4,talk,119,10,8,Over
4,talk,120,10,6,Skip
4,talk,121,11,2,Over
4,talk,122,11,6,Skip
4,talk,123,11,15,Over
4,talk,124,11,12,Skip
4,talk,125,11,9,Over
4,talk,126,11,10,Over
4,talk,127,11,11,Over
4,talk,128,11,8,Over
4,talk,129,11,7,Over
4,talk,130,11,14,Over
4,talk,131,11,4,Over
4,talk,132,12,14,Over
4,talk,133,12,8,Over
4,talk,134,12,4,Over
4,talk,135,12,15,Over
4,talk,136,12,2,Over
4,talk,137,12,11,Over
4,talk,138,12,7,Over
4,talk,139,12,6,Over
4,talk,140,12,9,Over
4,talk,141,12,12,Over
4,talk,142,12,10,Over
4,vote,2,8
4,vote,4,11
4,vote,6,11
4,vote,7,14
4,vote,8,15
4,vote,9,10
4,vote,10,14
4,vote,11,14
4,vote,12,11
4,vote,14,10
4,vote,15,11
4,execute,11,VILLAGER
4,whisper,0,0,10,Skip
4,whisper,1,0,7,ATTACK Agent[08]
4,whisper,2,0,9,Skip
4,whisper,3,1,7,Skip
4,whisper,4,1,10,Skip
4,whisper,5,1,9,Skip
4,whisper,6,2,10,Over
4,whisper,7,2,9,Over
4,whisper,8,2,7,Skip
4,whisper,9,3,10,Over
4,whisper,10,3,7,Over
4,whisper,11,3,9,Over
4,attackVote,7,8
4,attackVote,9,8
4,attackVote,10,8
4,attack,8,true
5,status,1,MEDIUM,DEAD,hellowolf
5,status,2,VILLAGER,ALIVE,wasabi
5,status,3,BODYGUARD,DEAD,hellowolf 2
5,status,4,VILLAGER,ALIVE,fanfan 1
5,status,5,SEER,DEAD,hellowolf 1
5,status,6,VILLAGER,ALIVE,fanfan 2
5,status,7,WEREWOLF,ALIVE,tomato
5,status,8,POSSESSED,DEAD,takeda 1
5,status,9,WEREWOLF,ALIVE,takeda 3
5,status,10,WEREWOLF,ALIVE,takeda 2
5,status,11,VILLAGER,DEAD,tomato 1
5,status,12,VILLAGER,ALIVE,fanfan
5,status,13,VILLAGER,DEAD,wasabi 1
5,status,14,VILLAGER,ALIVE,takeda
5,status,15,VILLAGER,ALIVE,HALUemon
5,talk,0,0,2,Skip
5,talk,1,0,6,VOTE Agent[04]
5,talk,2,0,15,VOTE Agent[02]
5,talk,3,0,9,VOTE Agent[14]
5,talk,4,0,4,VOTE Agent[06]
5,talk,5,0,10,VOTE Agent[14]
5,talk,6,0,12,VOTE Agent[06]
5,talk,7,0,14,VOTE Agent[10]
5,talk,8,0,7,VOTE Agent[15]
5,talk,9,1,9,Skip
5,talk,10,1,7,VOTE Agent[06]
5,talk,11,1,10,Skip
5,talk,12,1,12,Skip
5,talk,13,1,15,VOTE Agent[06]
5,talk,14,1,4,Skip
5,talk,15,1,6,VOTE Agent[15]
5,talk,16,1,14,Skip
5,talk,17,1,2,ESTIMATE Agent[12] VILLAGER
5,talk,18,2,9,Skip
5,talk,19,2,7,Skip
5,talk,20,2,14,Skip
5,talk,21,2,2,Skip
5,talk,22,2,4,Skip
5,talk,23,2,10,Skip
5,talk,24,2,6,VOTE Agent[04]
5,talk,25,2,12,Skip
5,talk,26,2,15,VOTE Agent[14]
5,talk,27,3,6,Skip
5,talk,28,3,14,Over
5,talk,29,3,15,VOTE Agent[14]
5,talk,30,3,7,Skip
5,talk,31,3,9,Over
5,talk,32,3,12,Over
5,talk,33,3,10,Over
5,talk,34,3,2,VOTE Agent[10]
5,talk,35,3,4,Over
5,talk,36,4,15,VOTE Agent[14]
5,talk,37,4,4,Over
5,talk,38,4,10,Over
5,talk,39,4,7,VOTE Agent[14]
5,talk,40,4,2,Skip
5,talk,41,4,9,Over
5,talk,42,4,12,Over
5,talk,43,4,6,Skip
5,talk,44,4,14,Over
5,talk,45,5,15,VOTE Agent[06]
5,talk,46,5,7,Skip
5,talk,47,5,2,ESTIMATE Agent[15] VILLAGER
5,talk,48,5,9,Over
5,talk,49,5,4,Over
5,talk,50,5,10,Over
5,talk,51,5,12,Over
5,talk,52,5,14,Over
5,talk,53,5,6,Over
5,talk,54,6,9,Over
5,talk,55,6,12,Over
5,talk,56,6,14,Over
5,talk,57,6,7,Skip
5,talk,58,6,2,VOTE Agent[14]
5,talk,59,6,6,Over
5,talk,60,6,15,VOTE Agent[06]
5,talk,61,6,10,Over
5,talk,62,6,4,Over
5,talk,63,7,9,Over
5,talk,64,7,15,VOTE Agent[06]
5,talk,65,7,7,Over
5,talk,66,7,14,Over
5,talk,67,7,4,Over
5,talk,68,7,12,Over
5,talk,69,7,2,ESTIMATE Agent[04] VILLAGER
5,talk,70,7,10,Over
5,talk,71,7,6,Over
5,talk,72,8,15,VOTE Agent[06]
5,talk,73,8,4,Over
5,talk,74,8,6,Over
5,talk,75,8,2,ESTIMATE Agent[07] VILLAGER
5,talk,76,8,12,Over
5,talk,77,8,9,Over
5,talk,78,8,10,Over
5,talk,79,8,14,Over
5,talk,80,8,7,VOTE Agent[06]
5,talk,81,9,9,Over
5,talk,82,9,12,Over
5,talk,83,9,2,Over
5,talk,84,9,6,Over
5,talk,85,9,10,Over
5,talk,86,9,7,Skip
5,talk,87,9,4,Over
5,talk,88,9,15,Over
5,talk,89,9,14,Over
5,talk,90,10,7,Skip
5,talk,91,10,10,Over
5,talk,92,10,2,Over
5,talk,93,10,14,Over
5,talk,94,10,9,Over
5,talk,95,10,6,Over
5,talk,96,10,15,Over
5,talk,97,10,12,Over
5,talk,98,10,4,Over
5,talk,99,11,15,Over
5,talk,100,11,4,Over
5,talk,101,11,6,Over
5,talk,102,11,9,Over
5,talk,103,11,14,Over
5,talk,104,11,7,Over
5,talk,105,11,2,Over
5,talk,106,11,12,Over
5,talk,107,11,10,Over
5,vote,2,14
5,vote,4,6
5,vote,6,14
5,vote,7,6
5,vote,9,14
5,vote,10,14
5,vote,12,6
5,vote,14,10
5,vote,15,14
5,execute,14,VILLAGER
5,whisper,0,0,7,ATTACK Agent[06]
5,whisper,1,0,10,Skip
5,whisper,2,0,9,Skip
5,whisper,3,1,9,Skip
5,whisper,4,1,7,Skip
5,whisper,5,1,10,Skip
5,whisper,6,2,7,Skip
5,whisper,7,2,9,Over
5,whisper,8,2,10,Over
5,whisper,9,3,9,Over
5,whisper,10,3,7,Over
5,whisper,11,3,10,Over
5,attackVote,7,6
5,attackVote,9,6
5,attackVote,10,6
5,attack,6,true
6,status,1,MEDIUM,DEAD,hellowolf
6,status,2,VILLAGER,ALIVE,wasabi
6,status,3,BODYGUARD,DEAD,hellowolf 2
6,status,4,VILLAGER,ALIVE,fanfan 1
6,status,5,SEER,DEAD,hellowolf 1
6,status,6,VILLAGER,DEAD,fanfan 2
6,status,7,WEREWOLF,ALIVE,tomato
6,status,8,POSSESSED,DEAD,takeda 1
6,status,9,WEREWOLF,ALIVE,takeda 3
6,status,10,WEREWOLF,ALIVE,takeda 2
6,status,11,VILLAGER,DEAD,tomato 1
6,status,12,VILLAGER,ALIVE,fanfan
6,status,13,VILLAGER,DEAD,wasabi 1
6,status,14,VILLAGER,DEAD,takeda
6,status,15,VILLAGER,ALIVE,HALUemon
6,talk,0,0,9,VOTE Agent[04]
6,talk,1,0,15,VOTE Agent[07]
6,talk,2,0,10,VOTE Agent[04]
6,talk,3,0,12,VOTE Agent[09]
6,talk,4,0,4,VOTE Agent[09]
6,talk,5,0,7,VOTE Agent[15]
6,talk,6,0,2,Skip
6,talk,7,1,7,VOTE Agent[04]
6,talk,8,1,10,Skip
6,talk,9,1,4,Skip
6,talk,10,1,15,VOTE Agent[04]
6,talk,11,1,9,Skip
6,talk,12,1,2,ESTIMATE Agent[15] WEREWOLF
6,talk,13,1,12,Skip
6,talk,14,2,4,Skip
6,talk,15,2,15,VOTE Agent[09]
6,talk,16,2,9,Skip
6,talk,17,2,2,Skip
6,talk,18,2,10,Skip
6,talk,19,2,12,VOTE Agent[04]
6,talk,20,2,7,Skip
6,talk,21,3,15,VOTE Agent[09]
6,talk,22,3,12,VOTE Agent[09]
6,talk,23,3,4,Over
6,talk,24,3,10,Over
6,talk,25,3,7,Skip
6,talk,26,3,9,Over
6,talk,27,3,2,VOTE Agent[04]
6,talk,28,4,9,Over
6,talk,29,4,2,VOTE Agent[09]
6,talk,30,4,7,Over
6,talk,31,4,10,Over
6,talk,32,4,4,Over
6,talk,33,4,12,VOTE Agent[04]
6,talk,34,4,15,VOTE Agent[09]
6,talk,35,5,12,VOTE Agent[09]
6,talk,36,5,10,Over
6,talk,37,5,7,VOTE Agent[09]
6,talk,38,5,4,Over
6,talk,39,5,15,VOTE Agent[09]
6,talk,40,5,2,VOTE Agent[04]
6,talk,41,5,9,Over
6,talk,42,6,10,VOTE Agent[09]
6,talk,43,6,12,Skip
6,talk,44,6,4,Over
6,talk,45,6,15,VOTE Agent[09]
6,talk,46,6,2,Skip
6,talk,47,6,7,Skip
6,talk,48,6,9,VOTE Agent[04]
6,talk,49,7,7,Skip
6,talk,50,7,15,VOTE Agent[04]
6,talk,51,7,4,Over
6,talk,52,7,10,Skip
6,talk,53,7,9,VOTE Agent[04]
6,talk,54,7,2,ESTIMATE Agent[09] WEREWOLF
6,talk,55,7,12,Skip
6,talk,56,8,15,VOTE Agent[04]
6,talk,57,8,7,Over
6,talk,58,8,9,VOTE Agent[04]
6,talk,59,8,10,Skip
6,talk,60,8,12,Over
6,talk,61,8,4,Over
6,talk,62,8,2,Skip
6,talk,63,9,9,VOTE Agent[04]
6,talk,64,9,12,Over
6,talk,65,9,4,Over
6,talk,66,9,2,Over
6,talk,67,9,15,Over
6,talk,68,9,7,VOTE Agent[04]
6,talk,69,9,10,Over
6,talk,70,10,7,Skip
6,talk,71,10,12,VOTE Agent[04]
6,talk,72,10,4,Over
6,talk,73,10,15,Over
6,talk,74,10,2,Over
6,talk,75,10,10,Over
6,talk,76,10,9,VOTE Agent[04]
6,talk,77,11,4,Over
6,talk,78,11,7,Skip
6,talk,79,11,10,VOTE Agent[04]
6,talk,80,11,12,Skip
6,talk,81,11,15,Over
6,talk,82,11,9,Skip
6,talk,83,11,2,Over
6,talk,84,12,15,Over
6,talk,85,12,2,Over
6,talk,86,12,4,Over
6,talk,87,12,12,Skip
6,talk,88,12,10,Skip
6,talk,89,12,9,Skip
6,talk,90,12,7,Over
6,talk,91,13,15,Over
6,talk,92,13,4,Over
6,talk,93,13,10,Skip
6,talk,94,13,2,Over
6,talk,95,13,12,Over
6,talk,96,13,7,Over
6,talk,97,13,9,Over
6,talk,98,14,10,Over
6,talk,99,14,7,Over
6,talk,100,14,9,Over
6,talk,101,14,15,Over
6,talk,102,14,2,Over
6,talk,103,14,4,Over
6,talk,104,14,12,Over
6,vote,2,4
6,vote,4,9
6,vote,7,4
6,vote,9,4
6,vote,10,4
6,vote,12,4
6,vote,15,9
6,execute,4,VILLAGER
6,whisper,0,0,7,ATTACK Agent[02]
6,whisper,1,0,9,Skip
6,whisper,2,0,10,Skip
6,whisper,3,1,9,Skip
6,whisper,4,1,10,Skip
6,whisper,5,1,7,Skip
6,whisper,6,2,9,Over
6,whisper,7,2,10,Over
6,whisper,8,2,7,Skip
6,whisper,9,3,10,Over
6,whisper,10,3,9,Over
6,whisper,11,3,7,Over
6,attackVote,7,2
6,attackVote,9,2
6,attackVote,10,2
6,attack,2,true
7,status,1,MEDIUM,DEAD,hellowolf
7,status,2,VILLAGER,DEAD,wasabi
7,status,3,BODYGUARD,DEAD,hellowolf 2
7,status,4,VILLAGER,DEAD,fanfan 1
7,status,5,SEER,DEAD,hellowolf 1
7,status,6,VILLAGER,DEAD,fanfan 2
7,status,7,WEREWOLF,ALIVE,tomato
7,status,8,POSSESSED,DEAD,takeda 1
7,status,9,WEREWOLF,ALIVE,takeda 3
7,status,10,WEREWOLF,ALIVE,takeda 2
7,status,11,VILLAGER,DEAD,tomato 1
7,status,12,VILLAGER,ALIVE,fanfan
7,status,13,VILLAGER,DEAD,wasabi 1
7,status,14,VILLAGER,DEAD,takeda
7,status,15,VILLAGER,ALIVE,HALUemon
7,result,2,3,WEREWOLF
