0,status,1,WEREWOLF,ALIVE,hellowolf
0,status,2,VILLAGER,ALIVE,wasabi
0,status,3,VILLAGER,ALIVE,hellowolf 2
0,status,4,VILLAGER,ALIVE,fanfan 1
0,status,5,VILLAGER,ALIVE,hellowolf 1
0,status,6,MEDIUM,ALIVE,fanfan 2
0,status,7,WEREWOLF,ALIVE,tomato
0,status,8,POSSESSED,ALIVE,takeda 1
0,status,9,VILLAGER,ALIVE,takeda 3
0,status,10,SEER,ALIVE,takeda 2
0,status,11,VILLAGER,ALIVE,tomato 1
0,status,12,BODYGUARD,ALIVE,fanfan
0,status,13,VILLAGER,ALIVE,wasabi 1
0,status,14,VILLAGER,ALIVE,takeda
0,status,15,WEREWOLF,ALIVE,HALUemon
0,whisper,0,0,7,COMINGOUT Agent[07] VILLAGER
0,whisper,1,0,15,COMINGOUT Agent[15] SEER
0,whisper,2,0,1,COMINGOUT Agent[01] SEER
0,whisper,3,1,15,COMINGOUT Agent[15] VILLAGER
0,whisper,4,1,7,Skip
0,whisper,5,1,1,Skip
0,whisper,6,2,7,Skip
0,whisper,7,2,15,Skip
0,whisper,8,2,1,Skip
0,whisper,9,3,7,Over
0,whisper,10,3,1,Over
0,whisper,11,3,15,Skip
0,whisper,12,4,7,Over
0,whisper,13,4,1,Over
0,whisper,14,4,15,Over
0,divine,10,11,HUMAN
1,status,1,WEREWOLF,ALIVE,hellowolf
1,status,2,VILLAGER,ALIVE,wasabi
1,status,3,VILLAGER,ALIVE,hellowolf 2
1,status,4,VILLAGER,ALIVE,fanfan 1
1,status,5,VILLAGER,ALIVE,hellowolf 1
1,status,6,MEDIUM,ALIVE,fanfan 2
1,status,7,WEREWOLF,ALIVE,tomato
1,status,8,POSSESSED,ALIVE,takeda 1
1,status,9,VILLAGER,ALIVE,takeda 3
1,status,10,SEER,ALIVE,takeda 2
1,status,11,VILLAGER,ALIVE,tomato 1
1,status,12,BODYGUARD,ALIVE,fanfan
1,status,13,VILLAGER,ALIVE,wasabi 1
1,status,14,VILLAGER,ALIVE,takeda
1,status,15,WEREWOLF,ALIVE,HALUemon
1,talk,0,0,1,COMINGOUT Agent[01] SEER
1,talk,1,0,6,COMINGOUT Agent[06] MEDIUM
1,talk,2,0,8,COMINGOUT Agent[08] SEER
1,talk,3,0,10,COMINGOUT Agent[10] SEER
1,talk,4,0,11,VOTE Agent[05]
1,talk,5,0,4,VOTE Agent[06]
1,talk,6,0,2,ESTIMATE Agent[04] WEREWOLF
1,talk,7,0,14,VOTE Agent[07]
1,talk,8,0,13,Skip
1,talk,9,0,9,VOTE Agent[13]
1,talk,10,0,5,VOTE Agent[06]
1,talk,11,0,3,VOTE Agent[06]
1,talk,12,0,15,VOTE Agent[06]
1,talk,13,0,7,VOTE Agent[01]
1,talk,14,0,12,VOTE Agent[06]
1,talk,15,1,14,VOTE Agent[01]
1,talk,16,1,11,VOTE Agent[06]
1,talk,17,1,3,VOTE Agent[13]
1,talk,18,1,2,ESTIMATE Agent[14] VILLAGER
1,talk,19,1,1,DIVINED Agent[11] HUMAN
1,talk,20,1,12,VOTE Agent[01]
1,talk,21,1,7,VOTE Agent[06]
1,talk,22,1,4,VOTE Agent[12]
1,talk,23,1,9,VOTE Agent[01]
1,talk,24,1,10,DIVINED Agent[11] HUMAN
1,talk,25,1,8,DIVINED Agent[03] WEREWOLF
1,talk,26,1,13,ESTIMATE Agent[01] WEREWOLF
1,talk,27,1,6,VOTE Agent[01]
1,talk,28,1,15,VOTE Agent[05]
1,talk,29,1,5,VOTE Agent[13]
1,talk,30,2,8,VOTE Agent[03]
1,talk,31,2,7,Skip
1,talk,32,2,13,Skip
1,talk,33,2,9,Skip
1,talk,34,2,1,VOTE Agent[06]
1,talk,35,2,10,VOTE Agent[01]
1,talk,36,2,12,Skip
1,talk,37,2,2,ESTIMATE Agent[01] WEREWOLF
1,talk,38,2,15,VOTE Agent[03]
1,talk,39,2,3,VOTE Agent[01]
1,talk,40,2,6,Skip
1,talk,41,2,11,Skip
1,talk,42,2,4,VOTE Agent[01]
1,talk,43,2,14,Skip
1,talk,44,2,5,VOTE Agent[01]
1,talk,45,3,7,VOTE Agent[01]
1,talk,46,3,13,VOTE Agent[03]
1,talk,47,3,5,VOTE Agent[02]
1,talk,48,3,3,VOTE Agent[02]
1,talk,49,3,2,VOTE Agent[03]
1,talk,50,3,1,VOTE Agent[03]
1,talk,51,3,8,Skip
1,talk,52,3,12,VOTE Agent[02]
1,talk,53,3,11,VOTE Agent[01]
1,talk,54,3,4,VOTE Agent[02]
1,talk,55,3,14,Skip
1,talk,56,3,10,VOTE Agent[01]
1,talk,57,3,6,VOTE Agent[02]
1,talk,58,3,9,Skip
1,talk,59,3,15,VOTE Agent[03]
1,talk,60,4,6,Skip
1,talk,61,4,2,Skip
1,talk,62,4,3,Skip
1,talk,63,4,5,Skip
1,talk,64,4,1,Skip
1,talk,65,4,4,Skip
1,talk,66,4,7,Skip
1,talk,67,4,9,Over
1,talk,68,4,14,Over
1,talk,69,4,10,VOTE Agent[01]
1,talk,70,4,13,ESTIMATE Agent[14] VILLAGER
1,talk,71,4,8,Skip
1,talk,72,4,12,VOTE Agent[03]
1,talk,73,4,11,Skip
1,talk,74,4,15,VOTE Agent[03]
1,talk,75,5,1,Skip
1,talk,76,5,4,VOTE Agent[03]
1,talk,77,5,2,ESTIMATE Agent[09] VILLAGER
1,talk,78,5,5,VOTE Agent[01]
1,talk,79,5,14,Over
1,talk,80,5,10,VOTE Agent[01]
1,talk,81,5,3,Skip
1,talk,82,5,11,Skip
1,talk,83,5,13,ESTIMATE Agent[14] VILLAGER
1,talk,84,5,15,VOTE Agent[03]
1,talk,85,5,7,Skip
1,talk,86,5,12,Skip
1,talk,87,5,8,Over
1,talk,88,5,6,VOTE Agent[03]
1,talk,89,5,9,Over
1,talk,90,6,12,Skip
1,talk,91,6,5,VOTE Agent[03]
1,talk,92,6,4,Skip
1,talk,93,6,1,Over
1,talk,94,6,7,Over
1,talk,95,6,14,VOTE Agent[03]
1,talk,96,6,2,ESTIMATE Agent[08] WEREWOLF
1,talk,97,6,10,VOTE Agent[01]
1,talk,98,6,15,VOTE Agent[03]
1,talk,99,6,3,VOTE Agent[12]
1,talk,100,6,9,VOTE Agent[03]
1,talk,101,6,11,Over
1,talk,102,6,13,Skip
1,talk,103,6,6,Skip
1,talk,104,6,8,Over
1,talk,105,7,15,VOTE Agent[03]
1,talk,106,7,4,Skip
1,talk,107,7,2,ESTIMATE Agent[08] WEREWOLF
1,talk,108,7,13,Skip
1,talk,109,7,14,Skip
1,talk,110,7,9,Skip
1,talk,111,7,7,VOTE Agent[03]
1,talk,112,7,11,Over
1,talk,113,7,1,Over
1,talk,114,7,12,Over
1,talk,115,7,8,Over
1,talk,116,7,10,VOTE Agent[01]
1,talk,117,7,3,Skip
1,talk,118,7,6,Skip
1,talk,119,7,5,Skip
1,talk,120,8,13,REQUEST ANY (VOTE Agent[03])
1,talk,121,8,9,Skip
1,talk,122,8,11,VOTE Agent[03]
1,talk,123,8,15,VOTE Agent[03]
1,talk,124,8,1,Over
1,talk,125,8,2,Skip
1,talk,126,8,12,Over
1,talk,127,8,10,VOTE Agent[01]
1,talk,128,8,14,Skip
1,talk,129,8,7,Skip
1,talk,130,8,5,Skip
1,talk,131,8,4,Over
1,talk,132,8,3,Skip
1,talk,133,8,8,Over
1,talk,134,8,6,Over
1,talk,135,9,12,Over
1,talk,136,9,14,Over
1,talk,137,9,6,Over
1,talk,138,9,10,VOTE Agent[01]
1,talk,139,9,7,Skip
1,talk,140,9,15,Over
1,talk,141,9,1,Over
1,talk,142,9,13,Over
1,talk,143,9,9,Over
1,talk,144,9,8,Over
1,talk,145,9,11,Skip
1,talk,146,9,2,Over
1,talk,147,9,3,VOTE Agent[13]
1,talk,148,9,4,Over
1,talk,149,9,5,Over
1,talk,150,10,3,VOTE Agent[12]
1,talk,151,10,14,Over
1,talk,152,10,9,Over
1,talk,153,10,4,Over
1,talk,154,10,6,Over
1,talk,155,10,8,Over
1,talk,156,10,7,Over
1,talk,157,10,13,Over
1,talk,158,10,5,Over
1,talk,159,10,2,Over
1,talk,160,10,11,VOTE Agent[01]
1,talk,161,10,10,Over
1,talk,162,10,12,Over
1,talk,163,10,15,Over
1,talk,164,10,1,Over
1,talk,165,11,7,VOTE Agent[01]
1,talk,166,11,13,Over
1,talk,167,11,4,Over
1,talk,168,11,12,Over
1,talk,169,11,5,Over
1,talk,170,11,15,Over
1,talk,171,11,10,Over
1,talk,172,11,1,Over
1,talk,173,11,14,Over
1,talk,174,11,9,Over
1,talk,175,11,11,Skip
1,talk,176,11,8,Over
1,talk,177,11,3,Skip
1,talk,178,11,6,Over
1,talk,179,11,2,Over
1,talk,180,12,14,Over
1,talk,181,12,6,Over
1,talk,182,12,2,Over
1,talk,183,12,9,Over
1,talk,184,12,15,Over
1,talk,185,12,11,Skip
1,talk,186,12,13,Over
1,talk,187,12,1,Over
1,talk,188,12,4,Over
1,talk,189,12,10,Over
1,talk,190,12,3,Skip
1,talk,191,12,5,Over
1,talk,192,12,7,Skip
1,talk,193,12,12,Over
1,talk,194,12,8,Over
1,talk,195,13,2,Over
1,talk,196,13,6,Over
1,talk,197,13,8,Over
1,talk,198,13,4,Over
1,talk,199,13,5,Over
1,talk,200,13,3,VOTE Agent[05]
1,talk,201,13,12,Over
1,talk,202,13,14,Over
1,talk,203,13,7,Skip
1,talk,204,13,9,Over
1,talk,205,13,15,Over
1,talk,206,13,1,Over
1,talk,207,13,11,Over
1,talk,208,13,13,Over
1,talk,209,13,10,Over
1,talk,210,14,15,Over
1,talk,211,14,13,Over
1,talk,212,14,1,Over
1,talk,213,14,4,Over
1,talk,214,14,7,Over
1,talk,215,14,2,Over
1,talk,216,14,3,VOTE Agent[02]
1,talk,217,14,8,Over
1,talk,218,14,12,Over
1,talk,219,14,11,Over
1,talk,220,14,14,Over
1,talk,221,14,10,Over
1,talk,222,14,9,Over
1,talk,223,14,5,Over
1,talk,224,14,6,Over
1,talk,225,15,6,Over
1,talk,226,15,3,Skip
1,talk,227,15,5,Over
1,talk,228,15,1,Over
1,talk,229,15,4,Over
1,talk,230,15,13,Over
1,talk,231,15,14,Over
1,talk,232,15,15,Over
1,talk,233,15,8,Over
1,talk,234,15,10,Over
1,talk,235,15,11,Over
1,talk,236,15,7,Over
1,talk,237,15,2,Over
1,talk,238,15,12,Over
1,talk,239,15,9,Over
1,talk,240,16,6,Over
1,talk,241,16,4,Over
1,talk,242,16,13,Over
1,talk,243,16,12,Over
1,talk,244,16,2,Over
1,talk,245,16,14,Over
1,talk,246,16,8,Over
1,talk,247,16,11,Over
1,talk,248,16,1,Over
1,talk,249,16,15,Over
1,talk,250,16,10,Over
1,talk,251,16,5,Over
1,talk,252,16,9,Over
1,talk,253,16,7,Over
1,talk,254,16,3,Skip
1,talk,255,17,4,Over
1,talk,256,17,12,Over
1,talk,257,17,8,Over
1,talk,258,17,11,Over
1,talk,259,17,10,Over
1,talk,260,17,6,Over
1,talk,261,17,3,Over
1,talk,262,17,7,Over
1,talk,263,17,15,Over
1,talk,264,17,1,Over
1,talk,265,17,14,Over
1,talk,266,17,9,Over
1,talk,267,17,2,Over
1,talk,268,17,13,Over
1,talk,269,17,5,Over
1,vote,1,3
1,vote,2,3
1,vote,3,2
1,vote,4,3
1,vote,5,3
1,vote,6,3
1,vote,7,1
1,vote,8,3
1,vote,9,3
1,vote,10,1
1,vote,11,1
1,vote,12,3
1,vote,13,3
1,vote,14,3
1,vote,15,3
1,execute,3,VILLAGER
1,divine,10,1,WEREWOLF
1,whisper,0,0,15,ATTACK Agent[06]
1,whisper,1,0,1,ESTIMATE Agent[08] POSSESSED
1,whisper,2,0,7,ATTACK Agent[08]
1,whisper,3,1,7,Skip
1,whisper,4,1,15,Skip
1,whisper,5,1,1,ATTACK Agent[05]
1,whisper,6,2,15,Skip
1,whisper,7,2,7,Skip
1,whisper,8,2,1,Skip
1,whisper,9,3,7,Over
1,whisper,10,3,1,Skip
1,whisper,11,3,15,Over
1,whisper,12,4,7,Over
1,whisper,13,4,1,Over
1,whisper,14,4,15,Over
1,guard,12,10,SEER
1,attackVote,1,5
1,attackVote,7,8
1,attackVote,15,6
1,attackVote,1,5
1,attackVote,7,8
1,attackVote,15,6
1,attack,6,true
2,status,1,WEREWOLF,ALIVE,hellowolf
2,status,2,VILLAGER,ALIVE,wasabi
2,status,3,VILLAGER,DEAD,hellowolf 2
2,status,4,VILLAGER,ALIVE,fanfan 1
2,status,5,VILLAGER,ALIVE,hellowolf 1
2,status,6,MEDIUM,DEAD,fanfan 2
2,status,7,WEREWOLF,ALIVE,tomato
2,status,8,POSSESSED,ALIVE,takeda 1
2,status,9,VILLAGER,ALIVE,takeda 3
2,status,10,SEER,ALIVE,takeda 2
2,status,11,VILLAGER,ALIVE,tomato 1
2,status,12,BODYGUARD,ALIVE,fanfan
2,status,13,VILLAGER,ALIVE,wasabi 1
2,status,14,VILLAGER,ALIVE,takeda
2,status,15,WEREWOLF,ALIVE,HALUemon
2,talk,0,0,4,VOTE Agent[09]
2,talk,1,0,11,VOTE Agent[15]
2,talk,2,0,15,VOTE Agent[14]
2,talk,3,0,5,VOTE Agent[12]
2,talk,4,0,9,VOTE Agent[01]
2,talk,5,0,1,DIVINED Agent[08] HUMAN
2,talk,6,0,8,DIVINED Agent[02] HUMAN
2,talk,7,0,13,Skip
2,talk,8,0,2,ESTIMATE Agent[11] VILLAGER
2,talk,9,0,12,VOTE Agent[01]
2,talk,10,0,7,VOTE Agent[15]
2,talk,11,0,10,DIVINED Agent[01] WEREWOLF
2,talk,12,0,14,VOTE Agent[01]
2,talk,13,1,4,VOTE Agent[01]
2,talk,14,1,11,VOTE Agent[01]
2,talk,15,1,13,ESTIMATE Agent[08] WEREWOLF
2,talk,16,1,8,VOTE Agent[01]
2,talk,17,1,14,Skip
2,talk,18,1,9,Skip
2,talk,19,1,12,Skip
2,talk,20,1,2,Skip
2,talk,21,1,7,VOTE Agent[01]
2,talk,22,1,1,VOTE Agent[02]
2,talk,23,1,10,VOTE Agent[01]
2,talk,24,1,5,VOTE Agent[15]
2,talk,25,1,15,VOTE Agent[09]
2,talk,26,2,8,Skip
2,talk,27,2,5,VOTE Agent[01]
2,talk,28,2,4,Skip
2,talk,29,2,2,Skip
2,talk,30,2,7,Skip
2,talk,31,2,13,Skip
2,talk,32,2,12,Skip
2,talk,33,2,1,Skip
2,talk,34,2,11,Skip
2,talk,35,2,15,VOTE Agent[09]
2,talk,36,2,9,Skip
2,talk,37,2,14,Skip
2,talk,38,2,10,VOTE Agent[01]
2,talk,39,3,8,Skip
2,talk,40,3,11,Skip
2,talk,41,3,10,VOTE Agent[01]
2,talk,42,3,15,VOTE Agent[13]
2,talk,43,3,7,Skip
2,talk,44,3,1,Skip
2,talk,45,3,9,Over
2,talk,46,3,5,Skip
2,talk,47,3,13,VOTE Agent[09]
2,talk,48,3,12,Over
2,talk,49,3,4,Skip
2,talk,50,3,14,Over
2,talk,51,3,2,VOTE Agent[15]
2,talk,52,4,14,Over
2,talk,53,4,12,Over
2,talk,54,4,5,Skip
2,talk,55,4,7,Over
2,talk,56,4,8,Over
2,talk,57,4,15,VOTE Agent[09]
2,talk,58,4,11,Over
2,talk,59,4,13,Skip
2,talk,60,4,10,VOTE Agent[01]
2,talk,61,4,2,Skip
2,talk,62,4,9,Over
2,talk,63,4,1,VOTE Agent[13]
2,talk,64,4,4,Over
2,talk,65,5,5,Over
2,talk,66,5,2,VOTE Agent[13]
2,talk,67,5,1,VOTE Agent[09]
2,talk,68,5,12,Over
2,talk,69,5,9,Over
2,talk,70,5,11,Over
2,talk,71,5,10,VOTE Agent[01]
2,talk,72,5,13,ESTIMATE Agent[04] VILLAGER
2,talk,73,5,14,Over
2,talk,74,5,8,Over
2,talk,75,5,4,Over
2,talk,76,5,15,VOTE Agent[13]
2,talk,77,5,7,Over
2,talk,78,6,11,Over
2,talk,79,6,13,ESTIMATE Agent[04] VILLAGER
2,talk,80,6,2,VOTE Agent[05]
2,talk,81,6,4,Over
2,talk,82,6,8,Over
2,talk,83,6,10,VOTE Agent[01]
2,talk,84,6,5,Over
2,talk,85,6,12,Over
2,talk,86,6,14,Over
2,talk,87,6,1,VOTE Agent[13]
2,talk,88,6,15,VOTE Agent[09]
2,talk,89,6,7,Over
2,talk,90,6,9,Over
2,talk,91,7,1,VOTE Agent[09]
2,talk,92,7,5,Over
2,talk,93,7,7,Over
2,talk,94,7,11,Over
2,talk,95,7,15,VOTE Agent[13]
2,talk,96,7,12,Over
2,talk,97,7,10,VOTE Agent[01]
2,talk,98,7,13,ESTIMATE Agent[14] VILLAGER
2,talk,99,7,8,Over
2,talk,100,7,2,Skip
2,talk,101,7,9,Over
2,talk,102,7,14,Over
2,talk,103,7,4,Over
2,talk,104,8,1,Skip
2,talk,105,8,13,VOTE Agent[12]
2,talk,106,8,14,Over
2,talk,107,8,4,Over
2,talk,108,8,9,Over
2,talk,109,8,11,Over
2,talk,110,8,5,Over
2,talk,111,8,10,VOTE Agent[01]
2,talk,112,8,2,ESTIMATE Agent[10] WEREWOLF
2,talk,113,8,8,Over
2,talk,114,8,7,Over
2,talk,115,8,15,VOTE Agent[09]
2,talk,116,8,12,Over
2,talk,117,9,14,Over
2,talk,118,9,13,Over
2,talk,119,9,10,VOTE Agent[01]
2,talk,120,9,5,Over
2,talk,121,9,9,Over
2,talk,122,9,2,Over
2,talk,123,9,15,Over
2,talk,124,9,4,Over
2,talk,125,9,1,Skip
2,talk,126,9,12,Over
2,talk,127,9,7,Over
2,talk,128,9,11,Over
2,talk,129,9,8,Over
2,talk,130,10,15,Over
2,talk,131,10,8,Over
2,talk,132,10,10,Over
2,talk,133,10,4,Over
2,talk,134,10,7,Over
2,talk,135,10,13,Over
2,talk,136,10,14,Over
2,talk,137,10,5,Over
2,talk,138,10,2,Over
2,talk,139,10,9,Over
2,talk,140,10,12,Over
2,talk,141,10,11,Over
2,talk,142,10,1,Over
2,vote,1,9
2,vote,2,5
2,vote,4,1
2,vote,5,1
2,vote,7,1
2,vote,8,9
2,vote,9,1
2,vote,10,1
2,vote,11,1
2,vote,12,1
2,vote,13,12
2,vote,14,1
2,vote,15,9
2,execute,1,WEREWOLF
2,divine,10,2,HUMAN
2,whisper,0,0,7,ATTACK Agent[08]
2,whisper,1,0,15,ATTACK Agent[04]
2,whisper,2,1,15,Skip
2,whisper,3,1,7,Skip
2,whisper,4,2,15,Skip
2,whisper,5,2,7,Skip
2,whisper,6,3,7,Over
2,whisper,7,3,15,Over
2,guard,12,10,SEER
2,attackVote,7,8
2,attack,8,true
3,status,1,WEREWOLF,DEAD,hellowolf
3,status,2,VILLAGER,ALIVE,wasabi
3,status,3,VILLAGER,DEAD,hellowolf 2
3,status,4,VILLAGER,ALIVE,fanfan 1
3,status,5,VILLAGER,ALIVE,hellowolf 1
3,status,6,MEDIUM,DEAD,fanfan 2
3,status,7,WEREWOLF,ALIVE,tomato
3,status,8,POSSESSED,DEAD,takeda 1
3,status,9,VILLAGER,ALIVE,takeda 3
3,status,10,SEER,ALIVE,takeda 2
3,status,11,VILLAGER,ALIVE,tomato 1
3,status,12,BODYGUARD,ALIVE,fanfan
3,status,13,VILLAGER,ALIVE,wasabi 1
3,status,14,VILLAGER,ALIVE,takeda
3,status,15,WEREWOLF,ALIVE,HALUemon
3,talk,0,0,11,VOTE Agent[15]
3,talk,1,0,13,ESTIMATE Agent[10] WEREWOLF
3,talk,2,0,15,VOTE Agent[04]
3,talk,3,0,4,VOTE Agent[11]
3,talk,4,0,7,VOTE Agent[14]
3,talk,5,0,2,Skip
3,talk,6,0,12,VOTE Agent[11]
3,talk,7,0,10,DIVINED Agent[02] HUMAN
3,talk,8,0,5,VOTE Agent[02]
3,talk,9,0,9,VOTE Agent[02]
3,talk,10,0,14,VOTE Agent[02]
3,talk,11,1,9,VOTE Agent[13]
3,talk,12,1,15,VOTE Agent[14]
3,talk,13,1,7,VOTE Agent[02]
3,talk,14,1,13,ESTIMATE Agent[02] VILLAGER
3,talk,15,1,12,Skip
3,talk,16,1,2,ESTIMATE Agent[07] VILLAGER
3,talk,17,1,4,Skip
3,talk,18,1,5,Skip
3,talk,19,1,14,VOTE Agent[13]
3,talk,20,1,10,VOTE Agent[13]
3,talk,21,1,11,VOTE Agent[02]
3,talk,22,2,11,Skip
3,talk,23,2,9,Skip
3,talk,24,2,15,VOTE Agent[13]
3,talk,25,2,13,ESTIMATE Agent[10] WEREWOLF
3,talk,26,2,12,Skip
3,talk,27,2,2,ESTIMATE Agent[07] WEREWOLF
3,talk,28,2,5,Skip
3,talk,29,2,14,Skip
3,talk,30,2,7,Skip
3,talk,31,2,4,Skip
3,talk,32,2,10,VOTE Agent[13]
3,talk,33,3,10,VOTE Agent[13]
3,talk,34,3,7,VOTE Agent[13]
3,talk,35,3,5,Over
3,talk,36,3,2,VOTE Agent[13]
3,talk,37,3,15,VOTE Agent[13]
3,talk,38,3,12,Over
3,talk,39,3,9,Skip
3,talk,40,3,14,Skip
3,talk,41,3,4,Over
3,talk,42,3,11,VOTE Agent[13]
3,talk,43,3,13,VOTE Agent[10]
3,talk,44,4,4,Over
3,talk,45,4,15,VOTE Agent[13]
3,talk,46,4,2,ESTIMATE Agent[09] VILLAGER
3,talk,47,4,13,VOTE Agent[14]
3,talk,48,4,5,Over
3,talk,49,4,10,VOTE Agent[13]
3,talk,50,4,9,Over
3,talk,51,4,14,Over
3,talk,52,4,12,VOTE Agent[07]
3,talk,53,4,7,Skip
3,talk,54,4,11,Skip
3,talk,55,5,14,Over
3,talk,56,5,10,VOTE Agent[13]
3,talk,57,5,12,Skip
3,talk,58,5,7,Skip
3,talk,59,5,13,Skip
3,talk,60,5,2,Skip
3,talk,61,5,11,Skip
3,talk,62,5,15,VOTE Agent[13]
3,talk,63,5,9,Over
3,talk,64,5,4,VOTE Agent[13]
3,talk,65,5,5,VOTE Agent[12]
3,talk,66,6,14,Over
3,talk,67,6,9,Over
3,talk,68,6,7,Over
3,talk,69,6,4,Skip
3,talk,70,6,15,VOTE Agent[13]
3,talk,71,6,2,VOTE Agent[05]
3,talk,72,6,10,VOTE Agent[13]
3,talk,73,6,5,Skip
3,talk,74,6,13,VOTE Agent[12]
3,talk,75,6,12,Skip
3,talk,76,6,11,Over
3,talk,77,7,11,Over
3,talk,78,7,5,Skip
3,talk,79,7,15,VOTE Agent[13]
3,talk,80,7,14,Over
3,talk,81,7,9,Over
3,talk,82,7,12,Over
3,talk,83,7,7,Over
3,talk,84,7,10,VOTE Agent[13]
3,talk,85,7,2,VOTE Agent[07]
3,talk,86,7,4,Skip
3,talk,87,7,13,VOTE Agent[09]
3,talk,88,8,13,VOTE Agent[10]
3,talk,89,8,4,Over
3,talk,90,8,5,Over
3,talk,91,8,2,Skip
3,talk,92,8,10,VOTE Agent[13]
3,talk,93,8,14,Over
3,talk,94,8,7,Over
3,talk,95,8,12,Over
3,talk,96,8,11,Over
3,talk,97,8,9,Over
3,talk,98,8,15,VOTE Agent[13]
3,talk,99,9,5,Over
3,talk,100,9,7,Over
3,talk,101,9,14,Over
3,talk,102,9,11,Over
3,talk,103,9,15,Over
3,talk,104,9,4,Over
3,talk,105,9,2,Over
3,talk,106,9,13,Over
3,talk,107,9,10,VOTE Agent[13]
3,talk,108,9,9,Over
3,talk,109,9,12,Over
3,talk,110,10,9,Over
3,talk,111,10,2,Over
3,talk,112,10,13,Over
3,talk,113,10,11,Over
3,talk,114,10,12,Over
3,talk,115,10,15,Over
3,talk,116,10,10,Over
3,talk,117,10,7,Over
3,talk,118,10,5,Over
3,talk,119,10,4,Over
3,talk,120,10,14,Over
3,vote,2,7
3,vote,4,13
3,vote,5,12
3,vote,7,13
3,vote,9,13
3,vote,10,13
3,vote,11,13
3,vote,12,7
3,vote,13,10
3,vote,14,13
3,vote,15,13
3,execute,13,VILLAGER
3,divine,10,12,HUMAN
3,whisper,0,0,7,ATTACK Agent[10]
3,whisper,1,0,15,ATTACK Agent[09]
3,whisper,2,1,7,Skip
3,whisper,3,1,15,Skip
3,whisper,4,2,7,Skip
3,whisper,5,2,15,Skip
3,whisper,6,3,7,Over
3,whisper,7,3,15,Over
3,guard,12,10,SEER
3,attackVote,7,10
3,attack,10,false
4,status,1,WEREWOLF,DEAD,hellowolf
4,status,2,VILLAGER,ALIVE,wasabi
4,status,3,VILLAGER,DEAD,hellowolf 2
4,status,4,VILLAGER,ALIVE,fanfan 1
4,status,5,VILLAGER,ALIVE,hellowolf 1
4,status,6,MEDIUM,DEAD,fanfan 2
4,status,7,WEREWOLF,ALIVE,tomato
4,status,8,POSSESSED,DEAD,takeda 1
4,status,9,VILLAGER,ALIVE,takeda 3
4,status,10,SEER,ALIVE,takeda 2
4,status,11,VILLAGER,ALIVE,tomato 1
4,status,12,BODYGUARD,ALIVE,fanfan
4,status,13,VILLAGER,DEAD,wasabi 1
4,status,14,VILLAGER,ALIVE,takeda
4,status,15,WEREWOLF,ALIVE,HALUemon
4,talk,0,0,7,VOTE Agent[04]
4,talk,1,0,5,VOTE Agent[12]
4,talk,2,0,4,VOTE Agent[09]
4,talk,3,0,9,VOTE Agent[12]
4,talk,4,0,10,DIVINED Agent[12] HUMAN
4,talk,5,0,2,ESTIMATE Agent[10] WEREWOLF
4,talk,6,0,12,VOTE Agent[07]
4,talk,7,0,14,VOTE Agent[12]
4,talk,8,0,15,VOTE Agent[14]
4,talk,9,0,11,VOTE Agent[15]
4,talk,10,1,9,VOTE Agent[14]
4,talk,11,1,10,VOTE Agent[09]
4,talk,12,1,7,VOTE Agent[12]
4,talk,13,1,14,VOTE Agent[09]
4,talk,14,1,12,Skip
4,talk,15,1,5,VOTE Agent[15]
4,talk,16,1,2,ESTIMATE Agent[14] VILLAGER
4,talk,17,1,11,VOTE Agent[12]
4,talk,18,1,4,VOTE Agent[11]
4,talk,19,1,15,VOTE Agent[09]
4,talk,20,2,12,Skip
4,talk,21,2,11,VOTE Agent[09]
4,talk,22,2,14,Skip
4,talk,23,2,15,VOTE Agent[09]
4,talk,24,2,7,VOTE Agent[09]
4,talk,25,2,2,Skip
4,talk,26,2,9,Skip
4,talk,27,2,10,VOTE Agent[09]
4,talk,28,2,5,VOTE Agent[09]
4,talk,29,2,4,VOTE Agent[09]
4,talk,30,3,9,VOTE Agent[14]
4,talk,31,3,12,VOTE Agent[09]
4,talk,32,3,14,Skip
4,talk,33,3,11,Skip
4,talk,34,3,2,VOTE Agent[07]
4,talk,35,3,4,Skip
4,talk,36,3,5,Skip
4,talk,37,3,10,VOTE Agent[09]
4,talk,38,3,15,VOTE Agent[09]
4,talk,39,3,7,Skip
4,talk,40,4,12,Skip
4,talk,41,4,5,Skip
4,talk,42,4,10,VOTE Agent[09]
4,talk,43,4,2,VOTE Agent[09]
4,talk,44,4,7,Skip
4,talk,45,4,15,VOTE Agent[09]
4,talk,46,4,14,Over
4,talk,47,4,9,VOTE Agent[14]
4,talk,48,4,11,Skip
4,talk,49,4,4,Skip
4,talk,50,5,14,Over
4,talk,51,5,10,VOTE Agent[09]
4,talk,52,5,2,VOTE Agent[14]
4,talk,53,5,4,Over
4,talk,54,5,12,Skip
4,talk,55,5,9,VOTE Agent[14]
4,talk,56,5,7,Over
4,talk,57,5,15,VOTE Agent[09]
4,talk,58,5,5,Over
4,talk,59,5,11,Over
4,talk,60,6,14,Over
4,talk,61,6,11,Over
4,talk,62,6,10,VOTE Agent[09]
4,talk,63,6,5,Over
4,talk,64,6,7,Over
4,talk,65,6,2,Skip
4,talk,66,6,9,VOTE Agent[14]
4,talk,67,6,15,VOTE Agent[09]
4,talk,68,6,4,Over
4,talk,69,6,12,Over
4,talk,70,7,2,Skip
4,talk,71,7,7,Over
4,talk,72,7,10,VOTE Agent[09]
4,talk,73,7,11,Over
4,talk,74,7,14,Over
4,talk,75,7,15,VOTE Agent[09]
4,talk,76,7,12,Over
4,talk,77,7,9,VOTE Agent[14]
4,talk,78,7,4,Over
4,talk,79,7,5,Over
4,talk,80,8,5,Over
4,talk,81,8,7,Over
4,talk,82,8,14,Over
4,talk,83,8,9,VOTE Agent[14]
4,talk,84,8,12,Over
4,talk,85,8,10,VOTE Agent[09]
4,talk,86,8,2,VOTE Agent[15]
4,talk,87,8,4,Over
4,talk,88,8,15,VOTE Agent[09]
4,talk,89,8,11,Over
4,talk,90,9,12,Over
4,talk,91,9,7,Over
4,talk,92,9,2,Over
4,talk,93,9,15,Over
4,talk,94,9,14,Over
4,talk,95,9,10,VOTE Agent[09]
4,talk,96,9,9,VOTE Agent[14]
4,talk,97,9,11,Over
4,talk,98,9,5,Over
4,talk,99,9,4,Over
4,talk,100,10,14,Over
4,talk,101,10,7,Over
4,talk,102,10,15,Over
4,talk,103,10,12,Over
4,talk,104,10,2,Over
4,talk,105,10,10,Over
4,talk,106,10,4,Over
4,talk,107,10,9,VOTE Agent[14]
4,talk,108,10,5,Over
4,talk,109,10,11,Over
4,talk,110,11,10,Over
4,talk,111,11,12,Over
4,talk,112,11,11,Over
4,talk,113,11,7,Over
4,talk,114,11,5,Over
4,talk,115,11,4,Over
4,talk,116,11,9,Over
4,talk,117,11,15,Over
4,talk,118,11,14,Over
4,talk,119,11,2,Over
4,vote,2,15
4,vote,4,9
4,vote,5,9
4,vote,7,9
4,vote,9,14
4,vote,10,9
4,vote,11,9
4,vote,12,9
4,vote,14,9
4,vote,15,9
4,execute,9,VILLAGER
4,divine,10,14,HUMAN
4,whisper,0,0,15,ATTACK Agent[14]
4,whisper,1,0,7,ATTACK Agent[14]
4,whisper,2,1,15,Skip
4,whisper,3,1,7,Skip
4,whisper,4,2,7,Skip
4,whisper,5,2,15,Skip
4,whisper,6,3,7,Over
4,whisper,7,3,15,Over
4,guard,12,10,SEER
4,attackVote,7,14
4,attackVote,15,4
4,attackVote,7,14
4,attackVote,15,10
4,attack,14,true
5,status,1,WEREWOLF,DEAD,hellowolf
5,status,2,VILLAGER,ALIVE,wasabi
5,status,3,VILLAGER,DEAD,hellowolf 2
5,status,4,VILLAGER,ALIVE,fanfan 1
5,status,5,VILLAGER,ALIVE,hellowolf 1
5,status,6,MEDIUM,DEAD,fanfan 2
5,status,7,WEREWOLF,ALIVE,tomato
5,status,8,POSSESSED,DEAD,takeda 1
5,status,9,VILLAGER,DEAD,takeda 3
5,status,10,SEER,ALIVE,takeda 2
5,status,11,VILLAGER,ALIVE,tomato 1
5,status,12,BODYGUARD,ALIVE,fanfan
5,status,13,VILLAGER,DEAD,wasabi 1
5,status,14,VILLAGER,DEAD,takeda
5,status,15,WEREWOLF,ALIVE,HALUemon
5,talk,0,0,5,VOTE Agent[12]
5,talk,1,0,7,VOTE Agent[05]
5,talk,2,0,2,ESTIMATE Agent[10] WEREWOLF
5,talk,3,0,11,VOTE Agent[15]
5,talk,4,0,4,VOTE Agent[05]
5,talk,5,0,10,DIVINED Agent[14] HUMAN
5,talk,6,0,15,VOTE Agent[05]
5,talk,7,0,12,VOTE Agent[07]
5,talk,8,1,4,Skip
5,talk,9,1,15,VOTE Agent[05]
5,talk,10,1,12,VOTE Agent[05]
5,talk,11,1,10,VOTE Agent[04]
5,talk,12,1,7,Skip
5,talk,13,1,11,VOTE Agent[05]
5,talk,14,1,2,ESTIMATE Agent[11] VILLAGER
5,talk,15,1,5,VOTE Agent[15]
5,talk,16,2,11,Skip
5,talk,17,2,2,ESTIMATE Agent[15] WEREWOLF
5,talk,18,2,15,VOTE Agent[05]
5,talk,19,2,12,Skip
5,talk,20,2,4,Skip
5,talk,21,2,5,VOTE Agent[12]
5,talk,22,2,10,VOTE Agent[04]
5,talk,23,2,7,Skip
5,talk,24,3,12,Skip
5,talk,25,3,10,VOTE Agent[04]
5,talk,26,3,7,Over
5,talk,27,3,15,VOTE Agent[05]
5,talk,28,3,5,Skip
5,talk,29,3,2,VOTE Agent[15]
5,talk,30,3,4,Over
5,talk,31,3,11,Skip
5,talk,32,4,10,VOTE Agent[04]
5,talk,33,4,4,Over
5,talk,34,4,5,Skip
5,talk,35,4,2,VOTE Agent[07]
5,talk,36,4,11,Over
5,talk,37,4,7,Over
5,talk,38,4,15,VOTE Agent[05]
5,talk,39,4,12,Over
5,talk,40,5,4,Over
5,talk,41,5,7,Over
5,talk,42,5,11,Over
5,talk,43,5,15,VOTE Agent[05]
5,talk,44,5,10,VOTE Agent[04]
5,talk,45,5,5,Over
5,talk,46,5,2,VOTE Agent[04]
5,talk,47,5,12,Over
5,talk,48,6,15,VOTE Agent[05]
5,talk,49,6,4,Over
5,talk,50,6,12,Over
5,talk,51,6,5,Over
5,talk,52,6,11,Over
5,talk,53,6,10,VOTE Agent[04]
5,talk,54,6,2,ESTIMATE Agent[10] WEREWOLF
5,talk,55,6,7,Over
5,talk,56,7,5,Over
5,talk,57,7,4,Over
5,talk,58,7,12,Over
5,talk,59,7,7,Over
5,talk,60,7,2,Skip
5,talk,61,7,10,VOTE Agent[04]
5,talk,62,7,11,Over
5,talk,63,7,15,VOTE Agent[05]
5,talk,64,8,2,VOTE Agent[15]
5,talk,65,8,15,VOTE Agent[05]
5,talk,66,8,10,VOTE Agent[04]
5,talk,67,8,7,Over
5,talk,68,8,4,Over
5,talk,69,8,11,Over
5,talk,70,8,12,Over
5,talk,71,8,5,Over
5,talk,72,9,15,Over
5,talk,73,9,10,VOTE Agent[04]
5,talk,74,9,11,Over
5,talk,75,9,5,Over
5,talk,76,9,7,Over
5,talk,77,9,4,Over
5,talk,78,9,12,Over
5,talk,79,9,2,Over
5,talk,80,10,2,Over
5,talk,81,10,15,Over
5,talk,82,10,11,Over
5,talk,83,10,4,Over
5,talk,84,10,7,Over
5,talk,85,10,12,Over
5,talk,86,10,5,Over
5,talk,87,10,10,Over
5,vote,2,15
5,vote,4,5
5,vote,5,12
5,vote,7,5
5,vote,10,4
5,vote,11,5
5,vote,12,5
5,vote,15,5
5,execute,5,VILLAGER
5,divine,10,4,HUMAN
5,whisper,0,0,7,ATTACK Agent[10]
5,whisper,1,0,15,ATTACK Agent[07]
5,whisper,2,1,7,Skip
5,whisper,3,1,15,Skip
5,whisper,4,2,15,Skip
5,whisper,5,2,7,Skip
5,whisper,6,3,7,Over
5,whisper,7,3,15,Over
5,guard,12,10,SEER
5,attackVote,7,10
5,attackVote,15,10
5,attack,10,false
6,status,1,WEREWOLF,DEAD,hellowolf
6,status,2,VILLAGER,ALIVE,wasabi
6,status,3,VILLAGER,DEAD,hellowolf 2
6,status,4,VILLAGER,ALIVE,fanfan 1
6,status,5,VILLAGER,DEAD,hellowolf 1
6,status,6,MEDIUM,DEAD,fanfan 2
6,status,7,WEREWOLF,ALIVE,tomato
6,status,8,POSSESSED,DEAD,takeda 1
6,status,9,VILLAGER,DEAD,takeda 3
6,status,10,SEER,ALIVE,takeda 2
6,status,11,VILLAGER,ALIVE,tomato 1
6,status,12,BODYGUARD,ALIVE,fanfan
6,status,13,VILLAGER,DEAD,wasabi 1
6,status,14,VILLAGER,DEAD,takeda
6,status,15,WEREWOLF,ALIVE,HALUemon
6,talk,0,0,12,VOTE Agent[07]
6,talk,1,0,2,ESTIMATE Agent[12] VILLAGER
6,talk,2,0,10,DIVINED Agent[04] HUMAN
6,talk,3,0,11,VOTE Agent[10]
6,talk,4,0,4,VOTE Agent[07]
6,talk,5,0,7,VOTE Agent[02]
6,talk,6,0,15,VOTE Agent[04]
6,talk,7,1,10,VOTE Agent[15]
6,talk,8,1,11,VOTE Agent[07]
6,talk,9,1,4,Skip
6,talk,10,1,12,Skip
6,talk,11,1,15,VOTE Agent[10]
6,talk,12,1,2,ESTIMATE Agent[10] WEREWOLF
6,talk,13,1,7,VOTE Agent[07]
6,talk,14,2,2,ESTIMATE Agent[15] WEREWOLF
6,talk,15,2,4,Skip
6,talk,16,2,11,Skip
6,talk,17,2,10,VOTE Agent[15]
6,talk,18,2,15,VOTE Agent[02]
6,talk,19,2,7,Skip
6,talk,20,2,12,Skip
6,talk,21,3,11,Skip
6,talk,22,3,12,Over
6,talk,23,3,7,Skip
6,talk,24,3,2,VOTE Agent[15]
6,talk,25,3,15,VOTE Agent[11]
6,talk,26,3,10,VOTE Agent[07]
6,talk,27,3,4,Over
6,talk,28,4,10,VOTE Agent[07]
6,talk,29,4,15,VOTE Agent[10]
6,talk,30,4,7,Over
6,talk,31,4,4,Over
6,talk,32,4,11,Over
6,talk,33,4,12,Over
6,talk,34,4,2,VOTE Agent[07]
6,talk,35,5,10,VOTE Agent[07]
6,talk,36,5,2,Skip
6,talk,37,5,15,VOTE Agent[11]
6,talk,38,5,12,Over
6,talk,39,5,7,Over
6,talk,40,5,11,Over
6,talk,41,5,4,Over
6,talk,42,6,10,VOTE Agent[07]
6,talk,43,6,2,ESTIMATE Agent[10] WEREWOLF
6,talk,44,6,11,Over
6,talk,45,6,15,VOTE Agent[02]
6,talk,46,6,4,Over
6,talk,47,6,12,Over
6,talk,48,6,7,Over
6,talk,49,7,7,Over
6,talk,50,7,12,Over
6,talk,51,7,4,Over
6,talk,52,7,10,VOTE Agent[07]
6,talk,53,7,11,Over
6,talk,54,7,2,Skip
6,talk,55,7,15,VOTE Agent[12]
6,talk,56,8,12,Over
6,talk,57,8,4,Over
6,talk,58,8,15,VOTE Agent[12]
6,talk,59,8,7,Over
6,talk,60,8,2,ESTIMATE Agent[07] WEREWOLF
6,talk,61,8,10,VOTE Agent[07]
6,talk,62,8,11,Over
6,talk,63,9,10,VOTE Agent[07]
6,talk,64,9,7,Over
6,talk,65,9,15,Over
6,talk,66,9,2,Over
6,talk,67,9,4,Over
6,talk,68,9,12,Over
6,talk,69,9,11,Over
6,talk,70,10,10,Over
6,talk,71,10,2,Over
6,talk,72,10,15,Over
6,talk,73,10,4,Over
6,talk,74,10,7,Over
6,talk,75,10,12,Over
6,talk,76,10,11,Over
6,vote,2,7
6,vote,4,7
6,vote,7,2
6,vote,10,7
6,vote,11,7
6,vote,12,7
6,vote,15,11
6,execute,7,WEREWOLF
6,divine,10,15,WEREWOLF
6,guard,12,10,SEER
6,attack,11,true
7,status,1,WEREWOLF,DEAD,hellowolf
7,status,2,VILLAGER,ALIVE,wasabi
7,status,3,VILLAGER,DEAD,hellowolf 2
7,status,4,VILLAGER,ALIVE,fanfan 1
7,status,5,VILLAGER,DEAD,hellowolf 1
7,status,6,MEDIUM,DEAD,fanfan 2
7,status,7,WEREWOLF,DEAD,tomato
7,status,8,POSSESSED,DEAD,takeda 1
7,status,9,VILLAGER,DEAD,takeda 3
7,status,10,SEER,ALIVE,takeda 2
7,status,11,VILLAGER,DEAD,tomato 1
7,status,12,BODYGUARD,ALIVE,fanfan
7,status,13,VILLAGER,DEAD,wasabi 1
7,status,14,VILLAGER,DEAD,takeda
7,status,15,WEREWOLF,ALIVE,HALUemon
7,talk,0,0,2,Skip
7,talk,1,0,12,VOTE Agent[15]
7,talk,2,0,15,VOTE Agent[12]
7,talk,3,0,4,VOTE Agent[15]
7,talk,4,0,10,DIVINED Agent[15] WEREWOLF
7,talk,5,1,4,Skip
7,talk,6,1,2,Skip
7,talk,7,1,12,Skip
7,talk,8,1,10,VOTE Agent[15]
7,talk,9,1,15,VOTE Agent[12]
7,talk,10,2,2,ESTIMATE Agent[15] WEREWOLF
7,talk,11,2,12,Skip
7,talk,12,2,15,VOTE Agent[10]
7,talk,13,2,10,VOTE Agent[15]
7,talk,14,2,4,Skip
7,talk,15,3,12,Over
7,talk,16,3,4,Over
7,talk,17,3,10,VOTE Agent[15]
7,talk,18,3,2,VOTE Agent[15]
7,talk,19,3,15,VOTE Agent[02]
7,talk,20,4,15,VOTE Agent[02]
7,talk,21,4,12,Over
7,talk,22,4,10,VOTE Agent[15]
7,talk,23,4,2,Skip
7,talk,24,4,4,Over
7,talk,25,5,2,Skip
7,talk,26,5,10,VOTE Agent[15]
7,talk,27,5,12,Over
7,talk,28,5,15,VOTE Agent[10]
7,talk,29,5,4,Over
7,talk,30,6,4,Over
7,talk,31,6,12,Over
7,talk,32,6,15,VOTE Agent[02]
7,talk,33,6,10,VOTE Agent[15]
7,talk,34,6,2,Over
7,talk,35,7,2,Over
7,talk,36,7,10,VOTE Agent[15]
7,talk,37,7,15,VOTE Agent[02]
7,talk,38,7,4,Over
7,talk,39,7,12,Over
7,talk,40,8,15,VOTE Agent[10]
7,talk,41,8,10,VOTE Agent[15]
7,talk,42,8,2,Over
7,talk,43,8,12,Over
7,talk,44,8,4,Over
7,talk,45,9,15,Over
7,talk,46,9,2,Over
7,talk,47,9,12,Over
7,talk,48,9,10,VOTE Agent[15]
7,talk,49,9,4,Over
7,talk,50,10,2,Over
7,talk,51,10,10,Over
7,talk,52,10,15,Over
7,talk,53,10,4,Over
7,talk,54,10,12,Over
7,vote,2,15
7,vote,4,15
7,vote,10,15
7,vote,12,15
7,vote,15,2
7,execute,15,WEREWOLF
7,guard,12,10,SEER
8,status,1,WEREWOLF,DEAD,hellowolf
8,status,2,VILLAGER,ALIVE,wasabi
8,status,3,VILLAGER,DEAD,hellowolf 2
8,status,4,VILLAGER,ALIVE,fanfan 1
8,status,5,VILLAGER,DEAD,hellowolf 1
8,status,6,MEDIUM,DEAD,fanfan 2
8,status,7,WEREWOLF,DEAD,tomato
8,status,8,POSSESSED,DEAD,takeda 1
8,status,9,VILLAGER,DEAD,takeda 3
8,status,10,SEER,ALIVE,takeda 2
8,status,11,VILLAGER,DEAD,tomato 1
8,status,12,BODYGUARD,ALIVE,fanfan
8,status,13,VILLAGER,DEAD,wasabi 1
8,status,14,VILLAGER,DEAD,takeda
8,status,15,WEREWOLF,DEAD,HALUemon
8,result,4,0,VILLAGER
