0,status,1,VILLAGER,ALIVE,hellowolf
0,status,2,VILLAGER,ALIVE,wasabi
0,status,3,POSSESSED,ALIVE,hellowolf 2
0,status,4,WEREWOLF,ALIVE,fanfan 1
0,status,5,SEER,ALIVE,hellowolf 1
0,status,6,VILLAGER,ALIVE,fanfan 2
0,status,7,BODYGUARD,ALIVE,tomato
0,status,8,VILLAGER,ALIVE,takeda 1
0,status,9,WEREWOLF,ALIVE,takeda 3
0,status,10,VILLAGER,ALIVE,takeda 2
0,status,11,WEREWOLF,ALIVE,tomato 1
0,status,12,MEDIUM,ALIVE,fanfan
0,status,13,VILLAGER,ALIVE,wasabi 1
0,status,14,VILLAGER,ALIVE,takeda
0,status,15,VILLAGER,ALIVE,HALUemon
0,whisper,0,0,11,COMINGOUT Agent[11] VILLAGER
0,whisper,1,0,4,COMINGOUT Agent[04] VILLAGER
0,whisper,2,0,9,Skip
0,whisper,3,1,9,Skip
0,whisper,4,1,4,Skip
0,whisper,5,1,11,Skip
0,whisper,6,2,11,COMINGOUT Agent[11] SEER
0,whisper,7,2,4,Skip
0,whisper,8,2,9,Over
0,whisper,9,3,4,Over
0,whisper,10,3,11,Skip
0,whisper,11,3,9,Over
0,whisper,12,4,4,Over
0,whisper,13,4,9,Over
0,whisper,14,4,11,Skip
0,whisper,15,5,4,Over
0,whisper,16,5,11,Over
0,whisper,17,5,9,Over
0,divine,5,6,HUMAN
1,status,1,VILLAGER,ALIVE,hellowolf
1,status,2,VILLAGER,ALIVE,wasabi
1,status,3,POSSESSED,ALIVE,hellowolf 2
1,status,4,WEREWOLF,ALIVE,fanfan 1
1,status,5,SEER,ALIVE,hellowolf 1
1,status,6,VILLAGER,ALIVE,fanfan 2
1,status,7,BODYGUARD,ALIVE,tomato
1,status,8,VILLAGER,ALIVE,takeda 1
1,status,9,WEREWOLF,ALIVE,takeda 3
1,status,10,VILLAGER,ALIVE,takeda 2
1,status,11,WEREWOLF,ALIVE,tomato 1
1,status,12,MEDIUM,ALIVE,fanfan
1,status,13,VILLAGER,ALIVE,wasabi 1
1,status,14,VILLAGER,ALIVE,takeda
1,status,15,VILLAGER,ALIVE,HALUemon
1,talk,0,0,1,VOTE Agent[06]
1,talk,1,0,5,VOTE Agent[01]
1,talk,2,0,12,COMINGOUT Agent[12] MEDIUM
1,talk,3,0,10,VOTE Agent[14]
1,talk,4,0,9,VOTE Agent[14]
1,talk,5,0,3,COMINGOUT Agent[03] SEER
1,talk,6,0,15,VOTE Agent[05]
1,talk,7,0,6,VOTE Agent[14]
1,talk,8,0,11,COMINGOUT Agent[11] SEER
1,talk,9,0,8,VOTE Agent[14]
1,talk,10,0,7,VOTE Agent[06]
1,talk,11,0,14,VOTE Agent[08]
1,talk,12,0,13,ESTIMATE Agent[03] VILLAGER
1,talk,13,0,2,ESTIMATE Agent[13] VILLAGER
1,talk,14,0,4,VOTE Agent[06]
1,talk,15,1,13,ESTIMATE Agent[11] WEREWOLF
1,talk,16,1,11,DIVINED Agent[06] HUMAN
1,talk,17,1,6,VOTE Agent[04]
1,talk,18,1,4,VOTE Agent[14]
1,talk,19,1,2,ESTIMATE Agent[11] WEREWOLF
1,talk,20,1,8,VOTE Agent[01]
1,talk,21,1,14,VOTE Agent[06]
1,talk,22,1,7,Skip
1,talk,23,1,1,VOTE Agent[10]
1,talk,24,1,3,DIVINED Agent[12] WEREWOLF
1,talk,25,1,15,VOTE Agent[06]
1,talk,26,1,12,VOTE Agent[10]
1,talk,27,1,5,VOTE Agent[03]
1,talk,28,1,10,VOTE Agent[08]
1,talk,29,1,9,VOTE Agent[01]
1,talk,30,2,9,VOTE Agent[08]
1,talk,31,2,12,VOTE Agent[02]
1,talk,32,2,13,ESTIMATE Agent[14] WEREWOLF
1,talk,33,2,2,ESTIMATE Agent[15] VILLAGER
1,talk,34,2,5,Skip
1,talk,35,2,6,VOTE Agent[10]
1,talk,36,2,11,VOTE Agent[06]
1,talk,37,2,1,Skip
1,talk,38,2,8,VOTE Agent[14]
1,talk,39,2,4,VOTE Agent[06]
1,talk,40,2,7,Skip
1,talk,41,2,15,VOTE Agent[01]
1,talk,42,2,10,VOTE Agent[15]
1,talk,43,2,14,VOTE Agent[10]
1,talk,44,2,3,VOTE Agent[12]
1,talk,45,3,10,Skip
1,talk,46,3,3,VOTE Agent[06]
1,talk,47,3,15,VOTE Agent[02]
1,talk,48,3,12,VOTE Agent[09]
1,talk,49,3,7,Over
1,talk,50,3,2,VOTE Agent[14]
1,talk,51,3,11,Skip
1,talk,52,3,9,Skip
1,talk,53,3,5,VOTE Agent[10]
1,talk,54,3,14,VOTE Agent[02]
1,talk,55,3,4,VOTE Agent[10]
1,talk,56,3,8,VOTE Agent[02]
1,talk,57,3,1,Skip
1,talk,58,3,13,VOTE Agent[09]
1,talk,59,3,6,Skip
1,talk,60,4,2,VOTE Agent[09]
1,talk,61,4,8,VOTE Agent[10]
1,talk,62,4,14,Skip
1,talk,63,4,9,Skip
1,talk,64,4,7,Over
1,talk,65,4,15,VOTE Agent[02]
1,talk,66,4,3,Skip
1,talk,67,4,11,Skip
1,talk,68,4,5,VOTE Agent[03]
1,talk,69,4,4,Skip
1,talk,70,4,10,VOTE Agent[02]
1,talk,71,4,6,Skip
1,talk,72,4,12,VOTE Agent[02]
1,talk,73,4,1,Over
1,talk,74,4,13,ESTIMATE Agent[05] VILLAGER
1,talk,75,5,9,VOTE Agent[02]
1,talk,76,5,13,ESTIMATE Agent[03] WEREWOLF
1,talk,77,5,7,Over
1,talk,78,5,12,Skip
1,talk,79,5,10,Skip
1,talk,80,5,3,Skip
1,talk,81,5,2,ESTIMATE Agent[09] WEREWOLF
1,talk,82,5,14,Skip
1,talk,83,5,11,VOTE Agent[02]
1,talk,84,5,15,VOTE Agent[02]
1,talk,85,5,6,VOTE Agent[02]
1,talk,86,5,8,VOTE Agent[02]
1,talk,87,5,5,VOTE Agent[02]
1,talk,88,5,4,Skip
1,talk,89,5,1,VOTE Agent[02]
1,talk,90,6,8,Skip
1,talk,91,6,11,Skip
1,talk,92,6,4,VOTE Agent[02]
1,talk,93,6,1,Skip
1,talk,94,6,13,VOTE Agent[02]
1,talk,95,6,3,VOTE Agent[02]
1,talk,96,6,2,VOTE Agent[10]
1,talk,97,6,14,Over
1,talk,98,6,7,Over
1,talk,99,6,6,Skip
1,talk,100,6,9,Skip
1,talk,101,6,5,VOTE Agent[03]
1,talk,102,6,15,VOTE Agent[09]
1,talk,103,6,10,Skip
1,talk,104,6,12,Skip
1,talk,105,7,4,Skip
1,talk,106,7,11,Skip
1,talk,107,7,15,VOTE Agent[10]
1,talk,108,7,14,Over
1,talk,109,7,9,Skip
1,talk,110,7,1,Skip
1,talk,111,7,5,Skip
1,talk,112,7,13,Skip
1,talk,113,7,2,ESTIMATE Agent[12] MEDIUM
1,talk,114,7,3,Skip
1,talk,115,7,10,Over
1,talk,116,7,12,Over
1,talk,117,7,7,Over
1,talk,118,7,8,Skip
1,talk,119,7,6,Skip
1,talk,120,8,3,Skip
1,talk,121,8,4,Skip
1,talk,122,8,6,Over
1,talk,123,8,13,ESTIMATE Agent[01] WEREWOLF
1,talk,124,8,8,Over
1,talk,125,8,2,ESTIMATE Agent[04] WEREWOLF
1,talk,126,8,12,Over
1,talk,127,8,7,Over
1,talk,128,8,9,Over
1,talk,129,8,10,Over
1,talk,130,8,1,Over
1,talk,131,8,14,Over
1,talk,132,8,5,Skip
1,talk,133,8,11,Over
1,talk,134,8,15,VOTE Agent[10]
1,talk,135,9,13,Over
1,talk,136,9,7,Over
1,talk,137,9,2,Over
1,talk,138,9,15,Over
1,talk,139,9,11,Over
1,talk,140,9,1,Over
1,talk,141,9,12,Over
1,talk,142,9,4,Over
1,talk,143,9,8,Over
1,talk,144,9,3,Over
1,talk,145,9,5,Over
1,talk,146,9,9,Over
1,talk,147,9,14,Over
1,talk,148,9,10,Over
1,talk,149,9,6,VOTE Agent[08]
1,talk,150,10,4,Over
1,talk,151,10,6,Skip
1,talk,152,10,5,Over
1,talk,153,10,2,Over
1,talk,154,10,3,Over
1,talk,155,10,9,Over
1,talk,156,10,15,Over
1,talk,157,10,12,Over
1,talk,158,10,14,Over
1,talk,159,10,11,Over
1,talk,160,10,13,Over
1,talk,161,10,8,Over
1,talk,162,10,1,VOTE Agent[10]
1,talk,163,10,7,Over
1,talk,164,10,10,Over
1,talk,165,11,9,Over
1,talk,166,11,10,Over
1,talk,167,11,1,VOTE Agent[02]
1,talk,168,11,4,Over
1,talk,169,11,13,Over
1,talk,170,11,6,Skip
1,talk,171,11,11,Over
1,talk,172,11,12,Over
1,talk,173,11,7,Over
1,talk,174,11,15,Over
1,talk,175,11,2,Over
1,talk,176,11,3,Over
1,talk,177,11,5,Over
1,talk,178,11,8,Over
1,talk,179,11,14,Over
1,talk,180,12,8,Over
1,talk,181,12,3,Over
1,talk,182,12,2,Over
1,talk,183,12,5,Over
1,talk,184,12,9,Over
1,talk,185,12,14,Over
1,talk,186,12,12,Over
1,talk,187,12,4,Over
1,talk,188,12,10,Over
1,talk,189,12,15,Over
1,talk,190,12,1,Skip
1,talk,191,12,13,Over
1,talk,192,12,7,Over
1,talk,193,12,11,Over
1,talk,194,12,6,Over
1,talk,195,13,6,Over
1,talk,196,13,5,VOTE Agent[02]
1,talk,197,13,1,Skip
1,talk,198,13,8,Over
1,talk,199,13,7,Over
1,talk,200,13,9,Over
1,talk,201,13,3,Over
1,talk,202,13,2,Over
1,talk,203,13,15,Over
1,talk,204,13,4,Over
1,talk,205,13,10,Over
1,talk,206,13,14,Over
1,talk,207,13,11,Over
1,talk,208,13,13,Over
1,talk,209,13,12,Over
1,talk,210,14,3,Over
1,talk,211,14,4,Over
1,talk,212,14,2,Over
1,talk,213,14,6,Over
1,talk,214,14,15,Over
1,talk,215,14,7,Over
1,talk,216,14,12,Over
1,talk,217,14,10,Over
1,talk,218,14,1,Over
1,talk,219,14,11,Over
1,talk,220,14,9,Over
1,talk,221,14,14,Over
1,talk,222,14,5,Skip
1,talk,223,14,8,Over
1,talk,224,14,13,Over
1,talk,225,15,6,Over
1,talk,226,15,1,Over
1,talk,227,15,5,Skip
1,talk,228,15,8,Over
1,talk,229,15,2,Over
1,talk,230,15,14,Over
1,talk,231,15,12,Over
1,talk,232,15,15,Over
1,talk,233,15,11,Over
1,talk,234,15,10,Over
1,talk,235,15,3,Over
1,talk,236,15,7,Over
1,talk,237,15,13,Over
1,talk,238,15,4,Over
1,talk,239,15,9,Over
1,talk,240,16,12,Over
1,talk,241,16,9,Over
1,talk,242,16,2,Over
1,talk,243,16,11,Over
1,talk,244,16,3,Over
1,talk,245,16,8,Over
1,talk,246,16,5,Over
1,talk,247,16,10,Over
1,talk,248,16,6,Over
1,talk,249,16,15,Over
1,talk,250,16,7,Over
1,talk,251,16,1,Over
1,talk,252,16,4,Over
1,talk,253,16,13,Over
1,talk,254,16,14,Over
1,vote,1,2
1,vote,2,10
1,vote,3,2
1,vote,4,2
1,vote,5,2
1,vote,6,8
1,vote,7,6
1,vote,8,2
1,vote,9,2
1,vote,10,2
1,vote,11,2
1,vote,12,2
1,vote,13,2
1,vote,14,2
1,vote,15,8
1,execute,2,VILLAGER
1,divine,5,10,HUMAN
1,whisper,0,0,4,ESTIMATE Agent[03] POSSESSED
1,whisper,1,0,11,ATTACK Agent[03]
1,whisper,2,0,9,Skip
1,whisper,3,1,4,ATTACK Agent[07]
1,whisper,4,1,9,Skip
1,whisper,5,1,11,Skip
1,whisper,6,2,9,Over
1,whisper,7,2,4,Skip
1,whisper,8,2,11,Skip
1,whisper,9,3,9,Over
1,whisper,10,3,4,Skip
1,whisper,11,3,11,Over
1,whisper,12,4,11,Over
1,whisper,13,4,4,Over
1,whisper,14,4,9,Over
1,guard,7,11,WEREWOLF
1,attackVote,4,7
1,attackVote,9,3
1,attackVote,11,3
1,attack,3,true
2,status,1,VILLAGER,ALIVE,hellowolf
2,status,2,VILLAGER,DEAD,wasabi
2,status,3,POSSESSED,DEAD,hellowolf 2
2,status,4,WEREWOLF,ALIVE,fanfan 1
2,status,5,SEER,ALIVE,hellowolf 1
2,status,6,VILLAGER,ALIVE,fanfan 2
2,status,7,BODYGUARD,ALIVE,tomato
2,status,8,VILLAGER,ALIVE,takeda 1
2,status,9,WEREWOLF,ALIVE,takeda 3
2,status,10,VILLAGER,ALIVE,takeda 2
2,status,11,WEREWOLF,ALIVE,tomato 1
2,status,12,MEDIUM,ALIVE,fanfan
2,status,13,VILLAGER,ALIVE,wasabi 1
2,status,14,VILLAGER,ALIVE,takeda
2,status,15,VILLAGER,ALIVE,HALUemon
2,talk,0,0,10,VOTE Agent[14]
2,talk,1,0,5,VOTE Agent[11]
2,talk,2,0,14,VOTE Agent[10]
2,talk,3,0,8,VOTE Agent[10]
2,talk,4,0,11,DIVINED Agent[14] HUMAN
2,talk,5,0,4,VOTE Agent[08]
2,talk,6,0,1,VOTE Agent[10]
2,talk,7,0,7,VOTE Agent[11]
2,talk,8,0,6,VOTE Agent[14]
2,talk,9,0,13,ESTIMATE Agent[10] VILLAGER
2,talk,10,0,12,IDENTIFIED Agent[02] HUMAN
2,talk,11,0,9,VOTE Agent[14]
2,talk,12,0,15,VOTE Agent[08]
2,talk,13,1,11,VOTE Agent[10]
2,talk,14,1,9,VOTE Agent[10]
2,talk,15,1,7,Skip
2,talk,16,1,6,VOTE Agent[08]
2,talk,17,1,13,ESTIMATE Agent[06] VILLAGER
2,talk,18,1,10,VOTE Agent[09]
2,talk,19,1,5,VOTE Agent[08]
2,talk,20,1,1,Skip
2,talk,21,1,4,VOTE Agent[14]
2,talk,22,1,8,Skip
2,talk,23,1,12,VOTE Agent[08]
2,talk,24,1,15,VOTE Agent[08]
2,talk,25,1,14,Skip
2,talk,26,2,10,VOTE Agent[08]
2,talk,27,2,1,Skip
2,talk,28,2,13,ESTIMATE Agent[11] SEER
2,talk,29,2,15,VOTE Agent[08]
2,talk,30,2,12,VOTE Agent[10]
2,talk,31,2,7,Skip
2,talk,32,2,14,Skip
2,talk,33,2,9,Skip
2,talk,34,2,6,VOTE Agent[10]
2,talk,35,2,5,VOTE Agent[11]
2,talk,36,2,11,VOTE Agent[08]
2,talk,37,2,4,VOTE Agent[10]
2,talk,38,2,8,Skip
2,talk,39,3,12,Skip
2,talk,40,3,11,Skip
2,talk,41,3,1,Over
2,talk,42,3,13,VOTE Agent[09]
2,talk,43,3,15,VOTE Agent[08]
2,talk,44,3,10,VOTE Agent[08]
2,talk,45,3,9,Skip
2,talk,46,3,7,Over
2,talk,47,3,6,Skip
2,talk,48,3,5,Skip
2,talk,49,3,4,Skip
2,talk,50,3,14,Over
2,talk,51,3,8,Over
2,talk,52,4,15,VOTE Agent[08]
2,talk,53,4,14,Over
2,talk,54,4,8,Over
2,talk,55,4,7,Over
2,talk,56,4,13,ESTIMATE Agent[04] WEREWOLF
2,talk,57,4,1,Over
2,talk,58,4,10,VOTE Agent[08]
2,talk,59,4,12,Skip
2,talk,60,4,4,Skip
2,talk,61,4,5,Skip
2,talk,62,4,11,Skip
2,talk,63,4,9,Over
2,talk,64,4,6,Skip
2,talk,65,5,7,Over
2,talk,66,5,9,Over
2,talk,67,5,11,Over
2,talk,68,5,10,VOTE Agent[08]
2,talk,69,5,8,Over
2,talk,70,5,14,Over
2,talk,71,5,1,Over
2,talk,72,5,12,Over
2,talk,73,5,5,Over
2,talk,74,5,4,Over
2,talk,75,5,15,VOTE Agent[08]
2,talk,76,5,6,Over
2,talk,77,5,13,Skip
2,talk,78,6,14,Over
2,talk,79,6,11,Over
2,talk,80,6,9,Over
2,talk,81,6,13,VOTE Agent[10]
2,talk,82,6,1,Over
2,talk,83,6,15,VOTE Agent[08]
2,talk,84,6,10,VOTE Agent[08]
2,talk,85,6,12,Over
2,talk,86,6,5,VOTE Agent[01]
2,talk,87,6,4,Over
2,talk,88,6,6,Over
2,talk,89,6,8,Over
2,talk,90,6,7,Over
2,talk,91,7,15,VOTE Agent[08]
2,talk,92,7,12,Over
2,talk,93,7,4,Over
2,talk,94,7,5,Skip
2,talk,95,7,13,Skip
2,talk,96,7,8,Over
2,talk,97,7,7,Over
2,talk,98,7,10,VOTE Agent[08]
2,talk,99,7,1,Over
2,talk,100,7,14,Over
2,talk,101,7,6,Over
2,talk,102,7,11,Over
2,talk,103,7,9,Over
2,talk,104,8,6,Over
2,talk,105,8,10,VOTE Agent[08]
2,talk,106,8,5,Skip
2,talk,107,8,9,Over
2,talk,108,8,8,Over
2,talk,109,8,14,Over
2,talk,110,8,15,VOTE Agent[08]
2,talk,111,8,11,Over
2,talk,112,8,12,Over
2,talk,113,8,7,Over
2,talk,114,8,1,Over
2,talk,115,8,13,VOTE Agent[01]
2,talk,116,8,4,Over
2,talk,117,9,13,Over
2,talk,118,9,4,Over
2,talk,119,9,7,Over
2,talk,120,9,6,Over
2,talk,121,9,14,Over
2,talk,122,9,9,Over
2,talk,123,9,12,Over
2,talk,124,9,10,VOTE Agent[08]
2,talk,125,9,11,Over
2,talk,126,9,15,Over
2,talk,127,9,1,Over
2,talk,128,9,5,Over
2,talk,129,9,8,Over
2,talk,130,10,14,Over
2,talk,131,10,4,Over
2,talk,132,10,8,Over
2,talk,133,10,15,Over
2,talk,134,10,11,Over
2,talk,135,10,13,Over
2,talk,136,10,10,Over
2,talk,137,10,6,Over
2,talk,138,10,5,Over
2,talk,139,10,12,Over
2,talk,140,10,9,Over
2,talk,141,10,7,Over
2,talk,142,10,1,Over
2,vote,1,10
2,vote,4,10
2,vote,5,1
2,vote,6,10
2,vote,7,11
2,vote,8,10
2,vote,9,10
2,vote,10,8
2,vote,11,8
2,vote,12,10
2,vote,13,1
2,vote,14,10
2,vote,15,1
2,execute,10,VILLAGER
2,divine,5,1,HUMAN
2,whisper,0,0,11,ATTACK Agent[12]
2,whisper,1,0,9,Skip
2,whisper,2,0,4,ATTACK Agent[07]
2,whisper,3,1,11,Skip
2,whisper,4,1,4,Skip
2,whisper,5,1,9,Skip
2,whisper,6,2,11,Skip
2,whisper,7,2,4,Skip
2,whisper,8,2,9,Over
2,whisper,9,3,4,Over
2,whisper,10,3,11,Over
2,whisper,11,3,9,Over
2,guard,7,11,WEREWOLF
2,attackVote,4,7
2,attackVote,9,12
2,attackVote,11,12
2,attack,12,true
3,status,1,VILLAGER,ALIVE,hellowolf
3,status,2,VILLAGER,DEAD,wasabi
3,status,3,POSSESSED,DEAD,hellowolf 2
3,status,4,WEREWOLF,ALIVE,fanfan 1
3,status,5,SEER,ALIVE,hellowolf 1
3,status,6,VILLAGER,ALIVE,fanfan 2
3,status,7,BODYGUARD,ALIVE,tomato
3,status,8,VILLAGER,ALIVE,takeda 1
3,status,9,WEREWOLF,ALIVE,takeda 3
3,status,10,VILLAGER,DEAD,takeda 2
3,status,11,WEREWOLF,ALIVE,tomato 1
3,status,12,MEDIUM,DEAD,fanfan
3,status,13,VILLAGER,ALIVE,wasabi 1
3,status,14,VILLAGER,ALIVE,takeda
3,status,15,VILLAGER,ALIVE,HALUemon
3,talk,0,0,11,DIVINED Agent[13] WEREWOLF
3,talk,1,0,14,VOTE Agent[08]
3,talk,2,0,9,VOTE Agent[08]
3,talk,3,0,8,VOTE Agent[09]
3,talk,4,0,6,VOTE Agent[08]
3,talk,5,0,7,VOTE Agent[06]
3,talk,6,0,5,VOTE Agent[14]
3,talk,7,0,4,VOTE Agent[14]
3,talk,8,0,1,VOTE Agent[09]
3,talk,9,0,13,ESTIMATE Agent[06] VILLAGER
3,talk,10,0,15,VOTE Agent[01]
3,talk,11,1,7,Skip
3,talk,12,1,11,VOTE Agent[08]
3,talk,13,1,4,VOTE Agent[08]
3,talk,14,1,13,ESTIMATE Agent[06] VILLAGER
3,talk,15,1,6,Skip
3,talk,16,1,9,Skip
3,talk,17,1,8,Skip
3,talk,18,1,15,VOTE Agent[13]
3,talk,19,1,14,Skip
3,talk,20,1,1,VOTE Agent[08]
3,talk,21,1,5,VOTE Agent[08]
3,talk,22,2,13,ESTIMATE Agent[11] WEREWOLF
3,talk,23,2,15,VOTE Agent[13]
3,talk,24,2,14,Skip
3,talk,25,2,8,VOTE Agent[09]
3,talk,26,2,7,Skip
3,talk,27,2,6,Skip
3,talk,28,2,9,Skip
3,talk,29,2,11,Skip
3,talk,30,2,1,Skip
3,talk,31,2,4,Skip
3,talk,32,2,5,Skip
3,talk,33,3,11,Skip
3,talk,34,3,7,Over
3,talk,35,3,1,Skip
3,talk,36,3,6,Over
3,talk,37,3,8,VOTE Agent[09]
3,talk,38,3,14,Over
3,talk,39,3,13,VOTE Agent[08]
3,talk,40,3,15,VOTE Agent[13]
3,talk,41,3,9,Over
3,talk,42,3,5,Skip
3,talk,43,3,4,Skip
3,talk,44,4,4,Over
3,talk,45,4,9,Over
3,talk,46,4,8,VOTE Agent[09]
3,talk,47,4,7,Over
3,talk,48,4,15,VOTE Agent[13]
3,talk,49,4,11,Over
3,talk,50,4,13,ESTIMATE Agent[01] WEREWOLF
3,talk,51,4,5,Over
3,talk,52,4,6,Over
3,talk,53,4,1,Over
3,talk,54,4,14,Over
3,talk,55,5,6,Over
3,talk,56,5,4,Over
3,talk,57,5,11,Over
3,talk,58,5,14,Over
3,talk,59,5,7,Over
3,talk,60,5,13,ESTIMATE Agent[14] VILLAGER
3,talk,61,5,1,Over
3,talk,62,5,9,Over
3,talk,63,5,5,Over
3,talk,64,5,15,VOTE Agent[13]
3,talk,65,5,8,VOTE Agent[09]
3,talk,66,6,13,ESTIMATE Agent[08] VILLAGER
3,talk,67,6,7,Over
3,talk,68,6,11,Over
3,talk,69,6,9,Over
3,talk,70,6,4,Over
3,talk,71,6,6,Over
3,talk,72,6,1,Over
3,talk,73,6,8,VOTE Agent[09]
3,talk,74,6,5,Over
3,talk,75,6,15,VOTE Agent[13]
3,talk,76,6,14,Over
3,talk,77,7,9,Over
3,talk,78,7,11,Over
3,talk,79,7,15,VOTE Agent[13]
3,talk,80,7,7,Over
3,talk,81,7,8,VOTE Agent[09]
3,talk,82,7,6,Over
3,talk,83,7,5,Over
3,talk,84,7,1,Over
3,talk,85,7,4,Over
3,talk,86,7,14,Over
3,talk,87,7,13,ESTIMATE Agent[07] VILLAGER
3,talk,88,8,13,ESTIMATE Agent[08] VILLAGER
3,talk,89,8,7,Over
3,talk,90,8,11,VOTE Agent[09]
3,talk,91,8,5,Over
3,talk,92,8,15,VOTE Agent[13]
3,talk,93,8,14,Over
3,talk,94,8,9,Over
3,talk,95,8,8,VOTE Agent[09]
3,talk,96,8,1,Over
3,talk,97,8,6,Over
3,talk,98,8,4,Over
3,talk,99,9,1,Over
3,talk,100,9,9,Over
3,talk,101,9,13,Over
3,talk,102,9,8,VOTE Agent[09]
3,talk,103,9,5,VOTE Agent[14]
3,talk,104,9,15,Over
3,talk,105,9,7,Over
3,talk,106,9,4,Over
3,talk,107,9,6,Over
3,talk,108,9,14,Over
3,talk,109,9,11,Skip
3,talk,110,10,11,Skip
3,talk,111,10,9,Over
3,talk,112,10,15,Over
3,talk,113,10,5,Skip
3,talk,114,10,14,Over
3,talk,115,10,8,Skip
3,talk,116,10,4,Over
3,talk,117,10,13,Over
3,talk,118,10,7,Over
3,talk,119,10,6,Over
3,talk,120,10,1,Over
3,talk,121,11,8,Skip
3,talk,122,11,9,Over
3,talk,123,11,6,Over
3,talk,124,11,1,Over
3,talk,125,11,15,Over
3,talk,126,11,7,Over
3,talk,127,11,11,Over
3,talk,128,11,5,VOTE Agent[08]
3,talk,129,11,4,Over
3,talk,130,11,13,Over
3,talk,131,11,14,Over
3,talk,132,12,1,Over
3,talk,133,12,5,Skip
3,talk,134,12,13,Over
3,talk,135,12,7,Over
3,talk,136,12,4,Over
3,talk,137,12,8,VOTE Agent[09]
3,talk,138,12,15,Over
3,talk,139,12,11,Over
3,talk,140,12,9,Over
3,talk,141,12,6,Over
3,talk,142,12,14,Over
3,talk,143,13,15,Over
3,talk,144,13,8,Over
3,talk,145,13,5,Skip
3,talk,146,13,14,Over
3,talk,147,13,4,Over
3,talk,148,13,1,Over
3,talk,149,13,11,Over
3,talk,150,13,13,Over
3,talk,151,13,9,Over
3,talk,152,13,6,Over
3,talk,153,13,7,Over
3,talk,154,14,5,Over
3,talk,155,14,7,Over
3,talk,156,14,13,Over
3,talk,157,14,9,Over
3,talk,158,14,1,Over
3,talk,159,14,6,Over
3,talk,160,14,8,Over
3,talk,161,14,15,Over
3,talk,162,14,11,Over
3,talk,163,14,14,Over
3,talk,164,14,4,Over
3,vote,1,8
3,vote,4,8
3,vote,5,8
3,vote,6,8
3,vote,7,6
3,vote,8,9
3,vote,9,8
3,vote,11,9
3,vote,13,8
3,vote,14,8
3,vote,15,13
3,execute,8,VILLAGER
3,divine,5,14,HUMAN
3,whisper,0,0,4,ATTACK Agent[08]
3,whisper,1,0,9,Skip
3,whisper,2,0,11,ATTACK Agent[06]
3,whisper,3,1,4,ATTACK Agent[07]
3,whisper,4,1,9,Skip
3,whisper,5,1,11,Skip
3,whisper,6,2,11,Skip
3,whisper,7,2,4,Skip
3,whisper,8,2,9,Over
3,whisper,9,3,9,Over
3,whisper,10,3,4,Skip
3,whisper,11,3,11,Over
3,whisper,12,4,11,Over
3,whisper,13,4,4,Over
3,whisper,14,4,9,Over
3,guard,7,11,WEREWOLF
3,attackVote,4,7
3,attackVote,9,6
3,attackVote,11,6
3,attack,6,true
4,status,1,VILLAGER,ALIVE,hellowolf
4,status,2,VILLAGER,DEAD,wasabi
4,status,3,POSSESSED,DEAD,hellowolf 2
4,status,4,WEREWOLF,ALIVE,fanfan 1
4,status,5,SEER,ALIVE,hellowolf 1
4,status,6,VILLAGER,DEAD,fanfan 2
4,status,7,BODYGUARD,ALIVE,tomato
4,status,8,VILLAGER,DEAD,takeda 1
4,status,9,WEREWOLF,ALIVE,takeda 3
4,status,10,VILLAGER,DEAD,takeda 2
4,status,11,WEREWOLF,ALIVE,tomato 1
4,status,12,MEDIUM,DEAD,fanfan
4,status,13,VILLAGER,ALIVE,wasabi 1
4,status,14,VILLAGER,ALIVE,takeda
4,status,15,VILLAGER,ALIVE,HALUemon
4,talk,0,0,1,VOTE Agent[13]
4,talk,1,0,11,DIVINED Agent[09] WEREWOLF
4,talk,2,0,13,Skip
4,talk,3,0,4,VOTE Agent[14]
4,talk,4,0,14,VOTE Agent[09]
4,talk,5,0,9,VOTE Agent[01]
4,talk,6,0,15,VOTE Agent[13]
4,talk,7,0,7,VOTE Agent[11]
4,talk,8,0,5,VOTE Agent[11]
4,talk,9,1,1,VOTE Agent[09]
4,talk,10,1,13,ESTIMATE Agent[01] VILLAGER
4,talk,11,1,7,Skip
4,talk,12,1,14,VOTE Agent[01]
4,talk,13,1,4,VOTE Agent[13]
4,talk,14,1,11,VOTE Agent[11]
4,talk,15,1,9,Skip
4,talk,16,1,5,VOTE Agent[09]
4,talk,17,1,15,VOTE Agent[13]
4,talk,18,2,7,Skip
4,talk,19,2,14,VOTE Agent[09]
4,talk,20,2,13,ESTIMATE Agent[11] WEREWOLF
4,talk,21,2,11,VOTE Agent[13]
4,talk,22,2,4,VOTE Agent[01]
4,talk,23,2,1,Skip
4,talk,24,2,5,Skip
4,talk,25,2,15,VOTE Agent[13]
4,talk,26,2,9,Skip
4,talk,27,3,7,Over
4,talk,28,3,4,Skip
4,talk,29,3,1,Skip
4,talk,30,3,15,VOTE Agent[13]
4,talk,31,3,14,Skip
4,talk,32,3,5,Skip
4,talk,33,3,9,VOTE Agent[14]
4,talk,34,3,11,Skip
4,talk,35,3,13,VOTE Agent[01]
4,talk,36,4,1,Over
4,talk,37,4,4,Skip
4,talk,38,4,11,Skip
4,talk,39,4,7,Over
4,talk,40,4,9,Skip
4,talk,41,4,15,VOTE Agent[13]
4,talk,42,4,14,Skip
4,talk,43,4,5,Over
4,talk,44,4,13,ESTIMATE Agent[11] WEREWOLF
4,talk,45,5,14,Over
4,talk,46,5,1,Over
4,talk,47,5,9,Skip
4,talk,48,5,11,Over
4,talk,49,5,4,Over
4,talk,50,5,13,VOTE Agent[14]
4,talk,51,5,15,VOTE Agent[13]
4,talk,52,5,5,Over
4,talk,53,5,7,Over
4,talk,54,6,14,Over
4,talk,55,6,13,ESTIMATE Agent[11] WEREWOLF
4,talk,56,6,15,VOTE Agent[13]
4,talk,57,6,1,Over
4,talk,58,6,5,Over
4,talk,59,6,11,Over
4,talk,60,6,7,Over
4,talk,61,6,9,Over
4,talk,62,6,4,VOTE Agent[14]
4,talk,63,7,15,VOTE Agent[13]
4,talk,64,7,7,Over
4,talk,65,7,11,Over
4,talk,66,7,5,Over
4,talk,67,7,1,Over
4,talk,68,7,9,Over
4,talk,69,7,14,Over
4,talk,70,7,4,Skip
4,talk,71,7,13,ESTIMATE Agent[15] WEREWOLF
4,talk,72,8,14,Over
4,talk,73,8,13,ESTIMATE Agent[14] VILLAGER
4,talk,74,8,11,Over
4,talk,75,8,7,Over
4,talk,76,8,4,Skip
4,talk,77,8,1,Over
4,talk,78,8,5,Over
4,talk,79,8,9,Over
4,talk,80,8,15,VOTE Agent[13]
4,talk,81,9,15,Over
4,talk,82,9,14,Over
4,talk,83,9,7,Over
4,talk,84,9,9,Over
4,talk,85,9,13,Over
4,talk,86,9,11,Over
4,talk,87,9,5,Over
4,talk,88,9,4,Over
4,talk,89,9,1,Over
4,vote,1,9
4,vote,4,14
4,vote,5,9
4,vote,7,11
4,vote,9,14
4,vote,11,13
4,vote,13,14
4,vote,14,9
4,vote,15,13
4,vote,1,9
4,vote,4,14
4,vote,5,9
4,vote,7,11
4,vote,9,14
4,vote,11,13
4,vote,13,14
4,vote,14,9
4,vote,15,13
4,execute,14,VILLAGER
4,divine,5,9,WEREWOLF
4,whisper,0,0,9,Skip
4,whisper,1,0,4,ATTACK Agent[07]
4,whisper,2,0,11,ATTACK Agent[13]
4,whisper,3,1,11,Skip
4,whisper,4,1,9,Skip
4,whisper,5,1,4,Skip
4,whisper,6,2,9,Over
4,whisper,7,2,11,Skip
4,whisper,8,2,4,Skip
4,whisper,9,3,9,Over
4,whisper,10,3,4,Over
4,whisper,11,3,11,Over
4,guard,7,11,WEREWOLF
4,attackVote,4,7
4,attackVote,9,13
4,attackVote,11,13
4,attack,13,true
5,status,1,VILLAGER,ALIVE,hellowolf
5,status,2,VILLAGER,DEAD,wasabi
5,status,3,POSSESSED,DEAD,hellowolf 2
5,status,4,WEREWOLF,ALIVE,fanfan 1
5,status,5,SEER,ALIVE,hellowolf 1
5,status,6,VILLAGER,DEAD,fanfan 2
5,status,7,BODYGUARD,ALIVE,tomato
5,status,8,VILLAGER,DEAD,takeda 1
5,status,9,WEREWOLF,ALIVE,takeda 3
5,status,10,VILLAGER,DEAD,takeda 2
5,status,11,WEREWOLF,ALIVE,tomato 1
5,status,12,MEDIUM,DEAD,fanfan
5,status,13,VILLAGER,DEAD,wasabi 1
5,status,14,VILLAGER,DEAD,takeda
5,status,15,VILLAGER,ALIVE,HALUemon
5,talk,0,0,5,COMINGOUT Agent[05] SEER
5,talk,1,0,4,VOTE Agent[05]
5,talk,2,0,1,VOTE Agent[09]
5,talk,3,0,11,DIVINED Agent[07] HUMAN
5,talk,4,0,9,VOTE Agent[01]
5,talk,5,0,7,VOTE Agent[11]
5,talk,6,0,15,VOTE Agent[05]
5,talk,7,1,9,VOTE Agent[05]
5,talk,8,1,11,VOTE Agent[05]
5,talk,9,1,4,Skip
5,talk,10,1,15,VOTE Agent[05]
5,talk,11,1,7,Skip
5,talk,12,1,1,VOTE Agent[05]
5,talk,13,1,5,DIVINED Agent[06] HUMAN
5,talk,14,2,4,Skip
5,talk,15,2,15,VOTE Agent[11]
5,talk,16,2,7,Skip
5,talk,17,2,5,DIVINED Agent[10] HUMAN
5,talk,18,2,9,Skip
5,talk,19,2,1,Skip
5,talk,20,2,11,Skip
5,talk,21,3,5,DIVINED Agent[01] HUMAN
5,talk,22,3,7,Over
5,talk,23,3,1,Skip
5,talk,24,3,4,Over
5,talk,25,3,11,Skip
5,talk,26,3,9,Skip
5,talk,27,3,15,VOTE Agent[11]
5,talk,28,4,5,DIVINED Agent[14] HUMAN
5,talk,29,4,1,Over
5,talk,30,4,4,Over
5,talk,31,4,9,Over
5,talk,32,4,7,Over
5,talk,33,4,15,VOTE Agent[11]
5,talk,34,4,11,Over
5,talk,35,5,15,VOTE Agent[11]
5,talk,36,5,5,DIVINED Agent[09] WEREWOLF
5,talk,37,5,7,Over
5,talk,38,5,9,Over
5,talk,39,5,1,Over
5,talk,40,5,11,Over
5,talk,41,5,4,Over
5,talk,42,6,4,Over
5,talk,43,6,5,VOTE Agent[09]
5,talk,44,6,9,Over
5,talk,45,6,11,Over
5,talk,46,6,7,Over
5,talk,47,6,15,VOTE Agent[11]
5,talk,48,6,1,Over
5,talk,49,7,5,Skip
5,talk,50,7,15,VOTE Agent[11]
5,talk,51,7,4,Over
5,talk,52,7,1,Over
5,talk,53,7,11,VOTE Agent[11]
5,talk,54,7,9,Over
5,talk,55,7,7,Over
5,talk,56,8,7,Over
5,talk,57,8,5,VOTE Agent[11]
5,talk,58,8,1,Over
5,talk,59,8,15,VOTE Agent[11]
5,talk,60,8,4,Over
5,talk,61,8,11,Skip
5,talk,62,8,9,Over
5,talk,63,9,4,Over
5,talk,64,9,9,VOTE Agent[11]
5,talk,65,9,5,Skip
5,talk,66,9,11,Skip
5,talk,67,9,15,Over
5,talk,68,9,7,Over
5,talk,69,9,1,VOTE Agent[09]
5,talk,70,10,11,Over
5,talk,71,10,5,Skip
5,talk,72,10,9,Skip
5,talk,73,10,1,Skip
5,talk,74,10,15,Over
5,talk,75,10,4,VOTE Agent[11]
5,talk,76,10,7,Over
5,talk,77,11,5,Over
5,talk,78,11,15,Over
5,talk,79,11,1,Skip
5,talk,80,11,7,Over
5,talk,81,11,11,Over
5,talk,82,11,4,Skip
5,talk,83,11,9,Skip
5,talk,84,12,9,Over
5,talk,85,12,11,Over
5,talk,86,12,5,Over
5,talk,87,12,15,Over
5,talk,88,12,4,Skip
5,talk,89,12,1,Over
5,talk,90,12,7,Over
5,talk,91,13,11,Over
5,talk,92,13,7,Over
5,talk,93,13,15,Over
5,talk,94,13,4,Over
5,talk,95,13,1,Over
5,talk,96,13,9,Over
5,talk,97,13,5,Over
5,vote,1,9
5,vote,4,11
5,vote,5,11
5,vote,7,11
5,vote,9,11
5,vote,11,5
5,vote,15,11
5,execute,11,WEREWOLF
5,divine,5,7,HUMAN
5,whisper,0,0,4,ATTACK Agent[07]
5,whisper,1,0,9,Skip
5,whisper,2,1,9,Skip
5,whisper,3,1,4,Skip
5,whisper,4,2,9,Over
5,whisper,5,2,4,Skip
5,whisper,6,3,4,Over
5,whisper,7,3,9,Over
5,guard,7,5,SEER
5,attackVote,4,7
5,attackVote,9,7
5,attack,7,true
6,status,1,VILLAGER,ALIVE,hellowolf
6,status,2,VILLAGER,DEAD,wasabi
6,status,3,POSSESSED,DEAD,hellowolf 2
6,status,4,WEREWOLF,ALIVE,fanfan 1
6,status,5,SEER,ALIVE,hellowolf 1
6,status,6,VILLAGER,DEAD,fanfan 2
6,status,7,BODYGUARD,DEAD,tomato
6,status,8,VILLAGER,DEAD,takeda 1
6,status,9,WEREWOLF,ALIVE,takeda 3
6,status,10,VILLAGER,DEAD,takeda 2
6,status,11,WEREWOLF,DEAD,tomato 1
6,status,12,MEDIUM,DEAD,fanfan
6,status,13,VILLAGER,DEAD,wasabi 1
6,status,14,VILLAGER,DEAD,takeda
6,status,15,VILLAGER,ALIVE,HALUemon
6,talk,0,0,9,VOTE Agent[05]
6,talk,1,0,15,VOTE Agent[05]
6,talk,2,0,5,DIVINED Agent[07] HUMAN
6,talk,3,0,4,VOTE Agent[05]
6,talk,4,0,1,VOTE Agent[09]
6,talk,5,1,9,Skip
6,talk,6,1,5,VOTE Agent[09]
6,talk,7,1,15,VOTE Agent[05]
6,talk,8,1,4,Skip
6,talk,9,1,1,Skip
6,talk,10,2,4,Skip
6,talk,11,2,1,Skip
6,talk,12,2,5,Skip
6,talk,13,2,9,Skip
6,talk,14,2,15,VOTE Agent[05]
6,talk,15,3,15,VOTE Agent[05]
6,talk,16,3,9,Over
6,talk,17,3,4,Over
6,talk,18,3,1,Over
6,talk,19,3,5,Skip
6,talk,20,4,4,Over
6,talk,21,4,5,Over
6,talk,22,4,15,VOTE Agent[05]
6,talk,23,4,9,Over
6,talk,24,4,1,Over
6,talk,25,5,9,Over
6,talk,26,5,5,Over
6,talk,27,5,4,Over
6,talk,28,5,15,VOTE Agent[05]
6,talk,29,5,1,Over
6,talk,30,6,15,VOTE Agent[05]
6,talk,31,6,4,Over
6,talk,32,6,9,Over
6,talk,33,6,5,Over
6,talk,34,6,1,Over
6,talk,35,7,1,Over
6,talk,36,7,4,Over
6,talk,37,7,9,Over
6,talk,38,7,5,Over
6,talk,39,7,15,VOTE Agent[05]
6,talk,40,8,1,Over
6,talk,41,8,9,Over
6,talk,42,8,15,VOTE Agent[05]
6,talk,43,8,5,Over
6,talk,44,8,4,Over
6,talk,45,9,15,Over
6,talk,46,9,9,Over
6,talk,47,9,4,Over
6,talk,48,9,5,Over
6,talk,49,9,1,Over
6,vote,1,9
6,vote,4,5
6,vote,5,9
6,vote,9,5
6,vote,15,5
6,execute,5,SEER
6,whisper,0,0,4,ATTACK Agent[01]
6,whisper,1,0,9,Skip
6,whisper,2,1,9,Skip
6,whisper,3,1,4,Skip
6,whisper,4,2,9,Over
6,whisper,5,2,4,Skip
6,whisper,6,3,9,Over
6,whisper,7,3,4,Over
6,attackVote,4,1
6,attackVote,9,15
6,attackVote,4,1
6,attackVote,9,15
6,attack,15,true
7,status,1,VILLAGER,ALIVE,hellowolf
7,status,2,VILLAGER,DEAD,wasabi
7,status,3,POSSESSED,DEAD,hellowolf 2
7,status,4,WEREWOLF,ALIVE,fanfan 1
7,status,5,SEER,DEAD,hellowolf 1
7,status,6,VILLAGER,DEAD,fanfan 2
7,status,7,BODYGUARD,DEAD,tomato
7,status,8,VILLAGER,DEAD,takeda 1
7,status,9,WEREWOLF,ALIVE,takeda 3
7,status,10,VILLAGER,DEAD,takeda 2
7,status,11,WEREWOLF,DEAD,tomato 1
7,status,12,MEDIUM,DEAD,fanfan
7,status,13,VILLAGER,DEAD,wasabi 1
7,status,14,VILLAGER,DEAD,takeda
7,status,15,VILLAGER,DEAD,HALUemon
7,result,1,2,WEREWOLF
