0,status,1,MEDIUM,ALIVE,hellowolf
0,status,2,WEREWOLF,ALIVE,wasabi
0,status,3,WEREWOLF,ALIVE,hellowolf 2
0,status,4,SEER,ALIVE,fanfan 1
0,status,5,VILLAGER,ALIVE,hellowolf 1
0,status,6,VILLAGER,ALIVE,fanfan 2
0,status,7,WEREWOLF,ALIVE,tomato
0,status,8,VILLAGER,ALIVE,takeda 1
0,status,9,BODYGUARD,ALIVE,takeda 3
0,status,10,VILLAGER,ALIVE,takeda 2
0,status,11,VILLAGER,ALIVE,tomato 1
0,status,12,VILLAGER,ALIVE,fanfan
0,status,13,VILLAGER,ALIVE,wasabi 1
0,status,14,POSSESSED,ALIVE,takeda
0,status,15,VILLAGER,ALIVE,HALUemon
0,whisper,0,0,7,COMINGOUT Agent[07] VILLAGER
0,whisper,1,0,2,Over
0,whisper,2,0,3,COMINGOUT Agent[03] VILLAGER
0,whisper,3,1,7,COMINGOUT Agent[07] SEER
0,whisper,4,1,3,Skip
0,whisper,5,1,2,ATTACK Agent[06]
0,whisper,6,2,7,Skip
0,whisper,7,2,2,Over
0,whisper,8,2,3,Skip
0,whisper,9,3,2,Over
0,whisper,10,3,3,Over
0,whisper,11,3,7,Skip
0,whisper,12,4,7,Over
0,whisper,13,4,2,Over
0,whisper,14,4,3,Over
0,divine,4,6,HUMAN
1,status,1,MEDIUM,ALIVE,hellowolf
1,status,2,WEREWOLF,ALIVE,wasabi
1,status,3,WEREWOLF,ALIVE,hellowolf 2
1,status,4,SEER,ALIVE,fanfan 1
1,status,5,VILLAGER,ALIVE,hellowolf 1
1,status,6,VILLAGER,ALIVE,fanfan 2
1,status,7,WEREWOLF,ALIVE,tomato
1,status,8,VILLAGER,ALIVE,takeda 1
1,status,9,BODYGUARD,ALIVE,takeda 3
1,status,10,VILLAGER,ALIVE,takeda 2
1,status,11,VILLAGER,ALIVE,tomato 1
1,status,12,VILLAGER,ALIVE,fanfan
1,status,13,VILLAGER,ALIVE,wasabi 1
1,status,14,POSSESSED,ALIVE,takeda
1,status,15,VILLAGER,ALIVE,HALUemon
1,talk,0,0,4,COMINGOUT Agent[04] SEER
1,talk,1,0,13,Skip
1,talk,2,0,14,COMINGOUT Agent[14] SEER
1,talk,3,0,15,VOTE Agent[12]
1,talk,4,0,8,VOTE Agent[05]
1,talk,5,0,3,VOTE Agent[06]
1,talk,6,0,12,VOTE Agent[06]
1,talk,7,0,1,COMINGOUT Agent[01] MEDIUM
1,talk,8,0,7,COMINGOUT Agent[07] SEER
1,talk,9,0,9,VOTE Agent[14]
1,talk,10,0,10,VOTE Agent[12]
1,talk,11,0,6,VOTE Agent[02]
1,talk,12,0,5,VOTE Agent[06]
1,talk,13,0,2,ESTIMATE Agent[06] VILLAGER
1,talk,14,0,11,VOTE Agent[07]
1,talk,15,1,13,ESTIMATE Agent[14] WEREWOLF
1,talk,16,1,14,DIVINED Agent[05] WEREWOLF
1,talk,17,1,11,VOTE Agent[06]
1,talk,18,1,10,VOTE Agent[07]
1,talk,19,1,4,DIVINED Agent[06] HUMAN
1,talk,20,1,7,DIVINED Agent[06] WEREWOLF
1,talk,21,1,9,VOTE Agent[12]
1,talk,22,1,8,VOTE Agent[07]
1,talk,23,1,3,Skip
1,talk,24,1,12,VOTE Agent[07]
1,talk,25,1,1,VOTE Agent[07]
1,talk,26,1,2,ESTIMATE Agent[08] VILLAGER
1,talk,27,1,15,VOTE Agent[02]
1,talk,28,1,5,VOTE Agent[07]
1,talk,29,1,6,VOTE Agent[07]
1,talk,30,2,3,Skip
1,talk,31,2,12,Skip
1,talk,32,2,11,VOTE Agent[07]
1,talk,33,2,2,Skip
1,talk,34,2,15,VOTE Agent[07]
1,talk,35,2,9,VOTE Agent[07]
1,talk,36,2,10,Skip
1,talk,37,2,4,VOTE Agent[07]
1,talk,38,2,5,Skip
1,talk,39,2,6,Skip
1,talk,40,2,7,VOTE Agent[07]
1,talk,41,2,13,ESTIMATE Agent[14] WEREWOLF
1,talk,42,2,8,Skip
1,talk,43,2,1,Skip
1,talk,44,2,14,VOTE Agent[05]
1,talk,45,3,14,Skip
1,talk,46,3,11,Skip
1,talk,47,3,6,Skip
1,talk,48,3,1,Skip
1,talk,49,3,10,Skip
1,talk,50,3,2,VOTE Agent[06]
1,talk,51,3,13,VOTE Agent[05]
1,talk,52,3,15,VOTE Agent[07]
1,talk,53,3,9,Skip
1,talk,54,3,3,VOTE Agent[05]
1,talk,55,3,8,Skip
1,talk,56,3,4,VOTE Agent[07]
1,talk,57,3,5,Skip
1,talk,58,3,7,Skip
1,talk,59,3,12,Skip
1,talk,60,4,14,Skip
1,talk,61,4,10,Over
1,talk,62,4,6,Over
1,talk,63,4,13,ESTIMATE Agent[02] VILLAGER
1,talk,64,4,5,Over
1,talk,65,4,2,VOTE Agent[05]
1,talk,66,4,12,Over
1,talk,67,4,3,Skip
1,talk,68,4,9,Skip
1,talk,69,4,15,VOTE Agent[07]
1,talk,70,4,8,Over
1,talk,71,4,4,Skip
1,talk,72,4,1,Over
1,talk,73,4,11,Skip
1,talk,74,4,7,Skip
1,talk,75,5,1,Over
1,talk,76,5,2,REQUEST ANY (VOTE Agent[05])
1,talk,77,5,8,Over
1,talk,78,5,3,Skip
1,talk,79,5,7,Over
1,talk,80,5,11,Over
1,talk,81,5,10,Over
1,talk,82,5,13,Skip
1,talk,83,5,9,Over
1,talk,84,5,6,Over
1,talk,85,5,4,Skip
1,talk,86,5,5,Over
1,talk,87,5,15,VOTE Agent[07]
1,talk,88,5,12,Over
1,talk,89,5,14,Over
1,talk,90,6,4,Over
1,talk,91,6,5,Over
1,talk,92,6,7,Over
1,talk,93,6,12,Over
1,talk,94,6,2,ESTIMATE Agent[08] VILLAGER
1,talk,95,6,8,Over
1,talk,96,6,1,Over
1,talk,97,6,11,Over
1,talk,98,6,9,Over
1,talk,99,6,3,Over
1,talk,100,6,13,ESTIMATE Agent[05] WEREWOLF
1,talk,101,6,15,VOTE Agent[07]
1,talk,102,6,10,Over
1,talk,103,6,6,Over
1,talk,104,6,14,Over
1,talk,105,7,9,Over
1,talk,106,7,14,Over
1,talk,107,7,13,ESTIMATE Agent[12] VILLAGER
1,talk,108,7,2,Skip
1,talk,109,7,11,Over
1,talk,110,7,7,Over
1,talk,111,7,12,Over
1,talk,112,7,1,Over
1,talk,113,7,15,VOTE Agent[07]
1,talk,114,7,6,Over
1,talk,115,7,8,Over
1,talk,116,7,4,Over
1,talk,117,7,10,Over
1,talk,118,7,5,Over
1,talk,119,7,3,Over
1,talk,120,8,11,Over
1,talk,121,8,12,Over
1,talk,122,8,7,Over
1,talk,123,8,4,Over
1,talk,124,8,2,ESTIMATE Agent[13] VILLAGER
1,talk,125,8,1,Over
1,talk,126,8,14,Over
1,talk,127,8,8,Over
1,talk,128,8,5,Over
1,talk,129,8,10,Over
1,talk,130,8,13,Skip
1,talk,131,8,9,Over
1,talk,132,8,15,VOTE Agent[07]
1,talk,133,8,3,Over
1,talk,134,8,6,Over
1,talk,135,9,1,Over
1,talk,136,9,10,Over
1,talk,137,9,13,Over
1,talk,138,9,9,Over
1,talk,139,9,15,Over
1,talk,140,9,2,Over
1,talk,141,9,8,Over
1,talk,142,9,12,Over
1,talk,143,9,4,Over
1,talk,144,9,7,Over
1,talk,145,9,6,Over
1,talk,146,9,5,Over
1,talk,147,9,3,Over
1,talk,148,9,14,Over
1,talk,149,9,11,Over
1,vote,1,7
1,vote,2,5
1,vote,3,5
1,vote,4,7
1,vote,5,7
1,vote,6,7
1,vote,7,8
1,vote,8,7
1,vote,9,7
1,vote,10,7
1,vote,11,7
1,vote,12,7
1,vote,13,5
1,vote,14,7
1,vote,15,7
1,execute,7,WEREWOLF
1,divine,4,3,WEREWOLF
1,whisper,0,0,3,ESTIMATE Agent[14] POSSESSED
1,whisper,1,0,2,Over
1,whisper,2,1,3,ATTACK Agent[12]
1,whisper,3,1,2,ATTACK Agent[13]
1,whisper,4,2,2,Over
1,whisper,5,2,3,Skip
1,whisper,6,3,2,Over
1,whisper,7,3,3,Skip
1,whisper,8,4,2,Over
1,whisper,9,4,3,Over
1,guard,9,6,VILLAGER
1,attackVote,2,13
1,attackVote,3,12
1,attackVote,2,15
1,attackVote,3,12
1,attack,15,true
2,status,1,MEDIUM,ALIVE,hellowolf
2,status,2,WEREWOLF,ALIVE,wasabi
2,status,3,WEREWOLF,ALIVE,hellowolf 2
2,status,4,SEER,ALIVE,fanfan 1
2,status,5,VILLAGER,ALIVE,hellowolf 1
2,status,6,VILLAGER,ALIVE,fanfan 2
2,status,7,WEREWOLF,DEAD,tomato
2,status,8,VILLAGER,ALIVE,takeda 1
2,status,9,BODYGUARD,ALIVE,takeda 3
2,status,10,VILLAGER,ALIVE,takeda 2
2,status,11,VILLAGER,ALIVE,tomato 1
2,status,12,VILLAGER,ALIVE,fanfan
2,status,13,VILLAGER,ALIVE,wasabi 1
2,status,14,POSSESSED,ALIVE,takeda
2,status,15,VILLAGER,DEAD,HALUemon
2,talk,0,0,10,VOTE Agent[03]
2,talk,1,0,11,VOTE Agent[04]
2,talk,2,0,8,VOTE Agent[03]
2,talk,3,0,13,Skip
2,talk,4,0,5,VOTE Agent[03]
2,talk,5,0,1,IDENTIFIED Agent[07] WEREWOLF
2,talk,6,0,9,VOTE Agent[03]
2,talk,7,0,6,VOTE Agent[03]
2,talk,8,0,4,DIVINED Agent[03] WEREWOLF
2,talk,9,0,2,ESTIMATE Agent[01] MEDIUM
2,talk,10,0,3,VOTE Agent[05]
2,talk,11,0,12,VOTE Agent[03]
2,talk,12,0,14,DIVINED Agent[03] HUMAN
2,talk,13,1,12,Skip
2,talk,14,1,3,Skip
2,talk,15,1,4,VOTE Agent[03]
2,talk,16,1,2,ESTIMATE Agent[13] VILLAGER
2,talk,17,1,9,Skip
2,talk,18,1,13,Skip
2,talk,19,1,8,Skip
2,talk,20,1,10,Skip
2,talk,21,1,11,VOTE Agent[03]
2,talk,22,1,1,VOTE Agent[03]
2,talk,23,1,14,VOTE Agent[05]
2,talk,24,1,6,Skip
2,talk,25,1,5,Skip
2,talk,26,2,2,Skip
2,talk,27,2,14,Skip
2,talk,28,2,9,Skip
2,talk,29,2,8,Skip
2,talk,30,2,5,Skip
2,talk,31,2,13,Over
2,talk,32,2,1,Skip
2,talk,33,2,11,Skip
2,talk,34,2,4,Skip
2,talk,35,2,3,Skip
2,talk,36,2,10,Skip
2,talk,37,2,6,Skip
2,talk,38,2,12,Skip
2,talk,39,3,4,Skip
2,talk,40,3,11,Skip
2,talk,41,3,1,Skip
2,talk,42,3,6,Over
2,talk,43,3,14,Skip
2,talk,44,3,12,Over
2,talk,45,3,13,VOTE Agent[03]
2,talk,46,3,5,Over
2,talk,47,3,9,Over
2,talk,48,3,10,Over
2,talk,49,3,8,Over
2,talk,50,3,3,Over
2,talk,51,3,2,VOTE Agent[03]
2,talk,52,4,3,Over
2,talk,53,4,14,Over
2,talk,54,4,2,Skip
2,talk,55,4,8,Over
2,talk,56,4,1,Over
2,talk,57,4,9,Over
2,talk,58,4,6,Over
2,talk,59,4,13,VOTE Agent[05]
2,talk,60,4,12,Over
2,talk,61,4,11,Over
2,talk,62,4,5,Over
2,talk,63,4,10,Over
2,talk,64,4,4,Over
2,talk,65,5,3,Over
2,talk,66,5,5,Over
2,talk,67,5,6,Over
2,talk,68,5,4,Over
2,talk,69,5,14,Over
2,talk,70,5,11,Over
2,talk,71,5,12,Over
2,talk,72,5,13,Skip
2,talk,73,5,2,Skip
2,talk,74,5,1,Over
2,talk,75,5,10,Over
2,talk,76,5,8,Over
2,talk,77,5,9,Over
2,talk,78,6,8,Over
2,talk,79,6,9,Over
2,talk,80,6,11,Over
2,talk,81,6,4,Over
2,talk,82,6,14,Over
2,talk,83,6,13,Skip
2,talk,84,6,5,Over
2,talk,85,6,6,Over
2,talk,86,6,1,Over
2,talk,87,6,10,Over
2,talk,88,6,3,Over
2,talk,89,6,2,VOTE Agent[05]
2,talk,90,6,12,Over
2,talk,91,7,2,VOTE Agent[03]
2,talk,92,7,11,Over
2,talk,93,7,14,Over
2,talk,94,7,8,Over
2,talk,95,7,12,Over
2,talk,96,7,10,Over
2,talk,97,7,6,Over
2,talk,98,7,5,Over
2,talk,99,7,13,ESTIMATE Agent[04] WEREWOLF
2,talk,100,7,4,Over
2,talk,101,7,1,Over
2,talk,102,7,9,Over
2,talk,103,7,3,Over
2,talk,104,8,11,Over
2,talk,105,8,9,Over
2,talk,106,8,10,Over
2,talk,107,8,8,Over
2,talk,108,8,4,Over
2,talk,109,8,3,Over
2,talk,110,8,6,Over
2,talk,111,8,14,Over
2,talk,112,8,2,Skip
2,talk,113,8,12,Over
2,talk,114,8,5,Over
2,talk,115,8,1,Over
2,talk,116,8,13,ESTIMATE Agent[11] VILLAGER
2,talk,117,9,9,Over
2,talk,118,9,2,Over
2,talk,119,9,12,Over
2,talk,120,9,4,Over
2,talk,121,9,6,Over
2,talk,122,9,13,Over
2,talk,123,9,10,Over
2,talk,124,9,8,Over
2,talk,125,9,14,Over
2,talk,126,9,3,Over
2,talk,127,9,1,Over
2,talk,128,9,11,Over
2,talk,129,9,5,Over
2,vote,1,3
2,vote,2,3
2,vote,3,5
2,vote,4,3
2,vote,5,3
2,vote,6,3
2,vote,8,3
2,vote,9,3
2,vote,10,3
2,vote,11,3
2,vote,12,3
2,vote,13,5
2,vote,14,5
2,execute,3,WEREWOLF
2,divine,4,9,HUMAN
2,guard,9,6,VILLAGER
2,attackVote,2,13
2,attack,13,true
3,status,1,MEDIUM,ALIVE,hellowolf
3,status,2,WEREWOLF,ALIVE,wasabi
3,status,3,WEREWOLF,DEAD,hellowolf 2
3,status,4,SEER,ALIVE,fanfan 1
3,status,5,VILLAGER,ALIVE,hellowolf 1
3,status,6,VILLAGER,ALIVE,fanfan 2
3,status,7,WEREWOLF,DEAD,tomato
3,status,8,VILLAGER,ALIVE,takeda 1
3,status,9,BODYGUARD,ALIVE,takeda 3
3,status,10,VILLAGER,ALIVE,takeda 2
3,status,11,VILLAGER,ALIVE,tomato 1
3,status,12,VILLAGER,ALIVE,fanfan
3,status,13,VILLAGER,DEAD,wasabi 1
3,status,14,POSSESSED,ALIVE,takeda
3,status,15,VILLAGER,DEAD,HALUemon
3,talk,0,0,2,Skip
3,talk,1,0,9,VOTE Agent[08]
3,talk,2,0,14,DIVINED Agent[06] WEREWOLF
3,talk,3,0,12,VOTE Agent[09]
3,talk,4,0,1,IDENTIFIED Agent[03] WEREWOLF
3,talk,5,0,8,VOTE Agent[02]
3,talk,6,0,6,VOTE Agent[02]
3,talk,7,0,5,VOTE Agent[02]
3,talk,8,0,4,DIVINED Agent[09] HUMAN
3,talk,9,0,11,VOTE Agent[05]
3,talk,10,0,10,VOTE Agent[08]
3,talk,11,1,2,ESTIMATE Agent[12] VILLAGER
3,talk,12,1,10,VOTE Agent[02]
3,talk,13,1,5,Skip
3,talk,14,1,1,VOTE Agent[12]
3,talk,15,1,6,Skip
3,talk,16,1,11,VOTE Agent[02]
3,talk,17,1,14,VOTE Agent[05]
3,talk,18,1,12,VOTE Agent[08]
3,talk,19,1,8,Skip
3,talk,20,1,4,VOTE Agent[14]
3,talk,21,1,9,VOTE Agent[02]
3,talk,22,2,1,VOTE Agent[02]
3,talk,23,2,10,Skip
3,talk,24,2,2,ESTIMATE Agent[06] VILLAGER
3,talk,25,2,12,VOTE Agent[02]
3,talk,26,2,6,Skip
3,talk,27,2,4,VOTE Agent[14]
3,talk,28,2,14,Skip
3,talk,29,2,5,Skip
3,talk,30,2,8,Skip
3,talk,31,2,11,Skip
3,talk,32,2,9,Skip
3,talk,33,3,6,Over
3,talk,34,3,8,Over
3,talk,35,3,1,Skip
3,talk,36,3,12,Skip
3,talk,37,3,14,Skip
3,talk,38,3,5,Over
3,talk,39,3,11,Skip
3,talk,40,3,9,Skip
3,talk,41,3,2,VOTE Agent[05]
3,talk,42,3,4,Skip
3,talk,43,3,10,Skip
3,talk,44,4,12,Skip
3,talk,45,4,5,Over
3,talk,46,4,6,Over
3,talk,47,4,8,Over
3,talk,48,4,1,Skip
3,talk,49,4,2,ESTIMATE Agent[14] WEREWOLF
3,talk,50,4,10,Over
3,talk,51,4,11,Over
3,talk,52,4,4,Skip
3,talk,53,4,9,Over
3,talk,54,4,14,Over
3,talk,55,5,1,Over
3,talk,56,5,14,Over
3,talk,57,5,4,VOTE Agent[02]
3,talk,58,5,5,Over
3,talk,59,5,8,Over
3,talk,60,5,6,Over
3,talk,61,5,2,Skip
3,talk,62,5,11,Over
3,talk,63,5,10,Over
3,talk,64,5,9,Over
3,talk,65,5,12,Over
3,talk,66,6,9,Over
3,talk,67,6,11,Over
3,talk,68,6,6,Over
3,talk,69,6,4,Skip
3,talk,70,6,10,Over
3,talk,71,6,8,Over
3,talk,72,6,2,ESTIMATE Agent[14] WEREWOLF
3,talk,73,6,5,Over
3,talk,74,6,14,Over
3,talk,75,6,1,Over
3,talk,76,6,12,Over
3,talk,77,7,10,Over
3,talk,78,7,4,Skip
3,talk,79,7,11,Over
3,talk,80,7,1,Over
3,talk,81,7,2,Skip
3,talk,82,7,6,Over
3,talk,83,7,8,Over
3,talk,84,7,9,Over
3,talk,85,7,5,Over
3,talk,86,7,14,Over
3,talk,87,7,12,Over
3,talk,88,8,4,Over
3,talk,89,8,14,Over
3,talk,90,8,6,Over
3,talk,91,8,1,Over
3,talk,92,8,11,Over
3,talk,93,8,5,Over
3,talk,94,8,8,Over
3,talk,95,8,10,Over
3,talk,96,8,12,Over
3,talk,97,8,9,Over
3,talk,98,8,2,ESTIMATE Agent[08] VILLAGER
3,talk,99,9,8,Over
3,talk,100,9,2,Over
3,talk,101,9,1,Over
3,talk,102,9,11,Over
3,talk,103,9,9,Over
3,talk,104,9,14,Over
3,talk,105,9,5,Over
3,talk,106,9,4,Over
3,talk,107,9,12,Over
3,talk,108,9,6,Over
3,talk,109,9,10,Over
3,vote,1,2
3,vote,2,5
3,vote,4,2
3,vote,5,2
3,vote,6,2
3,vote,8,2
3,vote,9,2
3,vote,10,2
3,vote,11,2
3,vote,12,2
3,vote,14,4
3,execute,2,WEREWOLF
3,divine,4,10,HUMAN
3,guard,9,6,VILLAGER
4,status,1,MEDIUM,ALIVE,hellowolf
4,status,2,WEREWOLF,DEAD,wasabi
4,status,3,WEREWOLF,DEAD,hellowolf 2
4,status,4,SEER,ALIVE,fanfan 1
4,status,5,VILLAGER,ALIVE,hellowolf 1
4,status,6,VILLAGER,ALIVE,fanfan 2
4,status,7,WEREWOLF,DEAD,tomato
4,status,8,VILLAGER,ALIVE,takeda 1
4,status,9,BODYGUARD,ALIVE,takeda 3
4,status,10,VILLAGER,ALIVE,takeda 2
4,status,11,VILLAGER,ALIVE,tomato 1
4,status,12,VILLAGER,ALIVE,fanfan
4,status,13,VILLAGER,DEAD,wasabi 1
4,status,14,POSSESSED,ALIVE,takeda
4,status,15,VILLAGER,DEAD,HALUemon
4,result,10,0,VILLAGER
