0,status,1,VILLAGER,ALIVE,hellowolf
0,status,2,VILLAGER,ALIVE,wasabi
0,status,3,SEER,ALIVE,hellowolf 2
0,status,4,VILLAGER,ALIVE,fanfan 1
0,status,5,WEREWOLF,ALIVE,hellowolf 1
0,status,6,VILLAGER,ALIVE,fanfan 2
0,status,7,WEREWOLF,ALIVE,tomato
0,status,8,VILLAGER,ALIVE,takeda 1
0,status,9,BODYGUARD,ALIVE,takeda 3
0,status,10,WEREWOLF,ALIVE,takeda 2
0,status,11,VILLAGER,ALIVE,tomato 1
0,status,12,MEDIUM,ALIVE,fanfan
0,status,13,VILLAGER,ALIVE,wasabi 1
0,status,14,VILLAGER,ALIVE,takeda
0,status,15,POSSESSED,ALIVE,HALUemon
0,whisper,0,0,7,COMINGOUT Agent[07] VILLAGER
0,whisper,1,0,10,Skip
0,whisper,2,0,5,COMINGOUT Agent[05] VILLAGER
0,whisper,3,1,10,Skip
0,whisper,4,1,7,Skip
0,whisper,5,1,5,Skip
0,whisper,6,2,5,Skip
0,whisper,7,2,10,Over
0,whisper,8,2,7,Skip
0,whisper,9,3,7,Over
0,whisper,10,3,5,Over
0,whisper,11,3,10,Over
0,divine,3,6,HUMAN
1,status,1,VILLAGER,ALIVE,hellowolf
1,status,2,VILLAGER,ALIVE,wasabi
1,status,3,SEER,ALIVE,hellowolf 2
1,status,4,VILLAGER,ALIVE,fanfan 1
1,status,5,WEREWOLF,ALIVE,hellowolf 1
1,status,6,VILLAGER,ALIVE,fanfan 2
1,status,7,WEREWOLF,ALIVE,tomato
1,status,8,VILLAGER,ALIVE,takeda 1
1,status,9,BODYGUARD,ALIVE,takeda 3
1,status,10,WEREWOLF,ALIVE,takeda 2
1,status,11,VILLAGER,ALIVE,tomato 1
1,status,12,MEDIUM,ALIVE,fanfan
1,status,13,VILLAGER,ALIVE,wasabi 1
1,status,14,VILLAGER,ALIVE,takeda
1,status,15,POSSESSED,ALIVE,HALUemon
1,talk,0,0,5,VOTE Agent[06]
1,talk,1,0,6,VOTE Agent[13]
1,talk,2,0,15,COMINGOUT Agent[15] SEER
1,talk,3,0,9,VOTE Agent[05]
1,talk,4,0,11,VOTE Agent[13]
1,talk,5,0,10,Skip
1,talk,6,0,12,COMINGOUT Agent[12] MEDIUM
1,talk,7,0,8,VOTE Agent[11]
1,talk,8,0,4,VOTE Agent[06]
1,talk,9,0,13,ESTIMATE Agent[09] VILLAGER
1,talk,10,0,3,COMINGOUT Agent[03] SEER
1,talk,11,0,7,VOTE Agent[04]
1,talk,12,0,1,VOTE Agent[06]
1,talk,13,0,2,Skip
1,talk,14,0,14,VOTE Agent[01]
1,talk,15,1,4,VOTE Agent[01]
1,talk,16,1,11,VOTE Agent[06]
1,talk,17,1,9,VOTE Agent[06]
1,talk,18,1,2,Skip
1,talk,19,1,14,VOTE Agent[08]
1,talk,20,1,10,VOTE Agent[06]
1,talk,21,1,3,DIVINED Agent[06] HUMAN
1,talk,22,1,8,VOTE Agent[01]
1,talk,23,1,7,VOTE Agent[06]
1,talk,24,1,6,VOTE Agent[04]
1,talk,25,1,15,DIVINED Agent[02] WEREWOLF
1,talk,26,1,1,VOTE Agent[04]
1,talk,27,1,5,Skip
1,talk,28,1,13,Skip
1,talk,29,1,12,VOTE Agent[04]
1,talk,30,2,5,Skip
1,talk,31,2,3,VOTE Agent[05]
1,talk,32,2,15,VOTE Agent[02]
1,talk,33,2,8,VOTE Agent[05]
1,talk,34,2,9,VOTE Agent[05]
1,talk,35,2,7,Skip
1,talk,36,2,10,VOTE Agent[13]
1,talk,37,2,2,Over
1,talk,38,2,14,VOTE Agent[05]
1,talk,39,2,11,Skip
1,talk,40,2,13,Skip
1,talk,41,2,4,VOTE Agent[02]
1,talk,42,2,6,VOTE Agent[09]
1,talk,43,2,12,VOTE Agent[02]
1,talk,44,2,1,VOTE Agent[02]
1,talk,45,3,15,VOTE Agent[02]
1,talk,46,3,2,VOTE Agent[15]
1,talk,47,3,5,VOTE Agent[02]
1,talk,48,3,9,Skip
1,talk,49,3,14,Skip
1,talk,50,3,8,Skip
1,talk,51,3,7,Skip
1,talk,52,3,6,Skip
1,talk,53,3,10,Skip
1,talk,54,3,13,VOTE Agent[02]
1,talk,55,3,1,Skip
1,talk,56,3,3,Skip
1,talk,57,3,11,Skip
1,talk,58,3,4,Skip
1,talk,59,3,12,Skip
1,talk,60,4,12,Skip
1,talk,61,4,2,ESTIMATE Agent[04] WEREWOLF
1,talk,62,4,5,Skip
1,talk,63,4,3,Skip
1,talk,64,4,11,VOTE Agent[02]
1,talk,65,4,15,VOTE Agent[02]
1,talk,66,4,9,Skip
1,talk,67,4,1,Skip
1,talk,68,4,8,Skip
1,talk,69,4,13,ESTIMATE Agent[06] VILLAGER
1,talk,70,4,4,Skip
1,talk,71,4,7,VOTE Agent[02]
1,talk,72,4,10,Skip
1,talk,73,4,6,Skip
1,talk,74,4,14,Skip
1,talk,75,5,9,VOTE Agent[02]
1,talk,76,5,15,VOTE Agent[02]
1,talk,77,5,8,VOTE Agent[02]
1,talk,78,5,12,Over
1,talk,79,5,14,VOTE Agent[02]
1,talk,80,5,10,VOTE Agent[02]
1,talk,81,5,13,ESTIMATE Agent[14] WEREWOLF
1,talk,82,5,2,ESTIMATE Agent[13] VILLAGER
1,talk,83,5,4,Over
1,talk,84,5,3,Over
1,talk,85,5,6,VOTE Agent[02]
1,talk,86,5,7,Skip
1,talk,87,5,5,Skip
1,talk,88,5,11,Skip
1,talk,89,5,1,Over
1,talk,90,6,7,Skip
1,talk,91,6,5,Over
1,talk,92,6,9,Skip
1,talk,93,6,14,Skip
1,talk,94,6,3,Over
1,talk,95,6,8,Skip
1,talk,96,6,6,VOTE Agent[09]
1,talk,97,6,2,Skip
1,talk,98,6,10,Skip
1,talk,99,6,4,Over
1,talk,100,6,12,Over
1,talk,101,6,15,VOTE Agent[02]
1,talk,102,6,13,ESTIMATE Agent[15] WEREWOLF
1,talk,103,6,11,Skip
1,talk,104,6,1,Over
1,talk,105,7,11,Over
1,talk,106,7,1,Over
1,talk,107,7,14,Skip
1,talk,108,7,3,Over
1,talk,109,7,12,Over
1,talk,110,7,7,Over
1,talk,111,7,8,Skip
1,talk,112,7,9,Skip
1,talk,113,7,10,Skip
1,talk,114,7,2,ESTIMATE Agent[08] VILLAGER
1,talk,115,7,4,Over
1,talk,116,7,6,Skip
1,talk,117,7,5,Over
1,talk,118,7,13,Skip
1,talk,119,7,15,VOTE Agent[02]
1,talk,120,8,1,Over
1,talk,121,8,15,VOTE Agent[02]
1,talk,122,8,13,REQUEST ANY (VOTE Agent[02])
1,talk,123,8,3,Over
1,talk,124,8,6,Skip
1,talk,125,8,10,Over
1,talk,126,8,11,Over
1,talk,127,8,12,Over
1,talk,128,8,5,Over
1,talk,129,8,2,ESTIMATE Agent[03] SEER
1,talk,130,8,4,Over
1,talk,131,8,8,Over
1,talk,132,8,7,Over
1,talk,133,8,14,Over
1,talk,134,8,9,Over
1,talk,135,9,4,Over
1,talk,136,9,11,Over
1,talk,137,9,13,Over
1,talk,138,9,15,Over
1,talk,139,9,9,Over
1,talk,140,9,1,VOTE Agent[10]
1,talk,141,9,5,Over
1,talk,142,9,14,Over
1,talk,143,9,6,Over
1,talk,144,9,8,Over
1,talk,145,9,10,Over
1,talk,146,9,12,Over
1,talk,147,9,2,Over
1,talk,148,9,7,Over
1,talk,149,9,3,Over
1,talk,150,10,6,Over
1,talk,151,10,4,Over
1,talk,152,10,7,Over
1,talk,153,10,5,Over
1,talk,154,10,13,Over
1,talk,155,10,10,Over
1,talk,156,10,2,Over
1,talk,157,10,8,Over
1,talk,158,10,11,Over
1,talk,159,10,12,Over
1,talk,160,10,1,Skip
1,talk,161,10,15,Over
1,talk,162,10,14,Over
1,talk,163,10,3,Over
1,talk,164,10,9,Over
1,talk,165,11,8,Over
1,talk,166,11,7,Over
1,talk,167,11,1,VOTE Agent[02]
1,talk,168,11,4,Over
1,talk,169,11,3,Over
1,talk,170,11,2,Over
1,talk,171,11,11,Over
1,talk,172,11,6,Over
1,talk,173,11,15,Over
1,talk,174,11,12,Over
1,talk,175,11,13,Over
1,talk,176,11,9,Over
1,talk,177,11,5,Over
1,talk,178,11,14,Over
1,talk,179,11,10,Over
1,talk,180,12,1,Skip
1,talk,181,12,14,Over
1,talk,182,12,12,Over
1,talk,183,12,9,Over
1,talk,184,12,8,Over
1,talk,185,12,7,Over
1,talk,186,12,5,Over
1,talk,187,12,6,Over
1,talk,188,12,10,Over
1,talk,189,12,3,Over
1,talk,190,12,2,Over
1,talk,191,12,13,Over
1,talk,192,12,15,Over
1,talk,193,12,4,Over
1,talk,194,12,11,Over
1,talk,195,13,8,Over
1,talk,196,13,4,Over
1,talk,197,13,2,Over
1,talk,198,13,5,Over
1,talk,199,13,1,Skip
1,talk,200,13,3,Over
1,talk,201,13,10,Over
1,talk,202,13,15,Over
1,talk,203,13,11,Over
1,talk,204,13,7,Over
1,talk,205,13,6,Over
1,talk,206,13,14,Over
1,talk,207,13,12,Over
1,talk,208,13,13,Over
1,talk,209,13,9,Over
1,talk,210,14,8,Over
1,talk,211,14,9,Over
1,talk,212,14,11,Over
1,talk,213,14,7,Over
1,talk,214,14,3,Over
1,talk,215,14,6,Over
1,talk,216,14,4,Over
1,talk,217,14,15,Over
1,talk,218,14,2,Over
1,talk,219,14,12,Over
1,talk,220,14,5,Over
1,talk,221,14,1,Over
1,talk,222,14,10,Over
1,talk,223,14,13,Over
1,talk,224,14,14,Over
1,vote,1,2
1,vote,2,15
1,vote,3,5
1,vote,4,2
1,vote,5,2
1,vote,6,9
1,vote,7,2
1,vote,8,2
1,vote,9,2
1,vote,10,2
1,vote,11,2
1,vote,12,2
1,vote,13,2
1,vote,14,2
1,vote,15,2
1,execute,2,VILLAGER
1,divine,3,5,WEREWOLF
1,whisper,0,0,10,Skip
1,whisper,1,0,7,ATTACK Agent[03]
1,whisper,2,0,5,ESTIMATE Agent[15] POSSESSED
1,whisper,3,1,10,Skip
1,whisper,4,1,7,Skip
1,whisper,5,1,5,ATTACK Agent[06]
1,whisper,6,2,5,Skip
1,whisper,7,2,10,Over
1,whisper,8,2,7,Skip
1,whisper,9,3,5,Skip
1,whisper,10,3,7,Over
1,whisper,11,3,10,Over
1,whisper,12,4,5,Over
1,whisper,13,4,7,Over
1,whisper,14,4,10,Over
1,guard,9,6,VILLAGER
1,attackVote,5,6
1,attackVote,7,3
1,attackVote,10,3
1,attack,3,true
2,status,1,VILLAGER,ALIVE,hellowolf
2,status,2,VILLAGER,DEAD,wasabi
2,status,3,SEER,DEAD,hellowolf 2
2,status,4,VILLAGER,ALIVE,fanfan 1
2,status,5,WEREWOLF,ALIVE,hellowolf 1
2,status,6,VILLAGER,ALIVE,fanfan 2
2,status,7,WEREWOLF,ALIVE,tomato
2,status,8,VILLAGER,ALIVE,takeda 1
2,status,9,BODYGUARD,ALIVE,takeda 3
2,status,10,WEREWOLF,ALIVE,takeda 2
2,status,11,VILLAGER,ALIVE,tomato 1
2,status,12,MEDIUM,ALIVE,fanfan
2,status,13,VILLAGER,ALIVE,wasabi 1
2,status,14,VILLAGER,ALIVE,takeda
2,status,15,POSSESSED,ALIVE,HALUemon
2,talk,0,0,14,VOTE Agent[05]
2,talk,1,0,5,VOTE Agent[09]
2,talk,2,0,8,VOTE Agent[05]
2,talk,3,0,12,IDENTIFIED Agent[02] HUMAN
2,talk,4,0,10,VOTE Agent[05]
2,talk,5,0,6,VOTE Agent[10]
2,talk,6,0,15,DIVINED Agent[06] WEREWOLF
2,talk,7,0,4,VOTE Agent[10]
2,talk,8,0,1,VOTE Agent[10]
2,talk,9,0,7,VOTE Agent[01]
2,talk,10,0,11,VOTE Agent[12]
2,talk,11,0,13,ESTIMATE Agent[09] WEREWOLF
2,talk,12,0,9,VOTE Agent[05]
2,talk,13,1,12,VOTE Agent[09]
2,talk,14,1,14,Skip
2,talk,15,1,1,VOTE Agent[05]
2,talk,16,1,11,VOTE Agent[05]
2,talk,17,1,4,Skip
2,talk,18,1,9,Skip
2,talk,19,1,15,VOTE Agent[06]
2,talk,20,1,7,VOTE Agent[05]
2,talk,21,1,8,Skip
2,talk,22,1,5,VOTE Agent[01]
2,talk,23,1,6,Skip
2,talk,24,1,10,Skip
2,talk,25,1,13,ESTIMATE Agent[06] VILLAGER
2,talk,26,2,12,Skip
2,talk,27,2,5,Skip
2,talk,28,2,4,Skip
2,talk,29,2,11,Skip
2,talk,30,2,9,Skip
2,talk,31,2,13,ESTIMATE Agent[10] WEREWOLF
2,talk,32,2,15,VOTE Agent[06]
2,talk,33,2,8,Skip
2,talk,34,2,14,Skip
2,talk,35,2,6,Skip
2,talk,36,2,1,Skip
2,talk,37,2,10,Skip
2,talk,38,2,7,Skip
2,talk,39,3,1,Skip
2,talk,40,3,9,Over
2,talk,41,3,13,VOTE Agent[01]
2,talk,42,3,12,Skip
2,talk,43,3,8,Over
2,talk,44,3,5,Skip
2,talk,45,3,14,Over
2,talk,46,3,7,Skip
2,talk,47,3,4,Over
2,talk,48,3,10,Over
2,talk,49,3,6,Over
2,talk,50,3,15,VOTE Agent[06]
2,talk,51,3,11,Skip
2,talk,52,4,9,Over
2,talk,53,4,12,Over
2,talk,54,4,11,Over
2,talk,55,4,14,Over
2,talk,56,4,13,ESTIMATE Agent[01] WEREWOLF
2,talk,57,4,6,Over
2,talk,58,4,8,Over
2,talk,59,4,4,Over
2,talk,60,4,10,Over
2,talk,61,4,7,Over
2,talk,62,4,15,VOTE Agent[06]
2,talk,63,4,1,Over
2,talk,64,4,5,Over
2,talk,65,5,10,Over
2,talk,66,5,8,Over
2,talk,67,5,7,Over
2,talk,68,5,6,Over
2,talk,69,5,11,Over
2,talk,70,5,9,Over
2,talk,71,5,4,Over
2,talk,72,5,14,Over
2,talk,73,5,13,VOTE Agent[05]
2,talk,74,5,5,Over
2,talk,75,5,1,Over
2,talk,76,5,12,Over
2,talk,77,5,15,VOTE Agent[06]
2,talk,78,6,11,Over
2,talk,79,6,1,Over
2,talk,80,6,9,Over
2,talk,81,6,15,VOTE Agent[06]
2,talk,82,6,4,Over
2,talk,83,6,13,VOTE Agent[14]
2,talk,84,6,10,Over
2,talk,85,6,6,Over
2,talk,86,6,14,Over
2,talk,87,6,5,Over
2,talk,88,6,12,Over
2,talk,89,6,8,Over
2,talk,90,6,7,Over
2,talk,91,7,9,Over
2,talk,92,7,1,Over
2,talk,93,7,11,Over
2,talk,94,7,6,Over
2,talk,95,7,7,Over
2,talk,96,7,14,Over
2,talk,97,7,12,Over
2,talk,98,7,5,Over
2,talk,99,7,8,Over
2,talk,100,7,15,VOTE Agent[06]
2,talk,101,7,13,ESTIMATE Agent[11] WEREWOLF
2,talk,102,7,4,Over
2,talk,103,7,10,Over
2,talk,104,8,8,Over
2,talk,105,8,4,Over
2,talk,106,8,14,Over
2,talk,107,8,13,VOTE Agent[05]
2,talk,108,8,10,Over
2,talk,109,8,5,Over
2,talk,110,8,11,Over
2,talk,111,8,6,Over
2,talk,112,8,9,Over
2,talk,113,8,12,Over
2,talk,114,8,15,VOTE Agent[06]
2,talk,115,8,1,Over
2,talk,116,8,7,Over
2,talk,117,9,9,Over
2,talk,118,9,13,Over
2,talk,119,9,12,Over
2,talk,120,9,5,Over
2,talk,121,9,1,Over
2,talk,122,9,10,Over
2,talk,123,9,6,Over
2,talk,124,9,15,Over
2,talk,125,9,11,Over
2,talk,126,9,7,Over
2,talk,127,9,8,Over
2,talk,128,9,14,Over
2,talk,129,9,4,Over
2,vote,1,5
2,vote,4,10
2,vote,5,1
2,vote,6,10
2,vote,7,5
2,vote,8,5
2,vote,9,5
2,vote,10,5
2,vote,11,5
2,vote,12,9
2,vote,13,5
2,vote,14,5
2,vote,15,6
2,execute,5,WEREWOLF
2,whisper,0,0,7,ATTACK Agent[15]
2,whisper,1,0,10,Skip
2,whisper,2,1,10,Skip
2,whisper,3,1,7,Skip
2,whisper,4,2,10,Over
2,whisper,5,2,7,Skip
2,whisper,6,3,10,Over
2,whisper,7,3,7,Over
2,guard,9,6,VILLAGER
2,attackVote,7,15
2,attackVote,10,6
2,attackVote,7,15
2,attackVote,10,6
2,attack,6,false
3,status,1,VILLAGER,ALIVE,hellowolf
3,status,2,VILLAGER,DEAD,wasabi
3,status,3,SEER,DEAD,hellowolf 2
3,status,4,VILLAGER,ALIVE,fanfan 1
3,status,5,WEREWOLF,DEAD,hellowolf 1
3,status,6,VILLAGER,ALIVE,fanfan 2
3,status,7,WEREWOLF,ALIVE,tomato
3,status,8,VILLAGER,ALIVE,takeda 1
3,status,9,BODYGUARD,ALIVE,takeda 3
3,status,10,WEREWOLF,ALIVE,takeda 2
3,status,11,VILLAGER,ALIVE,tomato 1
3,status,12,MEDIUM,ALIVE,fanfan
3,status,13,VILLAGER,ALIVE,wasabi 1
3,status,14,VILLAGER,ALIVE,takeda
3,status,15,POSSESSED,ALIVE,HALUemon
3,talk,0,0,11,VOTE Agent[07]
3,talk,1,0,8,VOTE Agent[10]
3,talk,2,0,12,IDENTIFIED Agent[05] WEREWOLF
3,talk,3,0,13,ESTIMATE Agent[08] WEREWOLF
3,talk,4,0,14,VOTE Agent[10]
3,talk,5,0,9,VOTE Agent[08]
3,talk,6,0,6,VOTE Agent[10]
3,talk,7,0,7,VOTE Agent[14]
3,talk,8,0,15,DIVINED Agent[08] HUMAN
3,talk,9,0,1,VOTE Agent[10]
3,talk,10,0,10,VOTE Agent[08]
3,talk,11,0,4,VOTE Agent[10]
3,talk,12,1,12,VOTE Agent[10]
3,talk,13,1,7,VOTE Agent[10]
3,talk,14,1,11,VOTE Agent[10]
3,talk,15,1,4,Skip
3,talk,16,1,14,Skip
3,talk,17,1,9,VOTE Agent[10]
3,talk,18,1,6,Skip
3,talk,19,1,10,Skip
3,talk,20,1,8,Skip
3,talk,21,1,13,ESTIMATE Agent[15] WEREWOLF
3,talk,22,1,15,VOTE Agent[06]
3,talk,23,1,1,Skip
3,talk,24,2,8,Skip
3,talk,25,2,11,Skip
3,talk,26,2,1,Skip
3,talk,27,2,6,Skip
3,talk,28,2,14,Skip
3,talk,29,2,15,VOTE Agent[06]
3,talk,30,2,12,Skip
3,talk,31,2,4,Skip
3,talk,32,2,13,Skip
3,talk,33,2,9,Skip
3,talk,34,2,10,VOTE Agent[08]
3,talk,35,2,7,Skip
3,talk,36,3,1,Over
3,talk,37,3,8,Over
3,talk,38,3,15,VOTE Agent[06]
3,talk,39,3,14,Over
3,talk,40,3,11,Skip
3,talk,41,3,7,Skip
3,talk,42,3,12,Skip
3,talk,43,3,9,Skip
3,talk,44,3,13,VOTE Agent[10]
3,talk,45,3,4,Over
3,talk,46,3,10,VOTE Agent[13]
3,talk,47,3,6,Over
3,talk,48,4,13,VOTE Agent[14]
3,talk,49,4,9,Over
3,talk,50,4,1,Over
3,talk,51,4,14,Over
3,talk,52,4,6,Over
3,talk,53,4,12,Over
3,talk,54,4,10,VOTE Agent[13]
3,talk,55,4,8,Over
3,talk,56,4,4,Over
3,talk,57,4,7,Over
3,talk,58,4,11,Over
3,talk,59,4,15,VOTE Agent[06]
3,talk,60,5,10,VOTE Agent[13]
3,talk,61,5,9,Over
3,talk,62,5,1,Over
3,talk,63,5,6,Over
3,talk,64,5,4,Over
3,talk,65,5,13,VOTE Agent[10]
3,talk,66,5,7,Over
3,talk,67,5,11,Over
3,talk,68,5,8,Over
3,talk,69,5,15,VOTE Agent[06]
3,talk,70,5,14,Over
3,talk,71,5,12,Over
3,talk,72,6,4,Over
3,talk,73,6,11,Over
3,talk,74,6,10,VOTE Agent[13]
3,talk,75,6,9,Over
3,talk,76,6,15,VOTE Agent[06]
3,talk,77,6,12,Over
3,talk,78,6,14,Over
3,talk,79,6,1,Over
3,talk,80,6,6,Over
3,talk,81,6,7,Over
3,talk,82,6,8,Over
3,talk,83,6,13,ESTIMATE Agent[11] WEREWOLF
3,talk,84,7,4,Over
3,talk,85,7,9,Over
3,talk,86,7,13,VOTE Agent[14]
3,talk,87,7,11,Over
3,talk,88,7,10,VOTE Agent[13]
3,talk,89,7,12,Over
3,talk,90,7,15,VOTE Agent[06]
3,talk,91,7,8,Over
3,talk,92,7,7,Over
3,talk,93,7,1,Over
3,talk,94,7,6,Over
3,talk,95,7,14,Over
3,talk,96,8,1,Over
3,talk,97,8,4,Over
3,talk,98,8,8,Over
3,talk,99,8,11,Over
3,talk,100,8,10,VOTE Agent[13]
3,talk,101,8,14,Over
3,talk,102,8,13,VOTE Agent[10]
3,talk,103,8,6,Over
3,talk,104,8,15,VOTE Agent[06]
3,talk,105,8,12,Over
3,talk,106,8,7,Over
3,talk,107,8,9,Over
3,talk,108,9,1,Over
3,talk,109,9,9,Over
3,talk,110,9,14,Over
3,talk,111,9,8,Over
3,talk,112,9,6,Over
3,talk,113,9,4,Over
3,talk,114,9,10,VOTE Agent[13]
3,talk,115,9,13,Over
3,talk,116,9,7,Over
3,talk,117,9,11,Over
3,talk,118,9,12,Over
3,talk,119,9,15,Over
3,talk,120,10,9,Over
3,talk,121,10,14,Over
3,talk,122,10,6,Over
3,talk,123,10,12,Over
3,talk,124,10,13,Over
3,talk,125,10,1,Over
3,talk,126,10,4,Over
3,talk,127,10,8,Over
3,talk,128,10,15,Over
3,talk,129,10,10,VOTE Agent[13]
3,talk,130,10,11,Over
3,talk,131,10,7,Over
3,talk,132,11,1,Over
3,talk,133,11,11,Over
3,talk,134,11,14,Over
3,talk,135,11,10,Over
3,talk,136,11,15,Over
3,talk,137,11,8,Over
3,talk,138,11,13,Over
3,talk,139,11,7,Over
3,talk,140,11,12,Over
3,talk,141,11,6,Over
3,talk,142,11,9,Over
3,talk,143,11,4,Over
3,vote,1,10
3,vote,4,10
3,vote,6,10
3,vote,7,10
3,vote,8,10
3,vote,9,10
3,vote,10,13
3,vote,11,10
3,vote,12,10
3,vote,13,10
3,vote,14,10
3,vote,15,6
3,execute,10,WEREWOLF
3,guard,9,6,VILLAGER
3,attack,8,true
4,status,1,VILLAGER,ALIVE,hellowolf
4,status,2,VILLAGER,DEAD,wasabi
4,status,3,SEER,DEAD,hellowolf 2
4,status,4,VILLAGER,ALIVE,fanfan 1
4,status,5,WEREWOLF,DEAD,hellowolf 1
4,status,6,VILLAGER,ALIVE,fanfan 2
4,status,7,WEREWOLF,ALIVE,tomato
4,status,8,VILLAGER,DEAD,takeda 1
4,status,9,BODYGUARD,ALIVE,takeda 3
4,status,10,WEREWOLF,DEAD,takeda 2
4,status,11,VILLAGER,ALIVE,tomato 1
4,status,12,MEDIUM,ALIVE,fanfan
4,status,13,VILLAGER,ALIVE,wasabi 1
4,status,14,VILLAGER,ALIVE,takeda
4,status,15,POSSESSED,ALIVE,HALUemon
4,talk,0,0,12,IDENTIFIED Agent[10] WEREWOLF
4,talk,1,0,1,VOTE Agent[09]
4,talk,2,0,15,DIVINED Agent[06] HUMAN
4,talk,3,0,6,VOTE Agent[09]
4,talk,4,0,7,VOTE Agent[12]
4,talk,5,0,13,ESTIMATE Agent[01] WEREWOLF
4,talk,6,0,11,VOTE Agent[04]
4,talk,7,0,4,VOTE Agent[09]
4,talk,8,0,9,VOTE Agent[13]
4,talk,9,0,14,VOTE Agent[13]
4,talk,10,1,14,Skip
4,talk,11,1,6,Skip
4,talk,12,1,9,Skip
4,talk,13,1,12,VOTE Agent[09]
4,talk,14,1,11,VOTE Agent[09]
4,talk,15,1,1,Skip
4,talk,16,1,15,VOTE Agent[06]
4,talk,17,1,4,Skip
4,talk,18,1,7,VOTE Agent[09]
4,talk,19,1,13,ESTIMATE Agent[15] WEREWOLF
4,talk,20,2,13,ESTIMATE Agent[15] WEREWOLF
4,talk,21,2,9,VOTE Agent[13]
4,talk,22,2,6,Skip
4,talk,23,2,7,Skip
4,talk,24,2,11,Skip
4,talk,25,2,1,Skip
4,talk,26,2,15,VOTE Agent[06]
4,talk,27,2,4,Skip
4,talk,28,2,12,Skip
4,talk,29,2,14,VOTE Agent[09]
4,talk,30,3,12,Skip
4,talk,31,3,14,Skip
4,talk,32,3,13,VOTE Agent[09]
4,talk,33,3,7,Skip
4,talk,34,3,4,Over
4,talk,35,3,1,Over
4,talk,36,3,6,Over
4,talk,37,3,9,VOTE Agent[13]
4,talk,38,3,15,VOTE Agent[06]
4,talk,39,3,11,Skip
4,talk,40,4,13,ESTIMATE Agent[01] WEREWOLF
4,talk,41,4,6,Over
4,talk,42,4,9,VOTE Agent[13]
4,talk,43,4,7,Over
4,talk,44,4,15,VOTE Agent[06]
4,talk,45,4,14,Skip
4,talk,46,4,4,Over
4,talk,47,4,12,Over
4,talk,48,4,1,Over
4,talk,49,4,11,Over
4,talk,50,5,11,Over
4,talk,51,5,6,Over
4,talk,52,5,4,Over
4,talk,53,5,12,Over
4,talk,54,5,7,Over
4,talk,55,5,1,Over
4,talk,56,5,14,Over
4,talk,57,5,9,VOTE Agent[13]
4,talk,58,5,13,ESTIMATE Agent[06] VILLAGER
4,talk,59,5,15,VOTE Agent[06]
4,talk,60,6,15,VOTE Agent[06]
4,talk,61,6,11,Over
4,talk,62,6,9,VOTE Agent[13]
4,talk,63,6,13,ESTIMATE Agent[09] WEREWOLF
4,talk,64,6,12,Over
4,talk,65,6,6,Over
4,talk,66,6,14,Over
4,talk,67,6,7,Over
4,talk,68,6,4,Over
4,talk,69,6,1,Over
4,talk,70,7,7,Over
4,talk,71,7,12,Over
4,talk,72,7,6,Over
4,talk,73,7,9,VOTE Agent[13]
4,talk,74,7,13,VOTE Agent[04]
4,talk,75,7,1,Over
4,talk,76,7,14,Over
4,talk,77,7,15,VOTE Agent[06]
4,talk,78,7,4,Over
4,talk,79,7,11,Over
4,talk,80,8,9,VOTE Agent[13]
4,talk,81,8,12,Over
4,talk,82,8,11,VOTE Agent[13]
4,talk,83,8,4,Over
4,talk,84,8,7,VOTE Agent[13]
4,talk,85,8,6,Over
4,talk,86,8,1,Over
4,talk,87,8,15,VOTE Agent[06]
4,talk,88,8,13,VOTE Agent[09]
4,talk,89,8,14,Over
4,talk,90,9,4,Over
4,talk,91,9,6,Over
4,talk,92,9,12,Over
4,talk,93,9,15,Over
4,talk,94,9,13,Over
4,talk,95,9,14,Over
4,talk,96,9,7,Skip
4,talk,97,9,9,VOTE Agent[13]
4,talk,98,9,1,Over
4,talk,99,9,11,Skip
4,talk,100,10,7,Skip
4,talk,101,10,13,Over
4,talk,102,10,6,Over
4,talk,103,10,1,Over
4,talk,104,10,9,VOTE Agent[13]
4,talk,105,10,4,Over
4,talk,106,10,12,Over
4,talk,107,10,14,Over
4,talk,108,10,15,Over
4,talk,109,10,11,Skip
4,talk,110,11,1,Over
4,talk,111,11,7,Over
4,talk,112,11,11,Over
4,talk,113,11,15,Over
4,talk,114,11,13,Over
4,talk,115,11,4,Over
4,talk,116,11,6,Over
4,talk,117,11,9,Over
4,talk,118,11,12,Over
4,talk,119,11,14,Over
4,vote,1,9
4,vote,4,9
4,vote,6,9
4,vote,7,13
4,vote,9,13
4,vote,11,13
4,vote,12,9
4,vote,13,9
4,vote,14,9
4,vote,15,6
4,execute,9,BODYGUARD
4,attack,12,true
5,status,1,VILLAGER,ALIVE,hellowolf
5,status,2,VILLAGER,DEAD,wasabi
5,status,3,SEER,DEAD,hellowolf 2
5,status,4,VILLAGER,ALIVE,fanfan 1
5,status,5,WEREWOLF,DEAD,hellowolf 1
5,status,6,VILLAGER,ALIVE,fanfan 2
5,status,7,WEREWOLF,ALIVE,tomato
5,status,8,VILLAGER,DEAD,takeda 1
5,status,9,BODYGUARD,DEAD,takeda 3
5,status,10,WEREWOLF,DEAD,takeda 2
5,status,11,VILLAGER,ALIVE,tomato 1
5,status,12,MEDIUM,DEAD,fanfan
5,status,13,VILLAGER,ALIVE,wasabi 1
5,status,14,VILLAGER,ALIVE,takeda
5,status,15,POSSESSED,ALIVE,HALUemon
5,talk,0,0,11,VOTE Agent[15]
5,talk,1,0,4,VOTE Agent[01]
5,talk,2,0,7,VOTE Agent[06]
5,talk,3,0,13,ESTIMATE Agent[01] VILLAGER
5,talk,4,0,1,VOTE Agent[04]
5,talk,5,0,6,VOTE Agent[13]
5,talk,6,0,15,DIVINED Agent[06] HUMAN
5,talk,7,0,14,VOTE Agent[13]
5,talk,8,1,7,VOTE Agent[13]
5,talk,9,1,1,Skip
5,talk,10,1,15,VOTE Agent[06]
5,talk,11,1,6,Skip
5,talk,12,1,13,ESTIMATE Agent[14] WEREWOLF
5,talk,13,1,11,VOTE Agent[13]
5,talk,14,1,4,VOTE Agent[13]
5,talk,15,1,14,Skip
5,talk,16,2,14,Skip
5,talk,17,2,6,Skip
5,talk,18,2,4,Skip
5,talk,19,2,15,VOTE Agent[06]
5,talk,20,2,1,Skip
5,talk,21,2,7,Skip
5,talk,22,2,13,ESTIMATE Agent[15] WEREWOLF
5,talk,23,2,11,Skip
5,talk,24,3,1,Over
5,talk,25,3,11,Skip
5,talk,26,3,15,VOTE Agent[06]
5,talk,27,3,14,Over
5,talk,28,3,13,VOTE Agent[11]
5,talk,29,3,7,Skip
5,talk,30,3,4,Skip
5,talk,31,3,6,Over
5,talk,32,4,6,Over
5,talk,33,4,11,VOTE Agent[06]
5,talk,34,4,7,Over
5,talk,35,4,4,Over
5,talk,36,4,13,VOTE Agent[04]
5,talk,37,4,15,VOTE Agent[06]
5,talk,38,4,14,Over
5,talk,39,4,1,VOTE Agent[13]
5,talk,40,5,15,VOTE Agent[06]
5,talk,41,5,4,Over
5,talk,42,5,13,ESTIMATE Agent[15] WEREWOLF
5,talk,43,5,6,Over
5,talk,44,5,7,VOTE Agent[06]
5,talk,45,5,1,Skip
5,talk,46,5,14,Over
5,talk,47,5,11,Skip
5,talk,48,6,14,Over
5,talk,49,6,13,ESTIMATE Agent[15] WEREWOLF
5,talk,50,6,15,VOTE Agent[06]
5,talk,51,6,6,Over
5,talk,52,6,11,Skip
5,talk,53,6,1,Skip
5,talk,54,6,7,Skip
5,talk,55,6,4,Over
5,talk,56,7,14,Over
5,talk,57,7,1,Over
5,talk,58,7,11,Over
5,talk,59,7,15,VOTE Agent[06]
5,talk,60,7,7,Skip
5,talk,61,7,6,Over
5,talk,62,7,13,Skip
5,talk,63,7,4,Over
5,talk,64,8,6,Over
5,talk,65,8,7,Over
5,talk,66,8,15,VOTE Agent[06]
5,talk,67,8,1,Over
5,talk,68,8,4,Over
5,talk,69,8,14,Over
5,talk,70,8,11,Over
5,talk,71,8,13,VOTE Agent[07]
5,talk,72,9,11,Over
5,talk,73,9,15,Over
5,talk,74,9,6,Over
5,talk,75,9,4,Over
5,talk,76,9,14,Over
5,talk,77,9,1,Over
5,talk,78,9,13,Over
5,talk,79,9,7,Over
5,vote,1,13
5,vote,4,13
5,vote,6,13
5,vote,7,6
5,vote,11,6
5,vote,13,7
5,vote,14,13
5,vote,15,6
5,execute,13,VILLAGER
5,attack,14,true
6,status,1,VILLAGER,ALIVE,hellowolf
6,status,2,VILLAGER,DEAD,wasabi
6,status,3,SEER,DEAD,hellowolf 2
6,status,4,VILLAGER,ALIVE,fanfan 1
6,status,5,WEREWOLF,DEAD,hellowolf 1
6,status,6,VILLAGER,ALIVE,fanfan 2
6,status,7,WEREWOLF,ALIVE,tomato
6,status,8,VILLAGER,DEAD,takeda 1
6,status,9,BODYGUARD,DEAD,takeda 3
6,status,10,WEREWOLF,DEAD,takeda 2
6,status,11,VILLAGER,ALIVE,tomato 1
6,status,12,MEDIUM,DEAD,fanfan
6,status,13,VILLAGER,DEAD,wasabi 1
6,status,14,VILLAGER,DEAD,takeda
6,status,15,POSSESSED,ALIVE,HALUemon
6,talk,0,0,1,VOTE Agent[07]
6,talk,1,0,7,VOTE Agent[15]
6,talk,2,0,15,COMINGOUT Agent[15] POSSESSED
6,talk,3,0,4,VOTE Agent[01]
6,talk,4,0,11,VOTE Agent[04]
6,talk,5,0,6,VOTE Agent[04]
6,talk,6,1,7,VOTE Agent[04]
6,talk,7,1,6,Skip
6,talk,8,1,15,VOTE Agent[04]
6,talk,9,1,1,VOTE Agent[04]
6,talk,10,1,11,VOTE Agent[01]
6,talk,11,1,4,VOTE Agent[07]
6,talk,12,2,1,Skip
6,talk,13,2,7,Skip
6,talk,14,2,11,VOTE Agent[04]
6,talk,15,2,6,Skip
6,talk,16,2,15,VOTE Agent[04]
6,talk,17,2,4,VOTE Agent[01]
6,talk,18,3,1,Skip
6,talk,19,3,6,Over
6,talk,20,3,7,Skip
6,talk,21,3,4,Skip
6,talk,22,3,15,VOTE Agent[04]
6,talk,23,3,11,Skip
6,talk,24,4,4,Skip
6,talk,25,4,7,Over
6,talk,26,4,1,Over
6,talk,27,4,15,VOTE Agent[04]
6,talk,28,4,11,Skip
6,talk,29,4,6,Over
6,talk,30,5,1,Over
6,talk,31,5,11,Over
6,talk,32,5,4,Over
6,talk,33,5,6,Over
6,talk,34,5,7,Over
6,talk,35,5,15,VOTE Agent[04]
6,talk,36,6,15,VOTE Agent[04]
6,talk,37,6,1,Over
6,talk,38,6,4,Over
6,talk,39,6,11,Over
6,talk,40,6,7,Over
6,talk,41,6,6,Over
6,talk,42,7,6,Over
6,talk,43,7,1,Over
6,talk,44,7,15,VOTE Agent[04]
6,talk,45,7,7,Over
6,talk,46,7,4,Over
6,talk,47,7,11,Over
6,talk,48,8,11,Over
6,talk,49,8,15,VOTE Agent[04]
6,talk,50,8,7,Over
6,talk,51,8,6,Over
6,talk,52,8,4,Over
6,talk,53,8,1,Over
6,talk,54,9,4,Over
6,talk,55,9,1,Over
6,talk,56,9,15,VOTE Agent[04]
6,talk,57,9,7,Over
6,talk,58,9,11,Over
6,talk,59,9,6,Over
6,talk,60,10,15,Over
6,talk,61,10,6,Over
6,talk,62,10,11,Over
6,talk,63,10,4,Over
6,talk,64,10,1,Over
6,talk,65,10,7,Over
6,vote,1,4
6,vote,4,1
6,vote,6,4
6,vote,7,4
6,vote,11,4
6,vote,15,4
6,execute,4,VILLAGER
6,attack,11,true
7,status,1,VILLAGER,ALIVE,hellowolf
7,status,2,VILLAGER,DEAD,wasabi
7,status,3,SEER,DEAD,hellowolf 2
7,status,4,VILLAGER,DEAD,fanfan 1
7,status,5,WEREWOLF,DEAD,hellowolf 1
7,status,6,VILLAGER,ALIVE,fanfan 2
7,status,7,WEREWOLF,ALIVE,tomato
7,status,8,VILLAGER,DEAD,takeda 1
7,status,9,BODYGUARD,DEAD,takeda 3
7,status,10,WEREWOLF,DEAD,takeda 2
7,status,11,VILLAGER,DEAD,tomato 1
7,status,12,MEDIUM,DEAD,fanfan
7,status,13,VILLAGER,DEAD,wasabi 1
7,status,14,VILLAGER,DEAD,takeda
7,status,15,POSSESSED,ALIVE,HALUemon
7,talk,0,0,6,VOTE Agent[01]
7,talk,1,0,1,VOTE Agent[07]
7,talk,2,0,15,COMINGOUT Agent[15] POSSESSED
7,talk,3,0,7,VOTE Agent[01]
7,talk,4,1,6,Skip
7,talk,5,1,1,Skip
7,talk,6,1,15,VOTE Agent[01]
7,talk,7,1,7,Skip
7,talk,8,2,6,Skip
7,talk,9,2,1,Skip
7,talk,10,2,15,VOTE Agent[01]
7,talk,11,2,7,Skip
7,talk,12,3,15,VOTE Agent[01]
7,talk,13,3,7,Over
7,talk,14,3,1,Over
7,talk,15,3,6,Over
7,talk,16,4,7,Over
7,talk,17,4,1,Over
7,talk,18,4,6,Over
7,talk,19,4,15,VOTE Agent[01]
7,talk,20,5,1,Over
7,talk,21,5,15,VOTE Agent[01]
7,talk,22,5,6,Over
7,talk,23,5,7,Over
7,talk,24,6,6,Over
7,talk,25,6,7,Over
7,talk,26,6,1,Over
7,talk,27,6,15,VOTE Agent[01]
7,talk,28,7,6,Over
7,talk,29,7,1,Over
7,talk,30,7,15,VOTE Agent[01]
7,talk,31,7,7,Over
7,talk,32,8,6,Over
7,talk,33,8,7,Over
7,talk,34,8,15,VOTE Agent[01]
7,talk,35,8,1,Over
7,talk,36,9,6,Over
7,talk,37,9,7,Over
7,talk,38,9,1,Over
7,talk,39,9,15,VOTE Agent[01]
7,talk,40,10,6,Over
7,talk,41,10,1,Over
7,talk,42,10,7,Over
7,talk,43,10,15,Over
7,vote,1,7
7,vote,6,1
7,vote,7,1
7,vote,15,1
7,execute,1,VILLAGER
7,attack,6,true
8,status,1,VILLAGER,DEAD,hellowolf
8,status,2,VILLAGER,DEAD,wasabi
8,status,3,SEER,DEAD,hellowolf 2
8,status,4,VILLAGER,DEAD,fanfan 1
8,status,5,WEREWOLF,DEAD,hellowolf 1
8,status,6,VILLAGER,DEAD,fanfan 2
8,status,7,WEREWOLF,ALIVE,tomato
8,status,8,VILLAGER,DEAD,takeda 1
8,status,9,BODYGUARD,DEAD,takeda 3
8,status,10,WEREWOLF,DEAD,takeda 2
8,status,11,VILLAGER,DEAD,tomato 1
8,status,12,MEDIUM,DEAD,fanfan
8,status,13,VILLAGER,DEAD,wasabi 1
8,status,14,VILLAGER,DEAD,takeda
8,status,15,POSSESSED,ALIVE,HALUemon
8,result,1,1,WEREWOLF
