0,status,1,VILLAGER,ALIVE,hellowolf
0,status,2,WEREWOLF,ALIVE,wasabi
0,status,3,VILLAGER,ALIVE,hellowolf 2
0,status,4,BODYGUARD,ALIVE,fanfan 1
0,status,5,VILLAGER,ALIVE,hellowolf 1
0,status,6,VILLAGER,ALIVE,fanfan 2
0,status,7,MEDIUM,ALIVE,tomato
0,status,8,VILLAGER,ALIVE,takeda 1
0,status,9,WEREWOLF,ALIVE,takeda 3
0,status,10,WEREWOLF,ALIVE,takeda 2
0,status,11,VILLAGER,ALIVE,tomato 1
0,status,12,VILLAGER,ALIVE,fanfan
0,status,13,SEER,ALIVE,wasabi 1
0,status,14,VILLAGER,ALIVE,takeda
0,status,15,POSSESSED,ALIVE,HALUemon
0,whisper,0,0,2,ATTACK Agent[13]
0,whisper,1,0,9,Skip
0,whisper,2,0,10,Skip
0,whisper,3,1,10,Skip
0,whisper,4,1,9,Skip
0,whisper,5,1,2,Over
0,whisper,6,2,10,Over
0,whisper,7,2,2,Over
0,whisper,8,2,9,Over
0,divine,13,1,HUMAN
1,status,1,VILLAGER,ALIVE,hellowolf
1,status,2,WEREWOLF,ALIVE,wasabi
1,status,3,VILLAGER,ALIVE,hellowolf 2
1,status,4,BODYGUARD,ALIVE,fanfan 1
1,status,5,VILLAGER,ALIVE,hellowolf 1
1,status,6,VILLAGER,ALIVE,fanfan 2
1,status,7,MEDIUM,ALIVE,tomato
1,status,8,VILLAGER,ALIVE,takeda 1
1,status,9,WEREWOLF,ALIVE,takeda 3
1,status,10,WEREWOLF,ALIVE,takeda 2
1,status,11,VILLAGER,ALIVE,tomato 1
1,status,12,VILLAGER,ALIVE,fanfan
1,status,13,SEER,ALIVE,wasabi 1
1,status,14,VILLAGER,ALIVE,takeda
1,status,15,POSSESSED,ALIVE,HALUemon
1,talk,0,0,15,COMINGOUT Agent[15] SEER
1,talk,1,0,11,VOTE Agent[06]
1,talk,2,0,2,ESTIMATE Agent[06] WEREWOLF
1,talk,3,0,8,VOTE Agent[10]
1,talk,4,0,7,COMINGOUT Agent[07] MEDIUM
1,talk,5,0,4,VOTE Agent[06]
1,talk,6,0,9,Skip
1,talk,7,0,6,VOTE Agent[13]
1,talk,8,0,12,VOTE Agent[06]
1,talk,9,0,1,VOTE Agent[06]
1,talk,10,0,5,VOTE Agent[06]
1,talk,11,0,3,VOTE Agent[06]
1,talk,12,0,14,VOTE Agent[08]
1,talk,13,0,13,COMINGOUT Agent[13] SEER
1,talk,14,0,10,Skip
1,talk,15,1,2,ESTIMATE Agent[14] VILLAGER
1,talk,16,1,14,VOTE Agent[09]
1,talk,17,1,4,Skip
1,talk,18,1,7,VOTE Agent[06]
1,talk,19,1,3,Skip
1,talk,20,1,8,VOTE Agent[06]
1,talk,21,1,6,VOTE Agent[11]
1,talk,22,1,1,Skip
1,talk,23,1,13,DIVINED Agent[01] HUMAN
1,talk,24,1,11,Skip
1,talk,25,1,12,Skip
1,talk,26,1,5,Skip
1,talk,27,1,15,DIVINED Agent[01] WEREWOLF
1,talk,28,1,10,VOTE Agent[12]
1,talk,29,1,9,VOTE Agent[14]
1,talk,30,2,6,Skip
1,talk,31,2,13,Skip
1,talk,32,2,2,Skip
1,talk,33,2,15,VOTE Agent[01]
1,talk,34,2,10,VOTE Agent[06]
1,talk,35,2,9,VOTE Agent[06]
1,talk,36,2,3,Skip
1,talk,37,2,8,Skip
1,talk,38,2,14,VOTE Agent[06]
1,talk,39,2,7,Skip
1,talk,40,2,12,VOTE Agent[10]
1,talk,41,2,1,VOTE Agent[04]
1,talk,42,2,5,VOTE Agent[04]
1,talk,43,2,11,Skip
1,talk,44,2,4,Skip
1,talk,45,3,7,Skip
1,talk,46,3,10,Skip
1,talk,47,3,4,Over
1,talk,48,3,2,VOTE Agent[01]
1,talk,49,3,15,VOTE Agent[01]
1,talk,50,3,9,Skip
1,talk,51,3,13,VOTE Agent[04]
1,talk,52,3,11,Over
1,talk,53,3,6,Skip
1,talk,54,3,5,Skip
1,talk,55,3,14,Skip
1,talk,56,3,3,VOTE Agent[04]
1,talk,57,3,12,VOTE Agent[09]
1,talk,58,3,1,Skip
1,talk,59,3,8,Skip
1,talk,60,4,14,VOTE Agent[10]
1,talk,61,4,13,VOTE Agent[06]
1,talk,62,4,15,VOTE Agent[01]
1,talk,63,4,10,VOTE Agent[04]
1,talk,64,4,7,Over
1,talk,65,4,1,Skip
1,talk,66,4,8,VOTE Agent[04]
1,talk,67,4,9,VOTE Agent[04]
1,talk,68,4,11,Over
1,talk,69,4,6,VOTE Agent[04]
1,talk,70,4,5,Skip
1,talk,71,4,3,VOTE Agent[06]
1,talk,72,4,2,ESTIMATE Agent[09] VILLAGER
1,talk,73,4,12,VOTE Agent[02]
1,talk,74,4,4,Over
1,talk,75,5,4,Over
1,talk,76,5,3,VOTE Agent[04]
1,talk,77,5,9,Skip
1,talk,78,5,13,ESTIMATE Agent[12] WEREWOLF
1,talk,79,5,11,Over
1,talk,80,5,14,Skip
1,talk,81,5,2,VOTE Agent[06]
1,talk,82,5,1,Over
1,talk,83,5,6,Skip
1,talk,84,5,7,Over
1,talk,85,5,10,Skip
1,talk,86,5,12,Skip
1,talk,87,5,15,VOTE Agent[01]
1,talk,88,5,5,Over
1,talk,89,5,8,Skip
1,talk,90,6,10,Skip
1,talk,91,6,7,Over
1,talk,92,6,8,Skip
1,talk,93,6,15,VOTE Agent[01]
1,talk,94,6,3,Skip
1,talk,95,6,4,VOTE Agent[12]
1,talk,96,6,6,VOTE Agent[12]
1,talk,97,6,11,Over
1,talk,98,6,9,Skip
1,talk,99,6,2,Skip
1,talk,100,6,13,Skip
1,talk,101,6,12,Skip
1,talk,102,6,1,VOTE Agent[02]
1,talk,103,6,5,Over
1,talk,104,6,14,VOTE Agent[04]
1,talk,105,7,2,VOTE Agent[01]
1,talk,106,7,7,Over
1,talk,107,7,9,Over
1,talk,108,7,13,VOTE Agent[04]
1,talk,109,7,11,Over
1,talk,110,7,4,Skip
1,talk,111,7,8,Over
1,talk,112,7,14,VOTE Agent[10]
1,talk,113,7,6,VOTE Agent[04]
1,talk,114,7,1,VOTE Agent[04]
1,talk,115,7,12,Over
1,talk,116,7,3,Skip
1,talk,117,7,10,Over
1,talk,118,7,5,Over
1,talk,119,7,15,VOTE Agent[01]
1,talk,120,8,14,VOTE Agent[04]
1,talk,121,8,4,Skip
1,talk,122,8,1,Skip
1,talk,123,8,9,Over
1,talk,124,8,11,VOTE Agent[04]
1,talk,125,8,8,Over
1,talk,126,8,7,VOTE Agent[04]
1,talk,127,8,12,VOTE Agent[04]
1,talk,128,8,5,Over
1,talk,129,8,3,Over
1,talk,130,8,2,ESTIMATE Agent[15] WEREWOLF
1,talk,131,8,15,VOTE Agent[01]
1,talk,132,8,10,Over
1,talk,133,8,6,Skip
1,talk,134,8,13,Skip
1,talk,135,9,14,Skip
1,talk,136,9,8,Over
1,talk,137,9,7,Skip
1,talk,138,9,10,Over
1,talk,139,9,11,Skip
1,talk,140,9,4,Over
1,talk,141,9,6,Skip
1,talk,142,9,5,Over
1,talk,143,9,15,Over
1,talk,144,9,13,Over
1,talk,145,9,9,Over
1,talk,146,9,2,Over
1,talk,147,9,3,Over
1,talk,148,9,12,Skip
1,talk,149,9,1,Skip
1,talk,150,10,7,Skip
1,talk,151,10,6,Over
1,talk,152,10,12,Skip
1,talk,153,10,11,Skip
1,talk,154,10,5,Over
1,talk,155,10,14,Skip
1,talk,156,10,1,Over
1,talk,157,10,4,Over
1,talk,158,10,13,Over
1,talk,159,10,3,Over
1,talk,160,10,9,Over
1,talk,161,10,10,Over
1,talk,162,10,2,Over
1,talk,163,10,8,Over
1,talk,164,10,15,Over
1,talk,165,11,15,Over
1,talk,166,11,7,Over
1,talk,167,11,14,Over
1,talk,168,11,5,Over
1,talk,169,11,2,Over
1,talk,170,11,9,Over
1,talk,171,11,6,Over
1,talk,172,11,10,Over
1,talk,173,11,8,Over
1,talk,174,11,11,Over
1,talk,175,11,4,Over
1,talk,176,11,1,Over
1,talk,177,11,13,Over
1,talk,178,11,12,Over
1,talk,179,11,3,Over
1,vote,1,4
1,vote,2,1
1,vote,3,4
1,vote,4,12
1,vote,5,4
1,vote,6,4
1,vote,7,4
1,vote,8,4
1,vote,9,4
1,vote,10,4
1,vote,11,4
1,vote,12,4
1,vote,13,4
1,vote,14,4
1,vote,15,1
1,execute,4,BODYGUARD
1,divine,13,11,HUMAN
1,whisper,0,0,2,ATTACK Agent[05]
1,whisper,1,0,9,Skip
1,whisper,2,0,10,Skip
1,whisper,3,1,10,Skip
1,whisper,4,1,2,Over
1,whisper,5,1,9,Skip
1,whisper,6,2,2,Over
1,whisper,7,2,10,Over
1,whisper,8,2,9,Over
1,attackVote,2,5
1,attackVote,9,13
1,attackVote,10,13
1,attack,13,true
2,status,1,VILLAGER,ALIVE,hellowolf
2,status,2,WEREWOLF,ALIVE,wasabi
2,status,3,VILLAGER,ALIVE,hellowolf 2
2,status,4,BODYGUARD,DEAD,fanfan 1
2,status,5,VILLAGER,ALIVE,hellowolf 1
2,status,6,VILLAGER,ALIVE,fanfan 2
2,status,7,MEDIUM,ALIVE,tomato
2,status,8,VILLAGER,ALIVE,takeda 1
2,status,9,WEREWOLF,ALIVE,takeda 3
2,status,10,WEREWOLF,ALIVE,takeda 2
2,status,11,VILLAGER,ALIVE,tomato 1
2,status,12,VILLAGER,ALIVE,fanfan
2,status,13,SEER,DEAD,wasabi 1
2,status,14,VILLAGER,ALIVE,takeda
2,status,15,POSSESSED,ALIVE,HALUemon
2,talk,0,0,1,VOTE Agent[02]
2,talk,1,0,3,VOTE Agent[12]
2,talk,2,0,5,VOTE Agent[02]
2,talk,3,0,9,VOTE Agent[10]
2,talk,4,0,10,VOTE Agent[05]
2,talk,5,0,14,VOTE Agent[10]
2,talk,6,0,6,VOTE Agent[12]
2,talk,7,0,12,VOTE Agent[02]
2,talk,8,0,2,Skip
2,talk,9,0,8,VOTE Agent[10]
2,talk,10,0,11,VOTE Agent[15]
2,talk,11,0,15,DIVINED Agent[08] HUMAN
2,talk,12,0,7,IDENTIFIED Agent[04] HUMAN
2,talk,13,1,6,VOTE Agent[02]
2,talk,14,1,1,Skip
2,talk,15,1,10,Skip
2,talk,16,1,2,Skip
2,talk,17,1,5,Skip
2,talk,18,1,3,VOTE Agent[02]
2,talk,19,1,12,Skip
2,talk,20,1,7,VOTE Agent[02]
2,talk,21,1,8,Skip
2,talk,22,1,9,Skip
2,talk,23,1,15,VOTE Agent[01]
2,talk,24,1,14,Skip
2,talk,25,1,11,VOTE Agent[02]
2,talk,26,2,7,Skip
2,talk,27,2,14,VOTE Agent[02]
2,talk,28,2,5,Skip
2,talk,29,2,3,Skip
2,talk,30,2,15,VOTE Agent[01]
2,talk,31,2,12,Skip
2,talk,32,2,1,Skip
2,talk,33,2,9,VOTE Agent[02]
2,talk,34,2,2,ESTIMATE Agent[09] WEREWOLF
2,talk,35,2,11,Skip
2,talk,36,2,8,VOTE Agent[02]
2,talk,37,2,10,VOTE Agent[02]
2,talk,38,2,6,Skip
2,talk,39,3,2,VOTE Agent[01]
2,talk,40,3,5,Over
2,talk,41,3,15,VOTE Agent[01]
2,talk,42,3,6,Skip
2,talk,43,3,12,Over
2,talk,44,3,3,Skip
2,talk,45,3,14,Skip
2,talk,46,3,8,Skip
2,talk,47,3,9,Skip
2,talk,48,3,10,Skip
2,talk,49,3,1,Over
2,talk,50,3,7,Skip
2,talk,51,3,11,Skip
2,talk,52,4,6,Over
2,talk,53,4,1,Over
2,talk,54,4,10,Skip
2,talk,55,4,5,Over
2,talk,56,4,15,VOTE Agent[01]
2,talk,57,4,14,Skip
2,talk,58,4,11,Over
2,talk,59,4,3,Over
2,talk,60,4,9,Skip
2,talk,61,4,12,Over
2,talk,62,4,8,Skip
2,talk,63,4,7,Over
2,talk,64,4,2,VOTE Agent[06]
2,talk,65,5,7,Over
2,talk,66,5,1,Over
2,talk,67,5,5,Over
2,talk,68,5,14,Over
2,talk,69,5,12,Over
2,talk,70,5,9,Over
2,talk,71,5,15,VOTE Agent[01]
2,talk,72,5,11,Over
2,talk,73,5,10,Over
2,talk,74,5,2,Skip
2,talk,75,5,6,Over
2,talk,76,5,8,Over
2,talk,77,5,3,Over
2,talk,78,6,3,Over
2,talk,79,6,2,ESTIMATE Agent[15] WEREWOLF
2,talk,80,6,14,Over
2,talk,81,6,9,Over
2,talk,82,6,11,Over
2,talk,83,6,1,Over
2,talk,84,6,5,Over
2,talk,85,6,6,Over
2,talk,86,6,15,VOTE Agent[01]
2,talk,87,6,12,Over
2,talk,88,6,7,Over
2,talk,89,6,8,Over
2,talk,90,6,10,Over
2,talk,91,7,3,Over
2,talk,92,7,5,Over
2,talk,93,7,8,Over
2,talk,94,7,12,Over
2,talk,95,7,6,Over
2,talk,96,7,14,Over
2,talk,97,7,1,Over
2,talk,98,7,11,Over
2,talk,99,7,10,Over
2,talk,100,7,9,Over
2,talk,101,7,7,Over
2,talk,102,7,2,VOTE Agent[01]
2,talk,103,7,15,VOTE Agent[01]
2,talk,104,8,2,VOTE Agent[11]
2,talk,105,8,15,VOTE Agent[01]
2,talk,106,8,6,Over
2,talk,107,8,10,Over
2,talk,108,8,1,Over
2,talk,109,8,12,Over
2,talk,110,8,3,Over
2,talk,111,8,7,Over
2,talk,112,8,8,Over
2,talk,113,8,9,Over
2,talk,114,8,14,Over
2,talk,115,8,5,Over
2,talk,116,8,11,Over
2,talk,117,9,12,Over
2,talk,118,9,3,Over
2,talk,119,9,6,Over
2,talk,120,9,1,Over
2,talk,121,9,2,Over
2,talk,122,9,11,VOTE Agent[01]
2,talk,123,9,14,Over
2,talk,124,9,7,VOTE Agent[01]
2,talk,125,9,15,Over
2,talk,126,9,10,Over
2,talk,127,9,8,Over
2,talk,128,9,5,Over
2,talk,129,9,9,Over
2,talk,130,10,9,Over
2,talk,131,10,7,Skip
2,talk,132,10,12,Over
2,talk,133,10,3,Over
2,talk,134,10,14,Over
2,talk,135,10,5,Over
2,talk,136,10,2,Over
2,talk,137,10,11,Skip
2,talk,138,10,6,Over
2,talk,139,10,8,Over
2,talk,140,10,1,Over
2,talk,141,10,10,Over
2,talk,142,10,15,Over
2,talk,143,11,15,Over
2,talk,144,11,6,Over
2,talk,145,11,14,Over
2,talk,146,11,8,Over
2,talk,147,11,7,Skip
2,talk,148,11,1,Over
2,talk,149,11,5,Over
2,talk,150,11,11,Skip
2,talk,151,11,9,Over
2,talk,152,11,3,Over
2,talk,153,11,12,Over
2,talk,154,11,2,Over
2,talk,155,11,10,Over
2,talk,156,12,5,Over
2,talk,157,12,7,Over
2,talk,158,12,12,Over
2,talk,159,12,10,Over
2,talk,160,12,8,Over
2,talk,161,12,14,Over
2,talk,162,12,2,Over
2,talk,163,12,1,Over
2,talk,164,12,9,Over
2,talk,165,12,6,Over
2,talk,166,12,15,Over
2,talk,167,12,3,Over
2,talk,168,12,11,Over
2,vote,1,2
2,vote,2,11
2,vote,3,2
2,vote,5,2
2,vote,6,2
2,vote,7,1
2,vote,8,2
2,vote,9,2
2,vote,10,2
2,vote,11,1
2,vote,12,2
2,vote,14,2
2,vote,15,1
2,execute,2,WEREWOLF
2,whisper,0,0,10,Skip
2,whisper,1,0,9,Skip
2,whisper,2,1,10,Skip
2,whisper,3,1,9,Skip
2,whisper,4,2,9,Over
2,whisper,5,2,10,Over
2,attackVote,9,6
2,attackVote,10,6
2,attack,6,true
3,status,1,VILLAGER,ALIVE,hellowolf
3,status,2,WEREWOLF,DEAD,wasabi
3,status,3,VILLAGER,ALIVE,hellowolf 2
3,status,4,BODYGUARD,DEAD,fanfan 1
3,status,5,VILLAGER,ALIVE,hellowolf 1
3,status,6,VILLAGER,DEAD,fanfan 2
3,status,7,MEDIUM,ALIVE,tomato
3,status,8,VILLAGER,ALIVE,takeda 1
3,status,9,WEREWOLF,ALIVE,takeda 3
3,status,10,WEREWOLF,ALIVE,takeda 2
3,status,11,VILLAGER,ALIVE,tomato 1
3,status,12,VILLAGER,ALIVE,fanfan
3,status,13,SEER,DEAD,wasabi 1
3,status,14,VILLAGER,ALIVE,takeda
3,status,15,POSSESSED,ALIVE,HALUemon
3,talk,0,0,1,VOTE Agent[10]
3,talk,1,0,3,VOTE Agent[01]
3,talk,2,0,8,VOTE Agent[10]
3,talk,3,0,7,IDENTIFIED Agent[02] WEREWOLF
3,talk,4,0,12,VOTE Agent[09]
3,talk,5,0,15,DIVINED Agent[07] HUMAN
3,talk,6,0,11,VOTE Agent[05]
3,talk,7,0,9,VOTE Agent[10]
3,talk,8,0,10,VOTE Agent[12]
3,talk,9,0,5,VOTE Agent[01]
3,talk,10,0,14,VOTE Agent[10]
3,talk,11,1,5,VOTE Agent[10]
3,talk,12,1,14,Skip
3,talk,13,1,15,VOTE Agent[01]
3,talk,14,1,10,Skip
3,talk,15,1,11,VOTE Agent[10]
3,talk,16,1,3,VOTE Agent[10]
3,talk,17,1,1,Skip
3,talk,18,1,7,VOTE Agent[10]
3,talk,19,1,8,Skip
3,talk,20,1,12,VOTE Agent[10]
3,talk,21,1,9,Skip
3,talk,22,2,15,VOTE Agent[01]
3,talk,23,2,7,Skip
3,talk,24,2,3,Skip
3,talk,25,2,8,Skip
3,talk,26,2,11,Skip
3,talk,27,2,9,Skip
3,talk,28,2,12,Skip
3,talk,29,2,10,VOTE Agent[03]
3,talk,30,2,5,Skip
3,talk,31,2,1,Skip
3,talk,32,2,14,Skip
3,talk,33,3,9,Over
3,talk,34,3,5,Skip
3,talk,35,3,7,Skip
3,talk,36,3,1,Over
3,talk,37,3,10,VOTE Agent[03]
3,talk,38,3,14,Over
3,talk,39,3,11,Skip
3,talk,40,3,15,VOTE Agent[01]
3,talk,41,3,3,Skip
3,talk,42,3,8,Over
3,talk,43,3,12,Skip
3,talk,44,4,1,Over
3,talk,45,4,3,Over
3,talk,46,4,10,VOTE Agent[03]
3,talk,47,4,7,Over
3,talk,48,4,12,Over
3,talk,49,4,8,Over
3,talk,50,4,15,VOTE Agent[01]
3,talk,51,4,14,Over
3,talk,52,4,11,Over
3,talk,53,4,9,Over
3,talk,54,4,5,Over
3,talk,55,5,10,VOTE Agent[03]
3,talk,56,5,7,Over
3,talk,57,5,15,VOTE Agent[01]
3,talk,58,5,14,Over
3,talk,59,5,8,Over
3,talk,60,5,5,Over
3,talk,61,5,11,Over
3,talk,62,5,1,Over
3,talk,63,5,9,Over
3,talk,64,5,3,Over
3,talk,65,5,12,Over
3,talk,66,6,1,Over
3,talk,67,6,11,Over
3,talk,68,6,8,Over
3,talk,69,6,10,VOTE Agent[03]
3,talk,70,6,3,Over
3,talk,71,6,5,Over
3,talk,72,6,15,VOTE Agent[01]
3,talk,73,6,14,Over
3,talk,74,6,7,Over
3,talk,75,6,12,Over
3,talk,76,6,9,Over
3,talk,77,7,11,VOTE Agent[01]
3,talk,78,7,14,Over
3,talk,79,7,9,Over
3,talk,80,7,7,VOTE Agent[01]
3,talk,81,7,15,VOTE Agent[01]
3,talk,82,7,12,Over
3,talk,83,7,8,Over
3,talk,84,7,5,Over
3,talk,85,7,3,Over
3,talk,86,7,1,Over
3,talk,87,7,10,VOTE Agent[03]
3,talk,88,8,14,Over
3,talk,89,8,3,Over
3,talk,90,8,11,Skip
3,talk,91,8,1,Over
3,talk,92,8,8,Over
3,talk,93,8,12,Over
3,talk,94,8,15,VOTE Agent[01]
3,talk,95,8,9,Over
3,talk,96,8,10,VOTE Agent[03]
3,talk,97,8,7,Skip
3,talk,98,8,5,Over
3,talk,99,9,11,Skip
3,talk,100,9,12,Over
3,talk,101,9,15,Over
3,talk,102,9,14,Over
3,talk,103,9,5,Over
3,talk,104,9,1,Over
3,talk,105,9,10,VOTE Agent[03]
3,talk,106,9,7,Skip
3,talk,107,9,8,Over
3,talk,108,9,3,Over
3,talk,109,9,9,Over
3,talk,110,10,15,Over
3,talk,111,10,3,Over
3,talk,112,10,8,Over
3,talk,113,10,12,Over
3,talk,114,10,14,Over
3,talk,115,10,1,Over
3,talk,116,10,10,VOTE Agent[03]
3,talk,117,10,5,Over
3,talk,118,10,11,Over
3,talk,119,10,9,Over
3,talk,120,10,7,Over
3,talk,121,11,15,Over
3,talk,122,11,5,Over
3,talk,123,11,1,Over
3,talk,124,11,10,Over
3,talk,125,11,8,Over
3,talk,126,11,12,Over
3,talk,127,11,7,Over
3,talk,128,11,11,Over
3,talk,129,11,9,Over
3,talk,130,11,3,Over
3,talk,131,11,14,Over
3,vote,1,10
3,vote,3,10
3,vote,5,10
3,vote,7,1
3,vote,8,10
3,vote,9,10
3,vote,10,9
3,vote,11,1
3,vote,12,10
3,vote,14,10
3,vote,15,1
3,execute,10,WEREWOLF
3,attackVote,9,3
3,attack,3,true
4,status,1,VILLAGER,ALIVE,hellowolf
4,status,2,WEREWOLF,DEAD,wasabi
4,status,3,VILLAGER,DEAD,hellowolf 2
4,status,4,BODYGUARD,DEAD,fanfan 1
4,status,5,VILLAGER,ALIVE,hellowolf 1
4,status,6,VILLAGER,DEAD,fanfan 2
4,status,7,MEDIUM,ALIVE,tomato
4,status,8,VILLAGER,ALIVE,takeda 1
4,status,9,WEREWOLF,ALIVE,takeda 3
4,status,10,WEREWOLF,DEAD,takeda 2
4,status,11,VILLAGER,ALIVE,tomato 1
4,status,12,VILLAGER,ALIVE,fanfan
4,status,13,SEER,DEAD,wasabi 1
4,status,14,VILLAGER,ALIVE,takeda
4,status,15,POSSESSED,ALIVE,HALUemon
4,talk,0,0,1,VOTE Agent[09]
4,talk,1,0,14,VOTE Agent[09]
4,talk,2,0,15,DIVINED Agent[09] HUMAN
4,talk,3,0,9,VOTE Agent[12]
4,talk,4,0,7,IDENTIFIED Agent[10] WEREWOLF
4,talk,5,0,11,VOTE Agent[05]
4,talk,6,0,5,VOTE Agent[09]
4,talk,7,0,8,VOTE Agent[09]
4,talk,8,0,12,VOTE Agent[09]
4,talk,9,1,8,Skip
4,talk,10,1,5,VOTE Agent[08]
4,talk,11,1,12,VOTE Agent[14]
4,talk,12,1,7,VOTE Agent[09]
4,talk,13,1,11,VOTE Agent[09]
4,talk,14,1,14,Skip
4,talk,15,1,1,Skip
4,talk,16,1,15,VOTE Agent[01]
4,talk,17,1,9,VOTE Agent[12]
4,talk,18,2,8,Skip
4,talk,19,2,11,Skip
4,talk,20,2,7,Skip
4,talk,21,2,14,Skip
4,talk,22,2,5,Skip
4,talk,23,2,1,Skip
4,talk,24,2,12,Skip
4,talk,25,2,15,VOTE Agent[01]
4,talk,26,2,9,VOTE Agent[05]
4,talk,27,3,5,Skip
4,talk,28,3,11,Skip
4,talk,29,3,8,Over
4,talk,30,3,7,Skip
4,talk,31,3,1,Over
4,talk,32,3,14,Over
4,talk,33,3,12,Skip
4,talk,34,3,9,VOTE Agent[05]
4,talk,35,3,15,VOTE Agent[01]
4,talk,36,4,1,Over
4,talk,37,4,11,Over
4,talk,38,4,5,Over
4,talk,39,4,9,VOTE Agent[05]
4,talk,40,4,15,VOTE Agent[01]
4,talk,41,4,14,Over
4,talk,42,4,7,Over
4,talk,43,4,12,Over
4,talk,44,4,8,Over
4,talk,45,5,15,VOTE Agent[01]
4,talk,46,5,11,Over
4,talk,47,5,8,Over
4,talk,48,5,1,Over
4,talk,49,5,14,Over
4,talk,50,5,12,Over
4,talk,51,5,7,Over
4,talk,52,5,9,VOTE Agent[05]
4,talk,53,5,5,Over
4,talk,54,6,11,Over
4,talk,55,6,15,VOTE Agent[01]
4,talk,56,6,8,Over
4,talk,57,6,12,Over
4,talk,58,6,7,Over
4,talk,59,6,9,VOTE Agent[05]
4,talk,60,6,5,Over
4,talk,61,6,1,Over
4,talk,62,6,14,Over
4,talk,63,7,14,Over
4,talk,64,7,9,VOTE Agent[05]
4,talk,65,7,7,VOTE Agent[01]
4,talk,66,7,15,VOTE Agent[01]
4,talk,67,7,12,Over
4,talk,68,7,8,Over
4,talk,69,7,1,Over
4,talk,70,7,11,VOTE Agent[01]
4,talk,71,7,5,Over
4,talk,72,8,1,Over
4,talk,73,8,8,Over
4,talk,74,8,9,Skip
4,talk,75,8,14,Over
4,talk,76,8,12,VOTE Agent[01]
4,talk,77,8,7,Skip
4,talk,78,8,15,VOTE Agent[01]
4,talk,79,8,5,Over
4,talk,80,8,11,Skip
4,talk,81,9,1,Over
4,talk,82,9,11,Skip
4,talk,83,9,7,Skip
4,talk,84,9,5,Over
4,talk,85,9,8,Over
4,talk,86,9,9,Skip
4,talk,87,9,14,Over
4,talk,88,9,12,Skip
4,talk,89,9,15,Over
4,talk,90,10,7,Over
4,talk,91,10,11,Over
4,talk,92,10,9,Over
4,talk,93,10,8,Over
4,talk,94,10,1,Over
4,talk,95,10,5,Over
4,talk,96,10,14,Over
4,talk,97,10,12,Skip
4,talk,98,10,15,Over
4,talk,99,11,15,Over
4,talk,100,11,1,Over
4,talk,101,11,9,Over
4,talk,102,11,7,Over
4,talk,103,11,12,Over
4,talk,104,11,14,Over
4,talk,105,11,11,Over
4,talk,106,11,8,Over
4,talk,107,11,5,Over
4,vote,1,9
4,vote,5,8
4,vote,7,1
4,vote,8,9
4,vote,9,5
4,vote,11,1
4,vote,12,1
4,vote,14,9
4,vote,15,1
4,execute,1,VILLAGER
4,attackVote,9,8
4,attack,8,true
5,status,1,VILLAGER,DEAD,hellowolf
5,status,2,WEREWOLF,DEAD,wasabi
5,status,3,VILLAGER,DEAD,hellowolf 2
5,status,4,BODYGUARD,DEAD,fanfan 1
5,status,5,VILLAGER,ALIVE,hellowolf 1
5,status,6,VILLAGER,DEAD,fanfan 2
5,status,7,MEDIUM,ALIVE,tomato
5,status,8,VILLAGER,DEAD,takeda 1
5,status,9,WEREWOLF,ALIVE,takeda 3
5,status,10,WEREWOLF,DEAD,takeda 2
5,status,11,VILLAGER,ALIVE,tomato 1
5,status,12,VILLAGER,ALIVE,fanfan
5,status,13,SEER,DEAD,wasabi 1
5,status,14,VILLAGER,ALIVE,takeda
5,status,15,POSSESSED,ALIVE,HALUemon
5,talk,0,0,5,VOTE Agent[12]
5,talk,1,0,9,VOTE Agent[05]
5,talk,2,0,12,VOTE Agent[14]
5,talk,3,0,14,VOTE Agent[09]
5,talk,4,0,15,COMINGOUT Agent[15] POSSESSED
5,talk,5,0,11,VOTE Agent[12]
5,talk,6,0,7,IDENTIFIED Agent[01] HUMAN
5,talk,7,1,9,VOTE Agent[12]
5,talk,8,1,11,VOTE Agent[05]
5,talk,9,1,7,VOTE Agent[12]
5,talk,10,1,14,Skip
5,talk,11,1,12,VOTE Agent[09]
5,talk,12,1,5,VOTE Agent[09]
5,talk,13,1,15,VOTE Agent[12]
5,talk,14,2,9,Skip
5,talk,15,2,11,VOTE Agent[12]
5,talk,16,2,5,Skip
5,talk,17,2,7,Skip
5,talk,18,2,14,Skip
5,talk,19,2,15,VOTE Agent[09]
5,talk,20,2,12,Skip
5,talk,21,3,7,Skip
5,talk,22,3,12,Skip
5,talk,23,3,5,Skip
5,talk,24,3,14,Over
5,talk,25,3,9,VOTE Agent[12]
5,talk,26,3,11,VOTE Agent[09]
5,talk,27,3,15,VOTE Agent[09]
5,talk,28,4,5,Over
5,talk,29,4,15,VOTE Agent[09]
5,talk,30,4,11,Skip
5,talk,31,4,12,Over
5,talk,32,4,7,VOTE Agent[09]
5,talk,33,4,9,VOTE Agent[12]
5,talk,34,4,14,Over
5,talk,35,5,5,Over
5,talk,36,5,7,Skip
5,talk,37,5,15,VOTE Agent[09]
5,talk,38,5,11,Skip
5,talk,39,5,9,VOTE Agent[12]
5,talk,40,5,14,Over
5,talk,41,5,12,Over
5,talk,42,6,15,VOTE Agent[09]
5,talk,43,6,9,VOTE Agent[12]
5,talk,44,6,7,Skip
5,talk,45,6,11,Over
5,talk,46,6,14,Over
5,talk,47,6,12,Over
5,talk,48,6,5,Over
5,talk,49,7,14,Over
5,talk,50,7,11,Over
5,talk,51,7,12,Over
5,talk,52,7,15,VOTE Agent[09]
5,talk,53,7,5,Over
5,talk,54,7,7,Over
5,talk,55,7,9,VOTE Agent[12]
5,talk,56,8,15,VOTE Agent[09]
5,talk,57,8,11,Over
5,talk,58,8,14,Over
5,talk,59,8,12,Over
5,talk,60,8,9,VOTE Agent[12]
5,talk,61,8,7,Over
5,talk,62,8,5,Over
5,talk,63,9,11,Over
5,talk,64,9,5,Over
5,talk,65,9,15,VOTE Agent[09]
5,talk,66,9,12,Over
5,talk,67,9,9,VOTE Agent[12]
5,talk,68,9,7,Over
5,talk,69,9,14,Over
5,talk,70,10,11,Over
5,talk,71,10,5,Over
5,talk,72,10,14,Over
5,talk,73,10,9,VOTE Agent[12]
5,talk,74,10,12,Over
5,talk,75,10,7,Over
5,talk,76,10,15,Over
5,talk,77,11,15,Over
5,talk,78,11,14,Over
5,talk,79,11,7,VOTE Agent[12]
5,talk,80,11,11,Over
5,talk,81,11,9,Over
5,talk,82,11,12,Over
5,talk,83,11,5,Over
5,talk,84,12,9,Over
5,talk,85,12,5,Over
5,talk,86,12,12,Over
5,talk,87,12,11,VOTE Agent[12]
5,talk,88,12,15,Over
5,talk,89,12,14,Over
5,talk,90,12,7,Skip
5,talk,91,13,12,Over
5,talk,92,13,15,Over
5,talk,93,13,9,Over
5,talk,94,13,5,Over
5,talk,95,13,7,Skip
5,talk,96,13,14,Over
5,talk,97,13,11,Skip
5,talk,98,14,15,Over
5,talk,99,14,14,Over
5,talk,100,14,9,Over
5,talk,101,14,12,Over
5,talk,102,14,7,Over
5,talk,103,14,5,Over
5,talk,104,14,11,Skip
5,talk,105,15,9,Over
5,talk,106,15,14,Over
5,talk,107,15,15,Over
5,talk,108,15,12,Over
5,talk,109,15,7,Over
5,talk,110,15,5,Over
5,talk,111,15,11,Over
5,vote,5,9
5,vote,7,12
5,vote,9,12
5,vote,11,12
5,vote,12,9
5,vote,14,9
5,vote,15,9
5,execute,9,WEREWOLF
6,status,1,VILLAGER,DEAD,hellowolf
6,status,2,WEREWOLF,DEAD,wasabi
6,status,3,VILLAGER,DEAD,hellowolf 2
6,status,4,BODYGUARD,DEAD,fanfan 1
6,status,5,VILLAGER,ALIVE,hellowolf 1
6,status,6,VILLAGER,DEAD,fanfan 2
6,status,7,MEDIUM,ALIVE,tomato
6,status,8,VILLAGER,DEAD,takeda 1
6,status,9,WEREWOLF,DEAD,takeda 3
6,status,10,WEREWOLF,DEAD,takeda 2
6,status,11,VILLAGER,ALIVE,tomato 1
6,status,12,VILLAGER,ALIVE,fanfan
6,status,13,SEER,DEAD,wasabi 1
6,status,14,VILLAGER,ALIVE,takeda
6,status,15,POSSESSED,ALIVE,HALUemon
6,result,6,0,VILLAGER
