0,status,1,WEREWOLF,ALIVE,hellowolf
0,status,2,WEREWOLF,ALIVE,wasabi
0,status,3,VILLAGER,ALIVE,hellowolf 2
0,status,4,BODYGUARD,ALIVE,fanfan 1
0,status,5,VILLAGER,ALIVE,hellowolf 1
0,status,6,VILLAGER,ALIVE,fanfan 2
0,status,7,VILLAGER,ALIVE,tomato
0,status,8,POSSESSED,ALIVE,takeda 1
0,status,9,VILLAGER,ALIVE,takeda 3
0,status,10,WEREWOLF,ALIVE,takeda 2
0,status,11,VILLAGER,ALIVE,tomato 1
0,status,12,MEDIUM,ALIVE,fanfan
0,status,13,SEER,ALIVE,wasabi 1
0,status,14,VILLAGER,ALIVE,takeda
0,status,15,VILLAGER,ALIVE,HALUemon
0,whisper,0,0,1,COMINGOUT Agent[01] VILLAGER
0,whisper,1,0,10,Skip
0,whisper,2,0,2,ATTACK Agent[08]
0,whisper,3,1,1,Skip
0,whisper,4,1,10,Skip
0,whisper,5,1,2,Over
0,whisper,6,2,1,Skip
0,whisper,7,2,10,Over
0,whisper,8,2,2,REQUEST ANY (ATTACK Agent[08])
0,whisper,9,3,10,Over
0,whisper,10,3,2,Over
0,whisper,11,3,1,Over
0,divine,13,5,HUMAN
1,status,1,WEREWOLF,ALIVE,hellowolf
1,status,2,WEREWOLF,ALIVE,wasabi
1,status,3,VILLAGER,ALIVE,hellowolf 2
1,status,4,BODYGUARD,ALIVE,fanfan 1
1,status,5,VILLAGER,ALIVE,hellowolf 1
1,status,6,VILLAGER,ALIVE,fanfan 2
1,status,7,VILLAGER,ALIVE,tomato
1,status,8,POSSESSED,ALIVE,takeda 1
1,status,9,VILLAGER,ALIVE,takeda 3
1,status,10,WEREWOLF,ALIVE,takeda 2
1,status,11,VILLAGER,ALIVE,tomato 1
1,status,12,MEDIUM,ALIVE,fanfan
1,status,13,SEER,ALIVE,wasabi 1
1,status,14,VILLAGER,ALIVE,takeda
1,status,15,VILLAGER,ALIVE,HALUemon
1,talk,0,0,8,COMINGOUT Agent[08] SEER
1,talk,1,0,7,VOTE Agent[03]
1,talk,2,0,3,VOTE Agent[06]
1,talk,3,0,9,VOTE Agent[01]
1,talk,4,0,2,ESTIMATE Agent[05] WEREWOLF
1,talk,5,0,12,COMINGOUT Agent[12] MEDIUM
1,talk,6,0,4,VOTE Agent[06]
1,talk,7,0,6,VOTE Agent[03]
1,talk,8,0,14,VOTE Agent[03]
1,talk,9,0,15,VOTE Agent[02]
1,talk,10,0,5,VOTE Agent[06]
1,talk,11,0,11,VOTE Agent[07]
1,talk,12,0,1,VOTE Agent[06]
1,talk,13,0,10,Skip
1,talk,14,0,13,COMINGOUT Agent[13] SEER
1,talk,15,1,8,DIVINED Agent[03] WEREWOLF
1,talk,16,1,12,VOTE Agent[02]
1,talk,17,1,5,VOTE Agent[10]
1,talk,18,1,15,VOTE Agent[03]
1,talk,19,1,1,Skip
1,talk,20,1,14,Skip
1,talk,21,1,6,VOTE Agent[04]
1,talk,22,1,9,VOTE Agent[03]
1,talk,23,1,10,VOTE Agent[09]
1,talk,24,1,2,Skip
1,talk,25,1,4,VOTE Agent[02]
1,talk,26,1,3,VOTE Agent[10]
1,talk,27,1,7,VOTE Agent[06]
1,talk,28,1,11,VOTE Agent[06]
1,talk,29,1,13,DIVINED Agent[05] HUMAN
1,talk,30,2,12,VOTE Agent[03]
1,talk,31,2,14,VOTE Agent[10]
1,talk,32,2,7,Skip
1,talk,33,2,15,VOTE Agent[03]
1,talk,34,2,10,Skip
1,talk,35,2,8,VOTE Agent[03]
1,talk,36,2,9,VOTE Agent[10]
1,talk,37,2,4,VOTE Agent[03]
1,talk,38,2,5,VOTE Agent[02]
1,talk,39,2,1,VOTE Agent[03]
1,talk,40,2,6,VOTE Agent[03]
1,talk,41,2,3,VOTE Agent[02]
1,talk,42,2,13,ESTIMATE Agent[07] WEREWOLF
1,talk,43,2,2,ESTIMATE Agent[12] MEDIUM
1,talk,44,2,11,VOTE Agent[03]
1,talk,45,3,4,Skip
1,talk,46,3,12,Skip
1,talk,47,3,8,Skip
1,talk,48,3,11,Skip
1,talk,49,3,7,VOTE Agent[03]
1,talk,50,3,9,Skip
1,talk,51,3,2,VOTE Agent[03]
1,talk,52,3,10,VOTE Agent[01]
1,talk,53,3,5,VOTE Agent[01]
1,talk,54,3,13,VOTE Agent[03]
1,talk,55,3,6,Skip
1,talk,56,3,3,VOTE Agent[10]
1,talk,57,3,14,Skip
1,talk,58,3,1,Skip
1,talk,59,3,15,VOTE Agent[03]
1,talk,60,4,1,Skip
1,talk,61,4,8,Skip
1,talk,62,4,10,VOTE Agent[03]
1,talk,63,4,11,Skip
1,talk,64,4,12,Skip
1,talk,65,4,15,VOTE Agent[03]
1,talk,66,4,14,VOTE Agent[03]
1,talk,67,4,9,VOTE Agent[03]
1,talk,68,4,13,ESTIMATE Agent[05] VILLAGER
1,talk,69,4,7,Skip
1,talk,70,4,2,ESTIMATE Agent[03] WEREWOLF
1,talk,71,4,4,Skip
1,talk,72,4,3,Skip
1,talk,73,4,6,Skip
1,talk,74,4,5,VOTE Agent[10]
1,talk,75,5,8,Over
1,talk,76,5,13,ESTIMATE Agent[15] WEREWOLF
1,talk,77,5,11,Over
1,talk,78,5,12,Over
1,talk,79,5,7,Skip
1,talk,80,5,14,Skip
1,talk,81,5,10,Skip
1,talk,82,5,3,Skip
1,talk,83,5,6,Over
1,talk,84,5,9,Skip
1,talk,85,5,4,Over
1,talk,86,5,2,ESTIMATE Agent[11] VILLAGER
1,talk,87,5,1,Over
1,talk,88,5,5,Skip
1,talk,89,5,15,VOTE Agent[03]
1,talk,90,6,3,Over
1,talk,91,6,6,Over
1,talk,92,6,15,VOTE Agent[03]
1,talk,93,6,1,Over
1,talk,94,6,7,Over
1,talk,95,6,9,Skip
1,talk,96,6,13,ESTIMATE Agent[06] WEREWOLF
1,talk,97,6,5,Skip
1,talk,98,6,2,Skip
1,talk,99,6,12,Over
1,talk,100,6,8,Over
1,talk,101,6,11,Over
1,talk,102,6,4,Over
1,talk,103,6,10,Skip
1,talk,104,6,14,Skip
1,talk,105,7,14,Over
1,talk,106,7,8,Over
1,talk,107,7,2,ESTIMATE Agent[05] VILLAGER
1,talk,108,7,1,Over
1,talk,109,7,12,Over
1,talk,110,7,9,Over
1,talk,111,7,11,Over
1,talk,112,7,13,Skip
1,talk,113,7,7,Over
1,talk,114,7,4,Over
1,talk,115,7,15,VOTE Agent[03]
1,talk,116,7,6,Over
1,talk,117,7,3,Over
1,talk,118,7,10,Over
1,talk,119,7,5,Over
1,talk,120,8,10,Over
1,talk,121,8,1,Over
1,talk,122,8,15,VOTE Agent[03]
1,talk,123,8,13,Skip
1,talk,124,8,4,Over
1,talk,125,8,7,Over
1,talk,126,8,11,Over
1,talk,127,8,5,Over
1,talk,128,8,9,Over
1,talk,129,8,8,Over
1,talk,130,8,14,Over
1,talk,131,8,3,Over
1,talk,132,8,12,Over
1,talk,133,8,2,ESTIMATE Agent[12] MEDIUM
1,talk,134,8,6,Over
1,talk,135,9,15,Over
1,talk,136,9,7,Over
1,talk,137,9,9,Over
1,talk,138,9,4,Over
1,talk,139,9,13,Over
1,talk,140,9,5,Over
1,talk,141,9,14,Over
1,talk,142,9,1,Over
1,talk,143,9,8,Over
1,talk,144,9,2,Over
1,talk,145,9,11,Over
1,talk,146,9,6,Over
1,talk,147,9,3,Over
1,talk,148,9,12,Over
1,talk,149,9,10,Over
1,vote,1,3
1,vote,2,3
1,vote,3,10
1,vote,4,3
1,vote,5,10
1,vote,6,3
1,vote,7,3
1,vote,8,3
1,vote,9,3
1,vote,10,3
1,vote,11,3
1,vote,12,3
1,vote,13,3
1,vote,14,3
1,vote,15,3
1,execute,3,VILLAGER
1,divine,13,4,HUMAN
1,whisper,0,0,10,Skip
1,whisper,1,0,1,ESTIMATE Agent[08] POSSESSED
1,whisper,2,0,2,ATTACK Agent[05]
1,whisper,3,1,10,Skip
1,whisper,4,1,2,ATTACK Agent[13]
1,whisper,5,1,1,ATTACK Agent[09]
1,whisper,6,2,2,ESTIMATE Agent[08] POSSESSED
1,whisper,7,2,1,Skip
1,whisper,8,2,10,Over
1,whisper,9,3,10,Over
1,whisper,10,3,2,ESTIMATE Agent[08] POSSESSED
1,whisper,11,3,1,Skip
1,whisper,12,4,1,Over
1,whisper,13,4,10,Over
1,whisper,14,4,2,Over
1,guard,4,13,SEER
1,attackVote,1,9
1,attackVote,2,13
1,attackVote,10,6
1,attackVote,1,9
1,attackVote,2,13
1,attackVote,10,6
1,attack,6,true
2,status,1,WEREWOLF,ALIVE,hellowolf
2,status,2,WEREWOLF,ALIVE,wasabi
2,status,3,VILLAGER,DEAD,hellowolf 2
2,status,4,BODYGUARD,ALIVE,fanfan 1
2,status,5,VILLAGER,ALIVE,hellowolf 1
2,status,6,VILLAGER,DEAD,fanfan 2
2,status,7,VILLAGER,ALIVE,tomato
2,status,8,POSSESSED,ALIVE,takeda 1
2,status,9,VILLAGER,ALIVE,takeda 3
2,status,10,WEREWOLF,ALIVE,takeda 2
2,status,11,VILLAGER,ALIVE,tomato 1
2,status,12,MEDIUM,ALIVE,fanfan
2,status,13,SEER,ALIVE,wasabi 1
2,status,14,VILLAGER,ALIVE,takeda
2,status,15,VILLAGER,ALIVE,HALUemon
2,talk,0,0,4,VOTE Agent[09]
2,talk,1,0,12,IDENTIFIED Agent[03] HUMAN
2,talk,2,0,2,ESTIMATE Agent[13] WEREWOLF
2,talk,3,0,1,VOTE Agent[10]
2,talk,4,0,10,VOTE Agent[01]
2,talk,5,0,7,VOTE Agent[01]
2,talk,6,0,13,DIVINED Agent[04] HUMAN
2,talk,7,0,14,VOTE Agent[10]
2,talk,8,0,8,DIVINED Agent[10] HUMAN
2,talk,9,0,11,VOTE Agent[13]
2,talk,10,0,5,VOTE Agent[10]
2,talk,11,0,15,VOTE Agent[02]
2,talk,12,0,9,VOTE Agent[10]
2,talk,13,1,8,VOTE Agent[01]
2,talk,14,1,12,VOTE Agent[09]
2,talk,15,1,7,VOTE Agent[10]
2,talk,16,1,10,VOTE Agent[09]
2,talk,17,1,1,VOTE Agent[09]
2,talk,18,1,13,ESTIMATE Agent[12] MEDIUM
2,talk,19,1,4,VOTE Agent[10]
2,talk,20,1,15,VOTE Agent[01]
2,talk,21,1,11,VOTE Agent[10]
2,talk,22,1,5,Skip
2,talk,23,1,9,Skip
2,talk,24,1,14,Skip
2,talk,25,1,2,Skip
2,talk,26,2,4,Skip
2,talk,27,2,2,ESTIMATE Agent[12] MEDIUM
2,talk,28,2,10,Skip
2,talk,29,2,8,Skip
2,talk,30,2,14,Skip
2,talk,31,2,13,ESTIMATE Agent[08] WEREWOLF
2,talk,32,2,15,VOTE Agent[09]
2,talk,33,2,1,Skip
2,talk,34,2,9,Skip
2,talk,35,2,12,VOTE Agent[10]
2,talk,36,2,7,Skip
2,talk,37,2,5,Skip
2,talk,38,2,11,Skip
2,talk,39,3,8,Skip
2,talk,40,3,4,Skip
2,talk,41,3,9,Over
2,talk,42,3,12,Skip
2,talk,43,3,11,Skip
2,talk,44,3,5,Over
2,talk,45,3,2,VOTE Agent[09]
2,talk,46,3,10,VOTE Agent[09]
2,talk,47,3,7,Skip
2,talk,48,3,1,VOTE Agent[10]
2,talk,49,3,14,Over
2,talk,50,3,13,VOTE Agent[10]
2,talk,51,3,15,VOTE Agent[09]
2,talk,52,4,2,VOTE Agent[14]
2,talk,53,4,1,Skip
2,talk,54,4,15,VOTE Agent[09]
2,talk,55,4,12,Skip
2,talk,56,4,8,Over
2,talk,57,4,14,Over
2,talk,58,4,4,Over
2,talk,59,4,13,ESTIMATE Agent[08] WEREWOLF
2,talk,60,4,11,Over
2,talk,61,4,7,Over
2,talk,62,4,10,VOTE Agent[09]
2,talk,63,4,9,Over
2,talk,64,4,5,Over
2,talk,65,5,9,Over
2,talk,66,5,7,VOTE Agent[09]
2,talk,67,5,2,VOTE Agent[01]
2,talk,68,5,10,VOTE Agent[09]
2,talk,69,5,12,Over
2,talk,70,5,14,Over
2,talk,71,5,1,Skip
2,talk,72,5,13,VOTE Agent[09]
2,talk,73,5,8,Over
2,talk,74,5,15,VOTE Agent[14]
2,talk,75,5,4,Over
2,talk,76,5,5,Over
2,talk,77,5,11,VOTE Agent[09]
2,talk,78,6,10,Skip
2,talk,79,6,4,VOTE Agent[09]
2,talk,80,6,8,Over
2,talk,81,6,13,ESTIMATE Agent[09] WEREWOLF
2,talk,82,6,12,VOTE Agent[09]
2,talk,83,6,14,Over
2,talk,84,6,5,Over
2,talk,85,6,11,Skip
2,talk,86,6,15,VOTE Agent[09]
2,talk,87,6,7,Skip
2,talk,88,6,2,ESTIMATE Agent[04] VILLAGER
2,talk,89,6,1,Over
2,talk,90,6,9,Over
2,talk,91,7,15,VOTE Agent[10]
2,talk,92,7,1,VOTE Agent[09]
2,talk,93,7,14,VOTE Agent[09]
2,talk,94,7,7,Skip
2,talk,95,7,8,Over
2,talk,96,7,12,Skip
2,talk,97,7,10,Skip
2,talk,98,7,11,Skip
2,talk,99,7,9,VOTE Agent[10]
2,talk,100,7,2,VOTE Agent[15]
2,talk,101,7,13,Skip
2,talk,102,7,4,Skip
2,talk,103,7,5,VOTE Agent[09]
2,talk,104,8,2,VOTE Agent[01]
2,talk,105,8,1,Skip
2,talk,106,8,4,Skip
2,talk,107,8,7,Over
2,talk,108,8,13,Skip
2,talk,109,8,14,Skip
2,talk,110,8,12,Skip
2,talk,111,8,15,VOTE Agent[01]
2,talk,112,8,8,Over
2,talk,113,8,5,Skip
2,talk,114,8,10,Over
2,talk,115,8,9,VOTE Agent[10]
2,talk,116,8,11,Over
2,talk,117,9,7,Over
2,talk,118,9,12,Over
2,talk,119,9,14,Skip
2,talk,120,9,15,Over
2,talk,121,9,13,Over
2,talk,122,9,1,Skip
2,talk,123,9,5,Skip
2,talk,124,9,10,Over
2,talk,125,9,2,Over
2,talk,126,9,4,Over
2,talk,127,9,8,Over
2,talk,128,9,9,VOTE Agent[10]
2,talk,129,9,11,Over
2,talk,130,10,11,Over
2,talk,131,10,5,Over
2,talk,132,10,10,Over
2,talk,133,10,1,Over
2,talk,134,10,14,Over
2,talk,135,10,7,Over
2,talk,136,10,13,Over
2,talk,137,10,4,Over
2,talk,138,10,12,Over
2,talk,139,10,2,Over
2,talk,140,10,9,VOTE Agent[10]
2,talk,141,10,15,Over
2,talk,142,10,8,Over
2,talk,143,11,10,Over
2,talk,144,11,11,Over
2,talk,145,11,15,Over
2,talk,146,11,13,Over
2,talk,147,11,8,Over
2,talk,148,11,12,Over
2,talk,149,11,9,VOTE Agent[10]
2,talk,150,11,14,Over
2,talk,151,11,4,Over
2,talk,152,11,2,Over
2,talk,153,11,1,Over
2,talk,154,11,7,Over
2,talk,155,11,5,Over
2,talk,156,12,14,Over
2,talk,157,12,8,Over
2,talk,158,12,15,Over
2,talk,159,12,1,Over
2,talk,160,12,2,Over
2,talk,161,12,13,Over
2,talk,162,12,4,Over
2,talk,163,12,7,Over
2,talk,164,12,12,Over
2,talk,165,12,11,Over
2,talk,166,12,5,Over
2,talk,167,12,9,VOTE Agent[10]
2,talk,168,12,10,Over
2,talk,169,13,11,Over
2,talk,170,13,7,Over
2,talk,171,13,8,Over
2,talk,172,13,10,Over
2,talk,173,13,14,Over
2,talk,174,13,12,Over
2,talk,175,13,4,Over
2,talk,176,13,13,Over
2,talk,177,13,15,Over
2,talk,178,13,2,Over
2,talk,179,13,1,Over
2,talk,180,13,9,VOTE Agent[10]
2,talk,181,13,5,Over
2,talk,182,14,1,Over
2,talk,183,14,2,Over
2,talk,184,14,4,Over
2,talk,185,14,9,VOTE Agent[10]
2,talk,186,14,10,Over
2,talk,187,14,5,Over
2,talk,188,14,8,Over
2,talk,189,14,7,Over
2,talk,190,14,11,Over
2,talk,191,14,14,Over
2,talk,192,14,12,Over
2,talk,193,14,13,Over
2,talk,194,14,15,Over
2,talk,195,15,11,Over
2,talk,196,15,5,Over
2,talk,197,15,4,Over
2,talk,198,15,8,Over
2,talk,199,15,12,Over
2,talk,200,15,9,VOTE Agent[10]
2,talk,201,15,15,Over
2,talk,202,15,10,Over
2,talk,203,15,2,Over
2,talk,204,15,7,Over
2,talk,205,15,1,Over
2,talk,206,15,14,Over
2,talk,207,15,13,Over
2,talk,208,16,13,Over
2,talk,209,16,4,Over
2,talk,210,16,11,Over
2,talk,211,16,7,Over
2,talk,212,16,1,Over
2,talk,213,16,12,Over
2,talk,214,16,15,Over
2,talk,215,16,5,Over
2,talk,216,16,10,Over
2,talk,217,16,8,Over
2,talk,218,16,14,Over
2,talk,219,16,9,Over
2,talk,220,16,2,Over
2,vote,1,9
2,vote,2,1
2,vote,4,9
2,vote,5,9
2,vote,7,9
2,vote,8,9
2,vote,9,10
2,vote,10,9
2,vote,11,9
2,vote,12,9
2,vote,13,9
2,vote,14,9
2,vote,15,1
2,execute,9,VILLAGER
2,divine,13,11,HUMAN
2,whisper,0,0,1,ATTACK Agent[09]
2,whisper,1,0,2,ATTACK Agent[13]
2,whisper,2,0,10,Skip
2,whisper,3,1,10,Skip
2,whisper,4,1,2,Over
2,whisper,5,1,1,ATTACK Agent[15]
2,whisper,6,2,10,Over
2,whisper,7,2,1,Skip
2,whisper,8,2,2,REQUEST ANY (ATTACK Agent[13])
2,whisper,9,3,2,Over
2,whisper,10,3,10,Over
2,whisper,11,3,1,Skip
2,whisper,12,4,2,Over
2,whisper,13,4,1,Over
2,whisper,14,4,10,Over
2,guard,4,13,SEER
2,attackVote,1,15
2,attackVote,2,13
2,attackVote,10,13
2,attack,13,false
3,status,1,WEREWOLF,ALIVE,hellowolf
3,status,2,WEREWOLF,ALIVE,wasabi
3,status,3,VILLAGER,DEAD,hellowolf 2
3,status,4,BODYGUARD,ALIVE,fanfan 1
3,status,5,VILLAGER,ALIVE,hellowolf 1
3,status,6,VILLAGER,DEAD,fanfan 2
3,status,7,VILLAGER,ALIVE,tomato
3,status,8,POSSESSED,ALIVE,takeda 1
3,status,9,VILLAGER,DEAD,takeda 3
3,status,10,WEREWOLF,ALIVE,takeda 2
3,status,11,VILLAGER,ALIVE,tomato 1
3,status,12,MEDIUM,ALIVE,fanfan
3,status,13,SEER,ALIVE,wasabi 1
3,status,14,VILLAGER,ALIVE,takeda
3,status,15,VILLAGER,ALIVE,HALUemon
3,talk,0,0,4,VOTE Agent[10]
3,talk,1,0,15,VOTE Agent[01]
3,talk,2,0,2,ESTIMATE Agent[13] SEER
3,talk,3,0,5,VOTE Agent[10]
3,talk,4,0,13,DIVINED Agent[11] HUMAN
3,talk,5,0,8,DIVINED Agent[04] WEREWOLF
3,talk,6,0,10,VOTE Agent[01]
3,talk,7,0,11,VOTE Agent[07]
3,talk,8,0,7,VOTE Agent[13]
3,talk,9,0,12,IDENTIFIED Agent[09] HUMAN
3,talk,10,0,14,VOTE Agent[10]
3,talk,11,0,1,VOTE Agent[12]
3,talk,12,1,10,VOTE Agent[15]
3,talk,13,1,8,VOTE Agent[04]
3,talk,14,1,12,VOTE Agent[01]
3,talk,15,1,7,VOTE Agent[10]
3,talk,16,1,1,Skip
3,talk,17,1,13,ESTIMATE Agent[08] WEREWOLF
3,talk,18,1,2,ESTIMATE Agent[11] VILLAGER
3,talk,19,1,14,Skip
3,talk,20,1,11,VOTE Agent[10]
3,talk,21,1,15,VOTE Agent[07]
3,talk,22,1,4,VOTE Agent[01]
3,talk,23,1,5,Skip
3,talk,24,2,12,VOTE Agent[10]
3,talk,25,2,10,Skip
3,talk,26,2,5,Skip
3,talk,27,2,11,VOTE Agent[01]
3,talk,28,2,14,Skip
3,talk,29,2,4,VOTE Agent[10]
3,talk,30,2,7,VOTE Agent[01]
3,talk,31,2,15,VOTE Agent[01]
3,talk,32,2,1,Skip
3,talk,33,2,13,ESTIMATE Agent[02] WEREWOLF
3,talk,34,2,2,ESTIMATE Agent[11] VILLAGER
3,talk,35,2,8,Skip
3,talk,36,3,11,Skip
3,talk,37,3,14,Over
3,talk,38,3,1,VOTE Agent[10]
3,talk,39,3,2,VOTE Agent[01]
3,talk,40,3,8,Skip
3,talk,41,3,5,Over
3,talk,42,3,15,VOTE Agent[01]
3,talk,43,3,10,Skip
3,talk,44,3,4,VOTE Agent[01]
3,talk,45,3,13,VOTE Agent[10]
3,talk,46,3,12,VOTE Agent[01]
3,talk,47,3,7,Skip
3,talk,48,4,14,VOTE Agent[01]
3,talk,49,4,4,Skip
3,talk,50,4,7,Skip
3,talk,51,4,5,VOTE Agent[01]
3,talk,52,4,1,Skip
3,talk,53,4,11,Skip
3,talk,54,4,8,Over
3,talk,55,4,13,ESTIMATE Agent[15] WEREWOLF
3,talk,56,4,10,VOTE Agent[01]
3,talk,57,4,2,ESTIMATE Agent[14] WEREWOLF
3,talk,58,4,15,VOTE Agent[10]
3,talk,59,4,12,Skip
3,talk,60,5,12,Skip
3,talk,61,5,5,Skip
3,talk,62,5,1,Skip
3,talk,63,5,4,Skip
3,talk,64,5,14,Skip
3,talk,65,5,15,VOTE Agent[10]
3,talk,66,5,13,ESTIMATE Agent[10] WEREWOLF
3,talk,67,5,2,ESTIMATE Agent[08] WEREWOLF
3,talk,68,5,8,Over
3,talk,69,5,7,Over
3,talk,70,5,11,Over
3,talk,71,5,10,Skip
3,talk,72,6,7,Over
3,talk,73,6,13,VOTE Agent[01]
3,talk,74,6,10,Skip
3,talk,75,6,12,Over
3,talk,76,6,4,Over
3,talk,77,6,14,Skip
3,talk,78,6,15,VOTE Agent[10]
3,talk,79,6,1,Over
3,talk,80,6,5,Skip
3,talk,81,6,8,Over
3,talk,82,6,2,Skip
3,talk,83,6,11,Over
3,talk,84,7,8,Over
3,talk,85,7,10,Over
3,talk,86,7,2,ESTIMATE Agent[11] VILLAGER
3,talk,87,7,15,VOTE Agent[10]
3,talk,88,7,13,ESTIMATE Agent[04] VILLAGER
3,talk,89,7,5,Over
3,talk,90,7,12,Over
3,talk,91,7,4,Over
3,talk,92,7,7,Over
3,talk,93,7,1,VOTE Agent[04]
3,talk,94,7,14,Over
3,talk,95,7,11,Over
3,talk,96,8,8,Over
3,talk,97,8,7,Over
3,talk,98,8,10,Over
3,talk,99,8,5,Over
3,talk,100,8,11,Over
3,talk,101,8,14,Over
3,talk,102,8,1,Skip
3,talk,103,8,15,VOTE Agent[01]
3,talk,104,8,2,ESTIMATE Agent[05] VILLAGER
3,talk,105,8,12,Over
3,talk,106,8,4,Over
3,talk,107,8,13,ESTIMATE Agent[10] WEREWOLF
3,talk,108,9,10,Over
3,talk,109,9,15,Over
3,talk,110,9,14,Over
3,talk,111,9,4,Over
3,talk,112,9,13,Over
3,talk,113,9,11,Over
3,talk,114,9,12,Over
3,talk,115,9,7,Over
3,talk,116,9,1,Skip
3,talk,117,9,8,Over
3,talk,118,9,2,Over
3,talk,119,9,5,Over
3,talk,120,10,14,Over
3,talk,121,10,1,Over
3,talk,122,10,11,Over
3,talk,123,10,10,Over
3,talk,124,10,15,Over
3,talk,125,10,4,Over
3,talk,126,10,7,Over
3,talk,127,10,12,Over
3,talk,128,10,13,Over
3,talk,129,10,2,Over
3,talk,130,10,8,Over
3,talk,131,10,5,Over
3,vote,1,4
3,vote,2,1
3,vote,4,1
3,vote,5,1
3,vote,7,1
3,vote,8,1
3,vote,10,1
3,vote,11,1
3,vote,12,1
3,vote,13,1
3,vote,14,1
3,vote,15,1
3,execute,1,WEREWOLF
3,divine,13,15,HUMAN
3,whisper,0,0,10,Skip
3,whisper,1,0,2,ATTACK Agent[13]
3,whisper,2,1,10,Skip
3,whisper,3,1,2,Over
3,whisper,4,2,10,Over
3,whisper,5,2,2,Over
3,guard,4,13,SEER
3,attackVote,2,13
3,attackVote,10,13
3,attack,13,false
4,status,1,WEREWOLF,DEAD,hellowolf
4,status,2,WEREWOLF,ALIVE,wasabi
4,status,3,VILLAGER,DEAD,hellowolf 2
4,status,4,BODYGUARD,ALIVE,fanfan 1
4,status,5,VILLAGER,ALIVE,hellowolf 1
4,status,6,VILLAGER,DEAD,fanfan 2
4,status,7,VILLAGER,ALIVE,tomato
4,status,8,POSSESSED,ALIVE,takeda 1
4,status,9,VILLAGER,DEAD,takeda 3
4,status,10,WEREWOLF,ALIVE,takeda 2
4,status,11,VILLAGER,ALIVE,tomato 1
4,status,12,MEDIUM,ALIVE,fanfan
4,status,13,SEER,ALIVE,wasabi 1
4,status,14,VILLAGER,ALIVE,takeda
4,status,15,VILLAGER,ALIVE,HALUemon
4,talk,0,0,10,VOTE Agent[15]
4,talk,1,0,13,DIVINED Agent[15] HUMAN
4,talk,2,0,12,IDENTIFIED Agent[01] WEREWOLF
4,talk,3,0,2,ESTIMATE Agent[05] VILLAGER
4,talk,4,0,4,VOTE Agent[10]
4,talk,5,0,14,VOTE Agent[10]
4,talk,6,0,8,DIVINED Agent[05] WEREWOLF
4,talk,7,0,15,VOTE Agent[02]
4,talk,8,0,7,VOTE Agent[08]
4,talk,9,0,5,VOTE Agent[10]
4,talk,10,0,11,VOTE Agent[14]
4,talk,11,1,7,VOTE Agent[10]
4,talk,12,1,8,VOTE Agent[04]
4,talk,13,1,10,VOTE Agent[14]
4,talk,14,1,13,ESTIMATE Agent[08] WEREWOLF
4,talk,15,1,5,Skip
4,talk,16,1,12,VOTE Agent[10]
4,talk,17,1,15,VOTE Agent[14]
4,talk,18,1,4,Skip
4,talk,19,1,11,VOTE Agent[10]
4,talk,20,1,14,Skip
4,talk,21,1,2,ESTIMATE Agent[15] VILLAGER
4,talk,22,2,14,Skip
4,talk,23,2,2,ESTIMATE Agent[15] VILLAGER
4,talk,24,2,10,VOTE Agent[14]
4,talk,25,2,15,VOTE Agent[14]
4,talk,26,2,7,Skip
4,talk,27,2,4,Skip
4,talk,28,2,5,Skip
4,talk,29,2,12,Skip
4,talk,30,2,13,Skip
4,talk,31,2,8,Skip
4,talk,32,2,11,Skip
4,talk,33,3,13,VOTE Agent[10]
4,talk,34,3,15,VOTE Agent[14]
4,talk,35,3,10,VOTE Agent[14]
4,talk,36,3,4,Over
4,talk,37,3,8,Skip
4,talk,38,3,11,Skip
4,talk,39,3,12,Skip
4,talk,40,3,7,Skip
4,talk,41,3,14,Over
4,talk,42,3,2,VOTE Agent[14]
4,talk,43,3,5,Over
4,talk,44,4,10,VOTE Agent[14]
4,talk,45,4,11,VOTE Agent[14]
4,talk,46,4,4,Over
4,talk,47,4,5,Over
4,talk,48,4,13,ESTIMATE Agent[08] WEREWOLF
4,talk,49,4,15,VOTE Agent[14]
4,talk,50,4,7,VOTE Agent[14]
4,talk,51,4,8,Over
4,talk,52,4,14,Over
4,talk,53,4,12,Over
4,talk,54,4,2,ESTIMATE Agent[15] VILLAGER
4,talk,55,5,11,Skip
4,talk,56,5,7,Skip
4,talk,57,5,14,Over
4,talk,58,5,13,Skip
4,talk,59,5,4,Over
4,talk,60,5,8,Over
4,talk,61,5,10,Skip
4,talk,62,5,12,Over
4,talk,63,5,15,VOTE Agent[14]
4,talk,64,5,5,Over
4,talk,65,5,2,Skip
4,talk,66,6,7,Skip
4,talk,67,6,14,Over
4,talk,68,6,5,Over
4,talk,69,6,11,Skip
4,talk,70,6,10,Skip
4,talk,71,6,15,VOTE Agent[14]
4,talk,72,6,12,Over
4,talk,73,6,2,ESTIMATE Agent[04] VILLAGER
4,talk,74,6,4,Over
4,talk,75,6,8,Over
4,talk,76,6,13,VOTE Agent[14]
4,talk,77,7,8,Over
4,talk,78,7,15,VOTE Agent[10]
4,talk,79,7,5,Over
4,talk,80,7,13,ESTIMATE Agent[02] WEREWOLF
4,talk,81,7,11,Over
4,talk,82,7,10,Over
4,talk,83,7,2,ESTIMATE Agent[11] VILLAGER
4,talk,84,7,14,VOTE Agent[10]
4,talk,85,7,12,VOTE Agent[14]
4,talk,86,7,7,Over
4,talk,87,7,4,Over
4,talk,88,8,15,VOTE Agent[10]
4,talk,89,8,4,Over
4,talk,90,8,11,Over
4,talk,91,8,7,Over
4,talk,92,8,12,VOTE Agent[10]
4,talk,93,8,13,Skip
4,talk,94,8,8,Over
4,talk,95,8,14,Skip
4,talk,96,8,5,Over
4,talk,97,8,10,Over
4,talk,98,8,2,ESTIMATE Agent[11] VILLAGER
4,talk,99,9,13,Over
4,talk,100,9,4,Over
4,talk,101,9,15,Over
4,talk,102,9,10,Over
4,talk,103,9,7,Over
4,talk,104,9,5,Over
4,talk,105,9,12,Skip
4,talk,106,9,11,Over
4,talk,107,9,2,Over
4,talk,108,9,8,Over
4,talk,109,9,14,Skip
4,talk,110,10,2,Over
4,talk,111,10,4,Over
4,talk,112,10,10,Over
4,talk,113,10,7,Over
4,talk,114,10,5,Over
4,talk,115,10,14,Over
4,talk,116,10,8,Over
4,talk,117,10,11,Over
4,talk,118,10,15,Over
4,talk,119,10,13,Over
4,talk,120,10,12,Skip
4,talk,121,11,13,Over
4,talk,122,11,10,Over
4,talk,123,11,15,Over
4,talk,124,11,4,Over
4,talk,125,11,5,Over
4,talk,126,11,11,Over
4,talk,127,11,14,Over
4,talk,128,11,8,Over
4,talk,129,11,12,Over
4,talk,130,11,7,Over
4,talk,131,11,2,Over
4,vote,2,14
4,vote,4,10
4,vote,5,10
4,vote,7,14
4,vote,8,14
4,vote,10,2
4,vote,11,14
4,vote,12,10
4,vote,13,14
4,vote,14,10
4,vote,15,10
4,vote,2,14
4,vote,4,10
4,vote,5,10
4,vote,7,14
4,vote,8,14
4,vote,10,2
4,vote,11,14
4,vote,12,10
4,vote,13,14
4,vote,14,10
4,vote,15,10
4,execute,10,WEREWOLF
4,divine,13,7,HUMAN
4,guard,4,13,SEER
4,attackVote,2,13
4,attack,13,false
5,status,1,WEREWOLF,DEAD,hellowolf
5,status,2,WEREWOLF,ALIVE,wasabi
5,status,3,VILLAGER,DEAD,hellowolf 2
5,status,4,BODYGUARD,ALIVE,fanfan 1
5,status,5,VILLAGER,ALIVE,hellowolf 1
5,status,6,VILLAGER,DEAD,fanfan 2
5,status,7,VILLAGER,ALIVE,tomato
5,status,8,POSSESSED,ALIVE,takeda 1
5,status,9,VILLAGER,DEAD,takeda 3
5,status,10,WEREWOLF,DEAD,takeda 2
5,status,11,VILLAGER,ALIVE,tomato 1
5,status,12,MEDIUM,ALIVE,fanfan
5,status,13,SEER,ALIVE,wasabi 1
5,status,14,VILLAGER,ALIVE,takeda
5,status,15,VILLAGER,ALIVE,HALUemon
5,talk,0,0,14,VOTE Agent[02]
5,talk,1,0,4,VOTE Agent[07]
5,talk,2,0,7,VOTE Agent[13]
5,talk,3,0,15,VOTE Agent[07]
5,talk,4,0,2,ESTIMATE Agent[11] VILLAGER
5,talk,5,0,13,DIVINED Agent[07] HUMAN
5,talk,6,0,11,VOTE Agent[07]
5,talk,7,0,5,VOTE Agent[02]
5,talk,8,0,8,DIVINED Agent[11] WEREWOLF
5,talk,9,0,12,IDENTIFIED Agent[10] WEREWOLF
5,talk,10,1,12,VOTE Agent[02]
5,talk,11,1,4,VOTE Agent[02]
5,talk,12,1,2,ESTIMATE Agent[08] WEREWOLF
5,talk,13,1,14,Skip
5,talk,14,1,13,ESTIMATE Agent[08] WEREWOLF
5,talk,15,1,5,Skip
5,talk,16,1,8,VOTE Agent[04]
5,talk,17,1,7,VOTE Agent[07]
5,talk,18,1,15,VOTE Agent[02]
5,talk,19,1,11,VOTE Agent[02]
5,talk,20,2,4,Skip
5,talk,21,2,5,Skip
5,talk,22,2,11,Skip
5,talk,23,2,2,ESTIMATE Agent[12] MEDIUM
5,talk,24,2,12,Skip
5,talk,25,2,7,VOTE Agent[02]
5,talk,26,2,13,ESTIMATE Agent[02] WEREWOLF
5,talk,27,2,8,Skip
5,talk,28,2,14,Skip
5,talk,29,2,15,VOTE Agent[02]
5,talk,30,3,11,Skip
5,talk,31,3,8,Skip
5,talk,32,3,15,VOTE Agent[02]
5,talk,33,3,12,Skip
5,talk,34,3,4,Skip
5,talk,35,3,13,VOTE Agent[02]
5,talk,36,3,5,Over
5,talk,37,3,2,VOTE Agent[08]
5,talk,38,3,7,Skip
5,talk,39,3,14,Over
5,talk,40,4,4,Over
5,talk,41,4,2,Skip
5,talk,42,4,14,Over
5,talk,43,4,7,Skip
5,talk,44,4,5,Over
5,talk,45,4,8,Over
5,talk,46,4,15,VOTE Agent[02]
5,talk,47,4,13,ESTIMATE Agent[05] VILLAGER
5,talk,48,4,12,Over
5,talk,49,4,11,Over
5,talk,50,5,5,Over
5,talk,51,5,15,VOTE Agent[02]
5,talk,52,5,2,REQUEST ANY (VOTE Agent[08])
5,talk,53,5,4,Over
5,talk,54,5,8,Over
5,talk,55,5,11,Over
5,talk,56,5,12,Over
5,talk,57,5,7,Over
5,talk,58,5,13,Skip
5,talk,59,5,14,Over
5,talk,60,6,4,Over
5,talk,61,6,12,Over
5,talk,62,6,14,Over
5,talk,63,6,7,Over
5,talk,64,6,8,Over
5,talk,65,6,2,Skip
5,talk,66,6,13,ESTIMATE Agent[08] WEREWOLF
5,talk,67,6,11,Over
5,talk,68,6,5,Over
5,talk,69,6,15,VOTE Agent[02]
5,talk,70,7,14,Over
5,talk,71,7,13,ESTIMATE Agent[02] WEREWOLF
5,talk,72,7,11,Over
5,talk,73,7,4,Over
5,talk,74,7,2,ESTIMATE Agent[15] VILLAGER
5,talk,75,7,5,Over
5,talk,76,7,8,Over
5,talk,77,7,15,VOTE Agent[02]
5,talk,78,7,12,Over
5,talk,79,7,7,Over
5,talk,80,8,15,VOTE Agent[02]
5,talk,81,8,14,Over
5,talk,82,8,8,Over
5,talk,83,8,7,Over
5,talk,84,8,2,ESTIMATE Agent[11] VILLAGER
5,talk,85,8,12,Over
5,talk,86,8,11,Over
5,talk,87,8,4,Over
5,talk,88,8,13,ESTIMATE Agent[08] WEREWOLF
5,talk,89,8,5,Over
5,talk,90,9,4,Over
5,talk,91,9,15,Over
5,talk,92,9,8,Over
5,talk,93,9,5,Over
5,talk,94,9,12,Over
5,talk,95,9,13,Over
5,talk,96,9,14,Over
5,talk,97,9,11,Over
5,talk,98,9,2,Over
5,talk,99,9,7,Over
5,vote,2,8
5,vote,4,2
5,vote,5,2
5,vote,7,2
5,vote,8,7
5,vote,11,2
5,vote,12,2
5,vote,13,2
5,vote,14,2
5,vote,15,2
5,execute,2,WEREWOLF
5,divine,13,14,HUMAN
5,guard,4,13,SEER
6,status,1,WEREWOLF,DEAD,hellowolf
6,status,2,WEREWOLF,DEAD,wasabi
6,status,3,VILLAGER,DEAD,hellowolf 2
6,status,4,BODYGUARD,ALIVE,fanfan 1
6,status,5,VILLAGER,ALIVE,hellowolf 1
6,status,6,VILLAGER,DEAD,fanfan 2
6,status,7,VILLAGER,ALIVE,tomato
6,status,8,POSSESSED,ALIVE,takeda 1
6,status,9,VILLAGER,DEAD,takeda 3
6,status,10,WEREWOLF,DEAD,takeda 2
6,status,11,VILLAGER,ALIVE,tomato 1
6,status,12,MEDIUM,ALIVE,fanfan
6,status,13,SEER,ALIVE,wasabi 1
6,status,14,VILLAGER,ALIVE,takeda
6,status,15,VILLAGER,ALIVE,HALUemon
6,result,9,0,VILLAGER
