0,status,1,VILLAGER,ALIVE,hellowolf
0,status,2,VILLAGER,ALIVE,wasabi
0,status,3,SEER,ALIVE,hellowolf 2
0,status,4,WEREWOLF,ALIVE,fanfan 1
0,status,5,VILLAGER,ALIVE,hellowolf 1
0,status,6,VILLAGER,ALIVE,fanfan 2
0,status,7,VILLAGER,ALIVE,tomato
0,status,8,POSSESSED,ALIVE,takeda 1
0,status,9,BODYGUARD,ALIVE,takeda 3
0,status,10,MEDIUM,ALIVE,takeda 2
0,status,11,VILLAGER,ALIVE,tomato 1
0,status,12,VILLAGER,ALIVE,fanfan
0,status,13,VILLAGER,ALIVE,wasabi 1
0,status,14,WEREWOLF,ALIVE,takeda
0,status,15,WEREWOLF,ALIVE,HALUemon
0,whisper,0,0,4,COMINGOUT Agent[04] VILLAGER
0,whisper,1,0,14,Skip
0,whisper,2,0,15,COMINGOUT Agent[15] VILLAGER
0,whisper,3,1,15,Skip
0,whisper,4,1,4,Skip
0,whisper,5,1,14,Skip
0,whisper,6,2,4,Skip
0,whisper,7,2,14,Over
0,whisper,8,2,15,Skip
0,whisper,9,3,4,Over
0,whisper,10,3,14,Over
0,whisper,11,3,15,Over
0,divine,3,6,HUMAN
1,status,1,VILLAGER,ALIVE,hellowolf
1,status,2,VILLAGER,ALIVE,wasabi
1,status,3,SEER,ALIVE,hellowolf 2
1,status,4,WEREWOLF,ALIVE,fanfan 1
1,status,5,VILLAGER,ALIVE,hellowolf 1
1,status,6,VILLAGER,ALIVE,fanfan 2
1,status,7,VILLAGER,ALIVE,tomato
1,status,8,POSSESSED,ALIVE,takeda 1
1,status,9,BODYGUARD,ALIVE,takeda 3
1,status,10,MEDIUM,ALIVE,takeda 2
1,status,11,VILLAGER,ALIVE,tomato 1
1,status,12,VILLAGER,ALIVE,fanfan
1,status,13,VILLAGER,ALIVE,wasabi 1
1,status,14,WEREWOLF,ALIVE,takeda
1,status,15,WEREWOLF,ALIVE,HALUemon
1,talk,0,0,4,VOTE Agent[06]
1,talk,1,0,7,VOTE Agent[14]
1,talk,2,0,11,VOTE Agent[12]
1,talk,3,0,12,VOTE Agent[06]
1,talk,4,0,5,VOTE Agent[06]
1,talk,5,0,9,VOTE Agent[13]
1,talk,6,0,6,VOTE Agent[03]
1,talk,7,0,15,VOTE Agent[12]
1,talk,8,0,8,COMINGOUT Agent[08] SEER
1,talk,9,0,3,COMINGOUT Agent[03] SEER
1,talk,10,0,10,COMINGOUT Agent[10] MEDIUM
1,talk,11,0,14,Skip
1,talk,12,0,13,ESTIMATE Agent[04] WEREWOLF
1,talk,13,0,2,ESTIMATE Agent[03] WEREWOLF
1,talk,14,0,1,VOTE Agent[06]
1,talk,15,1,2,ESTIMATE Agent[06] VILLAGER
1,talk,16,1,4,Skip
1,talk,17,1,7,VOTE Agent[06]
1,talk,18,1,6,VOTE Agent[04]
1,talk,19,1,10,VOTE Agent[14]
1,talk,20,1,5,Skip
1,talk,21,1,1,Skip
1,talk,22,1,13,ESTIMATE Agent[01] VILLAGER
1,talk,23,1,11,VOTE Agent[06]
1,talk,24,1,9,VOTE Agent[14]
1,talk,25,1,14,VOTE Agent[12]
1,talk,26,1,15,VOTE Agent[06]
1,talk,27,1,3,DIVINED Agent[06] HUMAN
1,talk,28,1,12,Skip
1,talk,29,1,8,DIVINED Agent[07] WEREWOLF
1,talk,30,2,1,VOTE Agent[14]
1,talk,31,2,5,VOTE Agent[14]
1,talk,32,2,14,Skip
1,talk,33,2,9,Skip
1,talk,34,2,4,Skip
1,talk,35,2,2,ESTIMATE Agent[07] WEREWOLF
1,talk,36,2,10,Skip
1,talk,37,2,6,Skip
1,talk,38,2,12,VOTE Agent[07]
1,talk,39,2,11,Skip
1,talk,40,2,8,VOTE Agent[07]
1,talk,41,2,15,VOTE Agent[07]
1,talk,42,2,13,ESTIMATE Agent[03] WEREWOLF
1,talk,43,2,7,Skip
1,talk,44,2,3,VOTE Agent[05]
1,talk,45,3,1,Skip
1,talk,46,3,4,Over
1,talk,47,3,6,VOTE Agent[14]
1,talk,48,3,8,Skip
1,talk,49,3,5,Skip
1,talk,50,3,14,VOTE Agent[05]
1,talk,51,3,9,Skip
1,talk,52,3,7,Skip
1,talk,53,3,3,VOTE Agent[14]
1,talk,54,3,15,VOTE Agent[07]
1,talk,55,3,12,VOTE Agent[14]
1,talk,56,3,10,Skip
1,talk,57,3,2,VOTE Agent[07]
1,talk,58,3,13,VOTE Agent[07]
1,talk,59,3,11,Skip
1,talk,60,4,4,VOTE Agent[14]
1,talk,61,4,12,Skip
1,talk,62,4,7,VOTE Agent[14]
1,talk,63,4,3,Skip
1,talk,64,4,2,ESTIMATE Agent[07] WEREWOLF
1,talk,65,4,6,Skip
1,talk,66,4,13,ESTIMATE Agent[04] VILLAGER
1,talk,67,4,9,Over
1,talk,68,4,8,Skip
1,talk,69,4,15,VOTE Agent[07]
1,talk,70,4,1,Skip
1,talk,71,4,11,VOTE Agent[14]
1,talk,72,4,14,Skip
1,talk,73,4,5,Skip
1,talk,74,4,10,Over
1,talk,75,5,1,Over
1,talk,76,5,13,ESTIMATE Agent[14] VILLAGER
1,talk,77,5,14,VOTE Agent[01]
1,talk,78,5,8,Over
1,talk,79,5,6,Skip
1,talk,80,5,2,ESTIMATE Agent[01] VILLAGER
1,talk,81,5,7,Skip
1,talk,82,5,10,Over
1,talk,83,5,11,Skip
1,talk,84,5,5,Over
1,talk,85,5,4,Skip
1,talk,86,5,12,Skip
1,talk,87,5,15,VOTE Agent[07]
1,talk,88,5,3,Skip
1,talk,89,5,9,Over
1,talk,90,6,11,Skip
1,talk,91,6,3,Over
1,talk,92,6,5,Over
1,talk,93,6,4,Skip
1,talk,94,6,2,ESTIMATE Agent[08] WEREWOLF
1,talk,95,6,15,VOTE Agent[07]
1,talk,96,6,1,Over
1,talk,97,6,13,REQUEST ANY (VOTE Agent[07])
1,talk,98,6,6,Over
1,talk,99,6,12,Over
1,talk,100,6,7,Skip
1,talk,101,6,10,Over
1,talk,102,6,8,Over
1,talk,103,6,9,Over
1,talk,104,6,14,VOTE Agent[01]
1,talk,105,7,11,Over
1,talk,106,7,8,Over
1,talk,107,7,2,Skip
1,talk,108,7,7,VOTE Agent[07]
1,talk,109,7,9,Over
1,talk,110,7,1,Over
1,talk,111,7,12,Over
1,talk,112,7,6,Over
1,talk,113,7,15,VOTE Agent[07]
1,talk,114,7,3,Over
1,talk,115,7,10,Over
1,talk,116,7,4,Over
1,talk,117,7,14,VOTE Agent[01]
1,talk,118,7,5,Over
1,talk,119,7,13,ESTIMATE Agent[03] WEREWOLF
1,talk,120,8,7,Skip
1,talk,121,8,4,Over
1,talk,122,8,12,Over
1,talk,123,8,5,Over
1,talk,124,8,14,VOTE Agent[01]
1,talk,125,8,8,Over
1,talk,126,8,2,ESTIMATE Agent[09] VILLAGER
1,talk,127,8,15,VOTE Agent[07]
1,talk,128,8,3,Over
1,talk,129,8,11,VOTE Agent[07]
1,talk,130,8,13,ESTIMATE Agent[06] VILLAGER
1,talk,131,8,1,Over
1,talk,132,8,9,Over
1,talk,133,8,6,Over
1,talk,134,8,10,Over
1,talk,135,9,6,Over
1,talk,136,9,11,Skip
1,talk,137,9,7,Skip
1,talk,138,9,15,Over
1,talk,139,9,2,Over
1,talk,140,9,1,VOTE Agent[07]
1,talk,141,9,14,VOTE Agent[01]
1,talk,142,9,12,VOTE Agent[07]
1,talk,143,9,13,Over
1,talk,144,9,5,VOTE Agent[07]
1,talk,145,9,4,Over
1,talk,146,9,10,Over
1,talk,147,9,3,Over
1,talk,148,9,9,Over
1,talk,149,9,8,Over
1,talk,150,10,9,Over
1,talk,151,10,5,Skip
1,talk,152,10,6,VOTE Agent[04]
1,talk,153,10,13,Over
1,talk,154,10,14,Skip
1,talk,155,10,1,Skip
1,talk,156,10,8,Over
1,talk,157,10,3,VOTE Agent[04]
1,talk,158,10,7,Over
1,talk,159,10,12,Skip
1,talk,160,10,11,Skip
1,talk,161,10,4,VOTE Agent[07]
1,talk,162,10,2,Over
1,talk,163,10,15,Over
1,talk,164,10,10,Over
1,talk,165,11,14,VOTE Agent[07]
1,talk,166,11,5,Skip
1,talk,167,11,12,Skip
1,talk,168,11,3,VOTE Agent[12]
1,talk,169,11,7,Over
1,talk,170,11,6,Skip
1,talk,171,11,8,Over
1,talk,172,11,4,Skip
1,talk,173,11,15,Over
1,talk,174,11,9,VOTE Agent[07]
1,talk,175,11,1,Skip
1,talk,176,11,2,Over
1,talk,177,11,10,Over
1,talk,178,11,13,Over
1,talk,179,11,11,Over
1,talk,180,12,12,Over
1,talk,181,12,10,Over
1,talk,182,12,13,Over
1,talk,183,12,14,Skip
1,talk,184,12,8,Over
1,talk,185,12,1,Over
1,talk,186,12,11,Over
1,talk,187,12,15,Over
1,talk,188,12,2,Over
1,talk,189,12,9,Skip
1,talk,190,12,4,Skip
1,talk,191,12,5,Over
1,talk,192,12,7,Over
1,talk,193,12,3,VOTE Agent[04]
1,talk,194,12,6,VOTE Agent[14]
1,talk,195,13,15,Over
1,talk,196,13,8,Over
1,talk,197,13,12,Over
1,talk,198,13,5,Over
1,talk,199,13,7,Over
1,talk,200,13,10,Over
1,talk,201,13,14,Skip
1,talk,202,13,4,Over
1,talk,203,13,3,VOTE Agent[14]
1,talk,204,13,1,Over
1,talk,205,13,6,Skip
1,talk,206,13,11,Over
1,talk,207,13,9,Skip
1,talk,208,13,2,Over
1,talk,209,13,13,Over
1,talk,210,14,9,Over
1,talk,211,14,2,Over
1,talk,212,14,3,Skip
1,talk,213,14,6,Skip
1,talk,214,14,10,Over
1,talk,215,14,1,Over
1,talk,216,14,13,Over
1,talk,217,14,4,Over
1,talk,218,14,5,Over
1,talk,219,14,8,Over
1,talk,220,14,7,Over
1,talk,221,14,14,Over
1,talk,222,14,12,Over
1,talk,223,14,11,Over
1,talk,224,14,15,Over
1,talk,225,15,14,Over
1,talk,226,15,12,Over
1,talk,227,15,15,Over
1,talk,228,15,6,VOTE Agent[04]
1,talk,229,15,8,Over
1,talk,230,15,2,Over
1,talk,231,15,1,Over
1,talk,232,15,10,Over
1,talk,233,15,9,Over
1,talk,234,15,3,VOTE Agent[04]
1,talk,235,15,4,Over
1,talk,236,15,13,Over
1,talk,237,15,11,Over
1,talk,238,15,7,Over
1,talk,239,15,5,Over
1,talk,240,16,5,Over
1,talk,241,16,14,Over
1,talk,242,16,1,Over
1,talk,243,16,3,Skip
1,talk,244,16,8,Over
1,talk,245,16,11,Over
1,talk,246,16,10,Over
1,talk,247,16,15,Over
1,talk,248,16,9,Over
1,talk,249,16,4,Over
1,talk,250,16,13,Over
1,talk,251,16,6,Skip
1,talk,252,16,2,Over
1,talk,253,16,7,Over
1,talk,254,16,12,Over
1,talk,255,17,7,Over
1,talk,256,17,15,Over
1,talk,257,17,6,Skip
1,talk,258,17,10,Over
1,talk,259,17,14,Over
1,talk,260,17,2,Over
1,talk,261,17,5,Over
1,talk,262,17,1,Over
1,talk,263,17,13,Over
1,talk,264,17,9,Over
1,talk,265,17,4,Over
1,talk,266,17,12,Over
1,talk,267,17,3,Skip
1,talk,268,17,8,Over
1,talk,269,17,11,Over
1,talk,270,18,14,Over
1,talk,271,18,15,Over
1,talk,272,18,4,Over
1,talk,273,18,6,Over
1,talk,274,18,2,Over
1,talk,275,18,7,Over
1,talk,276,18,13,Over
1,talk,277,18,9,Over
1,talk,278,18,11,Over
1,talk,279,18,3,Over
1,talk,280,18,1,Over
1,talk,281,18,10,Over
1,talk,282,18,12,Over
1,talk,283,18,8,Over
1,talk,284,18,5,Over
1,vote,1,7
1,vote,2,7
1,vote,3,4
1,vote,4,7
1,vote,5,7
1,vote,6,4
1,vote,7,4
1,vote,8,7
1,vote,9,7
1,vote,10,14
1,vote,11,7
1,vote,12,7
1,vote,13,7
1,vote,14,7
1,vote,15,7
1,execute,7,VILLAGER
1,divine,3,12,HUMAN
1,whisper,0,0,4,ESTIMATE Agent[08] POSSESSED
1,whisper,1,0,14,Skip
1,whisper,2,0,15,ATTACK Agent[03]
1,whisper,3,1,4,ATTACK Agent[06]
1,whisper,4,1,14,Skip
1,whisper,5,1,15,Skip
1,whisper,6,2,14,Over
1,whisper,7,2,15,Skip
1,whisper,8,2,4,Skip
1,whisper,9,3,4,Skip
1,whisper,10,3,15,Over
1,whisper,11,3,14,Over
1,whisper,12,4,4,Over
1,whisper,13,4,14,Over
1,whisper,14,4,15,Over
1,guard,9,6,VILLAGER
1,attackVote,4,6
1,attackVote,14,3
1,attackVote,15,3
1,attack,3,true
2,status,1,VILLAGER,ALIVE,hellowolf
2,status,2,VILLAGER,ALIVE,wasabi
2,status,3,SEER,DEAD,hellowolf 2
2,status,4,WEREWOLF,ALIVE,fanfan 1
2,status,5,VILLAGER,ALIVE,hellowolf 1
2,status,6,VILLAGER,ALIVE,fanfan 2
2,status,7,VILLAGER,DEAD,tomato
2,status,8,POSSESSED,ALIVE,takeda 1
2,status,9,BODYGUARD,ALIVE,takeda 3
2,status,10,MEDIUM,ALIVE,takeda 2
2,status,11,VILLAGER,ALIVE,tomato 1
2,status,12,VILLAGER,ALIVE,fanfan
2,status,13,VILLAGER,ALIVE,wasabi 1
2,status,14,WEREWOLF,ALIVE,takeda
2,status,15,WEREWOLF,ALIVE,HALUemon
2,talk,0,0,1,VOTE Agent[04]
2,talk,1,0,14,VOTE Agent[01]
2,talk,2,0,4,VOTE Agent[14]
2,talk,3,0,13,ESTIMATE Agent[05] WEREWOLF
2,talk,4,0,6,VOTE Agent[04]
2,talk,5,0,5,VOTE Agent[04]
2,talk,6,0,15,VOTE Agent[01]
2,talk,7,0,12,VOTE Agent[04]
2,talk,8,0,9,VOTE Agent[14]
2,talk,9,0,8,DIVINED Agent[14] HUMAN
2,talk,10,0,11,VOTE Agent[14]
2,talk,11,0,2,Skip
2,talk,12,0,10,IDENTIFIED Agent[07] HUMAN
2,talk,13,1,2,ESTIMATE Agent[04] VILLAGER
2,talk,14,1,5,Skip
2,talk,15,1,8,VOTE Agent[04]
2,talk,16,1,1,Skip
2,talk,17,1,13,ESTIMATE Agent[15] WEREWOLF
2,talk,18,1,4,VOTE Agent[01]
2,talk,19,1,12,Skip
2,talk,20,1,10,Skip
2,talk,21,1,11,VOTE Agent[04]
2,talk,22,1,15,VOTE Agent[01]
2,talk,23,1,6,Skip
2,talk,24,1,14,Skip
2,talk,25,1,9,Skip
2,talk,26,2,13,ESTIMATE Agent[02] WEREWOLF
2,talk,27,2,6,Skip
2,talk,28,2,1,Skip
2,talk,29,2,4,Skip
2,talk,30,2,10,Skip
2,talk,31,2,2,ESTIMATE Agent[12] VILLAGER
2,talk,32,2,11,Skip
2,talk,33,2,14,Skip
2,talk,34,2,9,VOTE Agent[04]
2,talk,35,2,8,Skip
2,talk,36,2,15,VOTE Agent[01]
2,talk,37,2,5,Skip
2,talk,38,2,12,Skip
2,talk,39,3,6,Over
2,talk,40,3,2,VOTE Agent[13]
2,talk,41,3,5,Over
2,talk,42,3,8,Skip
2,talk,43,3,9,Skip
2,talk,44,3,10,Over
2,talk,45,3,13,VOTE Agent[02]
2,talk,46,3,1,Over
2,talk,47,3,11,Skip
2,talk,48,3,4,Skip
2,talk,49,3,15,VOTE Agent[01]
2,talk,50,3,12,Over
2,talk,51,3,14,VOTE Agent[04]
2,talk,52,4,6,Over
2,talk,53,4,15,VOTE Agent[02]
2,talk,54,4,10,Over
2,talk,55,4,5,Over
2,talk,56,4,1,Over
2,talk,57,4,12,Over
2,talk,58,4,9,Skip
2,talk,59,4,8,Over
2,talk,60,4,13,VOTE Agent[01]
2,talk,61,4,11,Over
2,talk,62,4,2,ESTIMATE Agent[01] WEREWOLF
2,talk,63,4,14,Skip
2,talk,64,4,4,Over
2,talk,65,5,1,Over
2,talk,66,5,12,Over
2,talk,67,5,2,ESTIMATE Agent[08] WEREWOLF
2,talk,68,5,8,Over
2,talk,69,5,4,Over
2,talk,70,5,15,VOTE Agent[01]
2,talk,71,5,13,VOTE Agent[11]
2,talk,72,5,11,VOTE Agent[01]
2,talk,73,5,10,Over
2,talk,74,5,9,Over
2,talk,75,5,14,Skip
2,talk,76,5,6,Over
2,talk,77,5,5,Over
2,talk,78,6,12,Over
2,talk,79,6,9,Over
2,talk,80,6,15,VOTE Agent[01]
2,talk,81,6,1,Over
2,talk,82,6,8,Over
2,talk,83,6,2,ESTIMATE Agent[15] VILLAGER
2,talk,84,6,14,Over
2,talk,85,6,5,Over
2,talk,86,6,13,VOTE Agent[01]
2,talk,87,6,6,Over
2,talk,88,6,11,Skip
2,talk,89,6,10,Over
2,talk,90,6,4,Over
2,talk,91,7,15,VOTE Agent[01]
2,talk,92,7,14,Over
2,talk,93,7,12,Over
2,talk,94,7,5,Over
2,talk,95,7,9,Over
2,talk,96,7,10,Over
2,talk,97,7,13,ESTIMATE Agent[01] WEREWOLF
2,talk,98,7,1,Over
2,talk,99,7,6,Over
2,talk,100,7,11,Skip
2,talk,101,7,8,Over
2,talk,102,7,2,Skip
2,talk,103,7,4,Over
2,talk,104,8,8,Over
2,talk,105,8,14,Over
2,talk,106,8,6,Over
2,talk,107,8,1,Over
2,talk,108,8,15,VOTE Agent[01]
2,talk,109,8,10,Over
2,talk,110,8,11,Over
2,talk,111,8,9,Over
2,talk,112,8,5,Over
2,talk,113,8,4,Over
2,talk,114,8,2,VOTE Agent[12]
2,talk,115,8,12,Over
2,talk,116,8,13,ESTIMATE Agent[12] WEREWOLF
2,talk,117,9,5,Over
2,talk,118,9,8,Over
2,talk,119,9,4,Over
2,talk,120,9,6,Over
2,talk,121,9,9,Over
2,talk,122,9,2,Over
2,talk,123,9,1,Over
2,talk,124,9,12,Over
2,talk,125,9,10,Over
2,talk,126,9,14,Over
2,talk,127,9,13,Over
2,talk,128,9,11,Over
2,talk,129,9,15,Over
2,vote,1,4
2,vote,2,12
2,vote,4,1
2,vote,5,4
2,vote,6,4
2,vote,8,4
2,vote,9,4
2,vote,10,14
2,vote,11,1
2,vote,12,4
2,vote,13,1
2,vote,14,4
2,vote,15,1
2,execute,4,WEREWOLF
2,whisper,0,0,14,Skip
2,whisper,1,0,15,ATTACK Agent[10]
2,whisper,2,1,15,Skip
2,whisper,3,1,14,Skip
2,whisper,4,2,14,Over
2,whisper,5,2,15,Skip
2,whisper,6,3,14,Over
2,whisper,7,3,15,Over
2,guard,9,6,VILLAGER
2,attackVote,14,6
2,attackVote,15,10
2,attackVote,14,6
2,attackVote,15,10
2,attack,6,false
3,status,1,VILLAGER,ALIVE,hellowolf
3,status,2,VILLAGER,ALIVE,wasabi
3,status,3,SEER,DEAD,hellowolf 2
3,status,4,WEREWOLF,DEAD,fanfan 1
3,status,5,VILLAGER,ALIVE,hellowolf 1
3,status,6,VILLAGER,ALIVE,fanfan 2
3,status,7,VILLAGER,DEAD,tomato
3,status,8,POSSESSED,ALIVE,takeda 1
3,status,9,BODYGUARD,ALIVE,takeda 3
3,status,10,MEDIUM,ALIVE,takeda 2
3,status,11,VILLAGER,ALIVE,tomato 1
3,status,12,VILLAGER,ALIVE,fanfan
3,status,13,VILLAGER,ALIVE,wasabi 1
3,status,14,WEREWOLF,ALIVE,takeda
3,status,15,WEREWOLF,ALIVE,HALUemon
3,talk,0,0,10,IDENTIFIED Agent[04] WEREWOLF
3,talk,1,0,12,VOTE Agent[01]
3,talk,2,0,9,VOTE Agent[14]
3,talk,3,0,8,DIVINED Agent[06] WEREWOLF
3,talk,4,0,6,VOTE Agent[09]
3,talk,5,0,11,VOTE Agent[13]
3,talk,6,0,15,VOTE Agent[11]
3,talk,7,0,13,Skip
3,talk,8,0,5,VOTE Agent[14]
3,talk,9,0,14,VOTE Agent[01]
3,talk,10,0,1,VOTE Agent[02]
3,talk,11,0,2,ESTIMATE Agent[08] WEREWOLF
3,talk,12,1,13,ESTIMATE Agent[02] WEREWOLF
3,talk,13,1,10,Skip
3,talk,14,1,8,VOTE Agent[06]
3,talk,15,1,2,ESTIMATE Agent[05] VILLAGER
3,talk,16,1,14,Skip
3,talk,17,1,1,VOTE Agent[09]
3,talk,18,1,9,Skip
3,talk,19,1,5,Skip
3,talk,20,1,6,VOTE Agent[14]
3,talk,21,1,11,VOTE Agent[01]
3,talk,22,1,12,VOTE Agent[14]
3,talk,23,1,15,VOTE Agent[01]
3,talk,24,2,15,VOTE Agent[01]
3,talk,25,2,11,VOTE Agent[14]
3,talk,26,2,2,Skip
3,talk,27,2,5,Skip
3,talk,28,2,10,Skip
3,talk,29,2,14,Skip
3,talk,30,2,9,Skip
3,talk,31,2,6,Skip
3,talk,32,2,8,Skip
3,talk,33,2,12,Skip
3,talk,34,2,1,VOTE Agent[02]
3,talk,35,2,13,ESTIMATE Agent[10] MEDIUM
3,talk,36,3,2,VOTE Agent[01]
3,talk,37,3,5,Over
3,talk,38,3,14,Over
3,talk,39,3,9,Over
3,talk,40,3,10,Over
3,talk,41,3,13,VOTE Agent[02]
3,talk,42,3,11,VOTE Agent[01]
3,talk,43,3,12,Skip
3,talk,44,3,8,Skip
3,talk,45,3,15,VOTE Agent[01]
3,talk,46,3,1,Skip
3,talk,47,3,6,Skip
3,talk,48,4,12,Over
3,talk,49,4,13,ESTIMATE Agent[11] WEREWOLF
3,talk,50,4,2,VOTE Agent[05]
3,talk,51,4,6,Over
3,talk,52,4,8,Over
3,talk,53,4,10,VOTE Agent[01]
3,talk,54,4,1,Skip
3,talk,55,4,9,Over
3,talk,56,4,5,Over
3,talk,57,4,14,Over
3,talk,58,4,11,Skip
3,talk,59,4,15,VOTE Agent[01]
3,talk,60,5,13,VOTE Agent[15]
3,talk,61,5,15,VOTE Agent[01]
3,talk,62,5,9,Over
3,talk,63,5,12,Over
3,talk,64,5,10,Skip
3,talk,65,5,14,Over
3,talk,66,5,2,Skip
3,talk,67,5,6,Over
3,talk,68,5,11,Skip
3,talk,69,5,8,Over
3,talk,70,5,5,Over
3,talk,71,5,1,Over
3,talk,72,6,15,VOTE Agent[01]
3,talk,73,6,2,ESTIMATE Agent[08] WEREWOLF
3,talk,74,6,8,Over
3,talk,75,6,6,Over
3,talk,76,6,12,Over
3,talk,77,6,5,Over
3,talk,78,6,11,Over
3,talk,79,6,10,Skip
3,talk,80,6,13,VOTE Agent[05]
3,talk,81,6,9,Over
3,talk,82,6,1,Over
3,talk,83,6,14,Over
3,talk,84,7,2,Skip
3,talk,85,7,9,Over
3,talk,86,7,14,Over
3,talk,87,7,15,VOTE Agent[01]
3,talk,88,7,10,Over
3,talk,89,7,5,Over
3,talk,90,7,13,VOTE Agent[01]
3,talk,91,7,1,VOTE Agent[14]
3,talk,92,7,8,Over
3,talk,93,7,12,Over
3,talk,94,7,6,Over
3,talk,95,7,11,Over
3,talk,96,8,1,Skip
3,talk,97,8,10,Over
3,talk,98,8,8,Over
3,talk,99,8,13,ESTIMATE Agent[06] VILLAGER
3,talk,100,8,2,VOTE Agent[10]
3,talk,101,8,5,Over
3,talk,102,8,14,Over
3,talk,103,8,9,Over
3,talk,104,8,12,Over
3,talk,105,8,6,Over
3,talk,106,8,15,VOTE Agent[01]
3,talk,107,8,11,Over
3,talk,108,9,14,Over
3,talk,109,9,5,Over
3,talk,110,9,11,Over
3,talk,111,9,6,Over
3,talk,112,9,13,Over
3,talk,113,9,1,VOTE Agent[02]
3,talk,114,9,8,Over
3,talk,115,9,9,Over
3,talk,116,9,2,Over
3,talk,117,9,15,Over
3,talk,118,9,12,Over
3,talk,119,9,10,Over
3,talk,120,10,13,Over
3,talk,121,10,10,VOTE Agent[14]
3,talk,122,10,9,Over
3,talk,123,10,8,Over
3,talk,124,10,2,Over
3,talk,125,10,6,VOTE Agent[09]
3,talk,126,10,1,Skip
3,talk,127,10,14,Over
3,talk,128,10,12,Over
3,talk,129,10,5,Over
3,talk,130,10,15,Over
3,talk,131,10,11,Over
3,talk,132,11,10,VOTE Agent[01]
3,talk,133,11,1,VOTE Agent[14]
3,talk,134,11,13,Over
3,talk,135,11,15,Over
3,talk,136,11,2,Over
3,talk,137,11,6,VOTE Agent[14]
3,talk,138,11,11,Over
3,talk,139,11,5,Over
3,talk,140,11,9,Over
3,talk,141,11,8,Over
3,talk,142,11,12,Over
3,talk,143,11,14,Over
3,talk,144,12,13,Over
3,talk,145,12,12,Over
3,talk,146,12,10,VOTE Agent[14]
3,talk,147,12,8,Over
3,talk,148,12,15,Over
3,talk,149,12,1,Skip
3,talk,150,12,11,Over
3,talk,151,12,6,Skip
3,talk,152,12,2,Over
3,talk,153,12,14,Over
3,talk,154,12,5,Over
3,talk,155,12,9,Over
3,talk,156,13,2,Over
3,talk,157,13,9,Over
3,talk,158,13,15,Over
3,talk,159,13,12,Over
3,talk,160,13,5,Over
3,talk,161,13,14,VOTE Agent[01]
3,talk,162,13,13,Over
3,talk,163,13,1,Skip
3,talk,164,13,8,Over
3,talk,165,13,6,Skip
3,talk,166,13,10,Skip
3,talk,167,13,11,Over
3,talk,168,14,2,Over
3,talk,169,14,12,Over
3,talk,170,14,10,Skip
3,talk,171,14,13,Over
3,talk,172,14,11,Over
3,talk,173,14,5,Over
3,talk,174,14,15,Over
3,talk,175,14,9,Over
3,talk,176,14,1,Over
3,talk,177,14,6,Over
3,talk,178,14,8,Over
3,talk,179,14,14,VOTE Agent[01]
3,talk,180,15,11,Over
3,talk,181,15,13,Over
3,talk,182,15,12,Over
3,talk,183,15,10,Over
3,talk,184,15,8,Over
3,talk,185,15,6,Over
3,talk,186,15,9,Over
3,talk,187,15,1,Over
3,talk,188,15,15,Over
3,talk,189,15,2,Over
3,talk,190,15,14,VOTE Agent[01]
3,talk,191,15,5,Over
3,talk,192,16,6,Over
3,talk,193,16,5,Over
3,talk,194,16,2,Over
3,talk,195,16,12,Over
3,talk,196,16,1,Over
3,talk,197,16,13,Over
3,talk,198,16,9,Over
3,talk,199,16,10,Over
3,talk,200,16,14,VOTE Agent[01]
3,talk,201,16,15,Over
3,talk,202,16,8,Over
3,talk,203,16,11,Over
3,talk,204,17,12,Over
3,talk,205,17,15,Over
3,talk,206,17,1,Over
3,talk,207,17,11,Over
3,talk,208,17,13,Over
3,talk,209,17,10,Over
3,talk,210,17,8,Over
3,talk,211,17,6,Over
3,talk,212,17,9,Over
3,talk,213,17,14,VOTE Agent[01]
3,talk,214,17,2,Over
3,talk,215,17,5,Over
3,talk,216,18,12,Over
3,talk,217,18,5,Over
3,talk,218,18,13,Over
3,talk,219,18,9,Over
3,talk,220,18,10,Over
3,talk,221,18,8,Over
3,talk,222,18,1,Over
3,talk,223,18,15,Over
3,talk,224,18,6,Over
3,talk,225,18,11,Over
3,talk,226,18,14,VOTE Agent[01]
3,talk,227,18,2,Over
3,talk,228,19,15,Over
3,talk,229,19,12,Over
3,talk,230,19,1,Over
3,talk,231,19,9,Over
3,talk,232,19,8,Over
3,talk,233,19,14,VOTE Agent[01]
3,talk,234,19,6,Over
3,talk,235,19,2,Over
3,talk,236,19,13,Over
3,talk,237,19,11,Over
3,talk,238,19,10,Over
3,talk,239,19,5,Over
3,vote,1,14
3,vote,2,10
3,vote,5,14
3,vote,6,14
3,vote,8,1
3,vote,9,14
3,vote,10,14
3,vote,11,1
3,vote,12,14
3,vote,13,1
3,vote,14,1
3,vote,15,1
3,execute,14,WEREWOLF
3,guard,9,6,VILLAGER
3,attackVote,15,10
3,attack,10,true
4,status,1,VILLAGER,ALIVE,hellowolf
4,status,2,VILLAGER,ALIVE,wasabi
4,status,3,SEER,DEAD,hellowolf 2
4,status,4,WEREWOLF,DEAD,fanfan 1
4,status,5,VILLAGER,ALIVE,hellowolf 1
4,status,6,VILLAGER,ALIVE,fanfan 2
4,status,7,VILLAGER,DEAD,tomato
4,status,8,POSSESSED,ALIVE,takeda 1
4,status,9,BODYGUARD,ALIVE,takeda 3
4,status,10,MEDIUM,DEAD,takeda 2
4,status,11,VILLAGER,ALIVE,tomato 1
4,status,12,VILLAGER,ALIVE,fanfan
4,status,13,VILLAGER,ALIVE,wasabi 1
4,status,14,WEREWOLF,DEAD,takeda
4,status,15,WEREWOLF,ALIVE,HALUemon
4,talk,0,0,8,DIVINED Agent[11] WEREWOLF
4,talk,1,0,12,VOTE Agent[09]
4,talk,2,0,6,VOTE Agent[09]
4,talk,3,0,9,VOTE Agent[01]
4,talk,4,0,2,Skip
4,talk,5,0,1,VOTE Agent[02]
4,talk,6,0,11,VOTE Agent[15]
4,talk,7,0,15,VOTE Agent[05]
4,talk,8,0,13,Skip
4,talk,9,0,5,VOTE Agent[02]
4,talk,10,1,15,VOTE Agent[09]
4,talk,11,1,6,Skip
4,talk,12,1,8,VOTE Agent[06]
4,talk,13,1,13,Skip
4,talk,14,1,2,ESTIMATE Agent[08] WEREWOLF
4,talk,15,1,1,VOTE Agent[09]
4,talk,16,1,11,VOTE Agent[02]
4,talk,17,1,5,Skip
4,talk,18,1,9,Skip
4,talk,19,1,12,Skip
4,talk,20,2,8,Skip
4,talk,21,2,1,VOTE Agent[02]
4,talk,22,2,9,VOTE Agent[02]
4,talk,23,2,12,Skip
4,talk,24,2,2,ESTIMATE Agent[08] WEREWOLF
4,talk,25,2,11,VOTE Agent[09]
4,talk,26,2,6,Skip
4,talk,27,2,15,VOTE Agent[09]
4,talk,28,2,13,ESTIMATE Agent[15] VILLAGER
4,talk,29,2,5,VOTE Agent[09]
4,talk,30,3,8,Skip
4,talk,31,3,2,VOTE Agent[08]
4,talk,32,3,9,VOTE Agent[01]
4,talk,33,3,6,Over
4,talk,34,3,11,Skip
4,talk,35,3,12,Over
4,talk,36,3,13,VOTE Agent[09]
4,talk,37,3,1,VOTE Agent[09]
4,talk,38,3,15,VOTE Agent[09]
4,talk,39,3,5,Skip
4,talk,40,4,8,Over
4,talk,41,4,11,Skip
4,talk,42,4,6,Over
4,talk,43,4,13,ESTIMATE Agent[08] WEREWOLF
4,talk,44,4,5,Skip
4,talk,45,4,9,VOTE Agent[01]
4,talk,46,4,12,Over
4,talk,47,4,2,ESTIMATE Agent[09] VILLAGER
4,talk,48,4,15,VOTE Agent[09]
4,talk,49,4,1,Skip
4,talk,50,5,12,Over
4,talk,51,5,2,ESTIMATE Agent[06] VILLAGER
4,talk,52,5,9,VOTE Agent[01]
4,talk,53,5,6,Over
4,talk,54,5,1,Skip
4,talk,55,5,5,Over
4,talk,56,5,11,Over
4,talk,57,5,13,ESTIMATE Agent[08] WEREWOLF
4,talk,58,5,8,Over
4,talk,59,5,15,VOTE Agent[09]
4,talk,60,6,8,Over
4,talk,61,6,13,ESTIMATE Agent[05] VILLAGER
4,talk,62,6,12,Over
4,talk,63,6,11,Over
4,talk,64,6,15,VOTE Agent[09]
4,talk,65,6,9,VOTE Agent[01]
4,talk,66,6,6,Over
4,talk,67,6,1,Over
4,talk,68,6,2,Skip
4,talk,69,6,5,Over
4,talk,70,7,15,VOTE Agent[09]
4,talk,71,7,6,Over
4,talk,72,7,2,Skip
4,talk,73,7,8,Over
4,talk,74,7,13,VOTE Agent[12]
4,talk,75,7,9,VOTE Agent[01]
4,talk,76,7,11,Over
4,talk,77,7,5,Over
4,talk,78,7,12,Over
4,talk,79,7,1,Over
4,talk,80,8,5,Over
4,talk,81,8,2,REQUEST ANY (VOTE Agent[08])
4,talk,82,8,15,VOTE Agent[09]
4,talk,83,8,6,Over
4,talk,84,8,1,Over
4,talk,85,8,11,Over
4,talk,86,8,8,Over
4,talk,87,8,13,VOTE Agent[09]
4,talk,88,8,12,Over
4,talk,89,8,9,VOTE Agent[01]
4,talk,90,9,11,Over
4,talk,91,9,13,Over
4,talk,92,9,12,Over
4,talk,93,9,5,Over
4,talk,94,9,2,Over
4,talk,95,9,1,Over
4,talk,96,9,15,Over
4,talk,97,9,6,Over
4,talk,98,9,9,VOTE Agent[01]
4,talk,99,9,8,Over
4,talk,100,10,15,Over
4,talk,101,10,9,VOTE Agent[01]
4,talk,102,10,5,Over
4,talk,103,10,13,Over
4,talk,104,10,12,Over
4,talk,105,10,11,Over
4,talk,106,10,1,Over
4,talk,107,10,6,Over
4,talk,108,10,2,Over
4,talk,109,10,8,Over
4,talk,110,11,8,Over
4,talk,111,11,11,Over
4,talk,112,11,15,Over
4,talk,113,11,5,Over
4,talk,114,11,6,Over
4,talk,115,11,9,Over
4,talk,116,11,12,Over
4,talk,117,11,2,Over
4,talk,118,11,1,Over
4,talk,119,11,13,Over
4,vote,1,9
4,vote,2,8
4,vote,5,9
4,vote,6,9
4,vote,8,9
4,vote,9,1
4,vote,11,9
4,vote,12,9
4,vote,13,9
4,vote,15,9
4,execute,9,BODYGUARD
4,attack,2,true
5,status,1,VILLAGER,ALIVE,hellowolf
5,status,2,VILLAGER,DEAD,wasabi
5,status,3,SEER,DEAD,hellowolf 2
5,status,4,WEREWOLF,DEAD,fanfan 1
5,status,5,VILLAGER,ALIVE,hellowolf 1
5,status,6,VILLAGER,ALIVE,fanfan 2
5,status,7,VILLAGER,DEAD,tomato
5,status,8,POSSESSED,ALIVE,takeda 1
5,status,9,BODYGUARD,DEAD,takeda 3
5,status,10,MEDIUM,DEAD,takeda 2
5,status,11,VILLAGER,ALIVE,tomato 1
5,status,12,VILLAGER,ALIVE,fanfan
5,status,13,VILLAGER,ALIVE,wasabi 1
5,status,14,WEREWOLF,DEAD,takeda
5,status,15,WEREWOLF,ALIVE,HALUemon
5,talk,0,0,5,VOTE Agent[12]
5,talk,1,0,8,DIVINED Agent[05] WEREWOLF
5,talk,2,0,15,VOTE Agent[01]
5,talk,3,0,1,VOTE Agent[12]
5,talk,4,0,13,Skip
5,talk,5,0,11,VOTE Agent[05]
5,talk,6,0,6,VOTE Agent[12]
5,talk,7,0,12,VOTE Agent[01]
5,talk,8,1,11,VOTE Agent[12]
5,talk,9,1,15,VOTE Agent[12]
5,talk,10,1,1,Skip
5,talk,11,1,13,ESTIMATE Agent[08] WEREWOLF
5,talk,12,1,6,Skip
5,talk,13,1,12,Skip
5,talk,14,1,5,VOTE Agent[01]
5,talk,15,1,8,VOTE Agent[06]
5,talk,16,2,13,Skip
5,talk,17,2,12,Skip
5,talk,18,2,1,Skip
5,talk,19,2,15,VOTE Agent[12]
5,talk,20,2,6,Skip
5,talk,21,2,11,Skip
5,talk,22,2,8,VOTE Agent[11]
5,talk,23,2,5,VOTE Agent[12]
5,talk,24,3,1,Over
5,talk,25,3,15,VOTE Agent[12]
5,talk,26,3,8,Skip
5,talk,27,3,5,Skip
5,talk,28,3,13,VOTE Agent[05]
5,talk,29,3,12,Over
5,talk,30,3,11,Skip
5,talk,31,3,6,Over
5,talk,32,4,1,Over
5,talk,33,4,8,Skip
5,talk,34,4,11,Over
5,talk,35,4,6,Over
5,talk,36,4,15,VOTE Agent[12]
5,talk,37,4,13,VOTE Agent[11]
5,talk,38,4,12,Over
5,talk,39,4,5,Skip
5,talk,40,5,15,VOTE Agent[12]
5,talk,41,5,5,Over
5,talk,42,5,12,Over
5,talk,43,5,6,Over
5,talk,44,5,1,Over
5,talk,45,5,11,Over
5,talk,46,5,8,Over
5,talk,47,5,13,VOTE Agent[12]
5,talk,48,6,12,Over
5,talk,49,6,5,Over
5,talk,50,6,1,Over
5,talk,51,6,13,VOTE Agent[11]
5,talk,52,6,11,Over
5,talk,53,6,8,Over
5,talk,54,6,6,Over
5,talk,55,6,15,VOTE Agent[12]
5,talk,56,7,15,VOTE Agent[12]
5,talk,57,7,11,Over
5,talk,58,7,5,Over
5,talk,59,7,12,Over
5,talk,60,7,8,Over
5,talk,61,7,1,Over
5,talk,62,7,6,Over
5,talk,63,7,13,VOTE Agent[12]
5,talk,64,8,11,Over
5,talk,65,8,12,Over
5,talk,66,8,5,Over
5,talk,67,8,6,Over
5,talk,68,8,15,VOTE Agent[12]
5,talk,69,8,1,Over
5,talk,70,8,8,Over
5,talk,71,8,13,VOTE Agent[01]
5,talk,72,9,8,Over
5,talk,73,9,6,Over
5,talk,74,9,1,Over
5,talk,75,9,11,Over
5,talk,76,9,13,Over
5,talk,77,9,12,Over
5,talk,78,9,5,Over
5,talk,79,9,15,Over
5,vote,1,12
5,vote,5,12
5,vote,6,12
5,vote,8,12
5,vote,11,12
5,vote,12,1
5,vote,13,1
5,vote,15,12
5,execute,12,VILLAGER
5,attack,8,true
6,status,1,VILLAGER,ALIVE,hellowolf
6,status,2,VILLAGER,DEAD,wasabi
6,status,3,SEER,DEAD,hellowolf 2
6,status,4,WEREWOLF,DEAD,fanfan 1
6,status,5,VILLAGER,ALIVE,hellowolf 1
6,status,6,VILLAGER,ALIVE,fanfan 2
6,status,7,VILLAGER,DEAD,tomato
6,status,8,POSSESSED,DEAD,takeda 1
6,status,9,BODYGUARD,DEAD,takeda 3
6,status,10,MEDIUM,DEAD,takeda 2
6,status,11,VILLAGER,ALIVE,tomato 1
6,status,12,VILLAGER,DEAD,fanfan
6,status,13,VILLAGER,ALIVE,wasabi 1
6,status,14,WEREWOLF,DEAD,takeda
6,status,15,WEREWOLF,ALIVE,HALUemon
6,talk,0,0,1,VOTE Agent[13]
6,talk,1,0,13,ESTIMATE Agent[06] VILLAGER
6,talk,2,0,15,VOTE Agent[13]
6,talk,3,0,6,VOTE Agent[13]
6,talk,4,0,5,VOTE Agent[15]
6,talk,5,0,11,VOTE Agent[05]
6,talk,6,1,1,Skip
6,talk,7,1,13,ESTIMATE Agent[06] VILLAGER
6,talk,8,1,15,VOTE Agent[13]
6,talk,9,1,5,Skip
6,talk,10,1,11,VOTE Agent[13]
6,talk,11,1,6,Skip
6,talk,12,2,6,Skip
6,talk,13,2,5,Skip
6,talk,14,2,11,Skip
6,talk,15,2,15,VOTE Agent[13]
6,talk,16,2,13,ESTIMATE Agent[01] VILLAGER
6,talk,17,2,1,Skip
6,talk,18,3,15,VOTE Agent[13]
6,talk,19,3,1,Over
6,talk,20,3,13,VOTE Agent[05]
6,talk,21,3,11,Skip
6,talk,22,3,6,Over
6,talk,23,3,5,Over
6,talk,24,4,1,Over
6,talk,25,4,5,Over
6,talk,26,4,6,Over
6,talk,27,4,13,ESTIMATE Agent[01] WEREWOLF
6,talk,28,4,15,VOTE Agent[13]
6,talk,29,4,11,Over
6,talk,30,5,13,VOTE Agent[11]
6,talk,31,5,11,Over
6,talk,32,5,5,Over
6,talk,33,5,1,Over
6,talk,34,5,15,VOTE Agent[13]
6,talk,35,5,6,Over
6,talk,36,6,6,Over
6,talk,37,6,15,VOTE Agent[13]
6,talk,38,6,13,VOTE Agent[15]
6,talk,39,6,1,Over
6,talk,40,6,11,Over
6,talk,41,6,5,Over
6,talk,42,7,5,Over
6,talk,43,7,6,Over
6,talk,44,7,11,Over
6,talk,45,7,15,VOTE Agent[13]
6,talk,46,7,1,Over
6,talk,47,7,13,ESTIMATE Agent[05] WEREWOLF
6,talk,48,8,15,VOTE Agent[13]
6,talk,49,8,5,Over
6,talk,50,8,1,Over
6,talk,51,8,6,Over
6,talk,52,8,13,Skip
6,talk,53,8,11,Over
6,talk,54,9,15,Over
6,talk,55,9,5,Over
6,talk,56,9,1,Over
6,talk,57,9,11,Over
6,talk,58,9,6,Over
6,talk,59,9,13,Over
6,vote,1,13
6,vote,5,15
6,vote,6,13
6,vote,11,13
6,vote,13,15
6,vote,15,13
6,execute,13,VILLAGER
6,attack,1,true
7,status,1,VILLAGER,DEAD,hellowolf
7,status,2,VILLAGER,DEAD,wasabi
7,status,3,SEER,DEAD,hellowolf 2
7,status,4,WEREWOLF,DEAD,fanfan 1
7,status,5,VILLAGER,ALIVE,hellowolf 1
7,status,6,VILLAGER,ALIVE,fanfan 2
7,status,7,VILLAGER,DEAD,tomato
7,status,8,POSSESSED,DEAD,takeda 1
7,status,9,BODYGUARD,DEAD,takeda 3
7,status,10,MEDIUM,DEAD,takeda 2
7,status,11,VILLAGER,ALIVE,tomato 1
7,status,12,VILLAGER,DEAD,fanfan
7,status,13,VILLAGER,DEAD,wasabi 1
7,status,14,WEREWOLF,DEAD,takeda
7,status,15,WEREWOLF,ALIVE,HALUemon
7,talk,0,0,11,VOTE Agent[06]
7,talk,1,0,15,VOTE Agent[06]
7,talk,2,0,5,VOTE Agent[15]
7,talk,3,0,6,VOTE Agent[15]
7,talk,4,1,15,VOTE Agent[06]
7,talk,5,1,6,Skip
7,talk,6,1,11,VOTE Agent[15]
7,talk,7,1,5,Skip
7,talk,8,2,5,Skip
7,talk,9,2,15,VOTE Agent[11]
7,talk,10,2,11,VOTE Agent[06]
7,talk,11,2,6,Skip
7,talk,12,3,5,Over
7,talk,13,3,11,Skip
7,talk,14,3,6,Over
7,talk,15,3,15,VOTE Agent[06]
7,talk,16,4,11,Skip
7,talk,17,4,15,VOTE Agent[06]
7,talk,18,4,6,Over
7,talk,19,4,5,Over
7,talk,20,5,5,Over
7,talk,21,5,15,VOTE Agent[06]
7,talk,22,5,11,Over
7,talk,23,5,6,Over
7,talk,24,6,6,Over
7,talk,25,6,15,VOTE Agent[06]
7,talk,26,6,5,Over
7,talk,27,6,11,Over
7,talk,28,7,15,VOTE Agent[06]
7,talk,29,7,11,Over
7,talk,30,7,6,Over
7,talk,31,7,5,Over
7,talk,32,8,11,Over
7,talk,33,8,5,Over
7,talk,34,8,6,Over
7,talk,35,8,15,VOTE Agent[06]
7,talk,36,9,15,Over
7,talk,37,9,11,Over
7,talk,38,9,6,Over
7,talk,39,9,5,Over
7,vote,5,15
7,vote,6,15
7,vote,11,6
7,vote,15,6
7,vote,5,15
7,vote,6,15
7,vote,11,6
7,vote,15,6
7,execute,6,VILLAGER
7,attack,5,true
8,status,1,VILLAGER,DEAD,hellowolf
8,status,2,VILLAGER,DEAD,wasabi
8,status,3,SEER,DEAD,hellowolf 2
8,status,4,WEREWOLF,DEAD,fanfan 1
8,status,5,VILLAGER,DEAD,hellowolf 1
8,status,6,VILLAGER,DEAD,fanfan 2
8,status,7,VILLAGER,DEAD,tomato
8,status,8,POSSESSED,DEAD,takeda 1
8,status,9,BODYGUARD,DEAD,takeda 3
8,status,10,MEDIUM,DEAD,takeda 2
8,status,11,VILLAGER,ALIVE,tomato 1
8,status,12,VILLAGER,DEAD,fanfan
8,status,13,VILLAGER,DEAD,wasabi 1
8,status,14,WEREWOLF,DEAD,takeda
8,status,15,WEREWOLF,ALIVE,HALUemon
8,result,1,1,WEREWOLF
