0,status,1,VILLAGER,ALIVE,hellowolf
0,status,2,WEREWOLF,ALIVE,wasabi
0,status,3,VILLAGER,ALIVE,hellowolf 2
0,status,4,BODYGUARD,ALIVE,fanfan 1
0,status,5,MEDIUM,ALIVE,hellowolf 1
0,status,6,VILLAGER,ALIVE,fanfan 2
0,status,7,WEREWOLF,ALIVE,tomato
0,status,8,VILLAGER,ALIVE,takeda 1
0,status,9,VILLAGER,ALIVE,takeda 3
0,status,10,VILLAGER,ALIVE,takeda 2
0,status,11,VILLAGER,ALIVE,tomato 1
0,status,12,WEREWOLF,ALIVE,fanfan
0,status,13,SEER,ALIVE,wasabi 1
0,status,14,VILLAGER,ALIVE,takeda
0,status,15,POSSESSED,ALIVE,HALUemon
0,whisper,0,0,12,COMINGOUT Agent[12] VILLAGER
0,whisper,1,0,7,COMINGOUT Agent[07] VILLAGER
0,whisper,2,0,2,Over
0,whisper,3,1,7,Skip
0,whisper,4,1,12,Skip
0,whisper,5,1,2,ATTACK Agent[03]
0,whisper,6,2,7,COMINGOUT Agent[07] SEER
0,whisper,7,2,2,VOTE Agent[14]
0,whisper,8,2,12,Skip
0,whisper,9,3,2,ATTACK Agent[10]
0,whisper,10,3,12,Over
0,whisper,11,3,7,Skip
0,whisper,12,4,7,Skip
0,whisper,13,4,12,Over
0,whisper,14,4,2,Over
0,whisper,15,5,2,Over
0,whisper,16,5,12,Over
0,whisper,17,5,7,Over
0,divine,13,1,HUMAN
1,status,1,VILLAGER,ALIVE,hellowolf
1,status,2,WEREWOLF,ALIVE,wasabi
1,status,3,VILLAGER,ALIVE,hellowolf 2
1,status,4,BODYGUARD,ALIVE,fanfan 1
1,status,5,MEDIUM,ALIVE,hellowolf 1
1,status,6,VILLAGER,ALIVE,fanfan 2
1,status,7,WEREWOLF,ALIVE,tomato
1,status,8,VILLAGER,ALIVE,takeda 1
1,status,9,VILLAGER,ALIVE,takeda 3
1,status,10,VILLAGER,ALIVE,takeda 2
1,status,11,VILLAGER,ALIVE,tomato 1
1,status,12,WEREWOLF,ALIVE,fanfan
1,status,13,SEER,ALIVE,wasabi 1
1,status,14,VILLAGER,ALIVE,takeda
1,status,15,POSSESSED,ALIVE,HALUemon
1,talk,0,0,7,COMINGOUT Agent[07] SEER
1,talk,1,0,13,COMINGOUT Agent[13] SEER
1,talk,2,0,3,VOTE Agent[06]
1,talk,3,0,12,VOTE Agent[06]
1,talk,4,0,5,COMINGOUT Agent[05] MEDIUM
1,talk,5,0,9,VOTE Agent[11]
1,talk,6,0,6,VOTE Agent[03]
1,talk,7,0,15,COMINGOUT Agent[15] SEER
1,talk,8,0,8,VOTE Agent[13]
1,talk,9,0,4,VOTE Agent[06]
1,talk,10,0,11,VOTE Agent[15]
1,talk,11,0,2,ESTIMATE Agent[06] VILLAGER
1,talk,12,0,14,VOTE Agent[07]
1,talk,13,0,1,VOTE Agent[06]
1,talk,14,0,10,VOTE Agent[06]
1,talk,15,1,15,DIVINED Agent[07] WEREWOLF
1,talk,16,1,7,DIVINED Agent[06] WEREWOLF
1,talk,17,1,13,DIVINED Agent[01] HUMAN
1,talk,18,1,14,Skip
1,talk,19,1,8,VOTE Agent[14]
1,talk,20,1,5,VOTE Agent[07]
1,talk,21,1,3,VOTE Agent[07]
1,talk,22,1,11,VOTE Agent[06]
1,talk,23,1,1,VOTE Agent[07]
1,talk,24,1,4,VOTE Agent[07]
1,talk,25,1,12,Skip
1,talk,26,1,6,VOTE Agent[07]
1,talk,27,1,2,ESTIMATE Agent[15] WEREWOLF
1,talk,28,1,10,VOTE Agent[07]
1,talk,29,1,9,VOTE Agent[07]
1,talk,30,2,14,Skip
1,talk,31,2,3,Skip
1,talk,32,2,8,VOTE Agent[07]
1,talk,33,2,15,VOTE Agent[07]
1,talk,34,2,10,Skip
1,talk,35,2,6,Skip
1,talk,36,2,4,Skip
1,talk,37,2,1,Skip
1,talk,38,2,2,ESTIMATE Agent[05] MEDIUM
1,talk,39,2,7,VOTE Agent[07]
1,talk,40,2,5,Skip
1,talk,41,2,11,VOTE Agent[07]
1,talk,42,2,9,Skip
1,talk,43,2,12,Skip
1,talk,44,2,13,ESTIMATE Agent[12] VILLAGER
1,talk,45,3,4,Skip
1,talk,46,3,9,Skip
1,talk,47,3,13,VOTE Agent[06]
1,talk,48,3,2,VOTE Agent[06]
1,talk,49,3,3,Skip
1,talk,50,3,11,Skip
1,talk,51,3,5,Skip
1,talk,52,3,1,Skip
1,talk,53,3,7,Skip
1,talk,54,3,8,Skip
1,talk,55,3,10,Skip
1,talk,56,3,14,Over
1,talk,57,3,6,Skip
1,talk,58,3,15,VOTE Agent[07]
1,talk,59,3,12,Over
1,talk,60,4,11,Skip
1,talk,61,4,4,Over
1,talk,62,4,7,Skip
1,talk,63,4,2,Skip
1,talk,64,4,12,Over
1,talk,65,4,3,Over
1,talk,66,4,6,Over
1,talk,67,4,1,Over
1,talk,68,4,14,Over
1,talk,69,4,10,Over
1,talk,70,4,8,Skip
1,talk,71,4,5,Over
1,talk,72,4,13,ESTIMATE Agent[04] WEREWOLF
1,talk,73,4,15,VOTE Agent[07]
1,talk,74,4,9,Over
1,talk,75,5,8,Over
1,talk,76,5,3,Over
1,talk,77,5,11,Over
1,talk,78,5,6,Over
1,talk,79,5,14,Over
1,talk,80,5,10,Over
1,talk,81,5,2,Skip
1,talk,82,5,5,Over
1,talk,83,5,9,Over
1,talk,84,5,7,Over
1,talk,85,5,1,Over
1,talk,86,5,13,ESTIMATE Agent[07] WEREWOLF
1,talk,87,5,15,VOTE Agent[07]
1,talk,88,5,12,Over
1,talk,89,5,4,Over
1,talk,90,6,6,Over
1,talk,91,6,14,Over
1,talk,92,6,12,Over
1,talk,93,6,1,Over
1,talk,94,6,11,Over
1,talk,95,6,2,Over
1,talk,96,6,15,VOTE Agent[07]
1,talk,97,6,8,Over
1,talk,98,6,9,Over
1,talk,99,6,10,Over
1,talk,100,6,13,Skip
1,talk,101,6,3,Over
1,talk,102,6,4,Over
1,talk,103,6,7,Over
1,talk,104,6,5,Over
1,talk,105,7,14,Over
1,talk,106,7,4,Over
1,talk,107,7,6,Over
1,talk,108,7,1,Over
1,talk,109,7,10,Over
1,talk,110,7,15,VOTE Agent[07]
1,talk,111,7,12,Over
1,talk,112,7,2,ESTIMATE Agent[12] VILLAGER
1,talk,113,7,8,Over
1,talk,114,7,5,Over
1,talk,115,7,9,Over
1,talk,116,7,7,Over
1,talk,117,7,11,Over
1,talk,118,7,13,ESTIMATE Agent[07] WEREWOLF
1,talk,119,7,3,Over
1,talk,120,8,12,Over
1,talk,121,8,3,Over
1,talk,122,8,1,Over
1,talk,123,8,15,VOTE Agent[07]
1,talk,124,8,8,Over
1,talk,125,8,6,Over
1,talk,126,8,9,Over
1,talk,127,8,7,Over
1,talk,128,8,14,Over
1,talk,129,8,13,ESTIMATE Agent[07] WEREWOLF
1,talk,130,8,10,Over
1,talk,131,8,5,Over
1,talk,132,8,11,Over
1,talk,133,8,2,REQUEST ANY (VOTE Agent[06])
1,talk,134,8,4,Over
1,talk,135,9,14,Over
1,talk,136,9,13,Over
1,talk,137,9,12,Over
1,talk,138,9,6,Over
1,talk,139,9,7,Over
1,talk,140,9,3,Over
1,talk,141,9,11,Over
1,talk,142,9,8,Over
1,talk,143,9,2,Over
1,talk,144,9,15,Over
1,talk,145,9,5,Over
1,talk,146,9,9,Over
1,talk,147,9,10,Over
1,talk,148,9,4,Over
1,talk,149,9,1,Over
1,vote,1,7
1,vote,2,6
1,vote,3,7
1,vote,4,7
1,vote,5,7
1,vote,6,7
1,vote,7,10
1,vote,8,7
1,vote,9,7
1,vote,10,7
1,vote,11,7
1,vote,12,6
1,vote,13,6
1,vote,14,7
1,vote,15,7
1,execute,7,WEREWOLF
1,divine,13,8,HUMAN
1,whisper,0,0,2,Over
1,whisper,1,0,12,ATTACK Agent[04]
1,whisper,2,1,12,Skip
1,whisper,3,1,2,Over
1,whisper,4,2,12,Skip
1,whisper,5,2,2,ATTACK Agent[04]
1,whisper,6,3,2,ATTACK Agent[01]
1,whisper,7,3,12,Over
1,whisper,8,4,2,VOTE Agent[06]
1,whisper,9,4,12,Over
1,whisper,10,5,12,Over
1,whisper,11,5,2,ATTACK Agent[05]
1,whisper,12,6,2,Over
1,whisper,13,6,12,Over
1,guard,4,13,SEER
1,attackVote,2,5
1,attackVote,12,4
1,attackVote,2,1
1,attackVote,12,4
1,attack,1,true
2,status,1,VILLAGER,DEAD,hellowolf
2,status,2,WEREWOLF,ALIVE,wasabi
2,status,3,VILLAGER,ALIVE,hellowolf 2
2,status,4,BODYGUARD,ALIVE,fanfan 1
2,status,5,MEDIUM,ALIVE,hellowolf 1
2,status,6,VILLAGER,ALIVE,fanfan 2
2,status,7,WEREWOLF,DEAD,tomato
2,status,8,VILLAGER,ALIVE,takeda 1
2,status,9,VILLAGER,ALIVE,takeda 3
2,status,10,VILLAGER,ALIVE,takeda 2
2,status,11,VILLAGER,ALIVE,tomato 1
2,status,12,WEREWOLF,ALIVE,fanfan
2,status,13,SEER,ALIVE,wasabi 1
2,status,14,VILLAGER,ALIVE,takeda
2,status,15,POSSESSED,ALIVE,HALUemon
2,talk,0,0,15,DIVINED Agent[06] WEREWOLF
2,talk,1,0,14,VOTE Agent[12]
2,talk,2,0,2,ESTIMATE Agent[15] WEREWOLF
2,talk,3,0,11,VOTE Agent[13]
2,talk,4,0,4,VOTE Agent[12]
2,talk,5,0,10,VOTE Agent[12]
2,talk,6,0,3,VOTE Agent[12]
2,talk,7,0,6,VOTE Agent[02]
2,talk,8,0,5,IDENTIFIED Agent[07] WEREWOLF
2,talk,9,0,13,DIVINED Agent[08] HUMAN
2,talk,10,0,8,VOTE Agent[12]
2,talk,11,0,12,VOTE Agent[06]
2,talk,12,0,9,VOTE Agent[12]
2,talk,13,1,13,ESTIMATE Agent[15] WEREWOLF
2,talk,14,1,6,VOTE Agent[12]
2,talk,15,1,2,ESTIMATE Agent[14] VILLAGER
2,talk,16,1,9,Skip
2,talk,17,1,10,Skip
2,talk,18,1,11,VOTE Agent[12]
2,talk,19,1,14,Skip
2,talk,20,1,4,Skip
2,talk,21,1,8,Skip
2,talk,22,1,5,VOTE Agent[12]
2,talk,23,1,12,Skip
2,talk,24,1,15,VOTE Agent[06]
2,talk,25,1,3,Skip
2,talk,26,2,8,Skip
2,talk,27,2,13,ESTIMATE Agent[09] VILLAGER
2,talk,28,2,9,Skip
2,talk,29,2,4,Skip
2,talk,30,2,10,Skip
2,talk,31,2,5,Skip
2,talk,32,2,6,Skip
2,talk,33,2,12,Skip
2,talk,34,2,3,Skip
2,talk,35,2,15,VOTE Agent[06]
2,talk,36,2,11,Skip
2,talk,37,2,14,Skip
2,talk,38,2,2,ESTIMATE Agent[06] WEREWOLF
2,talk,39,3,3,Over
2,talk,40,3,2,VOTE Agent[06]
2,talk,41,3,6,Skip
2,talk,42,3,9,Over
2,talk,43,3,13,VOTE Agent[12]
2,talk,44,3,5,Skip
2,talk,45,3,8,Over
2,talk,46,3,14,Over
2,talk,47,3,4,Over
2,talk,48,3,11,Skip
2,talk,49,3,10,Over
2,talk,50,3,15,VOTE Agent[06]
2,talk,51,3,12,Over
2,talk,52,4,8,Over
2,talk,53,4,3,Over
2,talk,54,4,15,VOTE Agent[06]
2,talk,55,4,13,VOTE Agent[06]
2,talk,56,4,12,Over
2,talk,57,4,14,Over
2,talk,58,4,5,Over
2,talk,59,4,6,Over
2,talk,60,4,9,Over
2,talk,61,4,2,Skip
2,talk,62,4,11,Over
2,talk,63,4,4,Over
2,talk,64,4,10,Over
2,talk,65,5,6,Over
2,talk,66,5,5,Over
2,talk,67,5,8,Over
2,talk,68,5,12,Over
2,talk,69,5,11,Over
2,talk,70,5,4,Over
2,talk,71,5,3,Over
2,talk,72,5,10,Over
2,talk,73,5,13,VOTE Agent[12]
2,talk,74,5,9,Over
2,talk,75,5,15,VOTE Agent[06]
2,talk,76,5,2,ESTIMATE Agent[10] VILLAGER
2,talk,77,5,14,Over
2,talk,78,6,12,Over
2,talk,79,6,8,Over
2,talk,80,6,15,VOTE Agent[06]
2,talk,81,6,3,Over
2,talk,82,6,9,Over
2,talk,83,6,2,ESTIMATE Agent[09] VILLAGER
2,talk,84,6,13,ESTIMATE Agent[11] VILLAGER
2,talk,85,6,6,Over
2,talk,86,6,11,Over
2,talk,87,6,10,Over
2,talk,88,6,14,Over
2,talk,89,6,4,Over
2,talk,90,6,5,Over
2,talk,91,7,2,ESTIMATE Agent[13] WEREWOLF
2,talk,92,7,3,Over
2,talk,93,7,11,Over
2,talk,94,7,13,ESTIMATE Agent[15] WEREWOLF
2,talk,95,7,8,Over
2,talk,96,7,9,Over
2,talk,97,7,12,Over
2,talk,98,7,5,Over
2,talk,99,7,14,Over
2,talk,100,7,15,VOTE Agent[06]
2,talk,101,7,4,Over
2,talk,102,7,6,Over
2,talk,103,7,10,Over
2,talk,104,8,14,Over
2,talk,105,8,9,Over
2,talk,106,8,6,Over
2,talk,107,8,15,VOTE Agent[06]
2,talk,108,8,2,Skip
2,talk,109,8,3,Over
2,talk,110,8,12,Over
2,talk,111,8,5,Over
2,talk,112,8,4,Over
2,talk,113,8,13,REQUEST ANY (VOTE Agent[12])
2,talk,114,8,10,Over
2,talk,115,8,8,Over
2,talk,116,8,11,VOTE Agent[06]
2,talk,117,9,12,Over
2,talk,118,9,8,Over
2,talk,119,9,6,Over
2,talk,120,9,3,Over
2,talk,121,9,13,Over
2,talk,122,9,10,Over
2,talk,123,9,5,Over
2,talk,124,9,9,Over
2,talk,125,9,11,Skip
2,talk,126,9,4,Over
2,talk,127,9,2,Over
2,talk,128,9,15,Over
2,talk,129,9,14,Over
2,talk,130,10,8,Over
2,talk,131,10,10,Over
2,talk,132,10,14,Over
2,talk,133,10,6,Over
2,talk,134,10,3,Over
2,talk,135,10,9,Over
2,talk,136,10,11,Skip
2,talk,137,10,13,Over
2,talk,138,10,15,Over
2,talk,139,10,5,Over
2,talk,140,10,2,Over
2,talk,141,10,4,Over
2,talk,142,10,12,Over
2,talk,143,11,11,Over
2,talk,144,11,3,Over
2,talk,145,11,9,Over
2,talk,146,11,15,Over
2,talk,147,11,5,Over
2,talk,148,11,10,Over
2,talk,149,11,2,Over
2,talk,150,11,4,Over
2,talk,151,11,8,Over
2,talk,152,11,6,Over
2,talk,153,11,12,Over
2,talk,154,11,13,Over
2,talk,155,11,14,Over
2,vote,2,6
2,vote,3,12
2,vote,4,12
2,vote,5,12
2,vote,6,12
2,vote,8,12
2,vote,9,12
2,vote,10,12
2,vote,11,6
2,vote,12,6
2,vote,13,12
2,vote,14,12
2,vote,15,6
2,execute,12,WEREWOLF
2,divine,13,14,HUMAN
2,guard,4,13,SEER
2,attackVote,2,3
2,attack,3,true
3,status,1,VILLAGER,DEAD,hellowolf
3,status,2,WEREWOLF,ALIVE,wasabi
3,status,3,VILLAGER,DEAD,hellowolf 2
3,status,4,BODYGUARD,ALIVE,fanfan 1
3,status,5,MEDIUM,ALIVE,hellowolf 1
3,status,6,VILLAGER,ALIVE,fanfan 2
3,status,7,WEREWOLF,DEAD,tomato
3,status,8,VILLAGER,ALIVE,takeda 1
3,status,9,VILLAGER,ALIVE,takeda 3
3,status,10,VILLAGER,ALIVE,takeda 2
3,status,11,VILLAGER,ALIVE,tomato 1
3,status,12,WEREWOLF,DEAD,fanfan
3,status,13,SEER,ALIVE,wasabi 1
3,status,14,VILLAGER,ALIVE,takeda
3,status,15,POSSESSED,ALIVE,HALUemon
3,talk,0,0,8,VOTE Agent[02]
3,talk,1,0,11,VOTE Agent[14]
3,talk,2,0,10,VOTE Agent[02]
3,talk,3,0,5,IDENTIFIED Agent[12] WEREWOLF
3,talk,4,0,4,VOTE Agent[06]
3,talk,5,0,13,DIVINED Agent[14] HUMAN
3,talk,6,0,14,VOTE Agent[02]
3,talk,7,0,6,VOTE Agent[13]
3,talk,8,0,9,VOTE Agent[02]
3,talk,9,0,2,Skip
3,talk,10,0,15,DIVINED Agent[08] HUMAN
3,talk,11,1,4,Skip
3,talk,12,1,9,Skip
3,talk,13,1,6,Skip
3,talk,14,1,13,ESTIMATE Agent[05] MEDIUM
3,talk,15,1,15,VOTE Agent[06]
3,talk,16,1,11,VOTE Agent[02]
3,talk,17,1,2,ESTIMATE Agent[13] WEREWOLF
3,talk,18,1,8,Skip
3,talk,19,1,5,VOTE Agent[06]
3,talk,20,1,10,Skip
3,talk,21,1,14,Skip
3,talk,22,2,6,Skip
3,talk,23,2,13,Skip
3,talk,24,2,4,Skip
3,talk,25,2,8,Skip
3,talk,26,2,15,VOTE Agent[06]
3,talk,27,2,2,ESTIMATE Agent[06] WEREWOLF
3,talk,28,2,11,Skip
3,talk,29,2,9,Skip
3,talk,30,2,5,Skip
3,talk,31,2,10,Skip
3,talk,32,2,14,Skip
3,talk,33,3,6,Over
3,talk,34,3,4,Over
3,talk,35,3,13,VOTE Agent[06]
3,talk,36,3,2,VOTE Agent[06]
3,talk,37,3,5,Skip
3,talk,38,3,15,VOTE Agent[06]
3,talk,39,3,10,Over
3,talk,40,3,8,Over
3,talk,41,3,11,Skip
3,talk,42,3,9,Over
3,talk,43,3,14,Over
3,talk,44,4,10,Over
3,talk,45,4,4,Over
3,talk,46,4,14,Over
3,talk,47,4,5,Over
3,talk,48,4,2,ESTIMATE Agent[13] WEREWOLF
3,talk,49,4,11,VOTE Agent[06]
3,talk,50,4,9,Over
3,talk,51,4,15,VOTE Agent[06]
3,talk,52,4,6,Over
3,talk,53,4,8,Over
3,talk,54,4,13,VOTE Agent[02]
3,talk,55,5,5,Over
3,talk,56,5,8,Over
3,talk,57,5,6,Over
3,talk,58,5,11,Skip
3,talk,59,5,14,Over
3,talk,60,5,9,Over
3,talk,61,5,10,Over
3,talk,62,5,13,VOTE Agent[06]
3,talk,63,5,2,ESTIMATE Agent[09] VILLAGER
3,talk,64,5,15,VOTE Agent[06]
3,talk,65,5,4,Over
3,talk,66,6,5,Over
3,talk,67,6,8,Over
3,talk,68,6,15,VOTE Agent[06]
3,talk,69,6,13,ESTIMATE Agent[15] WEREWOLF
3,talk,70,6,10,Over
3,talk,71,6,4,Over
3,talk,72,6,6,Over
3,talk,73,6,14,Over
3,talk,74,6,2,ESTIMATE Agent[13] WEREWOLF
3,talk,75,6,11,Skip
3,talk,76,6,9,Over
3,talk,77,7,11,Over
3,talk,78,7,4,Over
3,talk,79,7,2,ESTIMATE Agent[13] WEREWOLF
3,talk,80,7,5,Over
3,talk,81,7,13,VOTE Agent[02]
3,talk,82,7,15,VOTE Agent[06]
3,talk,83,7,14,Over
3,talk,84,7,8,Over
3,talk,85,7,6,Over
3,talk,86,7,10,Over
3,talk,87,7,9,Over
3,talk,88,8,5,Over
3,talk,89,8,11,Over
3,talk,90,8,2,ESTIMATE Agent[13] WEREWOLF
3,talk,91,8,4,Over
3,talk,92,8,13,VOTE Agent[06]
3,talk,93,8,6,Over
3,talk,94,8,15,VOTE Agent[06]
3,talk,95,8,9,Over
3,talk,96,8,14,Over
3,talk,97,8,10,Over
3,talk,98,8,8,Over
3,talk,99,9,10,Over
3,talk,100,9,9,Over
3,talk,101,9,15,Over
3,talk,102,9,8,Over
3,talk,103,9,11,Over
3,talk,104,9,6,Over
3,talk,105,9,5,Over
3,talk,106,9,13,Over
3,talk,107,9,2,Over
3,talk,108,9,14,Over
3,talk,109,9,4,Over
3,vote,2,6
3,vote,4,6
3,vote,5,6
3,vote,6,13
3,vote,8,2
3,vote,9,2
3,vote,10,2
3,vote,11,6
3,vote,13,6
3,vote,14,2
3,vote,15,6
3,execute,6,VILLAGER
3,divine,13,4,HUMAN
3,guard,4,13,SEER
3,attackVote,2,14
3,attack,14,true
4,status,1,VILLAGER,DEAD,hellowolf
4,status,2,WEREWOLF,ALIVE,wasabi
4,status,3,VILLAGER,DEAD,hellowolf 2
4,status,4,BODYGUARD,ALIVE,fanfan 1
4,status,5,MEDIUM,ALIVE,hellowolf 1
4,status,6,VILLAGER,DEAD,fanfan 2
4,status,7,WEREWOLF,DEAD,tomato
4,status,8,VILLAGER,ALIVE,takeda 1
4,status,9,VILLAGER,ALIVE,takeda 3
4,status,10,VILLAGER,ALIVE,takeda 2
4,status,11,VILLAGER,ALIVE,tomato 1
4,status,12,WEREWOLF,DEAD,fanfan
4,status,13,SEER,ALIVE,wasabi 1
4,status,14,VILLAGER,DEAD,takeda
4,status,15,POSSESSED,ALIVE,HALUemon
4,talk,0,0,11,VOTE Agent[09]
4,talk,1,0,10,VOTE Agent[02]
4,talk,2,0,8,VOTE Agent[02]
4,talk,3,0,4,VOTE Agent[10]
4,talk,4,0,2,Skip
4,talk,5,0,13,DIVINED Agent[04] HUMAN
4,talk,6,0,9,VOTE Agent[02]
4,talk,7,0,5,IDENTIFIED Agent[06] HUMAN
4,talk,8,0,15,DIVINED Agent[08] WEREWOLF
4,talk,9,1,4,Skip
4,talk,10,1,2,ESTIMATE Agent[08] VILLAGER
4,talk,11,1,10,Skip
4,talk,12,1,8,Skip
4,talk,13,1,11,VOTE Agent[02]
4,talk,14,1,13,ESTIMATE Agent[09] WEREWOLF
4,talk,15,1,9,Skip
4,talk,16,1,5,VOTE Agent[08]
4,talk,17,1,15,VOTE Agent[08]
4,talk,18,2,8,Skip
4,talk,19,2,10,Skip
4,talk,20,2,2,Skip
4,talk,21,2,11,Skip
4,talk,22,2,13,ESTIMATE Agent[15] WEREWOLF
4,talk,23,2,15,VOTE Agent[08]
4,talk,24,2,4,Skip
4,talk,25,2,9,Skip
4,talk,26,2,5,Skip
4,talk,27,3,10,Over
4,talk,28,3,15,VOTE Agent[08]
4,talk,29,3,4,Over
4,talk,30,3,5,Skip
4,talk,31,3,9,Over
4,talk,32,3,8,Over
4,talk,33,3,13,VOTE Agent[02]
4,talk,34,3,2,VOTE Agent[09]
4,talk,35,3,11,Skip
4,talk,36,4,5,Over
4,talk,37,4,15,VOTE Agent[08]
4,talk,38,4,11,Over
4,talk,39,4,2,Skip
4,talk,40,4,9,Over
4,talk,41,4,8,Over
4,talk,42,4,13,VOTE Agent[10]
4,talk,43,4,10,Over
4,talk,44,4,4,Over
4,talk,45,5,4,Over
4,talk,46,5,15,VOTE Agent[08]
4,talk,47,5,13,Skip
4,talk,48,5,5,Over
4,talk,49,5,2,VOTE Agent[10]
4,talk,50,5,10,Over
4,talk,51,5,11,VOTE Agent[08]
4,talk,52,5,8,Over
4,talk,53,5,9,Over
4,talk,54,6,10,Over
4,talk,55,6,13,Skip
4,talk,56,6,2,ESTIMATE Agent[04] VILLAGER
4,talk,57,6,8,Over
4,talk,58,6,4,Over
4,talk,59,6,9,Over
4,talk,60,6,5,Over
4,talk,61,6,15,VOTE Agent[08]
4,talk,62,6,11,Skip
4,talk,63,7,8,Over
4,talk,64,7,15,VOTE Agent[08]
4,talk,65,7,4,Over
4,talk,66,7,11,Skip
4,talk,67,7,9,Over
4,talk,68,7,2,VOTE Agent[11]
4,talk,69,7,5,Over
4,talk,70,7,10,Over
4,talk,71,7,13,ESTIMATE Agent[09] WEREWOLF
4,talk,72,8,13,ESTIMATE Agent[15] WEREWOLF
4,talk,73,8,8,Over
4,talk,74,8,2,ESTIMATE Agent[10] WEREWOLF
4,talk,75,8,5,Over
4,talk,76,8,15,VOTE Agent[08]
4,talk,77,8,10,Over
4,talk,78,8,9,Over
4,talk,79,8,4,Over
4,talk,80,8,11,Over
4,talk,81,9,15,Over
4,talk,82,9,2,Over
4,talk,83,9,9,Over
4,talk,84,9,5,Over
4,talk,85,9,4,Over
4,talk,86,9,8,Over
4,talk,87,9,13,Over
4,talk,88,9,11,Over
4,talk,89,9,10,Over
4,vote,2,11
4,vote,4,10
4,vote,5,8
4,vote,8,2
4,vote,9,2
4,vote,10,2
4,vote,11,8
4,vote,13,10
4,vote,15,8
4,vote,2,9
4,vote,4,10
4,vote,5,8
4,vote,8,2
4,vote,9,2
4,vote,10,2
4,vote,11,8
4,vote,13,11
4,vote,15,8
4,execute,8,VILLAGER
4,divine,13,9,HUMAN
4,guard,4,5,MEDIUM
4,attackVote,2,13
4,attack,13,true
5,status,1,VILLAGER,DEAD,hellowolf
5,status,2,WEREWOLF,ALIVE,wasabi
5,status,3,VILLAGER,DEAD,hellowolf 2
5,status,4,BODYGUARD,ALIVE,fanfan 1
5,status,5,MEDIUM,ALIVE,hellowolf 1
5,status,6,VILLAGER,DEAD,fanfan 2
5,status,7,WEREWOLF,DEAD,tomato
5,status,8,VILLAGER,DEAD,takeda 1
5,status,9,VILLAGER,ALIVE,takeda 3
5,status,10,VILLAGER,ALIVE,takeda 2
5,status,11,VILLAGER,ALIVE,tomato 1
5,status,12,WEREWOLF,DEAD,fanfan
5,status,13,SEER,DEAD,wasabi 1
5,status,14,VILLAGER,DEAD,takeda
5,status,15,POSSESSED,ALIVE,HALUemon
5,talk,0,0,15,COMINGOUT Agent[15] POSSESSED
5,talk,1,0,9,VOTE Agent[02]
5,talk,2,0,2,ESTIMATE Agent[11] VILLAGER
5,talk,3,0,11,VOTE Agent[15]
5,talk,4,0,5,IDENTIFIED Agent[08] HUMAN
5,talk,5,0,10,VOTE Agent[02]
5,talk,6,0,4,VOTE Agent[10]
5,talk,7,1,15,VOTE Agent[02]
5,talk,8,1,5,VOTE Agent[09]
5,talk,9,1,10,Skip
5,talk,10,1,2,ESTIMATE Agent[15] WEREWOLF
5,talk,11,1,4,VOTE Agent[15]
5,talk,12,1,11,VOTE Agent[02]
5,talk,13,1,9,Skip
5,talk,14,2,11,Skip
5,talk,15,2,9,Skip
5,talk,16,2,4,VOTE Agent[10]
5,talk,17,2,15,VOTE Agent[02]
5,talk,18,2,5,Skip
5,talk,19,2,10,Skip
5,talk,20,2,2,ESTIMATE Agent[04] VILLAGER
5,talk,21,3,11,Skip
5,talk,22,3,4,Skip
5,talk,23,3,9,Over
5,talk,24,3,15,VOTE Agent[02]
5,talk,25,3,10,Over
5,talk,26,3,2,VOTE Agent[15]
5,talk,27,3,5,Skip
5,talk,28,4,9,Over
5,talk,29,4,5,Over
5,talk,30,4,4,Skip
5,talk,31,4,2,ESTIMATE Agent[04] VILLAGER
5,talk,32,4,11,Over
5,talk,33,4,15,VOTE Agent[02]
5,talk,34,4,10,Over
5,talk,35,5,5,Over
5,talk,36,5,4,Over
5,talk,37,5,11,Over
5,talk,38,5,10,Over
5,talk,39,5,9,Over
5,talk,40,5,15,VOTE Agent[02]
5,talk,41,5,2,Skip
5,talk,42,6,11,Over
5,talk,43,6,2,ESTIMATE Agent[04] VILLAGER
5,talk,44,6,5,Over
5,talk,45,6,10,Over
5,talk,46,6,4,Over
5,talk,47,6,9,Over
5,talk,48,6,15,VOTE Agent[02]
5,talk,49,7,9,Over
5,talk,50,7,4,Over
5,talk,51,7,10,Over
5,talk,52,7,2,ESTIMATE Agent[05] MEDIUM
5,talk,53,7,5,Over
5,talk,54,7,11,Over
5,talk,55,7,15,VOTE Agent[02]
5,talk,56,8,9,Over
5,talk,57,8,4,Over
5,talk,58,8,10,Over
5,talk,59,8,2,ESTIMATE Agent[10] WEREWOLF
5,talk,60,8,5,Over
5,talk,61,8,15,VOTE Agent[02]
5,talk,62,8,11,Over
5,talk,63,9,9,Over
5,talk,64,9,15,VOTE Agent[02]
5,talk,65,9,5,VOTE Agent[02]
5,talk,66,9,4,Over
5,talk,67,9,11,Over
5,talk,68,9,10,Over
5,talk,69,9,2,Over
5,talk,70,10,5,Skip
5,talk,71,10,4,Over
5,talk,72,10,2,Over
5,talk,73,10,9,Over
5,talk,74,10,15,Over
5,talk,75,10,10,Over
5,talk,76,10,11,Over
5,talk,77,11,9,Over
5,talk,78,11,5,Skip
5,talk,79,11,11,Over
5,talk,80,11,2,Over
5,talk,81,11,4,Over
5,talk,82,11,15,Over
5,talk,83,11,10,Over
5,talk,84,12,15,Over
5,talk,85,12,5,Over
5,talk,86,12,2,Over
5,talk,87,12,10,Over
5,talk,88,12,11,Over
5,talk,89,12,9,Over
5,talk,90,12,4,Over
5,vote,2,15
5,vote,4,10
5,vote,5,2
5,vote,9,2
5,vote,10,2
5,vote,11,2
5,vote,15,2
5,execute,2,WEREWOLF
5,guard,4,11,VILLAGER
6,status,1,VILLAGER,DEAD,hellowolf
6,status,2,WEREWOLF,DEAD,wasabi
6,status,3,VILLAGER,DEAD,hellowolf 2
6,status,4,BODYGUARD,ALIVE,fanfan 1
6,status,5,MEDIUM,ALIVE,hellowolf 1
6,status,6,VILLAGER,DEAD,fanfan 2
6,status,7,WEREWOLF,DEAD,tomato
6,status,8,VILLAGER,DEAD,takeda 1
6,status,9,VILLAGER,ALIVE,takeda 3
6,status,10,VILLAGER,ALIVE,takeda 2
6,status,11,VILLAGER,ALIVE,tomato 1
6,status,12,WEREWOLF,DEAD,fanfan
6,status,13,SEER,DEAD,wasabi 1
6,status,14,VILLAGER,DEAD,takeda
6,status,15,POSSESSED,ALIVE,HALUemon
6,result,6,0,VILLAGER
