0,status,1,VILLAGER,ALIVE,hellowolf
0,status,2,VILLAGER,ALIVE,wasabi
0,status,3,VILLAGER,ALIVE,hellowolf 2
0,status,4,VILLAGER,ALIVE,fanfan 1
0,status,5,WEREWOLF,ALIVE,hellowolf 1
0,status,6,VILLAGER,ALIVE,fanfan 2
0,status,7,VILLAGER,ALIVE,tomato
0,status,8,WEREWOLF,ALIVE,takeda 1
0,status,9,WEREWOLF,ALIVE,takeda 3
0,status,10,POSSESSED,ALIVE,takeda 2
0,status,11,BODYGUARD,ALIVE,tomato 1
0,status,12,VILLAGER,ALIVE,fanfan
0,status,13,SEER,ALIVE,wasabi 1
0,status,14,VILLAGER,ALIVE,takeda
0,status,15,MEDIUM,ALIVE,HALUemon
0,whisper,0,0,8,Skip
0,whisper,1,0,5,COMINGOUT Agent[05] VILLAGER
0,whisper,2,0,9,Skip
0,whisper,3,1,8,Skip
0,whisper,4,1,5,Skip
0,whisper,5,1,9,Skip
0,whisper,6,2,8,Over
0,whisper,7,2,5,Skip
0,whisper,8,2,9,Over
0,whisper,9,3,5,Over
0,whisper,10,3,9,Over
0,whisper,11,3,8,Over
0,divine,13,2,HUMAN
1,status,1,VILLAGER,ALIVE,hellowolf
1,status,2,VILLAGER,ALIVE,wasabi
1,status,3,VILLAGER,ALIVE,hellowolf 2
1,status,4,VILLAGER,ALIVE,fanfan 1
1,status,5,WEREWOLF,ALIVE,hellowolf 1
1,status,6,VILLAGER,ALIVE,fanfan 2
1,status,7,VILLAGER,ALIVE,tomato
1,status,8,WEREWOLF,ALIVE,takeda 1
1,status,9,WEREWOLF,ALIVE,takeda 3
1,status,10,POSSESSED,ALIVE,takeda 2
1,status,11,BODYGUARD,ALIVE,tomato 1
1,status,12,VILLAGER,ALIVE,fanfan
1,status,13,SEER,ALIVE,wasabi 1
1,status,14,VILLAGER,ALIVE,takeda
1,status,15,MEDIUM,ALIVE,HALUemon
1,talk,0,0,4,VOTE Agent[06]
1,talk,1,0,14,VOTE Agent[13]
1,talk,2,0,8,Skip
1,talk,3,0,2,ESTIMATE Agent[11] VILLAGER
1,talk,4,0,11,VOTE Agent[06]
1,talk,5,0,6,VOTE Agent[03]
1,talk,6,0,12,VOTE Agent[06]
1,talk,7,0,10,COMINGOUT Agent[10] SEER
1,talk,8,0,1,VOTE Agent[03]
1,talk,9,0,9,Skip
1,talk,10,0,15,VOTE Agent[11]
1,talk,11,0,7,VOTE Agent[01]
1,talk,12,0,3,VOTE Agent[06]
1,talk,13,0,5,VOTE Agent[03]
1,talk,14,0,13,COMINGOUT Agent[13] SEER
1,talk,15,1,2,Skip
1,talk,16,1,9,VOTE Agent[07]
1,talk,17,1,5,VOTE Agent[06]
1,talk,18,1,15,COMINGOUT Agent[15] MEDIUM
1,talk,19,1,3,VOTE Agent[09]
1,talk,20,1,13,DIVINED Agent[02] HUMAN
1,talk,21,1,4,Skip
1,talk,22,1,11,Skip
1,talk,23,1,6,VOTE Agent[01]
1,talk,24,1,7,VOTE Agent[06]
1,talk,25,1,1,VOTE Agent[09]
1,talk,26,1,10,DIVINED Agent[11] WEREWOLF
1,talk,27,1,12,VOTE Agent[02]
1,talk,28,1,14,VOTE Agent[08]
1,talk,29,1,8,VOTE Agent[04]
1,talk,30,2,4,VOTE Agent[11]
1,talk,31,2,7,Skip
1,talk,32,2,14,Skip
1,talk,33,2,13,Skip
1,talk,34,2,1,Skip
1,talk,35,2,15,VOTE Agent[11]
1,talk,36,2,11,Skip
1,talk,37,2,3,VOTE Agent[08]
1,talk,38,2,2,ESTIMATE Agent[01] VILLAGER
1,talk,39,2,6,VOTE Agent[11]
1,talk,40,2,12,VOTE Agent[11]
1,talk,41,2,9,VOTE Agent[04]
1,talk,42,2,8,Skip
1,talk,43,2,10,VOTE Agent[11]
1,talk,44,2,5,Skip
1,talk,45,3,8,VOTE Agent[14]
1,talk,46,3,7,VOTE Agent[11]
1,talk,47,3,13,VOTE Agent[09]
1,talk,48,3,3,VOTE Agent[11]
1,talk,49,3,1,VOTE Agent[11]
1,talk,50,3,2,VOTE Agent[11]
1,talk,51,3,10,Skip
1,talk,52,3,4,Skip
1,talk,53,3,15,VOTE Agent[11]
1,talk,54,3,6,Skip
1,talk,55,3,12,Skip
1,talk,56,3,14,Skip
1,talk,57,3,9,Skip
1,talk,58,3,11,Over
1,talk,59,3,5,VOTE Agent[11]
1,talk,60,4,8,VOTE Agent[11]
1,talk,61,4,6,Skip
1,talk,62,4,1,Skip
1,talk,63,4,4,Skip
1,talk,64,4,13,VOTE Agent[11]
1,talk,65,4,14,VOTE Agent[11]
1,talk,66,4,12,Skip
1,talk,67,4,3,VOTE Agent[01]
1,talk,68,4,15,VOTE Agent[11]
1,talk,69,4,9,VOTE Agent[11]
1,talk,70,4,7,Skip
1,talk,71,4,11,Over
1,talk,72,4,10,Skip
1,talk,73,4,2,Skip
1,talk,74,4,5,Skip
1,talk,75,5,13,ESTIMATE Agent[03] WEREWOLF
1,talk,76,5,5,Skip
1,talk,77,5,3,Skip
1,talk,78,5,11,Over
1,talk,79,5,2,ESTIMATE Agent[15] MEDIUM
1,talk,80,5,6,Over
1,talk,81,5,1,Skip
1,talk,82,5,10,Over
1,talk,83,5,12,Over
1,talk,84,5,15,VOTE Agent[11]
1,talk,85,5,14,Skip
1,talk,86,5,7,Skip
1,talk,87,5,8,Skip
1,talk,88,5,9,Skip
1,talk,89,5,4,Over
1,talk,90,6,5,Over
1,talk,91,6,12,Over
1,talk,92,6,3,Skip
1,talk,93,6,2,ESTIMATE Agent[09] VILLAGER
1,talk,94,6,13,Skip
1,talk,95,6,15,VOTE Agent[11]
1,talk,96,6,1,Over
1,talk,97,6,4,Over
1,talk,98,6,7,Over
1,talk,99,6,14,Skip
1,talk,100,6,8,Skip
1,talk,101,6,9,Skip
1,talk,102,6,10,Over
1,talk,103,6,11,Over
1,talk,104,6,6,Over
1,talk,105,7,1,Over
1,talk,106,7,12,Over
1,talk,107,7,8,Over
1,talk,108,7,5,Over
1,talk,109,7,9,Over
1,talk,110,7,10,Over
1,talk,111,7,13,VOTE Agent[06]
1,talk,112,7,6,Over
1,talk,113,7,11,Over
1,talk,114,7,7,Over
1,talk,115,7,14,Over
1,talk,116,7,15,VOTE Agent[11]
1,talk,117,7,3,Over
1,talk,118,7,4,Over
1,talk,119,7,2,ESTIMATE Agent[10] WEREWOLF
1,talk,120,8,9,Over
1,talk,121,8,12,Over
1,talk,122,8,13,Skip
1,talk,123,8,10,Over
1,talk,124,8,4,Over
1,talk,125,8,14,Over
1,talk,126,8,8,Over
1,talk,127,8,3,Over
1,talk,128,8,6,Over
1,talk,129,8,2,ESTIMATE Agent[01] VILLAGER
1,talk,130,8,5,Over
1,talk,131,8,1,Over
1,talk,132,8,7,Over
1,talk,133,8,15,VOTE Agent[11]
1,talk,134,8,11,Over
1,talk,135,9,7,Over
1,talk,136,9,13,Over
1,talk,137,9,10,Over
1,talk,138,9,11,Over
1,talk,139,9,9,Over
1,talk,140,9,5,Over
1,talk,141,9,6,Over
1,talk,142,9,8,Over
1,talk,143,9,15,Over
1,talk,144,9,4,Over
1,talk,145,9,2,Over
1,talk,146,9,12,Over
1,talk,147,9,3,Over
1,talk,148,9,14,Over
1,talk,149,9,1,Over
1,vote,1,11
1,vote,2,11
1,vote,3,1
1,vote,4,11
1,vote,5,11
1,vote,6,11
1,vote,7,11
1,vote,8,11
1,vote,9,11
1,vote,10,11
1,vote,11,6
1,vote,12,11
1,vote,13,6
1,vote,14,11
1,vote,15,11
1,execute,11,BODYGUARD
1,divine,13,12,HUMAN
1,whisper,0,0,5,ESTIMATE Agent[10] POSSESSED
1,whisper,1,0,8,Skip
1,whisper,2,0,9,Skip
1,whisper,3,1,9,Skip
1,whisper,4,1,8,Skip
1,whisper,5,1,5,ATTACK Agent[03]
1,whisper,6,2,8,Over
1,whisper,7,2,9,Over
1,whisper,8,2,5,Skip
1,whisper,9,3,9,Over
1,whisper,10,3,8,Over
1,whisper,11,3,5,Skip
1,whisper,12,4,8,Over
1,whisper,13,4,5,Over
1,whisper,14,4,9,Over
1,attackVote,5,3
1,attackVote,8,13
1,attackVote,9,13
1,attack,13,true
2,status,1,VILLAGER,ALIVE,hellowolf
2,status,2,VILLAGER,ALIVE,wasabi
2,status,3,VILLAGER,ALIVE,hellowolf 2
2,status,4,VILLAGER,ALIVE,fanfan 1
2,status,5,WEREWOLF,ALIVE,hellowolf 1
2,status,6,VILLAGER,ALIVE,fanfan 2
2,status,7,VILLAGER,ALIVE,tomato
2,status,8,WEREWOLF,ALIVE,takeda 1
2,status,9,WEREWOLF,ALIVE,takeda 3
2,status,10,POSSESSED,ALIVE,takeda 2
2,status,11,BODYGUARD,DEAD,tomato 1
2,status,12,VILLAGER,ALIVE,fanfan
2,status,13,SEER,DEAD,wasabi 1
2,status,14,VILLAGER,ALIVE,takeda
2,status,15,MEDIUM,ALIVE,HALUemon
2,talk,0,0,2,ESTIMATE Agent[04] VILLAGER
2,talk,1,0,9,VOTE Agent[04]
2,talk,2,0,7,VOTE Agent[09]
2,talk,3,0,4,VOTE Agent[01]
2,talk,4,0,1,VOTE Agent[09]
2,talk,5,0,14,VOTE Agent[09]
2,talk,6,0,12,VOTE Agent[01]
2,talk,7,0,15,IDENTIFIED Agent[11] HUMAN
2,talk,8,0,6,VOTE Agent[01]
2,talk,9,0,5,VOTE Agent[06]
2,talk,10,0,8,VOTE Agent[04]
2,talk,11,0,10,DIVINED Agent[09] HUMAN
2,talk,12,0,3,VOTE Agent[01]
2,talk,13,1,15,VOTE Agent[09]
2,talk,14,1,14,Skip
2,talk,15,1,3,VOTE Agent[09]
2,talk,16,1,6,Skip
2,talk,17,1,4,Skip
2,talk,18,1,9,Skip
2,talk,19,1,5,VOTE Agent[01]
2,talk,20,1,2,ESTIMATE Agent[10] WEREWOLF
2,talk,21,1,7,VOTE Agent[01]
2,talk,22,1,8,Skip
2,talk,23,1,10,VOTE Agent[15]
2,talk,24,1,12,Skip
2,talk,25,1,1,Skip
2,talk,26,2,10,Skip
2,talk,27,2,12,Skip
2,talk,28,2,4,Skip
2,talk,29,2,15,VOTE Agent[09]
2,talk,30,2,3,VOTE Agent[01]
2,talk,31,2,6,Skip
2,talk,32,2,9,Skip
2,talk,33,2,7,Skip
2,talk,34,2,5,Skip
2,talk,35,2,14,Skip
2,talk,36,2,8,Skip
2,talk,37,2,2,Skip
2,talk,38,2,1,Skip
2,talk,39,3,10,Skip
2,talk,40,3,9,Over
2,talk,41,3,4,Over
2,talk,42,3,2,VOTE Agent[10]
2,talk,43,3,1,Over
2,talk,44,3,3,Skip
2,talk,45,3,7,Skip
2,talk,46,3,15,VOTE Agent[04]
2,talk,47,3,14,Over
2,talk,48,3,6,Over
2,talk,49,3,8,Over
2,talk,50,3,5,Skip
2,talk,51,3,12,Over
2,talk,52,4,8,Over
2,talk,53,4,2,Skip
2,talk,54,4,1,Over
2,talk,55,4,14,Over
2,talk,56,4,15,VOTE Agent[04]
2,talk,57,4,3,Skip
2,talk,58,4,6,Over
2,talk,59,4,7,Over
2,talk,60,4,4,Over
2,talk,61,4,10,Over
2,talk,62,4,5,Over
2,talk,63,4,9,Over
2,talk,64,4,12,Over
2,talk,65,5,6,Over
2,talk,66,5,7,Over
2,talk,67,5,12,Over
2,talk,68,5,2,Skip
2,talk,69,5,1,Over
2,talk,70,5,9,Over
2,talk,71,5,15,VOTE Agent[09]
2,talk,72,5,8,Over
2,talk,73,5,4,Over
2,talk,74,5,14,Over
2,talk,75,5,10,Over
2,talk,76,5,5,Over
2,talk,77,5,3,Over
2,talk,78,6,2,ESTIMATE Agent[14] VILLAGER
2,talk,79,6,12,Over
2,talk,80,6,6,Over
2,talk,81,6,14,Over
2,talk,82,6,4,Over
2,talk,83,6,10,Over
2,talk,84,6,9,Over
2,talk,85,6,7,Over
2,talk,86,6,3,Over
2,talk,87,6,5,Over
2,talk,88,6,15,VOTE Agent[09]
2,talk,89,6,8,Over
2,talk,90,6,1,Over
2,talk,91,7,8,Over
2,talk,92,7,6,Over
2,talk,93,7,7,VOTE Agent[09]
2,talk,94,7,2,Skip
2,talk,95,7,3,Over
2,talk,96,7,9,Over
2,talk,97,7,1,Over
2,talk,98,7,5,Over
2,talk,99,7,14,Over
2,talk,100,7,12,Over
2,talk,101,7,4,Over
2,talk,102,7,15,VOTE Agent[09]
2,talk,103,7,10,Over
2,talk,104,8,6,Over
2,talk,105,8,15,VOTE Agent[09]
2,talk,106,8,9,Over
2,talk,107,8,12,Over
2,talk,108,8,3,Over
2,talk,109,8,14,Over
2,talk,110,8,5,Over
2,talk,111,8,8,Over
2,talk,112,8,7,Skip
2,talk,113,8,1,Over
2,talk,114,8,2,ESTIMATE Agent[12] VILLAGER
2,talk,115,8,4,Over
2,talk,116,8,10,Over
2,talk,117,9,15,Over
2,talk,118,9,5,Over
2,talk,119,9,1,Over
2,talk,120,9,2,Over
2,talk,121,9,7,Skip
2,talk,122,9,8,Over
2,talk,123,9,3,Over
2,talk,124,9,4,Over
2,talk,125,9,12,Over
2,talk,126,9,6,Over
2,talk,127,9,9,Over
2,talk,128,9,14,Over
2,talk,129,9,10,Over
2,talk,130,10,10,Over
2,talk,131,10,1,Over
2,talk,132,10,5,Over
2,talk,133,10,8,Over
2,talk,134,10,15,Over
2,talk,135,10,6,Over
2,talk,136,10,12,Over
2,talk,137,10,4,Over
2,talk,138,10,9,Over
2,talk,139,10,7,Over
2,talk,140,10,14,Over
2,talk,141,10,3,Over
2,talk,142,10,2,Over
2,vote,1,9
2,vote,2,10
2,vote,3,1
2,vote,4,1
2,vote,5,1
2,vote,6,1
2,vote,7,9
2,vote,8,9
2,vote,9,8
2,vote,10,4
2,vote,12,1
2,vote,14,9
2,vote,15,9
2,vote,1,9
2,vote,2,10
2,vote,3,1
2,vote,4,1
2,vote,5,1
2,vote,6,1
2,vote,7,9
2,vote,8,9
2,vote,9,8
2,vote,10,4
2,vote,12,1
2,vote,14,9
2,vote,15,9
2,execute,1,VILLAGER
2,whisper,0,0,8,Skip
2,whisper,1,0,9,Skip
2,whisper,2,0,5,ATTACK Agent[07]
2,whisper,3,1,5,Skip
2,whisper,4,1,8,Skip
2,whisper,5,1,9,Skip
2,whisper,6,2,5,Skip
2,whisper,7,2,8,Over
2,whisper,8,2,9,Over
2,whisper,9,3,8,Over
2,whisper,10,3,5,Over
2,whisper,11,3,9,Over
2,attackVote,5,7
2,attackVote,8,3
2,attackVote,9,3
2,attack,3,true
3,status,1,VILLAGER,DEAD,hellowolf
3,status,2,VILLAGER,ALIVE,wasabi
3,status,3,VILLAGER,DEAD,hellowolf 2
3,status,4,VILLAGER,ALIVE,fanfan 1
3,status,5,WEREWOLF,ALIVE,hellowolf 1
3,status,6,VILLAGER,ALIVE,fanfan 2
3,status,7,VILLAGER,ALIVE,tomato
3,status,8,WEREWOLF,ALIVE,takeda 1
3,status,9,WEREWOLF,ALIVE,takeda 3
3,status,10,POSSESSED,ALIVE,takeda 2
3,status,11,BODYGUARD,DEAD,tomato 1
3,status,12,VILLAGER,ALIVE,fanfan
3,status,13,SEER,DEAD,wasabi 1
3,status,14,VILLAGER,ALIVE,takeda
3,status,15,MEDIUM,ALIVE,HALUemon
3,talk,0,0,7,VOTE Agent[09]
3,talk,1,0,12,VOTE Agent[09]
3,talk,2,0,6,VOTE Agent[09]
3,talk,3,0,10,DIVINED Agent[02] WEREWOLF
3,talk,4,0,4,VOTE Agent[09]
3,talk,5,0,8,VOTE Agent[04]
3,talk,6,0,2,Skip
3,talk,7,0,14,VOTE Agent[09]
3,talk,8,0,5,VOTE Agent[07]
3,talk,9,0,15,IDENTIFIED Agent[01] HUMAN
3,talk,10,0,9,VOTE Agent[04]
3,talk,11,1,14,Skip
3,talk,12,1,9,Skip
3,talk,13,1,15,VOTE Agent[04]
3,talk,14,1,5,VOTE Agent[04]
3,talk,15,1,4,Skip
3,talk,16,1,2,Skip
3,talk,17,1,12,Skip
3,talk,18,1,7,Skip
3,talk,19,1,6,Skip
3,talk,20,1,8,Skip
3,talk,21,1,10,VOTE Agent[02]
3,talk,22,2,15,VOTE Agent[04]
3,talk,23,2,4,Skip
3,talk,24,2,7,VOTE Agent[04]
3,talk,25,2,12,Skip
3,talk,26,2,8,Skip
3,talk,27,2,9,Skip
3,talk,28,2,14,Skip
3,talk,29,2,10,Skip
3,talk,30,2,6,Skip
3,talk,31,2,5,Skip
3,talk,32,2,2,ESTIMATE Agent[10] WEREWOLF
3,talk,33,3,4,Over
3,talk,34,3,10,Skip
3,talk,35,3,14,VOTE Agent[04]
3,talk,36,3,6,Over
3,talk,37,3,5,Skip
3,talk,38,3,2,VOTE Agent[10]
3,talk,39,3,7,Skip
3,talk,40,3,12,Over
3,talk,41,3,9,Over
3,talk,42,3,15,VOTE Agent[04]
3,talk,43,3,8,Over
3,talk,44,4,12,Over
3,talk,45,4,9,Over
3,talk,46,4,10,Over
3,talk,47,4,2,Skip
3,talk,48,4,5,Over
3,talk,49,4,15,VOTE Agent[09]
3,talk,50,4,8,Over
3,talk,51,4,14,Skip
3,talk,52,4,4,Over
3,talk,53,4,7,Skip
3,talk,54,4,6,Over
3,talk,55,5,15,VOTE Agent[09]
3,talk,56,5,2,REQUEST ANY (VOTE Agent[10])
3,talk,57,5,5,Over
3,talk,58,5,10,Over
3,talk,59,5,9,Over
3,talk,60,5,12,Over
3,talk,61,5,14,Skip
3,talk,62,5,7,Over
3,talk,63,5,4,Over
3,talk,64,5,6,Over
3,talk,65,5,8,Over
3,talk,66,6,15,VOTE Agent[09]
3,talk,67,6,7,Over
3,talk,68,6,6,Over
3,talk,69,6,9,Over
3,talk,70,6,4,Over
3,talk,71,6,14,Over
3,talk,72,6,5,Over
3,talk,73,6,12,Over
3,talk,74,6,10,Over
3,talk,75,6,2,Skip
3,talk,76,6,8,Over
3,talk,77,7,5,Over
3,talk,78,7,12,Over
3,talk,79,7,9,Over
3,talk,80,7,8,Over
3,talk,81,7,14,Over
3,talk,82,7,7,Over
3,talk,83,7,6,Over
3,talk,84,7,15,VOTE Agent[09]
3,talk,85,7,2,Skip
3,talk,86,7,10,Over
3,talk,87,7,4,Over
3,talk,88,8,9,Over
3,talk,89,8,15,VOTE Agent[09]
3,talk,90,8,10,Over
3,talk,91,8,5,Over
3,talk,92,8,8,Over
3,talk,93,8,6,Over
3,talk,94,8,14,Over
3,talk,95,8,4,Over
3,talk,96,8,7,VOTE Agent[09]
3,talk,97,8,12,Over
3,talk,98,8,2,ESTIMATE Agent[06] VILLAGER
3,talk,99,9,2,Over
3,talk,100,9,9,Over
3,talk,101,9,12,Over
3,talk,102,9,5,Over
3,talk,103,9,6,Over
3,talk,104,9,10,Over
3,talk,105,9,14,VOTE Agent[09]
3,talk,106,9,4,Over
3,talk,107,9,8,Over
3,talk,108,9,15,Over
3,talk,109,9,7,Skip
3,talk,110,10,15,Over
3,talk,111,10,4,Over
3,talk,112,10,6,Over
3,talk,113,10,12,Over
3,talk,114,10,8,VOTE Agent[09]
3,talk,115,10,5,VOTE Agent[09]
3,talk,116,10,7,Skip
3,talk,117,10,10,Over
3,talk,118,10,2,Over
3,talk,119,10,14,Skip
3,talk,120,10,9,VOTE Agent[04]
3,talk,121,11,5,Skip
3,talk,122,11,2,Over
3,talk,123,11,9,VOTE Agent[04]
3,talk,124,11,7,Over
3,talk,125,11,10,Over
3,talk,126,11,14,Skip
3,talk,127,11,6,Over
3,talk,128,11,8,Skip
3,talk,129,11,12,Over
3,talk,130,11,4,Over
3,talk,131,11,15,Over
3,talk,132,12,10,Over
3,talk,133,12,12,Over
3,talk,134,12,6,Over
3,talk,135,12,4,Over
3,talk,136,12,15,Over
3,talk,137,12,14,Over
3,talk,138,12,7,Over
3,talk,139,12,8,Skip
3,talk,140,12,5,Skip
3,talk,141,12,9,VOTE Agent[04]
3,talk,142,12,2,Over
3,talk,143,13,2,Over
3,talk,144,13,7,Over
3,talk,145,13,8,Over
3,talk,146,13,4,Over
3,talk,147,13,6,Over
3,talk,148,13,5,Over
3,talk,149,13,10,Over
3,talk,150,13,14,Over
3,talk,151,13,12,Over
3,talk,152,13,15,Over
3,talk,153,13,9,VOTE Agent[04]
3,talk,154,14,12,Over
3,talk,155,14,15,Over
3,talk,156,14,4,Over
3,talk,157,14,8,Over
3,talk,158,14,6,Over
3,talk,159,14,5,Over
3,talk,160,14,9,VOTE Agent[04]
3,talk,161,14,7,Over
3,talk,162,14,14,Over
3,talk,163,14,2,Over
3,talk,164,14,10,Over
3,talk,165,15,9,VOTE Agent[04]
3,talk,166,15,8,Over
3,talk,167,15,4,Over
3,talk,168,15,5,Over
3,talk,169,15,7,VOTE Agent[04]
3,talk,170,15,15,Over
3,talk,171,15,2,Over
3,talk,172,15,12,Over
3,talk,173,15,14,Over
3,talk,174,15,6,Over
3,talk,175,15,10,Over
3,talk,176,16,4,Over
3,talk,177,16,7,Skip
3,talk,178,16,9,VOTE Agent[04]
3,talk,179,16,5,Over
3,talk,180,16,10,Over
3,talk,181,16,14,Over
3,talk,182,16,15,Over
3,talk,183,16,6,Over
3,talk,184,16,8,Over
3,talk,185,16,2,Over
3,talk,186,16,12,Over
3,talk,187,17,12,Over
3,talk,188,17,6,Over
3,talk,189,17,15,Over
3,talk,190,17,2,Over
3,talk,191,17,8,Over
3,talk,192,17,10,Over
3,talk,193,17,4,Over
3,talk,194,17,9,VOTE Agent[04]
3,talk,195,17,7,Skip
3,talk,196,17,14,Over
3,talk,197,17,5,Over
3,talk,198,18,10,Over
3,talk,199,18,2,Over
3,talk,200,18,5,Over
3,talk,201,18,9,VOTE Agent[04]
3,talk,202,18,4,Over
3,talk,203,18,15,Over
3,talk,204,18,6,Over
3,talk,205,18,14,Over
3,talk,206,18,7,Over
3,talk,207,18,12,Over
3,talk,208,18,8,Over
3,talk,209,19,9,Over
3,talk,210,19,2,Over
3,talk,211,19,10,Over
3,talk,212,19,14,Over
3,talk,213,19,7,Over
3,talk,214,19,5,Over
3,talk,215,19,4,Over
3,talk,216,19,15,Over
3,talk,217,19,12,Over
3,talk,218,19,6,Over
3,talk,219,19,8,Over
3,vote,2,10
3,vote,4,9
3,vote,5,9
3,vote,6,9
3,vote,7,4
3,vote,8,9
3,vote,9,8
3,vote,10,4
3,vote,12,9
3,vote,14,9
3,vote,15,4
3,execute,9,WEREWOLF
3,whisper,0,0,5,ATTACK Agent[14]
3,whisper,1,0,8,Skip
3,whisper,2,1,8,Skip
3,whisper,3,1,5,Skip
3,whisper,4,2,8,Over
3,whisper,5,2,5,Skip
3,whisper,6,3,5,Over
3,whisper,7,3,8,Over
3,attackVote,5,14
3,attackVote,8,6
3,attackVote,5,14
3,attackVote,8,6
3,attack,14,true
4,status,1,VILLAGER,DEAD,hellowolf
4,status,2,VILLAGER,ALIVE,wasabi
4,status,3,VILLAGER,DEAD,hellowolf 2
4,status,4,VILLAGER,ALIVE,fanfan 1
4,status,5,WEREWOLF,ALIVE,hellowolf 1
4,status,6,VILLAGER,ALIVE,fanfan 2
4,status,7,VILLAGER,ALIVE,tomato
4,status,8,WEREWOLF,ALIVE,takeda 1
4,status,9,WEREWOLF,DEAD,takeda 3
4,status,10,POSSESSED,ALIVE,takeda 2
4,status,11,BODYGUARD,DEAD,tomato 1
4,status,12,VILLAGER,ALIVE,fanfan
4,status,13,SEER,DEAD,wasabi 1
4,status,14,VILLAGER,DEAD,takeda
4,status,15,MEDIUM,ALIVE,HALUemon
4,talk,0,0,8,VOTE Agent[04]
4,talk,1,0,10,DIVINED Agent[07] WEREWOLF
4,talk,2,0,12,VOTE Agent[08]
4,talk,3,0,5,VOTE Agent[07]
4,talk,4,0,2,ESTIMATE Agent[06] VILLAGER
4,talk,5,0,15,IDENTIFIED Agent[09] WEREWOLF
4,talk,6,0,4,VOTE Agent[08]
4,talk,7,0,6,VOTE Agent[08]
4,talk,8,0,7,VOTE Agent[08]
4,talk,9,1,10,VOTE Agent[02]
4,talk,10,1,8,Skip
4,talk,11,1,6,Skip
4,talk,12,1,4,Skip
4,talk,13,1,7,Skip
4,talk,14,1,15,VOTE Agent[07]
4,talk,15,1,12,Skip
4,talk,16,1,5,Skip
4,talk,17,1,2,ESTIMATE Agent[04] VILLAGER
4,talk,18,2,7,Skip
4,talk,19,2,15,VOTE Agent[04]
4,talk,20,2,6,Skip
4,talk,21,2,10,Skip
4,talk,22,2,12,Skip
4,talk,23,2,5,Skip
4,talk,24,2,4,Skip
4,talk,25,2,2,Skip
4,talk,26,2,8,Skip
4,talk,27,3,6,Over
4,talk,28,3,12,Over
4,talk,29,3,10,Skip
4,talk,30,3,8,Over
4,talk,31,3,4,Over
4,talk,32,3,15,VOTE Agent[04]
4,talk,33,3,7,Over
4,talk,34,3,2,VOTE Agent[10]
4,talk,35,3,5,VOTE Agent[04]
4,talk,36,4,6,Over
4,talk,37,4,12,Over
4,talk,38,4,8,Over
4,talk,39,4,10,Over
4,talk,40,4,4,Over
4,talk,41,4,5,Skip
4,talk,42,4,7,VOTE Agent[04]
4,talk,43,4,15,VOTE Agent[04]
4,talk,44,4,2,ESTIMATE Agent[10] WEREWOLF
4,talk,45,5,12,Over
4,talk,46,5,2,ESTIMATE Agent[05] VILLAGER
4,talk,47,5,7,Skip
4,talk,48,5,6,Over
4,talk,49,5,8,Over
4,talk,50,5,4,Over
4,talk,51,5,15,VOTE Agent[04]
4,talk,52,5,5,Skip
4,talk,53,5,10,Over
4,talk,54,6,10,Over
4,talk,55,6,4,Over
4,talk,56,6,12,Over
4,talk,57,6,7,Skip
4,talk,58,6,8,Over
4,talk,59,6,5,Over
4,talk,60,6,15,VOTE Agent[04]
4,talk,61,6,6,Over
4,talk,62,6,2,ESTIMATE Agent[10] WEREWOLF
4,talk,63,7,6,Over
4,talk,64,7,12,Over
4,talk,65,7,8,Over
4,talk,66,7,4,Over
4,talk,67,7,10,Over
4,talk,68,7,5,Over
4,talk,69,7,7,Over
4,talk,70,7,15,VOTE Agent[04]
4,talk,71,7,2,ESTIMATE Agent[07] VILLAGER
4,talk,72,8,7,Over
4,talk,73,8,2,ESTIMATE Agent[05] VILLAGER
4,talk,74,8,5,Over
4,talk,75,8,10,Over
4,talk,76,8,6,Over
4,talk,77,8,12,Over
4,talk,78,8,4,Over
4,talk,79,8,15,VOTE Agent[04]
4,talk,80,8,8,Over
4,talk,81,9,12,Over
4,talk,82,9,15,Over
4,talk,83,9,10,Over
4,talk,84,9,7,Over
4,talk,85,9,2,Over
4,talk,86,9,8,Over
4,talk,87,9,6,Over
4,talk,88,9,4,Over
4,talk,89,9,5,Over
4,vote,2,10
4,vote,4,8
4,vote,5,4
4,vote,6,8
4,vote,7,4
4,vote,8,4
4,vote,10,4
4,vote,12,8
4,vote,15,8
4,vote,2,10
4,vote,4,8
4,vote,5,4
4,vote,6,8
4,vote,7,4
4,vote,8,4
4,vote,10,4
4,vote,12,8
4,vote,15,4
4,execute,4,VILLAGER
4,whisper,0,0,5,ATTACK Agent[06]
4,whisper,1,0,8,Skip
4,whisper,2,1,5,Skip
4,whisper,3,1,8,Skip
4,whisper,4,2,5,Skip
4,whisper,5,2,8,Over
4,whisper,6,3,5,Over
4,whisper,7,3,8,Over
4,attackVote,5,6
4,attackVote,8,6
4,attack,6,true
5,status,1,VILLAGER,DEAD,hellowolf
5,status,2,VILLAGER,ALIVE,wasabi
5,status,3,VILLAGER,DEAD,hellowolf 2
5,status,4,VILLAGER,DEAD,fanfan 1
5,status,5,WEREWOLF,ALIVE,hellowolf 1
5,status,6,VILLAGER,DEAD,fanfan 2
5,status,7,VILLAGER,ALIVE,tomato
5,status,8,WEREWOLF,ALIVE,takeda 1
5,status,9,WEREWOLF,DEAD,takeda 3
5,status,10,POSSESSED,ALIVE,takeda 2
5,status,11,BODYGUARD,DEAD,tomato 1
5,status,12,VILLAGER,ALIVE,fanfan
5,status,13,SEER,DEAD,wasabi 1
5,status,14,VILLAGER,DEAD,takeda
5,status,15,MEDIUM,ALIVE,HALUemon
5,talk,0,0,8,VOTE Agent[12]
5,talk,1,0,2,ESTIMATE Agent[08] VILLAGER
5,talk,2,0,10,DIVINED Agent[05] WEREWOLF
5,talk,3,0,5,VOTE Agent[07]
5,talk,4,0,15,IDENTIFIED Agent[04] HUMAN
5,talk,5,0,12,VOTE Agent[15]
5,talk,6,0,7,VOTE Agent[15]
5,talk,7,1,12,Skip
5,talk,8,1,15,VOTE Agent[07]
5,talk,9,1,10,VOTE Agent[02]
5,talk,10,1,2,ESTIMATE Agent[10] WEREWOLF
5,talk,11,1,7,VOTE Agent[07]
5,talk,12,1,8,Skip
5,talk,13,1,5,VOTE Agent[15]
5,talk,14,2,12,Skip
5,talk,15,2,5,VOTE Agent[07]
5,talk,16,2,15,VOTE Agent[07]
5,talk,17,2,10,Skip
5,talk,18,2,2,Skip
5,talk,19,2,7,Skip
5,talk,20,2,8,Skip
5,talk,21,3,12,VOTE Agent[07]
5,talk,22,3,15,VOTE Agent[12]
5,talk,23,3,2,VOTE Agent[10]
5,talk,24,3,10,Skip
5,talk,25,3,5,Skip
5,talk,26,3,7,Skip
5,talk,27,3,8,Over
5,talk,28,4,15,VOTE Agent[12]
5,talk,29,4,8,Over
5,talk,30,4,12,Skip
5,talk,31,4,5,Skip
5,talk,32,4,7,Over
5,talk,33,4,2,ESTIMATE Agent[08] VILLAGER
5,talk,34,4,10,Over
5,talk,35,5,10,Over
5,talk,36,5,8,Over
5,talk,37,5,12,Skip
5,talk,38,5,2,ESTIMATE Agent[15] MEDIUM
5,talk,39,5,5,Over
5,talk,40,5,7,Over
5,talk,41,5,15,VOTE Agent[12]
5,talk,42,6,12,Over
5,talk,43,6,5,Over
5,talk,44,6,15,VOTE Agent[12]
5,talk,45,6,7,Over
5,talk,46,6,2,Skip
5,talk,47,6,10,Over
5,talk,48,6,8,Over
5,talk,49,7,7,Over
5,talk,50,7,2,ESTIMATE Agent[08] VILLAGER
5,talk,51,7,15,VOTE Agent[12]
5,talk,52,7,12,Over
5,talk,53,7,5,Over
5,talk,54,7,10,Over
5,talk,55,7,8,Over
5,talk,56,8,7,VOTE Agent[12]
5,talk,57,8,2,ESTIMATE Agent[15] MEDIUM
5,talk,58,8,10,Over
5,talk,59,8,5,Over
5,talk,60,8,12,Over
5,talk,61,8,15,VOTE Agent[12]
5,talk,62,8,8,Over
5,talk,63,9,10,Over
5,talk,64,9,2,Over
5,talk,65,9,8,Over
5,talk,66,9,7,Skip
5,talk,67,9,5,VOTE Agent[12]
5,talk,68,9,12,VOTE Agent[15]
5,talk,69,9,15,Over
5,talk,70,10,12,Skip
5,talk,71,10,5,Skip
5,talk,72,10,8,Over
5,talk,73,10,2,Over
5,talk,74,10,10,Over
5,talk,75,10,7,Skip
5,talk,76,10,15,Over
5,talk,77,11,2,Over
5,talk,78,11,8,Over
5,talk,79,11,10,Over
5,talk,80,11,7,Over
5,talk,81,11,12,Skip
5,talk,82,11,15,Over
5,talk,83,11,5,Skip
5,talk,84,12,7,Over
5,talk,85,12,8,Over
5,talk,86,12,15,Over
5,talk,87,12,2,Over
5,talk,88,12,5,Over
5,talk,89,12,10,Over
5,talk,90,12,12,Over
5,vote,2,10
5,vote,5,12
5,vote,7,12
5,vote,8,12
5,vote,10,12
5,vote,12,15
5,vote,15,12
5,execute,12,VILLAGER
5,whisper,0,0,8,Skip
5,whisper,1,0,5,ATTACK Agent[07]
5,whisper,2,1,5,Skip
5,whisper,3,1,8,Skip
5,whisper,4,2,8,Over
5,whisper,5,2,5,Skip
5,whisper,6,3,5,Over
5,whisper,7,3,8,Over
5,attackVote,5,7
5,attackVote,8,7
5,attack,7,true
6,status,1,VILLAGER,DEAD,hellowolf
6,status,2,VILLAGER,ALIVE,wasabi
6,status,3,VILLAGER,DEAD,hellowolf 2
6,status,4,VILLAGER,DEAD,fanfan 1
6,status,5,WEREWOLF,ALIVE,hellowolf 1
6,status,6,VILLAGER,DEAD,fanfan 2
6,status,7,VILLAGER,DEAD,tomato
6,status,8,WEREWOLF,ALIVE,takeda 1
6,status,9,WEREWOLF,DEAD,takeda 3
6,status,10,POSSESSED,ALIVE,takeda 2
6,status,11,BODYGUARD,DEAD,tomato 1
6,status,12,VILLAGER,DEAD,fanfan
6,status,13,SEER,DEAD,wasabi 1
6,status,14,VILLAGER,DEAD,takeda
6,status,15,MEDIUM,ALIVE,HALUemon
6,talk,0,0,5,VOTE Agent[15]
6,talk,1,0,2,ESTIMATE Agent[15] MEDIUM
6,talk,2,0,15,IDENTIFIED Agent[12] HUMAN
6,talk,3,0,8,VOTE Agent[05]
6,talk,4,0,10,DIVINED Agent[08] WEREWOLF
6,talk,5,1,15,VOTE Agent[05]
6,talk,6,1,5,Skip
6,talk,7,1,10,VOTE Agent[08]
6,talk,8,1,8,Skip
6,talk,9,1,2,ESTIMATE Agent[15] MEDIUM
6,talk,10,2,8,Skip
6,talk,11,2,5,Skip
6,talk,12,2,2,ESTIMATE Agent[15] MEDIUM
6,talk,13,2,15,VOTE Agent[05]
6,talk,14,2,10,Skip
6,talk,15,3,15,VOTE Agent[05]
6,talk,16,3,5,Over
6,talk,17,3,10,Skip
6,talk,18,3,8,Over
6,talk,19,3,2,VOTE Agent[05]
6,talk,20,4,15,VOTE Agent[08]
6,talk,21,4,10,Over
6,talk,22,4,5,Over
6,talk,23,4,8,Over
6,talk,24,4,2,ESTIMATE Agent[08] WEREWOLF
6,talk,25,5,8,VOTE Agent[05]
6,talk,26,5,15,VOTE Agent[08]
6,talk,27,5,5,Over
6,talk,28,5,10,Over
6,talk,29,5,2,ESTIMATE Agent[15] MEDIUM
6,talk,30,6,8,VOTE Agent[05]
6,talk,31,6,15,VOTE Agent[08]
6,talk,32,6,2,ESTIMATE Agent[15] MEDIUM
6,talk,33,6,10,Over
6,talk,34,6,5,Over
6,talk,35,7,2,ESTIMATE Agent[15] MEDIUM
6,talk,36,7,15,VOTE Agent[08]
6,talk,37,7,5,Over
6,talk,38,7,8,VOTE Agent[05]
6,talk,39,7,10,Over
6,talk,40,8,2,ESTIMATE Agent[15] MEDIUM
6,talk,41,8,5,Over
6,talk,42,8,8,VOTE Agent[05]
6,talk,43,8,15,VOTE Agent[08]
6,talk,44,8,10,Over
6,talk,45,9,2,Over
6,talk,46,9,10,Over
6,talk,47,9,15,Over
6,talk,48,9,5,Over
6,talk,49,9,8,VOTE Agent[05]
6,talk,50,10,8,VOTE Agent[05]
6,talk,51,10,10,Over
6,talk,52,10,5,Over
6,talk,53,10,15,Over
6,talk,54,10,2,Over
6,talk,55,11,10,Over
6,talk,56,11,5,Over
6,talk,57,11,8,VOTE Agent[05]
6,talk,58,11,15,Over
6,talk,59,11,2,Over
6,talk,60,12,2,Over
6,talk,61,12,15,Over
6,talk,62,12,5,Over
6,talk,63,12,10,Over
6,talk,64,12,8,VOTE Agent[05]
6,talk,65,13,2,Over
6,talk,66,13,15,Over
6,talk,67,13,5,Over
6,talk,68,13,10,Over
6,talk,69,13,8,VOTE Agent[05]
6,talk,70,14,8,Over
6,talk,71,14,15,Over
6,talk,72,14,2,Over
6,talk,73,14,5,Over
6,talk,74,14,10,Over
6,vote,2,5
6,vote,5,15
6,vote,8,5
6,vote,10,5
6,vote,15,8
6,execute,5,WEREWOLF
6,attackVote,8,15
6,attack,15,true
7,status,1,VILLAGER,DEAD,hellowolf
7,status,2,VILLAGER,ALIVE,wasabi
7,status,3,VILLAGER,DEAD,hellowolf 2
7,status,4,VILLAGER,DEAD,fanfan 1
7,status,5,WEREWOLF,DEAD,hellowolf 1
7,status,6,VILLAGER,DEAD,fanfan 2
7,status,7,VILLAGER,DEAD,tomato
7,status,8,WEREWOLF,ALIVE,takeda 1
7,status,9,WEREWOLF,DEAD,takeda 3
7,status,10,POSSESSED,ALIVE,takeda 2
7,status,11,BODYGUARD,DEAD,tomato 1
7,status,12,VILLAGER,DEAD,fanfan
7,status,13,SEER,DEAD,wasabi 1
7,status,14,VILLAGER,DEAD,takeda
7,status,15,MEDIUM,DEAD,HALUemon
7,talk,0,0,10,DIVINED Agent[01] WEREWOLF
7,talk,1,0,8,COMINGOUT Agent[08] WEREWOLF
7,talk,2,0,2,ESTIMATE Agent[08] VILLAGER
7,talk,3,1,10,COMINGOUT Agent[10] WEREWOLF
7,talk,4,1,8,VOTE Agent[02]
7,talk,5,1,2,Skip
7,talk,6,2,10,VOTE Agent[08]
7,talk,7,2,8,Skip
7,talk,8,2,2,Skip
7,talk,9,3,8,Skip
7,talk,10,3,10,VOTE Agent[02]
7,talk,11,3,2,VOTE Agent[08]
7,talk,12,4,10,Skip
7,talk,13,4,2,Skip
7,talk,14,4,8,Over
7,talk,15,5,2,Skip
7,talk,16,5,10,Skip
7,talk,17,5,8,Over
7,talk,18,6,10,Over
7,talk,19,6,8,Over
7,talk,20,6,2,ESTIMATE Agent[10] WEREWOLF
7,talk,21,7,8,Over
7,talk,22,7,10,Over
7,talk,23,7,2,Skip
7,talk,24,8,2,Skip
7,talk,25,8,10,Over
7,talk,26,8,8,Over
7,talk,27,9,10,Over
7,talk,28,9,8,Over
7,talk,29,9,2,Over
7,vote,2,8
7,vote,8,2
7,vote,10,2
7,execute,2,VILLAGER
7,attackVote,8,10
7,attack,10,true
8,status,1,VILLAGER,DEAD,hellowolf
8,status,2,VILLAGER,DEAD,wasabi
8,status,3,VILLAGER,DEAD,hellowolf 2
8,status,4,VILLAGER,DEAD,fanfan 1
8,status,5,WEREWOLF,DEAD,hellowolf 1
8,status,6,VILLAGER,DEAD,fanfan 2
8,status,7,VILLAGER,DEAD,tomato
8,status,8,WEREWOLF,ALIVE,takeda 1
8,status,9,WEREWOLF,DEAD,takeda 3
8,status,10,POSSESSED,DEAD,takeda 2
8,status,11,BODYGUARD,DEAD,tomato 1
8,status,12,VILLAGER,DEAD,fanfan
8,status,13,SEER,DEAD,wasabi 1
8,status,14,VILLAGER,DEAD,takeda
8,status,15,MEDIUM,DEAD,HALUemon
8,result,0,1,WEREWOLF
