0,status,1,VILLAGER,ALIVE,hellowolf
0,status,2,WEREWOLF,ALIVE,wasabi
0,status,3,VILLAGER,ALIVE,hellowolf 2
0,status,4,POSSESSED,ALIVE,fanfan 1
0,status,5,VILLAGER,ALIVE,hellowolf 1
0,status,6,VILLAGER,ALIVE,fanfan 2
0,status,7,VILLAGER,ALIVE,tomato
0,status,8,WEREWOLF,ALIVE,takeda 1
0,status,9,SEER,ALIVE,takeda 3
0,status,10,VILLAGER,ALIVE,takeda 2
0,status,11,VILLAGER,ALIVE,tomato 1
0,status,12,BODYGUARD,ALIVE,fanfan
0,status,13,VILLAGER,ALIVE,wasabi 1
0,status,14,MEDIUM,ALIVE,takeda
0,status,15,WEREWOLF,ALIVE,HALUemon
0,whisper,0,0,2,ATTACK Agent[14]
0,whisper,1,0,8,Skip
0,whisper,2,0,15,COMINGOUT Agent[15] VILLAGER
0,whisper,3,1,15,Skip
0,whisper,4,1,8,Skip
0,whisper,5,1,2,ATTACK Agent[01]
0,whisper,6,2,2,Over
0,whisper,7,2,15,Skip
0,whisper,8,2,8,Over
0,whisper,9,3,15,Over
0,whisper,10,3,2,REQUEST ANY (ATTACK Agent[01])
0,whisper,11,3,8,Over
0,whisper,12,4,2,Over
0,whisper,13,4,8,Over
0,whisper,14,4,15,Over
0,divine,9,8,WEREWOLF
1,status,1,VILLAGER,ALIVE,hellowolf
1,status,2,WEREWOLF,ALIVE,wasabi
1,status,3,VILLAGER,ALIVE,hellowolf 2
1,status,4,POSSESSED,ALIVE,fanfan 1
1,status,5,VILLAGER,ALIVE,hellowolf 1
1,status,6,VILLAGER,ALIVE,fanfan 2
1,status,7,VILLAGER,ALIVE,tomato
1,status,8,WEREWOLF,ALIVE,takeda 1
1,status,9,SEER,ALIVE,takeda 3
1,status,10,VILLAGER,ALIVE,takeda 2
1,status,11,VILLAGER,ALIVE,tomato 1
1,status,12,BODYGUARD,ALIVE,fanfan
1,status,13,VILLAGER,ALIVE,wasabi 1
1,status,14,MEDIUM,ALIVE,takeda
1,status,15,WEREWOLF,ALIVE,HALUemon
1,talk,0,0,2,ESTIMATE Agent[06] WEREWOLF
1,talk,1,0,13,ESTIMATE Agent[02] VILLAGER
1,talk,2,0,14,COMINGOUT Agent[14] MEDIUM
1,talk,3,0,9,COMINGOUT Agent[09] SEER
1,talk,4,0,4,COMINGOUT Agent[04] SEER
1,talk,5,0,6,VOTE Agent[08]
1,talk,6,0,1,VOTE Agent[08]
1,talk,7,0,3,VOTE Agent[08]
1,talk,8,0,15,VOTE Agent[12]
1,talk,9,0,7,VOTE Agent[01]
1,talk,10,0,10,VOTE Agent[06]
1,talk,11,0,8,Skip
1,talk,12,0,12,VOTE Agent[08]
1,talk,13,0,11,VOTE Agent[12]
1,talk,14,0,5,VOTE Agent[08]
1,talk,15,1,3,Skip
1,talk,16,1,14,VOTE Agent[08]
1,talk,17,1,1,Skip
1,talk,18,1,9,DIVINED Agent[08] WEREWOLF
1,talk,19,1,12,VOTE Agent[15]
1,talk,20,1,8,VOTE Agent[03]
1,talk,21,1,5,Skip
1,talk,22,1,7,VOTE Agent[08]
1,talk,23,1,4,DIVINED Agent[09] WEREWOLF
1,talk,24,1,11,VOTE Agent[08]
1,talk,25,1,10,VOTE Agent[08]
1,talk,26,1,13,ESTIMATE Agent[12] WEREWOLF
1,talk,27,1,15,VOTE Agent[12]
1,talk,28,1,2,ESTIMATE Agent[15] VILLAGER
1,talk,29,1,6,VOTE Agent[05]
1,talk,30,2,1,Skip
1,talk,31,2,15,VOTE Agent[09]
1,talk,32,2,14,Skip
1,talk,33,2,8,VOTE Agent[01]
1,talk,34,2,13,ESTIMATE Agent[15] VILLAGER
1,talk,35,2,7,Skip
1,talk,36,2,5,Skip
1,talk,37,2,10,Skip
1,talk,38,2,6,VOTE Agent[08]
1,talk,39,2,11,Skip
1,talk,40,2,12,VOTE Agent[08]
1,talk,41,2,2,ESTIMATE Agent[15] WEREWOLF
1,talk,42,2,3,Skip
1,talk,43,2,9,VOTE Agent[08]
1,talk,44,2,4,VOTE Agent[09]
1,talk,45,3,12,Skip
1,talk,46,3,7,Skip
1,talk,47,3,13,VOTE Agent[08]
1,talk,48,3,1,Over
1,talk,49,3,5,Over
1,talk,50,3,8,VOTE Agent[03]
1,talk,51,3,14,Skip
1,talk,52,3,3,Over
1,talk,53,3,4,VOTE Agent[08]
1,talk,54,3,9,VOTE Agent[08]
1,talk,55,3,10,Skip
1,talk,56,3,15,VOTE Agent[09]
1,talk,57,3,11,Skip
1,talk,58,3,2,VOTE Agent[08]
1,talk,59,3,6,Skip
1,talk,60,4,3,Over
1,talk,61,4,7,Over
1,talk,62,4,13,ESTIMATE Agent[09] WEREWOLF
1,talk,63,4,1,Over
1,talk,64,4,6,Skip
1,talk,65,4,2,ESTIMATE Agent[09] WEREWOLF
1,talk,66,4,9,VOTE Agent[08]
1,talk,67,4,14,Over
1,talk,68,4,5,Over
1,talk,69,4,15,VOTE Agent[09]
1,talk,70,4,10,Over
1,talk,71,4,4,Skip
1,talk,72,4,12,Skip
1,talk,73,4,8,VOTE Agent[03]
1,talk,74,4,11,Over
1,talk,75,5,10,Over
1,talk,76,5,12,Over
1,talk,77,5,8,VOTE Agent[01]
1,talk,78,5,2,ESTIMATE Agent[06] WEREWOLF
1,talk,79,5,1,Over
1,talk,80,5,3,Over
1,talk,81,5,9,VOTE Agent[08]
1,talk,82,5,13,ESTIMATE Agent[07] VILLAGER
1,talk,83,5,15,VOTE Agent[09]
1,talk,84,5,14,Over
1,talk,85,5,6,Over
1,talk,86,5,4,Skip
1,talk,87,5,7,Over
1,talk,88,5,5,Over
1,talk,89,5,11,Over
1,talk,90,6,4,Over
1,talk,91,6,8,VOTE Agent[01]
1,talk,92,6,14,Over
1,talk,93,6,11,Over
1,talk,94,6,13,ESTIMATE Agent[05] VILLAGER
1,talk,95,6,3,Over
1,talk,96,6,12,Over
1,talk,97,6,5,Over
1,talk,98,6,2,ESTIMATE Agent[04] WEREWOLF
1,talk,99,6,6,Over
1,talk,100,6,1,Over
1,talk,101,6,15,VOTE Agent[09]
1,talk,102,6,10,Over
1,talk,103,6,9,VOTE Agent[08]
1,talk,104,6,7,Over
1,talk,105,7,13,Skip
1,talk,106,7,14,Over
1,talk,107,7,6,Over
1,talk,108,7,15,VOTE Agent[09]
1,talk,109,7,3,Over
1,talk,110,7,7,Over
1,talk,111,7,2,ESTIMATE Agent[04] WEREWOLF
1,talk,112,7,11,Over
1,talk,113,7,4,Over
1,talk,114,7,5,Over
1,talk,115,7,1,Over
1,talk,116,7,8,VOTE Agent[01]
1,talk,117,7,12,Over
1,talk,118,7,10,Over
1,talk,119,7,9,VOTE Agent[08]
1,talk,120,8,13,Skip
1,talk,121,8,11,Over
1,talk,122,8,7,Over
1,talk,123,8,9,VOTE Agent[08]
1,talk,124,8,14,Over
1,talk,125,8,10,Over
1,talk,126,8,2,Skip
1,talk,127,8,3,Over
1,talk,128,8,4,Over
1,talk,129,8,6,Over
1,talk,130,8,15,VOTE Agent[09]
1,talk,131,8,5,Over
1,talk,132,8,12,Over
1,talk,133,8,8,VOTE Agent[05]
1,talk,134,8,1,Over
1,talk,135,9,15,Over
1,talk,136,9,4,Over
1,talk,137,9,13,Over
1,talk,138,9,1,Over
1,talk,139,9,9,VOTE Agent[08]
1,talk,140,9,14,Over
1,talk,141,9,3,Over
1,talk,142,9,6,Over
1,talk,143,9,7,Over
1,talk,144,9,2,Over
1,talk,145,9,8,VOTE Agent[01]
1,talk,146,9,5,Over
1,talk,147,9,12,Over
1,talk,148,9,10,Over
1,talk,149,9,11,Over
1,talk,150,10,8,VOTE Agent[01]
1,talk,151,10,9,Over
1,talk,152,10,6,Over
1,talk,153,10,15,Over
1,talk,154,10,7,Over
1,talk,155,10,11,Over
1,talk,156,10,2,Over
1,talk,157,10,14,Over
1,talk,158,10,12,Over
1,talk,159,10,5,Over
1,talk,160,10,1,Over
1,talk,161,10,4,Over
1,talk,162,10,10,Over
1,talk,163,10,3,Over
1,talk,164,10,13,Over
1,talk,165,11,9,Over
1,talk,166,11,5,Over
1,talk,167,11,10,Over
1,talk,168,11,11,Over
1,talk,169,11,4,Over
1,talk,170,11,3,Over
1,talk,171,11,8,Over
1,talk,172,11,12,Over
1,talk,173,11,7,Over
1,talk,174,11,13,Over
1,talk,175,11,15,Over
1,talk,176,11,6,Over
1,talk,177,11,1,Over
1,talk,178,11,2,Over
1,talk,179,11,14,Over
1,vote,1,8
1,vote,2,8
1,vote,3,8
1,vote,4,8
1,vote,5,8
1,vote,6,8
1,vote,7,8
1,vote,8,5
1,vote,9,8
1,vote,10,8
1,vote,11,8
1,vote,12,8
1,vote,13,8
1,vote,14,8
1,vote,15,9
1,execute,8,WEREWOLF
1,divine,9,5,HUMAN
1,whisper,0,0,2,Over
1,whisper,1,0,15,ATTACK Agent[09]
1,whisper,2,1,2,ATTACK Agent[09]
1,whisper,3,1,15,Skip
1,whisper,4,2,2,Over
1,whisper,5,2,15,Skip
1,whisper,6,3,2,REQUEST ANY (ATTACK Agent[09])
1,whisper,7,3,15,Over
1,whisper,8,4,2,Over
1,whisper,9,4,15,Over
1,guard,12,4,POSSESSED
1,attackVote,2,9
1,attackVote,15,9
1,attack,9,true
2,status,1,VILLAGER,ALIVE,hellowolf
2,status,2,WEREWOLF,ALIVE,wasabi
2,status,3,VILLAGER,ALIVE,hellowolf 2
2,status,4,POSSESSED,ALIVE,fanfan 1
2,status,5,VILLAGER,ALIVE,hellowolf 1
2,status,6,VILLAGER,ALIVE,fanfan 2
2,status,7,VILLAGER,ALIVE,tomato
2,status,8,WEREWOLF,DEAD,takeda 1
2,status,9,SEER,DEAD,takeda 3
2,status,10,VILLAGER,ALIVE,takeda 2
2,status,11,VILLAGER,ALIVE,tomato 1
2,status,12,BODYGUARD,ALIVE,fanfan
2,status,13,VILLAGER,ALIVE,wasabi 1
2,status,14,MEDIUM,ALIVE,takeda
2,status,15,WEREWOLF,ALIVE,HALUemon
2,talk,0,0,15,VOTE Agent[13]
2,talk,1,0,10,VOTE Agent[05]
2,talk,2,0,7,VOTE Agent[03]
2,talk,3,0,6,VOTE Agent[05]
2,talk,4,0,1,VOTE Agent[05]
2,talk,5,0,13,Skip
2,talk,6,0,4,DIVINED Agent[14] WEREWOLF
2,talk,7,0,12,VOTE Agent[05]
2,talk,8,0,5,VOTE Agent[01]
2,talk,9,0,2,ESTIMATE Agent[04] WEREWOLF
2,talk,10,0,14,IDENTIFIED Agent[08] WEREWOLF
2,talk,11,0,3,VOTE Agent[01]
2,talk,12,0,11,VOTE Agent[04]
2,talk,13,1,15,VOTE Agent[05]
2,talk,14,1,7,VOTE Agent[05]
2,talk,15,1,2,ESTIMATE Agent[04] WEREWOLF
2,talk,16,1,14,VOTE Agent[05]
2,talk,17,1,1,Skip
2,talk,18,1,5,Skip
2,talk,19,1,6,Skip
2,talk,20,1,4,VOTE Agent[14]
2,talk,21,1,11,VOTE Agent[05]
2,talk,22,1,10,Skip
2,talk,23,1,13,ESTIMATE Agent[04] WEREWOLF
2,talk,24,1,3,VOTE Agent[05]
2,talk,25,1,12,Skip
2,talk,26,2,11,Skip
2,talk,27,2,5,Skip
2,talk,28,2,7,Skip
2,talk,29,2,12,Skip
2,talk,30,2,13,ESTIMATE Agent[06] VILLAGER
2,talk,31,2,15,VOTE Agent[05]
2,talk,32,2,3,Skip
2,talk,33,2,1,Skip
2,talk,34,2,2,ESTIMATE Agent[04] WEREWOLF
2,talk,35,2,4,VOTE Agent[05]
2,talk,36,2,14,Skip
2,talk,37,2,6,Skip
2,talk,38,2,10,Skip
2,talk,39,3,15,VOTE Agent[05]
2,talk,40,3,14,Skip
2,talk,41,3,4,Skip
2,talk,42,3,1,Over
2,talk,43,3,11,Skip
2,talk,44,3,6,Over
2,talk,45,3,13,VOTE Agent[01]
2,talk,46,3,2,VOTE Agent[04]
2,talk,47,3,3,Skip
2,talk,48,3,7,Skip
2,talk,49,3,5,Over
2,talk,50,3,10,Over
2,talk,51,3,12,Over
2,talk,52,4,4,Skip
2,talk,53,4,6,Over
2,talk,54,4,3,Over
2,talk,55,4,14,Over
2,talk,56,4,12,Over
2,talk,57,4,11,Over
2,talk,58,4,7,Over
2,talk,59,4,15,VOTE Agent[05]
2,talk,60,4,1,Over
2,talk,61,4,10,Over
2,talk,62,4,2,ESTIMATE Agent[04] WEREWOLF
2,talk,63,4,5,Over
2,talk,64,4,13,ESTIMATE Agent[04] WEREWOLF
2,talk,65,5,2,ESTIMATE Agent[03] VILLAGER
2,talk,66,5,13,Skip
2,talk,67,5,10,Over
2,talk,68,5,15,VOTE Agent[05]
2,talk,69,5,14,Over
2,talk,70,5,12,Over
2,talk,71,5,6,Over
2,talk,72,5,1,Over
2,talk,73,5,7,Over
2,talk,74,5,11,Over
2,talk,75,5,3,Over
2,talk,76,5,5,Over
2,talk,77,5,4,Over
2,talk,78,6,15,VOTE Agent[05]
2,talk,79,6,13,VOTE Agent[05]
2,talk,80,6,10,Over
2,talk,81,6,5,Over
2,talk,82,6,14,Over
2,talk,83,6,7,Over
2,talk,84,6,2,REQUEST ANY (VOTE Agent[04])
2,talk,85,6,3,Over
2,talk,86,6,4,Over
2,talk,87,6,12,Over
2,talk,88,6,11,Over
2,talk,89,6,6,Over
2,talk,90,6,1,Over
2,talk,91,7,12,Over
2,talk,92,7,15,VOTE Agent[05]
2,talk,93,7,3,Over
2,talk,94,7,4,Over
2,talk,95,7,14,Over
2,talk,96,7,10,Over
2,talk,97,7,13,ESTIMATE Agent[06] VILLAGER
2,talk,98,7,2,ESTIMATE Agent[03] VILLAGER
2,talk,99,7,5,Over
2,talk,100,7,7,Over
2,talk,101,7,11,Over
2,talk,102,7,6,Over
2,talk,103,7,1,Over
2,talk,104,8,11,Over
2,talk,105,8,2,ESTIMATE Agent[04] WEREWOLF
2,talk,106,8,5,Over
2,talk,107,8,7,Over
2,talk,108,8,12,Over
2,talk,109,8,3,Over
2,talk,110,8,4,Over
2,talk,111,8,6,Over
2,talk,112,8,1,Over
2,talk,113,8,13,ESTIMATE Agent[04] WEREWOLF
2,talk,114,8,14,Over
2,talk,115,8,15,VOTE Agent[05]
2,talk,116,8,10,Over
2,talk,117,9,14,Over
2,talk,118,9,1,Over
2,talk,119,9,7,Over
2,talk,120,9,12,Over
2,talk,121,9,13,Over
2,talk,122,9,10,Over
2,talk,123,9,2,Over
2,talk,124,9,3,Over
2,talk,125,9,4,Over
2,talk,126,9,6,Over
2,talk,127,9,11,Over
2,talk,128,9,15,Over
2,talk,129,9,5,Over
2,vote,1,5
2,vote,2,4
2,vote,3,5
2,vote,4,5
2,vote,5,1
2,vote,6,5
2,vote,7,5
2,vote,10,5
2,vote,11,5
2,vote,12,5
2,vote,13,5
2,vote,14,5
2,vote,15,5
2,execute,5,VILLAGER
2,whisper,0,0,15,ATTACK Agent[14]
2,whisper,1,0,2,ATTACK Agent[14]
2,whisper,2,1,15,Skip
2,whisper,3,1,2,Over
2,whisper,4,2,15,Skip
2,whisper,5,2,2,Over
2,whisper,6,3,2,Over
2,whisper,7,3,15,Over
2,guard,12,4,POSSESSED
2,attackVote,2,14
2,attackVote,15,14
2,attack,14,true
3,status,1,VILLAGER,ALIVE,hellowolf
3,status,2,WEREWOLF,ALIVE,wasabi
3,status,3,VILLAGER,ALIVE,hellowolf 2
3,status,4,POSSESSED,ALIVE,fanfan 1
3,status,5,VILLAGER,DEAD,hellowolf 1
3,status,6,VILLAGER,ALIVE,fanfan 2
3,status,7,VILLAGER,ALIVE,tomato
3,status,8,WEREWOLF,DEAD,takeda 1
3,status,9,SEER,DEAD,takeda 3
3,status,10,VILLAGER,ALIVE,takeda 2
3,status,11,VILLAGER,ALIVE,tomato 1
3,status,12,BODYGUARD,ALIVE,fanfan
3,status,13,VILLAGER,ALIVE,wasabi 1
3,status,14,MEDIUM,DEAD,takeda
3,status,15,WEREWOLF,ALIVE,HALUemon
3,talk,0,0,2,Skip
3,talk,1,0,12,VOTE Agent[01]
3,talk,2,0,10,VOTE Agent[01]
3,talk,3,0,7,VOTE Agent[12]
3,talk,4,0,4,DIVINED Agent[13] WEREWOLF
3,talk,5,0,6,VOTE Agent[01]
3,talk,6,0,13,ESTIMATE Agent[06] VILLAGER
3,talk,7,0,3,VOTE Agent[01]
3,talk,8,0,15,VOTE Agent[12]
3,talk,9,0,11,VOTE Agent[04]
3,talk,10,0,1,VOTE Agent[02]
3,talk,11,1,11,VOTE Agent[01]
3,talk,12,1,15,VOTE Agent[01]
3,talk,13,1,3,Skip
3,talk,14,1,6,Skip
3,talk,15,1,12,Skip
3,talk,16,1,4,VOTE Agent[13]
3,talk,17,1,7,VOTE Agent[01]
3,talk,18,1,10,Skip
3,talk,19,1,13,ESTIMATE Agent[10] VILLAGER
3,talk,20,1,1,VOTE Agent[06]
3,talk,21,1,2,ESTIMATE Agent[04] WEREWOLF
3,talk,22,2,2,ESTIMATE Agent[04] WEREWOLF
3,talk,23,2,6,Skip
3,talk,24,2,3,Skip
3,talk,25,2,15,VOTE Agent[01]
3,talk,26,2,7,Skip
3,talk,27,2,13,ESTIMATE Agent[11] VILLAGER
3,talk,28,2,11,Skip
3,talk,29,2,12,Skip
3,talk,30,2,10,Skip
3,talk,31,2,4,Skip
3,talk,32,2,1,VOTE Agent[02]
3,talk,33,3,15,VOTE Agent[01]
3,talk,34,3,3,Over
3,talk,35,3,7,Skip
3,talk,36,3,2,VOTE Agent[04]
3,talk,37,3,6,Over
3,talk,38,3,11,Skip
3,talk,39,3,13,VOTE Agent[01]
3,talk,40,3,10,Over
3,talk,41,3,12,Over
3,talk,42,3,4,Skip
3,talk,43,3,1,Skip
3,talk,44,4,6,Over
3,talk,45,4,12,Over
3,talk,46,4,15,VOTE Agent[01]
3,talk,47,4,3,Over
3,talk,48,4,1,Skip
3,talk,49,4,13,Skip
3,talk,50,4,11,Over
3,talk,51,4,4,Over
3,talk,52,4,7,Over
3,talk,53,4,2,ESTIMATE Agent[15] WEREWOLF
3,talk,54,4,10,Over
3,talk,55,5,13,ESTIMATE Agent[04] WEREWOLF
3,talk,56,5,12,Over
3,talk,57,5,4,Over
3,talk,58,5,10,Over
3,talk,59,5,3,Over
3,talk,60,5,11,Over
3,talk,61,5,1,Over
3,talk,62,5,2,ESTIMATE Agent[04] WEREWOLF
3,talk,63,5,15,VOTE Agent[01]
3,talk,64,5,7,Over
3,talk,65,5,6,Over
3,talk,66,6,6,Over
3,talk,67,6,2,ESTIMATE Agent[04] WEREWOLF
3,talk,68,6,11,Over
3,talk,69,6,1,Over
3,talk,70,6,10,Over
3,talk,71,6,13,Skip
3,talk,72,6,3,Over
3,talk,73,6,12,Over
3,talk,74,6,4,Over
3,talk,75,6,7,Over
3,talk,76,6,15,VOTE Agent[01]
3,talk,77,7,4,Over
3,talk,78,7,6,Over
3,talk,79,7,11,Over
3,talk,80,7,12,Over
3,talk,81,7,13,ESTIMATE Agent[04] WEREWOLF
3,talk,82,7,7,Over
3,talk,83,7,1,Over
3,talk,84,7,10,Over
3,talk,85,7,3,Over
3,talk,86,7,15,VOTE Agent[01]
3,talk,87,7,2,ESTIMATE Agent[04] WEREWOLF
3,talk,88,8,6,Over
3,talk,89,8,3,Over
3,talk,90,8,1,Over
3,talk,91,8,4,Over
3,talk,92,8,2,ESTIMATE Agent[04] WEREWOLF
3,talk,93,8,13,ESTIMATE Agent[11] VILLAGER
3,talk,94,8,11,Over
3,talk,95,8,15,VOTE Agent[01]
3,talk,96,8,12,Over
3,talk,97,8,7,Over
3,talk,98,8,10,Over
3,talk,99,9,13,Over
3,talk,100,9,1,Over
3,talk,101,9,4,Over
3,talk,102,9,15,Over
3,talk,103,9,6,Over
3,talk,104,9,12,Over
3,talk,105,9,3,Over
3,talk,106,9,11,Over
3,talk,107,9,2,Over
3,talk,108,9,10,Over
3,talk,109,9,7,Over
3,vote,1,2
3,vote,2,4
3,vote,3,1
3,vote,4,13
3,vote,6,1
3,vote,7,1
3,vote,10,1
3,vote,11,1
3,vote,12,1
3,vote,13,1
3,vote,15,1
3,execute,1,VILLAGER
3,whisper,0,0,2,ATTACK Agent[06]
3,whisper,1,0,15,ATTACK Agent[14]
3,whisper,2,1,2,Over
3,whisper,3,1,15,Skip
3,whisper,4,2,2,Over
3,whisper,5,2,15,Skip
3,whisper,6,3,15,Over
3,whisper,7,3,2,REQUEST ANY (ATTACK Agent[06])
3,whisper,8,4,15,Over
3,whisper,9,4,2,Over
3,guard,12,4,POSSESSED
3,attackVote,2,6
3,attack,6,true
4,status,1,VILLAGER,DEAD,hellowolf
4,status,2,WEREWOLF,ALIVE,wasabi
4,status,3,VILLAGER,ALIVE,hellowolf 2
4,status,4,POSSESSED,ALIVE,fanfan 1
4,status,5,VILLAGER,DEAD,hellowolf 1
4,status,6,VILLAGER,DEAD,fanfan 2
4,status,7,VILLAGER,ALIVE,tomato
4,status,8,WEREWOLF,DEAD,takeda 1
4,status,9,SEER,DEAD,takeda 3
4,status,10,VILLAGER,ALIVE,takeda 2
4,status,11,VILLAGER,ALIVE,tomato 1
4,status,12,BODYGUARD,ALIVE,fanfan
4,status,13,VILLAGER,ALIVE,wasabi 1
4,status,14,MEDIUM,DEAD,takeda
4,status,15,WEREWOLF,ALIVE,HALUemon
4,talk,0,0,3,VOTE Agent[02]
4,talk,1,0,11,VOTE Agent[03]
4,talk,2,0,15,VOTE Agent[07]
4,talk,3,0,10,VOTE Agent[02]
4,talk,4,0,12,VOTE Agent[10]
4,talk,5,0,4,VOTE Agent[11]
4,talk,6,0,13,Skip
4,talk,7,0,2,ESTIMATE Agent[04] WEREWOLF
4,talk,8,0,7,VOTE Agent[15]
4,talk,9,1,13,ESTIMATE Agent[15] VILLAGER
4,talk,10,1,12,VOTE Agent[02]
4,talk,11,1,4,Skip
4,talk,12,1,2,Skip
4,talk,13,1,11,VOTE Agent[02]
4,talk,14,1,15,VOTE Agent[10]
4,talk,15,1,7,VOTE Agent[02]
4,talk,16,1,3,VOTE Agent[10]
4,talk,17,1,10,Skip
4,talk,18,2,4,Skip
4,talk,19,2,15,VOTE Agent[11]
4,talk,20,2,13,ESTIMATE Agent[10] VILLAGER
4,talk,21,2,2,ESTIMATE Agent[04] WEREWOLF
4,talk,22,2,3,VOTE Agent[02]
4,talk,23,2,11,Skip
4,talk,24,2,7,Skip
4,talk,25,2,12,VOTE Agent[10]
4,talk,26,2,10,Skip
4,talk,27,3,7,Skip
4,talk,28,3,15,VOTE Agent[10]
4,talk,29,3,10,Over
4,talk,30,3,13,VOTE Agent[11]
4,talk,31,3,3,Skip
4,talk,32,3,11,Skip
4,talk,33,3,2,VOTE Agent[04]
4,talk,34,3,12,VOTE Agent[02]
4,talk,35,3,4,Over
4,talk,36,4,15,VOTE Agent[11]
4,talk,37,4,3,Skip
4,talk,38,4,4,Over
4,talk,39,4,13,VOTE Agent[02]
4,talk,40,4,7,Over
4,talk,41,4,10,Over
4,talk,42,4,2,ESTIMATE Agent[10] VILLAGER
4,talk,43,4,11,Over
4,talk,44,4,12,Skip
4,talk,45,5,15,VOTE Agent[11]
4,talk,46,5,3,Over
4,talk,47,5,13,VOTE Agent[10]
4,talk,48,5,4,Over
4,talk,49,5,10,Over
4,talk,50,5,7,Over
4,talk,51,5,11,Over
4,talk,52,5,12,Skip
4,talk,53,5,2,ESTIMATE Agent[04] WEREWOLF
4,talk,54,6,11,Over
4,talk,55,6,2,ESTIMATE Agent[04] WEREWOLF
4,talk,56,6,4,Over
4,talk,57,6,15,VOTE Agent[10]
4,talk,58,6,12,Over
4,talk,59,6,10,Over
4,talk,60,6,7,Over
4,talk,61,6,13,VOTE Agent[11]
4,talk,62,6,3,Over
4,talk,63,7,7,Over
4,talk,64,7,13,Skip
4,talk,65,7,11,Over
4,talk,66,7,15,VOTE Agent[11]
4,talk,67,7,3,Over
4,talk,68,7,2,ESTIMATE Agent[04] WEREWOLF
4,talk,69,7,4,Over
4,talk,70,7,12,Over
4,talk,71,7,10,Over
4,talk,72,8,10,Over
4,talk,73,8,7,Over
4,talk,74,8,12,Over
4,talk,75,8,4,Over
4,talk,76,8,11,Over
4,talk,77,8,2,ESTIMATE Agent[04] WEREWOLF
4,talk,78,8,15,VOTE Agent[11]
4,talk,79,8,13,Skip
4,talk,80,8,3,Over
4,talk,81,9,4,Over
4,talk,82,9,15,Over
4,talk,83,9,11,VOTE Agent[11]
4,talk,84,9,10,Over
4,talk,85,9,12,Over
4,talk,86,9,7,VOTE Agent[11]
4,talk,87,9,2,Over
4,talk,88,9,3,Over
4,talk,89,9,13,Over
4,talk,90,10,12,VOTE Agent[10]
4,talk,91,10,11,Skip
4,talk,92,10,3,VOTE Agent[10]
4,talk,93,10,13,Over
4,talk,94,10,15,Over
4,talk,95,10,4,Over
4,talk,96,10,10,VOTE Agent[11]
4,talk,97,10,2,Over
4,talk,98,10,7,Skip
4,talk,99,11,15,Over
4,talk,100,11,13,Over
4,talk,101,11,12,Skip
4,talk,102,11,10,Skip
4,talk,103,11,4,Over
4,talk,104,11,7,Skip
4,talk,105,11,2,Over
4,talk,106,11,3,Skip
4,talk,107,11,11,Skip
4,talk,108,12,11,Over
4,talk,109,12,15,Over
4,talk,110,12,12,Skip
4,talk,111,12,3,Skip
4,talk,112,12,13,Over
4,talk,113,12,10,Skip
4,talk,114,12,7,Over
4,talk,115,12,2,Over
4,talk,116,12,4,Over
4,talk,117,13,4,Over
4,talk,118,13,12,Over
4,talk,119,13,7,Over
4,talk,120,13,3,Over
4,talk,121,13,2,Over
4,talk,122,13,10,Over
4,talk,123,13,11,Over
4,talk,124,13,15,Over
4,talk,125,13,13,Over
4,vote,2,4
4,vote,3,10
4,vote,4,11
4,vote,7,11
4,vote,10,11
4,vote,11,15
4,vote,12,10
4,vote,13,11
4,vote,15,11
4,execute,11,VILLAGER
4,whisper,0,0,2,ATTACK Agent[12]
4,whisper,1,0,15,ATTACK Agent[14]
4,whisper,2,1,2,ESTIMATE Agent[04] POSSESSED
4,whisper,3,1,15,Skip
4,whisper,4,2,2,Over
4,whisper,5,2,15,Skip
4,whisper,6,3,15,Over
4,whisper,7,3,2,ESTIMATE Agent[04] POSSESSED
4,whisper,8,4,2,REQUEST ANY (ATTACK Agent[12])
4,whisper,9,4,15,Over
4,whisper,10,5,2,ESTIMATE Agent[04] POSSESSED
4,whisper,11,5,15,Over
4,whisper,12,6,15,Over
4,whisper,13,6,2,ESTIMATE Agent[04] POSSESSED
4,whisper,14,7,15,Over
4,whisper,15,7,2,ATTACK Agent[07]
4,whisper,16,8,2,Over
4,whisper,17,8,15,Over
4,guard,12,4,POSSESSED
4,attackVote,2,7
4,attack,7,true
5,status,1,VILLAGER,DEAD,hellowolf
5,status,2,WEREWOLF,ALIVE,wasabi
5,status,3,VILLAGER,ALIVE,hellowolf 2
5,status,4,POSSESSED,ALIVE,fanfan 1
5,status,5,VILLAGER,DEAD,hellowolf 1
5,status,6,VILLAGER,DEAD,fanfan 2
5,status,7,VILLAGER,DEAD,tomato
5,status,8,WEREWOLF,DEAD,takeda 1
5,status,9,SEER,DEAD,takeda 3
5,status,10,VILLAGER,ALIVE,takeda 2
5,status,11,VILLAGER,DEAD,tomato 1
5,status,12,BODYGUARD,ALIVE,fanfan
5,status,13,VILLAGER,ALIVE,wasabi 1
5,status,14,MEDIUM,DEAD,takeda
5,status,15,WEREWOLF,ALIVE,HALUemon
5,talk,0,0,15,VOTE Agent[03]
5,talk,1,0,3,VOTE Agent[10]
5,talk,2,0,12,VOTE Agent[10]
5,talk,3,0,4,VOTE Agent[15]
5,talk,4,0,13,ESTIMATE Agent[03] VILLAGER
5,talk,5,0,2,ESTIMATE Agent[04] WEREWOLF
5,talk,6,0,10,VOTE Agent[02]
5,talk,7,1,12,Skip
5,talk,8,1,2,ESTIMATE Agent[04] WEREWOLF
5,talk,9,1,10,Skip
5,talk,10,1,13,Skip
5,talk,11,1,3,Skip
5,talk,12,1,15,VOTE Agent[10]
5,talk,13,1,4,Skip
5,talk,14,2,2,Skip
5,talk,15,2,15,VOTE Agent[10]
5,talk,16,2,12,Skip
5,talk,17,2,3,Skip
5,talk,18,2,13,Skip
5,talk,19,2,10,Skip
5,talk,20,2,4,Skip
5,talk,21,3,3,Over
5,talk,22,3,10,Over
5,talk,23,3,2,VOTE Agent[04]
5,talk,24,3,13,VOTE Agent[03]
5,talk,25,3,12,Over
5,talk,26,3,15,VOTE Agent[10]
5,talk,27,3,4,Over
5,talk,28,4,2,ESTIMATE Agent[04] WEREWOLF
5,talk,29,4,3,Over
5,talk,30,4,10,Over
5,talk,31,4,12,Over
5,talk,32,4,13,ESTIMATE Agent[12] VILLAGER
5,talk,33,4,15,VOTE Agent[10]
5,talk,34,4,4,Over
5,talk,35,5,4,Over
5,talk,36,5,15,VOTE Agent[10]
5,talk,37,5,3,VOTE Agent[04]
5,talk,38,5,13,VOTE Agent[10]
5,talk,39,5,10,Over
5,talk,40,5,12,Over
5,talk,41,5,2,ESTIMATE Agent[03] VILLAGER
5,talk,42,6,3,VOTE Agent[10]
5,talk,43,6,13,ESTIMATE Agent[12] VILLAGER
5,talk,44,6,12,Over
5,talk,45,6,4,Over
5,talk,46,6,15,VOTE Agent[10]
5,talk,47,6,10,Over
5,talk,48,6,2,ESTIMATE Agent[03] VILLAGER
5,talk,49,7,13,ESTIMATE Agent[04] WEREWOLF
5,talk,50,7,2,ESTIMATE Agent[04] WEREWOLF
5,talk,51,7,15,VOTE Agent[10]
5,talk,52,7,3,Skip
5,talk,53,7,10,VOTE Agent[02]
5,talk,54,7,12,Over
5,talk,55,7,4,Over
5,talk,56,8,2,ESTIMATE Agent[04] WEREWOLF
5,talk,57,8,12,Over
5,talk,58,8,15,VOTE Agent[10]
5,talk,59,8,3,Skip
5,talk,60,8,10,Skip
5,talk,61,8,13,REQUEST ANY (VOTE Agent[10])
5,talk,62,8,4,Over
5,talk,63,9,3,Over
5,talk,64,9,4,Over
5,talk,65,9,12,Over
5,talk,66,9,10,Skip
5,talk,67,9,15,Over
5,talk,68,9,13,Over
5,talk,69,9,2,Over
5,talk,70,10,13,Over
5,talk,71,10,10,Over
5,talk,72,10,15,Over
5,talk,73,10,4,Over
5,talk,74,10,3,Over
5,talk,75,10,12,Over
5,talk,76,10,2,Over
5,vote,2,4
5,vote,3,10
5,vote,4,15
5,vote,10,2
5,vote,12,10
5,vote,13,10
5,vote,15,10
5,execute,10,VILLAGER
5,whisper,0,0,2,ATTACK Agent[03]
5,whisper,1,0,15,ATTACK Agent[14]
5,whisper,2,1,15,Skip
5,whisper,3,1,2,ATTACK Agent[13]
5,whisper,4,2,15,Skip
5,whisper,5,2,2,REQUEST ANY (ATTACK Agent[13])
5,whisper,6,3,2,ESTIMATE Agent[04] POSSESSED
5,whisper,7,3,15,Over
5,whisper,8,4,15,Over
5,whisper,9,4,2,VOTE Agent[04]
5,whisper,10,5,2,VOTE Agent[04]
5,whisper,11,5,15,Over
5,whisper,12,6,15,Over
5,whisper,13,6,2,Over
5,guard,12,4,POSSESSED
5,attackVote,2,13
5,attack,13,true
6,status,1,VILLAGER,DEAD,hellowolf
6,status,2,WEREWOLF,ALIVE,wasabi
6,status,3,VILLAGER,ALIVE,hellowolf 2
6,status,4,POSSESSED,ALIVE,fanfan 1
6,status,5,VILLAGER,DEAD,hellowolf 1
6,status,6,VILLAGER,DEAD,fanfan 2
6,status,7,VILLAGER,DEAD,tomato
6,status,8,WEREWOLF,DEAD,takeda 1
6,status,9,SEER,DEAD,takeda 3
6,status,10,VILLAGER,DEAD,takeda 2
6,status,11,VILLAGER,DEAD,tomato 1
6,status,12,BODYGUARD,ALIVE,fanfan
6,status,13,VILLAGER,DEAD,wasabi 1
6,status,14,MEDIUM,DEAD,takeda
6,status,15,WEREWOLF,ALIVE,HALUemon
6,talk,0,0,2,ESTIMATE Agent[04] WEREWOLF
6,talk,1,0,15,VOTE Agent[12]
6,talk,2,0,4,VOTE Agent[15]
6,talk,3,0,12,VOTE Agent[02]
6,talk,4,0,3,VOTE Agent[02]
6,talk,5,1,4,Skip
6,talk,6,1,3,Skip
6,talk,7,1,12,Skip
6,talk,8,1,2,ESTIMATE Agent[04] WEREWOLF
6,talk,9,1,15,VOTE Agent[03]
6,talk,10,2,4,Skip
6,talk,11,2,2,ESTIMATE Agent[03] VILLAGER
6,talk,12,2,15,VOTE Agent[03]
6,talk,13,2,3,Skip
6,talk,14,2,12,Skip
6,talk,15,3,12,Over
6,talk,16,3,2,VOTE Agent[04]
6,talk,17,3,4,Over
6,talk,18,3,15,VOTE Agent[12]
6,talk,19,3,3,VOTE Agent[04]
6,talk,20,4,12,Over
6,talk,21,4,3,Skip
6,talk,22,4,15,VOTE Agent[12]
6,talk,23,4,2,ESTIMATE Agent[04] WEREWOLF
6,talk,24,4,4,Over
6,talk,25,5,3,Skip
6,talk,26,5,2,ESTIMATE Agent[04] WEREWOLF
6,talk,27,5,15,VOTE Agent[12]
6,talk,28,5,12,Over
6,talk,29,5,4,Over
6,talk,30,6,4,Over
6,talk,31,6,15,VOTE Agent[12]
6,talk,32,6,12,Over
6,talk,33,6,2,ESTIMATE Agent[04] WEREWOLF
6,talk,34,6,3,Over
6,talk,35,7,3,Over
6,talk,36,7,12,Over
6,talk,37,7,15,VOTE Agent[03]
6,talk,38,7,4,Over
6,talk,39,7,2,ESTIMATE Agent[04] WEREWOLF
6,talk,40,8,15,VOTE Agent[03]
6,talk,41,8,3,Over
6,talk,42,8,2,ESTIMATE Agent[04] WEREWOLF
6,talk,43,8,12,VOTE Agent[03]
6,talk,44,8,4,Over
6,talk,45,9,15,Over
6,talk,46,9,3,Over
6,talk,47,9,12,Skip
6,talk,48,9,2,Over
6,talk,49,9,4,Over
6,talk,50,10,12,Skip
6,talk,51,10,2,Over
6,talk,52,10,4,Over
6,talk,53,10,3,Over
6,talk,54,10,15,Over
6,talk,55,11,15,Over
6,talk,56,11,3,Over
6,talk,57,11,12,Over
6,talk,58,11,2,Over
6,talk,59,11,4,Over
6,vote,2,4
6,vote,3,4
6,vote,4,15
6,vote,12,3
6,vote,15,3
6,vote,2,4
6,vote,3,4
6,vote,4,15
6,vote,12,4
6,vote,15,3
6,execute,4,POSSESSED
6,whisper,0,0,15,ATTACK Agent[14]
6,whisper,1,0,2,Over
6,whisper,2,1,15,Skip
6,whisper,3,1,2,ATTACK Agent[12]
6,whisper,4,2,2,Over
6,whisper,5,2,15,Skip
6,whisper,6,3,15,Over
6,whisper,7,3,2,Over
6,guard,12,15,WEREWOLF
6,attackVote,2,12
6,attack,12,true
7,status,1,VILLAGER,DEAD,hellowolf
7,status,2,WEREWOLF,ALIVE,wasabi
7,status,3,VILLAGER,ALIVE,hellowolf 2
7,status,4,POSSESSED,DEAD,fanfan 1
7,status,5,VILLAGER,DEAD,hellowolf 1
7,status,6,VILLAGER,DEAD,fanfan 2
7,status,7,VILLAGER,DEAD,tomato
7,status,8,WEREWOLF,DEAD,takeda 1
7,status,9,SEER,DEAD,takeda 3
7,status,10,VILLAGER,DEAD,takeda 2
7,status,11,VILLAGER,DEAD,tomato 1
7,status,12,BODYGUARD,DEAD,fanfan
7,status,13,VILLAGER,DEAD,wasabi 1
7,status,14,MEDIUM,DEAD,takeda
7,status,15,WEREWOLF,ALIVE,HALUemon
7,result,1,2,WEREWOLF
