0,status,1,POSSESSED,ALIVE,hellowolf
0,status,2,VILLAGER,ALIVE,wasabi
0,status,3,BODYGUARD,ALIVE,hellowolf 2
0,status,4,VILLAGER,ALIVE,fanfan 1
0,status,5,VILLAGER,ALIVE,hellowolf 1
0,status,6,WEREWOLF,ALIVE,fanfan 2
0,status,7,SEER,ALIVE,tomato
0,status,8,WEREWOLF,ALIVE,takeda 1
0,status,9,WEREWOLF,ALIVE,takeda 3
0,status,10,VILLAGER,ALIVE,takeda 2
0,status,11,VILLAGER,ALIVE,tomato 1
0,status,12,MEDIUM,ALIVE,fanfan
0,status,13,VILLAGER,ALIVE,wasabi 1
0,status,14,VILLAGER,ALIVE,takeda
0,status,15,VILLAGER,ALIVE,HALUemon
0,whisper,0,0,6,COMINGOUT Agent[06] VILLAGER
0,whisper,1,0,8,Skip
0,whisper,2,0,9,Skip
0,whisper,3,1,6,Skip
0,whisper,4,1,8,Skip
0,whisper,5,1,9,Skip
0,whisper,6,2,8,Over
0,whisper,7,2,6,Skip
0,whisper,8,2,9,Over
0,whisper,9,3,9,Over
0,whisper,10,3,8,Over
0,whisper,11,3,6,Over
0,divine,7,8,WEREWOLF
1,status,1,POSSESSED,ALIVE,hellowolf
1,status,2,VILLAGER,ALIVE,wasabi
1,status,3,BODYGUARD,ALIVE,hellowolf 2
1,status,4,VILLAGER,ALIVE,fanfan 1
1,status,5,VILLAGER,ALIVE,hellowolf 1
1,status,6,WEREWOLF,ALIVE,fanfan 2
1,status,7,SEER,ALIVE,tomato
1,status,8,WEREWOLF,ALIVE,takeda 1
1,status,9,WEREWOLF,ALIVE,takeda 3
1,status,10,VILLAGER,ALIVE,takeda 2
1,status,11,VILLAGER,ALIVE,tomato 1
1,status,12,MEDIUM,ALIVE,fanfan
1,status,13,VILLAGER,ALIVE,wasabi 1
1,status,14,VILLAGER,ALIVE,takeda
1,status,15,VILLAGER,ALIVE,HALUemon
1,talk,0,0,4,VOTE Agent[08]
1,talk,1,0,5,VOTE Agent[08]
1,talk,2,0,6,VOTE Agent[03]
1,talk,3,0,2,ESTIMATE Agent[13] WEREWOLF
1,talk,4,0,12,COMINGOUT Agent[12] MEDIUM
1,talk,5,0,9,COMINGOUT Agent[09] SEER
1,talk,6,0,15,VOTE Agent[14]
1,talk,7,0,13,ESTIMATE Agent[06] VILLAGER
1,talk,8,0,10,VOTE Agent[14]
1,talk,9,0,11,VOTE Agent[06]
1,talk,10,0,7,COMINGOUT Agent[07] SEER
1,talk,11,0,3,VOTE Agent[08]
1,talk,12,0,14,VOTE Agent[03]
1,talk,13,0,1,COMINGOUT Agent[01] SEER
1,talk,14,0,8,COMINGOUT Agent[08] SEER
1,talk,15,1,12,VOTE Agent[07]
1,talk,16,1,2,ESTIMATE Agent[15] VILLAGER
1,talk,17,1,13,Skip
1,talk,18,1,3,VOTE Agent[07]
1,talk,19,1,4,VOTE Agent[07]
1,talk,20,1,7,DIVINED Agent[08] WEREWOLF
1,talk,21,1,11,VOTE Agent[08]
1,talk,22,1,1,DIVINED Agent[06] WEREWOLF
1,talk,23,1,9,DIVINED Agent[07] WEREWOLF
1,talk,24,1,5,VOTE Agent[07]
1,talk,25,1,6,Skip
1,talk,26,1,10,VOTE Agent[07]
1,talk,27,1,15,VOTE Agent[03]
1,talk,28,1,8,DIVINED Agent[07] WEREWOLF
1,talk,29,1,14,VOTE Agent[07]
1,talk,30,2,10,Skip
1,talk,31,2,4,Skip
1,talk,32,2,8,VOTE Agent[07]
1,talk,33,2,12,Skip
1,talk,34,2,2,ESTIMATE Agent[09] WEREWOLF
1,talk,35,2,15,VOTE Agent[08]
1,talk,36,2,14,Skip
1,talk,37,2,13,Skip
1,talk,38,2,1,VOTE Agent[06]
1,talk,39,2,6,Skip
1,talk,40,2,3,Skip
1,talk,41,2,7,VOTE Agent[08]
1,talk,42,2,5,Skip
1,talk,43,2,9,VOTE Agent[07]
1,talk,44,2,11,VOTE Agent[07]
1,talk,45,3,3,Skip
1,talk,46,3,5,Skip
1,talk,47,3,15,VOTE Agent[08]
1,talk,48,3,1,VOTE Agent[07]
1,talk,49,3,2,VOTE Agent[06]
1,talk,50,3,6,Over
1,talk,51,3,8,Skip
1,talk,52,3,9,Skip
1,talk,53,3,10,Skip
1,talk,54,3,11,Skip
1,talk,55,3,4,Skip
1,talk,56,3,12,Skip
1,talk,57,3,7,Skip
1,talk,58,3,14,Skip
1,talk,59,3,13,VOTE Agent[06]
1,talk,60,4,7,Skip
1,talk,61,4,5,Over
1,talk,62,4,11,Skip
1,talk,63,4,10,Over
1,talk,64,4,1,Skip
1,talk,65,4,14,Over
1,talk,66,4,6,Over
1,talk,67,4,3,Over
1,talk,68,4,12,Over
1,talk,69,4,9,Skip
1,talk,70,4,15,VOTE Agent[08]
1,talk,71,4,8,Skip
1,talk,72,4,13,ESTIMATE Agent[07] WEREWOLF
1,talk,73,4,2,ESTIMATE Agent[15] VILLAGER
1,talk,74,4,4,Over
1,talk,75,5,2,ESTIMATE Agent[10] VILLAGER
1,talk,76,5,10,Over
1,talk,77,5,13,ESTIMATE Agent[09] WEREWOLF
1,talk,78,5,4,Over
1,talk,79,5,9,Over
1,talk,80,5,7,Over
1,talk,81,5,12,Over
1,talk,82,5,1,Skip
1,talk,83,5,15,VOTE Agent[08]
1,talk,84,5,5,Over
1,talk,85,5,14,Over
1,talk,86,5,6,Over
1,talk,87,5,8,Over
1,talk,88,5,3,Over
1,talk,89,5,11,Over
1,talk,90,6,12,Over
1,talk,91,6,14,Over
1,talk,92,6,7,Over
1,talk,93,6,9,Over
1,talk,94,6,13,Skip
1,talk,95,6,4,Over
1,talk,96,6,1,Over
1,talk,97,6,15,VOTE Agent[08]
1,talk,98,6,6,Over
1,talk,99,6,8,Over
1,talk,100,6,10,Over
1,talk,101,6,5,Over
1,talk,102,6,11,Over
1,talk,103,6,3,Over
1,talk,104,6,2,ESTIMATE Agent[04] VILLAGER
1,talk,105,7,15,VOTE Agent[08]
1,talk,106,7,2,Skip
1,talk,107,7,14,Over
1,talk,108,7,10,Over
1,talk,109,7,7,Over
1,talk,110,7,11,Over
1,talk,111,7,4,Over
1,talk,112,7,1,VOTE Agent[08]
1,talk,113,7,8,Over
1,talk,114,7,9,Over
1,talk,115,7,12,Over
1,talk,116,7,13,ESTIMATE Agent[07] WEREWOLF
1,talk,117,7,6,Over
1,talk,118,7,3,Over
1,talk,119,7,5,Over
1,talk,120,8,13,ESTIMATE Agent[07] WEREWOLF
1,talk,121,8,14,Over
1,talk,122,8,2,Skip
1,talk,123,8,8,Over
1,talk,124,8,3,Over
1,talk,125,8,9,Over
1,talk,126,8,11,VOTE Agent[08]
1,talk,127,8,10,Over
1,talk,128,8,7,Over
1,talk,129,8,5,Over
1,talk,130,8,15,VOTE Agent[08]
1,talk,131,8,1,Skip
1,talk,132,8,4,Over
1,talk,133,8,12,Over
1,talk,134,8,6,Over
1,talk,135,9,3,Over
1,talk,136,9,14,Over
1,talk,137,9,2,Over
1,talk,138,9,10,Over
1,talk,139,9,11,Skip
1,talk,140,9,4,Over
1,talk,141,9,5,Over
1,talk,142,9,9,Over
1,talk,143,9,12,Over
1,talk,144,9,13,Over
1,talk,145,9,15,Over
1,talk,146,9,8,Over
1,talk,147,9,6,Over
1,talk,148,9,7,Over
1,talk,149,9,1,Skip
1,talk,150,10,2,Over
1,talk,151,10,14,Over
1,talk,152,10,9,Over
1,talk,153,10,11,Skip
1,talk,154,10,13,Over
1,talk,155,10,3,Over
1,talk,156,10,7,Over
1,talk,157,10,6,Over
1,talk,158,10,1,Over
1,talk,159,10,4,Over
1,talk,160,10,10,Over
1,talk,161,10,8,Over
1,talk,162,10,12,Over
1,talk,163,10,5,Over
1,talk,164,10,15,Over
1,talk,165,11,8,Over
1,talk,166,11,6,Over
1,talk,167,11,3,Over
1,talk,168,11,1,Over
1,talk,169,11,14,Over
1,talk,170,11,11,Over
1,talk,171,11,9,Over
1,talk,172,11,4,Over
1,talk,173,11,13,Over
1,talk,174,11,5,Over
1,talk,175,11,12,Over
1,talk,176,11,2,Over
1,talk,177,11,15,Over
1,talk,178,11,10,Over
1,talk,179,11,7,Over
1,vote,1,8
1,vote,2,6
1,vote,3,7
1,vote,4,7
1,vote,5,7
1,vote,6,3
1,vote,7,8
1,vote,8,7
1,vote,9,7
1,vote,10,7
1,vote,11,8
1,vote,12,7
1,vote,13,6
1,vote,14,7
1,vote,15,8
1,execute,7,SEER
1,whisper,0,0,8,Skip
1,whisper,1,0,9,Skip
1,whisper,2,0,6,ATTACK Agent[04]
1,whisper,3,1,8,Skip
1,whisper,4,1,6,Skip
1,whisper,5,1,9,Skip
1,whisper,6,2,9,Over
1,whisper,7,2,6,Skip
1,whisper,8,2,8,Over
1,whisper,9,3,9,Over
1,whisper,10,3,6,Over
1,whisper,11,3,8,Over
1,guard,3,8,WEREWOLF
1,attackVote,6,4
1,attackVote,8,3
1,attackVote,9,3
1,attack,3,true
2,status,1,POSSESSED,ALIVE,hellowolf
2,status,2,VILLAGER,ALIVE,wasabi
2,status,3,BODYGUARD,DEAD,hellowolf 2
2,status,4,VILLAGER,ALIVE,fanfan 1
2,status,5,VILLAGER,ALIVE,hellowolf 1
2,status,6,WEREWOLF,ALIVE,fanfan 2
2,status,7,SEER,DEAD,tomato
2,status,8,WEREWOLF,ALIVE,takeda 1
2,status,9,WEREWOLF,ALIVE,takeda 3
2,status,10,VILLAGER,ALIVE,takeda 2
2,status,11,VILLAGER,ALIVE,tomato 1
2,status,12,MEDIUM,ALIVE,fanfan
2,status,13,VILLAGER,ALIVE,wasabi 1
2,status,14,VILLAGER,ALIVE,takeda
2,status,15,VILLAGER,ALIVE,HALUemon
2,talk,0,0,11,VOTE Agent[04]
2,talk,1,0,2,ESTIMATE Agent[12] MEDIUM
2,talk,2,0,1,DIVINED Agent[12] WEREWOLF
2,talk,3,0,10,VOTE Agent[06]
2,talk,4,0,13,ESTIMATE Agent[02] VILLAGER
2,talk,5,0,6,VOTE Agent[02]
2,talk,6,0,4,VOTE Agent[06]
2,talk,7,0,8,DIVINED Agent[01] WEREWOLF
2,talk,8,0,14,VOTE Agent[06]
2,talk,9,0,5,VOTE Agent[06]
2,talk,10,0,15,VOTE Agent[09]
2,talk,11,0,12,IDENTIFIED Agent[07] HUMAN
2,talk,12,0,9,DIVINED Agent[06] HUMAN
2,talk,13,1,6,Skip
2,talk,14,1,15,VOTE Agent[08]
2,talk,15,1,9,VOTE Agent[08]
2,talk,16,1,5,Skip
2,talk,17,1,2,ESTIMATE Agent[13] VILLAGER
2,talk,18,1,10,VOTE Agent[01]
2,talk,19,1,4,Skip
2,talk,20,1,11,VOTE Agent[06]
2,talk,21,1,13,Skip
2,talk,22,1,14,VOTE Agent[08]
2,talk,23,1,12,VOTE Agent[06]
2,talk,24,1,8,VOTE Agent[01]
2,talk,25,1,1,VOTE Agent[12]
2,talk,26,2,9,VOTE Agent[01]
2,talk,27,2,1,VOTE Agent[06]
2,talk,28,2,10,Skip
2,talk,29,2,15,VOTE Agent[08]
2,talk,30,2,14,VOTE Agent[01]
2,talk,31,2,12,Skip
2,talk,32,2,5,Skip
2,talk,33,2,11,Skip
2,talk,34,2,2,Skip
2,talk,35,2,6,Skip
2,talk,36,2,8,Skip
2,talk,37,2,13,ESTIMATE Agent[05] VILLAGER
2,talk,38,2,4,Skip
2,talk,39,3,13,VOTE Agent[12]
2,talk,40,3,2,VOTE Agent[12]
2,talk,41,3,12,Skip
2,talk,42,3,11,Skip
2,talk,43,3,4,Over
2,talk,44,3,1,Skip
2,talk,45,3,6,Over
2,talk,46,3,9,VOTE Agent[14]
2,talk,47,3,5,Over
2,talk,48,3,14,Skip
2,talk,49,3,15,VOTE Agent[08]
2,talk,50,3,10,Skip
2,talk,51,3,8,Skip
2,talk,52,4,6,Over
2,talk,53,4,15,VOTE Agent[08]
2,talk,54,4,10,Over
2,talk,55,4,8,Over
2,talk,56,4,5,Over
2,talk,57,4,14,Skip
2,talk,58,4,11,Over
2,talk,59,4,13,ESTIMATE Agent[15] VILLAGER
2,talk,60,4,2,VOTE Agent[06]
2,talk,61,4,12,Over
2,talk,62,4,1,Skip
2,talk,63,4,4,Over
2,talk,64,4,9,Skip
2,talk,65,5,11,Over
2,talk,66,5,12,Over
2,talk,67,5,13,Skip
2,talk,68,5,4,Over
2,talk,69,5,10,Over
2,talk,70,5,2,ESTIMATE Agent[05] VILLAGER
2,talk,71,5,6,Over
2,talk,72,5,1,Over
2,talk,73,5,8,Over
2,talk,74,5,9,Skip
2,talk,75,5,5,Over
2,talk,76,5,14,VOTE Agent[08]
2,talk,77,5,15,VOTE Agent[08]
2,talk,78,6,12,Over
2,talk,79,6,11,VOTE Agent[08]
2,talk,80,6,2,Skip
2,talk,81,6,5,Over
2,talk,82,6,1,Over
2,talk,83,6,15,VOTE Agent[08]
2,talk,84,6,9,Over
2,talk,85,6,14,Skip
2,talk,86,6,13,ESTIMATE Agent[09] WEREWOLF
2,talk,87,6,4,Over
2,talk,88,6,8,Over
2,talk,89,6,6,Over
2,talk,90,6,10,Over
2,talk,91,7,12,Over
2,talk,92,7,8,Over
2,talk,93,7,5,Over
2,talk,94,7,15,VOTE Agent[08]
2,talk,95,7,4,Over
2,talk,96,7,14,Skip
2,talk,97,7,11,Skip
2,talk,98,7,6,Over
2,talk,99,7,9,Over
2,talk,100,7,2,VOTE Agent[12]
2,talk,101,7,13,Skip
2,talk,102,7,10,Over
2,talk,103,7,1,VOTE Agent[08]
2,talk,104,8,13,ESTIMATE Agent[12] WEREWOLF
2,talk,105,8,1,Skip
2,talk,106,8,4,VOTE Agent[08]
2,talk,107,8,12,VOTE Agent[08]
2,talk,108,8,10,VOTE Agent[08]
2,talk,109,8,6,Over
2,talk,110,8,8,Over
2,talk,111,8,11,Skip
2,talk,112,8,14,VOTE Agent[01]
2,talk,113,8,5,VOTE Agent[08]
2,talk,114,8,15,VOTE Agent[08]
2,talk,115,8,9,Over
2,talk,116,8,2,REQUEST ANY (VOTE Agent[12])
2,talk,117,9,11,Over
2,talk,118,9,14,VOTE Agent[08]
2,talk,119,9,12,Skip
2,talk,120,9,2,Over
2,talk,121,9,6,Over
2,talk,122,9,5,VOTE Agent[06]
2,talk,123,9,15,Over
2,talk,124,9,13,Over
2,talk,125,9,10,Skip
2,talk,126,9,9,VOTE Agent[08]
2,talk,127,9,8,VOTE Agent[01]
2,talk,128,9,1,Skip
2,talk,129,9,4,Skip
2,talk,130,10,2,Over
2,talk,131,10,8,VOTE Agent[01]
2,talk,132,10,6,Over
2,talk,133,10,14,Skip
2,talk,134,10,10,Skip
2,talk,135,10,13,Over
2,talk,136,10,15,Over
2,talk,137,10,12,Skip
2,talk,138,10,11,Over
2,talk,139,10,1,Over
2,talk,140,10,4,Skip
2,talk,141,10,5,Skip
2,talk,142,10,9,Skip
2,talk,143,11,8,VOTE Agent[01]
2,talk,144,11,12,Over
2,talk,145,11,14,Skip
2,talk,146,11,10,Over
2,talk,147,11,5,Skip
2,talk,148,11,13,Over
2,talk,149,11,2,Over
2,talk,150,11,11,Over
2,talk,151,11,15,Over
2,talk,152,11,6,Over
2,talk,153,11,4,Over
2,talk,154,11,9,Skip
2,talk,155,11,1,Over
2,talk,156,12,14,Over
2,talk,157,12,10,Over
2,talk,158,12,13,Over
2,talk,159,12,6,Over
2,talk,160,12,12,Over
2,talk,161,12,8,VOTE Agent[01]
2,talk,162,12,5,Over
2,talk,163,12,4,Over
2,talk,164,12,15,Over
2,talk,165,12,9,Over
2,talk,166,12,1,Over
2,talk,167,12,2,Over
2,talk,168,12,11,Over
2,talk,169,13,15,Over
2,talk,170,13,8,VOTE Agent[01]
2,talk,171,13,2,Over
2,talk,172,13,1,Over
2,talk,173,13,12,Over
2,talk,174,13,6,Over
2,talk,175,13,13,Over
2,talk,176,13,9,Over
2,talk,177,13,4,Over
2,talk,178,13,14,Over
2,talk,179,13,5,Over
2,talk,180,13,10,Over
2,talk,181,13,11,Over
2,talk,182,14,5,Over
2,talk,183,14,9,Over
2,talk,184,14,1,Over
2,talk,185,14,4,Over
2,talk,186,14,11,Over
2,talk,187,14,15,Over
2,talk,188,14,13,Over
2,talk,189,14,12,Over
2,talk,190,14,6,Over
2,talk,191,14,8,VOTE Agent[01]
2,talk,192,14,2,Over
2,talk,193,14,10,Over
2,talk,194,14,14,Over
2,talk,195,15,5,Over
2,talk,196,15,4,Over
2,talk,197,15,10,Over
2,talk,198,15,8,VOTE Agent[01]
2,talk,199,15,15,Over
2,talk,200,15,13,Over
2,talk,201,15,11,Over
2,talk,202,15,9,Over
2,talk,203,15,1,Over
2,talk,204,15,6,Over
2,talk,205,15,2,Over
2,talk,206,15,14,Over
2,talk,207,15,12,Over
2,talk,208,16,11,Over
2,talk,209,16,1,Over
2,talk,210,16,12,Over
2,talk,211,16,10,Over
2,talk,212,16,9,Over
2,talk,213,16,2,Over
2,talk,214,16,6,Over
2,talk,215,16,15,Over
2,talk,216,16,5,Over
2,talk,217,16,8,VOTE Agent[01]
2,talk,218,16,14,Over
2,talk,219,16,13,Over
2,talk,220,16,4,Over
2,talk,221,17,15,Over
2,talk,222,17,1,Over
2,talk,223,17,12,Over
2,talk,224,17,8,Over
2,talk,225,17,10,Over
2,talk,226,17,2,Over
2,talk,227,17,11,Over
2,talk,228,17,5,Over
2,talk,229,17,4,Over
2,talk,230,17,9,Over
2,talk,231,17,6,Over
2,talk,232,17,14,Over
2,talk,233,17,13,Over
2,vote,1,8
2,vote,2,12
2,vote,4,8
2,vote,5,6
2,vote,6,2
2,vote,8,1
2,vote,9,8
2,vote,10,8
2,vote,11,8
2,vote,12,8
2,vote,13,12
2,vote,14,8
2,vote,15,8
2,execute,8,WEREWOLF
2,whisper,0,0,6,ESTIMATE Agent[01] POSSESSED
2,whisper,1,0,9,Skip
2,whisper,2,1,6,ATTACK Agent[15]
2,whisper,3,1,9,Skip
2,whisper,4,2,6,Skip
2,whisper,5,2,9,Over
2,whisper,6,3,9,Over
2,whisper,7,3,6,Skip
2,whisper,8,4,6,Over
2,whisper,9,4,9,Over
2,attackVote,6,15
2,attackVote,9,4
2,attackVote,6,15
2,attackVote,9,4
2,attack,15,true
3,status,1,POSSESSED,ALIVE,hellowolf
3,status,2,VILLAGER,ALIVE,wasabi
3,status,3,BODYGUARD,DEAD,hellowolf 2
3,status,4,VILLAGER,ALIVE,fanfan 1
3,status,5,VILLAGER,ALIVE,hellowolf 1
3,status,6,WEREWOLF,ALIVE,fanfan 2
3,status,7,SEER,DEAD,tomato
3,status,8,WEREWOLF,DEAD,takeda 1
3,status,9,WEREWOLF,ALIVE,takeda 3
3,status,10,VILLAGER,ALIVE,takeda 2
3,status,11,VILLAGER,ALIVE,tomato 1
3,status,12,MEDIUM,ALIVE,fanfan
3,status,13,VILLAGER,ALIVE,wasabi 1
3,status,14,VILLAGER,ALIVE,takeda
3,status,15,VILLAGER,DEAD,HALUemon
3,talk,0,0,12,IDENTIFIED Agent[08] WEREWOLF
3,talk,1,0,4,VOTE Agent[06]
3,talk,2,0,6,VOTE Agent[02]
3,talk,3,0,2,ESTIMATE Agent[11] VILLAGER
3,talk,4,0,10,VOTE Agent[01]
3,talk,5,0,9,DIVINED Agent[14] WEREWOLF
3,talk,6,0,13,ESTIMATE Agent[02] VILLAGER
3,talk,7,0,11,VOTE Agent[13]
3,talk,8,0,14,VOTE Agent[01]
3,talk,9,0,5,VOTE Agent[01]
3,talk,10,0,1,DIVINED Agent[09] WEREWOLF
3,talk,11,1,2,ESTIMATE Agent[12] WEREWOLF
3,talk,12,1,13,ESTIMATE Agent[10] VILLAGER
3,talk,13,1,6,Skip
3,talk,14,1,1,VOTE Agent[06]
3,talk,15,1,10,Skip
3,talk,16,1,12,VOTE Agent[06]
3,talk,17,1,11,VOTE Agent[01]
3,talk,18,1,5,Skip
3,talk,19,1,4,Skip
3,talk,20,1,9,VOTE Agent[14]
3,talk,21,1,14,Skip
3,talk,22,2,2,Skip
3,talk,23,2,4,Skip
3,talk,24,2,1,Skip
3,talk,25,2,13,ESTIMATE Agent[14] VILLAGER
3,talk,26,2,5,Skip
3,talk,27,2,12,Skip
3,talk,28,2,10,Skip
3,talk,29,2,6,Skip
3,talk,30,2,9,Skip
3,talk,31,2,14,Skip
3,talk,32,2,11,Skip
3,talk,33,3,2,VOTE Agent[09]
3,talk,34,3,12,Skip
3,talk,35,3,11,Skip
3,talk,36,3,10,Over
3,talk,37,3,4,Over
3,talk,38,3,6,Over
3,talk,39,3,13,VOTE Agent[12]
3,talk,40,3,5,Over
3,talk,41,3,9,Skip
3,talk,42,3,14,Over
3,talk,43,3,1,Skip
3,talk,44,4,14,Over
3,talk,45,4,9,Over
3,talk,46,4,5,Over
3,talk,47,4,13,Skip
3,talk,48,4,4,Over
3,talk,49,4,2,VOTE Agent[12]
3,talk,50,4,12,Over
3,talk,51,4,10,Over
3,talk,52,4,6,Over
3,talk,53,4,1,Over
3,talk,54,4,11,Over
3,talk,55,5,4,Over
3,talk,56,5,14,Over
3,talk,57,5,12,Over
3,talk,58,5,2,Skip
3,talk,59,5,13,ESTIMATE Agent[14] VILLAGER
3,talk,60,5,11,Over
3,talk,61,5,10,Over
3,talk,62,5,6,VOTE Agent[12]
3,talk,63,5,9,Over
3,talk,64,5,5,Over
3,talk,65,5,1,Over
3,talk,66,6,10,Over
3,talk,67,6,4,Over
3,talk,68,6,2,Skip
3,talk,69,6,1,Over
3,talk,70,6,5,Over
3,talk,71,6,6,Skip
3,talk,72,6,12,Over
3,talk,73,6,13,ESTIMATE Agent[10] VILLAGER
3,talk,74,6,14,Over
3,talk,75,6,11,Over
3,talk,76,6,9,Over
3,talk,77,7,14,Over
3,talk,78,7,1,Over
3,talk,79,7,13,ESTIMATE Agent[09] WEREWOLF
3,talk,80,7,12,Over
3,talk,81,7,6,Skip
3,talk,82,7,9,Over
3,talk,83,7,2,ESTIMATE Agent[04] VILLAGER
3,talk,84,7,4,Over
3,talk,85,7,5,Over
3,talk,86,7,11,Over
3,talk,87,7,10,Over
3,talk,88,8,2,Skip
3,talk,89,8,1,Over
3,talk,90,8,9,Over
3,talk,91,8,11,Over
3,talk,92,8,6,Over
3,talk,93,8,14,Over
3,talk,94,8,4,Over
3,talk,95,8,13,ESTIMATE Agent[09] WEREWOLF
3,talk,96,8,12,Over
3,talk,97,8,10,Over
3,talk,98,8,5,Over
3,talk,99,9,14,Over
3,talk,100,9,9,Over
3,talk,101,9,11,Over
3,talk,102,9,12,Over
3,talk,103,9,10,Over
3,talk,104,9,1,Over
3,talk,105,9,2,Over
3,talk,106,9,13,Over
3,talk,107,9,5,Over
3,talk,108,9,4,Over
3,talk,109,9,6,Over
3,vote,1,6
3,vote,2,12
3,vote,4,6
3,vote,5,1
3,vote,6,12
3,vote,9,14
3,vote,10,1
3,vote,11,1
3,vote,12,6
3,vote,13,12
3,vote,14,1
3,execute,1,POSSESSED
3,whisper,0,0,9,Skip
3,whisper,1,0,6,ATTACK Agent[04]
3,whisper,2,1,6,Skip
3,whisper,3,1,9,Skip
3,whisper,4,2,9,Over
3,whisper,5,2,6,Skip
3,whisper,6,3,9,Over
3,whisper,7,3,6,Over
3,attackVote,6,4
3,attackVote,9,4
3,attack,4,true
4,status,1,POSSESSED,DEAD,hellowolf
4,status,2,VILLAGER,ALIVE,wasabi
4,status,3,BODYGUARD,DEAD,hellowolf 2
4,status,4,VILLAGER,DEAD,fanfan 1
4,status,5,VILLAGER,ALIVE,hellowolf 1
4,status,6,WEREWOLF,ALIVE,fanfan 2
4,status,7,SEER,DEAD,tomato
4,status,8,WEREWOLF,DEAD,takeda 1
4,status,9,WEREWOLF,ALIVE,takeda 3
4,status,10,VILLAGER,ALIVE,takeda 2
4,status,11,VILLAGER,ALIVE,tomato 1
4,status,12,MEDIUM,ALIVE,fanfan
4,status,13,VILLAGER,ALIVE,wasabi 1
4,status,14,VILLAGER,ALIVE,takeda
4,status,15,VILLAGER,DEAD,HALUemon
4,talk,0,0,10,VOTE Agent[06]
4,talk,1,0,9,DIVINED Agent[02] WEREWOLF
4,talk,2,0,2,ESTIMATE Agent[14] VILLAGER
4,talk,3,0,11,VOTE Agent[06]
4,talk,4,0,14,VOTE Agent[06]
4,talk,5,0,6,VOTE Agent[02]
4,talk,6,0,12,IDENTIFIED Agent[01] HUMAN
4,talk,7,0,13,Skip
4,talk,8,0,5,VOTE Agent[14]
4,talk,9,1,5,VOTE Agent[06]
4,talk,10,1,6,Skip
4,talk,11,1,12,VOTE Agent[06]
4,talk,12,1,13,ESTIMATE Agent[06] WEREWOLF
4,talk,13,1,14,VOTE Agent[09]
4,talk,14,1,9,VOTE Agent[02]
4,talk,15,1,2,Skip
4,talk,16,1,11,Skip
4,talk,17,1,10,Skip
4,talk,18,2,2,ESTIMATE Agent[11] VILLAGER
4,talk,19,2,11,Skip
4,talk,20,2,10,Skip
4,talk,21,2,13,Skip
4,talk,22,2,5,Skip
4,talk,23,2,6,Skip
4,talk,24,2,14,VOTE Agent[06]
4,talk,25,2,12,Skip
4,talk,26,2,9,VOTE Agent[06]
4,talk,27,3,2,VOTE Agent[09]
4,talk,28,3,12,Skip
4,talk,29,3,6,Over
4,talk,30,3,5,Skip
4,talk,31,3,13,VOTE Agent[12]
4,talk,32,3,14,Skip
4,talk,33,3,11,Over
4,talk,34,3,9,Skip
4,talk,35,3,10,Over
4,talk,36,4,2,Skip
4,talk,37,4,10,Over
4,talk,38,4,13,Skip
4,talk,39,4,6,Over
4,talk,40,4,14,Skip
4,talk,41,4,11,Over
4,talk,42,4,5,Over
4,talk,43,4,9,Skip
4,talk,44,4,12,Over
4,talk,45,5,6,Over
4,talk,46,5,12,Over
4,talk,47,5,10,Over
4,talk,48,5,9,Over
4,talk,49,5,14,Over
4,talk,50,5,5,Over
4,talk,51,5,2,Skip
4,talk,52,5,13,Skip
4,talk,53,5,11,Over
4,talk,54,6,5,Over
4,talk,55,6,12,Over
4,talk,56,6,6,Over
4,talk,57,6,14,Over
4,talk,58,6,9,Over
4,talk,59,6,13,ESTIMATE Agent[06] WEREWOLF
4,talk,60,6,11,Over
4,talk,61,6,2,Over
4,talk,62,6,10,Over
4,talk,63,7,10,Over
4,talk,64,7,13,Skip
4,talk,65,7,14,Over
4,talk,66,7,12,Over
4,talk,67,7,11,Over
4,talk,68,7,2,ESTIMATE Agent[12] WEREWOLF
4,talk,69,7,5,Over
4,talk,70,7,9,Over
4,talk,71,7,6,Over
4,talk,72,8,5,Over
4,talk,73,8,9,Over
4,talk,74,8,10,Over
4,talk,75,8,12,Over
4,talk,76,8,14,Over
4,talk,77,8,2,Skip
4,talk,78,8,11,Over
4,talk,79,8,6,Over
4,talk,80,8,13,Skip
4,talk,81,9,2,Over
4,talk,82,9,13,Over
4,talk,83,9,5,Over
4,talk,84,9,9,Over
4,talk,85,9,6,Over
4,talk,86,9,14,Over
4,talk,87,9,10,Over
4,talk,88,9,12,Over
4,talk,89,9,11,Over
4,vote,2,9
4,vote,5,6
4,vote,6,2
4,vote,9,6
4,vote,10,6
4,vote,11,6
4,vote,12,6
4,vote,13,12
4,vote,14,6
4,execute,6,WEREWOLF
4,attackVote,9,13
4,attack,13,true
5,status,1,POSSESSED,DEAD,hellowolf
5,status,2,VILLAGER,ALIVE,wasabi
5,status,3,BODYGUARD,DEAD,hellowolf 2
5,status,4,VILLAGER,DEAD,fanfan 1
5,status,5,VILLAGER,ALIVE,hellowolf 1
5,status,6,WEREWOLF,DEAD,fanfan 2
5,status,7,SEER,DEAD,tomato
5,status,8,WEREWOLF,DEAD,takeda 1
5,status,9,WEREWOLF,ALIVE,takeda 3
5,status,10,VILLAGER,ALIVE,takeda 2
5,status,11,VILLAGER,ALIVE,tomato 1
5,status,12,MEDIUM,ALIVE,fanfan
5,status,13,VILLAGER,DEAD,wasabi 1
5,status,14,VILLAGER,ALIVE,takeda
5,status,15,VILLAGER,DEAD,HALUemon
5,talk,0,0,12,IDENTIFIED Agent[06] WEREWOLF
5,talk,1,0,9,DIVINED Agent[10] WEREWOLF
5,talk,2,0,2,ESTIMATE Agent[11] VILLAGER
5,talk,3,0,11,VOTE Agent[09]
5,talk,4,0,10,VOTE Agent[09]
5,talk,5,0,14,VOTE Agent[09]
5,talk,6,0,5,VOTE Agent[02]
5,talk,7,1,14,VOTE Agent[02]
5,talk,8,1,2,Skip
5,talk,9,1,5,Skip
5,talk,10,1,10,VOTE Agent[02]
5,talk,11,1,12,VOTE Agent[02]
5,talk,12,1,11,Skip
5,talk,13,1,9,VOTE Agent[02]
5,talk,14,2,10,Skip
5,talk,15,2,5,Skip
5,talk,16,2,14,Skip
5,talk,17,2,12,Skip
5,talk,18,2,11,VOTE Agent[02]
5,talk,19,2,2,ESTIMATE Agent[05] VILLAGER
5,talk,20,2,9,Skip
5,talk,21,3,5,Over
5,talk,22,3,14,Skip
5,talk,23,3,12,Skip
5,talk,24,3,9,Skip
5,talk,25,3,10,Skip
5,talk,26,3,11,Skip
5,talk,27,3,2,VOTE Agent[09]
5,talk,28,4,11,Skip
5,talk,29,4,2,ESTIMATE Agent[05] VILLAGER
5,talk,30,4,9,Over
5,talk,31,4,14,Over
5,talk,32,4,12,Over
5,talk,33,4,10,Over
5,talk,34,4,5,Over
5,talk,35,5,11,Over
5,talk,36,5,9,Over
5,talk,37,5,2,ESTIMATE Agent[09] WEREWOLF
5,talk,38,5,5,Over
5,talk,39,5,10,Over
5,talk,40,5,12,Over
5,talk,41,5,14,Over
5,talk,42,6,2,ESTIMATE Agent[05] VILLAGER
5,talk,43,6,12,Over
5,talk,44,6,5,Over
5,talk,45,6,9,Over
5,talk,46,6,11,Over
5,talk,47,6,14,Over
5,talk,48,6,10,Over
5,talk,49,7,5,Over
5,talk,50,7,10,Over
5,talk,51,7,14,Over
5,talk,52,7,9,Over
5,talk,53,7,11,Over
5,talk,54,7,2,Skip
5,talk,55,7,12,Over
5,talk,56,8,11,Over
5,talk,57,8,2,Skip
5,talk,58,8,14,Over
5,talk,59,8,12,Over
5,talk,60,8,10,Over
5,talk,61,8,9,Over
5,talk,62,8,5,Over
5,talk,63,9,2,Over
5,talk,64,9,10,Over
5,talk,65,9,14,Over
5,talk,66,9,9,Over
5,talk,67,9,5,Over
5,talk,68,9,11,Over
5,talk,69,9,12,Over
5,vote,2,9
5,vote,5,2
5,vote,9,2
5,vote,10,2
5,vote,11,2
5,vote,12,2
5,vote,14,2
5,execute,2,VILLAGER
5,attackVote,9,12
5,attack,12,true
6,status,1,POSSESSED,DEAD,hellowolf
6,status,2,VILLAGER,DEAD,wasabi
6,status,3,BODYGUARD,DEAD,hellowolf 2
6,status,4,VILLAGER,DEAD,fanfan 1
6,status,5,VILLAGER,ALIVE,hellowolf 1
6,status,6,WEREWOLF,DEAD,fanfan 2
6,status,7,SEER,DEAD,tomato
6,status,8,WEREWOLF,DEAD,takeda 1
6,status,9,WEREWOLF,ALIVE,takeda 3
6,status,10,VILLAGER,ALIVE,takeda 2
6,status,11,VILLAGER,ALIVE,tomato 1
6,status,12,MEDIUM,DEAD,fanfan
6,status,13,VILLAGER,DEAD,wasabi 1
6,status,14,VILLAGER,ALIVE,takeda
6,status,15,VILLAGER,DEAD,HALUemon
6,talk,0,0,11,VOTE Agent[14]
6,talk,1,0,5,VOTE Agent[11]
6,talk,2,0,9,DIVINED Agent[05] WEREWOLF
6,talk,3,0,14,VOTE Agent[09]
6,talk,4,0,10,VOTE Agent[09]
6,talk,5,1,14,Skip
6,talk,6,1,10,VOTE Agent[14]
6,talk,7,1,11,VOTE Agent[09]
6,talk,8,1,9,VOTE Agent[14]
6,talk,9,1,5,Skip
6,talk,10,2,14,VOTE Agent[10]
6,talk,11,2,11,Skip
6,talk,12,2,10,Skip
6,talk,13,2,9,Skip
6,talk,14,2,5,Skip
6,talk,15,3,10,Skip
6,talk,16,3,14,Skip
6,talk,17,3,5,VOTE Agent[10]
6,talk,18,3,9,Skip
6,talk,19,3,11,Skip
6,talk,20,4,9,Over
6,talk,21,4,11,Over
6,talk,22,4,10,Over
6,talk,23,4,5,Skip
6,talk,24,4,14,Skip
6,talk,25,5,9,Over
6,talk,26,5,5,Skip
6,talk,27,5,11,Over
6,talk,28,5,10,Over
6,talk,29,5,14,Over
6,talk,30,6,14,Over
6,talk,31,6,9,Over
6,talk,32,6,5,Over
6,talk,33,6,10,Over
6,talk,34,6,11,Over
6,vote,5,10
6,vote,9,14
6,vote,10,14
6,vote,11,9
6,vote,14,10
6,vote,5,10
6,vote,9,14
6,vote,10,14
6,vote,11,9
6,vote,14,10
6,execute,14,VILLAGER
6,attackVote,9,5
6,attack,5,true
7,status,1,POSSESSED,DEAD,hellowolf
7,status,2,VILLAGER,DEAD,wasabi
7,status,3,BODYGUARD,DEAD,hellowolf 2
7,status,4,VILLAGER,DEAD,fanfan 1
7,status,5,VILLAGER,DEAD,hellowolf 1
7,status,6,WEREWOLF,DEAD,fanfan 2
7,status,7,SEER,DEAD,tomato
7,status,8,WEREWOLF,DEAD,takeda 1
7,status,9,WEREWOLF,ALIVE,takeda 3
7,status,10,VILLAGER,ALIVE,takeda 2
7,status,11,VILLAGER,ALIVE,tomato 1
7,status,12,MEDIUM,DEAD,fanfan
7,status,13,VILLAGER,DEAD,wasabi 1
7,status,14,VILLAGER,DEAD,takeda
7,status,15,VILLAGER,DEAD,HALUemon
7,talk,0,0,9,DIVINED Agent[11] WEREWOLF
7,talk,1,0,10,VOTE Agent[09]
7,talk,2,0,11,VOTE Agent[09]
7,talk,3,1,9,VOTE Agent[10]
7,talk,4,1,10,Skip
7,talk,5,1,11,Skip
7,talk,6,2,10,Skip
7,talk,7,2,11,Skip
7,talk,8,2,9,VOTE Agent[10]
7,talk,9,3,9,VOTE Agent[10]
7,talk,10,3,10,Over
7,talk,11,3,11,Over
7,talk,12,4,10,Over
7,talk,13,4,11,Over
7,talk,14,4,9,VOTE Agent[10]
7,talk,15,5,9,VOTE Agent[10]
7,talk,16,5,11,Over
7,talk,17,5,10,Over
7,talk,18,6,10,Over
7,talk,19,6,11,Over
7,talk,20,6,9,VOTE Agent[10]
7,talk,21,7,10,Over
7,talk,22,7,9,VOTE Agent[10]
7,talk,23,7,11,Over
7,talk,24,8,9,VOTE Agent[10]
7,talk,25,8,11,Over
7,talk,26,8,10,Over
7,talk,27,9,11,Over
7,talk,28,9,9,VOTE Agent[10]
7,talk,29,9,10,Over
7,talk,30,10,10,Over
7,talk,31,10,11,Over
7,talk,32,10,9,Over
7,vote,9,10
7,vote,10,9
7,vote,11,9
7,execute,9,WEREWOLF
8,status,1,POSSESSED,DEAD,hellowolf
8,status,2,VILLAGER,DEAD,wasabi
8,status,3,BODYGUARD,DEAD,hellowolf 2
8,status,4,VILLAGER,DEAD,fanfan 1
8,status,5,VILLAGER,DEAD,hellowolf 1
8,status,6,WEREWOLF,DEAD,fanfan 2
8,status,7,SEER,DEAD,tomato
8,status,8,WEREWOLF,DEAD,takeda 1
8,status,9,WEREWOLF,DEAD,takeda 3
8,status,10,VILLAGER,ALIVE,takeda 2
8,status,11,VILLAGER,ALIVE,tomato 1
8,status,12,MEDIUM,DEAD,fanfan
8,status,13,VILLAGER,DEAD,wasabi 1
8,status,14,VILLAGER,DEAD,takeda
8,status,15,VILLAGER,DEAD,HALUemon
8,result,2,0,VILLAGER
