0,status,1,VILLAGER,ALIVE,hellowolf
0,status,2,SEER,ALIVE,wasabi
0,status,3,VILLAGER,ALIVE,hellowolf 2
0,status,4,VILLAGER,ALIVE,fanfan 1
0,status,5,MEDIUM,ALIVE,hellowolf 1
0,status,6,POSSESSED,ALIVE,fanfan 2
0,status,7,VILLAGER,ALIVE,tomato
0,status,8,WEREWOLF,ALIVE,takeda 1
0,status,9,VILLAGER,ALIVE,takeda 3
0,status,10,VILLAGER,ALIVE,takeda 2
0,status,11,VILLAGER,ALIVE,tomato 1
0,status,12,WEREWOLF,ALIVE,fanfan
0,status,13,WEREWOLF,ALIVE,wasabi 1
0,status,14,BODYGUARD,ALIVE,takeda
0,status,15,VILLAGER,ALIVE,HALUemon
0,whisper,0,0,12,COMINGOUT Agent[12] VILLAGER
0,whisper,1,0,13,Over
0,whisper,2,0,8,Skip
0,whisper,3,1,8,Skip
0,whisper,4,1,13,ATTACK Agent[02]
0,whisper,5,1,12,Skip
0,whisper,6,2,12,Skip
0,whisper,7,2,8,Over
0,whisper,8,2,13,Over
0,whisper,9,3,13,Over
0,whisper,10,3,12,Over
0,whisper,11,3,8,Over
0,divine,2,15,HUMAN
1,status,1,VILLAGER,ALIVE,hellowolf
1,status,2,SEER,ALIVE,wasabi
1,status,3,VILLAGER,ALIVE,hellowolf 2
1,status,4,VILLAGER,ALIVE,fanfan 1
1,status,5,MEDIUM,ALIVE,hellowolf 1
1,status,6,POSSESSED,ALIVE,fanfan 2
1,status,7,VILLAGER,ALIVE,tomato
1,status,8,WEREWOLF,ALIVE,takeda 1
1,status,9,VILLAGER,ALIVE,takeda 3
1,status,10,VILLAGER,ALIVE,takeda 2
1,status,11,VILLAGER,ALIVE,tomato 1
1,status,12,WEREWOLF,ALIVE,fanfan
1,status,13,WEREWOLF,ALIVE,wasabi 1
1,status,14,BODYGUARD,ALIVE,takeda
1,status,15,VILLAGER,ALIVE,HALUemon
1,talk,0,0,4,VOTE Agent[03]
1,talk,1,0,7,VOTE Agent[08]
1,talk,2,0,11,VOTE Agent[13]
1,talk,3,0,12,VOTE Agent[03]
1,talk,4,0,5,VOTE Agent[01]
1,talk,5,0,14,VOTE Agent[11]
1,talk,6,0,15,VOTE Agent[06]
1,talk,7,0,6,COMINGOUT Agent[06] SEER
1,talk,8,0,9,VOTE Agent[13]
1,talk,9,0,10,VOTE Agent[01]
1,talk,10,0,2,COMINGOUT Agent[02] SEER
1,talk,11,0,13,ESTIMATE Agent[12] WEREWOLF
1,talk,12,0,8,COMINGOUT Agent[08] SEER
1,talk,13,0,3,VOTE Agent[04]
1,talk,14,0,1,VOTE Agent[03]
1,talk,15,1,6,DIVINED Agent[01] WEREWOLF
1,talk,16,1,14,VOTE Agent[08]
1,talk,17,1,8,DIVINED Agent[02] WEREWOLF
1,talk,18,1,10,VOTE Agent[08]
1,talk,19,1,1,VOTE Agent[04]
1,talk,20,1,15,VOTE Agent[01]
1,talk,21,1,12,Skip
1,talk,22,1,13,ESTIMATE Agent[12] WEREWOLF
1,talk,23,1,7,VOTE Agent[03]
1,talk,24,1,9,VOTE Agent[08]
1,talk,25,1,5,VOTE Agent[08]
1,talk,26,1,3,Skip
1,talk,27,1,2,DIVINED Agent[15] HUMAN
1,talk,28,1,4,VOTE Agent[08]
1,talk,29,1,11,VOTE Agent[03]
1,talk,30,2,2,Skip
1,talk,31,2,10,Skip
1,talk,32,2,6,VOTE Agent[01]
1,talk,33,2,1,VOTE Agent[12]
1,talk,34,2,4,VOTE Agent[03]
1,talk,35,2,9,Skip
1,talk,36,2,3,VOTE Agent[12]
1,talk,37,2,12,Skip
1,talk,38,2,8,VOTE Agent[02]
1,talk,39,2,15,VOTE Agent[08]
1,talk,40,2,7,VOTE Agent[08]
1,talk,41,2,13,ESTIMATE Agent[12] VILLAGER
1,talk,42,2,5,VOTE Agent[03]
1,talk,43,2,11,VOTE Agent[08]
1,talk,44,2,14,Skip
1,talk,45,3,11,Skip
1,talk,46,3,3,Skip
1,talk,47,3,15,VOTE Agent[02]
1,talk,48,3,4,VOTE Agent[01]
1,talk,49,3,12,Over
1,talk,50,3,8,Skip
1,talk,51,3,9,Skip
1,talk,52,3,7,Skip
1,talk,53,3,10,Skip
1,talk,54,3,6,VOTE Agent[08]
1,talk,55,3,14,Skip
1,talk,56,3,5,VOTE Agent[12]
1,talk,57,3,13,VOTE Agent[01]
1,talk,58,3,2,VOTE Agent[03]
1,talk,59,3,1,Skip
1,talk,60,4,11,Skip
1,talk,61,4,8,Skip
1,talk,62,4,13,Skip
1,talk,63,4,12,Over
1,talk,64,4,2,VOTE Agent[07]
1,talk,65,4,9,Over
1,talk,66,4,3,Skip
1,talk,67,4,14,Over
1,talk,68,4,1,Skip
1,talk,69,4,6,Skip
1,talk,70,4,4,VOTE Agent[12]
1,talk,71,4,5,Skip
1,talk,72,4,7,Skip
1,talk,73,4,15,VOTE Agent[02]
1,talk,74,4,10,Over
1,talk,75,5,4,Skip
1,talk,76,5,11,Over
1,talk,77,5,10,Over
1,talk,78,5,15,VOTE Agent[02]
1,talk,79,5,5,Skip
1,talk,80,5,1,Over
1,talk,81,5,2,ESTIMATE Agent[06] WEREWOLF
1,talk,82,5,8,Over
1,talk,83,5,13,ESTIMATE Agent[02] WEREWOLF
1,talk,84,5,14,Over
1,talk,85,5,12,VOTE Agent[07]
1,talk,86,5,3,Over
1,talk,87,5,7,Over
1,talk,88,5,9,Over
1,talk,89,5,6,Skip
1,talk,90,6,14,Over
1,talk,91,6,1,Over
1,talk,92,6,13,ESTIMATE Agent[03] VILLAGER
1,talk,93,6,2,VOTE Agent[12]
1,talk,94,6,15,VOTE Agent[02]
1,talk,95,6,9,Over
1,talk,96,6,4,Skip
1,talk,97,6,10,Over
1,talk,98,6,3,Over
1,talk,99,6,11,Over
1,talk,100,6,5,Over
1,talk,101,6,7,Over
1,talk,102,6,6,Over
1,talk,103,6,12,Skip
1,talk,104,6,8,Over
1,talk,105,7,3,Over
1,talk,106,7,11,Over
1,talk,107,7,8,Over
1,talk,108,7,2,VOTE Agent[07]
1,talk,109,7,4,Over
1,talk,110,7,14,Over
1,talk,111,7,10,Over
1,talk,112,7,5,Over
1,talk,113,7,1,Over
1,talk,114,7,13,ESTIMATE Agent[08] WEREWOLF
1,talk,115,7,7,Over
1,talk,116,7,15,VOTE Agent[02]
1,talk,117,7,12,Skip
1,talk,118,7,6,Over
1,talk,119,7,9,Over
1,talk,120,8,2,ESTIMATE Agent[08] WEREWOLF
1,talk,121,8,9,Over
1,talk,122,8,10,Over
1,talk,123,8,1,Over
1,talk,124,8,6,Over
1,talk,125,8,15,VOTE Agent[02]
1,talk,126,8,11,Over
1,talk,127,8,8,Over
1,talk,128,8,13,ESTIMATE Agent[04] VILLAGER
1,talk,129,8,5,Over
1,talk,130,8,12,Over
1,talk,131,8,3,Over
1,talk,132,8,4,Over
1,talk,133,8,14,Over
1,talk,134,8,7,Over
1,talk,135,9,6,Over
1,talk,136,9,3,Over
1,talk,137,9,2,Over
1,talk,138,9,13,Over
1,talk,139,9,11,Over
1,talk,140,9,1,Over
1,talk,141,9,4,Over
1,talk,142,9,5,Over
1,talk,143,9,14,Over
1,talk,144,9,15,Over
1,talk,145,9,7,Over
1,talk,146,9,12,Over
1,talk,147,9,9,Over
1,talk,148,9,8,VOTE Agent[02]
1,talk,149,9,10,Over
1,talk,150,10,6,Over
1,talk,151,10,3,Over
1,talk,152,10,14,Over
1,talk,153,10,9,Over
1,talk,154,10,11,Over
1,talk,155,10,1,Over
1,talk,156,10,10,Over
1,talk,157,10,8,VOTE Agent[02]
1,talk,158,10,4,Over
1,talk,159,10,15,Over
1,talk,160,10,7,VOTE Agent[02]
1,talk,161,10,5,Over
1,talk,162,10,2,Over
1,talk,163,10,12,Over
1,talk,164,10,13,Over
1,talk,165,11,7,Skip
1,talk,166,11,14,Over
1,talk,167,11,1,Over
1,talk,168,11,13,Over
1,talk,169,11,6,VOTE Agent[02]
1,talk,170,11,3,Over
1,talk,171,11,9,Over
1,talk,172,11,8,Skip
1,talk,173,11,11,VOTE Agent[02]
1,talk,174,11,4,Over
1,talk,175,11,10,Over
1,talk,176,11,12,Over
1,talk,177,11,2,Over
1,talk,178,11,5,Over
1,talk,179,11,15,Over
1,talk,180,12,3,Over
1,talk,181,12,2,Over
1,talk,182,12,10,Over
1,talk,183,12,4,VOTE Agent[02]
1,talk,184,12,15,Over
1,talk,185,12,7,Skip
1,talk,186,12,1,VOTE Agent[02]
1,talk,187,12,14,Over
1,talk,188,12,12,Over
1,talk,189,12,11,Skip
1,talk,190,12,6,Skip
1,talk,191,12,13,Over
1,talk,192,12,5,VOTE Agent[02]
1,talk,193,12,9,Over
1,talk,194,12,8,Skip
1,talk,195,13,2,Over
1,talk,196,13,6,Skip
1,talk,197,13,11,Skip
1,talk,198,13,9,VOTE Agent[02]
1,talk,199,13,5,Skip
1,talk,200,13,15,Over
1,talk,201,13,10,VOTE Agent[02]
1,talk,202,13,14,VOTE Agent[02]
1,talk,203,13,1,Skip
1,talk,204,13,8,Over
1,talk,205,13,4,Skip
1,talk,206,13,3,Over
1,talk,207,13,12,Over
1,talk,208,13,13,Over
1,talk,209,13,7,Over
1,talk,210,14,9,Skip
1,talk,211,14,6,Over
1,talk,212,14,12,Over
1,talk,213,14,1,Skip
1,talk,214,14,5,Skip
1,talk,215,14,14,Skip
1,talk,216,14,15,Over
1,talk,217,14,2,Over
1,talk,218,14,3,Over
1,talk,219,14,4,Skip
1,talk,220,14,10,Skip
1,talk,221,14,8,Over
1,talk,222,14,11,Over
1,talk,223,14,7,Over
1,talk,224,14,13,Over
1,talk,225,15,4,Over
1,talk,226,15,2,Over
1,talk,227,15,15,Over
1,talk,228,15,1,Over
1,talk,229,15,10,Skip
1,talk,230,15,8,Over
1,talk,231,15,9,Skip
1,talk,232,15,11,Over
1,talk,233,15,7,Over
1,talk,234,15,6,Over
1,talk,235,15,14,Skip
1,talk,236,15,13,Over
1,talk,237,15,5,Over
1,talk,238,15,12,Over
1,talk,239,15,3,Over
1,talk,240,16,1,Over
1,talk,241,16,5,Over
1,talk,242,16,11,Over
1,talk,243,16,8,Over
1,talk,244,16,4,Over
1,talk,245,16,12,Over
1,talk,246,16,13,Over
1,talk,247,16,3,VOTE Agent[02]
1,talk,248,16,15,Over
1,talk,249,16,9,Over
1,talk,250,16,10,Over
1,talk,251,16,7,Over
1,talk,252,16,14,Over
1,talk,253,16,2,Over
1,talk,254,16,6,Over
1,talk,255,17,7,Over
1,talk,256,17,6,Over
1,talk,257,17,12,Over
1,talk,258,17,1,Over
1,talk,259,17,13,Over
1,talk,260,17,8,Over
1,talk,261,17,14,Over
1,talk,262,17,5,Over
1,talk,263,17,4,Over
1,talk,264,17,3,Skip
1,talk,265,17,2,Over
1,talk,266,17,9,Over
1,talk,267,17,10,Over
1,talk,268,17,11,Over
1,talk,269,17,15,Over
1,talk,270,18,15,Over
1,talk,271,18,9,Over
1,talk,272,18,8,Over
1,talk,273,18,14,Over
1,talk,274,18,3,Skip
1,talk,275,18,13,Over
1,talk,276,18,5,Over
1,talk,277,18,2,Over
1,talk,278,18,12,Over
1,talk,279,18,1,Over
1,talk,280,18,6,Over
1,talk,281,18,11,Over
1,talk,282,18,7,Over
1,talk,283,18,10,Over
1,talk,284,18,4,Over
1,talk,285,19,11,Over
1,talk,286,19,15,Over
1,talk,287,19,14,Over
1,talk,288,19,2,Over
1,talk,289,19,8,Over
1,talk,290,19,7,Over
1,talk,291,19,10,Over
1,talk,292,19,9,Over
1,talk,293,19,12,Over
1,talk,294,19,3,Over
1,talk,295,19,4,Over
1,talk,296,19,13,Over
1,talk,297,19,5,Over
1,talk,298,19,1,Over
1,talk,299,19,6,Over
1,vote,1,2
1,vote,2,7
1,vote,3,2
1,vote,4,2
1,vote,5,2
1,vote,6,2
1,vote,7,2
1,vote,8,2
1,vote,9,2
1,vote,10,2
1,vote,11,2
1,vote,12,7
1,vote,13,1
1,vote,14,2
1,vote,15,2
1,execute,2,SEER
1,whisper,0,0,12,ESTIMATE Agent[06] POSSESSED
1,whisper,1,0,13,ATTACK Agent[15]
1,whisper,2,0,8,Skip
1,whisper,3,1,13,Over
1,whisper,4,1,8,Skip
1,whisper,5,1,12,ATTACK Agent[04]
1,whisper,6,2,8,Over
1,whisper,7,2,13,Over
1,whisper,8,2,12,Skip
1,whisper,9,3,12,Skip
1,whisper,10,3,8,Over
1,whisper,11,3,13,Over
1,whisper,12,4,8,Over
1,whisper,13,4,13,VOTE Agent[01]
1,whisper,14,4,12,Over
1,whisper,15,5,12,Over
1,whisper,16,5,13,REQUEST ANY (ATTACK Agent[15])
1,whisper,17,5,8,Over
1,whisper,18,6,13,Over
1,whisper,19,6,8,Over
1,whisper,20,6,12,Over
1,guard,14,2,SEER
1,attackVote,8,3
1,attackVote,12,4
1,attackVote,13,15
1,attackVote,8,3
1,attackVote,12,4
1,attackVote,13,3
1,attack,3,true
2,status,1,VILLAGER,ALIVE,hellowolf
2,status,2,SEER,DEAD,wasabi
2,status,3,VILLAGER,DEAD,hellowolf 2
2,status,4,VILLAGER,ALIVE,fanfan 1
2,status,5,MEDIUM,ALIVE,hellowolf 1
2,status,6,POSSESSED,ALIVE,fanfan 2
2,status,7,VILLAGER,ALIVE,tomato
2,status,8,WEREWOLF,ALIVE,takeda 1
2,status,9,VILLAGER,ALIVE,takeda 3
2,status,10,VILLAGER,ALIVE,takeda 2
2,status,11,VILLAGER,ALIVE,tomato 1
2,status,12,WEREWOLF,ALIVE,fanfan
2,status,13,WEREWOLF,ALIVE,wasabi 1
2,status,14,BODYGUARD,ALIVE,takeda
2,status,15,VILLAGER,ALIVE,HALUemon
2,talk,0,0,14,VOTE Agent[08]
2,talk,1,0,9,VOTE Agent[08]
2,talk,2,0,8,DIVINED Agent[12] HUMAN
2,talk,3,0,10,VOTE Agent[08]
2,talk,4,0,4,VOTE Agent[12]
2,talk,5,0,5,VOTE Agent[12]
2,talk,6,0,12,VOTE Agent[07]
2,talk,7,0,13,ESTIMATE Agent[04] VILLAGER
2,talk,8,0,6,DIVINED Agent[15] WEREWOLF
2,talk,9,0,15,VOTE Agent[08]
2,talk,10,0,1,VOTE Agent[12]
2,talk,11,0,11,VOTE Agent[04]
2,talk,12,0,7,VOTE Agent[14]
2,talk,13,1,4,Skip
2,talk,14,1,15,VOTE Agent[08]
2,talk,15,1,6,VOTE Agent[15]
2,talk,16,1,13,ESTIMATE Agent[12] VILLAGER
2,talk,17,1,9,Skip
2,talk,18,1,5,VOTE Agent[08]
2,talk,19,1,10,Skip
2,talk,20,1,8,VOTE Agent[14]
2,talk,21,1,7,VOTE Agent[08]
2,talk,22,1,14,Skip
2,talk,23,1,12,VOTE Agent[04]
2,talk,24,1,11,VOTE Agent[08]
2,talk,25,1,1,VOTE Agent[08]
2,talk,26,2,8,VOTE Agent[01]
2,talk,27,2,15,VOTE Agent[08]
2,talk,28,2,7,Skip
2,talk,29,2,9,Skip
2,talk,30,2,12,Skip
2,talk,31,2,14,Skip
2,talk,32,2,11,Skip
2,talk,33,2,5,Skip
2,talk,34,2,10,Skip
2,talk,35,2,13,ESTIMATE Agent[12] VILLAGER
2,talk,36,2,1,VOTE Agent[12]
2,talk,37,2,6,VOTE Agent[08]
2,talk,38,2,4,Skip
2,talk,39,3,1,Skip
2,talk,40,3,9,Over
2,talk,41,3,11,Skip
2,talk,42,3,4,Over
2,talk,43,3,12,Skip
2,talk,44,3,15,VOTE Agent[08]
2,talk,45,3,7,Skip
2,talk,46,3,10,Over
2,talk,47,3,13,VOTE Agent[01]
2,talk,48,3,14,Over
2,talk,49,3,5,Skip
2,talk,50,3,6,Skip
2,talk,51,3,8,VOTE Agent[07]
2,talk,52,4,9,Over
2,talk,53,4,8,VOTE Agent[07]
2,talk,54,4,7,Over
2,talk,55,4,6,Skip
2,talk,56,4,11,Over
2,talk,57,4,4,Over
2,talk,58,4,15,VOTE Agent[08]
2,talk,59,4,13,ESTIMATE Agent[04] VILLAGER
2,talk,60,4,10,Over
2,talk,61,4,1,Skip
2,talk,62,4,14,Over
2,talk,63,4,5,Over
2,talk,64,4,12,Over
2,talk,65,5,6,Over
2,talk,66,5,4,Over
2,talk,67,5,8,VOTE Agent[07]
2,talk,68,5,7,Over
2,talk,69,5,5,Over
2,talk,70,5,13,Skip
2,talk,71,5,10,Over
2,talk,72,5,12,Over
2,talk,73,5,15,VOTE Agent[08]
2,talk,74,5,14,Over
2,talk,75,5,11,Over
2,talk,76,5,9,Over
2,talk,77,5,1,Over
2,talk,78,6,4,Over
2,talk,79,6,13,ESTIMATE Agent[12] VILLAGER
2,talk,80,6,10,Over
2,talk,81,6,5,Over
2,talk,82,6,8,VOTE Agent[10]
2,talk,83,6,11,Over
2,talk,84,6,14,Over
2,talk,85,6,6,Over
2,talk,86,6,1,Over
2,talk,87,6,9,Over
2,talk,88,6,7,Over
2,talk,89,6,12,Over
2,talk,90,6,15,VOTE Agent[08]
2,talk,91,7,9,Over
2,talk,92,7,5,Over
2,talk,93,7,1,Over
2,talk,94,7,12,Over
2,talk,95,7,4,Over
2,talk,96,7,13,REQUEST ANY (VOTE Agent[01])
2,talk,97,7,10,Over
2,talk,98,7,11,Over
2,talk,99,7,6,Over
2,talk,100,7,7,Over
2,talk,101,7,14,Over
2,talk,102,7,8,VOTE Agent[01]
2,talk,103,7,15,VOTE Agent[08]
2,talk,104,8,6,Over
2,talk,105,8,10,Over
2,talk,106,8,13,ESTIMATE Agent[07] VILLAGER
2,talk,107,8,15,VOTE Agent[08]
2,talk,108,8,8,VOTE Agent[01]
2,talk,109,8,11,Over
2,talk,110,8,4,Over
2,talk,111,8,5,Over
2,talk,112,8,1,Over
2,talk,113,8,12,VOTE Agent[01]
2,talk,114,8,7,Over
2,talk,115,8,9,Over
2,talk,116,8,14,Over
2,talk,117,9,1,Over
2,talk,118,9,15,Over
2,talk,119,9,14,Over
2,talk,120,9,6,Over
2,talk,121,9,8,VOTE Agent[01]
2,talk,122,9,11,Over
2,talk,123,9,12,Skip
2,talk,124,9,4,Over
2,talk,125,9,10,Over
2,talk,126,9,5,Over
2,talk,127,9,9,Over
2,talk,128,9,13,Over
2,talk,129,9,7,Over
2,talk,130,10,7,Over
2,talk,131,10,12,Skip
2,talk,132,10,5,Over
2,talk,133,10,14,Over
2,talk,134,10,15,Over
2,talk,135,10,6,Over
2,talk,136,10,4,Over
2,talk,137,10,1,Over
2,talk,138,10,9,Over
2,talk,139,10,10,Over
2,talk,140,10,8,Over
2,talk,141,10,13,Over
2,talk,142,10,11,Over
2,talk,143,11,7,Over
2,talk,144,11,1,Over
2,talk,145,11,9,Over
2,talk,146,11,5,Over
2,talk,147,11,11,Over
2,talk,148,11,15,Over
2,talk,149,11,10,Over
2,talk,150,11,4,Over
2,talk,151,11,6,Over
2,talk,152,11,14,Over
2,talk,153,11,8,Over
2,talk,154,11,12,Over
2,talk,155,11,13,Over
2,vote,1,12
2,vote,4,12
2,vote,5,8
2,vote,6,8
2,vote,7,8
2,vote,8,13
2,vote,9,8
2,vote,10,8
2,vote,11,8
2,vote,12,1
2,vote,13,1
2,vote,14,8
2,vote,15,8
2,execute,8,WEREWOLF
2,whisper,0,0,13,ATTACK Agent[04]
2,whisper,1,0,12,ATTACK Agent[04]
2,whisper,2,1,12,Skip
2,whisper,3,1,13,Over
2,whisper,4,2,13,ESTIMATE Agent[08] POSSESSED
2,whisper,5,2,12,Skip
2,whisper,6,3,12,Over
2,whisper,7,3,13,VOTE Agent[01]
2,whisper,8,4,13,Over
2,whisper,9,4,12,Over
2,guard,14,4,VILLAGER
2,attackVote,12,4
2,attackVote,13,4
2,attack,4,false
3,status,1,VILLAGER,ALIVE,hellowolf
3,status,2,SEER,DEAD,wasabi
3,status,3,VILLAGER,DEAD,hellowolf 2
3,status,4,VILLAGER,ALIVE,fanfan 1
3,status,5,MEDIUM,ALIVE,hellowolf 1
3,status,6,POSSESSED,ALIVE,fanfan 2
3,status,7,VILLAGER,ALIVE,tomato
3,status,8,WEREWOLF,DEAD,takeda 1
3,status,9,VILLAGER,ALIVE,takeda 3
3,status,10,VILLAGER,ALIVE,takeda 2
3,status,11,VILLAGER,ALIVE,tomato 1
3,status,12,WEREWOLF,ALIVE,fanfan
3,status,13,WEREWOLF,ALIVE,wasabi 1
3,status,14,BODYGUARD,ALIVE,takeda
3,status,15,VILLAGER,ALIVE,HALUemon
3,talk,0,0,4,VOTE Agent[12]
3,talk,1,0,13,ESTIMATE Agent[06] WEREWOLF
3,talk,2,0,9,VOTE Agent[12]
3,talk,3,0,15,VOTE Agent[06]
3,talk,4,0,11,VOTE Agent[13]
3,talk,5,0,6,DIVINED Agent[12] WEREWOLF
3,talk,6,0,1,VOTE Agent[12]
3,talk,7,0,7,VOTE Agent[06]
3,talk,8,0,10,VOTE Agent[12]
3,talk,9,0,14,VOTE Agent[12]
3,talk,10,0,5,COMINGOUT Agent[05] MEDIUM
3,talk,11,0,12,VOTE Agent[04]
3,talk,12,1,14,Skip
3,talk,13,1,12,Skip
3,talk,14,1,7,VOTE Agent[12]
3,talk,15,1,15,VOTE Agent[06]
3,talk,16,1,11,VOTE Agent[12]
3,talk,17,1,6,VOTE Agent[12]
3,talk,18,1,5,IDENTIFIED Agent[02] HUMAN
3,talk,19,1,9,Skip
3,talk,20,1,1,Skip
3,talk,21,1,4,Skip
3,talk,22,1,13,ESTIMATE Agent[01] VILLAGER
3,talk,23,1,10,Skip
3,talk,24,2,1,Skip
3,talk,25,2,6,Skip
3,talk,26,2,15,VOTE Agent[06]
3,talk,27,2,5,IDENTIFIED Agent[08] WEREWOLF
3,talk,28,2,12,Skip
3,talk,29,2,4,Skip
3,talk,30,2,11,Skip
3,talk,31,2,14,Skip
3,talk,32,2,9,Skip
3,talk,33,2,7,Skip
3,talk,34,2,10,Skip
3,talk,35,2,13,ESTIMATE Agent[06] WEREWOLF
3,talk,36,3,10,Over
3,talk,37,3,1,Over
3,talk,38,3,15,VOTE Agent[06]
3,talk,39,3,7,Skip
3,talk,40,3,11,Skip
3,talk,41,3,13,VOTE Agent[12]
3,talk,42,3,5,VOTE Agent[12]
3,talk,43,3,9,Over
3,talk,44,3,14,Over
3,talk,45,3,6,Skip
3,talk,46,3,4,Over
3,talk,47,3,12,Over
3,talk,48,4,14,Over
3,talk,49,4,13,ESTIMATE Agent[10] VILLAGER
3,talk,50,4,6,Over
3,talk,51,4,12,Over
3,talk,52,4,11,Over
3,talk,53,4,10,Over
3,talk,54,4,5,Skip
3,talk,55,4,1,Over
3,talk,56,4,4,Over
3,talk,57,4,7,Over
3,talk,58,4,9,Over
3,talk,59,4,15,VOTE Agent[06]
3,talk,60,5,10,Over
3,talk,61,5,5,Skip
3,talk,62,5,6,Over
3,talk,63,5,4,Over
3,talk,64,5,1,Over
3,talk,65,5,14,Over
3,talk,66,5,15,VOTE Agent[06]
3,talk,67,5,11,Over
3,talk,68,5,13,ESTIMATE Agent[11] VILLAGER
3,talk,69,5,12,Over
3,talk,70,5,7,Over
3,talk,71,5,9,Over
3,talk,72,6,10,Over
3,talk,73,6,13,ESTIMATE Agent[15] VILLAGER
3,talk,74,6,7,Over
3,talk,75,6,4,Over
3,talk,76,6,14,Over
3,talk,77,6,1,Over
3,talk,78,6,5,Over
3,talk,79,6,15,VOTE Agent[06]
3,talk,80,6,6,Over
3,talk,81,6,12,Over
3,talk,82,6,9,Over
3,talk,83,6,11,Over
3,talk,84,7,10,Over
3,talk,85,7,12,Over
3,talk,86,7,1,Over
3,talk,87,7,11,Over
3,talk,88,7,7,Over
3,talk,89,7,6,Over
3,talk,90,7,9,Over
3,talk,91,7,4,Over
3,talk,92,7,13,ESTIMATE Agent[07] VILLAGER
3,talk,93,7,15,VOTE Agent[06]
3,talk,94,7,14,Over
3,talk,95,7,5,Over
3,talk,96,8,13,REQUEST ANY (VOTE Agent[12])
3,talk,97,8,15,VOTE Agent[06]
3,talk,98,8,7,Over
3,talk,99,8,9,Over
3,talk,100,8,10,Over
3,talk,101,8,14,Over
3,talk,102,8,6,Over
3,talk,103,8,4,Over
3,talk,104,8,1,Over
3,talk,105,8,11,VOTE Agent[06]
3,talk,106,8,5,Over
3,talk,107,8,12,Over
3,talk,108,9,12,Over
3,talk,109,9,1,Over
3,talk,110,9,9,Over
3,talk,111,9,7,VOTE Agent[06]
3,talk,112,9,10,Over
3,talk,113,9,4,Over
3,talk,114,9,13,Over
3,talk,115,9,6,Over
3,talk,116,9,11,Skip
3,talk,117,9,14,Over
3,talk,118,9,15,Over
3,talk,119,9,5,Over
3,talk,120,10,15,Over
3,talk,121,10,12,Over
3,talk,122,10,4,Over
3,talk,123,10,10,Over
3,talk,124,10,7,Skip
3,talk,125,10,9,Over
3,talk,126,10,13,Over
3,talk,127,10,11,Skip
3,talk,128,10,5,Over
3,talk,129,10,6,Over
3,talk,130,10,14,Over
3,talk,131,10,1,Over
3,talk,132,11,11,Over
3,talk,133,11,6,Over
3,talk,134,11,10,Over
3,talk,135,11,14,Over
3,talk,136,11,12,Over
3,talk,137,11,4,Over
3,talk,138,11,5,Over
3,talk,139,11,13,Over
3,talk,140,11,9,Over
3,talk,141,11,15,Over
3,talk,142,11,1,Over
3,talk,143,11,7,Skip
3,talk,144,12,10,Over
3,talk,145,12,5,Over
3,talk,146,12,12,Over
3,talk,147,12,15,Over
3,talk,148,12,7,Over
3,talk,149,12,4,Over
3,talk,150,12,13,Over
3,talk,151,12,6,Over
3,talk,152,12,14,Over
3,talk,153,12,9,Over
3,talk,154,12,1,Over
3,talk,155,12,11,Over
3,vote,1,12
3,vote,4,12
3,vote,5,12
3,vote,6,12
3,vote,7,6
3,vote,9,12
3,vote,10,12
3,vote,11,6
3,vote,12,4
3,vote,13,12
3,vote,14,12
3,vote,15,6
3,execute,12,WEREWOLF
3,guard,14,4,VILLAGER
3,attackVote,13,15
3,attack,15,true
4,status,1,VILLAGER,ALIVE,hellowolf
4,status,2,SEER,DEAD,wasabi
4,status,3,VILLAGER,DEAD,hellowolf 2
4,status,4,VILLAGER,ALIVE,fanfan 1
4,status,5,MEDIUM,ALIVE,hellowolf 1
4,status,6,POSSESSED,ALIVE,fanfan 2
4,status,7,VILLAGER,ALIVE,tomato
4,status,8,WEREWOLF,DEAD,takeda 1
4,status,9,VILLAGER,ALIVE,takeda 3
4,status,10,VILLAGER,ALIVE,takeda 2
4,status,11,VILLAGER,ALIVE,tomato 1
4,status,12,WEREWOLF,DEAD,fanfan
4,status,13,WEREWOLF,ALIVE,wasabi 1
4,status,14,BODYGUARD,ALIVE,takeda
4,status,15,VILLAGER,DEAD,HALUemon
4,talk,0,0,5,IDENTIFIED Agent[12] WEREWOLF
4,talk,1,0,14,VOTE Agent[13]
4,talk,2,0,9,VOTE Agent[13]
4,talk,3,0,1,VOTE Agent[09]
4,talk,4,0,4,VOTE Agent[07]
4,talk,5,0,10,VOTE Agent[13]
4,talk,6,0,7,VOTE Agent[01]
4,talk,7,0,6,VOTE Agent[05]
4,talk,8,0,13,ESTIMATE Agent[09] VILLAGER
4,talk,9,0,11,VOTE Agent[09]
4,talk,10,1,7,VOTE Agent[13]
4,talk,11,1,5,VOTE Agent[06]
4,talk,12,1,1,VOTE Agent[06]
4,talk,13,1,9,Skip
4,talk,14,1,13,Skip
4,talk,15,1,14,Skip
4,talk,16,1,4,VOTE Agent[09]
4,talk,17,1,6,Skip
4,talk,18,1,11,VOTE Agent[13]
4,talk,19,1,10,Skip
4,talk,20,2,9,Skip
4,talk,21,2,14,Skip
4,talk,22,2,11,Skip
4,talk,23,2,4,VOTE Agent[06]
4,talk,24,2,1,Skip
4,talk,25,2,7,Skip
4,talk,26,2,6,Skip
4,talk,27,2,5,Skip
4,talk,28,2,10,Skip
4,talk,29,2,13,Skip
4,talk,30,3,9,Over
4,talk,31,3,1,Skip
4,talk,32,3,6,Over
4,talk,33,3,14,Over
4,talk,34,3,5,Skip
4,talk,35,3,11,Skip
4,talk,36,3,7,Skip
4,talk,37,3,4,Skip
4,talk,38,3,13,VOTE Agent[06]
4,talk,39,3,10,Over
4,talk,40,4,9,Over
4,talk,41,4,5,Over
4,talk,42,4,4,Skip
4,talk,43,4,1,Over
4,talk,44,4,14,Over
4,talk,45,4,7,VOTE Agent[06]
4,talk,46,4,13,ESTIMATE Agent[06] WEREWOLF
4,talk,47,4,11,VOTE Agent[06]
4,talk,48,4,6,Over
4,talk,49,4,10,Over
4,talk,50,5,5,Over
4,talk,51,5,1,Over
4,talk,52,5,6,Over
4,talk,53,5,4,Over
4,talk,54,5,10,VOTE Agent[06]
4,talk,55,5,14,VOTE Agent[06]
4,talk,56,5,9,VOTE Agent[06]
4,talk,57,5,11,Skip
4,talk,58,5,13,ESTIMATE Agent[05] MEDIUM
4,talk,59,5,7,Skip
4,talk,60,6,6,Over
4,talk,61,6,13,Skip
4,talk,62,6,7,Skip
4,talk,63,6,14,Skip
4,talk,64,6,1,Over
4,talk,65,6,11,Skip
4,talk,66,6,9,Skip
4,talk,67,6,10,Skip
4,talk,68,6,4,Over
4,talk,69,6,5,Over
4,talk,70,7,9,Skip
4,talk,71,7,1,Over
4,talk,72,7,11,Over
4,talk,73,7,4,Over
4,talk,74,7,13,ESTIMATE Agent[07] VILLAGER
4,talk,75,7,7,Over
4,talk,76,7,10,Skip
4,talk,77,7,5,Over
4,talk,78,7,6,Over
4,talk,79,7,14,Skip
4,talk,80,8,6,Over
4,talk,81,8,11,Over
4,talk,82,8,5,Over
4,talk,83,8,13,REQUEST ANY (VOTE Agent[06])
4,talk,84,8,1,Over
4,talk,85,8,10,Over
4,talk,86,8,9,Over
4,talk,87,8,14,Over
4,talk,88,8,7,Over
4,talk,89,8,4,Over
4,talk,90,9,5,Over
4,talk,91,9,1,Over
4,talk,92,9,4,Over
4,talk,93,9,13,Over
4,talk,94,9,11,Over
4,talk,95,9,10,Over
4,talk,96,9,6,Over
4,talk,97,9,7,Over
4,talk,98,9,9,Over
4,talk,99,9,14,Over
4,vote,1,6
4,vote,4,6
4,vote,5,6
4,vote,6,5
4,vote,7,6
4,vote,9,6
4,vote,10,6
4,vote,11,6
4,vote,13,6
4,vote,14,6
4,execute,6,POSSESSED
4,guard,14,11,VILLAGER
4,attackVote,13,14
4,attack,14,true
5,status,1,VILLAGER,ALIVE,hellowolf
5,status,2,SEER,DEAD,wasabi
5,status,3,VILLAGER,DEAD,hellowolf 2
5,status,4,VILLAGER,ALIVE,fanfan 1
5,status,5,MEDIUM,ALIVE,hellowolf 1
5,status,6,POSSESSED,DEAD,fanfan 2
5,status,7,VILLAGER,ALIVE,tomato
5,status,8,WEREWOLF,DEAD,takeda 1
5,status,9,VILLAGER,ALIVE,takeda 3
5,status,10,VILLAGER,ALIVE,takeda 2
5,status,11,VILLAGER,ALIVE,tomato 1
5,status,12,WEREWOLF,DEAD,fanfan
5,status,13,WEREWOLF,ALIVE,wasabi 1
5,status,14,BODYGUARD,DEAD,takeda
5,status,15,VILLAGER,DEAD,HALUemon
5,talk,0,0,5,IDENTIFIED Agent[06] HUMAN
5,talk,1,0,1,VOTE Agent[10]
5,talk,2,0,4,VOTE Agent[07]
5,talk,3,0,13,Skip
5,talk,4,0,9,VOTE Agent[13]
5,talk,5,0,11,VOTE Agent[07]
5,talk,6,0,10,VOTE Agent[13]
5,talk,7,0,7,VOTE Agent[04]
5,talk,8,1,1,VOTE Agent[07]
5,talk,9,1,11,VOTE Agent[13]
5,talk,10,1,10,Skip
5,talk,11,1,13,Skip
5,talk,12,1,5,VOTE Agent[07]
5,talk,13,1,9,Skip
5,talk,14,1,4,Skip
5,talk,15,1,7,VOTE Agent[07]
5,talk,16,2,9,VOTE Agent[07]
5,talk,17,2,1,Skip
5,talk,18,2,11,VOTE Agent[07]
5,talk,19,2,5,Skip
5,talk,20,2,10,VOTE Agent[07]
5,talk,21,2,4,Skip
5,talk,22,2,7,Skip
5,talk,23,2,13,ESTIMATE Agent[05] WEREWOLF
5,talk,24,3,7,Skip
5,talk,25,3,4,Over
5,talk,26,3,10,Skip
5,talk,27,3,9,Skip
5,talk,28,3,13,VOTE Agent[07]
5,talk,29,3,11,Skip
5,talk,30,3,5,Skip
5,talk,31,3,1,Skip
5,talk,32,4,4,Over
5,talk,33,4,5,Over
5,talk,34,4,9,Skip
5,talk,35,4,1,Over
5,talk,36,4,10,Skip
5,talk,37,4,11,Skip
5,talk,38,4,7,Over
5,talk,39,4,13,ESTIMATE Agent[01] VILLAGER
5,talk,40,5,5,Over
5,talk,41,5,4,Over
5,talk,42,5,10,Over
5,talk,43,5,9,Over
5,talk,44,5,13,ESTIMATE Agent[07] VILLAGER
5,talk,45,5,11,Over
5,talk,46,5,7,Over
5,talk,47,5,1,Over
5,talk,48,6,11,Over
5,talk,49,6,7,Over
5,talk,50,6,1,VOTE Agent[10]
5,talk,51,6,10,Over
5,talk,52,6,9,Over
5,talk,53,6,4,Over
5,talk,54,6,13,ESTIMATE Agent[05] WEREWOLF
5,talk,55,6,5,Over
5,talk,56,7,11,Over
5,talk,57,7,4,Over
5,talk,58,7,1,Skip
5,talk,59,7,13,VOTE Agent[05]
5,talk,60,7,7,Over
5,talk,61,7,9,Over
5,talk,62,7,5,Over
5,talk,63,7,10,Over
5,talk,64,8,10,Over
5,talk,65,8,13,VOTE Agent[07]
5,talk,66,8,1,Skip
5,talk,67,8,4,Over
5,talk,68,8,5,Over
5,talk,69,8,9,Over
5,talk,70,8,7,Over
5,talk,71,8,11,Over
5,talk,72,9,10,Over
5,talk,73,9,13,Over
5,talk,74,9,4,Over
5,talk,75,9,9,Over
5,talk,76,9,11,Over
5,talk,77,9,1,VOTE Agent[04]
5,talk,78,9,5,Over
5,talk,79,9,7,Over
5,talk,80,10,10,Over
5,talk,81,10,13,Over
5,talk,82,10,1,Skip
5,talk,83,10,7,Over
5,talk,84,10,9,Over
5,talk,85,10,5,Over
5,talk,86,10,4,Over
5,talk,87,10,11,Over
5,talk,88,11,9,Over
5,talk,89,11,7,Over
5,talk,90,11,4,Over
5,talk,91,11,11,Over
5,talk,92,11,10,Over
5,talk,93,11,5,Over
5,talk,94,11,13,Over
5,talk,95,11,1,Skip
5,talk,96,12,7,Over
5,talk,97,12,4,Over
5,talk,98,12,9,Over
5,talk,99,12,13,Over
5,talk,100,12,1,Over
5,talk,101,12,10,Over
5,talk,102,12,5,Over
5,talk,103,12,11,Over
5,vote,1,4
5,vote,4,7
5,vote,5,7
5,vote,7,13
5,vote,9,7
5,vote,10,7
5,vote,11,7
5,vote,13,7
5,execute,7,VILLAGER
5,attackVote,13,9
5,attack,9,true
6,status,1,VILLAGER,ALIVE,hellowolf
6,status,2,SEER,DEAD,wasabi
6,status,3,VILLAGER,DEAD,hellowolf 2
6,status,4,VILLAGER,ALIVE,fanfan 1
6,status,5,MEDIUM,ALIVE,hellowolf 1
6,status,6,POSSESSED,DEAD,fanfan 2
6,status,7,VILLAGER,DEAD,tomato
6,status,8,WEREWOLF,DEAD,takeda 1
6,status,9,VILLAGER,DEAD,takeda 3
6,status,10,VILLAGER,ALIVE,takeda 2
6,status,11,VILLAGER,ALIVE,tomato 1
6,status,12,WEREWOLF,DEAD,fanfan
6,status,13,WEREWOLF,ALIVE,wasabi 1
6,status,14,BODYGUARD,DEAD,takeda
6,status,15,VILLAGER,DEAD,HALUemon
6,talk,0,0,4,VOTE Agent[10]
6,talk,1,0,5,IDENTIFIED Agent[07] HUMAN
6,talk,2,0,10,VOTE Agent[13]
6,talk,3,0,1,VOTE Agent[04]
6,talk,4,0,13,ESTIMATE Agent[05] WEREWOLF
6,talk,5,0,11,VOTE Agent[05]
6,talk,6,1,4,Skip
6,talk,7,1,10,Skip
6,talk,8,1,5,VOTE Agent[10]
6,talk,9,1,1,VOTE Agent[10]
6,talk,10,1,11,VOTE Agent[04]
6,talk,11,1,13,ESTIMATE Agent[10] WEREWOLF
6,talk,12,2,5,Skip
6,talk,13,2,13,ESTIMATE Agent[10] VILLAGER
6,talk,14,2,4,Skip
6,talk,15,2,11,VOTE Agent[10]
6,talk,16,2,1,Skip
6,talk,17,2,10,VOTE Agent[04]
6,talk,18,3,11,Skip
6,talk,19,3,1,Skip
6,talk,20,3,4,Over
6,talk,21,3,5,Skip
6,talk,22,3,10,VOTE Agent[04]
6,talk,23,3,13,VOTE Agent[04]
6,talk,24,4,4,Over
6,talk,25,4,13,VOTE Agent[10]
6,talk,26,4,11,VOTE Agent[04]
6,talk,27,4,1,Over
6,talk,28,4,10,VOTE Agent[04]
6,talk,29,4,5,Over
6,talk,30,5,4,Over
6,talk,31,5,13,VOTE Agent[04]
6,talk,32,5,10,VOTE Agent[04]
6,talk,33,5,5,Over
6,talk,34,5,11,Skip
6,talk,35,5,1,Over
6,talk,36,6,1,VOTE Agent[04]
6,talk,37,6,4,Over
6,talk,38,6,5,Over
6,talk,39,6,13,VOTE Agent[05]
6,talk,40,6,10,VOTE Agent[04]
6,talk,41,6,11,Skip
6,talk,42,7,5,VOTE Agent[04]
6,talk,43,7,1,Skip
6,talk,44,7,11,Over
6,talk,45,7,4,VOTE Agent[05]
6,talk,46,7,13,VOTE Agent[10]
6,talk,47,7,10,Skip
6,talk,48,8,10,Skip
6,talk,49,8,1,Skip
6,talk,50,8,5,Skip
6,talk,51,8,11,Over
6,talk,52,8,4,Skip
6,talk,53,8,13,VOTE Agent[05]
6,talk,54,9,11,Over
6,talk,55,9,5,Skip
6,talk,56,9,10,Over
6,talk,57,9,4,Skip
6,talk,58,9,1,Over
6,talk,59,9,13,Over
6,talk,60,10,5,Over
6,talk,61,10,11,Over
6,talk,62,10,4,Over
6,talk,63,10,10,Over
6,talk,64,10,13,Over
6,talk,65,10,1,Over
6,vote,1,4
6,vote,4,5
6,vote,5,4
6,vote,10,4
6,vote,11,4
6,vote,13,5
6,execute,4,VILLAGER
6,attackVote,13,10
6,attack,10,true
7,status,1,VILLAGER,ALIVE,hellowolf
7,status,2,SEER,DEAD,wasabi
7,status,3,VILLAGER,DEAD,hellowolf 2
7,status,4,VILLAGER,DEAD,fanfan 1
7,status,5,MEDIUM,ALIVE,hellowolf 1
7,status,6,POSSESSED,DEAD,fanfan 2
7,status,7,VILLAGER,DEAD,tomato
7,status,8,WEREWOLF,DEAD,takeda 1
7,status,9,VILLAGER,DEAD,takeda 3
7,status,10,VILLAGER,DEAD,takeda 2
7,status,11,VILLAGER,ALIVE,tomato 1
7,status,12,WEREWOLF,DEAD,fanfan
7,status,13,WEREWOLF,ALIVE,wasabi 1
7,status,14,BODYGUARD,DEAD,takeda
7,status,15,VILLAGER,DEAD,HALUemon
7,talk,0,0,13,ESTIMATE Agent[05] WEREWOLF
7,talk,1,0,11,VOTE Agent[05]
7,talk,2,0,5,IDENTIFIED Agent[04] HUMAN
7,talk,3,0,1,VOTE Agent[13]
7,talk,4,1,11,Skip
7,talk,5,1,13,ESTIMATE Agent[01] VILLAGER
7,talk,6,1,5,VOTE Agent[01]
7,talk,7,1,1,Skip
7,talk,8,2,1,Skip
7,talk,9,2,13,ESTIMATE Agent[01] VILLAGER
7,talk,10,2,5,Skip
7,talk,11,2,11,VOTE Agent[01]
7,talk,12,3,1,Over
7,talk,13,3,11,Skip
7,talk,14,3,5,Skip
7,talk,15,3,13,VOTE Agent[01]
7,talk,16,4,5,Over
7,talk,17,4,13,Skip
7,talk,18,4,11,Skip
7,talk,19,4,1,Over
7,talk,20,5,11,Over
7,talk,21,5,1,Over
7,talk,22,5,13,ESTIMATE Agent[05] WEREWOLF
7,talk,23,5,5,Over
7,talk,24,6,5,Over
7,talk,25,6,1,Over
7,talk,26,6,13,ESTIMATE Agent[01] VILLAGER
7,talk,27,6,11,Over
7,talk,28,7,13,Skip
7,talk,29,7,11,Over
7,talk,30,7,1,Over
7,talk,31,7,5,Over
7,talk,32,8,5,Over
7,talk,33,8,13,ESTIMATE Agent[05] MEDIUM
7,talk,34,8,1,Over
7,talk,35,8,11,Over
7,talk,36,9,1,Over
7,talk,37,9,11,Over
7,talk,38,9,5,Over
7,talk,39,9,13,Over
7,vote,1,13
7,vote,5,1
7,vote,11,1
7,vote,13,1
7,execute,1,VILLAGER
7,attackVote,13,11
7,attack,11,true
8,status,1,VILLAGER,DEAD,hellowolf
8,status,2,SEER,DEAD,wasabi
8,status,3,VILLAGER,DEAD,hellowolf 2
8,status,4,VILLAGER,DEAD,fanfan 1
8,status,5,MEDIUM,ALIVE,hellowolf 1
8,status,6,POSSESSED,DEAD,fanfan 2
8,status,7,VILLAGER,DEAD,tomato
8,status,8,WEREWOLF,DEAD,takeda 1
8,status,9,VILLAGER,DEAD,takeda 3
8,status,10,VILLAGER,DEAD,takeda 2
8,status,11,VILLAGER,DEAD,tomato 1
8,status,12,WEREWOLF,DEAD,fanfan
8,status,13,WEREWOLF,ALIVE,wasabi 1
8,status,14,BODYGUARD,DEAD,takeda
8,status,15,VILLAGER,DEAD,HALUemon
8,result,1,1,WEREWOLF
