0,status,1,VILLAGER,ALIVE,hellowolf
0,status,2,SEER,ALIVE,wasabi
0,status,3,VILLAGER,ALIVE,hellowolf 2
0,status,4,BODYGUARD,ALIVE,fanfan 1
0,status,5,VILLAGER,ALIVE,hellowolf 1
0,status,6,VILLAGER,ALIVE,fanfan 2
0,status,7,WEREWOLF,ALIVE,tomato
0,status,8,VILLAGER,ALIVE,takeda 1
0,status,9,VILLAGER,ALIVE,takeda 3
0,status,10,WEREWOLF,ALIVE,takeda 2
0,status,11,VILLAGER,ALIVE,tomato 1
0,status,12,VILLAGER,ALIVE,fanfan
0,status,13,MEDIUM,ALIVE,wasabi 1
0,status,14,POSSESSED,ALIVE,takeda
0,status,15,WEREWOLF,ALIVE,HALUemon
0,whisper,0,0,7,COMINGOUT Agent[07] VILLAGER
0,whisper,1,0,15,COMINGOUT Agent[15] MEDIUM
0,whisper,2,0,10,Skip
0,whisper,3,1,7,Skip
0,whisper,4,1,15,Skip
0,whisper,5,1,10,Skip
0,whisper,6,2,15,Skip
0,whisper,7,2,10,Over
0,whisper,8,2,7,Skip
0,whisper,9,3,15,Over
0,whisper,10,3,10,Over
0,whisper,11,3,7,Over
0,divine,2,9,HUMAN
1,status,1,VILLAGER,ALIVE,hellowolf
1,status,2,SEER,ALIVE,wasabi
1,status,3,VILLAGER,ALIVE,hellowolf 2
1,status,4,BODYGUARD,ALIVE,fanfan 1
1,status,5,VILLAGER,ALIVE,hellowolf 1
1,status,6,VILLAGER,ALIVE,fanfan 2
1,status,7,WEREWOLF,ALIVE,tomato
1,status,8,VILLAGER,ALIVE,takeda 1
1,status,9,VILLAGER,ALIVE,takeda 3
1,status,10,WEREWOLF,ALIVE,takeda 2
1,status,11,VILLAGER,ALIVE,tomato 1
1,status,12,VILLAGER,ALIVE,fanfan
1,status,13,MEDIUM,ALIVE,wasabi 1
1,status,14,POSSESSED,ALIVE,takeda
1,status,15,WEREWOLF,ALIVE,HALUemon
1,talk,0,0,10,COMINGOUT Agent[10] SEER
1,talk,1,0,14,COMINGOUT Agent[14] SEER
1,talk,2,0,1,VOTE Agent[13]
1,talk,3,0,4,VOTE Agent[06]
1,talk,4,0,13,COMINGOUT Agent[13] MEDIUM
1,talk,5,0,9,VOTE Agent[08]
1,talk,6,0,2,COMINGOUT Agent[02] SEER
1,talk,7,0,8,VOTE Agent[06]
1,talk,8,0,15,COMINGOUT Agent[15] MEDIUM
1,talk,9,0,3,VOTE Agent[08]
1,talk,10,0,6,VOTE Agent[03]
1,talk,11,0,7,VOTE Agent[08]
1,talk,12,0,5,VOTE Agent[08]
1,talk,13,0,12,VOTE Agent[13]
1,talk,14,0,11,VOTE Agent[06]
1,talk,15,1,7,VOTE Agent[06]
1,talk,16,1,3,VOTE Agent[06]
1,talk,17,1,8,VOTE Agent[15]
1,talk,18,1,5,VOTE Agent[15]
1,talk,19,1,12,VOTE Agent[15]
1,talk,20,1,13,Skip
1,talk,21,1,14,DIVINED Agent[08] WEREWOLF
1,talk,22,1,11,VOTE Agent[08]
1,talk,23,1,9,VOTE Agent[13]
1,talk,24,1,1,VOTE Agent[06]
1,talk,25,1,6,VOTE Agent[15]
1,talk,26,1,4,VOTE Agent[15]
1,talk,27,1,10,DIVINED Agent[15] HUMAN
1,talk,28,1,15,VOTE Agent[13]
1,talk,29,1,2,DIVINED Agent[09] HUMAN
1,talk,30,2,5,Skip
1,talk,31,2,3,VOTE Agent[15]
1,talk,32,2,14,VOTE Agent[08]
1,talk,33,2,10,VOTE Agent[13]
1,talk,34,2,11,VOTE Agent[06]
1,talk,35,2,2,ESTIMATE Agent[01] VILLAGER
1,talk,36,2,8,Skip
1,talk,37,2,13,ESTIMATE Agent[05] VILLAGER
1,talk,38,2,15,VOTE Agent[13]
1,talk,39,2,7,Skip
1,talk,40,2,6,VOTE Agent[08]
1,talk,41,2,1,VOTE Agent[15]
1,talk,42,2,9,VOTE Agent[15]
1,talk,43,2,4,Skip
1,talk,44,2,12,VOTE Agent[08]
1,talk,45,3,14,Skip
1,talk,46,3,7,VOTE Agent[15]
1,talk,47,3,13,VOTE Agent[15]
1,talk,48,3,8,Skip
1,talk,49,3,15,VOTE Agent[13]
1,talk,50,3,10,Skip
1,talk,51,3,12,Skip
1,talk,52,3,1,Skip
1,talk,53,3,2,VOTE Agent[13]
1,talk,54,3,6,Skip
1,talk,55,3,11,VOTE Agent[15]
1,talk,56,3,3,Skip
1,talk,57,3,5,Skip
1,talk,58,3,4,Skip
1,talk,59,3,9,Skip
1,talk,60,4,15,VOTE Agent[13]
1,talk,61,4,13,ESTIMATE Agent[08] WEREWOLF
1,talk,62,4,7,Skip
1,talk,63,4,14,Skip
1,talk,64,4,11,Skip
1,talk,65,4,9,Skip
1,talk,66,4,12,Skip
1,talk,67,4,3,Skip
1,talk,68,4,10,VOTE Agent[15]
1,talk,69,4,4,Over
1,talk,70,4,5,Over
1,talk,71,4,2,VOTE Agent[15]
1,talk,72,4,1,Skip
1,talk,73,4,8,Over
1,talk,74,4,6,Skip
1,talk,75,5,15,VOTE Agent[13]
1,talk,76,5,6,Over
1,talk,77,5,2,ESTIMATE Agent[01] VILLAGER
1,talk,78,5,11,Skip
1,talk,79,5,1,Over
1,talk,80,5,4,Over
1,talk,81,5,10,Skip
1,talk,82,5,3,Over
1,talk,83,5,5,Over
1,talk,84,5,7,Skip
1,talk,85,5,12,VOTE Agent[15]
1,talk,86,5,9,Over
1,talk,87,5,8,Over
1,talk,88,5,13,Skip
1,talk,89,5,14,Over
1,talk,90,6,15,VOTE Agent[13]
1,talk,91,6,7,Over
1,talk,92,6,13,ESTIMATE Agent[08] WEREWOLF
1,talk,93,6,5,Over
1,talk,94,6,14,Over
1,talk,95,6,9,Over
1,talk,96,6,8,Over
1,talk,97,6,3,Over
1,talk,98,6,6,Over
1,talk,99,6,10,Skip
1,talk,100,6,1,Over
1,talk,101,6,12,Skip
1,talk,102,6,4,Over
1,talk,103,6,11,Over
1,talk,104,6,2,ESTIMATE Agent[10] WEREWOLF
1,talk,105,7,13,ESTIMATE Agent[06] VILLAGER
1,talk,106,7,11,Over
1,talk,107,7,15,VOTE Agent[13]
1,talk,108,7,5,Over
1,talk,109,7,3,Over
1,talk,110,7,14,Over
1,talk,111,7,10,Over
1,talk,112,7,7,Over
1,talk,113,7,2,ESTIMATE Agent[15] WEREWOLF
1,talk,114,7,9,Over
1,talk,115,7,4,Over
1,talk,116,7,12,Skip
1,talk,117,7,8,Over
1,talk,118,7,1,Over
1,talk,119,7,6,Over
1,talk,120,8,1,Over
1,talk,121,8,12,Over
1,talk,122,8,3,Over
1,talk,123,8,14,Over
1,talk,124,8,5,Over
1,talk,125,8,13,Skip
1,talk,126,8,11,Over
1,talk,127,8,2,ESTIMATE Agent[13] WEREWOLF
1,talk,128,8,9,Over
1,talk,129,8,15,VOTE Agent[13]
1,talk,130,8,7,Over
1,talk,131,8,4,Over
1,talk,132,8,6,VOTE Agent[15]
1,talk,133,8,10,Over
1,talk,134,8,8,Over
1,talk,135,9,8,Over
1,talk,136,9,10,Over
1,talk,137,9,6,Skip
1,talk,138,9,7,Over
1,talk,139,9,5,Over
1,talk,140,9,11,Over
1,talk,141,9,2,Over
1,talk,142,9,13,Over
1,talk,143,9,12,Over
1,talk,144,9,14,Over
1,talk,145,9,9,Over
1,talk,146,9,3,Over
1,talk,147,9,1,Over
1,talk,148,9,15,Over
1,talk,149,9,4,Over
1,talk,150,10,13,Over
1,talk,151,10,10,Over
1,talk,152,10,11,Over
1,talk,153,10,12,Over
1,talk,154,10,15,Over
1,talk,155,10,4,Over
1,talk,156,10,9,Over
1,talk,157,10,5,Over
1,talk,158,10,8,Over
1,talk,159,10,1,Over
1,talk,160,10,6,Skip
1,talk,161,10,14,Over
1,talk,162,10,2,Over
1,talk,163,10,7,Over
1,talk,164,10,3,Over
1,talk,165,11,10,Over
1,talk,166,11,6,Over
1,talk,167,11,8,Over
1,talk,168,11,3,Over
1,talk,169,11,2,Over
1,talk,170,11,15,Over
1,talk,171,11,13,Over
1,talk,172,11,7,Over
1,talk,173,11,1,Over
1,talk,174,11,4,Over
1,talk,175,11,5,Over
1,talk,176,11,12,Over
1,talk,177,11,14,Over
1,talk,178,11,9,Over
1,talk,179,11,11,Over
1,vote,1,15
1,vote,2,15
1,vote,3,15
1,vote,4,15
1,vote,5,15
1,vote,6,15
1,vote,7,15
1,vote,8,15
1,vote,9,15
1,vote,10,15
1,vote,11,15
1,vote,12,15
1,vote,13,15
1,vote,14,15
1,vote,15,13
1,execute,15,WEREWOLF
1,divine,2,6,HUMAN
1,whisper,0,0,7,ATTACK Agent[02]
1,whisper,1,0,10,Skip
1,whisper,2,1,10,Skip
1,whisper,3,1,7,Skip
1,whisper,4,2,7,Skip
1,whisper,5,2,10,Over
1,whisper,6,3,10,Over
1,whisper,7,3,7,Over
1,guard,4,14,POSSESSED
1,attackVote,7,2
1,attackVote,10,2
1,attack,2,true
2,status,1,VILLAGER,ALIVE,hellowolf
2,status,2,SEER,DEAD,wasabi
2,status,3,VILLAGER,ALIVE,hellowolf 2
2,status,4,BODYGUARD,ALIVE,fanfan 1
2,status,5,VILLAGER,ALIVE,hellowolf 1
2,status,6,VILLAGER,ALIVE,fanfan 2
2,status,7,WEREWOLF,ALIVE,tomato
2,status,8,VILLAGER,ALIVE,takeda 1
2,status,9,VILLAGER,ALIVE,takeda 3
2,status,10,WEREWOLF,ALIVE,takeda 2
2,status,11,VILLAGER,ALIVE,tomato 1
2,status,12,VILLAGER,ALIVE,fanfan
2,status,13,MEDIUM,ALIVE,wasabi 1
2,status,14,POSSESSED,ALIVE,takeda
2,status,15,WEREWOLF,DEAD,HALUemon
2,talk,0,0,4,VOTE Agent[01]
2,talk,1,0,3,VOTE Agent[10]
2,talk,2,0,6,VOTE Agent[04]
2,talk,3,0,11,VOTE Agent[06]
2,talk,4,0,8,VOTE Agent[10]
2,talk,5,0,10,DIVINED Agent[13] WEREWOLF
2,talk,6,0,5,VOTE Agent[10]
2,talk,7,0,1,VOTE Agent[10]
2,talk,8,0,7,VOTE Agent[01]
2,talk,9,0,14,DIVINED Agent[04] HUMAN
2,talk,10,0,9,VOTE Agent[10]
2,talk,11,0,13,IDENTIFIED Agent[15] WEREWOLF
2,talk,12,0,12,VOTE Agent[04]
2,talk,13,1,8,Skip
2,talk,14,1,1,Skip
2,talk,15,1,5,Skip
2,talk,16,1,9,Skip
2,talk,17,1,10,VOTE Agent[13]
2,talk,18,1,11,VOTE Agent[10]
2,talk,19,1,12,Skip
2,talk,20,1,14,VOTE Agent[08]
2,talk,21,1,4,VOTE Agent[08]
2,talk,22,1,6,VOTE Agent[11]
2,talk,23,1,3,Skip
2,talk,24,1,7,VOTE Agent[10]
2,talk,25,1,13,ESTIMATE Agent[08] WEREWOLF
2,talk,26,2,8,Skip
2,talk,27,2,7,Skip
2,talk,28,2,13,ESTIMATE Agent[08] WEREWOLF
2,talk,29,2,3,Skip
2,talk,30,2,9,Skip
2,talk,31,2,10,VOTE Agent[13]
2,talk,32,2,1,Skip
2,talk,33,2,12,Skip
2,talk,34,2,4,Skip
2,talk,35,2,14,Skip
2,talk,36,2,6,Skip
2,talk,37,2,11,Skip
2,talk,38,2,5,Skip
2,talk,39,3,3,Over
2,talk,40,3,14,Skip
2,talk,41,3,6,Skip
2,talk,42,3,12,Over
2,talk,43,3,4,Skip
2,talk,44,3,13,VOTE Agent[08]
2,talk,45,3,11,Skip
2,talk,46,3,10,VOTE Agent[13]
2,talk,47,3,5,Over
2,talk,48,3,1,Over
2,talk,49,3,7,Skip
2,talk,50,3,9,Over
2,talk,51,3,8,Over
2,talk,52,4,8,Over
2,talk,53,4,13,Skip
2,talk,54,4,1,Over
2,talk,55,4,12,Over
2,talk,56,4,9,Over
2,talk,57,4,7,Over
2,talk,58,4,4,Over
2,talk,59,4,5,Over
2,talk,60,4,6,Over
2,talk,61,4,10,VOTE Agent[13]
2,talk,62,4,14,Over
2,talk,63,4,11,Over
2,talk,64,4,3,Over
2,talk,65,5,3,Over
2,talk,66,5,11,Over
2,talk,67,5,9,Over
2,talk,68,5,1,Over
2,talk,69,5,13,Skip
2,talk,70,5,12,Over
2,talk,71,5,6,Over
2,talk,72,5,10,VOTE Agent[13]
2,talk,73,5,8,Over
2,talk,74,5,4,Over
2,talk,75,5,5,Over
2,talk,76,5,7,Over
2,talk,77,5,14,Over
2,talk,78,6,3,Over
2,talk,79,6,7,Over
2,talk,80,6,1,Over
2,talk,81,6,9,Over
2,talk,82,6,8,Over
2,talk,83,6,6,Over
2,talk,84,6,10,VOTE Agent[13]
2,talk,85,6,4,Over
2,talk,86,6,11,Over
2,talk,87,6,12,Over
2,talk,88,6,14,Over
2,talk,89,6,13,ESTIMATE Agent[09] VILLAGER
2,talk,90,6,5,Over
2,talk,91,7,11,Over
2,talk,92,7,5,Over
2,talk,93,7,4,Over
2,talk,94,7,10,VOTE Agent[13]
2,talk,95,7,13,ESTIMATE Agent[10] WEREWOLF
2,talk,96,7,3,Over
2,talk,97,7,1,Over
2,talk,98,7,14,Over
2,talk,99,7,8,Over
2,talk,100,7,7,Over
2,talk,101,7,9,Over
2,talk,102,7,6,Over
2,talk,103,7,12,Over
2,talk,104,8,13,ESTIMATE Agent[14] WEREWOLF
2,talk,105,8,7,VOTE Agent[13]
2,talk,106,8,3,Over
2,talk,107,8,12,Over
2,talk,108,8,5,Over
2,talk,109,8,10,VOTE Agent[13]
2,talk,110,8,14,Over
2,talk,111,8,1,Over
2,talk,112,8,4,Over
2,talk,113,8,9,Over
2,talk,114,8,8,Over
2,talk,115,8,11,VOTE Agent[13]
2,talk,116,8,6,Over
2,talk,117,9,8,Over
2,talk,118,9,4,Over
2,talk,119,9,9,Over
2,talk,120,9,3,Over
2,talk,121,9,12,Over
2,talk,122,9,5,Over
2,talk,123,9,1,VOTE Agent[13]
2,talk,124,9,14,Over
2,talk,125,9,10,Skip
2,talk,126,9,11,Skip
2,talk,127,9,6,VOTE Agent[04]
2,talk,128,9,7,Skip
2,talk,129,9,13,Over
2,talk,130,10,3,Over
2,talk,131,10,8,Over
2,talk,132,10,13,Over
2,talk,133,10,5,Over
2,talk,134,10,1,Skip
2,talk,135,10,11,Skip
2,talk,136,10,6,Skip
2,talk,137,10,10,Skip
2,talk,138,10,4,Over
2,talk,139,10,9,Over
2,talk,140,10,14,Over
2,talk,141,10,7,Skip
2,talk,142,10,12,VOTE Agent[13]
2,talk,143,11,6,Skip
2,talk,144,11,10,Over
2,talk,145,11,13,Over
2,talk,146,11,14,Over
2,talk,147,11,1,Skip
2,talk,148,11,11,Over
2,talk,149,11,12,Skip
2,talk,150,11,7,Over
2,talk,151,11,3,Over
2,talk,152,11,9,Over
2,talk,153,11,5,VOTE Agent[04]
2,talk,154,11,4,Over
2,talk,155,11,8,Over
2,talk,156,12,12,Skip
2,talk,157,12,6,Over
2,talk,158,12,1,VOTE Agent[10]
2,talk,159,12,9,Over
2,talk,160,12,7,Over
2,talk,161,12,8,Over
2,talk,162,12,3,Over
2,talk,163,12,14,Over
2,talk,164,12,5,Skip
2,talk,165,12,10,Over
2,talk,166,12,4,Over
2,talk,167,12,13,Over
2,talk,168,12,11,Over
2,talk,169,13,1,Skip
2,talk,170,13,14,Over
2,talk,171,13,3,Over
2,talk,172,13,6,Over
2,talk,173,13,5,VOTE Agent[01]
2,talk,174,13,11,Over
2,talk,175,13,7,Over
2,talk,176,13,9,Over
2,talk,177,13,4,Over
2,talk,178,13,10,Over
2,talk,179,13,8,Over
2,talk,180,13,12,Over
2,talk,181,13,13,Over
2,talk,182,14,9,Over
2,talk,183,14,10,Over
2,talk,184,14,6,Over
2,talk,185,14,5,Skip
2,talk,186,14,3,Over
2,talk,187,14,1,Skip
2,talk,188,14,13,Over
2,talk,189,14,12,Over
2,talk,190,14,7,Over
2,talk,191,14,4,Over
2,talk,192,14,14,Over
2,talk,193,14,8,Over
2,talk,194,14,11,Over
2,talk,195,15,13,Over
2,talk,196,15,8,Over
2,talk,197,15,11,Over
2,talk,198,15,12,Over
2,talk,199,15,7,Over
2,talk,200,15,10,Over
2,talk,201,15,1,Over
2,talk,202,15,6,Over
2,talk,203,15,4,Over
2,talk,204,15,5,Skip
2,talk,205,15,9,Over
2,talk,206,15,3,Over
2,talk,207,15,14,Over
2,talk,208,16,8,Over
2,talk,209,16,14,Over
2,talk,210,16,1,Over
2,talk,211,16,9,Over
2,talk,212,16,5,VOTE Agent[10]
2,talk,213,16,11,Over
2,talk,214,16,4,Over
2,talk,215,16,7,Over
2,talk,216,16,13,Over
2,talk,217,16,6,Over
2,talk,218,16,12,Over
2,talk,219,16,10,Over
2,talk,220,16,3,Over
2,talk,221,17,1,Over
2,talk,222,17,10,Over
2,talk,223,17,5,Skip
2,talk,224,17,6,Over
2,talk,225,17,3,Over
2,talk,226,17,11,Over
2,talk,227,17,4,Over
2,talk,228,17,9,Over
2,talk,229,17,14,Over
2,talk,230,17,8,Over
2,talk,231,17,12,VOTE Agent[04]
2,talk,232,17,13,Over
2,talk,233,17,7,Over
2,talk,234,18,8,Over
2,talk,235,18,9,Over
2,talk,236,18,4,Over
2,talk,237,18,1,Over
2,talk,238,18,14,Over
2,talk,239,18,7,Over
2,talk,240,18,5,Skip
2,talk,241,18,12,Skip
2,talk,242,18,6,Over
2,talk,243,18,11,Over
2,talk,244,18,13,Over
2,talk,245,18,10,Over
2,talk,246,18,3,Over
2,talk,247,19,5,Over
2,talk,248,19,3,Over
2,talk,249,19,7,Over
2,talk,250,19,10,Over
2,talk,251,19,1,Over
2,talk,252,19,6,Over
2,talk,253,19,12,Skip
2,talk,254,19,4,Over
2,talk,255,19,13,Over
2,talk,256,19,14,Over
2,talk,257,19,11,Over
2,talk,258,19,9,Over
2,talk,259,19,8,Over
2,vote,1,10
2,vote,3,10
2,vote,4,8
2,vote,5,10
2,vote,6,4
2,vote,7,13
2,vote,8,10
2,vote,9,10
2,vote,10,13
2,vote,11,13
2,vote,12,4
2,vote,13,8
2,vote,14,13
2,execute,10,WEREWOLF
2,guard,4,14,POSSESSED
2,attack,6,true
3,status,1,VILLAGER,ALIVE,hellowolf
3,status,2,SEER,DEAD,wasabi
3,status,3,VILLAGER,ALIVE,hellowolf 2
3,status,4,BODYGUARD,ALIVE,fanfan 1
3,status,5,VILLAGER,ALIVE,hellowolf 1
3,status,6,VILLAGER,DEAD,fanfan 2
3,status,7,WEREWOLF,ALIVE,tomato
3,status,8,VILLAGER,ALIVE,takeda 1
3,status,9,VILLAGER,ALIVE,takeda 3
3,status,10,WEREWOLF,DEAD,takeda 2
3,status,11,VILLAGER,ALIVE,tomato 1
3,status,12,VILLAGER,ALIVE,fanfan
3,status,13,MEDIUM,ALIVE,wasabi 1
3,status,14,POSSESSED,ALIVE,takeda
3,status,15,WEREWOLF,DEAD,HALUemon
3,talk,0,0,4,VOTE Agent[08]
3,talk,1,0,7,VOTE Agent[14]
3,talk,2,0,1,VOTE Agent[04]
3,talk,3,0,9,VOTE Agent[04]
3,talk,4,0,8,VOTE Agent[04]
3,talk,5,0,12,VOTE Agent[04]
3,talk,6,0,11,VOTE Agent[12]
3,talk,7,0,14,DIVINED Agent[09] WEREWOLF
3,talk,8,0,5,VOTE Agent[04]
3,talk,9,0,3,VOTE Agent[04]
3,talk,10,0,13,IDENTIFIED Agent[10] WEREWOLF
3,talk,11,1,8,Skip
3,talk,12,1,4,Skip
3,talk,13,1,3,Skip
3,talk,14,1,11,VOTE Agent[04]
3,talk,15,1,5,Skip
3,talk,16,1,1,Skip
3,talk,17,1,13,ESTIMATE Agent[14] WEREWOLF
3,talk,18,1,9,Skip
3,talk,19,1,14,VOTE Agent[09]
3,talk,20,1,12,Skip
3,talk,21,1,7,VOTE Agent[04]
3,talk,22,2,4,Skip
3,talk,23,2,7,Skip
3,talk,24,2,1,Skip
3,talk,25,2,11,Skip
3,talk,26,2,3,Skip
3,talk,27,2,13,Skip
3,talk,28,2,14,Skip
3,talk,29,2,5,Skip
3,talk,30,2,9,Skip
3,talk,31,2,12,Skip
3,talk,32,2,8,Skip
3,talk,33,3,1,Over
3,talk,34,3,4,Over
3,talk,35,3,5,Over
3,talk,36,3,8,Over
3,talk,37,3,11,Skip
3,talk,38,3,12,Over
3,talk,39,3,9,Over
3,talk,40,3,7,Skip
3,talk,41,3,14,Skip
3,talk,42,3,3,Over
3,talk,43,3,13,VOTE Agent[14]
3,talk,44,4,4,Over
3,talk,45,4,8,Over
3,talk,46,4,7,Over
3,talk,47,4,11,Over
3,talk,48,4,5,Over
3,talk,49,4,9,Over
3,talk,50,4,12,Over
3,talk,51,4,13,Skip
3,talk,52,4,1,Over
3,talk,53,4,14,Over
3,talk,54,4,3,Over
3,talk,55,5,5,Over
3,talk,56,5,4,Over
3,talk,57,5,1,Over
3,talk,58,5,13,ESTIMATE Agent[14] WEREWOLF
3,talk,59,5,12,Over
3,talk,60,5,9,Over
3,talk,61,5,3,Over
3,talk,62,5,8,Over
3,talk,63,5,14,Over
3,talk,64,5,11,Over
3,talk,65,5,7,Over
3,talk,66,6,5,Over
3,talk,67,6,13,Skip
3,talk,68,6,8,Over
3,talk,69,6,11,Over
3,talk,70,6,7,Over
3,talk,71,6,4,Over
3,talk,72,6,12,Over
3,talk,73,6,14,Over
3,talk,74,6,9,Over
3,talk,75,6,1,Over
3,talk,76,6,3,Over
3,talk,77,7,5,Over
3,talk,78,7,4,Over
3,talk,79,7,14,Over
3,talk,80,7,11,Over
3,talk,81,7,12,Over
3,talk,82,7,3,Over
3,talk,83,7,1,Over
3,talk,84,7,8,Over
3,talk,85,7,7,Over
3,talk,86,7,9,Over
3,talk,87,7,13,Skip
3,talk,88,8,9,Over
3,talk,89,8,12,Over
3,talk,90,8,5,Over
3,talk,91,8,8,Over
3,talk,92,8,1,Over
3,talk,93,8,3,Over
3,talk,94,8,4,Over
3,talk,95,8,7,Over
3,talk,96,8,11,Over
3,talk,97,8,13,Over
3,talk,98,8,14,Over
3,vote,1,4
3,vote,3,4
3,vote,4,8
3,vote,5,4
3,vote,7,4
3,vote,8,4
3,vote,9,4
3,vote,11,4
3,vote,12,4
3,vote,13,14
3,vote,14,8
3,execute,4,BODYGUARD
3,attack,3,true
4,status,1,VILLAGER,ALIVE,hellowolf
4,status,2,SEER,DEAD,wasabi
4,status,3,VILLAGER,DEAD,hellowolf 2
4,status,4,BODYGUARD,DEAD,fanfan 1
4,status,5,VILLAGER,ALIVE,hellowolf 1
4,status,6,VILLAGER,DEAD,fanfan 2
4,status,7,WEREWOLF,ALIVE,tomato
4,status,8,VILLAGER,ALIVE,takeda 1
4,status,9,VILLAGER,ALIVE,takeda 3
4,status,10,WEREWOLF,DEAD,takeda 2
4,status,11,VILLAGER,ALIVE,tomato 1
4,status,12,VILLAGER,ALIVE,fanfan
4,status,13,MEDIUM,ALIVE,wasabi 1
4,status,14,POSSESSED,ALIVE,takeda
4,status,15,WEREWOLF,DEAD,HALUemon
4,talk,0,0,9,VOTE Agent[01]
4,talk,1,0,11,VOTE Agent[14]
4,talk,2,0,14,DIVINED Agent[07] WEREWOLF
4,talk,3,0,13,IDENTIFIED Agent[04] HUMAN
4,talk,4,0,8,VOTE Agent[01]
4,talk,5,0,12,VOTE Agent[13]
4,talk,6,0,5,VOTE Agent[14]
4,talk,7,0,1,VOTE Agent[14]
4,talk,8,0,7,VOTE Agent[09]
4,talk,9,1,13,Skip
4,talk,10,1,5,VOTE Agent[08]
4,talk,11,1,11,VOTE Agent[01]
4,talk,12,1,1,VOTE Agent[13]
4,talk,13,1,9,Skip
4,talk,14,1,12,VOTE Agent[08]
4,talk,15,1,7,VOTE Agent[14]
4,talk,16,1,8,Skip
4,talk,17,1,14,VOTE Agent[09]
4,talk,18,2,14,Skip
4,talk,19,2,1,VOTE Agent[08]
4,talk,20,2,12,Skip
4,talk,21,2,11,VOTE Agent[14]
4,talk,22,2,8,Skip
4,talk,23,2,5,Skip
4,talk,24,2,13,ESTIMATE Agent[01] VILLAGER
4,talk,25,2,9,VOTE Agent[08]
4,talk,26,2,7,VOTE Agent[01]
4,talk,27,3,14,Skip
4,talk,28,3,7,VOTE Agent[08]
4,talk,29,3,8,Over
4,talk,30,3,12,Skip
4,talk,31,3,11,VOTE Agent[08]
4,talk,32,3,1,Skip
4,talk,33,3,5,Skip
4,talk,34,3,13,VOTE Agent[14]
4,talk,35,3,9,VOTE Agent[01]
4,talk,36,4,12,Over
4,talk,37,4,11,Skip
4,talk,38,4,9,VOTE Agent[08]
4,talk,39,4,13,ESTIMATE Agent[07] VILLAGER
4,talk,40,4,7,Skip
4,talk,41,4,14,Over
4,talk,42,4,5,Over
4,talk,43,4,8,VOTE Agent[01]
4,talk,44,4,1,Skip
4,talk,45,5,5,Over
4,talk,46,5,14,Over
4,talk,47,5,1,Over
4,talk,48,5,12,Over
4,talk,49,5,13,Skip
4,talk,50,5,8,VOTE Agent[01]
4,talk,51,5,11,Skip
4,talk,52,5,7,Skip
4,talk,53,5,9,Skip
4,talk,54,6,7,VOTE Agent[01]
4,talk,55,6,13,ESTIMATE Agent[05] VILLAGER
4,talk,56,6,5,Over
4,talk,57,6,11,VOTE Agent[01]
4,talk,58,6,8,VOTE Agent[01]
4,talk,59,6,9,Skip
4,talk,60,6,1,Over
4,talk,61,6,12,Over
4,talk,62,6,14,Over
4,talk,63,7,8,Skip
4,talk,64,7,5,Over
4,talk,65,7,9,VOTE Agent[01]
4,talk,66,7,14,Over
4,talk,67,7,12,Over
4,talk,68,7,13,Skip
4,talk,69,7,7,Skip
4,talk,70,7,1,Over
4,talk,71,7,11,Skip
4,talk,72,8,8,Skip
4,talk,73,8,7,Skip
4,talk,74,8,1,Over
4,talk,75,8,11,Skip
4,talk,76,8,14,Over
4,talk,77,8,9,Skip
4,talk,78,8,13,Skip
4,talk,79,8,12,Over
4,talk,80,8,5,Over
4,talk,81,9,5,Over
4,talk,82,9,1,Over
4,talk,83,9,9,Skip
4,talk,84,9,8,Over
4,talk,85,9,11,Over
4,talk,86,9,12,Over
4,talk,87,9,14,Over
4,talk,88,9,7,Over
4,talk,89,9,13,Over
4,talk,90,10,12,Over
4,talk,91,10,13,Over
4,talk,92,10,5,Over
4,talk,93,10,11,Over
4,talk,94,10,1,VOTE Agent[09]
4,talk,95,10,14,Over
4,talk,96,10,8,Over
4,talk,97,10,7,Over
4,talk,98,10,9,Over
4,talk,99,11,12,Over
4,talk,100,11,5,Over
4,talk,101,11,7,Over
4,talk,102,11,1,VOTE Agent[08]
4,talk,103,11,11,Over
4,talk,104,11,8,Over
4,talk,105,11,9,Over
4,talk,106,11,13,Over
4,talk,107,11,14,Over
4,talk,108,12,1,Skip
4,talk,109,12,11,Over
4,talk,110,12,13,Over
4,talk,111,12,14,Over
4,talk,112,12,7,Over
4,talk,113,12,12,Over
4,talk,114,12,5,Over
4,talk,115,12,9,Over
4,talk,116,12,8,Over
4,talk,117,13,5,VOTE Agent[09]
4,talk,118,13,12,Over
4,talk,119,13,7,Over
4,talk,120,13,11,Over
4,talk,121,13,8,Over
4,talk,122,13,14,Over
4,talk,123,13,13,Over
4,talk,124,13,9,Over
4,talk,125,13,1,VOTE Agent[09]
4,talk,126,14,14,Over
4,talk,127,14,9,Over
4,talk,128,14,12,Over
4,talk,129,14,1,Skip
4,talk,130,14,8,Over
4,talk,131,14,13,Over
4,talk,132,14,7,Over
4,talk,133,14,11,Over
4,talk,134,14,5,Skip
4,talk,135,15,8,Over
4,talk,136,15,12,Over
4,talk,137,15,11,Over
4,talk,138,15,14,Over
4,talk,139,15,1,Skip
4,talk,140,15,5,Skip
4,talk,141,15,13,Over
4,talk,142,15,7,Over
4,talk,143,15,9,Over
4,talk,144,16,5,Over
4,talk,145,16,14,Over
4,talk,146,16,12,Over
4,talk,147,16,7,Over
4,talk,148,16,1,Over
4,talk,149,16,11,Over
4,talk,150,16,8,Over
4,talk,151,16,9,Over
4,talk,152,16,13,Over
4,vote,1,9
4,vote,5,9
4,vote,7,1
4,vote,8,1
4,vote,9,1
4,vote,11,1
4,vote,12,8
4,vote,13,14
4,vote,14,9
4,execute,1,VILLAGER
4,attack,5,true
5,status,1,VILLAGER,DEAD,hellowolf
5,status,2,SEER,DEAD,wasabi
5,status,3,VILLAGER,DEAD,hellowolf 2
5,status,4,BODYGUARD,DEAD,fanfan 1
5,status,5,VILLAGER,DEAD,hellowolf 1
5,status,6,VILLAGER,DEAD,fanfan 2
5,status,7,WEREWOLF,ALIVE,tomato
5,status,8,VILLAGER,ALIVE,takeda 1
5,status,9,VILLAGER,ALIVE,takeda 3
5,status,10,WEREWOLF,DEAD,takeda 2
5,status,11,VILLAGER,ALIVE,tomato 1
5,status,12,VILLAGER,ALIVE,fanfan
5,status,13,MEDIUM,ALIVE,wasabi 1
5,status,14,POSSESSED,ALIVE,takeda
5,status,15,WEREWOLF,DEAD,HALUemon
5,talk,0,0,7,VOTE Agent[12]
5,talk,1,0,8,VOTE Agent[11]
5,talk,2,0,9,VOTE Agent[08]
5,talk,3,0,11,VOTE Agent[13]
5,talk,4,0,12,VOTE Agent[13]
5,talk,5,0,13,IDENTIFIED Agent[01] HUMAN
5,talk,6,0,14,DIVINED Agent[12] WEREWOLF
5,talk,7,1,12,Skip
5,talk,8,1,11,VOTE Agent[08]
5,talk,9,1,7,VOTE Agent[13]
5,talk,10,1,9,Skip
5,talk,11,1,13,Skip
5,talk,12,1,14,VOTE Agent[09]
5,talk,13,1,8,Skip
5,talk,14,2,14,VOTE Agent[08]
5,talk,15,2,8,Skip
5,talk,16,2,11,VOTE Agent[13]
5,talk,17,2,12,Skip
5,talk,18,2,7,VOTE Agent[08]
5,talk,19,2,9,Skip
5,talk,20,2,13,ESTIMATE Agent[07] VILLAGER
5,talk,21,3,14,Skip
5,talk,22,3,11,VOTE Agent[08]
5,talk,23,3,12,Over
5,talk,24,3,7,Skip
5,talk,25,3,8,Over
5,talk,26,3,9,Over
5,talk,27,3,13,VOTE Agent[08]
5,talk,28,4,7,Skip
5,talk,29,4,11,Skip
5,talk,30,4,12,Over
5,talk,31,4,13,VOTE Agent[12]
5,talk,32,4,9,Over
5,talk,33,4,14,VOTE Agent[09]
5,talk,34,4,8,VOTE Agent[11]
5,talk,35,5,12,Over
5,talk,36,5,13,VOTE Agent[11]
5,talk,37,5,7,Over
5,talk,38,5,11,Skip
5,talk,39,5,9,Over
5,talk,40,5,14,Skip
5,talk,41,5,8,Skip
5,talk,42,6,12,VOTE Agent[11]
5,talk,43,6,7,Over
5,talk,44,6,14,Skip
5,talk,45,6,8,Skip
5,talk,46,6,13,VOTE Agent[08]
5,talk,47,6,11,Over
5,talk,48,6,9,Over
5,talk,49,7,14,VOTE Agent[08]
5,talk,50,7,7,Over
5,talk,51,7,8,VOTE Agent[11]
5,talk,52,7,11,Over
5,talk,53,7,9,Over
5,talk,54,7,13,Skip
5,talk,55,7,12,VOTE Agent[13]
5,talk,56,8,7,Over
5,talk,57,8,12,Skip
5,talk,58,8,9,Over
5,talk,59,8,14,Skip
5,talk,60,8,8,VOTE Agent[11]
5,talk,61,8,11,Over
5,talk,62,8,13,VOTE Agent[11]
5,talk,63,9,13,Over
5,talk,64,9,7,Over
5,talk,65,9,14,Skip
5,talk,66,9,8,VOTE Agent[11]
5,talk,67,9,11,VOTE Agent[11]
5,talk,68,9,9,Over
5,talk,69,9,12,Skip
5,talk,70,10,13,Over
5,talk,71,10,11,Skip
5,talk,72,10,14,Over
5,talk,73,10,8,Skip
5,talk,74,10,12,VOTE Agent[11]
5,talk,75,10,9,Over
5,talk,76,10,7,VOTE Agent[11]
5,talk,77,11,8,Skip
5,talk,78,11,13,Over
5,talk,79,11,14,Over
5,talk,80,11,11,Skip
5,talk,81,11,12,Skip
5,talk,82,11,9,VOTE Agent[11]
5,talk,83,11,7,Skip
5,talk,84,12,7,Skip
5,talk,85,12,13,Over
5,talk,86,12,9,Skip
5,talk,87,12,14,Over
5,talk,88,12,12,Skip
5,talk,89,12,11,Over
5,talk,90,12,8,Over
5,talk,91,13,8,Over
5,talk,92,13,12,Over
5,talk,93,13,11,Over
5,talk,94,13,14,Over
5,talk,95,13,7,Over
5,talk,96,13,9,Skip
5,talk,97,13,13,Over
5,talk,98,14,8,Over
5,talk,99,14,9,Over
5,talk,100,14,11,Over
5,talk,101,14,13,Over
5,talk,102,14,12,Over
5,talk,103,14,7,Over
5,talk,104,14,14,Over
5,vote,7,11
5,vote,8,11
5,vote,9,11
5,vote,11,14
5,vote,12,11
5,vote,13,11
5,vote,14,11
5,execute,11,VILLAGER
5,attack,13,true
6,status,1,VILLAGER,DEAD,hellowolf
6,status,2,SEER,DEAD,wasabi
6,status,3,VILLAGER,DEAD,hellowolf 2
6,status,4,BODYGUARD,DEAD,fanfan 1
6,status,5,VILLAGER,DEAD,hellowolf 1
6,status,6,VILLAGER,DEAD,fanfan 2
6,status,7,WEREWOLF,ALIVE,tomato
6,status,8,VILLAGER,ALIVE,takeda 1
6,status,9,VILLAGER,ALIVE,takeda 3
6,status,10,WEREWOLF,DEAD,takeda 2
6,status,11,VILLAGER,DEAD,tomato 1
6,status,12,VILLAGER,ALIVE,fanfan
6,status,13,MEDIUM,DEAD,wasabi 1
6,status,14,POSSESSED,ALIVE,takeda
6,status,15,WEREWOLF,DEAD,HALUemon
6,talk,0,0,7,VOTE Agent[08]
6,talk,1,0,12,VOTE Agent[14]
6,talk,2,0,14,DIVINED Agent[01] WEREWOLF
6,talk,3,0,8,VOTE Agent[12]
6,talk,4,0,9,VOTE Agent[08]
6,talk,5,1,14,VOTE Agent[08]
6,talk,6,1,7,Skip
6,talk,7,1,9,Skip
6,talk,8,1,8,Skip
6,talk,9,1,12,VOTE Agent[08]
6,talk,10,2,14,Skip
6,talk,11,2,8,VOTE Agent[12]
6,talk,12,2,7,Skip
6,talk,13,2,12,Skip
6,talk,14,2,9,Skip
6,talk,15,3,12,Skip
6,talk,16,3,8,VOTE Agent[12]
6,talk,17,3,7,Over
6,talk,18,3,14,VOTE Agent[09]
6,talk,19,3,9,Over
6,talk,20,4,8,VOTE Agent[12]
6,talk,21,4,9,Over
6,talk,22,4,7,Over
6,talk,23,4,12,Over
6,talk,24,4,14,Skip
6,talk,25,5,14,Skip
6,talk,26,5,9,Over
6,talk,27,5,8,VOTE Agent[12]
6,talk,28,5,7,Over
6,talk,29,5,12,Over
6,talk,30,6,9,Over
6,talk,31,6,8,VOTE Agent[12]
6,talk,32,6,12,Over
6,talk,33,6,7,Over
6,talk,34,6,14,Over
6,talk,35,7,9,Over
6,talk,36,7,12,Over
6,talk,37,7,8,VOTE Agent[12]
6,talk,38,7,14,Over
6,talk,39,7,7,Over
6,talk,40,8,9,Over
6,talk,41,8,7,Over
6,talk,42,8,14,Over
6,talk,43,8,8,VOTE Agent[12]
6,talk,44,8,12,Over
6,talk,45,9,9,Over
6,talk,46,9,7,Over
6,talk,47,9,14,Over
6,talk,48,9,8,VOTE Agent[12]
6,talk,49,9,12,Over
6,talk,50,10,12,Over
6,talk,51,10,9,Over
6,talk,52,10,14,Over
6,talk,53,10,7,Over
6,talk,54,10,8,VOTE Agent[12]
6,talk,55,11,9,Over
6,talk,56,11,8,Over
6,talk,57,11,14,Over
6,talk,58,11,12,Over
6,talk,59,11,7,Over
6,vote,7,8
6,vote,8,12
6,vote,9,8
6,vote,12,8
6,vote,14,12
6,execute,8,VILLAGER
6,attack,9,true
7,status,1,VILLAGER,DEAD,hellowolf
7,status,2,SEER,DEAD,wasabi
7,status,3,VILLAGER,DEAD,hellowolf 2
7,status,4,BODYGUARD,DEAD,fanfan 1
7,status,5,VILLAGER,DEAD,hellowolf 1
7,status,6,VILLAGER,DEAD,fanfan 2
7,status,7,WEREWOLF,ALIVE,tomato
7,status,8,VILLAGER,DEAD,takeda 1
7,status,9,VILLAGER,DEAD,takeda 3
7,status,10,WEREWOLF,DEAD,takeda 2
7,status,11,VILLAGER,DEAD,tomato 1
7,status,12,VILLAGER,ALIVE,fanfan
7,status,13,MEDIUM,DEAD,wasabi 1
7,status,14,POSSESSED,ALIVE,takeda
7,status,15,WEREWOLF,DEAD,HALUemon
7,talk,0,0,7,VOTE Agent[12]
7,talk,1,0,14,DIVINED Agent[01] WEREWOLF
7,talk,2,0,12,VOTE Agent[14]
7,talk,3,1,14,COMINGOUT Agent[14] WEREWOLF
7,talk,4,1,7,Skip
7,talk,5,1,12,Skip
7,talk,6,2,14,VOTE Agent[12]
7,talk,7,2,7,Skip
7,talk,8,2,12,Skip
7,talk,9,3,7,Over
7,talk,10,3,14,Skip
7,talk,11,3,12,Over
7,talk,12,4,14,Skip
7,talk,13,4,12,Over
7,talk,14,4,7,Over
7,talk,15,5,12,Over
7,talk,16,5,14,Over
7,talk,17,5,7,Over
7,vote,7,12
7,vote,12,14
7,vote,14,7
7,vote,7,12
7,vote,12,14
7,vote,14,7
7,execute,7,WEREWOLF
8,status,1,VILLAGER,DEAD,hellowolf
8,status,2,SEER,DEAD,wasabi
8,status,3,VILLAGER,DEAD,hellowolf 2
8,status,4,BODYGUARD,DEAD,fanfan 1
8,status,5,VILLAGER,DEAD,hellowolf 1
8,status,6,VILLAGER,DEAD,fanfan 2
8,status,7,WEREWOLF,DEAD,tomato
8,status,8,VILLAGER,DEAD,takeda 1
8,status,9,VILLAGER,DEAD,takeda 3
8,status,10,WEREWOLF,DEAD,takeda 2
8,status,11,VILLAGER,DEAD,tomato 1
8,status,12,VILLAGER,ALIVE,fanfan
8,status,13,MEDIUM,DEAD,wasabi 1
8,status,14,POSSESSED,ALIVE,takeda
8,status,15,WEREWOLF,DEAD,HALUemon
8,result,2,0,VILLAGER
