0,status,1,WEREWOLF,ALIVE,hellowolf
0,status,2,VILLAGER,ALIVE,wasabi
0,status,3,POSSESSED,ALIVE,hellowolf 2
0,status,4,VILLAGER,ALIVE,fanfan 1
0,status,5,VILLAGER,ALIVE,hellowolf 1
0,status,6,VILLAGER,ALIVE,fanfan 2
0,status,7,SEER,ALIVE,tomato
0,status,8,MEDIUM,ALIVE,takeda 1
0,status,9,VILLAGER,ALIVE,takeda 3
0,status,10,VILLAGER,ALIVE,takeda 2
0,status,11,VILLAGER,ALIVE,tomato 1
0,status,12,VILLAGER,ALIVE,fanfan
0,status,13,WEREWOLF,ALIVE,wasabi 1
0,status,14,WEREWOLF,ALIVE,takeda
0,status,15,BODYGUARD,ALIVE,HALUemon
0,whisper,0,0,1,COMINGOUT Agent[01] SEER
0,whisper,1,0,14,Skip
0,whisper,2,0,13,ATTACK Agent[09]
0,whisper,3,1,13,VOTE Agent[05]
0,whisper,4,1,14,Skip
0,whisper,5,1,1,Skip
0,whisper,6,2,13,Over
0,whisper,7,2,1,Skip
0,whisper,8,2,14,Over
0,whisper,9,3,14,Over
0,whisper,10,3,1,Over
0,whisper,11,3,13,ATTACK Agent[12]
0,whisper,12,4,13,Over
0,whisper,13,4,14,Over
0,whisper,14,4,1,Over
0,divine,7,8,HUMAN
1,status,1,WEREWOLF,ALIVE,hellowolf
1,status,2,VILLAGER,ALIVE,wasabi
1,status,3,POSSESSED,ALIVE,hellowolf 2
1,status,4,VILLAGER,ALIVE,fanfan 1
1,status,5,VILLAGER,ALIVE,hellowolf 1
1,status,6,VILLAGER,ALIVE,fanfan 2
1,status,7,SEER,ALIVE,tomato
1,status,8,MEDIUM,ALIVE,takeda 1
1,status,9,VILLAGER,ALIVE,takeda 3
1,status,10,VILLAGER,ALIVE,takeda 2
1,status,11,VILLAGER,ALIVE,tomato 1
1,status,12,VILLAGER,ALIVE,fanfan
1,status,13,WEREWOLF,ALIVE,wasabi 1
1,status,14,WEREWOLF,ALIVE,takeda
1,status,15,BODYGUARD,ALIVE,HALUemon
1,talk,0,0,15,VOTE Agent[07]
1,talk,1,0,5,VOTE Agent[08]
1,talk,2,0,11,VOTE Agent[04]
1,talk,3,0,10,VOTE Agent[15]
1,talk,4,0,14,COMINGOUT Agent[14] SEER
1,talk,5,0,7,COMINGOUT Agent[07] SEER
1,talk,6,0,9,VOTE Agent[13]
1,talk,7,0,12,VOTE Agent[08]
1,talk,8,0,8,COMINGOUT Agent[08] MEDIUM
1,talk,9,0,13,ESTIMATE Agent[11] WEREWOLF
1,talk,10,0,4,VOTE Agent[08]
1,talk,11,0,6,VOTE Agent[08]
1,talk,12,0,3,COMINGOUT Agent[03] SEER
1,talk,13,0,1,COMINGOUT Agent[01] SEER
1,talk,14,0,2,ESTIMATE Agent[10] VILLAGER
1,talk,15,1,11,VOTE Agent[08]
1,talk,16,1,14,DIVINED Agent[07] WEREWOLF
1,talk,17,1,1,DIVINED Agent[07] HUMAN
1,talk,18,1,7,DIVINED Agent[08] HUMAN
1,talk,19,1,8,VOTE Agent[07]
1,talk,20,1,2,ESTIMATE Agent[11] VILLAGER
1,talk,21,1,15,VOTE Agent[13]
1,talk,22,1,6,VOTE Agent[07]
1,talk,23,1,9,VOTE Agent[07]
1,talk,24,1,3,DIVINED Agent[10] WEREWOLF
1,talk,25,1,4,VOTE Agent[07]
1,talk,26,1,5,VOTE Agent[07]
1,talk,27,1,13,ESTIMATE Agent[15] VILLAGER
1,talk,28,1,12,VOTE Agent[07]
1,talk,29,1,10,VOTE Agent[01]
1,talk,30,2,11,VOTE Agent[07]
1,talk,31,2,2,Skip
1,talk,32,2,7,VOTE Agent[07]
1,talk,33,2,9,VOTE Agent[01]
1,talk,34,2,1,VOTE Agent[08]
1,talk,35,2,14,VOTE Agent[07]
1,talk,36,2,15,VOTE Agent[01]
1,talk,37,2,10,Skip
1,talk,38,2,12,Skip
1,talk,39,2,4,Skip
1,talk,40,2,6,Skip
1,talk,41,2,3,VOTE Agent[10]
1,talk,42,2,5,Skip
1,talk,43,2,8,VOTE Agent[01]
1,talk,44,2,13,ESTIMATE Agent[07] WEREWOLF
1,talk,45,3,7,Skip
1,talk,46,3,2,VOTE Agent[10]
1,talk,47,3,13,VOTE Agent[10]
1,talk,48,3,5,Skip
1,talk,49,3,9,VOTE Agent[07]
1,talk,50,3,10,VOTE Agent[07]
1,talk,51,3,15,VOTE Agent[01]
1,talk,52,3,3,VOTE Agent[07]
1,talk,53,3,4,Skip
1,talk,54,3,11,Skip
1,talk,55,3,1,VOTE Agent[10]
1,talk,56,3,14,Skip
1,talk,57,3,6,Skip
1,talk,58,3,12,Skip
1,talk,59,3,8,Skip
1,talk,60,4,1,Skip
1,talk,61,4,11,Skip
1,talk,62,4,8,Skip
1,talk,63,4,15,VOTE Agent[01]
1,talk,64,4,13,ESTIMATE Agent[14] WEREWOLF
1,talk,65,4,4,Over
1,talk,66,4,5,Over
1,talk,67,4,7,Skip
1,talk,68,4,14,Skip
1,talk,69,4,10,Skip
1,talk,70,4,9,Skip
1,talk,71,4,6,Over
1,talk,72,4,2,ESTIMATE Agent[12] VILLAGER
1,talk,73,4,12,Over
1,talk,74,4,3,Skip
1,talk,75,5,7,Over
1,talk,76,5,10,Skip
1,talk,77,5,12,Over
1,talk,78,5,5,Over
1,talk,79,5,1,Skip
1,talk,80,5,13,ESTIMATE Agent[07] WEREWOLF
1,talk,81,5,8,Over
1,talk,82,5,3,Skip
1,talk,83,5,6,Over
1,talk,84,5,15,VOTE Agent[01]
1,talk,85,5,11,Over
1,talk,86,5,4,Over
1,talk,87,5,2,ESTIMATE Agent[11] VILLAGER
1,talk,88,5,14,Over
1,talk,89,5,9,Skip
1,talk,90,6,1,Over
1,talk,91,6,11,Over
1,talk,92,6,15,VOTE Agent[01]
1,talk,93,6,3,Over
1,talk,94,6,5,Over
1,talk,95,6,10,Over
1,talk,96,6,2,ESTIMATE Agent[12] VILLAGER
1,talk,97,6,4,Over
1,talk,98,6,9,Over
1,talk,99,6,14,Over
1,talk,100,6,8,Over
1,talk,101,6,7,Over
1,talk,102,6,6,Over
1,talk,103,6,12,Over
1,talk,104,6,13,Skip
1,talk,105,7,4,Over
1,talk,106,7,2,REQUEST ANY (VOTE Agent[10])
1,talk,107,7,6,Over
1,talk,108,7,10,Over
1,talk,109,7,3,Over
1,talk,110,7,13,ESTIMATE Agent[03] WEREWOLF
1,talk,111,7,9,Over
1,talk,112,7,11,Over
1,talk,113,7,15,VOTE Agent[01]
1,talk,114,7,8,Over
1,talk,115,7,7,Over
1,talk,116,7,1,Over
1,talk,117,7,12,Over
1,talk,118,7,14,Over
1,talk,119,7,5,Over
1,talk,120,8,9,Over
1,talk,121,8,10,Over
1,talk,122,8,12,Over
1,talk,123,8,5,Over
1,talk,124,8,3,Over
1,talk,125,8,15,VOTE Agent[01]
1,talk,126,8,7,Over
1,talk,127,8,2,Skip
1,talk,128,8,14,Over
1,talk,129,8,11,Over
1,talk,130,8,4,Over
1,talk,131,8,6,Over
1,talk,132,8,1,Over
1,talk,133,8,13,ESTIMATE Agent[01] WEREWOLF
1,talk,134,8,8,Over
1,talk,135,9,2,Over
1,talk,136,9,14,Over
1,talk,137,9,12,Over
1,talk,138,9,9,Over
1,talk,139,9,4,Over
1,talk,140,9,3,Over
1,talk,141,9,11,Over
1,talk,142,9,13,Over
1,talk,143,9,10,Over
1,talk,144,9,1,Over
1,talk,145,9,8,Over
1,talk,146,9,5,Over
1,talk,147,9,6,Over
1,talk,148,9,15,Over
1,talk,149,9,7,Over
1,vote,1,10
1,vote,2,10
1,vote,3,7
1,vote,4,7
1,vote,5,7
1,vote,6,7
1,vote,7,1
1,vote,8,1
1,vote,9,7
1,vote,10,7
1,vote,11,7
1,vote,12,7
1,vote,13,10
1,vote,14,7
1,vote,15,1
1,execute,7,SEER
1,whisper,0,0,13,ATTACK Agent[11]
1,whisper,1,0,14,Skip
1,whisper,2,0,1,ESTIMATE Agent[03] POSSESSED
1,whisper,3,1,14,Skip
1,whisper,4,1,13,VOTE Agent[10]
1,whisper,5,1,1,ATTACK Agent[12]
1,whisper,6,2,1,Skip
1,whisper,7,2,14,Over
1,whisper,8,2,13,REQUEST ANY (ATTACK Agent[11])
1,whisper,9,3,1,Skip
1,whisper,10,3,14,Over
1,whisper,11,3,13,Over
1,whisper,12,4,14,Over
1,whisper,13,4,1,Over
1,whisper,14,4,13,Over
1,guard,15,8,MEDIUM
1,attackVote,1,12
1,attackVote,13,11
1,attackVote,14,8
1,attackVote,1,12
1,attackVote,13,12
1,attackVote,14,8
1,attack,12,true
2,status,1,WEREWOLF,ALIVE,hellowolf
2,status,2,VILLAGER,ALIVE,wasabi
2,status,3,POSSESSED,ALIVE,hellowolf 2
2,status,4,VILLAGER,ALIVE,fanfan 1
2,status,5,VILLAGER,ALIVE,hellowolf 1
2,status,6,VILLAGER,ALIVE,fanfan 2
2,status,7,SEER,DEAD,tomato
2,status,8,MEDIUM,ALIVE,takeda 1
2,status,9,VILLAGER,ALIVE,takeda 3
2,status,10,VILLAGER,ALIVE,takeda 2
2,status,11,VILLAGER,ALIVE,tomato 1
2,status,12,VILLAGER,DEAD,fanfan
2,status,13,WEREWOLF,ALIVE,wasabi 1
2,status,14,WEREWOLF,ALIVE,takeda
2,status,15,BODYGUARD,ALIVE,HALUemon
2,talk,0,0,11,VOTE Agent[13]
2,talk,1,0,4,VOTE Agent[10]
2,talk,2,0,15,VOTE Agent[14]
2,talk,3,0,1,DIVINED Agent[03] HUMAN
2,talk,4,0,3,DIVINED Agent[08] WEREWOLF
2,talk,5,0,10,VOTE Agent[01]
2,talk,6,0,8,IDENTIFIED Agent[07] HUMAN
2,talk,7,0,5,VOTE Agent[10]
2,talk,8,0,9,VOTE Agent[01]
2,talk,9,0,6,VOTE Agent[10]
2,talk,10,0,13,ESTIMATE Agent[10] WEREWOLF
2,talk,11,0,14,DIVINED Agent[01] HUMAN
2,talk,12,0,2,ESTIMATE Agent[13] VILLAGER
2,talk,13,1,1,VOTE Agent[10]
2,talk,14,1,13,ESTIMATE Agent[14] WEREWOLF
2,talk,15,1,6,VOTE Agent[01]
2,talk,16,1,5,VOTE Agent[01]
2,talk,17,1,15,VOTE Agent[01]
2,talk,18,1,8,Skip
2,talk,19,1,2,ESTIMATE Agent[11] VILLAGER
2,talk,20,1,3,VOTE Agent[08]
2,talk,21,1,9,Skip
2,talk,22,1,10,Skip
2,talk,23,1,11,VOTE Agent[10]
2,talk,24,1,4,VOTE Agent[01]
2,talk,25,1,14,VOTE Agent[03]
2,talk,26,2,15,VOTE Agent[03]
2,talk,27,2,13,ESTIMATE Agent[05] VILLAGER
2,talk,28,2,6,Skip
2,talk,29,2,8,Skip
2,talk,30,2,10,Skip
2,talk,31,2,11,VOTE Agent[01]
2,talk,32,2,14,Skip
2,talk,33,2,2,ESTIMATE Agent[14] WEREWOLF
2,talk,34,2,4,Skip
2,talk,35,2,3,VOTE Agent[01]
2,talk,36,2,9,Skip
2,talk,37,2,5,Skip
2,talk,38,2,1,Skip
2,talk,39,3,14,VOTE Agent[01]
2,talk,40,3,2,VOTE Agent[14]
2,talk,41,3,13,VOTE Agent[01]
2,talk,42,3,9,Over
2,talk,43,3,10,Over
2,talk,44,3,4,Skip
2,talk,45,3,1,Skip
2,talk,46,3,15,VOTE Agent[03]
2,talk,47,3,6,Skip
2,talk,48,3,5,Skip
2,talk,49,3,11,Skip
2,talk,50,3,3,Skip
2,talk,51,3,8,Over
2,talk,52,4,14,Skip
2,talk,53,4,8,Over
2,talk,54,4,4,Over
2,talk,55,4,15,VOTE Agent[14]
2,talk,56,4,3,Skip
2,talk,57,4,2,ESTIMATE Agent[09] VILLAGER
2,talk,58,4,10,Over
2,talk,59,4,9,Over
2,talk,60,4,6,Over
2,talk,61,4,1,Over
2,talk,62,4,11,Skip
2,talk,63,4,13,VOTE Agent[10]
2,talk,64,4,5,Over
2,talk,65,5,1,Over
2,talk,66,5,10,Over
2,talk,67,5,8,Over
2,talk,68,5,13,VOTE Agent[14]
2,talk,69,5,2,ESTIMATE Agent[04] VILLAGER
2,talk,70,5,5,Over
2,talk,71,5,14,Skip
2,talk,72,5,4,Over
2,talk,73,5,3,Over
2,talk,74,5,11,Over
2,talk,75,5,6,Over
2,talk,76,5,15,VOTE Agent[14]
2,talk,77,5,9,Over
2,talk,78,6,5,Over
2,talk,79,6,3,Over
2,talk,80,6,13,ESTIMATE Agent[15] VILLAGER
2,talk,81,6,9,Over
2,talk,82,6,2,ESTIMATE Agent[14] WEREWOLF
2,talk,83,6,11,Over
2,talk,84,6,15,VOTE Agent[14]
2,talk,85,6,4,Over
2,talk,86,6,10,Over
2,talk,87,6,8,Over
2,talk,88,6,1,Over
2,talk,89,6,6,Over
2,talk,90,6,14,Over
2,talk,91,7,11,Over
2,talk,92,7,5,Over
2,talk,93,7,2,ESTIMATE Agent[01] WEREWOLF
2,talk,94,7,3,Over
2,talk,95,7,9,Over
2,talk,96,7,1,Over
2,talk,97,7,4,Over
2,talk,98,7,10,Over
2,talk,99,7,6,Over
2,talk,100,7,15,VOTE Agent[14]
2,talk,101,7,8,Over
2,talk,102,7,13,VOTE Agent[08]
2,talk,103,7,14,Over
2,talk,104,8,10,Over
2,talk,105,8,15,VOTE Agent[14]
2,talk,106,8,4,Over
2,talk,107,8,13,ESTIMATE Agent[14] WEREWOLF
2,talk,108,8,1,Over
2,talk,109,8,14,Over
2,talk,110,8,8,Over
2,talk,111,8,11,Over
2,talk,112,8,9,Over
2,talk,113,8,2,VOTE Agent[01]
2,talk,114,8,5,Over
2,talk,115,8,6,Over
2,talk,116,8,3,Over
2,talk,117,9,4,Over
2,talk,118,9,15,Over
2,talk,119,9,5,Over
2,talk,120,9,11,Over
2,talk,121,9,2,Over
2,talk,122,9,10,Over
2,talk,123,9,13,Over
2,talk,124,9,14,Over
2,talk,125,9,6,Over
2,talk,126,9,9,Over
2,talk,127,9,8,Over
2,talk,128,9,1,Over
2,talk,129,9,3,Over
2,vote,1,10
2,vote,2,1
2,vote,3,1
2,vote,4,1
2,vote,5,1
2,vote,6,1
2,vote,8,1
2,vote,9,1
2,vote,10,1
2,vote,11,1
2,vote,13,8
2,vote,14,1
2,vote,15,1
2,execute,1,WEREWOLF
2,whisper,0,0,13,ATTACK Agent[06]
2,whisper,1,0,14,Skip
2,whisper,2,1,14,Skip
2,whisper,3,1,13,VOTE Agent[14]
2,whisper,4,2,13,Over
2,whisper,5,2,14,Over
2,guard,15,8,MEDIUM
2,attackVote,13,6
2,attackVote,14,8
2,attackVote,13,2
2,attackVote,14,8
2,attack,8,false
3,status,1,WEREWOLF,DEAD,hellowolf
3,status,2,VILLAGER,ALIVE,wasabi
3,status,3,POSSESSED,ALIVE,hellowolf 2
3,status,4,VILLAGER,ALIVE,fanfan 1
3,status,5,VILLAGER,ALIVE,hellowolf 1
3,status,6,VILLAGER,ALIVE,fanfan 2
3,status,7,SEER,DEAD,tomato
3,status,8,MEDIUM,ALIVE,takeda 1
3,status,9,VILLAGER,ALIVE,takeda 3
3,status,10,VILLAGER,ALIVE,takeda 2
3,status,11,VILLAGER,ALIVE,tomato 1
3,status,12,VILLAGER,DEAD,fanfan
3,status,13,WEREWOLF,ALIVE,wasabi 1
3,status,14,WEREWOLF,ALIVE,takeda
3,status,15,BODYGUARD,ALIVE,HALUemon
3,talk,0,0,5,VOTE Agent[14]
3,talk,1,0,11,VOTE Agent[06]
3,talk,2,0,4,VOTE Agent[02]
3,talk,3,0,10,VOTE Agent[03]
3,talk,4,0,9,VOTE Agent[03]
3,talk,5,0,3,DIVINED Agent[14] WEREWOLF
3,talk,6,0,2,ESTIMATE Agent[15] VILLAGER
3,talk,7,0,8,IDENTIFIED Agent[01] WEREWOLF
3,talk,8,0,6,VOTE Agent[10]
3,talk,9,0,15,VOTE Agent[03]
3,talk,10,0,14,DIVINED Agent[03] WEREWOLF
3,talk,11,0,13,ESTIMATE Agent[03] WEREWOLF
3,talk,12,1,14,VOTE Agent[03]
3,talk,13,1,9,Skip
3,talk,14,1,13,ESTIMATE Agent[14] WEREWOLF
3,talk,15,1,15,VOTE Agent[14]
3,talk,16,1,11,VOTE Agent[03]
3,talk,17,1,6,Skip
3,talk,18,1,4,VOTE Agent[10]
3,talk,19,1,5,Skip
3,talk,20,1,2,Skip
3,talk,21,1,3,VOTE Agent[10]
3,talk,22,1,8,VOTE Agent[03]
3,talk,23,1,10,Skip
3,talk,24,2,15,VOTE Agent[14]
3,talk,25,2,6,Skip
3,talk,26,2,5,Skip
3,talk,27,2,8,Skip
3,talk,28,2,10,Skip
3,talk,29,2,9,Skip
3,talk,30,2,2,Skip
3,talk,31,2,3,Skip
3,talk,32,2,4,Skip
3,talk,33,2,11,Skip
3,talk,34,2,14,Skip
3,talk,35,2,13,ESTIMATE Agent[14] WEREWOLF
3,talk,36,3,5,Over
3,talk,37,3,3,Skip
3,talk,38,3,9,Over
3,talk,39,3,14,Skip
3,talk,40,3,6,Over
3,talk,41,3,4,Skip
3,talk,42,3,15,VOTE Agent[14]
3,talk,43,3,10,Over
3,talk,44,3,11,Skip
3,talk,45,3,2,VOTE Agent[14]
3,talk,46,3,13,VOTE Agent[08]
3,talk,47,3,8,Skip
3,talk,48,4,5,Over
3,talk,49,4,9,Over
3,talk,50,4,15,VOTE Agent[14]
3,talk,51,4,2,Skip
3,talk,52,4,3,VOTE Agent[14]
3,talk,53,4,13,ESTIMATE Agent[14] WEREWOLF
3,talk,54,4,8,Over
3,talk,55,4,6,Over
3,talk,56,4,10,Over
3,talk,57,4,14,Over
3,talk,58,4,4,Over
3,talk,59,4,11,Over
3,talk,60,5,14,Over
3,talk,61,5,6,Over
3,talk,62,5,4,Over
3,talk,63,5,11,VOTE Agent[14]
3,talk,64,5,8,Over
3,talk,65,5,13,Skip
3,talk,66,5,15,VOTE Agent[14]
3,talk,67,5,10,Over
3,talk,68,5,3,Skip
3,talk,69,5,2,ESTIMATE Agent[10] VILLAGER
3,talk,70,5,9,Over
3,talk,71,5,5,Over
3,talk,72,6,10,VOTE Agent[14]
3,talk,73,6,4,Over
3,talk,74,6,11,Skip
3,talk,75,6,14,VOTE Agent[03]
3,talk,76,6,5,Over
3,talk,77,6,15,VOTE Agent[14]
3,talk,78,6,8,Over
3,talk,79,6,9,VOTE Agent[14]
3,talk,80,6,3,Skip
3,talk,81,6,2,ESTIMATE Agent[03] WEREWOLF
3,talk,82,6,6,Over
3,talk,83,6,13,Skip
3,talk,84,7,4,Over
3,talk,85,7,9,Skip
3,talk,86,7,15,VOTE Agent[03]
3,talk,87,7,2,ESTIMATE Agent[11] VILLAGER
3,talk,88,7,3,Over
3,talk,89,7,6,Over
3,talk,90,7,5,Over
3,talk,91,7,11,Skip
3,talk,92,7,13,ESTIMATE Agent[14] WEREWOLF
3,talk,93,7,8,Over
3,talk,94,7,14,VOTE Agent[03]
3,talk,95,7,10,Skip
3,talk,96,8,2,Skip
3,talk,97,8,15,VOTE Agent[03]
3,talk,98,8,11,Over
3,talk,99,8,8,Over
3,talk,100,8,9,Skip
3,talk,101,8,4,Over
3,talk,102,8,13,ESTIMATE Agent[14] WEREWOLF
3,talk,103,8,14,VOTE Agent[03]
3,talk,104,8,3,Over
3,talk,105,8,10,Skip
3,talk,106,8,6,Over
3,talk,107,8,5,Over
3,talk,108,9,2,Over
3,talk,109,9,14,VOTE Agent[03]
3,talk,110,9,5,Over
3,talk,111,9,15,Over
3,talk,112,9,6,Over
3,talk,113,9,13,Over
3,talk,114,9,10,Over
3,talk,115,9,4,Over
3,talk,116,9,3,Over
3,talk,117,9,8,Over
3,talk,118,9,11,Over
3,talk,119,9,9,Over
3,talk,120,10,9,Over
3,talk,121,10,2,Over
3,talk,122,10,6,Over
3,talk,123,10,14,VOTE Agent[03]
3,talk,124,10,3,Over
3,talk,125,10,11,VOTE Agent[03]
3,talk,126,10,4,Over
3,talk,127,10,8,Over
3,talk,128,10,10,Over
3,talk,129,10,5,Over
3,talk,130,10,13,Over
3,talk,131,10,15,Over
3,talk,132,11,13,Over
3,talk,133,11,9,VOTE Agent[03]
3,talk,134,11,8,Over
3,talk,135,11,14,Skip
3,talk,136,11,11,Skip
3,talk,137,11,2,Over
3,talk,138,11,6,Over
3,talk,139,11,10,VOTE Agent[03]
3,talk,140,11,4,Over
3,talk,141,11,15,Over
3,talk,142,11,5,Over
3,talk,143,11,3,Over
3,talk,144,12,3,Over
3,talk,145,12,9,Skip
3,talk,146,12,10,Skip
3,talk,147,12,15,Over
3,talk,148,12,8,Over
3,talk,149,12,11,Skip
3,talk,150,12,14,Skip
3,talk,151,12,2,Over
3,talk,152,12,13,Over
3,talk,153,12,4,Over
3,talk,154,12,5,Over
3,talk,155,12,6,Over
3,talk,156,13,5,Over
3,talk,157,13,14,Over
3,talk,158,13,2,Over
3,talk,159,13,6,Over
3,talk,160,13,9,Skip
3,talk,161,13,15,Over
3,talk,162,13,11,Over
3,talk,163,13,4,Over
3,talk,164,13,8,Over
3,talk,165,13,13,Over
3,talk,166,13,3,Over
3,talk,167,13,10,Skip
3,talk,168,14,2,Over
3,talk,169,14,6,Over
3,talk,170,14,3,Over
3,talk,171,14,10,Over
3,talk,172,14,4,Over
3,talk,173,14,11,Over
3,talk,174,14,8,Over
3,talk,175,14,9,Over
3,talk,176,14,5,Over
3,talk,177,14,14,Over
3,talk,178,14,15,Over
3,talk,179,14,13,Over
3,vote,2,14
3,vote,3,14
3,vote,4,10
3,vote,5,14
3,vote,6,10
3,vote,8,3
3,vote,9,3
3,vote,10,3
3,vote,11,3
3,vote,13,8
3,vote,14,3
3,vote,15,14
3,execute,3,POSSESSED
3,whisper,0,0,14,Skip
3,whisper,1,0,13,ATTACK Agent[15]
3,whisper,2,1,14,Skip
3,whisper,3,1,13,ATTACK Agent[06]
3,whisper,4,2,13,VOTE Agent[10]
3,whisper,5,2,14,Over
3,whisper,6,3,13,Over
3,whisper,7,3,14,Over
3,guard,15,8,MEDIUM
3,attackVote,13,6
3,attackVote,14,8
3,attackVote,13,5
3,attackVote,14,8
3,attack,8,false
4,status,1,WEREWOLF,DEAD,hellowolf
4,status,2,VILLAGER,ALIVE,wasabi
4,status,3,POSSESSED,DEAD,hellowolf 2
4,status,4,VILLAGER,ALIVE,fanfan 1
4,status,5,VILLAGER,ALIVE,hellowolf 1
4,status,6,VILLAGER,ALIVE,fanfan 2
4,status,7,SEER,DEAD,tomato
4,status,8,MEDIUM,ALIVE,takeda 1
4,status,9,VILLAGER,ALIVE,takeda 3
4,status,10,VILLAGER,ALIVE,takeda 2
4,status,11,VILLAGER,ALIVE,tomato 1
4,status,12,VILLAGER,DEAD,fanfan
4,status,13,WEREWOLF,ALIVE,wasabi 1
4,status,14,WEREWOLF,ALIVE,takeda
4,status,15,BODYGUARD,ALIVE,HALUemon
4,talk,0,0,2,ESTIMATE Agent[09] VILLAGER
4,talk,1,0,8,IDENTIFIED Agent[03] HUMAN
4,talk,2,0,6,VOTE Agent[10]
4,talk,3,0,9,VOTE Agent[02]
4,talk,4,0,11,VOTE Agent[04]
4,talk,5,0,14,DIVINED Agent[02] WEREWOLF
4,talk,6,0,15,VOTE Agent[14]
4,talk,7,0,10,VOTE Agent[02]
4,talk,8,0,5,VOTE Agent[14]
4,talk,9,0,4,VOTE Agent[10]
4,talk,10,0,13,ESTIMATE Agent[05] VILLAGER
4,talk,11,1,2,ESTIMATE Agent[09] VILLAGER
4,talk,12,1,13,ESTIMATE Agent[14] WEREWOLF
4,talk,13,1,11,VOTE Agent[02]
4,talk,14,1,8,VOTE Agent[14]
4,talk,15,1,6,Skip
4,talk,16,1,5,Skip
4,talk,17,1,4,VOTE Agent[02]
4,talk,18,1,14,VOTE Agent[02]
4,talk,19,1,15,VOTE Agent[14]
4,talk,20,1,10,VOTE Agent[14]
4,talk,21,1,9,VOTE Agent[14]
4,talk,22,2,8,Skip
4,talk,23,2,11,VOTE Agent[14]
4,talk,24,2,15,VOTE Agent[14]
4,talk,25,2,4,Skip
4,talk,26,2,6,Skip
4,talk,27,2,10,Skip
4,talk,28,2,13,ESTIMATE Agent[05] VILLAGER
4,talk,29,2,9,Skip
4,talk,30,2,14,VOTE Agent[02]
4,talk,31,2,5,Skip
4,talk,32,2,2,ESTIMATE Agent[04] VILLAGER
4,talk,33,3,8,Skip
4,talk,34,3,9,Skip
4,talk,35,3,14,VOTE Agent[02]
4,talk,36,3,15,VOTE Agent[14]
4,talk,37,3,11,Skip
4,talk,38,3,10,Skip
4,talk,39,3,6,Over
4,talk,40,3,5,Over
4,talk,41,3,2,VOTE Agent[14]
4,talk,42,3,4,Skip
4,talk,43,3,13,VOTE Agent[10]
4,talk,44,4,6,Over
4,talk,45,4,15,VOTE Agent[14]
4,talk,46,4,8,Over
4,talk,47,4,11,Skip
4,talk,48,4,4,Over
4,talk,49,4,9,Over
4,talk,50,4,14,VOTE Agent[02]
4,talk,51,4,10,Over
4,talk,52,4,13,Skip
4,talk,53,4,2,ESTIMATE Agent[08] WEREWOLF
4,talk,54,4,5,Over
4,talk,55,5,11,Over
4,talk,56,5,13,ESTIMATE Agent[10] WEREWOLF
4,talk,57,5,8,Over
4,talk,58,5,2,ESTIMATE Agent[14] WEREWOLF
4,talk,59,5,4,VOTE Agent[10]
4,talk,60,5,10,Over
4,talk,61,5,15,VOTE Agent[14]
4,talk,62,5,9,Over
4,talk,63,5,14,VOTE Agent[02]
4,talk,64,5,5,Over
4,talk,65,5,6,Over
4,talk,66,6,5,Over
4,talk,67,6,15,VOTE Agent[14]
4,talk,68,6,10,Over
4,talk,69,6,8,Over
4,talk,70,6,13,ESTIMATE Agent[14] WEREWOLF
4,talk,71,6,14,VOTE Agent[02]
4,talk,72,6,4,Skip
4,talk,73,6,11,Over
4,talk,74,6,2,Skip
4,talk,75,6,9,Over
4,talk,76,6,6,Over
4,talk,77,7,8,Over
4,talk,78,7,15,VOTE Agent[14]
4,talk,79,7,5,Over
4,talk,80,7,4,Skip
4,talk,81,7,10,Over
4,talk,82,7,2,Skip
4,talk,83,7,13,ESTIMATE Agent[14] WEREWOLF
4,talk,84,7,9,Over
4,talk,85,7,11,Over
4,talk,86,7,14,VOTE Agent[02]
4,talk,87,7,6,Over
4,talk,88,8,4,Over
4,talk,89,8,14,VOTE Agent[02]
4,talk,90,8,2,ESTIMATE Agent[11] VILLAGER
4,talk,91,8,15,VOTE Agent[14]
4,talk,92,8,9,Over
4,talk,93,8,6,Over
4,talk,94,8,10,Over
4,talk,95,8,13,ESTIMATE Agent[05] VILLAGER
4,talk,96,8,8,Over
4,talk,97,8,11,Over
4,talk,98,8,5,Over
4,talk,99,9,15,Over
4,talk,100,9,14,VOTE Agent[02]
4,talk,101,9,2,Over
4,talk,102,9,8,Over
4,talk,103,9,4,Over
4,talk,104,9,11,Over
4,talk,105,9,6,Over
4,talk,106,9,10,Over
4,talk,107,9,13,Over
4,talk,108,9,9,Over
4,talk,109,9,5,Over
4,talk,110,10,8,Over
4,talk,111,10,4,Over
4,talk,112,10,10,Over
4,talk,113,10,14,Over
4,talk,114,10,5,Over
4,talk,115,10,13,Over
4,talk,116,10,6,Over
4,talk,117,10,2,Over
4,talk,118,10,15,Over
4,talk,119,10,9,Over
4,talk,120,10,11,Over
4,vote,2,14
4,vote,4,10
4,vote,5,14
4,vote,6,10
4,vote,8,14
4,vote,9,14
4,vote,10,14
4,vote,11,14
4,vote,13,10
4,vote,14,2
4,vote,15,14
4,execute,14,WEREWOLF
4,guard,15,8,MEDIUM
4,attackVote,13,6
4,attack,6,true
5,status,1,WEREWOLF,DEAD,hellowolf
5,status,2,VILLAGER,ALIVE,wasabi
5,status,3,POSSESSED,DEAD,hellowolf 2
5,status,4,VILLAGER,ALIVE,fanfan 1
5,status,5,VILLAGER,ALIVE,hellowolf 1
5,status,6,VILLAGER,DEAD,fanfan 2
5,status,7,SEER,DEAD,tomato
5,status,8,MEDIUM,ALIVE,takeda 1
5,status,9,VILLAGER,ALIVE,takeda 3
5,status,10,VILLAGER,ALIVE,takeda 2
5,status,11,VILLAGER,ALIVE,tomato 1
5,status,12,VILLAGER,DEAD,fanfan
5,status,13,WEREWOLF,ALIVE,wasabi 1
5,status,14,WEREWOLF,DEAD,takeda
5,status,15,BODYGUARD,ALIVE,HALUemon
5,talk,0,0,15,VOTE Agent[13]
5,talk,1,0,9,VOTE Agent[10]
5,talk,2,0,4,VOTE Agent[02]
5,talk,3,0,8,IDENTIFIED Agent[14] WEREWOLF
5,talk,4,0,13,ESTIMATE Agent[08] WEREWOLF
5,talk,5,0,5,VOTE Agent[10]
5,talk,6,0,11,VOTE Agent[15]
5,talk,7,0,2,Skip
5,talk,8,0,10,VOTE Agent[02]
5,talk,9,1,9,Skip
5,talk,10,1,5,Skip
5,talk,11,1,13,ESTIMATE Agent[08] WEREWOLF
5,talk,12,1,11,VOTE Agent[02]
5,talk,13,1,4,Skip
5,talk,14,1,15,VOTE Agent[02]
5,talk,15,1,8,VOTE Agent[10]
5,talk,16,1,2,Skip
5,talk,17,1,10,Skip
5,talk,18,2,4,Skip
5,talk,19,2,10,Skip
5,talk,20,2,8,VOTE Agent[02]
5,talk,21,2,13,ESTIMATE Agent[08] WEREWOLF
5,talk,22,2,9,VOTE Agent[02]
5,talk,23,2,15,VOTE Agent[02]
5,talk,24,2,11,Skip
5,talk,25,2,5,VOTE Agent[02]
5,talk,26,2,2,ESTIMATE Agent[11] VILLAGER
5,talk,27,3,10,Over
5,talk,28,3,2,VOTE Agent[09]
5,talk,29,3,15,VOTE Agent[02]
5,talk,30,3,4,Over
5,talk,31,3,11,Skip
5,talk,32,3,5,Skip
5,talk,33,3,8,Skip
5,talk,34,3,13,VOTE Agent[15]
5,talk,35,3,9,Skip
5,talk,36,4,11,Over
5,talk,37,4,13,ESTIMATE Agent[08] WEREWOLF
5,talk,38,4,8,Skip
5,talk,39,4,4,Over
5,talk,40,4,2,VOTE Agent[10]
5,talk,41,4,15,VOTE Agent[09]
5,talk,42,4,9,Skip
5,talk,43,4,10,Over
5,talk,44,4,5,Skip
5,talk,45,5,8,Over
5,talk,46,5,2,Skip
5,talk,47,5,15,VOTE Agent[10]
5,talk,48,5,10,Over
5,talk,49,5,4,Over
5,talk,50,5,13,ESTIMATE Agent[05] VILLAGER
5,talk,51,5,5,Over
5,talk,52,5,11,Over
5,talk,53,5,9,Over
5,talk,54,6,13,Skip
5,talk,55,6,9,Over
5,talk,56,6,11,Over
5,talk,57,6,5,Over
5,talk,58,6,4,Over
5,talk,59,6,10,Over
5,talk,60,6,2,VOTE Agent[04]
5,talk,61,6,8,Over
5,talk,62,6,15,VOTE Agent[10]
5,talk,63,7,4,Over
5,talk,64,7,2,Skip
5,talk,65,7,9,Over
5,talk,66,7,11,Over
5,talk,67,7,15,VOTE Agent[04]
5,talk,68,7,10,Over
5,talk,69,7,13,ESTIMATE Agent[08] WEREWOLF
5,talk,70,7,5,Over
5,talk,71,7,8,Over
5,talk,72,8,8,Over
5,talk,73,8,9,Over
5,talk,74,8,13,Skip
5,talk,75,8,5,Over
5,talk,76,8,2,Skip
5,talk,77,8,10,Over
5,talk,78,8,4,Over
5,talk,79,8,15,VOTE Agent[04]
5,talk,80,8,11,Over
5,talk,81,9,2,Over
5,talk,82,9,9,Over
5,talk,83,9,11,Over
5,talk,84,9,4,Over
5,talk,85,9,5,Over
5,talk,86,9,13,Over
5,talk,87,9,15,Over
5,talk,88,9,8,Over
5,talk,89,9,10,Over
5,vote,2,4
5,vote,4,2
5,vote,5,2
5,vote,8,2
5,vote,9,2
5,vote,10,2
5,vote,11,2
5,vote,13,15
5,vote,15,4
5,execute,2,VILLAGER
5,guard,15,8,MEDIUM
5,attackVote,13,9
5,attack,9,true
6,status,1,WEREWOLF,DEAD,hellowolf
6,status,2,VILLAGER,DEAD,wasabi
6,status,3,POSSESSED,DEAD,hellowolf 2
6,status,4,VILLAGER,ALIVE,fanfan 1
6,status,5,VILLAGER,ALIVE,hellowolf 1
6,status,6,VILLAGER,DEAD,fanfan 2
6,status,7,SEER,DEAD,tomato
6,status,8,MEDIUM,ALIVE,takeda 1
6,status,9,VILLAGER,DEAD,takeda 3
6,status,10,VILLAGER,ALIVE,takeda 2
6,status,11,VILLAGER,ALIVE,tomato 1
6,status,12,VILLAGER,DEAD,fanfan
6,status,13,WEREWOLF,ALIVE,wasabi 1
6,status,14,WEREWOLF,DEAD,takeda
6,status,15,BODYGUARD,ALIVE,HALUemon
6,talk,0,0,10,VOTE Agent[04]
6,talk,1,0,8,IDENTIFIED Agent[02] HUMAN
6,talk,2,0,13,Skip
6,talk,3,0,11,VOTE Agent[08]
6,talk,4,0,4,VOTE Agent[10]
6,talk,5,0,15,VOTE Agent[13]
6,talk,6,0,5,VOTE Agent[10]
6,talk,7,1,5,Skip
6,talk,8,1,4,Skip
6,talk,9,1,11,VOTE Agent[10]
6,talk,10,1,10,VOTE Agent[13]
6,talk,11,1,15,VOTE Agent[04]
6,talk,12,1,8,VOTE Agent[10]
6,talk,13,1,13,ESTIMATE Agent[15] WEREWOLF
6,talk,14,2,15,VOTE Agent[13]
6,talk,15,2,10,VOTE Agent[04]
6,talk,16,2,8,VOTE Agent[04]
6,talk,17,2,5,Skip
6,talk,18,2,13,ESTIMATE Agent[04] VILLAGER
6,talk,19,2,11,Skip
6,talk,20,2,4,Skip
6,talk,21,3,11,VOTE Agent[04]
6,talk,22,3,8,VOTE Agent[10]
6,talk,23,3,4,Over
6,talk,24,3,15,VOTE Agent[04]
6,talk,25,3,10,VOTE Agent[13]
6,talk,26,3,5,Over
6,talk,27,3,13,VOTE Agent[04]
6,talk,28,4,11,Skip
6,talk,29,4,8,Skip
6,talk,30,4,13,VOTE Agent[15]
6,talk,31,4,5,Over
6,talk,32,4,15,VOTE Agent[04]
6,talk,33,4,4,Over
6,talk,34,4,10,VOTE Agent[04]
6,talk,35,5,15,VOTE Agent[04]
6,talk,36,5,10,Skip
6,talk,37,5,8,Skip
6,talk,38,5,13,ESTIMATE Agent[10] WEREWOLF
6,talk,39,5,4,Over
6,talk,40,5,5,Over
6,talk,41,5,11,Skip
6,talk,42,6,5,Over
6,talk,43,6,10,VOTE Agent[04]
6,talk,44,6,13,ESTIMATE Agent[05] VILLAGER
6,talk,45,6,8,Over
6,talk,46,6,4,Over
6,talk,47,6,11,Over
6,talk,48,6,15,VOTE Agent[04]
6,talk,49,7,4,Over
6,talk,50,7,15,VOTE Agent[04]
6,talk,51,7,10,VOTE Agent[04]
6,talk,52,7,8,Over
6,talk,53,7,5,Over
6,talk,54,7,13,ESTIMATE Agent[10] WEREWOLF
6,talk,55,7,11,Over
6,talk,56,8,5,Over
6,talk,57,8,15,VOTE Agent[04]
6,talk,58,8,8,Over
6,talk,59,8,4,Over
6,talk,60,8,11,Over
6,talk,61,8,13,VOTE Agent[10]
6,talk,62,8,10,VOTE Agent[04]
6,talk,63,9,10,VOTE Agent[04]
6,talk,64,9,15,Over
6,talk,65,9,5,Over
6,talk,66,9,11,Over
6,talk,67,9,8,Over
6,talk,68,9,13,Over
6,talk,69,9,4,Over
6,talk,70,10,5,Over
6,talk,71,10,4,Over
6,talk,72,10,11,Over
6,talk,73,10,15,Over
6,talk,74,10,10,VOTE Agent[04]
6,talk,75,10,8,Over
6,talk,76,10,13,Over
6,talk,77,11,10,Over
6,talk,78,11,13,Over
6,talk,79,11,5,Over
6,talk,80,11,4,Over
6,talk,81,11,11,Over
6,talk,82,11,8,Over
6,talk,83,11,15,Over
6,vote,4,10
6,vote,5,10
6,vote,8,10
6,vote,10,4
6,vote,11,4
6,vote,13,10
6,vote,15,4
6,execute,10,VILLAGER
6,guard,15,8,MEDIUM
6,attackVote,13,5
6,attack,5,true
7,status,1,WEREWOLF,DEAD,hellowolf
7,status,2,VILLAGER,DEAD,wasabi
7,status,3,POSSESSED,DEAD,hellowolf 2
7,status,4,VILLAGER,ALIVE,fanfan 1
7,status,5,VILLAGER,DEAD,hellowolf 1
7,status,6,VILLAGER,DEAD,fanfan 2
7,status,7,SEER,DEAD,tomato
7,status,8,MEDIUM,ALIVE,takeda 1
7,status,9,VILLAGER,DEAD,takeda 3
7,status,10,VILLAGER,DEAD,takeda 2
7,status,11,VILLAGER,ALIVE,tomato 1
7,status,12,VILLAGER,DEAD,fanfan
7,status,13,WEREWOLF,ALIVE,wasabi 1
7,status,14,WEREWOLF,DEAD,takeda
7,status,15,BODYGUARD,ALIVE,HALUemon
7,talk,0,0,13,ESTIMATE Agent[11] WEREWOLF
7,talk,1,0,4,VOTE Agent[13]
7,talk,2,0,8,IDENTIFIED Agent[10] HUMAN
7,talk,3,0,15,VOTE Agent[13]
7,talk,4,0,11,VOTE Agent[08]
7,talk,5,1,13,ESTIMATE Agent[04] WEREWOLF
7,talk,6,1,8,VOTE Agent[13]
7,talk,7,1,15,VOTE Agent[13]
7,talk,8,1,4,Skip
7,talk,9,1,11,Skip
7,talk,10,2,13,ESTIMATE Agent[11] WEREWOLF
7,talk,11,2,4,Skip
7,talk,12,2,8,Skip
7,talk,13,2,15,VOTE Agent[13]
7,talk,14,2,11,Skip
7,talk,15,3,11,Over
7,talk,16,3,15,VOTE Agent[13]
7,talk,17,3,8,Skip
7,talk,18,3,13,VOTE Agent[15]
7,talk,19,3,4,Over
7,talk,20,4,4,Over
7,talk,21,4,8,Over
7,talk,22,4,11,Over
7,talk,23,4,15,VOTE Agent[13]
7,talk,24,4,13,ESTIMATE Agent[04] WEREWOLF
7,talk,25,5,15,VOTE Agent[13]
7,talk,26,5,11,Over
7,talk,27,5,8,Over
7,talk,28,5,4,Over
7,talk,29,5,13,ESTIMATE Agent[08] MEDIUM
7,talk,30,6,8,Over
7,talk,31,6,13,ESTIMATE Agent[15] WEREWOLF
7,talk,32,6,4,Over
7,talk,33,6,11,Over
7,talk,34,6,15,VOTE Agent[13]
7,talk,35,7,4,Over
7,talk,36,7,15,VOTE Agent[13]
7,talk,37,7,11,Over
7,talk,38,7,8,Over
7,talk,39,7,13,REQUEST ANY (VOTE Agent[15])
7,talk,40,8,4,Over
7,talk,41,8,8,Over
7,talk,42,8,11,Over
7,talk,43,8,13,ESTIMATE Agent[11] WEREWOLF
7,talk,44,8,15,VOTE Agent[13]
7,talk,45,9,4,Over
7,talk,46,9,8,Over
7,talk,47,9,15,Over
7,talk,48,9,13,Over
7,talk,49,9,11,Over
7,vote,4,13
7,vote,8,13
7,vote,11,8
7,vote,13,15
7,vote,15,13
7,execute,13,WEREWOLF
7,guard,15,8,MEDIUM
8,status,1,WEREWOLF,DEAD,hellowolf
8,status,2,VILLAGER,DEAD,wasabi
8,status,3,POSSESSED,DEAD,hellowolf 2
8,status,4,VILLAGER,ALIVE,fanfan 1
8,status,5,VILLAGER,DEAD,hellowolf 1
8,status,6,VILLAGER,DEAD,fanfan 2
8,status,7,SEER,DEAD,tomato
8,status,8,MEDIUM,ALIVE,takeda 1
8,status,9,VILLAGER,DEAD,takeda 3
8,status,10,VILLAGER,DEAD,takeda 2
8,status,11,VILLAGER,ALIVE,tomato 1
8,status,12,VILLAGER,DEAD,fanfan
8,status,13,WEREWOLF,DEAD,wasabi 1
8,status,14,WEREWOLF,DEAD,takeda
8,status,15,BODYGUARD,ALIVE,HALUemon
8,result,4,0,VILLAGER
