0,status,1,VILLAGER,ALIVE,hellowolf
0,status,2,VILLAGER,ALIVE,wasabi
0,status,3,VILLAGER,ALIVE,hellowolf 2
0,status,4,VILLAGER,ALIVE,fanfan 1
0,status,5,VILLAGER,ALIVE,hellowolf 1
0,status,6,VILLAGER,ALIVE,fanfan 2
0,status,7,WEREWOLF,ALIVE,tomato
0,status,8,VILLAGER,ALIVE,takeda 1
0,status,9,WEREWOLF,ALIVE,takeda 3
0,status,10,POSSESSED,ALIVE,takeda 2
0,status,11,BODYGUARD,ALIVE,tomato 1
0,status,12,SEER,ALIVE,fanfan
0,status,13,MEDIUM,ALIVE,wasabi 1
0,status,14,WEREWOLF,ALIVE,takeda
0,status,15,VILLAGER,ALIVE,HALUemon
0,whisper,0,0,7,COMINGOUT Agent[07] VILLAGER
0,whisper,1,0,14,Skip
0,whisper,2,0,9,Skip
0,whisper,3,1,7,Skip
0,whisper,4,1,14,Skip
0,whisper,5,1,9,Skip
0,whisper,6,2,9,Over
0,whisper,7,2,14,Over
0,whisper,8,2,7,Skip
0,whisper,9,3,9,Over
0,whisper,10,3,7,Over
0,whisper,11,3,14,Over
0,divine,12,2,HUMAN
1,status,1,VILLAGER,ALIVE,hellowolf
1,status,2,VILLAGER,ALIVE,wasabi
1,status,3,VILLAGER,ALIVE,hellowolf 2
1,status,4,VILLAGER,ALIVE,fanfan 1
1,status,5,VILLAGER,ALIVE,hellowolf 1
1,status,6,VILLAGER,ALIVE,fanfan 2
1,status,7,WEREWOLF,ALIVE,tomato
1,status,8,VILLAGER,ALIVE,takeda 1
1,status,9,WEREWOLF,ALIVE,takeda 3
1,status,10,POSSESSED,ALIVE,takeda 2
1,status,11,BODYGUARD,ALIVE,tomato 1
1,status,12,SEER,ALIVE,fanfan
1,status,13,MEDIUM,ALIVE,wasabi 1
1,status,14,WEREWOLF,ALIVE,takeda
1,status,15,VILLAGER,ALIVE,HALUemon
1,talk,0,0,14,COMINGOUT Agent[14] SEER
1,talk,1,0,4,VOTE Agent[08]
1,talk,2,0,10,COMINGOUT Agent[10] SEER
1,talk,3,0,13,COMINGOUT Agent[13] MEDIUM
1,talk,4,0,11,VOTE Agent[05]
1,talk,5,0,5,VOTE Agent[08]
1,talk,6,0,1,VOTE Agent[02]
1,talk,7,0,6,VOTE Agent[08]
1,talk,8,0,3,VOTE Agent[08]
1,talk,9,0,12,COMINGOUT Agent[12] SEER
1,talk,10,0,8,VOTE Agent[13]
1,talk,11,0,7,VOTE Agent[05]
1,talk,12,0,2,ESTIMATE Agent[12] WEREWOLF
1,talk,13,0,9,COMINGOUT Agent[09] SEER
1,talk,14,0,15,VOTE Agent[01]
1,talk,15,1,1,VOTE Agent[14]
1,talk,16,1,14,DIVINED Agent[10] WEREWOLF
1,talk,17,1,3,VOTE Agent[02]
1,talk,18,1,13,ESTIMATE Agent[12] WEREWOLF
1,talk,19,1,9,DIVINED Agent[10] WEREWOLF
1,talk,20,1,5,VOTE Agent[02]
1,talk,21,1,12,DIVINED Agent[02] HUMAN
1,talk,22,1,6,VOTE Agent[05]
1,talk,23,1,15,VOTE Agent[05]
1,talk,24,1,7,VOTE Agent[08]
1,talk,25,1,11,Skip
1,talk,26,1,2,ESTIMATE Agent[12] WEREWOLF
1,talk,27,1,4,VOTE Agent[05]
1,talk,28,1,10,DIVINED Agent[04] WEREWOLF
1,talk,29,1,8,VOTE Agent[14]
1,talk,30,2,14,VOTE Agent[10]
1,talk,31,2,12,VOTE Agent[14]
1,talk,32,2,11,Skip
1,talk,33,2,9,VOTE Agent[10]
1,talk,34,2,15,VOTE Agent[14]
1,talk,35,2,2,ESTIMATE Agent[10] WEREWOLF
1,talk,36,2,7,VOTE Agent[05]
1,talk,37,2,1,VOTE Agent[10]
1,talk,38,2,8,Skip
1,talk,39,2,10,VOTE Agent[04]
1,talk,40,2,13,ESTIMATE Agent[04] WEREWOLF
1,talk,41,2,3,VOTE Agent[10]
1,talk,42,2,6,VOTE Agent[10]
1,talk,43,2,4,VOTE Agent[14]
1,talk,44,2,5,VOTE Agent[10]
1,talk,45,3,10,Skip
1,talk,46,3,7,VOTE Agent[10]
1,talk,47,3,13,VOTE Agent[04]
1,talk,48,3,1,Skip
1,talk,49,3,4,VOTE Agent[10]
1,talk,50,3,15,VOTE Agent[14]
1,talk,51,3,5,Skip
1,talk,52,3,9,Skip
1,talk,53,3,12,VOTE Agent[14]
1,talk,54,3,2,VOTE Agent[04]
1,talk,55,3,14,Skip
1,talk,56,3,8,VOTE Agent[09]
1,talk,57,3,11,Over
1,talk,58,3,6,Skip
1,talk,59,3,3,Skip
1,talk,60,4,10,Skip
1,talk,61,4,9,Skip
1,talk,62,4,12,VOTE Agent[10]
1,talk,63,4,11,Over
1,talk,64,4,2,ESTIMATE Agent[10] WEREWOLF
1,talk,65,4,4,Skip
1,talk,66,4,15,VOTE Agent[09]
1,talk,67,4,6,Skip
1,talk,68,4,3,Skip
1,talk,69,4,7,Skip
1,talk,70,4,8,VOTE Agent[10]
1,talk,71,4,13,ESTIMATE Agent[06] VILLAGER
1,talk,72,4,5,Skip
1,talk,73,4,1,Skip
1,talk,74,4,14,Skip
1,talk,75,5,14,Over
1,talk,76,5,15,VOTE Agent[10]
1,talk,77,5,3,Over
1,talk,78,5,10,Over
1,talk,79,5,1,Over
1,talk,80,5,6,Over
1,talk,81,5,4,Skip
1,talk,82,5,7,Skip
1,talk,83,5,9,Over
1,talk,84,5,12,Skip
1,talk,85,5,5,Over
1,talk,86,5,2,ESTIMATE Agent[14] WEREWOLF
1,talk,87,5,13,VOTE Agent[10]
1,talk,88,5,8,Skip
1,talk,89,5,11,Over
1,talk,90,6,3,Over
1,talk,91,6,1,Over
1,talk,92,6,7,Over
1,talk,93,6,4,Over
1,talk,94,6,2,Skip
1,talk,95,6,5,Over
1,talk,96,6,9,Over
1,talk,97,6,12,Skip
1,talk,98,6,10,Over
1,talk,99,6,14,Over
1,talk,100,6,8,Skip
1,talk,101,6,13,ESTIMATE Agent[06] VILLAGER
1,talk,102,6,15,VOTE Agent[10]
1,talk,103,6,6,Over
1,talk,104,6,11,Over
1,talk,105,7,7,Over
1,talk,106,7,15,VOTE Agent[10]
1,talk,107,7,1,Over
1,talk,108,7,9,Over
1,talk,109,7,5,Over
1,talk,110,7,13,Skip
1,talk,111,7,10,Over
1,talk,112,7,14,Over
1,talk,113,7,2,Skip
1,talk,114,7,4,Over
1,talk,115,7,3,Over
1,talk,116,7,12,Over
1,talk,117,7,11,Over
1,talk,118,7,6,Over
1,talk,119,7,8,Over
1,talk,120,8,14,Over
1,talk,121,8,4,Over
1,talk,122,8,13,VOTE Agent[04]
1,talk,123,8,11,Over
1,talk,124,8,8,Over
1,talk,125,8,9,Over
1,talk,126,8,7,Over
1,talk,127,8,2,Over
1,talk,128,8,1,Over
1,talk,129,8,6,Over
1,talk,130,8,5,Over
1,talk,131,8,15,VOTE Agent[10]
1,talk,132,8,12,Over
1,talk,133,8,3,Over
1,talk,134,8,10,Over
1,talk,135,9,10,Over
1,talk,136,9,2,Over
1,talk,137,9,15,Over
1,talk,138,9,9,Over
1,talk,139,9,11,Over
1,talk,140,9,3,Over
1,talk,141,9,14,Over
1,talk,142,9,1,Over
1,talk,143,9,8,Over
1,talk,144,9,6,Over
1,talk,145,9,7,Over
1,talk,146,9,12,Over
1,talk,147,9,13,Over
1,talk,148,9,4,Over
1,talk,149,9,5,Over
1,vote,1,10
1,vote,2,4
1,vote,3,10
1,vote,4,10
1,vote,5,10
1,vote,6,10
1,vote,7,10
1,vote,8,10
1,vote,9,10
1,vote,10,1
1,vote,11,5
1,vote,12,10
1,vote,13,4
1,vote,14,10
1,vote,15,10
1,execute,10,POSSESSED
1,divine,12,11,HUMAN
1,whisper,0,0,9,Skip
1,whisper,1,0,14,Skip
1,whisper,2,0,7,ATTACK Agent[12]
1,whisper,3,1,9,Skip
1,whisper,4,1,7,Skip
1,whisper,5,1,14,Skip
1,whisper,6,2,9,Over
1,whisper,7,2,7,Skip
1,whisper,8,2,14,Over
1,whisper,9,3,7,Over
1,whisper,10,3,9,Over
1,whisper,11,3,14,Over
1,guard,11,12,SEER
1,attackVote,7,12
1,attackVote,9,13
1,attackVote,14,13
1,attack,13,true
2,status,1,VILLAGER,ALIVE,hellowolf
2,status,2,VILLAGER,ALIVE,wasabi
2,status,3,VILLAGER,ALIVE,hellowolf 2
2,status,4,VILLAGER,ALIVE,fanfan 1
2,status,5,VILLAGER,ALIVE,hellowolf 1
2,status,6,VILLAGER,ALIVE,fanfan 2
2,status,7,WEREWOLF,ALIVE,tomato
2,status,8,VILLAGER,ALIVE,takeda 1
2,status,9,WEREWOLF,ALIVE,takeda 3
2,status,10,POSSESSED,DEAD,takeda 2
2,status,11,BODYGUARD,ALIVE,tomato 1
2,status,12,SEER,ALIVE,fanfan
2,status,13,MEDIUM,DEAD,wasabi 1
2,status,14,WEREWOLF,ALIVE,takeda
2,status,15,VILLAGER,ALIVE,HALUemon
2,talk,0,0,4,VOTE Agent[09]
2,talk,1,0,14,DIVINED Agent[09] HUMAN
2,talk,2,0,7,VOTE Agent[15]
2,talk,3,0,12,DIVINED Agent[14] WEREWOLF
2,talk,4,0,6,VOTE Agent[09]
2,talk,5,0,1,VOTE Agent[09]
2,talk,6,0,9,DIVINED Agent[14] HUMAN
2,talk,7,0,11,VOTE Agent[03]
2,talk,8,0,5,VOTE Agent[09]
2,talk,9,0,8,VOTE Agent[14]
2,talk,10,0,2,Skip
2,talk,11,0,15,VOTE Agent[09]
2,talk,12,0,3,VOTE Agent[09]
2,talk,13,1,6,Skip
2,talk,14,1,12,VOTE Agent[14]
2,talk,15,1,8,Skip
2,talk,16,1,7,VOTE Agent[09]
2,talk,17,1,11,Skip
2,talk,18,1,5,Skip
2,talk,19,1,3,Skip
2,talk,20,1,2,ESTIMATE Agent[01] VILLAGER
2,talk,21,1,15,VOTE Agent[14]
2,talk,22,1,14,VOTE Agent[12]
2,talk,23,1,1,Skip
2,talk,24,1,4,Skip
2,talk,25,1,9,VOTE Agent[12]
2,talk,26,2,7,Skip
2,talk,27,2,6,Skip
2,talk,28,2,4,Skip
2,talk,29,2,15,VOTE Agent[14]
2,talk,30,2,14,Skip
2,talk,31,2,1,Skip
2,talk,32,2,11,Skip
2,talk,33,2,5,Skip
2,talk,34,2,3,Skip
2,talk,35,2,2,ESTIMATE Agent[03] VILLAGER
2,talk,36,2,9,Skip
2,talk,37,2,12,VOTE Agent[09]
2,talk,38,2,8,Skip
2,talk,39,3,12,Skip
2,talk,40,3,2,VOTE Agent[04]
2,talk,41,3,11,Over
2,talk,42,3,9,VOTE Agent[12]
2,talk,43,3,5,Over
2,talk,44,3,6,Over
2,talk,45,3,7,Skip
2,talk,46,3,3,Over
2,talk,47,3,8,VOTE Agent[09]
2,talk,48,3,1,Over
2,talk,49,3,14,VOTE Agent[09]
2,talk,50,3,15,VOTE Agent[12]
2,talk,51,3,4,Over
2,talk,52,4,2,ESTIMATE Agent[14] WEREWOLF
2,talk,53,4,3,Over
2,talk,54,4,7,Over
2,talk,55,4,8,Skip
2,talk,56,4,15,VOTE Agent[12]
2,talk,57,4,4,Over
2,talk,58,4,12,Skip
2,talk,59,4,1,Over
2,talk,60,4,14,Skip
2,talk,61,4,5,Over
2,talk,62,4,11,Over
2,talk,63,4,9,VOTE Agent[12]
2,talk,64,4,6,Over
2,talk,65,5,11,Over
2,talk,66,5,2,Skip
2,talk,67,5,15,VOTE Agent[12]
2,talk,68,5,3,Over
2,talk,69,5,9,VOTE Agent[12]
2,talk,70,5,12,Over
2,talk,71,5,5,Over
2,talk,72,5,7,Over
2,talk,73,5,1,Over
2,talk,74,5,8,Skip
2,talk,75,5,6,Over
2,talk,76,5,4,Over
2,talk,77,5,14,Skip
2,talk,78,6,8,Over
2,talk,79,6,3,Over
2,talk,80,6,15,VOTE Agent[12]
2,talk,81,6,2,Skip
2,talk,82,6,14,Over
2,talk,83,6,12,Over
2,talk,84,6,11,Over
2,talk,85,6,4,Over
2,talk,86,6,5,Over
2,talk,87,6,1,Over
2,talk,88,6,7,Over
2,talk,89,6,6,Over
2,talk,90,6,9,VOTE Agent[12]
2,talk,91,7,7,VOTE Agent[12]
2,talk,92,7,1,Over
2,talk,93,7,9,VOTE Agent[12]
2,talk,94,7,6,Over
2,talk,95,7,4,Over
2,talk,96,7,2,ESTIMATE Agent[04] WEREWOLF
2,talk,97,7,8,Over
2,talk,98,7,11,Over
2,talk,99,7,14,Over
2,talk,100,7,15,VOTE Agent[12]
2,talk,101,7,5,Over
2,talk,102,7,12,Over
2,talk,103,7,3,Over
2,talk,104,8,6,Over
2,talk,105,8,8,Over
2,talk,106,8,3,Over
2,talk,107,8,15,VOTE Agent[12]
2,talk,108,8,7,Skip
2,talk,109,8,9,VOTE Agent[12]
2,talk,110,8,11,Over
2,talk,111,8,5,Over
2,talk,112,8,2,ESTIMATE Agent[15] VILLAGER
2,talk,113,8,4,Over
2,talk,114,8,1,Over
2,talk,115,8,14,Over
2,talk,116,8,12,Over
2,talk,117,9,7,Skip
2,talk,118,9,9,VOTE Agent[12]
2,talk,119,9,8,Over
2,talk,120,9,6,Over
2,talk,121,9,3,Over
2,talk,122,9,11,Over
2,talk,123,9,4,Over
2,talk,124,9,2,Over
2,talk,125,9,12,Over
2,talk,126,9,14,Over
2,talk,127,9,1,Over
2,talk,128,9,15,Over
2,talk,129,9,5,Over
2,talk,130,10,12,Over
2,talk,131,10,1,Over
2,talk,132,10,3,Over
2,talk,133,10,4,Over
2,talk,134,10,11,Over
2,talk,135,10,9,VOTE Agent[12]
2,talk,136,10,6,Over
2,talk,137,10,2,Over
2,talk,138,10,5,Over
2,talk,139,10,15,Over
2,talk,140,10,7,Over
2,talk,141,10,14,Over
2,talk,142,10,8,Over
2,talk,143,11,12,Over
2,talk,144,11,2,Over
2,talk,145,11,14,Over
2,talk,146,11,1,Over
2,talk,147,11,4,Over
2,talk,148,11,9,Over
2,talk,149,11,3,Over
2,talk,150,11,6,Over
2,talk,151,11,15,Over
2,talk,152,11,8,Over
2,talk,153,11,7,Over
2,talk,154,11,11,Over
2,talk,155,11,5,Over
2,vote,1,9
2,vote,2,4
2,vote,3,9
2,vote,4,9
2,vote,5,9
2,vote,6,9
2,vote,7,12
2,vote,8,9
2,vote,9,12
2,vote,11,3
2,vote,12,9
2,vote,14,9
2,vote,15,12
2,execute,9,WEREWOLF
2,divine,12,8,HUMAN
2,whisper,0,0,14,Skip
2,whisper,1,0,7,ATTACK Agent[12]
2,whisper,2,1,7,Skip
2,whisper,3,1,14,Skip
2,whisper,4,2,7,Skip
2,whisper,5,2,14,Over
2,whisper,6,3,14,Over
2,whisper,7,3,7,Over
2,guard,11,12,SEER
2,attackVote,7,12
2,attackVote,14,2
2,attackVote,7,12
2,attackVote,14,2
2,attack,2,true
3,status,1,VILLAGER,ALIVE,hellowolf
3,status,2,VILLAGER,DEAD,wasabi
3,status,3,VILLAGER,ALIVE,hellowolf 2
3,status,4,VILLAGER,ALIVE,fanfan 1
3,status,5,VILLAGER,ALIVE,hellowolf 1
3,status,6,VILLAGER,ALIVE,fanfan 2
3,status,7,WEREWOLF,ALIVE,tomato
3,status,8,VILLAGER,ALIVE,takeda 1
3,status,9,WEREWOLF,DEAD,takeda 3
3,status,10,POSSESSED,DEAD,takeda 2
3,status,11,BODYGUARD,ALIVE,tomato 1
3,status,12,SEER,ALIVE,fanfan
3,status,13,MEDIUM,DEAD,wasabi 1
3,status,14,WEREWOLF,ALIVE,takeda
3,status,15,VILLAGER,ALIVE,HALUemon
3,talk,0,0,1,VOTE Agent[14]
3,talk,1,0,15,VOTE Agent[12]
3,talk,2,0,7,VOTE Agent[01]
3,talk,3,0,4,VOTE Agent[14]
3,talk,4,0,6,VOTE Agent[14]
3,talk,5,0,12,DIVINED Agent[07] WEREWOLF
3,talk,6,0,11,VOTE Agent[14]
3,talk,7,0,5,VOTE Agent[14]
3,talk,8,0,14,DIVINED Agent[12] WEREWOLF
3,talk,9,0,3,VOTE Agent[14]
3,talk,10,0,8,VOTE Agent[14]
3,talk,11,1,8,Skip
3,talk,12,1,4,Skip
3,talk,13,1,7,VOTE Agent[14]
3,talk,14,1,3,Skip
3,talk,15,1,1,Skip
3,talk,16,1,6,Skip
3,talk,17,1,12,VOTE Agent[07]
3,talk,18,1,14,VOTE Agent[12]
3,talk,19,1,5,Skip
3,talk,20,1,15,VOTE Agent[14]
3,talk,21,1,11,Skip
3,talk,22,2,7,Skip
3,talk,23,2,12,VOTE Agent[14]
3,talk,24,2,6,Skip
3,talk,25,2,1,Skip
3,talk,26,2,4,Skip
3,talk,27,2,14,VOTE Agent[12]
3,talk,28,2,3,Skip
3,talk,29,2,5,Skip
3,talk,30,2,8,Skip
3,talk,31,2,11,Skip
3,talk,32,2,15,VOTE Agent[12]
3,talk,33,3,8,Over
3,talk,34,3,14,VOTE Agent[12]
3,talk,35,3,6,Over
3,talk,36,3,3,Over
3,talk,37,3,5,Over
3,talk,38,3,12,Skip
3,talk,39,3,1,Over
3,talk,40,3,11,Over
3,talk,41,3,15,VOTE Agent[12]
3,talk,42,3,4,Over
3,talk,43,3,7,Skip
3,talk,44,4,15,VOTE Agent[12]
3,talk,45,4,4,Over
3,talk,46,4,1,Over
3,talk,47,4,6,Over
3,talk,48,4,3,Over
3,talk,49,4,5,Over
3,talk,50,4,7,Over
3,talk,51,4,12,Skip
3,talk,52,4,11,Over
3,talk,53,4,8,Over
3,talk,54,4,14,VOTE Agent[12]
3,talk,55,5,15,VOTE Agent[12]
3,talk,56,5,6,Over
3,talk,57,5,5,Over
3,talk,58,5,7,Over
3,talk,59,5,14,VOTE Agent[12]
3,talk,60,5,8,Over
3,talk,61,5,4,Over
3,talk,62,5,1,Over
3,talk,63,5,3,Over
3,talk,64,5,11,Over
3,talk,65,5,12,Over
3,talk,66,6,6,Over
3,talk,67,6,7,VOTE Agent[12]
3,talk,68,6,4,Over
3,talk,69,6,1,Over
3,talk,70,6,12,Over
3,talk,71,6,5,Over
3,talk,72,6,11,Over
3,talk,73,6,14,VOTE Agent[12]
3,talk,74,6,8,Over
3,talk,75,6,3,Over
3,talk,76,6,15,VOTE Agent[12]
3,talk,77,7,5,Over
3,talk,78,7,12,Over
3,talk,79,7,14,VOTE Agent[12]
3,talk,80,7,7,Skip
3,talk,81,7,4,Over
3,talk,82,7,11,Over
3,talk,83,7,15,VOTE Agent[12]
3,talk,84,7,1,Over
3,talk,85,7,6,Over
3,talk,86,7,3,Over
3,talk,87,7,8,Over
3,talk,88,8,6,Over
3,talk,89,8,5,Over
3,talk,90,8,1,Over
3,talk,91,8,11,Over
3,talk,92,8,12,Over
3,talk,93,8,15,VOTE Agent[12]
3,talk,94,8,7,Skip
3,talk,95,8,8,Over
3,talk,96,8,14,VOTE Agent[12]
3,talk,97,8,3,Over
3,talk,98,8,4,Over
3,talk,99,9,1,Over
3,talk,100,9,5,Over
3,talk,101,9,6,Over
3,talk,102,9,14,VOTE Agent[12]
3,talk,103,9,7,Over
3,talk,104,9,8,Over
3,talk,105,9,3,Over
3,talk,106,9,4,Over
3,talk,107,9,12,Over
3,talk,108,9,11,Over
3,talk,109,9,15,Over
3,talk,110,10,15,Over
3,talk,111,10,4,Over
3,talk,112,10,14,Over
3,talk,113,10,6,Over
3,talk,114,10,5,Over
3,talk,115,10,7,Over
3,talk,116,10,8,Over
3,talk,117,10,12,Over
3,talk,118,10,1,Over
3,talk,119,10,11,Over
3,talk,120,10,3,Over
3,vote,1,14
3,vote,3,14
3,vote,4,14
3,vote,5,14
3,vote,6,14
3,vote,7,12
3,vote,8,14
3,vote,11,14
3,vote,12,14
3,vote,14,12
3,vote,15,12
3,execute,14,WEREWOLF
3,divine,12,7,WEREWOLF
3,guard,11,12,SEER
3,attack,15,true
4,status,1,VILLAGER,ALIVE,hellowolf
4,status,2,VILLAGER,DEAD,wasabi
4,status,3,VILLAGER,ALIVE,hellowolf 2
4,status,4,VILLAGER,ALIVE,fanfan 1
4,status,5,VILLAGER,ALIVE,hellowolf 1
4,status,6,VILLAGER,ALIVE,fanfan 2
4,status,7,WEREWOLF,ALIVE,tomato
4,status,8,VILLAGER,ALIVE,takeda 1
4,status,9,WEREWOLF,DEAD,takeda 3
4,status,10,POSSESSED,DEAD,takeda 2
4,status,11,BODYGUARD,ALIVE,tomato 1
4,status,12,SEER,ALIVE,fanfan
4,status,13,MEDIUM,DEAD,wasabi 1
4,status,14,WEREWOLF,DEAD,takeda
4,status,15,VILLAGER,DEAD,HALUemon
4,talk,0,0,4,VOTE Agent[08]
4,talk,1,0,8,VOTE Agent[07]
4,talk,2,0,7,VOTE Agent[04]
4,talk,3,0,6,VOTE Agent[08]
4,talk,4,0,1,VOTE Agent[11]
4,talk,5,0,11,VOTE Agent[12]
4,talk,6,0,5,VOTE Agent[12]
4,talk,7,0,3,VOTE Agent[12]
4,talk,8,0,12,DIVINED Agent[07] WEREWOLF
4,talk,9,1,8,Skip
4,talk,10,1,1,VOTE Agent[08]
4,talk,11,1,5,VOTE Agent[08]
4,talk,12,1,6,Skip
4,talk,13,1,4,Skip
4,talk,14,1,7,VOTE Agent[12]
4,talk,15,1,12,VOTE Agent[07]
4,talk,16,1,11,Skip
4,talk,17,1,3,VOTE Agent[08]
4,talk,18,2,4,Skip
4,talk,19,2,12,Skip
4,talk,20,2,5,Skip
4,talk,21,2,8,VOTE Agent[07]
4,talk,22,2,3,Skip
4,talk,23,2,1,Skip
4,talk,24,2,11,Skip
4,talk,25,2,6,Skip
4,talk,26,2,7,VOTE Agent[08]
4,talk,27,3,1,Skip
4,talk,28,3,12,Skip
4,talk,29,3,5,Skip
4,talk,30,3,6,Over
4,talk,31,3,7,Skip
4,talk,32,3,4,Over
4,talk,33,3,11,Over
4,talk,34,3,3,Skip
4,talk,35,3,8,VOTE Agent[07]
4,talk,36,4,3,Over
4,talk,37,4,8,VOTE Agent[07]
4,talk,38,4,4,Over
4,talk,39,4,7,Skip
4,talk,40,4,11,Over
4,talk,41,4,12,Over
4,talk,42,4,1,Over
4,talk,43,4,6,Over
4,talk,44,4,5,Over
4,talk,45,5,7,VOTE Agent[07]
4,talk,46,5,12,Over
4,talk,47,5,6,Over
4,talk,48,5,3,Over
4,talk,49,5,11,Over
4,talk,50,5,1,Over
4,talk,51,5,5,Over
4,talk,52,5,4,Over
4,talk,53,5,8,VOTE Agent[07]
4,talk,54,6,5,Over
4,talk,55,6,6,Over
4,talk,56,6,4,Over
4,talk,57,6,1,Over
4,talk,58,6,8,VOTE Agent[07]
4,talk,59,6,7,Skip
4,talk,60,6,3,Over
4,talk,61,6,12,Over
4,talk,62,6,11,Over
4,talk,63,7,7,Skip
4,talk,64,7,8,VOTE Agent[07]
4,talk,65,7,3,Over
4,talk,66,7,6,Over
4,talk,67,7,11,Over
4,talk,68,7,5,Over
4,talk,69,7,1,Over
4,talk,70,7,4,Over
4,talk,71,7,12,Over
4,talk,72,8,11,Over
4,talk,73,8,4,Over
4,talk,74,8,1,Over
4,talk,75,8,5,Over
4,talk,76,8,3,Over
4,talk,77,8,12,Over
4,talk,78,8,6,Over
4,talk,79,8,8,VOTE Agent[07]
4,talk,80,8,7,Over
4,talk,81,9,12,Over
4,talk,82,9,6,Over
4,talk,83,9,5,Over
4,talk,84,9,4,Over
4,talk,85,9,11,Over
4,talk,86,9,3,Over
4,talk,87,9,1,Over
4,talk,88,9,7,Over
4,talk,89,9,8,VOTE Agent[07]
4,talk,90,10,12,Over
4,talk,91,10,8,VOTE Agent[07]
4,talk,92,10,3,Over
4,talk,93,10,5,Over
4,talk,94,10,11,Over
4,talk,95,10,6,Over
4,talk,96,10,7,Over
4,talk,97,10,4,Over
4,talk,98,10,1,Over
4,talk,99,11,11,Over
4,talk,100,11,4,Over
4,talk,101,11,3,Over
4,talk,102,11,5,Over
4,talk,103,11,12,Over
4,talk,104,11,7,Over
4,talk,105,11,8,Over
4,talk,106,11,1,Over
4,talk,107,11,6,Over
4,vote,1,8
4,vote,3,8
4,vote,4,8
4,vote,5,8
4,vote,6,8
4,vote,7,8
4,vote,8,7
4,vote,11,12
4,vote,12,7
4,execute,8,VILLAGER
4,divine,12,6,HUMAN
4,guard,11,12,SEER
4,attack,12,false
5,status,1,VILLAGER,ALIVE,hellowolf
5,status,2,VILLAGER,DEAD,wasabi
5,status,3,VILLAGER,ALIVE,hellowolf 2
5,status,4,VILLAGER,ALIVE,fanfan 1
5,status,5,VILLAGER,ALIVE,hellowolf 1
5,status,6,VILLAGER,ALIVE,fanfan 2
5,status,7,WEREWOLF,ALIVE,tomato
5,status,8,VILLAGER,DEAD,takeda 1
5,status,9,WEREWOLF,DEAD,takeda 3
5,status,10,POSSESSED,DEAD,takeda 2
5,status,11,BODYGUARD,ALIVE,tomato 1
5,status,12,SEER,ALIVE,fanfan
5,status,13,MEDIUM,DEAD,wasabi 1
5,status,14,WEREWOLF,DEAD,takeda
5,status,15,VILLAGER,DEAD,HALUemon
5,talk,0,0,4,VOTE Agent[11]
5,talk,1,0,6,VOTE Agent[11]
5,talk,2,0,11,VOTE Agent[05]
5,talk,3,0,5,VOTE Agent[12]
5,talk,4,0,3,VOTE Agent[12]
5,talk,5,0,1,VOTE Agent[11]
5,talk,6,0,7,VOTE Agent[06]
5,talk,7,0,12,DIVINED Agent[04] WEREWOLF
5,talk,8,1,12,VOTE Agent[04]
5,talk,9,1,4,Skip
5,talk,10,1,6,Skip
5,talk,11,1,7,VOTE Agent[11]
5,talk,12,1,11,Skip
5,talk,13,1,5,VOTE Agent[11]
5,talk,14,1,3,VOTE Agent[11]
5,talk,15,1,1,Skip
5,talk,16,2,5,Skip
5,talk,17,2,7,Skip
5,talk,18,2,3,Skip
5,talk,19,2,6,Skip
5,talk,20,2,4,Skip
5,talk,21,2,1,Skip
5,talk,22,2,12,VOTE Agent[07]
5,talk,23,2,11,Skip
5,talk,24,3,4,Over
5,talk,25,3,5,Skip
5,talk,26,3,12,Skip
5,talk,27,3,11,Over
5,talk,28,3,7,Skip
5,talk,29,3,6,Over
5,talk,30,3,1,Over
5,talk,31,3,3,Skip
5,talk,32,4,11,Over
5,talk,33,4,4,Over
5,talk,34,4,1,Over
5,talk,35,4,7,Over
5,talk,36,4,5,Over
5,talk,37,4,12,Skip
5,talk,38,4,6,Over
5,talk,39,4,3,Over
5,talk,40,5,12,Over
5,talk,41,5,5,Over
5,talk,42,5,11,Over
5,talk,43,5,3,Over
5,talk,44,5,1,Over
5,talk,45,5,4,Over
5,talk,46,5,7,Over
5,talk,47,5,6,Over
5,vote,1,11
5,vote,3,11
5,vote,4,11
5,vote,5,11
5,vote,6,11
5,vote,7,11
5,vote,11,5
5,vote,12,7
5,execute,11,BODYGUARD
5,divine,12,4,HUMAN
5,attack,1,true
6,status,1,VILLAGER,DEAD,hellowolf
6,status,2,VILLAGER,DEAD,wasabi
6,status,3,VILLAGER,ALIVE,hellowolf 2
6,status,4,VILLAGER,ALIVE,fanfan 1
6,status,5,VILLAGER,ALIVE,hellowolf 1
6,status,6,VILLAGER,ALIVE,fanfan 2
6,status,7,WEREWOLF,ALIVE,tomato
6,status,8,VILLAGER,DEAD,takeda 1
6,status,9,WEREWOLF,DEAD,takeda 3
6,status,10,POSSESSED,DEAD,takeda 2
6,status,11,BODYGUARD,DEAD,tomato 1
6,status,12,SEER,ALIVE,fanfan
6,status,13,MEDIUM,DEAD,wasabi 1
6,status,14,WEREWOLF,DEAD,takeda
6,status,15,VILLAGER,DEAD,HALUemon
6,talk,0,0,12,DIVINED Agent[04] HUMAN
6,talk,1,0,4,VOTE Agent[07]
6,talk,2,0,6,VOTE Agent[07]
6,talk,3,0,7,VOTE Agent[03]
6,talk,4,0,5,VOTE Agent[12]
6,talk,5,0,3,VOTE Agent[12]
6,talk,6,1,7,VOTE Agent[07]
6,talk,7,1,3,VOTE Agent[07]
6,talk,8,1,12,VOTE Agent[07]
6,talk,9,1,4,Skip
6,talk,10,1,6,Skip
6,talk,11,1,5,Skip
6,talk,12,2,3,VOTE Agent[06]
6,talk,13,2,6,Skip
6,talk,14,2,5,VOTE Agent[07]
6,talk,15,2,7,Skip
6,talk,16,2,4,Skip
6,talk,17,2,12,VOTE Agent[07]
6,talk,18,3,4,Over
6,talk,19,3,12,Skip
6,talk,20,3,6,Over
6,talk,21,3,7,Skip
6,talk,22,3,3,Skip
6,talk,23,3,5,Skip
6,talk,24,4,6,Over
6,talk,25,4,4,Over
6,talk,26,4,5,Skip
6,talk,27,4,3,VOTE Agent[12]
6,talk,28,4,12,Skip
6,talk,29,4,7,Over
6,talk,30,5,7,Over
6,talk,31,5,5,Over
6,talk,32,5,4,Over
6,talk,33,5,6,Over
6,talk,34,5,12,Over
6,talk,35,5,3,Skip
6,talk,36,6,12,Over
6,talk,37,6,4,Over
6,talk,38,6,6,Over
6,talk,39,6,7,Over
6,talk,40,6,3,Skip
6,talk,41,6,5,Over
6,talk,42,7,12,Over
6,talk,43,7,4,Over
6,talk,44,7,6,Over
6,talk,45,7,7,Over
6,talk,46,7,3,Over
6,talk,47,7,5,Over
6,vote,3,12
6,vote,4,7
6,vote,5,7
6,vote,6,7
6,vote,7,12
6,vote,12,7
6,execute,7,WEREWOLF
6,divine,12,5,HUMAN
7,status,1,VILLAGER,DEAD,hellowolf
7,status,2,VILLAGER,DEAD,wasabi
7,status,3,VILLAGER,ALIVE,hellowolf 2
7,status,4,VILLAGER,ALIVE,fanfan 1
7,status,5,VILLAGER,ALIVE,hellowolf 1
7,status,6,VILLAGER,ALIVE,fanfan 2
7,status,7,WEREWOLF,DEAD,tomato
7,status,8,VILLAGER,DEAD,takeda 1
7,status,9,WEREWOLF,DEAD,takeda 3
7,status,10,POSSESSED,DEAD,takeda 2
7,status,11,BODYGUARD,DEAD,tomato 1
7,status,12,SEER,ALIVE,fanfan
7,status,13,MEDIUM,DEAD,wasabi 1
7,status,14,WEREWOLF,DEAD,takeda
7,status,15,VILLAGER,DEAD,HALUemon
7,result,5,0,VILLAGER
