0,status,1,VILLAGER,ALIVE,hellowolf
0,status,2,WEREWOLF,ALIVE,wasabi
0,status,3,VILLAGER,ALIVE,hellowolf 2
0,status,4,VILLAGER,ALIVE,fanfan 1
0,status,5,BODYGUARD,ALIVE,hellowolf 1
0,status,6,SEER,ALIVE,fanfan 2
0,status,7,WEREWOLF,ALIVE,tomato
0,status,8,WEREWOLF,ALIVE,takeda 1
0,status,9,VILLAGER,ALIVE,takeda 3
0,status,10,VILLAGER,ALIVE,takeda 2
0,status,11,VILLAGER,ALIVE,tomato 1
0,status,12,POSSESSED,ALIVE,fanfan
0,status,13,VILLAGER,ALIVE,wasabi 1
0,status,14,VILLAGER,ALIVE,takeda
0,status,15,MEDIUM,ALIVE,HALUemon
0,whisper,0,0,2,Over
0,whisper,1,0,7,COMINGOUT Agent[07] VILLAGER
0,whisper,2,0,8,Skip
0,whisper,3,1,8,Skip
0,whisper,4,1,2,Over
0,whisper,5,1,7,COMINGOUT Agent[07] SEER
0,whisper,6,2,8,Over
0,whisper,7,2,7,Skip
0,whisper,8,2,2,Over
0,whisper,9,3,8,Over
0,whisper,10,3,7,Skip
0,whisper,11,3,2,Over
0,whisper,12,4,8,Over
0,whisper,13,4,7,Over
0,whisper,14,4,2,ATTACK Agent[05]
0,whisper,15,5,7,Over
0,whisper,16,5,2,Over
0,whisper,17,5,8,Over
0,divine,6,2,WEREWOLF
1,status,1,VILLAGER,ALIVE,hellowolf
1,status,2,WEREWOLF,ALIVE,wasabi
1,status,3,VILLAGER,ALIVE,hellowolf 2
1,status,4,VILLAGER,ALIVE,fanfan 1
1,status,5,BODYGUARD,ALIVE,hellowolf 1
1,status,6,SEER,ALIVE,fanfan 2
1,status,7,WEREWOLF,ALIVE,tomato
1,status,8,WEREWOLF,ALIVE,takeda 1
1,status,9,VILLAGER,ALIVE,takeda 3
1,status,10,VILLAGER,ALIVE,takeda 2
1,status,11,VILLAGER,ALIVE,tomato 1
1,status,12,POSSESSED,ALIVE,fanfan
1,status,13,VILLAGER,ALIVE,wasabi 1
1,status,14,VILLAGER,ALIVE,takeda
1,status,15,MEDIUM,ALIVE,HALUemon
1,talk,0,0,6,COMINGOUT Agent[06] SEER
1,talk,1,0,7,COMINGOUT Agent[07] SEER
1,talk,2,0,3,VOTE Agent[02]
1,talk,3,0,10,VOTE Agent[13]
1,talk,4,0,12,COMINGOUT Agent[12] SEER
1,talk,5,0,5,VOTE Agent[02]
1,talk,6,0,4,VOTE Agent[02]
1,talk,7,0,2,ESTIMATE Agent[09] WEREWOLF
1,talk,8,0,8,COMINGOUT Agent[08] SEER
1,talk,9,0,13,Skip
1,talk,10,0,14,VOTE Agent[13]
1,talk,11,0,1,VOTE Agent[02]
1,talk,12,0,9,VOTE Agent[12]
1,talk,13,0,11,VOTE Agent[12]
1,talk,14,0,15,VOTE Agent[06]
1,talk,15,1,11,VOTE Agent[02]
1,talk,16,1,8,DIVINED Agent[07] HUMAN
1,talk,17,1,5,Skip
1,talk,18,1,2,ESTIMATE Agent[12] WEREWOLF
1,talk,19,1,10,VOTE Agent[07]
1,talk,20,1,1,Skip
1,talk,21,1,15,COMINGOUT Agent[15] MEDIUM
1,talk,22,1,9,VOTE Agent[07]
1,talk,23,1,7,DIVINED Agent[02] HUMAN
1,talk,24,1,12,DIVINED Agent[01] WEREWOLF
1,talk,25,1,3,Skip
1,talk,26,1,4,Skip
1,talk,27,1,14,VOTE Agent[07]
1,talk,28,1,6,DIVINED Agent[02] WEREWOLF
1,talk,29,1,13,Skip
1,talk,30,2,2,ESTIMATE Agent[07] WEREWOLF
1,talk,31,2,9,Skip
1,talk,32,2,8,VOTE Agent[12]
1,talk,33,2,5,VOTE Agent[01]
1,talk,34,2,7,VOTE Agent[02]
1,talk,35,2,14,Skip
1,talk,36,2,12,VOTE Agent[01]
1,talk,37,2,3,VOTE Agent[01]
1,talk,38,2,1,VOTE Agent[04]
1,talk,39,2,6,VOTE Agent[02]
1,talk,40,2,13,Over
1,talk,41,2,10,VOTE Agent[08]
1,talk,42,2,15,VOTE Agent[07]
1,talk,43,2,11,Skip
1,talk,44,2,4,Skip
1,talk,45,3,11,Skip
1,talk,46,3,12,VOTE Agent[02]
1,talk,47,3,9,Skip
1,talk,48,3,2,VOTE Agent[06]
1,talk,49,3,6,VOTE Agent[02]
1,talk,50,3,8,Skip
1,talk,51,3,3,Skip
1,talk,52,3,1,VOTE Agent[03]
1,talk,53,3,4,VOTE Agent[01]
1,talk,54,3,13,VOTE Agent[01]
1,talk,55,3,7,Skip
1,talk,56,3,10,VOTE Agent[07]
1,talk,57,3,5,Skip
1,talk,58,3,14,Skip
1,talk,59,3,15,VOTE Agent[12]
1,talk,60,4,12,Skip
1,talk,61,4,11,Over
1,talk,62,4,6,Skip
1,talk,63,4,8,Skip
1,talk,64,4,14,Over
1,talk,65,4,4,Skip
1,talk,66,4,1,VOTE Agent[08]
1,talk,67,4,7,Skip
1,talk,68,4,3,Skip
1,talk,69,4,5,Skip
1,talk,70,4,2,ESTIMATE Agent[12] WEREWOLF
1,talk,71,4,15,VOTE Agent[06]
1,talk,72,4,13,ESTIMATE Agent[08] WEREWOLF
1,talk,73,4,9,Over
1,talk,74,4,10,Skip
1,talk,75,5,10,VOTE Agent[08]
1,talk,76,5,12,Skip
1,talk,77,5,4,Skip
1,talk,78,5,11,Over
1,talk,79,5,14,Over
1,talk,80,5,1,Skip
1,talk,81,5,7,Over
1,talk,82,5,9,Over
1,talk,83,5,6,Skip
1,talk,84,5,8,Over
1,talk,85,5,3,Over
1,talk,86,5,5,Over
1,talk,87,5,13,ESTIMATE Agent[08] WEREWOLF
1,talk,88,5,15,VOTE Agent[08]
1,talk,89,5,2,Skip
1,talk,90,6,8,Over
1,talk,91,6,3,Over
1,talk,92,6,13,Skip
1,talk,93,6,7,Over
1,talk,94,6,10,Skip
1,talk,95,6,11,Over
1,talk,96,6,5,Over
1,talk,97,6,12,Over
1,talk,98,6,15,VOTE Agent[08]
1,talk,99,6,9,VOTE Agent[08]
1,talk,100,6,14,VOTE Agent[08]
1,talk,101,6,6,Over
1,talk,102,6,1,VOTE Agent[04]
1,talk,103,6,2,Skip
1,talk,104,6,4,Over
1,talk,105,7,12,Over
1,talk,106,7,13,Skip
1,talk,107,7,10,Skip
1,talk,108,7,15,VOTE Agent[12]
1,talk,109,7,9,Skip
1,talk,110,7,5,Over
1,talk,111,7,11,Over
1,talk,112,7,14,Skip
1,talk,113,7,7,Over
1,talk,114,7,3,Over
1,talk,115,7,6,Over
1,talk,116,7,1,VOTE Agent[08]
1,talk,117,7,8,Over
1,talk,118,7,2,ESTIMATE Agent[06] WEREWOLF
1,talk,119,7,4,Over
1,talk,120,8,8,Over
1,talk,121,8,11,Over
1,talk,122,8,6,Over
1,talk,123,8,14,Skip
1,talk,124,8,15,VOTE Agent[12]
1,talk,125,8,2,Skip
1,talk,126,8,1,Skip
1,talk,127,8,12,Over
1,talk,128,8,7,Over
1,talk,129,8,10,Over
1,talk,130,8,9,Skip
1,talk,131,8,3,Over
1,talk,132,8,4,Over
1,talk,133,8,13,Over
1,talk,134,8,5,Over
1,talk,135,9,3,Over
1,talk,136,9,14,Over
1,talk,137,9,12,Over
1,talk,138,9,6,Over
1,talk,139,9,11,Over
1,talk,140,9,13,Over
1,talk,141,9,1,Skip
1,talk,142,9,9,Over
1,talk,143,9,5,Over
1,talk,144,9,8,Over
1,talk,145,9,7,Over
1,talk,146,9,4,Over
1,talk,147,9,2,Over
1,talk,148,9,10,Over
1,talk,149,9,15,Over
1,talk,150,10,11,Over
1,talk,151,10,14,Over
1,talk,152,10,13,Over
1,talk,153,10,10,Over
1,talk,154,10,8,VOTE Agent[06]
1,talk,155,10,1,Over
1,talk,156,10,5,Over
1,talk,157,10,4,Over
1,talk,158,10,9,Over
1,talk,159,10,7,Over
1,talk,160,10,6,Over
1,talk,161,10,12,Over
1,talk,162,10,3,Over
1,talk,163,10,2,Over
1,talk,164,10,15,Over
1,talk,165,11,3,Over
1,talk,166,11,4,VOTE Agent[08]
1,talk,167,11,11,Over
1,talk,168,11,13,Over
1,talk,169,11,1,Over
1,talk,170,11,7,Over
1,talk,171,11,9,Over
1,talk,172,11,14,Over
1,talk,173,11,8,VOTE Agent[12]
1,talk,174,11,6,Over
1,talk,175,11,5,Over
1,talk,176,11,12,Over
1,talk,177,11,2,Over
1,talk,178,11,15,Over
1,talk,179,11,10,Over
1,talk,180,12,4,Skip
1,talk,181,12,9,Over
1,talk,182,12,7,VOTE Agent[08]
1,talk,183,12,11,VOTE Agent[08]
1,talk,184,12,14,Over
1,talk,185,12,6,VOTE Agent[08]
1,talk,186,12,12,Over
1,talk,187,12,1,Over
1,talk,188,12,13,Over
1,talk,189,12,15,Over
1,talk,190,12,8,Skip
1,talk,191,12,5,VOTE Agent[08]
1,talk,192,12,2,Over
1,talk,193,12,3,VOTE Agent[08]
1,talk,194,12,10,Over
1,talk,195,13,1,Over
1,talk,196,13,13,Over
1,talk,197,13,15,Over
1,talk,198,13,10,Over
1,talk,199,13,9,Over
1,talk,200,13,6,Skip
1,talk,201,13,5,Skip
1,talk,202,13,8,VOTE Agent[12]
1,talk,203,13,14,Over
1,talk,204,13,12,VOTE Agent[08]
1,talk,205,13,2,Over
1,talk,206,13,3,Skip
1,talk,207,13,11,Skip
1,talk,208,13,4,Skip
1,talk,209,13,7,Skip
1,talk,210,14,4,Over
1,talk,211,14,7,Skip
1,talk,212,14,5,Skip
1,talk,213,14,2,Over
1,talk,214,14,9,Over
1,talk,215,14,1,Over
1,talk,216,14,10,Over
1,talk,217,14,15,Over
1,talk,218,14,3,Skip
1,talk,219,14,14,Over
1,talk,220,14,13,Over
1,talk,221,14,6,Skip
1,talk,222,14,8,VOTE Agent[12]
1,talk,223,14,11,Skip
1,talk,224,14,12,Skip
1,talk,225,15,13,Over
1,talk,226,15,7,Over
1,talk,227,15,15,Over
1,talk,228,15,4,Over
1,talk,229,15,5,Over
1,talk,230,15,12,Skip
1,talk,231,15,14,Over
1,talk,232,15,10,Over
1,talk,233,15,8,VOTE Agent[12]
1,talk,234,15,11,Over
1,talk,235,15,3,Over
1,talk,236,15,9,Over
1,talk,237,15,2,Over
1,talk,238,15,6,Over
1,talk,239,15,1,Over
1,talk,240,16,5,Over
1,talk,241,16,1,Over
1,talk,242,16,4,Over
1,talk,243,16,6,Over
1,talk,244,16,13,Over
1,talk,245,16,3,Over
1,talk,246,16,14,Over
1,talk,247,16,11,Over
1,talk,248,16,15,Over
1,talk,249,16,10,Over
1,talk,250,16,12,Over
1,talk,251,16,7,Over
1,talk,252,16,9,Over
1,talk,253,16,8,VOTE Agent[12]
1,talk,254,16,2,Over
1,talk,255,17,3,Over
1,talk,256,17,8,VOTE Agent[12]
1,talk,257,17,10,Over
1,talk,258,17,1,Over
1,talk,259,17,5,Over
1,talk,260,17,14,Over
1,talk,261,17,15,Over
1,talk,262,17,12,Over
1,talk,263,17,6,Over
1,talk,264,17,4,Over
1,talk,265,17,11,Over
1,talk,266,17,9,Over
1,talk,267,17,13,Over
1,talk,268,17,7,Over
1,talk,269,17,2,Over
1,talk,270,18,13,Over
1,talk,271,18,9,Over
1,talk,272,18,1,Over
1,talk,273,18,3,Over
1,talk,274,18,15,Over
1,talk,275,18,10,Over
1,talk,276,18,8,Over
1,talk,277,18,14,Over
1,talk,278,18,5,Over
1,talk,279,18,11,Over
1,talk,280,18,7,Over
1,talk,281,18,4,Over
1,talk,282,18,12,Over
1,talk,283,18,6,Over
1,talk,284,18,2,Over
1,vote,1,8
1,vote,2,6
1,vote,3,8
1,vote,4,8
1,vote,5,8
1,vote,6,8
1,vote,7,8
1,vote,8,12
1,vote,9,8
1,vote,10,8
1,vote,11,8
1,vote,12,8
1,vote,13,1
1,vote,14,8
1,vote,15,12
1,execute,8,WEREWOLF
1,divine,6,13,HUMAN
1,whisper,0,0,2,ATTACK Agent[03]
1,whisper,1,0,7,ATTACK Agent[06]
1,whisper,2,1,2,Over
1,whisper,3,1,7,Skip
1,whisper,4,2,7,Skip
1,whisper,5,2,2,ESTIMATE Agent[08] POSSESSED
1,whisper,6,3,2,VOTE Agent[06]
1,whisper,7,3,7,Over
1,whisper,8,4,2,Over
1,whisper,9,4,7,Over
1,guard,5,6,SEER
1,attackVote,2,3
1,attackVote,7,6
1,attackVote,2,3
1,attackVote,7,6
1,attack,3,true
2,status,1,VILLAGER,ALIVE,hellowolf
2,status,2,WEREWOLF,ALIVE,wasabi
2,status,3,VILLAGER,DEAD,hellowolf 2
2,status,4,VILLAGER,ALIVE,fanfan 1
2,status,5,BODYGUARD,ALIVE,hellowolf 1
2,status,6,SEER,ALIVE,fanfan 2
2,status,7,WEREWOLF,ALIVE,tomato
2,status,8,WEREWOLF,DEAD,takeda 1
2,status,9,VILLAGER,ALIVE,takeda 3
2,status,10,VILLAGER,ALIVE,takeda 2
2,status,11,VILLAGER,ALIVE,tomato 1
2,status,12,POSSESSED,ALIVE,fanfan
2,status,13,VILLAGER,ALIVE,wasabi 1
2,status,14,VILLAGER,ALIVE,takeda
2,status,15,MEDIUM,ALIVE,HALUemon
2,talk,0,0,15,IDENTIFIED Agent[08] WEREWOLF
2,talk,1,0,11,VOTE Agent[04]
2,talk,2,0,13,Skip
2,talk,3,0,7,DIVINED Agent[13] HUMAN
2,talk,4,0,2,ESTIMATE Agent[12] WEREWOLF
2,talk,5,0,9,VOTE Agent[07]
2,talk,6,0,14,VOTE Agent[07]
2,talk,7,0,12,DIVINED Agent[07] WEREWOLF
2,talk,8,0,1,VOTE Agent[07]
2,talk,9,0,10,VOTE Agent[07]
2,talk,10,0,5,VOTE Agent[07]
2,talk,11,0,6,DIVINED Agent[13] HUMAN
2,talk,12,0,4,VOTE Agent[01]
2,talk,13,1,6,VOTE Agent[02]
2,talk,14,1,5,Skip
2,talk,15,1,7,VOTE Agent[07]
2,talk,16,1,10,Skip
2,talk,17,1,2,Skip
2,talk,18,1,14,Skip
2,talk,19,1,15,VOTE Agent[07]
2,talk,20,1,9,Skip
2,talk,21,1,11,VOTE Agent[07]
2,talk,22,1,1,Skip
2,talk,23,1,4,VOTE Agent[07]
2,talk,24,1,12,VOTE Agent[07]
2,talk,25,1,13,ESTIMATE Agent[01] WEREWOLF
2,talk,26,2,4,Skip
2,talk,27,2,11,Skip
2,talk,28,2,9,Skip
2,talk,29,2,10,Skip
2,talk,30,2,15,VOTE Agent[07]
2,talk,31,2,13,ESTIMATE Agent[12] WEREWOLF
2,talk,32,2,1,Skip
2,talk,33,2,2,ESTIMATE Agent[07] WEREWOLF
2,talk,34,2,5,Skip
2,talk,35,2,7,Skip
2,talk,36,2,6,VOTE Agent[02]
2,talk,37,2,12,Skip
2,talk,38,2,14,Skip
2,talk,39,3,11,Skip
2,talk,40,3,5,Over
2,talk,41,3,4,Skip
2,talk,42,3,10,Over
2,talk,43,3,14,Over
2,talk,44,3,9,Over
2,talk,45,3,15,VOTE Agent[07]
2,talk,46,3,2,VOTE Agent[06]
2,talk,47,3,12,Skip
2,talk,48,3,1,Over
2,talk,49,3,7,Skip
2,talk,50,3,13,VOTE Agent[02]
2,talk,51,3,6,VOTE Agent[07]
2,talk,52,4,5,Over
2,talk,53,4,4,Over
2,talk,54,4,14,Over
2,talk,55,4,1,Over
2,talk,56,4,10,Over
2,talk,57,4,9,Over
2,talk,58,4,15,VOTE Agent[06]
2,talk,59,4,12,Over
2,talk,60,4,6,Skip
2,talk,61,4,7,Over
2,talk,62,4,2,ESTIMATE Agent[07] WEREWOLF
2,talk,63,4,11,Over
2,talk,64,4,13,ESTIMATE Agent[12] WEREWOLF
2,talk,65,5,11,Over
2,talk,66,5,1,Over
2,talk,67,5,13,ESTIMATE Agent[09] VILLAGER
2,talk,68,5,6,Skip
2,talk,69,5,5,Over
2,talk,70,5,14,Over
2,talk,71,5,12,Over
2,talk,72,5,2,ESTIMATE Agent[15] MEDIUM
2,talk,73,5,15,VOTE Agent[06]
2,talk,74,5,7,Over
2,talk,75,5,4,Over
2,talk,76,5,9,Over
2,talk,77,5,10,Over
2,talk,78,6,10,Over
2,talk,79,6,12,Over
2,talk,80,6,2,REQUEST ANY (VOTE Agent[06])
2,talk,81,6,6,Over
2,talk,82,6,11,Over
2,talk,83,6,4,Over
2,talk,84,6,15,VOTE Agent[06]
2,talk,85,6,5,Over
2,talk,86,6,13,ESTIMATE Agent[15] MEDIUM
2,talk,87,6,9,Over
2,talk,88,6,1,Over
2,talk,89,6,14,Over
2,talk,90,6,7,Over
2,talk,91,7,2,ESTIMATE Agent[07] WEREWOLF
2,talk,92,7,15,VOTE Agent[06]
2,talk,93,7,5,Over
2,talk,94,7,12,Over
2,talk,95,7,7,Over
2,talk,96,7,14,Over
2,talk,97,7,6,Over
2,talk,98,7,13,ESTIMATE Agent[09] VILLAGER
2,talk,99,7,1,Over
2,talk,100,7,11,Over
2,talk,101,7,10,Over
2,talk,102,7,9,Over
2,talk,103,7,4,Over
2,talk,104,8,13,Skip
2,talk,105,8,9,Over
2,talk,106,8,5,Over
2,talk,107,8,11,Over
2,talk,108,8,10,Over
2,talk,109,8,7,Over
2,talk,110,8,15,VOTE Agent[06]
2,talk,111,8,4,Over
2,talk,112,8,1,Over
2,talk,113,8,12,Over
2,talk,114,8,6,Over
2,talk,115,8,14,Over
2,talk,116,8,2,ESTIMATE Agent[07] WEREWOLF
2,talk,117,9,4,Over
2,talk,118,9,7,Over
2,talk,119,9,9,Over
2,talk,120,9,11,Over
2,talk,121,9,14,Over
2,talk,122,9,2,Over
2,talk,123,9,13,Over
2,talk,124,9,10,Over
2,talk,125,9,12,Over
2,talk,126,9,15,Over
2,talk,127,9,6,Over
2,talk,128,9,1,Over
2,talk,129,9,5,Over
2,vote,1,7
2,vote,2,6
2,vote,4,7
2,vote,5,7
2,vote,6,7
2,vote,7,15
2,vote,9,7
2,vote,10,7
2,vote,11,7
2,vote,12,7
2,vote,13,2
2,vote,14,7
2,vote,15,6
2,execute,7,WEREWOLF
2,divine,6,11,HUMAN
2,guard,5,6,SEER
2,attackVote,2,13
2,attack,13,true
3,status,1,VILLAGER,ALIVE,hellowolf
3,status,2,WEREWOLF,ALIVE,wasabi
3,status,3,VILLAGER,DEAD,hellowolf 2
3,status,4,VILLAGER,ALIVE,fanfan 1
3,status,5,BODYGUARD,ALIVE,hellowolf 1
3,status,6,SEER,ALIVE,fanfan 2
3,status,7,WEREWOLF,DEAD,tomato
3,status,8,WEREWOLF,DEAD,takeda 1
3,status,9,VILLAGER,ALIVE,takeda 3
3,status,10,VILLAGER,ALIVE,takeda 2
3,status,11,VILLAGER,ALIVE,tomato 1
3,status,12,POSSESSED,ALIVE,fanfan
3,status,13,VILLAGER,DEAD,wasabi 1
3,status,14,VILLAGER,ALIVE,takeda
3,status,15,MEDIUM,ALIVE,HALUemon
3,talk,0,0,12,DIVINED Agent[06] WEREWOLF
3,talk,1,0,4,VOTE Agent[02]
3,talk,2,0,2,Skip
3,talk,3,0,5,VOTE Agent[02]
3,talk,4,0,14,VOTE Agent[04]
3,talk,5,0,10,VOTE Agent[04]
3,talk,6,0,11,VOTE Agent[04]
3,talk,7,0,1,VOTE Agent[02]
3,talk,8,0,6,DIVINED Agent[11] HUMAN
3,talk,9,0,9,VOTE Agent[04]
3,talk,10,0,15,IDENTIFIED Agent[07] WEREWOLF
3,talk,11,1,11,VOTE Agent[02]
3,talk,12,1,4,VOTE Agent[01]
3,talk,13,1,15,VOTE Agent[02]
3,talk,14,1,10,Skip
3,talk,15,1,1,VOTE Agent[04]
3,talk,16,1,2,ESTIMATE Agent[01] WEREWOLF
3,talk,17,1,5,VOTE Agent[06]
3,talk,18,1,12,VOTE Agent[01]
3,talk,19,1,14,Skip
3,talk,20,1,9,Skip
3,talk,21,1,6,VOTE Agent[02]
3,talk,22,2,14,Skip
3,talk,23,2,2,ESTIMATE Agent[10] VILLAGER
3,talk,24,2,9,Skip
3,talk,25,2,12,Skip
3,talk,26,2,11,Skip
3,talk,27,2,10,Skip
3,talk,28,2,1,VOTE Agent[02]
3,talk,29,2,15,VOTE Agent[01]
3,talk,30,2,6,VOTE Agent[02]
3,talk,31,2,4,VOTE Agent[02]
3,talk,32,2,5,VOTE Agent[02]
3,talk,33,3,9,Over
3,talk,34,3,10,Over
3,talk,35,3,4,Skip
3,talk,36,3,11,Skip
3,talk,37,3,6,Skip
3,talk,38,3,1,Skip
3,talk,39,3,12,Skip
3,talk,40,3,14,Over
3,talk,41,3,2,VOTE Agent[06]
3,talk,42,3,5,Skip
3,talk,43,3,15,VOTE Agent[01]
3,talk,44,4,14,Over
3,talk,45,4,4,Skip
3,talk,46,4,10,Over
3,talk,47,4,11,Over
3,talk,48,4,15,VOTE Agent[01]
3,talk,49,4,12,Over
3,talk,50,4,1,Skip
3,talk,51,4,9,Over
3,talk,52,4,2,ESTIMATE Agent[15] WEREWOLF
3,talk,53,4,5,Skip
3,talk,54,4,6,Skip
3,talk,55,5,14,Over
3,talk,56,5,11,Over
3,talk,57,5,1,Over
3,talk,58,5,2,ESTIMATE Agent[06] WEREWOLF
3,talk,59,5,6,Over
3,talk,60,5,15,VOTE Agent[01]
3,talk,61,5,4,Over
3,talk,62,5,5,Over
3,talk,63,5,10,Over
3,talk,64,5,12,Over
3,talk,65,5,9,Over
3,talk,66,6,4,Over
3,talk,67,6,6,Over
3,talk,68,6,10,Over
3,talk,69,6,1,Over
3,talk,70,6,2,ESTIMATE Agent[15] WEREWOLF
3,talk,71,6,9,Over
3,talk,72,6,12,Over
3,talk,73,6,14,Over
3,talk,74,6,5,Over
3,talk,75,6,11,Over
3,talk,76,6,15,VOTE Agent[01]
3,talk,77,7,5,Over
3,talk,78,7,6,Over
3,talk,79,7,10,Over
3,talk,80,7,1,Over
3,talk,81,7,11,Over
3,talk,82,7,9,Over
3,talk,83,7,15,VOTE Agent[01]
3,talk,84,7,14,Over
3,talk,85,7,2,ESTIMATE Agent[06] WEREWOLF
3,talk,86,7,4,Over
3,talk,87,7,12,Over
3,talk,88,8,14,Over
3,talk,89,8,11,Over
3,talk,90,8,15,VOTE Agent[01]
3,talk,91,8,10,Over
3,talk,92,8,5,Over
3,talk,93,8,9,Over
3,talk,94,8,1,Over
3,talk,95,8,12,Over
3,talk,96,8,4,Over
3,talk,97,8,2,ESTIMATE Agent[06] WEREWOLF
3,talk,98,8,6,Over
3,talk,99,9,11,VOTE Agent[01]
3,talk,100,9,4,Over
3,talk,101,9,1,Over
3,talk,102,9,10,Over
3,talk,103,9,5,Over
3,talk,104,9,9,Over
3,talk,105,9,15,Over
3,talk,106,9,14,Over
3,talk,107,9,2,Over
3,talk,108,9,6,Over
3,talk,109,9,12,Over
3,talk,110,10,10,Over
3,talk,111,10,4,VOTE Agent[01]
3,talk,112,10,6,Over
3,talk,113,10,12,Over
3,talk,114,10,1,Over
3,talk,115,10,5,VOTE Agent[01]
3,talk,116,10,14,Over
3,talk,117,10,15,Over
3,talk,118,10,2,Over
3,talk,119,10,9,Over
3,talk,120,10,11,Skip
3,talk,121,11,15,Over
3,talk,122,11,11,Skip
3,talk,123,11,12,Over
3,talk,124,11,10,Over
3,talk,125,11,1,Over
3,talk,126,11,4,Skip
3,talk,127,11,5,Skip
3,talk,128,11,2,Over
3,talk,129,11,6,Over
3,talk,130,11,14,Over
3,talk,131,11,9,Over
3,talk,132,12,12,Over
3,talk,133,12,11,Over
3,talk,134,12,10,Over
3,talk,135,12,15,Over
3,talk,136,12,9,Over
3,talk,137,12,14,Over
3,talk,138,12,2,Over
3,talk,139,12,4,Skip
3,talk,140,12,1,Over
3,talk,141,12,6,Over
3,talk,142,12,5,Skip
3,talk,143,13,6,Over
3,talk,144,13,10,Over
3,talk,145,13,11,Over
3,talk,146,13,14,Over
3,talk,147,13,9,Over
3,talk,148,13,1,Over
3,talk,149,13,5,Over
3,talk,150,13,4,Over
3,talk,151,13,12,Over
3,talk,152,13,2,Over
3,talk,153,13,15,Over
3,vote,1,2
3,vote,2,6
3,vote,4,1
3,vote,5,1
3,vote,6,2
3,vote,9,4
3,vote,10,4
3,vote,11,1
3,vote,12,1
3,vote,14,4
3,vote,15,2
3,execute,1,VILLAGER
3,divine,6,9,HUMAN
3,guard,5,6,SEER
3,attackVote,2,9
3,attack,9,true
4,status,1,VILLAGER,DEAD,hellowolf
4,status,2,WEREWOLF,ALIVE,wasabi
4,status,3,VILLAGER,DEAD,hellowolf 2
4,status,4,VILLAGER,ALIVE,fanfan 1
4,status,5,BODYGUARD,ALIVE,hellowolf 1
4,status,6,SEER,ALIVE,fanfan 2
4,status,7,WEREWOLF,DEAD,tomato
4,status,8,WEREWOLF,DEAD,takeda 1
4,status,9,VILLAGER,DEAD,takeda 3
4,status,10,VILLAGER,ALIVE,takeda 2
4,status,11,VILLAGER,ALIVE,tomato 1
4,status,12,POSSESSED,ALIVE,fanfan
4,status,13,VILLAGER,DEAD,wasabi 1
4,status,14,VILLAGER,ALIVE,takeda
4,status,15,MEDIUM,ALIVE,HALUemon
4,talk,0,0,5,VOTE Agent[06]
4,talk,1,0,15,IDENTIFIED Agent[01] HUMAN
4,talk,2,0,14,VOTE Agent[04]
4,talk,3,0,4,VOTE Agent[06]
4,talk,4,0,10,VOTE Agent[04]
4,talk,5,0,12,VOTE Agent[15]
4,talk,6,0,6,DIVINED Agent[09] HUMAN
4,talk,7,0,11,VOTE Agent[02]
4,talk,8,0,2,Skip
4,talk,9,1,12,Skip
4,talk,10,1,10,VOTE Agent[02]
4,talk,11,1,2,ESTIMATE Agent[11] VILLAGER
4,talk,12,1,6,VOTE Agent[02]
4,talk,13,1,11,VOTE Agent[04]
4,talk,14,1,15,VOTE Agent[02]
4,talk,15,1,4,VOTE Agent[02]
4,talk,16,1,5,VOTE Agent[02]
4,talk,17,1,14,VOTE Agent[02]
4,talk,18,2,6,VOTE Agent[02]
4,talk,19,2,10,Skip
4,talk,20,2,14,Skip
4,talk,21,2,11,VOTE Agent[02]
4,talk,22,2,12,Skip
4,talk,23,2,15,VOTE Agent[02]
4,talk,24,2,4,Skip
4,talk,25,2,2,Skip
4,talk,26,2,5,Skip
4,talk,27,3,11,Skip
4,talk,28,3,6,Skip
4,talk,29,3,14,Skip
4,talk,30,3,4,Skip
4,talk,31,3,15,VOTE Agent[02]
4,talk,32,3,5,Skip
4,talk,33,3,10,Skip
4,talk,34,3,2,VOTE Agent[15]
4,talk,35,3,12,Over
4,talk,36,4,4,Over
4,talk,37,4,11,Skip
4,talk,38,4,12,Over
4,talk,39,4,5,Over
4,talk,40,4,6,Skip
4,talk,41,4,14,Over
4,talk,42,4,2,ESTIMATE Agent[06] WEREWOLF
4,talk,43,4,10,Over
4,talk,44,4,15,VOTE Agent[02]
4,talk,45,5,15,VOTE Agent[02]
4,talk,46,5,2,Skip
4,talk,47,5,5,Over
4,talk,48,5,11,Over
4,talk,49,5,4,Over
4,talk,50,5,14,Over
4,talk,51,5,6,Over
4,talk,52,5,12,Over
4,talk,53,5,10,Over
4,talk,54,6,15,VOTE Agent[02]
4,talk,55,6,12,Over
4,talk,56,6,2,ESTIMATE Agent[15] WEREWOLF
4,talk,57,6,6,Over
4,talk,58,6,5,Over
4,talk,59,6,10,Over
4,talk,60,6,14,Over
4,talk,61,6,4,Over
4,talk,62,6,11,Over
4,talk,63,7,5,Over
4,talk,64,7,15,VOTE Agent[02]
4,talk,65,7,4,Over
4,talk,66,7,2,VOTE Agent[06]
4,talk,67,7,14,Over
4,talk,68,7,10,Over
4,talk,69,7,6,Over
4,talk,70,7,12,Over
4,talk,71,7,11,Over
4,talk,72,8,6,Over
4,talk,73,8,15,VOTE Agent[02]
4,talk,74,8,12,Over
4,talk,75,8,4,Over
4,talk,76,8,10,Over
4,talk,77,8,14,Over
4,talk,78,8,11,Over
4,talk,79,8,5,Over
4,talk,80,8,2,ESTIMATE Agent[15] WEREWOLF
4,talk,81,9,10,Over
4,talk,82,9,6,Over
4,talk,83,9,4,Over
4,talk,84,9,11,Over
4,talk,85,9,12,Over
4,talk,86,9,15,Over
4,talk,87,9,2,Over
4,talk,88,9,14,Over
4,talk,89,9,5,Over
4,vote,2,6
4,vote,4,2
4,vote,5,2
4,vote,6,2
4,vote,10,2
4,vote,11,2
4,vote,12,15
4,vote,14,2
4,vote,15,2
4,execute,2,WEREWOLF
4,divine,6,10,HUMAN
4,guard,5,6,SEER
5,status,1,VILLAGER,DEAD,hellowolf
5,status,2,WEREWOLF,DEAD,wasabi
5,status,3,VILLAGER,DEAD,hellowolf 2
5,status,4,VILLAGER,ALIVE,fanfan 1
5,status,5,BODYGUARD,ALIVE,hellowolf 1
5,status,6,SEER,ALIVE,fanfan 2
5,status,7,WEREWOLF,DEAD,tomato
5,status,8,WEREWOLF,DEAD,takeda 1
5,status,9,VILLAGER,DEAD,takeda 3
5,status,10,VILLAGER,ALIVE,takeda 2
5,status,11,VILLAGER,ALIVE,tomato 1
5,status,12,POSSESSED,ALIVE,fanfan
5,status,13,VILLAGER,DEAD,wasabi 1
5,status,14,VILLAGER,ALIVE,takeda
5,status,15,MEDIUM,ALIVE,HALUemon
5,result,8,0,VILLAGER
