0,status,1,VILLAGER,ALIVE,wasabi61
0,status,2,VILLAGER,ALIVE,wasabi51
0,status,3,VILLAGER,ALIVE,wasabi81
0,status,4,VILLAGER,ALIVE,wasabi71
0,status,5,WEREWOLF,ALIVE,wasabi21
0,status,6,WEREWOLF,ALIVE,wasabi11
0,status,7,BODYGUARD,ALIVE,wasabi41
0,status,8,MEDIUM,ALIVE,wasabi31
0,status,9,WEREWOLF,ALIVE,wasabi4
0,status,10,POSSESSED,ALIVE,wasabi3
0,status,11,SEER,ALIVE,wasabi5
0,status,12,VILLAGER,ALIVE,wasabi91
0,status,13,VILLAGER,ALIVE,wasabi2
0,status,14,VILLAGER,ALIVE,wasabi1
0,status,15,VILLAGER,ALIVE,HALUemon
0,whisper,0,0,5,ATTACK Agent[12]
0,whisper,1,0,9,ATTACK Agent[01]
0,whisper,2,0,6,Over
0,whisper,3,1,5,Over
0,whisper,4,1,9,Over
0,whisper,5,1,6,Over
0,divine,11,8,HUMAN
1,status,1,VILLAGER,ALIVE,wasabi61
1,status,2,VILLAGER,ALIVE,wasabi51
1,status,3,VILLAGER,ALIVE,wasabi81
1,status,4,VILLAGER,ALIVE,wasabi71
1,status,5,WEREWOLF,ALIVE,wasabi21
1,status,6,WEREWOLF,ALIVE,wasabi11
1,status,7,BODYGUARD,ALIVE,wasabi41
1,status,8,MEDIUM,ALIVE,wasabi31
1,status,9,WEREWOLF,ALIVE,wasabi4
1,status,10,POSSESSED,ALIVE,wasabi3
1,status,11,SEER,ALIVE,wasabi5
1,status,12,VILLAGER,ALIVE,wasabi91
1,status,13,VILLAGER,ALIVE,wasabi2
1,status,14,VILLAGER,ALIVE,wasabi1
1,status,15,VILLAGER,ALIVE,HALUemon
1,talk,0,0,6,Skip
1,talk,1,0,14,Skip
1,talk,2,0,15,Skip
1,talk,3,0,3,ESTIMATE Agent[09] WEREWOLF
1,talk,4,0,7,Skip
1,talk,5,0,10,COMINGOUT Agent[10] SEER
1,talk,6,0,2,ESTIMATE Agent[13] VILLAGER
1,talk,7,0,1,Skip
1,talk,8,0,8,COMINGOUT Agent[08] MEDIUM
1,talk,9,0,11,COMINGOUT Agent[11] SEER
1,talk,10,0,12,Skip
1,talk,11,0,9,ESTIMATE Agent[01] WEREWOLF
1,talk,12,0,13,Skip
1,talk,13,0,5,ESTIMATE Agent[09] VILLAGER
1,talk,14,0,4,ESTIMATE Agent[05] VILLAGER
1,talk,15,1,14,Skip
1,talk,16,1,8,ESTIMATE Agent[11] WEREWOLF
1,talk,17,1,1,ESTIMATE Agent[13] WEREWOLF
1,talk,18,1,10,DIVINED Agent[05] WEREWOLF
1,talk,19,1,11,DIVINED Agent[08] HUMAN
1,talk,20,1,3,ESTIMATE Agent[05] VILLAGER
1,talk,21,1,13,ESTIMATE Agent[02] VILLAGER
1,talk,22,1,9,Skip
1,talk,23,1,15,Skip
1,talk,24,1,7,ESTIMATE Agent[02] VILLAGER
1,talk,25,1,2,Skip
1,talk,26,1,4,ESTIMATE Agent[12] VILLAGER
1,talk,27,1,5,Skip
1,talk,28,1,12,Skip
1,talk,29,1,6,Skip
1,talk,30,2,15,Over
1,talk,31,2,6,ESTIMATE Agent[05] WEREWOLF
1,talk,32,2,1,Skip
1,talk,33,2,3,ESTIMATE Agent[10] WEREWOLF
1,talk,34,2,13,Skip
1,talk,35,2,4,ESTIMATE Agent[11] WEREWOLF
1,talk,36,2,10,Skip
1,talk,37,2,7,ESTIMATE Agent[15] VILLAGER
1,talk,38,2,8,ESTIMATE Agent[10] WEREWOLF
1,talk,39,2,5,ESTIMATE Agent[08] MEDIUM
1,talk,40,2,12,Over
1,talk,41,2,2,ESTIMATE Agent[10] WEREWOLF
1,talk,42,2,14,Over
1,talk,43,2,9,ESTIMATE Agent[01] VILLAGER
1,talk,44,2,11,ESTIMATE Agent[04] VILLAGER
1,talk,45,3,5,VOTE Agent[10]
1,talk,46,3,9,VOTE Agent[05]
1,talk,47,3,14,VOTE Agent[05]
1,talk,48,3,11,VOTE Agent[14]
1,talk,49,3,10,VOTE Agent[05]
1,talk,50,3,15,Over
1,talk,51,3,7,VOTE Agent[05]
1,talk,52,3,6,VOTE Agent[05]
1,talk,53,3,3,VOTE Agent[05]
1,talk,54,3,2,VOTE Agent[05]
1,talk,55,3,12,VOTE Agent[05]
1,talk,56,3,4,VOTE Agent[05]
1,talk,57,3,8,VOTE Agent[05]
1,talk,58,3,13,VOTE Agent[05]
1,talk,59,3,1,VOTE Agent[05]
1,talk,60,4,7,ESTIMATE Agent[11] WEREWOLF
1,talk,61,4,10,BECAUSE (Agent[05] VOTED Agent[10]) (REQUEST ANY (VOTE Agent[05]))
1,talk,62,4,8,Skip
1,talk,63,4,15,Over
1,talk,64,4,5,ESTIMATE Agent[03] VILLAGER
1,talk,65,4,6,ESTIMATE Agent[01] WEREWOLF
1,talk,66,4,4,ESTIMATE Agent[09] VILLAGER
1,talk,67,4,14,BECAUSE (Agent[11] VOTED Agent[14]) (REQUEST ANY (VOTE Agent[11]))
1,talk,68,4,13,Skip
1,talk,69,4,1,ESTIMATE Agent[15] VILLAGER
1,talk,70,4,2,ESTIMATE Agent[03] VILLAGER
1,talk,71,4,11,VOTE Agent[05]
1,talk,72,4,9,Skip
1,talk,73,4,12,Skip
1,talk,74,4,3,ESTIMATE Agent[14] WEREWOLF
1,talk,75,5,4,Skip
1,talk,76,5,15,Over
1,talk,77,5,2,Skip
1,talk,78,5,5,REQUEST ANY (VOTE Agent[10])
1,talk,79,5,10,Skip
1,talk,80,5,14,Skip
1,talk,81,5,11,Skip
1,talk,82,5,12,ESTIMATE Agent[01] VILLAGER
1,talk,83,5,1,Skip
1,talk,84,5,13,AGREE TALK day1 ID:16
1,talk,85,5,3,ESTIMATE Agent[01] VILLAGER
1,talk,86,5,6,ESTIMATE Agent[08] MEDIUM
1,talk,87,5,8,Skip
1,talk,88,5,7,ESTIMATE Agent[01] VILLAGER
1,talk,89,5,9,Skip
1,talk,90,6,15,Over
1,talk,91,6,11,DISAGREE TALK day1 ID:21
1,talk,92,6,6,Skip
1,talk,93,6,7,ESTIMATE Agent[09] VILLAGER
1,talk,94,6,13,ESTIMATE Agent[09] VILLAGER
1,talk,95,6,14,Skip
1,talk,96,6,5,Skip
1,talk,97,6,1,ESTIMATE Agent[08] MEDIUM
1,talk,98,6,3,Skip
1,talk,99,6,2,Skip
1,talk,100,6,10,AGREE TALK day1 ID:64
1,talk,101,6,9,AGREE TALK day1 ID:33
1,talk,102,6,12,Skip
1,talk,103,6,8,Over
1,talk,104,6,4,ESTIMATE Agent[15] VILLAGER
1,talk,105,7,13,AGREE TALK day1 ID:26
1,talk,106,7,10,ESTIMATE Agent[05] WEREWOLF
1,talk,107,7,2,ESTIMATE Agent[07] VILLAGER
1,talk,108,7,12,Skip
1,talk,109,7,5,ESTIMATE Agent[15] VILLAGER
1,talk,110,7,8,ESTIMATE Agent[02] VILLAGER
1,talk,111,7,15,Over
1,talk,112,7,1,ESTIMATE Agent[07] VILLAGER
1,talk,113,7,4,Skip
1,talk,114,7,9,Skip
1,talk,115,7,14,AGREE TALK day1 ID:37
1,talk,116,7,11,ESTIMATE Agent[12] WEREWOLF
1,talk,117,7,3,REQUEST ANY (VOTE Agent[05])
1,talk,118,7,6,ESTIMATE Agent[08] MEDIUM
1,talk,119,7,7,Skip
1,talk,120,8,2,REQUEST ANY (VOTE Agent[05])
1,talk,121,8,6,Skip
1,talk,122,8,7,Skip
1,talk,123,8,13,ESTIMATE Agent[15] VILLAGER
1,talk,124,8,12,ESTIMATE Agent[04] VILLAGER
1,talk,125,8,4,ESTIMATE Agent[01] WEREWOLF
1,talk,126,8,10,AGREE TALK day1 ID:6
1,talk,127,8,14,ESTIMATE Agent[07] VILLAGER
1,talk,128,8,3,ESTIMATE Agent[04] VILLAGER
1,talk,129,8,15,Over
1,talk,130,8,1,Skip
1,talk,131,8,8,ESTIMATE Agent[10] WEREWOLF
1,talk,132,8,5,Skip
1,talk,133,8,11,DISAGREE TALK day1 ID:74
1,talk,134,8,9,Skip
1,talk,135,9,3,Over
1,talk,136,9,9,Over
1,talk,137,9,8,Over
1,talk,138,9,14,Over
1,talk,139,9,15,Over
1,talk,140,9,12,Over
1,talk,141,9,5,Over
1,talk,142,9,11,Over
1,talk,143,9,1,Over
1,talk,144,9,4,Over
1,talk,145,9,6,Over
1,talk,146,9,2,Over
1,talk,147,9,10,Over
1,talk,148,9,7,Over
1,talk,149,9,13,Over
1,vote,1,5
1,vote,2,5
1,vote,3,5
1,vote,4,5
1,vote,5,10
1,vote,6,5
1,vote,7,5
1,vote,8,5
1,vote,9,5
1,vote,10,5
1,vote,11,5
1,vote,12,5
1,vote,13,5
1,vote,14,5
1,vote,15,1
1,execute,5,WEREWOLF
1,divine,11,13,HUMAN
1,whisper,0,0,9,ATTACK Agent[10]
1,whisper,1,0,6,ATTACK Agent[10]
1,whisper,2,1,6,Over
1,whisper,3,1,9,Over
1,guard,7,10,POSSESSED
1,attackVote,6,10
1,attackVote,9,10
1,attack,10,false
2,status,1,VILLAGER,ALIVE,wasabi61
2,status,2,VILLAGER,ALIVE,wasabi51
2,status,3,VILLAGER,ALIVE,wasabi81
2,status,4,VILLAGER,ALIVE,wasabi71
2,status,5,WEREWOLF,DEAD,wasabi21
2,status,6,WEREWOLF,ALIVE,wasabi11
2,status,7,BODYGUARD,ALIVE,wasabi41
2,status,8,MEDIUM,ALIVE,wasabi31
2,status,9,WEREWOLF,ALIVE,wasabi4
2,status,10,POSSESSED,ALIVE,wasabi3
2,status,11,SEER,ALIVE,wasabi5
2,status,12,VILLAGER,ALIVE,wasabi91
2,status,13,VILLAGER,ALIVE,wasabi2
2,status,14,VILLAGER,ALIVE,wasabi1
2,status,15,VILLAGER,ALIVE,HALUemon
2,talk,0,0,3,ESTIMATE Agent[02] WEREWOLF
2,talk,1,0,9,Skip
2,talk,2,0,4,ESTIMATE Agent[06] WEREWOLF
2,talk,3,0,8,IDENTIFIED Agent[05] WEREWOLF
2,talk,4,0,12,ESTIMATE Agent[11] WEREWOLF
2,talk,5,0,10,DIVINED Agent[03] HUMAN
2,talk,6,0,13,Skip
2,talk,7,0,1,ESTIMATE Agent[15] WEREWOLF
2,talk,8,0,7,ESTIMATE Agent[11] WEREWOLF
2,talk,9,0,6,ESTIMATE Agent[11] WEREWOLF
2,talk,10,0,14,ESTIMATE Agent[08] MEDIUM
2,talk,11,0,2,Skip
2,talk,12,0,11,DIVINED Agent[13] HUMAN
2,talk,13,0,15,Skip
2,talk,14,1,1,Skip
2,talk,15,1,7,ESTIMATE Agent[10] WEREWOLF
2,talk,16,1,6,ESTIMATE Agent[15] WEREWOLF
2,talk,17,1,13,Skip
2,talk,18,1,2,Skip
2,talk,19,1,4,ESTIMATE Agent[15] VILLAGER
2,talk,20,1,9,Skip
2,talk,21,1,14,ESTIMATE Agent[04] WEREWOLF
2,talk,22,1,12,ESTIMATE Agent[08] MEDIUM
2,talk,23,1,11,ESTIMATE Agent[10] WEREWOLF
2,talk,24,1,15,Skip
2,talk,25,1,3,ESTIMATE Agent[11] WEREWOLF
2,talk,26,1,10,ESTIMATE Agent[07] WEREWOLF
2,talk,27,1,8,ESTIMATE Agent[07] WEREWOLF
2,talk,28,2,9,DISAGREE TALK day2 ID:0
2,talk,29,2,1,ESTIMATE Agent[14] WEREWOLF
2,talk,30,2,6,Skip
2,talk,31,2,2,Over
2,talk,32,2,7,Skip
2,talk,33,2,14,Skip
2,talk,34,2,3,ESTIMATE Agent[01] VILLAGER
2,talk,35,2,11,AGREE TALK day2 ID:21
2,talk,36,2,15,Over
2,talk,37,2,8,ESTIMATE Agent[13] VILLAGER
2,talk,38,2,12,ESTIMATE Agent[06] VILLAGER
2,talk,39,2,4,ESTIMATE Agent[08] MEDIUM
2,talk,40,2,13,Over
2,talk,41,2,10,AGREE TALK day2 ID:10
2,talk,42,3,8,VOTE Agent[02]
2,talk,43,3,4,VOTE Agent[01]
2,talk,44,3,13,VOTE Agent[04]
2,talk,45,3,1,VOTE Agent[04]
2,talk,46,3,11,VOTE Agent[01]
2,talk,47,3,15,Over
2,talk,48,3,12,VOTE Agent[06]
2,talk,49,3,9,VOTE Agent[15]
2,talk,50,3,6,VOTE Agent[09]
2,talk,51,3,2,VOTE Agent[12]
2,talk,52,3,14,VOTE Agent[04]
2,talk,53,3,7,VOTE Agent[06]
2,talk,54,3,10,VOTE Agent[14]
2,talk,55,3,3,VOTE Agent[01]
2,talk,56,4,13,DISAGREE TALK day2 ID:29
2,talk,57,4,3,VOTE Agent[04]
2,talk,58,4,6,Skip
2,talk,59,4,2,VOTE Agent[01]
2,talk,60,4,1,VOTE Agent[15]
2,talk,61,4,12,Skip
2,talk,62,4,9,BECAUSE (Agent[06] VOTED Agent[09]) (REQUEST ANY (VOTE Agent[06]))
2,talk,63,4,15,Over
2,talk,64,4,14,BECAUSE (Agent[10] VOTED Agent[14]) (REQUEST ANY (VOTE Agent[10]))
2,talk,65,4,7,ESTIMATE Agent[11] WEREWOLF
2,talk,66,4,10,VOTE Agent[01]
2,talk,67,4,8,Skip
2,talk,68,4,4,ESTIMATE Agent[07] WEREWOLF
2,talk,69,4,11,ESTIMATE Agent[10] WEREWOLF
2,talk,70,5,7,ESTIMATE Agent[11] WEREWOLF
2,talk,71,5,9,Skip
2,talk,72,5,2,VOTE Agent[04]
2,talk,73,5,3,ESTIMATE Agent[13] VILLAGER
2,talk,74,5,13,ESTIMATE Agent[11] WEREWOLF
2,talk,75,5,15,Over
2,talk,76,5,10,VOTE Agent[04]
2,talk,77,5,1,ESTIMATE Agent[13] VILLAGER
2,talk,78,5,14,Skip
2,talk,79,5,11,VOTE Agent[15]
2,talk,80,5,6,ESTIMATE Agent[04] WEREWOLF
2,talk,81,5,12,Skip
2,talk,82,5,8,ESTIMATE Agent[09] VILLAGER
2,talk,83,5,4,ESTIMATE Agent[11] WEREWOLF
2,talk,84,6,8,ESTIMATE Agent[06] VILLAGER
2,talk,85,6,14,ESTIMATE Agent[03] VILLAGER
2,talk,86,6,11,AGREE TALK day2 ID:29
2,talk,87,6,12,ESTIMATE Agent[07] VILLAGER
2,talk,88,6,6,VOTE Agent[12]
2,talk,89,6,1,ESTIMATE Agent[03] VILLAGER
2,talk,90,6,3,VOTE Agent[07]
2,talk,91,6,15,Over
2,talk,92,6,2,VOTE Agent[06]
2,talk,93,6,9,VOTE Agent[04]
2,talk,94,6,10,VOTE Agent[09]
2,talk,95,6,7,Skip
2,talk,96,6,13,DISAGREE TALK day2 ID:29
2,talk,97,6,4,VOTE Agent[09]
2,talk,98,7,1,VOTE Agent[12]
2,talk,99,7,7,ESTIMATE Agent[12] VILLAGER
2,talk,100,7,14,VOTE Agent[02]
2,talk,101,7,11,VOTE Agent[04]
2,talk,102,7,9,Skip
2,talk,103,7,6,VOTE Agent[01]
2,talk,104,7,13,Skip
2,talk,105,7,4,VOTE Agent[01]
2,talk,106,7,10,VOTE Agent[15]
2,talk,107,7,12,VOTE Agent[02]
2,talk,108,7,2,Skip
2,talk,109,7,3,ESTIMATE Agent[01] VILLAGER
2,talk,110,7,8,VOTE Agent[14]
2,talk,111,7,15,Over
2,talk,112,8,13,ESTIMATE Agent[09] VILLAGER
2,talk,113,8,15,Over
2,talk,114,8,3,VOTE Agent[15]
2,talk,115,8,1,VOTE Agent[06]
2,talk,116,8,14,Skip
2,talk,117,8,2,VOTE Agent[14]
2,talk,118,8,7,ESTIMATE Agent[10] WEREWOLF
2,talk,119,8,12,REQUEST ANY (DIVINATION Agent[09])
2,talk,120,8,9,Skip
2,talk,121,8,8,ESTIMATE Agent[09] VILLAGER
2,talk,122,8,4,VOTE Agent[09]
2,talk,123,8,6,VOTE Agent[02]
2,talk,124,8,11,ESTIMATE Agent[15] WEREWOLF
2,talk,125,8,10,VOTE Agent[06]
2,talk,126,9,1,Over
2,talk,127,9,2,Over
2,talk,128,9,9,Over
2,talk,129,9,11,Over
2,talk,130,9,10,Over
2,talk,131,9,8,Over
2,talk,132,9,12,Over
2,talk,133,9,13,Over
2,talk,134,9,15,Over
2,talk,135,9,14,Over
2,talk,136,9,7,Over
2,talk,137,9,3,Over
2,talk,138,9,6,Over
2,talk,139,9,4,Over
2,vote,1,6
2,vote,2,14
2,vote,3,15
2,vote,4,9
2,vote,6,2
2,vote,7,6
2,vote,8,14
2,vote,9,4
2,vote,10,6
2,vote,11,4
2,vote,12,2
2,vote,13,4
2,vote,14,2
2,vote,15,1
2,vote,1,6
2,vote,2,9
2,vote,3,2
2,vote,4,2
2,vote,6,2
2,vote,7,6
2,vote,8,12
2,vote,9,4
2,vote,10,6
2,vote,11,4
2,vote,12,2
2,vote,13,4
2,vote,14,2
2,vote,15,1
2,execute,2,VILLAGER
2,divine,11,9,WEREWOLF
2,whisper,0,0,6,Over
2,whisper,1,0,9,Over
2,guard,7,10,POSSESSED
2,attackVote,6,13
2,attackVote,9,11
2,attackVote,6,11
2,attackVote,9,10
2,attack,11,true
3,status,1,VILLAGER,ALIVE,wasabi61
3,status,2,VILLAGER,DEAD,wasabi51
3,status,3,VILLAGER,ALIVE,wasabi81
3,status,4,VILLAGER,ALIVE,wasabi71
3,status,5,WEREWOLF,DEAD,wasabi21
3,status,6,WEREWOLF,ALIVE,wasabi11
3,status,7,BODYGUARD,ALIVE,wasabi41
3,status,8,MEDIUM,ALIVE,wasabi31
3,status,9,WEREWOLF,ALIVE,wasabi4
3,status,10,POSSESSED,ALIVE,wasabi3
3,status,11,SEER,DEAD,wasabi5
3,status,12,VILLAGER,ALIVE,wasabi91
3,status,13,VILLAGER,ALIVE,wasabi2
3,status,14,VILLAGER,ALIVE,wasabi1
3,status,15,VILLAGER,ALIVE,HALUemon
3,talk,0,0,12,ESTIMATE Agent[08] MEDIUM
3,talk,1,0,6,Skip
3,talk,2,0,14,ESTIMATE Agent[10] WEREWOLF
3,talk,3,0,8,IDENTIFIED Agent[02] HUMAN
3,talk,4,0,9,ESTIMATE Agent[04] VILLAGER
3,talk,5,0,10,DIVINED Agent[12] HUMAN
3,talk,6,0,13,ESTIMATE Agent[04] VILLAGER
3,talk,7,0,7,ESTIMATE Agent[04] WEREWOLF
3,talk,8,0,1,Skip
3,talk,9,0,4,ESTIMATE Agent[08] MEDIUM
3,talk,10,0,3,Skip
3,talk,11,0,15,Skip
3,talk,12,1,13,Skip
3,talk,13,1,8,ESTIMATE Agent[14] WEREWOLF
3,talk,14,1,12,ESTIMATE Agent[03] VILLAGER
3,talk,15,1,4,ESTIMATE Agent[12] VILLAGER
3,talk,16,1,1,Skip
3,talk,17,1,9,ESTIMATE Agent[03] VILLAGER
3,talk,18,1,6,ESTIMATE Agent[13] VILLAGER
3,talk,19,1,10,AGREE TALK day3 ID:0
3,talk,20,1,7,ESTIMATE Agent[10] WEREWOLF
3,talk,21,1,15,Skip
3,talk,22,1,14,ESTIMATE Agent[13] VILLAGER
3,talk,23,1,3,ESTIMATE Agent[01] WEREWOLF
3,talk,24,2,1,ESTIMATE Agent[10] WEREWOLF
3,talk,25,2,7,ESTIMATE Agent[03] VILLAGER
3,talk,26,2,6,Skip
3,talk,27,2,15,Over
3,talk,28,2,10,ESTIMATE Agent[03] VILLAGER
3,talk,29,2,12,Skip
3,talk,30,2,14,AGREE TALK day3 ID:18
3,talk,31,2,9,AGREE TALK day3 ID:2
3,talk,32,2,13,DISAGREE TALK day3 ID:13
3,talk,33,2,8,Skip
3,talk,34,2,4,ESTIMATE Agent[07] VILLAGER
3,talk,35,2,3,ESTIMATE Agent[10] WEREWOLF
3,talk,36,3,13,VOTE Agent[07]
3,talk,37,3,15,Over
3,talk,38,3,14,VOTE Agent[01]
3,talk,39,3,1,VOTE Agent[09]
3,talk,40,3,3,VOTE Agent[06]
3,talk,41,3,12,VOTE Agent[09]
3,talk,42,3,4,VOTE Agent[07]
3,talk,43,3,9,VOTE Agent[04]
3,talk,44,3,10,VOTE Agent[06]
3,talk,45,3,8,VOTE Agent[09]
3,talk,46,3,7,VOTE Agent[09]
3,talk,47,3,6,VOTE Agent[04]
3,talk,48,4,6,VOTE Agent[09]
3,talk,49,4,14,Skip
3,talk,50,4,10,AGREE TALK day3 ID:0
3,talk,51,4,15,Over
3,talk,52,4,8,VOTE Agent[07]
3,talk,53,4,3,VOTE Agent[09]
3,talk,54,4,12,ESTIMATE Agent[10] WEREWOLF
3,talk,55,4,7,Skip
3,talk,56,4,4,VOTE Agent[09]
3,talk,57,4,13,VOTE Agent[04]
3,talk,58,4,1,VOTE Agent[06]
3,talk,59,4,9,BECAUSE (Agent[01] VOTED Agent[09]) (REQUEST ANY (VOTE Agent[01]))
3,talk,60,5,14,ESTIMATE Agent[12] VILLAGER
3,talk,61,5,15,Over
3,talk,62,5,9,ESTIMATE Agent[13] VILLAGER
3,talk,63,5,6,VOTE Agent[14]
3,talk,64,5,4,ESTIMATE Agent[14] WEREWOLF
3,talk,65,5,10,VOTE Agent[09]
3,talk,66,5,3,Skip
3,talk,67,5,8,Skip
3,talk,68,5,1,ESTIMATE Agent[09] WEREWOLF
3,talk,69,5,13,ESTIMATE Agent[15] VILLAGER
3,talk,70,5,7,ESTIMATE Agent[09] WEREWOLF
3,talk,71,5,12,Skip
3,talk,72,6,1,Skip
3,talk,73,6,7,Skip
3,talk,74,6,13,AGREE TALK day3 ID:15
3,talk,75,6,8,VOTE Agent[14]
3,talk,76,6,4,VOTE Agent[14]
3,talk,77,6,12,Skip
3,talk,78,6,10,ESTIMATE Agent[15] VILLAGER
3,talk,79,6,9,AGREE TALK day3 ID:23
3,talk,80,6,14,BECAUSE (Agent[06] VOTED Agent[14]) (REQUEST ANY (VOTE Agent[06]))
3,talk,81,6,3,ESTIMATE Agent[04] VILLAGER
3,talk,82,6,6,VOTE Agent[04]
3,talk,83,6,15,Over
3,talk,84,7,13,Skip
3,talk,85,7,12,ESTIMATE Agent[13] VILLAGER
3,talk,86,7,14,VOTE Agent[04]
3,talk,87,7,3,VOTE Agent[04]
3,talk,88,7,10,VOTE Agent[04]
3,talk,89,7,9,VOTE Agent[14]
3,talk,90,7,6,Skip
3,talk,91,7,8,VOTE Agent[09]
3,talk,92,7,7,ESTIMATE Agent[09] WEREWOLF
3,talk,93,7,15,Over
3,talk,94,7,1,ESTIMATE Agent[13] VILLAGER
3,talk,95,7,4,VOTE Agent[09]
3,talk,96,8,12,ESTIMATE Agent[08] MEDIUM
3,talk,97,8,4,ESTIMATE Agent[10] WEREWOLF
3,talk,98,8,1,ESTIMATE Agent[09] WEREWOLF
3,talk,99,8,13,Skip
3,talk,100,8,6,Skip
3,talk,101,8,15,Over
3,talk,102,8,9,VOTE Agent[04]
3,talk,103,8,10,AGREE TALK day3 ID:34
3,talk,104,8,14,Skip
3,talk,105,8,8,Skip
3,talk,106,8,7,Skip
3,talk,107,8,3,VOTE Agent[09]
3,talk,108,9,12,Over
3,talk,109,9,14,Over
3,talk,110,9,9,Over
3,talk,111,9,10,Over
3,talk,112,9,15,Over
3,talk,113,9,13,Over
3,talk,114,9,6,Over
3,talk,115,9,3,Over
3,talk,116,9,8,Over
3,talk,117,9,4,Over
3,talk,118,9,7,Over
3,talk,119,9,1,Over
3,vote,1,6
3,vote,3,9
3,vote,4,9
3,vote,6,4
3,vote,7,9
3,vote,8,9
3,vote,9,4
3,vote,10,4
3,vote,12,9
3,vote,13,4
3,vote,14,4
3,vote,15,1
3,vote,1,9
3,vote,3,9
3,vote,4,9
3,vote,6,4
3,vote,7,9
3,vote,8,9
3,vote,9,4
3,vote,10,4
3,vote,12,9
3,vote,13,4
3,vote,14,4
3,vote,15,1
3,execute,9,WEREWOLF
3,guard,7,8,MEDIUM
3,attackVote,6,8
3,attack,8,false
4,status,1,VILLAGER,ALIVE,wasabi61
4,status,2,VILLAGER,DEAD,wasabi51
4,status,3,VILLAGER,ALIVE,wasabi81
4,status,4,VILLAGER,ALIVE,wasabi71
4,status,5,WEREWOLF,DEAD,wasabi21
4,status,6,WEREWOLF,ALIVE,wasabi11
4,status,7,BODYGUARD,ALIVE,wasabi41
4,status,8,MEDIUM,ALIVE,wasabi31
4,status,9,WEREWOLF,DEAD,wasabi4
4,status,10,POSSESSED,ALIVE,wasabi3
4,status,11,SEER,DEAD,wasabi5
4,status,12,VILLAGER,ALIVE,wasabi91
4,status,13,VILLAGER,ALIVE,wasabi2
4,status,14,VILLAGER,ALIVE,wasabi1
4,status,15,VILLAGER,ALIVE,HALUemon
4,talk,0,0,1,ESTIMATE Agent[04] VILLAGER
4,talk,1,0,10,DIVINED Agent[07] HUMAN
4,talk,2,0,8,IDENTIFIED Agent[09] WEREWOLF
4,talk,3,0,4,Skip
4,talk,4,0,3,Skip
4,talk,5,0,15,Skip
4,talk,6,0,7,Skip
4,talk,7,0,12,Skip
4,talk,8,0,14,ESTIMATE Agent[12] VILLAGER
4,talk,9,0,6,ESTIMATE Agent[13] VILLAGER
4,talk,10,0,13,ESTIMATE Agent[04] WEREWOLF
4,talk,11,1,4,ESTIMATE Agent[10] WEREWOLF
4,talk,12,1,1,Skip
4,talk,13,1,12,ESTIMATE Agent[08] MEDIUM
4,talk,14,1,6,ESTIMATE Agent[15] VILLAGER
4,talk,15,1,15,Skip
4,talk,16,1,8,ESTIMATE Agent[06] WEREWOLF
4,talk,17,1,3,ESTIMATE Agent[10] WEREWOLF
4,talk,18,1,13,Skip
4,talk,19,1,14,ESTIMATE Agent[10] WEREWOLF
4,talk,20,1,10,ESTIMATE Agent[03] VILLAGER
4,talk,21,1,7,ESTIMATE Agent[10] WEREWOLF
4,talk,22,2,3,ESTIMATE Agent[14] WEREWOLF
4,talk,23,2,15,Over
4,talk,24,2,4,ESTIMATE Agent[14] VILLAGER
4,talk,25,2,10,AGREE TALK day4 ID:8
4,talk,26,2,6,Skip
4,talk,27,2,13,AGREE TALK day4 ID:11
4,talk,28,2,14,DISAGREE TALK day4 ID:16
4,talk,29,2,1,Skip
4,talk,30,2,8,ESTIMATE Agent[14] WEREWOLF
4,talk,31,2,12,ESTIMATE Agent[03] VILLAGER
4,talk,32,2,7,ESTIMATE Agent[10] WEREWOLF
4,talk,33,3,15,Over
4,talk,34,3,3,VOTE Agent[04]
4,talk,35,3,7,VOTE Agent[06]
4,talk,36,3,14,VOTE Agent[15]
4,talk,37,3,13,VOTE Agent[14]
4,talk,38,3,1,VOTE Agent[14]
4,talk,39,3,4,VOTE Agent[06]
4,talk,40,3,10,VOTE Agent[04]
4,talk,41,3,8,VOTE Agent[06]
4,talk,42,3,6,VOTE Agent[14]
4,talk,43,3,12,VOTE Agent[15]
4,talk,44,4,8,VOTE Agent[14]
4,talk,45,4,3,VOTE Agent[06]
4,talk,46,4,12,ESTIMATE Agent[01] VILLAGER
4,talk,47,4,4,VOTE Agent[14]
4,talk,48,4,14,BECAUSE (Agent[13] VOTED Agent[14]) (REQUEST ANY (VOTE Agent[13]))
4,talk,49,4,6,Skip
4,talk,50,4,7,Skip
4,talk,51,4,15,Over
4,talk,52,4,13,Skip
4,talk,53,4,10,VOTE Agent[06]
4,talk,54,4,1,ESTIMATE Agent[06] WEREWOLF
4,talk,55,5,10,VOTE Agent[14]
4,talk,56,5,13,ESTIMATE Agent[07] VILLAGER
4,talk,57,5,7,ESTIMATE Agent[10] WEREWOLF
4,talk,58,5,3,VOTE Agent[15]
4,talk,59,5,14,VOTE Agent[06]
4,talk,60,5,12,ESTIMATE Agent[07] VILLAGER
4,talk,61,5,6,ESTIMATE Agent[03] VILLAGER
4,talk,62,5,1,ESTIMATE Agent[13] VILLAGER
4,talk,63,5,15,Over
4,talk,64,5,4,VOTE Agent[15]
4,talk,65,5,8,Skip
4,talk,66,6,15,Over
4,talk,67,6,4,VOTE Agent[14]
4,talk,68,6,14,VOTE Agent[01]
4,talk,69,6,3,VOTE Agent[14]
4,talk,70,6,10,Skip
4,talk,71,6,1,ESTIMATE Agent[08] MEDIUM
4,talk,72,6,8,ESTIMATE Agent[10] WEREWOLF
4,talk,73,6,6,Skip
4,talk,74,6,13,Skip
4,talk,75,6,7,ESTIMATE Agent[01] VILLAGER
4,talk,76,6,12,Skip
4,talk,77,7,13,REQUEST ANY (VOTE Agent[14])
4,talk,78,7,7,ESTIMATE Agent[01] VILLAGER
4,talk,79,7,1,Skip
4,talk,80,7,15,Over
4,talk,81,7,8,Skip
4,talk,82,7,4,REQUEST ANY (VOTE Agent[14])
4,talk,83,7,6,ESTIMATE Agent[13] VILLAGER
4,talk,84,7,10,ESTIMATE Agent[12] VILLAGER
4,talk,85,7,14,ESTIMATE Agent[04] VILLAGER
4,talk,86,7,3,Skip
4,talk,87,7,12,ESTIMATE Agent[10] WEREWOLF
4,talk,88,8,1,Skip
4,talk,89,8,10,VOTE Agent[15]
4,talk,90,8,13,Skip
4,talk,91,8,7,Skip
4,talk,92,8,14,VOTE Agent[15]
4,talk,93,8,3,ESTIMATE Agent[10] WEREWOLF
4,talk,94,8,6,Skip
4,talk,95,8,8,Skip
4,talk,96,8,4,VOTE Agent[01]
4,talk,97,8,15,Over
4,talk,98,8,12,ESTIMATE Agent[14] VILLAGER
4,talk,99,9,7,Over
4,talk,100,9,8,Over
4,talk,101,9,10,Over
4,talk,102,9,13,Over
4,talk,103,9,12,Over
4,talk,104,9,15,Over
4,talk,105,9,14,Over
4,talk,106,9,1,Over
4,talk,107,9,3,Over
4,talk,108,9,4,Over
4,talk,109,9,6,Over
4,vote,1,14
4,vote,3,14
4,vote,4,1
4,vote,6,14
4,vote,7,6
4,vote,8,14
4,vote,10,15
4,vote,12,15
4,vote,13,14
4,vote,14,15
4,vote,15,1
4,execute,14,VILLAGER
4,guard,7,10,POSSESSED
4,attackVote,6,3
4,attack,3,true
5,status,1,VILLAGER,ALIVE,wasabi61
5,status,2,VILLAGER,DEAD,wasabi51
5,status,3,VILLAGER,DEAD,wasabi81
5,status,4,VILLAGER,ALIVE,wasabi71
5,status,5,WEREWOLF,DEAD,wasabi21
5,status,6,WEREWOLF,ALIVE,wasabi11
5,status,7,BODYGUARD,ALIVE,wasabi41
5,status,8,MEDIUM,ALIVE,wasabi31
5,status,9,WEREWOLF,DEAD,wasabi4
5,status,10,POSSESSED,ALIVE,wasabi3
5,status,11,SEER,DEAD,wasabi5
5,status,12,VILLAGER,ALIVE,wasabi91
5,status,13,VILLAGER,ALIVE,wasabi2
5,status,14,VILLAGER,DEAD,wasabi1
5,status,15,VILLAGER,ALIVE,HALUemon
5,talk,0,0,1,ESTIMATE Agent[15] WEREWOLF
5,talk,1,0,12,Skip
5,talk,2,0,7,ESTIMATE Agent[10] WEREWOLF
5,talk,3,0,6,Skip
5,talk,4,0,10,DIVINED Agent[04] HUMAN
5,talk,5,0,13,Skip
5,talk,6,0,15,Skip
5,talk,7,0,4,Skip
5,talk,8,0,8,IDENTIFIED Agent[14] HUMAN
5,talk,9,1,13,Skip
5,talk,10,1,15,Skip
5,talk,11,1,8,ESTIMATE Agent[07] VILLAGER
5,talk,12,1,6,Skip
5,talk,13,1,4,Skip
5,talk,14,1,7,ESTIMATE Agent[13] VILLAGER
5,talk,15,1,12,Skip
5,talk,16,1,1,ESTIMATE Agent[07] VILLAGER
5,talk,17,1,10,Skip
5,talk,18,2,8,Skip
5,talk,19,2,4,Over
5,talk,20,2,12,ESTIMATE Agent[01] WEREWOLF
5,talk,21,2,10,ESTIMATE Agent[12] VILLAGER
5,talk,22,2,15,Over
5,talk,23,2,7,Skip
5,talk,24,2,6,Over
5,talk,25,2,1,ESTIMATE Agent[08] MEDIUM
5,talk,26,2,13,Over
5,talk,27,3,8,VOTE Agent[01]
5,talk,28,3,12,VOTE Agent[01]
5,talk,29,3,15,Over
5,talk,30,3,1,VOTE Agent[15]
5,talk,31,3,6,VOTE Agent[15]
5,talk,32,3,13,VOTE Agent[01]
5,talk,33,3,4,VOTE Agent[01]
5,talk,34,3,7,VOTE Agent[15]
5,talk,35,3,10,VOTE Agent[13]
5,talk,36,4,1,ESTIMATE Agent[10] WEREWOLF
5,talk,37,4,6,ESTIMATE Agent[08] MEDIUM
5,talk,38,4,7,Skip
5,talk,39,4,13,BECAUSE (Agent[10] VOTED Agent[13]) (REQUEST ANY (VOTE Agent[10]))
5,talk,40,4,15,Over
5,talk,41,4,10,VOTE Agent[15]
5,talk,42,4,4,ESTIMATE Agent[06] VILLAGER
5,talk,43,4,8,ESTIMATE Agent[01] VILLAGER
5,talk,44,4,12,VOTE Agent[15]
5,talk,45,5,4,ESTIMATE Agent[12] VILLAGER
5,talk,46,5,6,VOTE Agent[01]
5,talk,47,5,13,AGREE TALK day5 ID:2
5,talk,48,5,7,ESTIMATE Agent[01] WEREWOLF
5,talk,49,5,10,ESTIMATE Agent[12] VILLAGER
5,talk,50,5,12,ESTIMATE Agent[08] MEDIUM
5,talk,51,5,15,Over
5,talk,52,5,1,ESTIMATE Agent[08] MEDIUM
5,talk,53,5,8,VOTE Agent[15]
5,talk,54,6,12,ESTIMATE Agent[07] VILLAGER
5,talk,55,6,1,Skip
5,talk,56,6,6,Skip
5,talk,57,6,4,REQUEST ANY (VOTE Agent[01])
5,talk,58,6,7,ESTIMATE Agent[12] VILLAGER
5,talk,59,6,10,AGREE TALK day5 ID:11
5,talk,60,6,8,ESTIMATE Agent[10] WEREWOLF
5,talk,61,6,13,VOTE Agent[15]
5,talk,62,6,15,Over
5,talk,63,7,8,Skip
5,talk,64,7,10,ESTIMATE Agent[13] WEREWOLF
5,talk,65,7,7,ESTIMATE Agent[01] WEREWOLF
5,talk,66,7,1,Skip
5,talk,67,7,15,Over
5,talk,68,7,12,REQUEST ANY (VOTE Agent[15])
5,talk,69,7,6,VOTE Agent[15]
5,talk,70,7,4,VOTE Agent[15]
5,talk,71,7,13,Skip
5,talk,72,8,1,REQUEST ANY (VOTE Agent[15])
5,talk,73,8,7,ESTIMATE Agent[06] WEREWOLF
5,talk,74,8,12,Skip
5,talk,75,8,4,ESTIMATE Agent[10] WEREWOLF
5,talk,76,8,15,Over
5,talk,77,8,13,Skip
5,talk,78,8,6,Skip
5,talk,79,8,8,Skip
5,talk,80,8,10,Skip
5,talk,81,9,13,Over
5,talk,82,9,4,Over
5,talk,83,9,7,Over
5,talk,84,9,12,Over
5,talk,85,9,10,Over
5,talk,86,9,1,Over
5,talk,87,9,8,Over
5,talk,88,9,6,Over
5,talk,89,9,15,Over
5,vote,1,15
5,vote,4,15
5,vote,6,15
5,vote,7,15
5,vote,8,15
5,vote,10,15
5,vote,12,15
5,vote,13,15
5,vote,15,1
5,execute,15,VILLAGER
5,guard,7,10,POSSESSED
5,attackVote,6,13
5,attack,13,true
6,status,1,VILLAGER,ALIVE,wasabi61
6,status,2,VILLAGER,DEAD,wasabi51
6,status,3,VILLAGER,DEAD,wasabi81
6,status,4,VILLAGER,ALIVE,wasabi71
6,status,5,WEREWOLF,DEAD,wasabi21
6,status,6,WEREWOLF,ALIVE,wasabi11
6,status,7,BODYGUARD,ALIVE,wasabi41
6,status,8,MEDIUM,ALIVE,wasabi31
6,status,9,WEREWOLF,DEAD,wasabi4
6,status,10,POSSESSED,ALIVE,wasabi3
6,status,11,SEER,DEAD,wasabi5
6,status,12,VILLAGER,ALIVE,wasabi91
6,status,13,VILLAGER,DEAD,wasabi2
6,status,14,VILLAGER,DEAD,wasabi1
6,status,15,VILLAGER,DEAD,HALUemon
6,talk,0,0,4,ESTIMATE Agent[06] VILLAGER
6,talk,1,0,1,Skip
6,talk,2,0,12,ESTIMATE Agent[10] WEREWOLF
6,talk,3,0,8,IDENTIFIED Agent[15] HUMAN
6,talk,4,0,7,ESTIMATE Agent[10] WEREWOLF
6,talk,5,0,10,DIVINED Agent[06] HUMAN
6,talk,6,0,6,Skip
6,talk,7,1,4,ESTIMATE Agent[01] WEREWOLF
6,talk,8,1,8,ESTIMATE Agent[10] WEREWOLF
6,talk,9,1,12,ESTIMATE Agent[10] WEREWOLF
6,talk,10,1,6,Skip
6,talk,11,1,7,ESTIMATE Agent[10] WEREWOLF
6,talk,12,1,1,Skip
6,talk,13,1,10,Skip
6,talk,14,2,12,ESTIMATE Agent[08] MEDIUM
6,talk,15,2,8,Skip
6,talk,16,2,6,Over
6,talk,17,2,10,ESTIMATE Agent[04] VILLAGER
6,talk,18,2,4,ESTIMATE Agent[01] WEREWOLF
6,talk,19,2,1,Over
6,talk,20,2,7,ESTIMATE Agent[08] MEDIUM
6,talk,21,3,7,VOTE Agent[01]
6,talk,22,3,4,VOTE Agent[01]
6,talk,23,3,8,VOTE Agent[01]
6,talk,24,3,6,VOTE Agent[01]
6,talk,25,3,12,VOTE Agent[01]
6,talk,26,3,10,VOTE Agent[01]
6,talk,27,3,1,VOTE Agent[10]
6,talk,28,4,8,Skip
6,talk,29,4,1,ESTIMATE Agent[12] VILLAGER
6,talk,30,4,4,ESTIMATE Agent[10] WEREWOLF
6,talk,31,4,7,ESTIMATE Agent[08] MEDIUM
6,talk,32,4,10,BECAUSE (Agent[01] VOTED Agent[10]) (REQUEST ANY (VOTE Agent[01]))
6,talk,33,4,6,ESTIMATE Agent[10] WEREWOLF
6,talk,34,4,12,Skip
6,talk,35,5,7,REQUEST ANY (VOTE Agent[01])
6,talk,36,5,8,REQUEST ANY (VOTE Agent[01])
6,talk,37,5,10,Skip
6,talk,38,5,12,ESTIMATE Agent[04] VILLAGER
6,talk,39,5,6,Skip
6,talk,40,5,1,Skip
6,talk,41,5,4,ESTIMATE Agent[01] WEREWOLF
6,talk,42,6,12,ESTIMATE Agent[08] MEDIUM
6,talk,43,6,4,ESTIMATE Agent[01] WEREWOLF
6,talk,44,6,10,Skip
6,talk,45,6,6,Skip
6,talk,46,6,1,ESTIMATE Agent[10] WEREWOLF
6,talk,47,6,8,ESTIMATE Agent[10] WEREWOLF
6,talk,48,6,7,Skip
6,talk,49,7,10,AGREE TALK day6 ID:7
6,talk,50,7,4,ESTIMATE Agent[12] VILLAGER
6,talk,51,7,7,Skip
6,talk,52,7,1,ESTIMATE Agent[07] VILLAGER
6,talk,53,7,6,ESTIMATE Agent[10] WEREWOLF
6,talk,54,7,8,Skip
6,talk,55,7,12,Skip
6,talk,56,8,1,ESTIMATE Agent[10] WEREWOLF
6,talk,57,8,7,ESTIMATE Agent[12] VILLAGER
6,talk,58,8,12,ESTIMATE Agent[07] VILLAGER
6,talk,59,8,10,ESTIMATE Agent[04] VILLAGER
6,talk,60,8,8,ESTIMATE Agent[01] WEREWOLF
6,talk,61,8,4,ESTIMATE Agent[01] WEREWOLF
6,talk,62,8,6,ESTIMATE Agent[08] MEDIUM
6,talk,63,9,6,Over
6,talk,64,9,8,Over
6,talk,65,9,10,Over
6,talk,66,9,1,Over
6,talk,67,9,7,Over
6,talk,68,9,4,Over
6,talk,69,9,12,Over
6,vote,1,10
6,vote,4,1
6,vote,6,1
6,vote,7,1
6,vote,8,1
6,vote,10,1
6,vote,12,1
6,execute,1,VILLAGER
6,guard,7,8,MEDIUM
6,attackVote,6,12
6,attack,12,true
7,status,1,VILLAGER,DEAD,wasabi61
7,status,2,VILLAGER,DEAD,wasabi51
7,status,3,VILLAGER,DEAD,wasabi81
7,status,4,VILLAGER,ALIVE,wasabi71
7,status,5,WEREWOLF,DEAD,wasabi21
7,status,6,WEREWOLF,ALIVE,wasabi11
7,status,7,BODYGUARD,ALIVE,wasabi41
7,status,8,MEDIUM,ALIVE,wasabi31
7,status,9,WEREWOLF,DEAD,wasabi4
7,status,10,POSSESSED,ALIVE,wasabi3
7,status,11,SEER,DEAD,wasabi5
7,status,12,VILLAGER,DEAD,wasabi91
7,status,13,VILLAGER,DEAD,wasabi2
7,status,14,VILLAGER,DEAD,wasabi1
7,status,15,VILLAGER,DEAD,HALUemon
7,talk,0,0,4,ESTIMATE Agent[10] WEREWOLF
7,talk,1,0,7,Skip
7,talk,2,0,10,DIVINED Agent[08] HUMAN
7,talk,3,0,6,Skip
7,talk,4,0,8,IDENTIFIED Agent[01] HUMAN
7,talk,5,1,10,ESTIMATE Agent[06] VILLAGER
7,talk,6,1,8,ESTIMATE Agent[10] WEREWOLF
7,talk,7,1,7,Skip
7,talk,8,1,6,Skip
7,talk,9,1,4,ESTIMATE Agent[06] VILLAGER
7,talk,10,2,4,ESTIMATE Agent[10] WEREWOLF
7,talk,11,2,6,ESTIMATE Agent[07] VILLAGER
7,talk,12,2,7,ESTIMATE Agent[04] VILLAGER
7,talk,13,2,10,Skip
7,talk,14,2,8,ESTIMATE Agent[06] VILLAGER
7,talk,15,3,6,VOTE Agent[10]
7,talk,16,3,7,VOTE Agent[10]
7,talk,17,3,10,VOTE Agent[08]
7,talk,18,3,8,VOTE Agent[06]
7,talk,19,3,4,VOTE Agent[10]
7,talk,20,4,6,Skip
7,talk,21,4,7,ESTIMATE Agent[10] WEREWOLF
7,talk,22,4,10,BECAUSE (Agent[06] VOTED Agent[10]) (REQUEST ANY (VOTE Agent[06]))
7,talk,23,4,4,ESTIMATE Agent[06] VILLAGER
7,talk,24,4,8,VOTE Agent[10]
7,talk,25,5,7,ESTIMATE Agent[08] MEDIUM
7,talk,26,5,4,Skip
7,talk,27,5,6,ESTIMATE Agent[10] WEREWOLF
7,talk,28,5,10,Skip
7,talk,29,5,8,Skip
7,talk,30,6,7,Skip
7,talk,31,6,8,Skip
7,talk,32,6,6,ESTIMATE Agent[10] WEREWOLF
7,talk,33,6,10,DISAGREE TALK day7 ID:25
7,talk,34,6,4,VOTE Agent[07]
7,talk,35,7,6,VOTE Agent[04]
7,talk,36,7,10,Skip
7,talk,37,7,7,ESTIMATE Agent[10] WEREWOLF
7,talk,38,7,4,ESTIMATE Agent[10] WEREWOLF
7,talk,39,7,8,ESTIMATE Agent[10] WEREWOLF
7,talk,40,8,4,VOTE Agent[06]
7,talk,41,8,7,ESTIMATE Agent[10] WEREWOLF
7,talk,42,8,6,ESTIMATE Agent[10] WEREWOLF
7,talk,43,8,8,ESTIMATE Agent[10] WEREWOLF
7,talk,44,8,10,ESTIMATE Agent[08] WEREWOLF
7,talk,45,9,8,Over
7,talk,46,9,7,Over
7,talk,47,9,6,Over
7,talk,48,9,4,Over
7,talk,49,9,10,Over
7,vote,4,6
7,vote,6,4
7,vote,7,10
7,vote,8,10
7,vote,10,8
7,execute,10,POSSESSED
7,guard,7,8,MEDIUM
7,attackVote,6,8
7,attack,8,false
8,status,1,VILLAGER,DEAD,wasabi61
8,status,2,VILLAGER,DEAD,wasabi51
8,status,3,VILLAGER,DEAD,wasabi81
8,status,4,VILLAGER,ALIVE,wasabi71
8,status,5,WEREWOLF,DEAD,wasabi21
8,status,6,WEREWOLF,ALIVE,wasabi11
8,status,7,BODYGUARD,ALIVE,wasabi41
8,status,8,MEDIUM,ALIVE,wasabi31
8,status,9,WEREWOLF,DEAD,wasabi4
8,status,10,POSSESSED,DEAD,wasabi3
8,status,11,SEER,DEAD,wasabi5
8,status,12,VILLAGER,DEAD,wasabi91
8,status,13,VILLAGER,DEAD,wasabi2
8,status,14,VILLAGER,DEAD,wasabi1
8,status,15,VILLAGER,DEAD,HALUemon
8,talk,0,0,6,Skip
8,talk,1,0,8,IDENTIFIED Agent[10] HUMAN
8,talk,2,0,7,ESTIMATE Agent[08] MEDIUM
8,talk,3,0,4,ESTIMATE Agent[08] MEDIUM
8,talk,4,1,4,ESTIMATE Agent[06] WEREWOLF
8,talk,5,1,6,ESTIMATE Agent[08] WEREWOLF
8,talk,6,1,7,ESTIMATE Agent[08] WEREWOLF
8,talk,7,1,8,ESTIMATE Agent[06] VILLAGER
8,talk,8,2,6,ESTIMATE Agent[04] VILLAGER
8,talk,9,2,7,ESTIMATE Agent[08] WEREWOLF
8,talk,10,2,8,ESTIMATE Agent[07] VILLAGER
8,talk,11,2,4,ESTIMATE Agent[06] WEREWOLF
8,talk,12,3,7,VOTE Agent[08]
8,talk,13,3,8,VOTE Agent[04]
8,talk,14,3,4,VOTE Agent[06]
8,talk,15,3,6,VOTE Agent[07]
8,talk,16,4,6,Skip
8,talk,17,4,8,ESTIMATE Agent[04] WEREWOLF
8,talk,18,4,7,ESTIMATE Agent[04] VILLAGER
8,talk,19,4,4,VOTE Agent[07]
8,talk,20,5,8,Skip
8,talk,21,5,4,VOTE Agent[06]
8,talk,22,5,6,VOTE Agent[04]
8,talk,23,5,7,Skip
8,talk,24,6,4,ESTIMATE Agent[07] VILLAGER
8,talk,25,6,7,ESTIMATE Agent[04] VILLAGER
8,talk,26,6,8,Skip
8,talk,27,6,6,ESTIMATE Agent[04] WEREWOLF
8,talk,28,7,8,Over
8,talk,29,7,6,ESTIMATE Agent[08] WEREWOLF
8,talk,30,7,7,REQUEST ANY (VOTE Agent[08])
8,talk,31,7,4,VOTE Agent[08]
8,talk,32,8,7,Skip
8,talk,33,8,4,ESTIMATE Agent[06] WEREWOLF
8,talk,34,8,6,ESTIMATE Agent[07] VILLAGER
8,talk,35,8,8,ESTIMATE Agent[06] WEREWOLF
8,talk,36,9,7,Over
8,talk,37,9,4,Over
8,talk,38,9,6,Over
8,talk,39,9,8,Over
8,vote,4,8
8,vote,6,4
8,vote,7,8
8,vote,8,4
8,vote,4,8
8,vote,6,8
8,vote,7,8
8,vote,8,4
8,execute,8,MEDIUM
8,guard,7,6,WEREWOLF
8,attackVote,6,7
8,attack,7,true
9,status,1,VILLAGER,DEAD,wasabi61
9,status,2,VILLAGER,DEAD,wasabi51
9,status,3,VILLAGER,DEAD,wasabi81
9,status,4,VILLAGER,ALIVE,wasabi71
9,status,5,WEREWOLF,DEAD,wasabi21
9,status,6,WEREWOLF,ALIVE,wasabi11
9,status,7,BODYGUARD,DEAD,wasabi41
9,status,8,MEDIUM,DEAD,wasabi31
9,status,9,WEREWOLF,DEAD,wasabi4
9,status,10,POSSESSED,DEAD,wasabi3
9,status,11,SEER,DEAD,wasabi5
9,status,12,VILLAGER,DEAD,wasabi91
9,status,13,VILLAGER,DEAD,wasabi2
9,status,14,VILLAGER,DEAD,wasabi1
9,status,15,VILLAGER,DEAD,HALUemon
9,result,1,1,WEREWOLF
