0,status,1,VILLAGER,ALIVE,wasabi61
0,status,2,VILLAGER,ALIVE,wasabi51
0,status,3,VILLAGER,ALIVE,wasabi81
0,status,4,VILLAGER,ALIVE,wasabi71
0,status,5,WEREWOLF,ALIVE,wasabi21
0,status,6,WEREWOLF,ALIVE,wasabi11
0,status,7,BODYGUARD,ALIVE,wasabi41
0,status,8,MEDIUM,ALIVE,wasabi31
0,status,9,WEREWOLF,ALIVE,wasabi4
0,status,10,POSSESSED,ALIVE,wasabi3
0,status,11,SEER,ALIVE,wasabi5
0,status,12,VILLAGER,ALIVE,wasabi91
0,status,13,VILLAGER,ALIVE,wasabi2
0,status,14,VILLAGER,ALIVE,wasabi1
0,status,15,VILLAGER,ALIVE,HALUemon
0,whisper,0,0,9,ATTACK Agent[12]
0,whisper,1,0,5,Over
0,whisper,2,0,6,Over
0,whisper,3,1,6,Over
0,whisper,4,1,9,Over
0,whisper,5,1,5,ATTACK Agent[08]
0,whisper,6,2,6,Over
0,whisper,7,2,9,Over
0,whisper,8,2,5,Over
0,divine,11,7,HUMAN
1,status,1,VILLAGER,ALIVE,wasabi61
1,status,2,VILLAGER,ALIVE,wasabi51
1,status,3,VILLAGER,ALIVE,wasabi81
1,status,4,VILLAGER,ALIVE,wasabi71
1,status,5,WEREWOLF,ALIVE,wasabi21
1,status,6,WEREWOLF,ALIVE,wasabi11
1,status,7,BODYGUARD,ALIVE,wasabi41
1,status,8,MEDIUM,ALIVE,wasabi31
1,status,9,WEREWOLF,ALIVE,wasabi4
1,status,10,POSSESSED,ALIVE,wasabi3
1,status,11,SEER,ALIVE,wasabi5
1,status,12,VILLAGER,ALIVE,wasabi91
1,status,13,VILLAGER,ALIVE,wasabi2
1,status,14,VILLAGER,ALIVE,wasabi1
1,status,15,VILLAGER,ALIVE,HALUemon
1,talk,0,0,9,Skip
1,talk,1,0,11,COMINGOUT Agent[11] SEER
1,talk,2,0,6,ESTIMATE Agent[12] VILLAGER
1,talk,3,0,8,COMINGOUT Agent[08] MEDIUM
1,talk,4,0,4,ESTIMATE Agent[02] VILLAGER
1,talk,5,0,5,Skip
1,talk,6,0,15,Skip
1,talk,7,0,10,COMINGOUT Agent[10] SEER
1,talk,8,0,3,ESTIMATE Agent[08] WEREWOLF
1,talk,9,0,1,Skip
1,talk,10,0,7,ESTIMATE Agent[14] WEREWOLF
1,talk,11,0,2,ESTIMATE Agent[12] VILLAGER
1,talk,12,0,14,Skip
1,talk,13,0,13,Skip
1,talk,14,0,12,ESTIMATE Agent[10] VILLAGER
1,talk,15,1,10,DIVINED Agent[13] HUMAN
1,talk,16,1,6,Skip
1,talk,17,1,5,ESTIMATE Agent[14] VILLAGER
1,talk,18,1,12,Skip
1,talk,19,1,3,Skip
1,talk,20,1,4,ESTIMATE Agent[11] WEREWOLF
1,talk,21,1,7,ESTIMATE Agent[02] WEREWOLF
1,talk,22,1,9,Skip
1,talk,23,1,8,ESTIMATE Agent[04] VILLAGER
1,talk,24,1,11,DIVINED Agent[07] HUMAN
1,talk,25,1,13,Skip
1,talk,26,1,1,Skip
1,talk,27,1,2,ESTIMATE Agent[09] WEREWOLF
1,talk,28,1,14,ESTIMATE Agent[15] VILLAGER
1,talk,29,1,15,Skip
1,talk,30,2,7,ESTIMATE Agent[12] WEREWOLF
1,talk,31,2,5,ESTIMATE Agent[01] WEREWOLF
1,talk,32,2,8,ESTIMATE Agent[12] VILLAGER
1,talk,33,2,2,Skip
1,talk,34,2,15,Over
1,talk,35,2,1,ESTIMATE Agent[07] VILLAGER
1,talk,36,2,3,ESTIMATE Agent[15] WEREWOLF
1,talk,37,2,11,Skip
1,talk,38,2,14,Skip
1,talk,39,2,6,ESTIMATE Agent[09] WEREWOLF
1,talk,40,2,9,ESTIMATE Agent[03] WEREWOLF
1,talk,41,2,13,Over
1,talk,42,2,4,ESTIMATE Agent[15] VILLAGER
1,talk,43,2,12,Skip
1,talk,44,2,10,Skip
1,talk,45,3,14,VOTE Agent[03]
1,talk,46,3,9,VOTE Agent[15]
1,talk,47,3,1,VOTE Agent[14]
1,talk,48,3,13,VOTE Agent[06]
1,talk,49,3,15,Over
1,talk,50,3,3,VOTE Agent[09]
1,talk,51,3,8,VOTE Agent[09]
1,talk,52,3,6,VOTE Agent[15]
1,talk,53,3,12,VOTE Agent[05]
1,talk,54,3,2,VOTE Agent[12]
1,talk,55,3,5,VOTE Agent[01]
1,talk,56,3,4,VOTE Agent[01]
1,talk,57,3,7,VOTE Agent[01]
1,talk,58,3,10,VOTE Agent[01]
1,talk,59,3,11,VOTE Agent[12]
1,talk,60,4,5,VOTE Agent[12]
1,talk,61,4,3,VOTE Agent[12]
1,talk,62,4,12,ESTIMATE Agent[01] VILLAGER
1,talk,63,4,15,Over
1,talk,64,4,10,VOTE Agent[12]
1,talk,65,4,7,ESTIMATE Agent[03] VILLAGER
1,talk,66,4,1,VOTE Agent[12]
1,talk,67,4,14,BECAUSE (Agent[01] VOTED Agent[14]) (REQUEST ANY (VOTE Agent[01]))
1,talk,68,4,8,ESTIMATE Agent[03] VILLAGER
1,talk,69,4,13,ESTIMATE Agent[05] VILLAGER
1,talk,70,4,4,ESTIMATE Agent[02] VILLAGER
1,talk,71,4,11,VOTE Agent[03]
1,talk,72,4,6,ESTIMATE Agent[01] WEREWOLF
1,talk,73,4,2,ESTIMATE Agent[09] VILLAGER
1,talk,74,4,9,BECAUSE (Agent[03] VOTED Agent[09]) (REQUEST ANY (VOTE Agent[03]))
1,talk,75,5,13,AGREE TALK day1 ID:28
1,talk,76,5,11,VOTE Agent[05]
1,talk,77,5,2,VOTE Agent[05]
1,talk,78,5,1,ESTIMATE Agent[15] WEREWOLF
1,talk,79,5,9,VOTE Agent[03]
1,talk,80,5,3,VOTE Agent[09]
1,talk,81,5,8,ESTIMATE Agent[07] VILLAGER
1,talk,82,5,10,Skip
1,talk,83,5,12,ESTIMATE Agent[08] MEDIUM
1,talk,84,5,5,ESTIMATE Agent[08] MEDIUM
1,talk,85,5,15,Over
1,talk,86,5,14,DISAGREE TALK day1 ID:36
1,talk,87,5,7,ESTIMATE Agent[08] MEDIUM
1,talk,88,5,6,VOTE Agent[03]
1,talk,89,5,4,VOTE Agent[05]
1,talk,90,6,5,VOTE Agent[09]
1,talk,91,6,2,Skip
1,talk,92,6,1,ESTIMATE Agent[05] WEREWOLF
1,talk,93,6,15,Over
1,talk,94,6,14,VOTE Agent[05]
1,talk,95,6,11,AGREE TALK day1 ID:2
1,talk,96,6,13,VOTE Agent[12]
1,talk,97,6,7,Skip
1,talk,98,6,12,ESTIMATE Agent[07] VILLAGER
1,talk,99,6,8,Skip
1,talk,100,6,9,VOTE Agent[12]
1,talk,101,6,6,VOTE Agent[04]
1,talk,102,6,3,ESTIMATE Agent[10] WEREWOLF
1,talk,103,6,4,ESTIMATE Agent[05] VILLAGER
1,talk,104,6,10,VOTE Agent[06]
1,talk,105,7,6,ESTIMATE Agent[13] VILLAGER
1,talk,106,7,1,VOTE Agent[06]
1,talk,107,7,10,Skip
1,talk,108,7,4,Skip
1,talk,109,7,5,ESTIMATE Agent[02] VILLAGER
1,talk,110,7,11,Skip
1,talk,111,7,7,VOTE Agent[12]
1,talk,112,7,9,VOTE Agent[03]
1,talk,113,7,8,Skip
1,talk,114,7,12,VOTE Agent[01]
1,talk,115,7,15,Over
1,talk,116,7,13,REQUEST ANY (DIVINATION Agent[03])
1,talk,117,7,3,Skip
1,talk,118,7,14,VOTE Agent[06]
1,talk,119,7,2,ESTIMATE Agent[11] WEREWOLF
1,talk,120,8,1,VOTE Agent[12]
1,talk,121,8,13,Skip
1,talk,122,8,4,VOTE Agent[12]
1,talk,123,8,5,VOTE Agent[12]
1,talk,124,8,7,ESTIMATE Agent[12] WEREWOLF
1,talk,125,8,15,Over
1,talk,126,8,8,Over
1,talk,127,8,10,AGREE TALK day1 ID:20
1,talk,128,8,6,VOTE Agent[01]
1,talk,129,8,3,ESTIMATE Agent[12] WEREWOLF
1,talk,130,8,2,VOTE Agent[12]
1,talk,131,8,9,Skip
1,talk,132,8,12,Skip
1,talk,133,8,14,ESTIMATE Agent[12] WEREWOLF
1,talk,134,8,11,ESTIMATE Agent[04] VILLAGER
1,talk,135,9,7,Over
1,talk,136,9,8,Over
1,talk,137,9,4,Over
1,talk,138,9,12,Over
1,talk,139,9,13,Over
1,talk,140,9,5,Over
1,talk,141,9,10,Over
1,talk,142,9,2,Over
1,talk,143,9,1,Over
1,talk,144,9,15,Over
1,talk,145,9,11,Over
1,talk,146,9,6,Over
1,talk,147,9,3,Over
1,talk,148,9,14,Over
1,talk,149,9,9,Over
1,vote,1,12
1,vote,2,12
1,vote,3,9
1,vote,4,12
1,vote,5,12
1,vote,6,1
1,vote,7,12
1,vote,8,9
1,vote,9,3
1,vote,10,6
1,vote,11,5
1,vote,12,1
1,vote,13,12
1,vote,14,6
1,vote,15,1
1,execute,12,VILLAGER
1,divine,11,2,HUMAN
1,whisper,0,0,6,ATTACK Agent[10]
1,whisper,1,0,9,ATTACK Agent[10]
1,whisper,2,0,5,Over
1,whisper,3,1,9,Over
1,whisper,4,1,5,ATTACK Agent[10]
1,whisper,5,1,6,Over
1,whisper,6,2,9,REQUEST ANY (ATTACK Agent[10])
1,whisper,7,2,5,REQUEST ANY (ATTACK Agent[10])
1,whisper,8,2,6,Over
1,whisper,9,3,9,Over
1,whisper,10,3,6,Over
1,whisper,11,3,5,Over
1,guard,7,10,POSSESSED
1,attackVote,5,10
1,attackVote,6,10
1,attackVote,9,10
1,attack,10,false
2,status,1,VILLAGER,ALIVE,wasabi61
2,status,2,VILLAGER,ALIVE,wasabi51
2,status,3,VILLAGER,ALIVE,wasabi81
2,status,4,VILLAGER,ALIVE,wasabi71
2,status,5,WEREWOLF,ALIVE,wasabi21
2,status,6,WEREWOLF,ALIVE,wasabi11
2,status,7,BODYGUARD,ALIVE,wasabi41
2,status,8,MEDIUM,ALIVE,wasabi31
2,status,9,WEREWOLF,ALIVE,wasabi4
2,status,10,POSSESSED,ALIVE,wasabi3
2,status,11,SEER,ALIVE,wasabi5
2,status,12,VILLAGER,DEAD,wasabi91
2,status,13,VILLAGER,ALIVE,wasabi2
2,status,14,VILLAGER,ALIVE,wasabi1
2,status,15,VILLAGER,ALIVE,HALUemon
2,talk,0,0,5,ESTIMATE Agent[04] WEREWOLF
2,talk,1,0,14,ESTIMATE Agent[05] VILLAGER
2,talk,2,0,6,ESTIMATE Agent[01] VILLAGER
2,talk,3,0,15,Skip
2,talk,4,0,2,ESTIMATE Agent[13] VILLAGER
2,talk,5,0,1,ESTIMATE Agent[02] WEREWOLF
2,talk,6,0,10,DIVINED Agent[03] HUMAN
2,talk,7,0,3,ESTIMATE Agent[01] WEREWOLF
2,talk,8,0,11,DIVINED Agent[02] HUMAN
2,talk,9,0,4,ESTIMATE Agent[06] VILLAGER
2,talk,10,0,7,ESTIMATE Agent[13] VILLAGER
2,talk,11,0,13,ESTIMATE Agent[04] VILLAGER
2,talk,12,0,9,ESTIMATE Agent[10] WEREWOLF
2,talk,13,0,8,IDENTIFIED Agent[12] HUMAN
2,talk,14,1,15,Skip
2,talk,15,1,3,ESTIMATE Agent[15] WEREWOLF
2,talk,16,1,7,ESTIMATE Agent[04] WEREWOLF
2,talk,17,1,13,ESTIMATE Agent[07] VILLAGER
2,talk,18,1,8,Skip
2,talk,19,1,9,DISAGREE TALK day2 ID:1
2,talk,20,1,6,Skip
2,talk,21,1,5,ESTIMATE Agent[15] WEREWOLF
2,talk,22,1,10,Skip
2,talk,23,1,11,ESTIMATE Agent[08] MEDIUM
2,talk,24,1,1,ESTIMATE Agent[15] WEREWOLF
2,talk,25,1,14,ESTIMATE Agent[08] MEDIUM
2,talk,26,1,2,ESTIMATE Agent[04] VILLAGER
2,talk,27,1,4,ESTIMATE Agent[01] WEREWOLF
2,talk,28,2,14,AGREE TALK day2 ID:15
2,talk,29,2,6,ESTIMATE Agent[05] WEREWOLF
2,talk,30,2,15,Over
2,talk,31,2,2,Skip
2,talk,32,2,5,Skip
2,talk,33,2,11,Skip
2,talk,34,2,3,ESTIMATE Agent[10] WEREWOLF
2,talk,35,2,1,ESTIMATE Agent[09] WEREWOLF
2,talk,36,2,7,Skip
2,talk,37,2,13,Skip
2,talk,38,2,9,Skip
2,talk,39,2,10,DISAGREE TALK day2 ID:2
2,talk,40,2,4,ESTIMATE Agent[07] VILLAGER
2,talk,41,2,8,ESTIMATE Agent[05] WEREWOLF
2,talk,42,3,5,VOTE Agent[04]
2,talk,43,3,7,VOTE Agent[04]
2,talk,44,3,3,VOTE Agent[15]
2,talk,45,3,1,VOTE Agent[05]
2,talk,46,3,11,VOTE Agent[04]
2,talk,47,3,8,VOTE Agent[09]
2,talk,48,3,14,VOTE Agent[04]
2,talk,49,3,2,VOTE Agent[15]
2,talk,50,3,15,Over
2,talk,51,3,6,VOTE Agent[01]
2,talk,52,3,9,VOTE Agent[06]
2,talk,53,3,4,VOTE Agent[09]
2,talk,54,3,13,VOTE Agent[05]
2,talk,55,3,10,VOTE Agent[14]
2,talk,56,4,9,BECAUSE (Agent[08] VOTED Agent[09]) (REQUEST ANY (VOTE Agent[08]))
2,talk,57,4,7,ESTIMATE Agent[02] VILLAGER
2,talk,58,4,6,ESTIMATE Agent[07] VILLAGER
2,talk,59,4,4,VOTE Agent[15]
2,talk,60,4,13,VOTE Agent[14]
2,talk,61,4,14,BECAUSE (Agent[10] VOTED Agent[14]) (REQUEST ANY (VOTE Agent[10]))
2,talk,62,4,5,VOTE Agent[15]
2,talk,63,4,15,Over
2,talk,64,4,3,Skip
2,talk,65,4,1,ESTIMATE Agent[02] VILLAGER
2,talk,66,4,2,VOTE Agent[01]
2,talk,67,4,11,AGREE TALK day2 ID:1
2,talk,68,4,8,Skip
2,talk,69,4,10,ESTIMATE Agent[03] VILLAGER
2,talk,70,5,1,VOTE Agent[09]
2,talk,71,5,13,AGREE TALK day2 ID:23
2,talk,72,5,7,ESTIMATE Agent[13] VILLAGER
2,talk,73,5,15,Over
2,talk,74,5,10,VOTE Agent[15]
2,talk,75,5,3,Skip
2,talk,76,5,5,ESTIMATE Agent[07] VILLAGER
2,talk,77,5,4,Skip
2,talk,78,5,6,REQUEST ANY (DIVINATION Agent[05])
2,talk,79,5,11,VOTE Agent[01]
2,talk,80,5,2,VOTE Agent[14]
2,talk,81,5,14,REQUEST ANY (DIVINATION Agent[06])
2,talk,82,5,9,VOTE Agent[15]
2,talk,83,5,8,Skip
2,talk,84,6,4,Skip
2,talk,85,6,7,ESTIMATE Agent[02] VILLAGER
2,talk,86,6,11,Skip
2,talk,87,6,15,Over
2,talk,88,6,10,ESTIMATE Agent[11] WEREWOLF
2,talk,89,6,8,ESTIMATE Agent[13] VILLAGER
2,talk,90,6,6,VOTE Agent[09]
2,talk,91,6,5,VOTE Agent[14]
2,talk,92,6,3,Over
2,talk,93,6,13,VOTE Agent[01]
2,talk,94,6,2,VOTE Agent[01]
2,talk,95,6,1,VOTE Agent[14]
2,talk,96,6,9,VOTE Agent[01]
2,talk,97,6,14,ESTIMATE Agent[02] VILLAGER
2,talk,98,7,10,AGREE TALK day2 ID:4
2,talk,99,7,11,ESTIMATE Agent[08] MEDIUM
2,talk,100,7,8,ESTIMATE Agent[13] VILLAGER
2,talk,101,7,15,Over
2,talk,102,7,9,VOTE Agent[04]
2,talk,103,7,1,VOTE Agent[04]
2,talk,104,7,7,ESTIMATE Agent[08] MEDIUM
2,talk,105,7,5,VOTE Agent[01]
2,talk,106,7,2,Skip
2,talk,107,7,14,AGREE TALK day2 ID:23
2,talk,108,7,4,ESTIMATE Agent[13] VILLAGER
2,talk,109,7,13,Skip
2,talk,110,7,6,VOTE Agent[15]
2,talk,111,7,3,VOTE Agent[09]
2,talk,112,8,8,Skip
2,talk,113,8,9,Skip
2,talk,114,8,13,ESTIMATE Agent[08] MEDIUM
2,talk,115,8,15,Over
2,talk,116,8,6,Skip
2,talk,117,8,7,VOTE Agent[15]
2,talk,118,8,10,VOTE Agent[06]
2,talk,119,8,14,ESTIMATE Agent[04] WEREWOLF
2,talk,120,8,2,VOTE Agent[15]
2,talk,121,8,11,DISAGREE TALK day2 ID:15
2,talk,122,8,1,Skip
2,talk,123,8,5,ESTIMATE Agent[07] VILLAGER
2,talk,124,8,3,VOTE Agent[04]
2,talk,125,8,4,VOTE Agent[09]
2,talk,126,9,14,Over
2,talk,127,9,2,Over
2,talk,128,9,7,Over
2,talk,129,9,4,Over
2,talk,130,9,1,Over
2,talk,131,9,3,Over
2,talk,132,9,6,Over
2,talk,133,9,13,Over
2,talk,134,9,15,Over
2,talk,135,9,11,Over
2,talk,136,9,9,Over
2,talk,137,9,5,Over
2,talk,138,9,10,Over
2,talk,139,9,8,Over
2,vote,1,4
2,vote,2,15
2,vote,3,4
2,vote,4,9
2,vote,5,1
2,vote,6,15
2,vote,7,15
2,vote,8,9
2,vote,9,4
2,vote,10,6
2,vote,11,1
2,vote,13,1
2,vote,14,4
2,vote,15,1
2,vote,1,4
2,vote,2,4
2,vote,3,4
2,vote,4,15
2,vote,5,1
2,vote,6,9
2,vote,7,1
2,vote,8,6
2,vote,9,4
2,vote,10,1
2,vote,11,1
2,vote,13,1
2,vote,14,4
2,vote,15,1
2,execute,1,VILLAGER
2,divine,11,5,WEREWOLF
2,whisper,0,0,5,Over
2,whisper,1,0,6,Over
2,whisper,2,0,9,Over
2,guard,7,11,SEER
2,attackVote,5,11
2,attackVote,6,11
2,attackVote,9,11
2,attack,11,false
3,status,1,VILLAGER,DEAD,wasabi61
3,status,2,VILLAGER,ALIVE,wasabi51
3,status,3,VILLAGER,ALIVE,wasabi81
3,status,4,VILLAGER,ALIVE,wasabi71
3,status,5,WEREWOLF,ALIVE,wasabi21
3,status,6,WEREWOLF,ALIVE,wasabi11
3,status,7,BODYGUARD,ALIVE,wasabi41
3,status,8,MEDIUM,ALIVE,wasabi31
3,status,9,WEREWOLF,ALIVE,wasabi4
3,status,10,POSSESSED,ALIVE,wasabi3
3,status,11,SEER,ALIVE,wasabi5
3,status,12,VILLAGER,DEAD,wasabi91
3,status,13,VILLAGER,ALIVE,wasabi2
3,status,14,VILLAGER,ALIVE,wasabi1
3,status,15,VILLAGER,ALIVE,HALUemon
3,talk,0,0,5,Skip
3,talk,1,0,8,IDENTIFIED Agent[01] HUMAN
3,talk,2,0,10,DIVINED Agent[09] HUMAN
3,talk,3,0,3,ESTIMATE Agent[10] WEREWOLF
3,talk,4,0,7,ESTIMATE Agent[13] VILLAGER
3,talk,5,0,15,Skip
3,talk,6,0,9,ESTIMATE Agent[05] WEREWOLF
3,talk,7,0,11,DIVINED Agent[05] WEREWOLF
3,talk,8,0,14,ESTIMATE Agent[08] MEDIUM
3,talk,9,0,13,ESTIMATE Agent[06] VILLAGER
3,talk,10,0,4,ESTIMATE Agent[15] WEREWOLF
3,talk,11,0,6,ESTIMATE Agent[11] WEREWOLF
3,talk,12,0,2,Skip
3,talk,13,1,4,ESTIMATE Agent[10] WEREWOLF
3,talk,14,1,15,Skip
3,talk,15,1,5,ESTIMATE Agent[08] MEDIUM
3,talk,16,1,10,Skip
3,talk,17,1,8,Skip
3,talk,18,1,3,Skip
3,talk,19,1,2,Skip
3,talk,20,1,9,AGREE TALK day3 ID:11
3,talk,21,1,13,ESTIMATE Agent[09] VILLAGER
3,talk,22,1,6,ESTIMATE Agent[15] WEREWOLF
3,talk,23,1,14,Skip
3,talk,24,1,7,Skip
3,talk,25,1,11,Skip
3,talk,26,2,14,AGREE TALK day3 ID:3
3,talk,27,2,7,Skip
3,talk,28,2,13,ESTIMATE Agent[09] VILLAGER
3,talk,29,2,6,ESTIMATE Agent[04] WEREWOLF
3,talk,30,2,5,Skip
3,talk,31,2,4,ESTIMATE Agent[14] WEREWOLF
3,talk,32,2,2,Over
3,talk,33,2,10,ESTIMATE Agent[03] VILLAGER
3,talk,34,2,11,AGREE TALK day3 ID:9
3,talk,35,2,9,ESTIMATE Agent[04] WEREWOLF
3,talk,36,2,8,ESTIMATE Agent[07] VILLAGER
3,talk,37,2,15,Over
3,talk,38,2,3,Skip
3,talk,39,3,5,VOTE Agent[11]
3,talk,40,3,8,VOTE Agent[05]
3,talk,41,3,7,VOTE Agent[05]
3,talk,42,3,11,VOTE Agent[05]
3,talk,43,3,15,Over
3,talk,44,3,6,VOTE Agent[05]
3,talk,45,3,13,VOTE Agent[05]
3,talk,46,3,2,VOTE Agent[05]
3,talk,47,3,3,VOTE Agent[05]
3,talk,48,3,9,VOTE Agent[05]
3,talk,49,3,4,VOTE Agent[05]
3,talk,50,3,14,VOTE Agent[05]
3,talk,51,3,10,VOTE Agent[05]
3,talk,52,4,4,ESTIMATE Agent[09] VILLAGER
3,talk,53,4,14,ESTIMATE Agent[08] MEDIUM
3,talk,54,4,5,ESTIMATE Agent[03] VILLAGER
3,talk,55,4,7,ESTIMATE Agent[02] VILLAGER
3,talk,56,4,15,Over
3,talk,57,4,10,Skip
3,talk,58,4,9,AGREE TALK day3 ID:29
3,talk,59,4,2,Skip
3,talk,60,4,3,Skip
3,talk,61,4,11,BECAUSE (Agent[05] VOTED Agent[11]) (REQUEST ANY (VOTE Agent[05]))
3,talk,62,4,13,Skip
3,talk,63,4,8,ESTIMATE Agent[03] VILLAGER
3,talk,64,4,6,ESTIMATE Agent[02] VILLAGER
3,talk,65,5,11,ESTIMATE Agent[02] VILLAGER
3,talk,66,5,13,Skip
3,talk,67,5,10,AGREE TALK day3 ID:6
3,talk,68,5,6,Skip
3,talk,69,5,9,ESTIMATE Agent[14] VILLAGER
3,talk,70,5,3,ESTIMATE Agent[15] WEREWOLF
3,talk,71,5,2,ESTIMATE Agent[06] VILLAGER
3,talk,72,5,4,Skip
3,talk,73,5,15,Over
3,talk,74,5,5,ESTIMATE Agent[08] MEDIUM
3,talk,75,5,8,REQUEST ANY (DIVINATION Agent[06])
3,talk,76,5,14,AGREE TALK day3 ID:11
3,talk,77,5,7,ESTIMATE Agent[09] VILLAGER
3,talk,78,6,3,Skip
3,talk,79,6,10,Skip
3,talk,80,6,14,REQUEST ANY (VOTE Agent[05])
3,talk,81,6,4,ESTIMATE Agent[07] VILLAGER
3,talk,82,6,7,ESTIMATE Agent[13] VILLAGER
3,talk,83,6,13,AGREE TALK day3 ID:36
3,talk,84,6,15,Over
3,talk,85,6,9,Skip
3,talk,86,6,8,ESTIMATE Agent[03] VILLAGER
3,talk,87,6,5,ESTIMATE Agent[02] WEREWOLF
3,talk,88,6,6,Skip
3,talk,89,6,11,Skip
3,talk,90,6,2,ESTIMATE Agent[06] WEREWOLF
3,talk,91,7,2,ESTIMATE Agent[07] VILLAGER
3,talk,92,7,4,ESTIMATE Agent[05] WEREWOLF
3,talk,93,7,13,REQUEST ANY (DIVINATION Agent[14])
3,talk,94,7,7,REQUEST ANY (VOTE Agent[05])
3,talk,95,7,3,REQUEST ANY (VOTE Agent[05])
3,talk,96,7,15,Over
3,talk,97,7,5,ESTIMATE Agent[09] VILLAGER
3,talk,98,7,6,Over
3,talk,99,7,9,AGREE TALK day3 ID:8
3,talk,100,7,14,ESTIMATE Agent[15] WEREWOLF
3,talk,101,7,11,AGREE TALK day3 ID:36
3,talk,102,7,10,ESTIMATE Agent[14] WEREWOLF
3,talk,103,7,8,ESTIMATE Agent[13] VILLAGER
3,talk,104,8,7,ESTIMATE Agent[06] WEREWOLF
3,talk,105,8,4,REQUEST ANY (VOTE Agent[05])
3,talk,106,8,9,Skip
3,talk,107,8,13,Skip
3,talk,108,8,5,ESTIMATE Agent[03] VILLAGER
3,talk,109,8,2,Skip
3,talk,110,8,8,Skip
3,talk,111,8,3,ESTIMATE Agent[11] WEREWOLF
3,talk,112,8,15,Over
3,talk,113,8,10,AGREE TALK day3 ID:21
3,talk,114,8,6,Over
3,talk,115,8,11,REQUEST ANY (VOTE Agent[05])
3,talk,116,8,14,REQUEST ANY (DIVINATION Agent[15])
3,talk,117,9,2,Over
3,talk,118,9,7,Over
3,talk,119,9,5,Over
3,talk,120,9,6,Over
3,talk,121,9,9,Over
3,talk,122,9,4,Over
3,talk,123,9,11,Over
3,talk,124,9,15,Over
3,talk,125,9,3,Over
3,talk,126,9,10,Over
3,talk,127,9,14,Over
3,talk,128,9,8,Over
3,talk,129,9,13,Over
3,vote,2,5
3,vote,3,5
3,vote,4,5
3,vote,5,11
3,vote,6,5
3,vote,7,5
3,vote,8,5
3,vote,9,5
3,vote,10,5
3,vote,11,5
3,vote,13,5
3,vote,14,5
3,vote,15,3
3,execute,5,WEREWOLF
3,divine,11,6,WEREWOLF
3,whisper,0,0,9,Over
3,whisper,1,0,6,ATTACK Agent[11]
3,whisper,2,1,6,Over
3,whisper,3,1,9,ATTACK Agent[11]
3,whisper,4,2,6,REQUEST ANY (ATTACK Agent[11])
3,whisper,5,2,9,Over
3,whisper,6,3,6,ESTIMATE Agent[10] POSSESSED
3,whisper,7,3,9,Over
3,whisper,8,4,6,Over
3,whisper,9,4,9,Over
3,guard,7,11,SEER
3,attackVote,6,11
3,attackVote,9,11
3,attack,11,false
4,status,1,VILLAGER,DEAD,wasabi61
4,status,2,VILLAGER,ALIVE,wasabi51
4,status,3,VILLAGER,ALIVE,wasabi81
4,status,4,VILLAGER,ALIVE,wasabi71
4,status,5,WEREWOLF,DEAD,wasabi21
4,status,6,WEREWOLF,ALIVE,wasabi11
4,status,7,BODYGUARD,ALIVE,wasabi41
4,status,8,MEDIUM,ALIVE,wasabi31
4,status,9,WEREWOLF,ALIVE,wasabi4
4,status,10,POSSESSED,ALIVE,wasabi3
4,status,11,SEER,ALIVE,wasabi5
4,status,12,VILLAGER,DEAD,wasabi91
4,status,13,VILLAGER,ALIVE,wasabi2
4,status,14,VILLAGER,ALIVE,wasabi1
4,status,15,VILLAGER,ALIVE,HALUemon
4,talk,0,0,6,Skip
4,talk,1,0,13,Skip
4,talk,2,0,10,DIVINED Agent[15] HUMAN
4,talk,3,0,9,ESTIMATE Agent[11] WEREWOLF
4,talk,4,0,3,Skip
4,talk,5,0,11,DIVINED Agent[06] WEREWOLF
4,talk,6,0,8,IDENTIFIED Agent[05] WEREWOLF
4,talk,7,0,7,ESTIMATE Agent[08] MEDIUM
4,talk,8,0,14,ESTIMATE Agent[07] VILLAGER
4,talk,9,0,2,ESTIMATE Agent[06] WEREWOLF
4,talk,10,0,4,ESTIMATE Agent[09] VILLAGER
4,talk,11,0,15,Skip
4,talk,12,1,15,Skip
4,talk,13,1,11,Skip
4,talk,14,1,6,Skip
4,talk,15,1,9,Skip
4,talk,16,1,13,AGREE TALK day4 ID:8
4,talk,17,1,3,Skip
4,talk,18,1,10,Skip
4,talk,19,1,7,Skip
4,talk,20,1,14,AGREE TALK day4 ID:7
4,talk,21,1,2,ESTIMATE Agent[14] VILLAGER
4,talk,22,1,4,ESTIMATE Agent[02] VILLAGER
4,talk,23,1,8,Skip
4,talk,24,2,4,ESTIMATE Agent[11] WEREWOLF
4,talk,25,2,6,ESTIMATE Agent[14] WEREWOLF
4,talk,26,2,7,Skip
4,talk,27,2,15,Over
4,talk,28,2,3,ESTIMATE Agent[10] WEREWOLF
4,talk,29,2,14,ESTIMATE Agent[07] VILLAGER
4,talk,30,2,11,ESTIMATE Agent[04] VILLAGER
4,talk,31,2,8,Skip
4,talk,32,2,10,ESTIMATE Agent[03] VILLAGER
4,talk,33,2,13,Skip
4,talk,34,2,2,ESTIMATE Agent[07] VILLAGER
4,talk,35,2,9,DISAGREE TALK day4 ID:21
4,talk,36,3,10,VOTE Agent[14]
4,talk,37,3,4,VOTE Agent[06]
4,talk,38,3,11,VOTE Agent[06]
4,talk,39,3,14,VOTE Agent[06]
4,talk,40,3,7,VOTE Agent[06]
4,talk,41,3,13,VOTE Agent[06]
4,talk,42,3,8,VOTE Agent[06]
4,talk,43,3,15,Over
4,talk,44,3,2,VOTE Agent[06]
4,talk,45,3,6,VOTE Agent[11]
4,talk,46,3,3,VOTE Agent[06]
4,talk,47,3,9,VOTE Agent[06]
4,talk,48,4,14,BECAUSE (Agent[10] VOTED Agent[14]) (REQUEST ANY (VOTE Agent[10]))
4,talk,49,4,10,DISAGREE TALK day4 ID:30
4,talk,50,4,7,ESTIMATE Agent[02] VILLAGER
4,talk,51,4,13,ESTIMATE Agent[06] WEREWOLF
4,talk,52,4,15,Over
4,talk,53,4,9,Skip
4,talk,54,4,6,ESTIMATE Agent[13] VILLAGER
4,talk,55,4,8,Skip
4,talk,56,4,4,ESTIMATE Agent[10] WEREWOLF
4,talk,57,4,2,ESTIMATE Agent[10] WEREWOLF
4,talk,58,4,3,Skip
4,talk,59,4,11,BECAUSE (Agent[06] VOTED Agent[11]) (REQUEST ANY (VOTE Agent[06]))
4,talk,60,5,14,DISAGREE TALK day4 ID:30
4,talk,61,5,7,REQUEST ANY (VOTE Agent[06])
4,talk,62,5,9,ESTIMATE Agent[10] WEREWOLF
4,talk,63,5,11,Skip
4,talk,64,5,2,ESTIMATE Agent[07] VILLAGER
4,talk,65,5,15,Over
4,talk,66,5,3,Skip
4,talk,67,5,8,Skip
4,talk,68,5,13,AGREE TALK day4 ID:28
4,talk,69,5,4,ESTIMATE Agent[09] VILLAGER
4,talk,70,5,6,Skip
4,talk,71,5,10,VOTE Agent[06]
4,talk,72,6,14,ESTIMATE Agent[06] WEREWOLF
4,talk,73,6,6,Skip
4,talk,74,6,15,Over
4,talk,75,6,4,REQUEST ANY (DIVINATION Agent[14])
4,talk,76,6,8,REQUEST ANY (VOTE Agent[06])
4,talk,77,6,11,Skip
4,talk,78,6,9,REQUEST ANY (DIVINATION Agent[14])
4,talk,79,6,13,Skip
4,talk,80,6,2,Skip
4,talk,81,6,7,Skip
4,talk,82,6,3,REQUEST ANY (VOTE Agent[06])
4,talk,83,6,10,ESTIMATE Agent[08] MEDIUM
4,talk,84,7,11,AGREE TALK day4 ID:8
4,talk,85,7,7,ESTIMATE Agent[10] WEREWOLF
4,talk,86,7,2,REQUEST ANY (VOTE Agent[06])
4,talk,87,7,4,ESTIMATE Agent[09] VILLAGER
4,talk,88,7,3,ESTIMATE Agent[06] WEREWOLF
4,talk,89,7,10,Skip
4,talk,90,7,14,REQUEST ANY (DIVINATION Agent[04])
4,talk,91,7,6,REQUEST ANY (VOTE Agent[11])
4,talk,92,7,9,DISAGREE TALK day4 ID:30
4,talk,93,7,13,REQUEST ANY (VOTE Agent[06])
4,talk,94,7,15,Over
4,talk,95,7,8,Skip
4,talk,96,8,14,DISAGREE TALK day4 ID:30
4,talk,97,8,7,REQUEST ANY (DIVINATION Agent[04])
4,talk,98,8,9,ESTIMATE Agent[10] WEREWOLF
4,talk,99,8,3,ESTIMATE Agent[02] VILLAGER
4,talk,100,8,15,Over
4,talk,101,8,2,ESTIMATE Agent[08] MEDIUM
4,talk,102,8,6,ESTIMATE Agent[08] MEDIUM
4,talk,103,8,13,ESTIMATE Agent[15] VILLAGER
4,talk,104,8,11,Skip
4,talk,105,8,4,REQUEST ANY (VOTE Agent[06])
4,talk,106,8,10,Skip
4,talk,107,8,8,Skip
4,talk,108,9,15,Over
4,talk,109,9,8,Over
4,talk,110,9,9,Over
4,talk,111,9,11,Over
4,talk,112,9,2,Over
4,talk,113,9,10,Over
4,talk,114,9,7,Over
4,talk,115,9,14,Over
4,talk,116,9,13,Over
4,talk,117,9,4,Over
4,talk,118,9,6,Over
4,talk,119,9,3,Over
4,vote,2,6
4,vote,3,6
4,vote,4,6
4,vote,6,11
4,vote,7,6
4,vote,8,6
4,vote,9,6
4,vote,10,6
4,vote,11,6
4,vote,13,6
4,vote,14,6
4,vote,15,2
4,execute,6,WEREWOLF
4,divine,11,4,HUMAN
4,guard,7,11,SEER
4,attackVote,9,13
4,attack,13,true
5,status,1,VILLAGER,DEAD,wasabi61
5,status,2,VILLAGER,ALIVE,wasabi51
5,status,3,VILLAGER,ALIVE,wasabi81
5,status,4,VILLAGER,ALIVE,wasabi71
5,status,5,WEREWOLF,DEAD,wasabi21
5,status,6,WEREWOLF,DEAD,wasabi11
5,status,7,BODYGUARD,ALIVE,wasabi41
5,status,8,MEDIUM,ALIVE,wasabi31
5,status,9,WEREWOLF,ALIVE,wasabi4
5,status,10,POSSESSED,ALIVE,wasabi3
5,status,11,SEER,ALIVE,wasabi5
5,status,12,VILLAGER,DEAD,wasabi91
5,status,13,VILLAGER,DEAD,wasabi2
5,status,14,VILLAGER,ALIVE,wasabi1
5,status,15,VILLAGER,ALIVE,HALUemon
5,talk,0,0,9,ESTIMATE Agent[10] WEREWOLF
5,talk,1,0,8,IDENTIFIED Agent[06] WEREWOLF
5,talk,2,0,15,Skip
5,talk,3,0,7,ESTIMATE Agent[15] VILLAGER
5,talk,4,0,2,ESTIMATE Agent[09] VILLAGER
5,talk,5,0,4,ESTIMATE Agent[10] WEREWOLF
5,talk,6,0,11,DIVINED Agent[04] HUMAN
5,talk,7,0,14,ESTIMATE Agent[11] WEREWOLF
5,talk,8,0,3,Skip
5,talk,9,0,10,DIVINED Agent[14] WEREWOLF
5,talk,10,1,10,Skip
5,talk,11,1,8,Skip
5,talk,12,1,7,ESTIMATE Agent[14] WEREWOLF
5,talk,13,1,4,ESTIMATE Agent[07] VILLAGER
5,talk,14,1,11,ESTIMATE Agent[02] VILLAGER
5,talk,15,1,15,Skip
5,talk,16,1,14,BECAUSE (Agent[10] DIVINED Agent[14] WEREWOLF) (OR (ESTIMATE Agent[10] WEREWOLF) (ESTIMATE Agent[10] POSSESSED))
5,talk,17,1,2,Skip
5,talk,18,1,9,AGREE TALK day5 ID:3
5,talk,19,1,3,Skip
5,talk,20,2,11,Skip
5,talk,21,2,15,Over
5,talk,22,2,7,ESTIMATE Agent[14] WEREWOLF
5,talk,23,2,9,ESTIMATE Agent[10] WEREWOLF
5,talk,24,2,8,ESTIMATE Agent[10] WEREWOLF
5,talk,25,2,4,ESTIMATE Agent[07] VILLAGER
5,talk,26,2,10,ESTIMATE Agent[03] VILLAGER
5,talk,27,2,3,ESTIMATE Agent[08] MEDIUM
5,talk,28,2,14,ESTIMATE Agent[08] MEDIUM
5,talk,29,2,2,Skip
5,talk,30,3,9,VOTE Agent[14]
5,talk,31,3,14,VOTE Agent[10]
5,talk,32,3,3,VOTE Agent[14]
5,talk,33,3,8,VOTE Agent[14]
5,talk,34,3,4,VOTE Agent[14]
5,talk,35,3,7,VOTE Agent[14]
5,talk,36,3,11,VOTE Agent[09]
5,talk,37,3,15,Over
5,talk,38,3,10,VOTE Agent[14]
5,talk,39,3,2,VOTE Agent[14]
5,talk,40,4,10,BECAUSE (Agent[14] VOTED Agent[10]) (REQUEST ANY (VOTE Agent[14]))
5,talk,41,4,9,BECAUSE (Agent[11] VOTED Agent[09]) (REQUEST ANY (VOTE Agent[11]))
5,talk,42,4,11,VOTE Agent[14]
5,talk,43,4,3,Skip
5,talk,44,4,4,ESTIMATE Agent[08] MEDIUM
5,talk,45,4,14,BECAUSE (Agent[09] VOTED Agent[14]) (REQUEST ANY (VOTE Agent[09]))
5,talk,46,4,8,ESTIMATE Agent[14] WEREWOLF
5,talk,47,4,2,ESTIMATE Agent[10] WEREWOLF
5,talk,48,4,15,Over
5,talk,49,4,7,ESTIMATE Agent[08] MEDIUM
5,talk,50,5,10,AGREE TALK day5 ID:14
5,talk,51,5,11,AGREE TALK day5 ID:27
5,talk,52,5,15,Over
5,talk,53,5,8,Skip
5,talk,54,5,2,ESTIMATE Agent[14] WEREWOLF
5,talk,55,5,4,ESTIMATE Agent[15] VILLAGER
5,talk,56,5,7,REQUEST ANY (VOTE Agent[14])
5,talk,57,5,3,ESTIMATE Agent[11] WEREWOLF
5,talk,58,5,14,Skip
5,talk,59,5,9,Skip
5,talk,60,6,14,Skip
5,talk,61,6,9,AGREE TALK day5 ID:12
5,talk,62,6,15,Over
5,talk,63,6,11,Skip
5,talk,64,6,10,ESTIMATE Agent[02] VILLAGER
5,talk,65,6,7,ESTIMATE Agent[14] WEREWOLF
5,talk,66,6,3,Skip
5,talk,67,6,8,Skip
5,talk,68,6,4,Skip
5,talk,69,6,2,Skip
5,talk,70,7,8,ESTIMATE Agent[10] WEREWOLF
5,talk,71,7,14,Over
5,talk,72,7,2,Skip
5,talk,73,7,11,VOTE Agent[09]
5,talk,74,7,9,Skip
5,talk,75,7,15,Over
5,talk,76,7,3,ESTIMATE Agent[14] WEREWOLF
5,talk,77,7,10,ESTIMATE Agent[03] VILLAGER
5,talk,78,7,4,ESTIMATE Agent[15] VILLAGER
5,talk,79,7,7,ESTIMATE Agent[15] VILLAGER
5,talk,80,8,4,ESTIMATE Agent[02] VILLAGER
5,talk,81,8,2,ESTIMATE Agent[03] VILLAGER
5,talk,82,8,11,VOTE Agent[14]
5,talk,83,8,3,Skip
5,talk,84,8,10,Skip
5,talk,85,8,14,ESTIMATE Agent[04] VILLAGER
5,talk,86,8,7,ESTIMATE Agent[03] VILLAGER
5,talk,87,8,8,ESTIMATE Agent[14] WEREWOLF
5,talk,88,8,9,ESTIMATE Agent[11] WEREWOLF
5,talk,89,8,15,Over
5,talk,90,9,9,Over
5,talk,91,9,7,Over
5,talk,92,9,10,Over
5,talk,93,9,3,Over
5,talk,94,9,2,Over
5,talk,95,9,4,Over
5,talk,96,9,14,Over
5,talk,97,9,15,Over
5,talk,98,9,8,Over
5,talk,99,9,11,Over
5,vote,2,14
5,vote,3,14
5,vote,4,14
5,vote,7,14
5,vote,8,14
5,vote,9,14
5,vote,10,14
5,vote,11,14
5,vote,14,10
5,vote,15,4
5,execute,14,VILLAGER
5,divine,11,9,WEREWOLF
5,guard,7,10,POSSESSED
5,attackVote,9,4
5,attack,4,true
6,status,1,VILLAGER,DEAD,wasabi61
6,status,2,VILLAGER,ALIVE,wasabi51
6,status,3,VILLAGER,ALIVE,wasabi81
6,status,4,VILLAGER,DEAD,wasabi71
6,status,5,WEREWOLF,DEAD,wasabi21
6,status,6,WEREWOLF,DEAD,wasabi11
6,status,7,BODYGUARD,ALIVE,wasabi41
6,status,8,MEDIUM,ALIVE,wasabi31
6,status,9,WEREWOLF,ALIVE,wasabi4
6,status,10,POSSESSED,ALIVE,wasabi3
6,status,11,SEER,ALIVE,wasabi5
6,status,12,VILLAGER,DEAD,wasabi91
6,status,13,VILLAGER,DEAD,wasabi2
6,status,14,VILLAGER,DEAD,wasabi1
6,status,15,VILLAGER,ALIVE,HALUemon
6,talk,0,0,2,ESTIMATE Agent[07] VILLAGER
6,talk,1,0,9,Skip
6,talk,2,0,11,DIVINED Agent[09] WEREWOLF
6,talk,3,0,8,IDENTIFIED Agent[14] HUMAN
6,talk,4,0,7,ESTIMATE Agent[02] VILLAGER
6,talk,5,0,15,Skip
6,talk,6,0,3,ESTIMATE Agent[10] WEREWOLF
6,talk,7,0,10,DIVINED Agent[07] HUMAN
6,talk,8,1,10,ESTIMATE Agent[03] VILLAGER
6,talk,9,1,9,BECAUSE (Agent[11] DIVINED Agent[09] WEREWOLF) (OR (ESTIMATE Agent[11] WEREWOLF) (ESTIMATE Agent[11] POSSESSED))
6,talk,10,1,11,Skip
6,talk,11,1,2,Skip
6,talk,12,1,8,Skip
6,talk,13,1,15,Skip
6,talk,14,1,3,Skip
6,talk,15,1,7,ESTIMATE Agent[09] WEREWOLF
6,talk,16,2,10,AGREE TALK day6 ID:0
6,talk,17,2,15,Over
6,talk,18,2,7,ESTIMATE Agent[11] SEER
6,talk,19,2,8,ESTIMATE Agent[11] SEER
6,talk,20,2,9,ESTIMATE Agent[08] WEREWOLF
6,talk,21,2,3,Skip
6,talk,22,2,2,ESTIMATE Agent[03] VILLAGER
6,talk,23,2,11,ESTIMATE Agent[08] MEDIUM
6,talk,24,3,8,VOTE Agent[10]
6,talk,25,3,11,VOTE Agent[09]
6,talk,26,3,3,VOTE Agent[09]
6,talk,27,3,2,VOTE Agent[10]
6,talk,28,3,10,VOTE Agent[02]
6,talk,29,3,15,Over
6,talk,30,3,9,VOTE Agent[11]
6,talk,31,3,7,VOTE Agent[09]
6,talk,32,4,2,Skip
6,talk,33,4,10,BECAUSE (Agent[08] VOTED Agent[10]) (REQUEST ANY (VOTE Agent[08]))
6,talk,34,4,15,Over
6,talk,35,4,7,ESTIMATE Agent[10] WEREWOLF
6,talk,36,4,3,Skip
6,talk,37,4,11,BECAUSE (Agent[09] VOTED Agent[11]) (REQUEST ANY (VOTE Agent[09]))
6,talk,38,4,9,BECAUSE (Agent[11] VOTED Agent[09]) (REQUEST ANY (VOTE Agent[11]))
6,talk,39,4,8,Skip
6,talk,40,5,3,REQUEST ANY (VOTE Agent[09])
6,talk,41,5,2,Skip
6,talk,42,5,8,ESTIMATE Agent[15] VILLAGER
6,talk,43,5,11,Skip
6,talk,44,5,10,ESTIMATE Agent[02] WEREWOLF
6,talk,45,5,7,ESTIMATE Agent[09] WEREWOLF
6,talk,46,5,9,DISAGREE TALK day6 ID:18
6,talk,47,5,15,Over
6,talk,48,6,8,ESTIMATE Agent[15] VILLAGER
6,talk,49,6,10,AGREE TALK day6 ID:42
6,talk,50,6,9,Skip
6,talk,51,6,2,ESTIMATE Agent[09] WEREWOLF
6,talk,52,6,15,Over
6,talk,53,6,11,DISAGREE TALK day6 ID:20
6,talk,54,6,7,ESTIMATE Agent[15] VILLAGER
6,talk,55,6,3,ESTIMATE Agent[09] WEREWOLF
6,talk,56,7,15,Over
6,talk,57,7,9,ESTIMATE Agent[11] WEREWOLF
6,talk,58,7,11,Skip
6,talk,59,7,2,ESTIMATE Agent[09] WEREWOLF
6,talk,60,7,8,ESTIMATE Agent[02] VILLAGER
6,talk,61,7,7,ESTIMATE Agent[10] WEREWOLF
6,talk,62,7,10,ESTIMATE Agent[07] VILLAGER
6,talk,63,7,3,Skip
6,talk,64,8,8,Skip
6,talk,65,8,11,Skip
6,talk,66,8,10,Skip
6,talk,67,8,7,REQUEST ANY (VOTE Agent[09])
6,talk,68,8,15,Over
6,talk,69,8,3,Skip
6,talk,70,8,9,Skip
6,talk,71,8,2,VOTE Agent[09]
6,talk,72,9,9,Over
6,talk,73,9,10,Over
6,talk,74,9,7,Over
6,talk,75,9,11,Over
6,talk,76,9,2,Over
6,talk,77,9,3,Over
6,talk,78,9,15,Over
6,talk,79,9,8,Over
6,vote,2,9
6,vote,3,9
6,vote,7,9
6,vote,8,10
6,vote,9,11
6,vote,10,2
6,vote,11,9
6,vote,15,10
6,execute,9,WEREWOLF
6,divine,11,3,HUMAN
6,guard,7,11,SEER
7,status,1,VILLAGER,DEAD,wasabi61
7,status,2,VILLAGER,ALIVE,wasabi51
7,status,3,VILLAGER,ALIVE,wasabi81
7,status,4,VILLAGER,DEAD,wasabi71
7,status,5,WEREWOLF,DEAD,wasabi21
7,status,6,WEREWOLF,DEAD,wasabi11
7,status,7,BODYGUARD,ALIVE,wasabi41
7,status,8,MEDIUM,ALIVE,wasabi31
7,status,9,WEREWOLF,DEAD,wasabi4
7,status,10,POSSESSED,ALIVE,wasabi3
7,status,11,SEER,ALIVE,wasabi5
7,status,12,VILLAGER,DEAD,wasabi91
7,status,13,VILLAGER,DEAD,wasabi2
7,status,14,VILLAGER,DEAD,wasabi1
7,status,15,VILLAGER,ALIVE,HALUemon
7,result,7,0,VILLAGER
