0,status,1,VILLAGER,ALIVE,wasabi61
0,status,2,VILLAGER,ALIVE,wasabi51
0,status,3,VILLAGER,ALIVE,wasabi81
0,status,4,VILLAGER,ALIVE,wasabi71
0,status,5,WEREWOLF,ALIVE,wasabi21
0,status,6,WEREWOLF,ALIVE,wasabi11
0,status,7,BODYGUARD,ALIVE,wasabi41
0,status,8,MEDIUM,ALIVE,wasabi31
0,status,9,WEREWOLF,ALIVE,wasabi4
0,status,10,POSSESSED,ALIVE,wasabi3
0,status,11,SEER,ALIVE,wasabi5
0,status,12,VILLAGER,ALIVE,wasabi91
0,status,13,VILLAGER,ALIVE,wasabi2
0,status,14,VILLAGER,ALIVE,wasabi1
0,status,15,VILLAGER,ALIVE,HALUemon
0,whisper,0,0,9,Over
0,whisper,1,0,6,ATTACK Agent[10]
0,whisper,2,0,5,ATTACK Agent[11]
0,whisper,3,1,6,ATTACK Agent[11]
0,whisper,4,1,5,Over
0,whisper,5,1,9,ATTACK Agent[11]
0,whisper,6,2,5,REQUEST ANY (ATTACK Agent[11])
0,whisper,7,2,6,Over
0,whisper,8,2,9,Over
0,whisper,9,3,5,Over
0,whisper,10,3,6,Over
0,whisper,11,3,9,Over
0,divine,11,9,WEREWOLF
1,status,1,VILLAGER,ALIVE,wasabi61
1,status,2,VILLAGER,ALIVE,wasabi51
1,status,3,VILLAGER,ALIVE,wasabi81
1,status,4,VILLAGER,ALIVE,wasabi71
1,status,5,WEREWOLF,ALIVE,wasabi21
1,status,6,WEREWOLF,ALIVE,wasabi11
1,status,7,BODYGUARD,ALIVE,wasabi41
1,status,8,MEDIUM,ALIVE,wasabi31
1,status,9,WEREWOLF,ALIVE,wasabi4
1,status,10,POSSESSED,ALIVE,wasabi3
1,status,11,SEER,ALIVE,wasabi5
1,status,12,VILLAGER,ALIVE,wasabi91
1,status,13,VILLAGER,ALIVE,wasabi2
1,status,14,VILLAGER,ALIVE,wasabi1
1,status,15,VILLAGER,ALIVE,HALUemon
1,talk,0,0,12,ESTIMATE Agent[04] VILLAGER
1,talk,1,0,6,ESTIMATE Agent[04] WEREWOLF
1,talk,2,0,10,COMINGOUT Agent[10] SEER
1,talk,3,0,1,Skip
1,talk,4,0,14,ESTIMATE Agent[08] WEREWOLF
1,talk,5,0,9,ESTIMATE Agent[08] VILLAGER
1,talk,6,0,5,ESTIMATE Agent[01] WEREWOLF
1,talk,7,0,8,COMINGOUT Agent[08] MEDIUM
1,talk,8,0,7,ESTIMATE Agent[11] VILLAGER
1,talk,9,0,4,ESTIMATE Agent[06] WEREWOLF
1,talk,10,0,2,ESTIMATE Agent[07] WEREWOLF
1,talk,11,0,13,Skip
1,talk,12,0,15,Skip
1,talk,13,0,11,COMINGOUT Agent[11] SEER
1,talk,14,0,3,Skip
1,talk,15,1,10,DIVINED Agent[11] HUMAN
1,talk,16,1,12,ESTIMATE Agent[10] WEREWOLF
1,talk,17,1,14,ESTIMATE Agent[13] WEREWOLF
1,talk,18,1,2,Skip
1,talk,19,1,15,Skip
1,talk,20,1,1,ESTIMATE Agent[08] MEDIUM
1,talk,21,1,6,ESTIMATE Agent[07] WEREWOLF
1,talk,22,1,5,Skip
1,talk,23,1,4,ESTIMATE Agent[05] VILLAGER
1,talk,24,1,3,Skip
1,talk,25,1,13,Skip
1,talk,26,1,8,ESTIMATE Agent[09] WEREWOLF
1,talk,27,1,11,DIVINED Agent[09] WEREWOLF
1,talk,28,1,9,ESTIMATE Agent[05] VILLAGER
1,talk,29,1,7,Skip
1,talk,30,2,4,ESTIMATE Agent[05] VILLAGER
1,talk,31,2,8,Skip
1,talk,32,2,10,Skip
1,talk,33,2,2,ESTIMATE Agent[10] WEREWOLF
1,talk,34,2,6,ESTIMATE Agent[11] WEREWOLF
1,talk,35,2,1,ESTIMATE Agent[09] WEREWOLF
1,talk,36,2,14,Skip
1,talk,37,2,5,Skip
1,talk,38,2,12,ESTIMATE Agent[14] WEREWOLF
1,talk,39,2,11,AGREE TALK day1 ID:16
1,talk,40,2,7,ESTIMATE Agent[05] VILLAGER
1,talk,41,2,3,Over
1,talk,42,2,9,BECAUSE (Agent[11] DIVINED Agent[09] WEREWOLF) (OR (ESTIMATE Agent[11] WEREWOLF) (ESTIMATE Agent[11] POSSESSED))
1,talk,43,2,15,Over
1,talk,44,2,13,Over
1,talk,45,3,12,VOTE Agent[09]
1,talk,46,3,11,VOTE Agent[09]
1,talk,47,3,8,VOTE Agent[09]
1,talk,48,3,7,VOTE Agent[09]
1,talk,49,3,3,VOTE Agent[09]
1,talk,50,3,14,VOTE Agent[09]
1,talk,51,3,6,VOTE Agent[09]
1,talk,52,3,5,VOTE Agent[09]
1,talk,53,3,1,VOTE Agent[09]
1,talk,54,3,4,VOTE Agent[09]
1,talk,55,3,13,VOTE Agent[09]
1,talk,56,3,9,VOTE Agent[11]
1,talk,57,3,15,Over
1,talk,58,3,10,VOTE Agent[09]
1,talk,59,3,2,VOTE Agent[09]
1,talk,60,4,12,ESTIMATE Agent[10] WEREWOLF
1,talk,61,4,6,ESTIMATE Agent[10] WEREWOLF
1,talk,62,4,7,ESTIMATE Agent[06] VILLAGER
1,talk,63,4,1,ESTIMATE Agent[04] VILLAGER
1,talk,64,4,11,BECAUSE (Agent[09] VOTED Agent[11]) (REQUEST ANY (VOTE Agent[09]))
1,talk,65,4,3,ESTIMATE Agent[09] WEREWOLF
1,talk,66,4,8,Skip
1,talk,67,4,13,Skip
1,talk,68,4,5,ESTIMATE Agent[06] VILLAGER
1,talk,69,4,2,ESTIMATE Agent[04] VILLAGER
1,talk,70,4,9,BECAUSE (Agent[12] VOTED Agent[09]) (REQUEST ANY (VOTE Agent[12]))
1,talk,71,4,14,Skip
1,talk,72,4,4,ESTIMATE Agent[11] SEER
1,talk,73,4,10,DISAGREE TALK day1 ID:8
1,talk,74,4,15,Over
1,talk,75,5,2,Skip
1,talk,76,5,9,REQUEST ANY (VOTE Agent[11])
1,talk,77,5,13,AGREE TALK day1 ID:0
1,talk,78,5,1,Skip
1,talk,79,5,5,Skip
1,talk,80,5,3,ESTIMATE Agent[11] WEREWOLF
1,talk,81,5,14,ESTIMATE Agent[03] VILLAGER
1,talk,82,5,8,ESTIMATE Agent[09] WEREWOLF
1,talk,83,5,11,ESTIMATE Agent[10] WEREWOLF
1,talk,84,5,10,Skip
1,talk,85,5,6,ESTIMATE Agent[10] WEREWOLF
1,talk,86,5,4,Skip
1,talk,87,5,12,Skip
1,talk,88,5,15,Over
1,talk,89,5,7,ESTIMATE Agent[04] VILLAGER
1,talk,90,6,8,Skip
1,talk,91,6,4,ESTIMATE Agent[13] VILLAGER
1,talk,92,6,3,Skip
1,talk,93,6,2,ESTIMATE Agent[13] VILLAGER
1,talk,94,6,7,ESTIMATE Agent[06] VILLAGER
1,talk,95,6,1,Skip
1,talk,96,6,10,ESTIMATE Agent[11] WEREWOLF
1,talk,97,6,12,ESTIMATE Agent[04] WEREWOLF
1,talk,98,6,9,DISAGREE TALK day1 ID:8
1,talk,99,6,14,Skip
1,talk,100,6,5,ESTIMATE Agent[08] MEDIUM
1,talk,101,6,15,Over
1,talk,102,6,11,DISAGREE TALK day1 ID:6
1,talk,103,6,13,ESTIMATE Agent[10] WEREWOLF
1,talk,104,6,6,ESTIMATE Agent[04] VILLAGER
1,talk,105,7,4,Skip
1,talk,106,7,15,Over
1,talk,107,7,9,ESTIMATE Agent[11] WEREWOLF
1,talk,108,7,2,ESTIMATE Agent[09] WEREWOLF
1,talk,109,7,1,ESTIMATE Agent[13] VILLAGER
1,talk,110,7,5,ESTIMATE Agent[09] WEREWOLF
1,talk,111,7,6,ESTIMATE Agent[10] WEREWOLF
1,talk,112,7,10,Skip
1,talk,113,7,8,Skip
1,talk,114,7,13,Skip
1,talk,115,7,3,ESTIMATE Agent[11] WEREWOLF
1,talk,116,7,14,ESTIMATE Agent[15] VILLAGER
1,talk,117,7,11,ESTIMATE Agent[10] WEREWOLF
1,talk,118,7,7,REQUEST ANY (VOTE Agent[09])
1,talk,119,7,12,ESTIMATE Agent[10] WEREWOLF
1,talk,120,8,12,ESTIMATE Agent[10] WEREWOLF
1,talk,121,8,3,Skip
1,talk,122,8,13,REQUEST ANY (VOTE Agent[09])
1,talk,123,8,5,REQUEST ANY (VOTE Agent[09])
1,talk,124,8,4,Skip
1,talk,125,8,7,Skip
1,talk,126,8,14,Skip
1,talk,127,8,8,ESTIMATE Agent[09] WEREWOLF
1,talk,128,8,15,Over
1,talk,129,8,11,DISAGREE TALK day1 ID:10
1,talk,130,8,10,DISAGREE TALK day1 ID:8
1,talk,131,8,1,ESTIMATE Agent[10] WEREWOLF
1,talk,132,8,9,DISAGREE TALK day1 ID:38
1,talk,133,8,2,REQUEST ANY (VOTE Agent[09])
1,talk,134,8,6,ESTIMATE Agent[12] VILLAGER
1,talk,135,9,15,Over
1,talk,136,9,1,Over
1,talk,137,9,4,Over
1,talk,138,9,13,Over
1,talk,139,9,10,Over
1,talk,140,9,2,Over
1,talk,141,9,9,Over
1,talk,142,9,6,Over
1,talk,143,9,14,Over
1,talk,144,9,12,Over
1,talk,145,9,5,Over
1,talk,146,9,11,Over
1,talk,147,9,7,Over
1,talk,148,9,3,Over
1,talk,149,9,8,Over
1,vote,1,9
1,vote,2,9
1,vote,3,9
1,vote,4,9
1,vote,5,9
1,vote,6,9
1,vote,7,9
1,vote,8,9
1,vote,9,11
1,vote,10,9
1,vote,11,9
1,vote,12,9
1,vote,13,9
1,vote,14,9
1,vote,15,1
1,execute,9,WEREWOLF
1,divine,11,4,HUMAN
1,whisper,0,0,6,ATTACK Agent[11]
1,whisper,1,0,5,Over
1,whisper,2,1,6,Over
1,whisper,3,1,5,ATTACK Agent[11]
1,whisper,4,2,5,Over
1,whisper,5,2,6,REQUEST ANY (ATTACK Agent[11])
1,whisper,6,3,6,Over
1,whisper,7,3,5,Over
1,guard,7,11,SEER
1,attackVote,5,11
1,attackVote,6,11
1,attack,11,false
2,status,1,VILLAGER,ALIVE,wasabi61
2,status,2,VILLAGER,ALIVE,wasabi51
2,status,3,VILLAGER,ALIVE,wasabi81
2,status,4,VILLAGER,ALIVE,wasabi71
2,status,5,WEREWOLF,ALIVE,wasabi21
2,status,6,WEREWOLF,ALIVE,wasabi11
2,status,7,BODYGUARD,ALIVE,wasabi41
2,status,8,MEDIUM,ALIVE,wasabi31
2,status,9,WEREWOLF,DEAD,wasabi4
2,status,10,POSSESSED,ALIVE,wasabi3
2,status,11,SEER,ALIVE,wasabi5
2,status,12,VILLAGER,ALIVE,wasabi91
2,status,13,VILLAGER,ALIVE,wasabi2
2,status,14,VILLAGER,ALIVE,wasabi1
2,status,15,VILLAGER,ALIVE,HALUemon
2,talk,0,0,4,ESTIMATE Agent[05] VILLAGER
2,talk,1,0,10,DIVINED Agent[01] WEREWOLF
2,talk,2,0,14,Skip
2,talk,3,0,13,ESTIMATE Agent[10] WEREWOLF
2,talk,4,0,6,ESTIMATE Agent[10] WEREWOLF
2,talk,5,0,8,IDENTIFIED Agent[09] WEREWOLF
2,talk,6,0,12,Skip
2,talk,7,0,3,ESTIMATE Agent[04] VILLAGER
2,talk,8,0,1,Skip
2,talk,9,0,11,DIVINED Agent[04] HUMAN
2,talk,10,0,15,Skip
2,talk,11,0,7,ESTIMATE Agent[10] WEREWOLF
2,talk,12,0,2,ESTIMATE Agent[11] WEREWOLF
2,talk,13,0,5,Skip
2,talk,14,1,6,ESTIMATE Agent[01] WEREWOLF
2,talk,15,1,13,Skip
2,talk,16,1,12,Skip
2,talk,17,1,3,ESTIMATE Agent[10] WEREWOLF
2,talk,18,1,5,ESTIMATE Agent[10] WEREWOLF
2,talk,19,1,8,Skip
2,talk,20,1,1,Skip
2,talk,21,1,2,ESTIMATE Agent[01] WEREWOLF
2,talk,22,1,10,ESTIMATE Agent[03] VILLAGER
2,talk,23,1,4,Skip
2,talk,24,1,11,Skip
2,talk,25,1,7,ESTIMATE Agent[05] VILLAGER
2,talk,26,1,14,ESTIMATE Agent[06] VILLAGER
2,talk,27,1,15,Skip
2,talk,28,2,5,Skip
2,talk,29,2,7,Skip
2,talk,30,2,15,Over
2,talk,31,2,13,AGREE TALK day2 ID:4
2,talk,32,2,1,Over
2,talk,33,2,14,AGREE TALK day2 ID:14
2,talk,34,2,8,Skip
2,talk,35,2,3,ESTIMATE Agent[15] VILLAGER
2,talk,36,2,2,ESTIMATE Agent[12] VILLAGER
2,talk,37,2,11,Skip
2,talk,38,2,12,Over
2,talk,39,2,6,Skip
2,talk,40,2,10,AGREE TALK day2 ID:12
2,talk,41,2,4,ESTIMATE Agent[12] VILLAGER
2,talk,42,3,4,VOTE Agent[01]
2,talk,43,3,1,VOTE Agent[10]
2,talk,44,3,5,VOTE Agent[01]
2,talk,45,3,8,VOTE Agent[01]
2,talk,46,3,15,Over
2,talk,47,3,7,VOTE Agent[01]
2,talk,48,3,2,VOTE Agent[01]
2,talk,49,3,6,VOTE Agent[01]
2,talk,50,3,14,VOTE Agent[01]
2,talk,51,3,10,VOTE Agent[01]
2,talk,52,3,13,VOTE Agent[01]
2,talk,53,3,3,VOTE Agent[01]
2,talk,54,3,11,VOTE Agent[07]
2,talk,55,3,12,VOTE Agent[01]
2,talk,56,4,5,ESTIMATE Agent[08] MEDIUM
2,talk,57,4,15,Over
2,talk,58,4,8,Skip
2,talk,59,4,6,Skip
2,talk,60,4,2,ESTIMATE Agent[11] WEREWOLF
2,talk,61,4,1,ESTIMATE Agent[04] VILLAGER
2,talk,62,4,3,Skip
2,talk,63,4,12,Skip
2,talk,64,4,14,Skip
2,talk,65,4,4,ESTIMATE Agent[13] VILLAGER
2,talk,66,4,11,VOTE Agent[01]
2,talk,67,4,7,ESTIMATE Agent[01] WEREWOLF
2,talk,68,4,10,BECAUSE (Agent[01] VOTED Agent[10]) (REQUEST ANY (VOTE Agent[01]))
2,talk,69,4,13,ESTIMATE Agent[01] WEREWOLF
2,talk,70,5,12,ESTIMATE Agent[01] WEREWOLF
2,talk,71,5,5,ESTIMATE Agent[08] MEDIUM
2,talk,72,5,6,ESTIMATE Agent[12] VILLAGER
2,talk,73,5,15,Over
2,talk,74,5,1,ESTIMATE Agent[10] WEREWOLF
2,talk,75,5,14,ESTIMATE Agent[13] VILLAGER
2,talk,76,5,2,ESTIMATE Agent[10] WEREWOLF
2,talk,77,5,13,REQUEST ANY (VOTE Agent[01])
2,talk,78,5,10,ESTIMATE Agent[11] WEREWOLF
2,talk,79,5,4,ESTIMATE Agent[10] WEREWOLF
2,talk,80,5,11,VOTE Agent[02]
2,talk,81,5,8,Skip
2,talk,82,5,7,ESTIMATE Agent[04] VILLAGER
2,talk,83,5,3,ESTIMATE Agent[10] WEREWOLF
2,talk,84,6,1,REQUEST ANY (VOTE Agent[10])
2,talk,85,6,14,AGREE TALK day2 ID:14
2,talk,86,6,8,ESTIMATE Agent[10] WEREWOLF
2,talk,87,6,13,AGREE TALK day2 ID:35
2,talk,88,6,3,ESTIMATE Agent[12] VILLAGER
2,talk,89,6,11,AGREE TALK day2 ID:3
2,talk,90,6,7,Skip
2,talk,91,6,2,ESTIMATE Agent[01] WEREWOLF
2,talk,92,6,5,ESTIMATE Agent[08] MEDIUM
2,talk,93,6,15,Over
2,talk,94,6,4,REQUEST ANY (VOTE Agent[01])
2,talk,95,6,10,AGREE TALK day2 ID:65
2,talk,96,6,12,REQUEST ANY (VOTE Agent[01])
2,talk,97,6,6,Skip
2,talk,98,7,5,Skip
2,talk,99,7,6,ESTIMATE Agent[04] VILLAGER
2,talk,100,7,7,Skip
2,talk,101,7,8,ESTIMATE Agent[14] VILLAGER
2,talk,102,7,10,ESTIMATE Agent[11] WEREWOLF
2,talk,103,7,4,Skip
2,talk,104,7,15,Over
2,talk,105,7,2,Skip
2,talk,106,7,14,Skip
2,talk,107,7,13,ESTIMATE Agent[08] MEDIUM
2,talk,108,7,11,VOTE Agent[01]
2,talk,109,7,12,ESTIMATE Agent[05] WEREWOLF
2,talk,110,7,3,ESTIMATE Agent[08] MEDIUM
2,talk,111,7,1,Skip
2,talk,112,8,15,Over
2,talk,113,8,6,Skip
2,talk,114,8,13,AGREE TALK day2 ID:14
2,talk,115,8,7,ESTIMATE Agent[05] VILLAGER
2,talk,116,8,3,Skip
2,talk,117,8,4,Skip
2,talk,118,8,1,ESTIMATE Agent[10] WEREWOLF
2,talk,119,8,10,AGREE TALK day2 ID:14
2,talk,120,8,11,Skip
2,talk,121,8,8,ESTIMATE Agent[14] VILLAGER
2,talk,122,8,14,ESTIMATE Agent[01] WEREWOLF
2,talk,123,8,2,ESTIMATE Agent[10] WEREWOLF
2,talk,124,8,12,ESTIMATE Agent[05] WEREWOLF
2,talk,125,8,5,Skip
2,talk,126,9,10,Over
2,talk,127,9,14,Over
2,talk,128,9,11,Over
2,talk,129,9,13,Over
2,talk,130,9,8,Over
2,talk,131,9,5,Over
2,talk,132,9,1,Over
2,talk,133,9,12,Over
2,talk,134,9,7,Over
2,talk,135,9,4,Over
2,talk,136,9,15,Over
2,talk,137,9,2,Over
2,talk,138,9,3,Over
2,talk,139,9,6,Over
2,vote,1,10
2,vote,2,1
2,vote,3,1
2,vote,4,1
2,vote,5,1
2,vote,6,1
2,vote,7,1
2,vote,8,1
2,vote,10,1
2,vote,11,1
2,vote,12,1
2,vote,13,1
2,vote,14,1
2,vote,15,1
2,execute,1,VILLAGER
2,divine,11,5,WEREWOLF
2,whisper,0,0,5,Over
2,whisper,1,0,6,ATTACK Agent[11]
2,whisper,2,1,5,ATTACK Agent[11]
2,whisper,3,1,6,ESTIMATE Agent[10] POSSESSED
2,whisper,4,2,6,Over
2,whisper,5,2,5,Over
2,guard,7,11,SEER
2,attackVote,5,11
2,attackVote,6,11
2,attack,11,false
3,status,1,VILLAGER,DEAD,wasabi61
3,status,2,VILLAGER,ALIVE,wasabi51
3,status,3,VILLAGER,ALIVE,wasabi81
3,status,4,VILLAGER,ALIVE,wasabi71
3,status,5,WEREWOLF,ALIVE,wasabi21
3,status,6,WEREWOLF,ALIVE,wasabi11
3,status,7,BODYGUARD,ALIVE,wasabi41
3,status,8,MEDIUM,ALIVE,wasabi31
3,status,9,WEREWOLF,DEAD,wasabi4
3,status,10,POSSESSED,ALIVE,wasabi3
3,status,11,SEER,ALIVE,wasabi5
3,status,12,VILLAGER,ALIVE,wasabi91
3,status,13,VILLAGER,ALIVE,wasabi2
3,status,14,VILLAGER,ALIVE,wasabi1
3,status,15,VILLAGER,ALIVE,HALUemon
3,talk,0,0,8,IDENTIFIED Agent[01] HUMAN
3,talk,1,0,2,ESTIMATE Agent[10] WEREWOLF
3,talk,2,0,11,DIVINED Agent[05] WEREWOLF
3,talk,3,0,12,ESTIMATE Agent[03] WEREWOLF
3,talk,4,0,13,Skip
3,talk,5,0,3,Skip
3,talk,6,0,15,Skip
3,talk,7,0,5,ESTIMATE Agent[04] VILLAGER
3,talk,8,0,7,ESTIMATE Agent[10] WEREWOLF
3,talk,9,0,4,Skip
3,talk,10,0,6,ESTIMATE Agent[07] VILLAGER
3,talk,11,0,14,Skip
3,talk,12,0,10,DIVINED Agent[02] HUMAN
3,talk,13,1,2,Skip
3,talk,14,1,13,Skip
3,talk,15,1,10,ESTIMATE Agent[11] WEREWOLF
3,talk,16,1,7,Skip
3,talk,17,1,4,Skip
3,talk,18,1,3,Skip
3,talk,19,1,14,ESTIMATE Agent[02] VILLAGER
3,talk,20,1,15,Skip
3,talk,21,1,5,Skip
3,talk,22,1,6,ESTIMATE Agent[05] WEREWOLF
3,talk,23,1,12,ESTIMATE Agent[07] VILLAGER
3,talk,24,1,8,ESTIMATE Agent[02] VILLAGER
3,talk,25,1,11,Skip
3,talk,26,2,12,Skip
3,talk,27,2,15,Over
3,talk,28,2,11,Skip
3,talk,29,2,4,ESTIMATE Agent[02] VILLAGER
3,talk,30,2,10,AGREE TALK day3 ID:19
3,talk,31,2,6,ESTIMATE Agent[10] WEREWOLF
3,talk,32,2,2,ESTIMATE Agent[05] WEREWOLF
3,talk,33,2,8,ESTIMATE Agent[10] WEREWOLF
3,talk,34,2,3,ESTIMATE Agent[14] VILLAGER
3,talk,35,2,5,Skip
3,talk,36,2,14,Skip
3,talk,37,2,13,Over
3,talk,38,2,7,ESTIMATE Agent[11] SEER
3,talk,39,3,5,VOTE Agent[11]
3,talk,40,3,13,VOTE Agent[10]
3,talk,41,3,8,VOTE Agent[10]
3,talk,42,3,2,VOTE Agent[05]
3,talk,43,3,4,VOTE Agent[05]
3,talk,44,3,7,VOTE Agent[05]
3,talk,45,3,14,VOTE Agent[05]
3,talk,46,3,10,VOTE Agent[04]
3,talk,47,3,11,VOTE Agent[05]
3,talk,48,3,12,VOTE Agent[05]
3,talk,49,3,15,Over
3,talk,50,3,6,VOTE Agent[05]
3,talk,51,3,3,VOTE Agent[10]
3,talk,52,4,7,VOTE Agent[10]
3,talk,53,4,2,Skip
3,talk,54,4,12,Skip
3,talk,55,4,4,VOTE Agent[10]
3,talk,56,4,13,VOTE Agent[05]
3,talk,57,4,10,BECAUSE (Agent[13] VOTED Agent[10]) (REQUEST ANY (VOTE Agent[13]))
3,talk,58,4,6,ESTIMATE Agent[13] VILLAGER
3,talk,59,4,8,Skip
3,talk,60,4,5,ESTIMATE Agent[08] WEREWOLF
3,talk,61,4,15,Over
3,talk,62,4,14,Skip
3,talk,63,4,11,BECAUSE (Agent[05] VOTED Agent[11]) (REQUEST ANY (VOTE Agent[05]))
3,talk,64,4,3,VOTE Agent[05]
3,talk,65,5,10,VOTE Agent[05]
3,talk,66,5,8,ESTIMATE Agent[05] WEREWOLF
3,talk,67,5,6,ESTIMATE Agent[05] WEREWOLF
3,talk,68,5,15,Over
3,talk,69,5,13,Skip
3,talk,70,5,2,ESTIMATE Agent[05] WEREWOLF
3,talk,71,5,12,ESTIMATE Agent[08] MEDIUM
3,talk,72,5,5,Skip
3,talk,73,5,4,VOTE Agent[05]
3,talk,74,5,7,ESTIMATE Agent[02] VILLAGER
3,talk,75,5,14,AGREE TALK day3 ID:1
3,talk,76,5,3,Skip
3,talk,77,5,11,AGREE TALK day3 ID:22
3,talk,78,6,4,ESTIMATE Agent[14] VILLAGER
3,talk,79,6,12,ESTIMATE Agent[14] VILLAGER
3,talk,80,6,5,REQUEST ANY (DIVINATION Agent[03])
3,talk,81,6,15,Over
3,talk,82,6,11,ESTIMATE Agent[05] WEREWOLF
3,talk,83,6,13,REQUEST ANY (DIVINATION Agent[06])
3,talk,84,6,7,ESTIMATE Agent[10] WEREWOLF
3,talk,85,6,6,ESTIMATE Agent[05] WEREWOLF
3,talk,86,6,10,Skip
3,talk,87,6,8,VOTE Agent[05]
3,talk,88,6,3,Skip
3,talk,89,6,2,Skip
3,talk,90,6,14,VOTE Agent[10]
3,talk,91,7,14,ESTIMATE Agent[02] VILLAGER
3,talk,92,7,11,Skip
3,talk,93,7,4,VOTE Agent[10]
3,talk,94,7,10,ESTIMATE Agent[15] VILLAGER
3,talk,95,7,2,ESTIMATE Agent[10] WEREWOLF
3,talk,96,7,15,Over
3,talk,97,7,7,ESTIMATE Agent[04] VILLAGER
3,talk,98,7,3,Over
3,talk,99,7,6,ESTIMATE Agent[11] SEER
3,talk,100,7,5,Skip
3,talk,101,7,12,VOTE Agent[10]
3,talk,102,7,13,Skip
3,talk,103,7,8,ESTIMATE Agent[05] WEREWOLF
3,talk,104,8,7,ESTIMATE Agent[06] VILLAGER
3,talk,105,8,13,Skip
3,talk,106,8,6,VOTE Agent[10]
3,talk,107,8,15,Over
3,talk,108,8,2,Skip
3,talk,109,8,4,VOTE Agent[05]
3,talk,110,8,14,AGREE TALK day3 ID:94
3,talk,111,8,5,Skip
3,talk,112,8,11,Skip
3,talk,113,8,10,Skip
3,talk,114,8,3,Over
3,talk,115,8,8,ESTIMATE Agent[12] VILLAGER
3,talk,116,8,12,VOTE Agent[05]
3,talk,117,9,10,Over
3,talk,118,9,12,Over
3,talk,119,9,15,Over
3,talk,120,9,7,Over
3,talk,121,9,6,Over
3,talk,122,9,11,Over
3,talk,123,9,13,Over
3,talk,124,9,8,Over
3,talk,125,9,14,Over
3,talk,126,9,5,Over
3,talk,127,9,3,Over
3,talk,128,9,4,Over
3,talk,129,9,2,Over
3,vote,2,5
3,vote,3,5
3,vote,4,5
3,vote,5,11
3,vote,6,10
3,vote,7,10
3,vote,8,5
3,vote,10,5
3,vote,11,5
3,vote,12,5
3,vote,13,5
3,vote,14,10
3,vote,15,14
3,execute,5,WEREWOLF
3,divine,11,7,HUMAN
3,guard,7,11,SEER
3,attackVote,6,11
3,attack,11,false
4,status,1,VILLAGER,DEAD,wasabi61
4,status,2,VILLAGER,ALIVE,wasabi51
4,status,3,VILLAGER,ALIVE,wasabi81
4,status,4,VILLAGER,ALIVE,wasabi71
4,status,5,WEREWOLF,DEAD,wasabi21
4,status,6,WEREWOLF,ALIVE,wasabi11
4,status,7,BODYGUARD,ALIVE,wasabi41
4,status,8,MEDIUM,ALIVE,wasabi31
4,status,9,WEREWOLF,DEAD,wasabi4
4,status,10,POSSESSED,ALIVE,wasabi3
4,status,11,SEER,ALIVE,wasabi5
4,status,12,VILLAGER,ALIVE,wasabi91
4,status,13,VILLAGER,ALIVE,wasabi2
4,status,14,VILLAGER,ALIVE,wasabi1
4,status,15,VILLAGER,ALIVE,HALUemon
4,talk,0,0,2,ESTIMATE Agent[10] WEREWOLF
4,talk,1,0,3,ESTIMATE Agent[02] VILLAGER
4,talk,2,0,15,Skip
4,talk,3,0,12,ESTIMATE Agent[10] WEREWOLF
4,talk,4,0,7,Skip
4,talk,5,0,11,DIVINED Agent[07] HUMAN
4,talk,6,0,6,ESTIMATE Agent[10] WEREWOLF
4,talk,7,0,4,Skip
4,talk,8,0,8,IDENTIFIED Agent[05] WEREWOLF
4,talk,9,0,10,DIVINED Agent[14] HUMAN
4,talk,10,0,13,ESTIMATE Agent[10] WEREWOLF
4,talk,11,0,14,Skip
4,talk,12,1,7,ESTIMATE Agent[08] MEDIUM
4,talk,13,1,11,Skip
4,talk,14,1,8,ESTIMATE Agent[04] VILLAGER
4,talk,15,1,15,Skip
4,talk,16,1,12,ESTIMATE Agent[13] WEREWOLF
4,talk,17,1,13,Skip
4,talk,18,1,14,ESTIMATE Agent[04] VILLAGER
4,talk,19,1,4,ESTIMATE Agent[08] MEDIUM
4,talk,20,1,6,ESTIMATE Agent[10] WEREWOLF
4,talk,21,1,10,ESTIMATE Agent[08] WEREWOLF
4,talk,22,1,2,ESTIMATE Agent[10] WEREWOLF
4,talk,23,1,3,Skip
4,talk,24,2,3,ESTIMATE Agent[10] WEREWOLF
4,talk,25,2,15,Over
4,talk,26,2,7,ESTIMATE Agent[03] VILLAGER
4,talk,27,2,10,Skip
4,talk,28,2,12,ESTIMATE Agent[10] WEREWOLF
4,talk,29,2,8,ESTIMATE Agent[14] WEREWOLF
4,talk,30,2,13,Skip
4,talk,31,2,2,ESTIMATE Agent[10] WEREWOLF
4,talk,32,2,4,ESTIMATE Agent[15] VILLAGER
4,talk,33,2,6,ESTIMATE Agent[12] VILLAGER
4,talk,34,2,14,Skip
4,talk,35,2,11,Skip
4,talk,36,3,14,VOTE Agent[03]
4,talk,37,3,13,VOTE Agent[10]
4,talk,38,3,10,VOTE Agent[13]
4,talk,39,3,11,VOTE Agent[03]
4,talk,40,3,2,VOTE Agent[12]
4,talk,41,3,8,VOTE Agent[10]
4,talk,42,3,12,VOTE Agent[10]
4,talk,43,3,4,VOTE Agent[10]
4,talk,44,3,7,VOTE Agent[10]
4,talk,45,3,15,Over
4,talk,46,3,3,VOTE Agent[10]
4,talk,47,3,6,VOTE Agent[10]
4,talk,48,4,4,ESTIMATE Agent[06] VILLAGER
4,talk,49,4,12,ESTIMATE Agent[10] WEREWOLF
4,talk,50,4,6,ESTIMATE Agent[10] WEREWOLF
4,talk,51,4,2,Skip
4,talk,52,4,11,VOTE Agent[12]
4,talk,53,4,7,Skip
4,talk,54,4,14,VOTE Agent[10]
4,talk,55,4,10,BECAUSE (Agent[13] VOTED Agent[10]) (REQUEST ANY (VOTE Agent[13]))
4,talk,56,4,13,BECAUSE (Agent[10] VOTED Agent[13]) (REQUEST ANY (VOTE Agent[10]))
4,talk,57,4,15,Over
4,talk,58,4,3,Skip
4,talk,59,4,8,ESTIMATE Agent[15] WEREWOLF
4,talk,60,5,7,Skip
4,talk,61,5,8,ESTIMATE Agent[10] WEREWOLF
4,talk,62,5,2,ESTIMATE Agent[10] WEREWOLF
4,talk,63,5,6,REQUEST ANY (VOTE Agent[10])
4,talk,64,5,11,VOTE Agent[14]
4,talk,65,5,15,Over
4,talk,66,5,10,Skip
4,talk,67,5,14,VOTE Agent[12]
4,talk,68,5,4,ESTIMATE Agent[10] WEREWOLF
4,talk,69,5,12,ESTIMATE Agent[10] WEREWOLF
4,talk,70,5,3,Skip
4,talk,71,5,13,AGREE TALK day4 ID:0
4,talk,72,6,6,ESTIMATE Agent[10] WEREWOLF
4,talk,73,6,12,Skip
4,talk,74,6,4,ESTIMATE Agent[08] MEDIUM
4,talk,75,6,13,Skip
4,talk,76,6,11,Skip
4,talk,77,6,8,ESTIMATE Agent[04] VILLAGER
4,talk,78,6,10,VOTE Agent[12]
4,talk,79,6,3,Over
4,talk,80,6,14,BECAUSE (Agent[11] VOTED Agent[14]) (REQUEST ANY (VOTE Agent[11]))
4,talk,81,6,15,Over
4,talk,82,6,2,Skip
4,talk,83,6,7,REQUEST ANY (DIVINATION Agent[03])
4,talk,84,7,12,ESTIMATE Agent[11] SEER
4,talk,85,7,15,Over
4,talk,86,7,6,ESTIMATE Agent[10] WEREWOLF
4,talk,87,7,4,Skip
4,talk,88,7,3,Over
4,talk,89,7,13,ESTIMATE Agent[08] WEREWOLF
4,talk,90,7,2,ESTIMATE Agent[10] WEREWOLF
4,talk,91,7,8,ESTIMATE Agent[11] SEER
4,talk,92,7,11,VOTE Agent[03]
4,talk,93,7,10,REQUEST ANY (VOTE Agent[12])
4,talk,94,7,14,AGREE TALK day4 ID:0
4,talk,95,7,7,ESTIMATE Agent[13] VILLAGER
4,talk,96,8,7,ESTIMATE Agent[14] VILLAGER
4,talk,97,8,4,ESTIMATE Agent[12] VILLAGER
4,talk,98,8,2,Skip
4,talk,99,8,12,ESTIMATE Agent[10] WEREWOLF
4,talk,100,8,6,ESTIMATE Agent[04] VILLAGER
4,talk,101,8,14,VOTE Agent[03]
4,talk,102,8,3,Over
4,talk,103,8,11,VOTE Agent[12]
4,talk,104,8,13,Skip
4,talk,105,8,8,ESTIMATE Agent[12] WEREWOLF
4,talk,106,8,15,Over
4,talk,107,8,10,DISAGREE TALK day4 ID:29
4,talk,108,9,2,Over
4,talk,109,9,14,Over
4,talk,110,9,8,Over
4,talk,111,9,7,Over
4,talk,112,9,3,Over
4,talk,113,9,12,Over
4,talk,114,9,10,Over
4,talk,115,9,6,Over
4,talk,116,9,13,Over
4,talk,117,9,11,Over
4,talk,118,9,15,Over
4,talk,119,9,4,Over
4,vote,2,12
4,vote,3,10
4,vote,4,10
4,vote,6,10
4,vote,7,10
4,vote,8,10
4,vote,10,12
4,vote,11,12
4,vote,12,10
4,vote,13,10
4,vote,14,3
4,vote,15,10
4,execute,10,POSSESSED
4,divine,11,12,HUMAN
4,guard,7,11,SEER
4,attackVote,6,11
4,attack,11,false
5,status,1,VILLAGER,DEAD,wasabi61
5,status,2,VILLAGER,ALIVE,wasabi51
5,status,3,VILLAGER,ALIVE,wasabi81
5,status,4,VILLAGER,ALIVE,wasabi71
5,status,5,WEREWOLF,DEAD,wasabi21
5,status,6,WEREWOLF,ALIVE,wasabi11
5,status,7,BODYGUARD,ALIVE,wasabi41
5,status,8,MEDIUM,ALIVE,wasabi31
5,status,9,WEREWOLF,DEAD,wasabi4
5,status,10,POSSESSED,DEAD,wasabi3
5,status,11,SEER,ALIVE,wasabi5
5,status,12,VILLAGER,ALIVE,wasabi91
5,status,13,VILLAGER,ALIVE,wasabi2
5,status,14,VILLAGER,ALIVE,wasabi1
5,status,15,VILLAGER,ALIVE,HALUemon
5,talk,0,0,13,Skip
5,talk,1,0,6,ESTIMATE Agent[15] WEREWOLF
5,talk,2,0,14,ESTIMATE Agent[08] WEREWOLF
5,talk,3,0,11,DIVINED Agent[12] HUMAN
5,talk,4,0,8,IDENTIFIED Agent[10] HUMAN
5,talk,5,0,3,ESTIMATE Agent[04] VILLAGER
5,talk,6,0,15,Skip
5,talk,7,0,2,ESTIMATE Agent[15] VILLAGER
5,talk,8,0,4,Skip
5,talk,9,0,12,ESTIMATE Agent[15] WEREWOLF
5,talk,10,0,7,Skip
5,talk,11,1,8,ESTIMATE Agent[03] WEREWOLF
5,talk,12,1,3,ESTIMATE Agent[14] WEREWOLF
5,talk,13,1,6,ESTIMATE Agent[08] WEREWOLF
5,talk,14,1,4,ESTIMATE Agent[07] VILLAGER
5,talk,15,1,2,ESTIMATE Agent[15] WEREWOLF
5,talk,16,1,15,Skip
5,talk,17,1,12,ESTIMATE Agent[06] WEREWOLF
5,talk,18,1,13,AGREE TALK day5 ID:2
5,talk,19,1,7,ESTIMATE Agent[13] WEREWOLF
5,talk,20,1,11,ESTIMATE Agent[14] WEREWOLF
5,talk,21,1,14,AGREE TALK day5 ID:1
5,talk,22,2,15,Over
5,talk,23,2,11,AGREE TALK day5 ID:5
5,talk,24,2,3,Skip
5,talk,25,2,8,ESTIMATE Agent[13] WEREWOLF
5,talk,26,2,6,ESTIMATE Agent[12] VILLAGER
5,talk,27,2,14,Skip
5,talk,28,2,12,ESTIMATE Agent[02] WEREWOLF
5,talk,29,2,13,ESTIMATE Agent[15] WEREWOLF
5,talk,30,2,4,ESTIMATE Agent[14] VILLAGER
5,talk,31,2,2,ESTIMATE Agent[15] WEREWOLF
5,talk,32,2,7,Skip
5,talk,33,3,11,VOTE Agent[14]
5,talk,34,3,12,VOTE Agent[06]
5,talk,35,3,15,Over
5,talk,36,3,8,VOTE Agent[13]
5,talk,37,3,7,VOTE Agent[08]
5,talk,38,3,4,VOTE Agent[15]
5,talk,39,3,3,VOTE Agent[08]
5,talk,40,3,13,VOTE Agent[15]
5,talk,41,3,2,VOTE Agent[08]
5,talk,42,3,14,VOTE Agent[15]
5,talk,43,3,6,VOTE Agent[08]
5,talk,44,4,3,ESTIMATE Agent[06] WEREWOLF
5,talk,45,4,4,VOTE Agent[08]
5,talk,46,4,2,VOTE Agent[15]
5,talk,47,4,15,Over
5,talk,48,4,8,VOTE Agent[06]
5,talk,49,4,13,BECAUSE (Agent[08] VOTED Agent[13]) (REQUEST ANY (VOTE Agent[08]))
5,talk,50,4,14,BECAUSE (Agent[11] VOTED Agent[14]) (REQUEST ANY (VOTE Agent[11]))
5,talk,51,4,11,ESTIMATE Agent[04] VILLAGER
5,talk,52,4,6,ESTIMATE Agent[04] VILLAGER
5,talk,53,4,12,VOTE Agent[13]
5,talk,54,4,7,Skip
5,talk,55,5,11,VOTE Agent[13]
5,talk,56,5,7,ESTIMATE Agent[11] WEREWOLF
5,talk,57,5,3,ESTIMATE Agent[12] VILLAGER
5,talk,58,5,12,VOTE Agent[08]
5,talk,59,5,4,ESTIMATE Agent[12] VILLAGER
5,talk,60,5,13,AGREE TALK day5 ID:26
5,talk,61,5,6,Skip
5,talk,62,5,2,VOTE Agent[08]
5,talk,63,5,14,VOTE Agent[03]
5,talk,64,5,8,Skip
5,talk,65,5,15,Over
5,talk,66,6,7,REQUEST ANY (VOTE Agent[08])
5,talk,67,6,14,Skip
5,talk,68,6,13,Skip
5,talk,69,6,11,AGREE TALK day5 ID:12
5,talk,70,6,15,Over
5,talk,71,6,12,ESTIMATE Agent[02] WEREWOLF
5,talk,72,6,3,Skip
5,talk,73,6,2,REQUEST ANY (VOTE Agent[08])
5,talk,74,6,8,VOTE Agent[13]
5,talk,75,6,6,Skip
5,talk,76,6,4,ESTIMATE Agent[13] WEREWOLF
5,talk,77,7,13,Skip
5,talk,78,7,2,ESTIMATE Agent[12] VILLAGER
5,talk,79,7,15,Over
5,talk,80,7,11,Skip
5,talk,81,7,6,ESTIMATE Agent[02] VILLAGER
5,talk,82,7,8,VOTE Agent[03]
5,talk,83,7,14,Skip
5,talk,84,7,12,ESTIMATE Agent[03] WEREWOLF
5,talk,85,7,3,ESTIMATE Agent[14] VILLAGER
5,talk,86,7,4,ESTIMATE Agent[13] VILLAGER
5,talk,87,7,7,ESTIMATE Agent[04] VILLAGER
5,talk,88,8,2,Skip
5,talk,89,8,3,Skip
5,talk,90,8,15,Over
5,talk,91,8,7,ESTIMATE Agent[04] VILLAGER
5,talk,92,8,12,ESTIMATE Agent[06] WEREWOLF
5,talk,93,8,4,Skip
5,talk,94,8,13,VOTE Agent[03]
5,talk,95,8,8,Skip
5,talk,96,8,6,Skip
5,talk,97,8,11,VOTE Agent[03]
5,talk,98,8,14,ESTIMATE Agent[04] VILLAGER
5,talk,99,9,7,Over
5,talk,100,9,2,Over
5,talk,101,9,15,Over
5,talk,102,9,11,Over
5,talk,103,9,12,Over
5,talk,104,9,4,Over
5,talk,105,9,3,Over
5,talk,106,9,14,Over
5,talk,107,9,13,Over
5,talk,108,9,6,Over
5,talk,109,9,8,Over
5,vote,2,8
5,vote,3,8
5,vote,4,8
5,vote,6,8
5,vote,7,8
5,vote,8,3
5,vote,11,3
5,vote,12,8
5,vote,13,3
5,vote,14,3
5,vote,15,14
5,execute,8,MEDIUM
5,divine,11,6,WEREWOLF
5,guard,7,11,SEER
5,attackVote,6,11
5,attack,11,false
6,status,1,VILLAGER,DEAD,wasabi61
6,status,2,VILLAGER,ALIVE,wasabi51
6,status,3,VILLAGER,ALIVE,wasabi81
6,status,4,VILLAGER,ALIVE,wasabi71
6,status,5,WEREWOLF,DEAD,wasabi21
6,status,6,WEREWOLF,ALIVE,wasabi11
6,status,7,BODYGUARD,ALIVE,wasabi41
6,status,8,MEDIUM,DEAD,wasabi31
6,status,9,WEREWOLF,DEAD,wasabi4
6,status,10,POSSESSED,DEAD,wasabi3
6,status,11,SEER,ALIVE,wasabi5
6,status,12,VILLAGER,ALIVE,wasabi91
6,status,13,VILLAGER,ALIVE,wasabi2
6,status,14,VILLAGER,ALIVE,wasabi1
6,status,15,VILLAGER,ALIVE,HALUemon
6,talk,0,0,4,ESTIMATE Agent[07] VILLAGER
6,talk,1,0,11,DIVINED Agent[06] WEREWOLF
6,talk,2,0,12,ESTIMATE Agent[06] WEREWOLF
6,talk,3,0,7,ESTIMATE Agent[04] VILLAGER
6,talk,4,0,15,Skip
6,talk,5,0,13,ESTIMATE Agent[07] VILLAGER
6,talk,6,0,6,ESTIMATE Agent[14] WEREWOLF
6,talk,7,0,14,Skip
6,talk,8,0,2,ESTIMATE Agent[07] VILLAGER
6,talk,9,0,3,Skip
6,talk,10,1,12,ESTIMATE Agent[11] WEREWOLF
6,talk,11,1,4,Skip
6,talk,12,1,14,ESTIMATE Agent[11] WEREWOLF
6,talk,13,1,13,ESTIMATE Agent[11] WEREWOLF
6,talk,14,1,15,Skip
6,talk,15,1,6,ESTIMATE Agent[11] WEREWOLF
6,talk,16,1,7,ESTIMATE Agent[11] WEREWOLF
6,talk,17,1,11,ESTIMATE Agent[03] WEREWOLF
6,talk,18,1,2,ESTIMATE Agent[11] WEREWOLF
6,talk,19,1,3,Skip
6,talk,20,2,13,Skip
6,talk,21,2,12,ESTIMATE Agent[14] VILLAGER
6,talk,22,2,14,ESTIMATE Agent[15] VILLAGER
6,talk,23,2,6,ESTIMATE Agent[04] VILLAGER
6,talk,24,2,7,ESTIMATE Agent[03] VILLAGER
6,talk,25,2,15,Over
6,talk,26,2,3,Over
6,talk,27,2,11,Skip
6,talk,28,2,4,ESTIMATE Agent[13] VILLAGER
6,talk,29,2,2,ESTIMATE Agent[03] VILLAGER
6,talk,30,3,12,VOTE Agent[11]
6,talk,31,3,14,VOTE Agent[11]
6,talk,32,3,3,VOTE Agent[11]
6,talk,33,3,6,VOTE Agent[11]
6,talk,34,3,13,VOTE Agent[11]
6,talk,35,3,2,VOTE Agent[11]
6,talk,36,3,4,VOTE Agent[11]
6,talk,37,3,15,Over
6,talk,38,3,11,VOTE Agent[11]
6,talk,39,3,7,VOTE Agent[11]
6,talk,40,4,7,Skip
6,talk,41,4,15,Over
6,talk,42,4,11,BECAUSE (Agent[12] VOTED Agent[11]) (REQUEST ANY (VOTE Agent[12]))
6,talk,43,4,13,Skip
6,talk,44,4,14,Skip
6,talk,45,4,4,Skip
6,talk,46,4,12,Skip
6,talk,47,4,2,Skip
6,talk,48,4,3,ESTIMATE Agent[02] VILLAGER
6,talk,49,4,6,ESTIMATE Agent[11] WEREWOLF
6,talk,50,5,2,ESTIMATE Agent[07] VILLAGER
6,talk,51,5,11,Skip
6,talk,52,5,3,ESTIMATE Agent[06] VILLAGER
6,talk,53,5,14,DISAGREE TALK day6 ID:2
6,talk,54,5,6,ESTIMATE Agent[11] WEREWOLF
6,talk,55,5,13,AGREE TALK day6 ID:10
6,talk,56,5,15,Over
6,talk,57,5,12,REQUEST ANY (VOTE Agent[11])
6,talk,58,5,7,ESTIMATE Agent[14] VILLAGER
6,talk,59,5,4,ESTIMATE Agent[02] VILLAGER
6,talk,60,6,13,Skip
6,talk,61,6,2,ESTIMATE Agent[11] WEREWOLF
6,talk,62,6,14,Skip
6,talk,63,6,4,ESTIMATE Agent[06] VILLAGER
6,talk,64,6,15,Over
6,talk,65,6,6,REQUEST ANY (VOTE Agent[11])
6,talk,66,6,3,Skip
6,talk,67,6,11,DISAGREE TALK day6 ID:0
6,talk,68,6,7,Skip
6,talk,69,6,12,Skip
6,talk,70,7,4,ESTIMATE Agent[02] VILLAGER
6,talk,71,7,13,ESTIMATE Agent[11] WEREWOLF
6,talk,72,7,2,Skip
6,talk,73,7,14,Skip
6,talk,74,7,6,ESTIMATE Agent[11] WEREWOLF
6,talk,75,7,15,Over
6,talk,76,7,11,ESTIMATE Agent[07] WEREWOLF
6,talk,77,7,7,ESTIMATE Agent[11] WEREWOLF
6,talk,78,7,12,ESTIMATE Agent[11] WEREWOLF
6,talk,79,7,3,ESTIMATE Agent[06] VILLAGER
6,talk,80,8,11,Skip
6,talk,81,8,13,Skip
6,talk,82,8,2,ESTIMATE Agent[04] VILLAGER
6,talk,83,8,6,ESTIMATE Agent[12] VILLAGER
6,talk,84,8,12,Skip
6,talk,85,8,15,Over
6,talk,86,8,7,REQUEST ANY (VOTE Agent[11])
6,talk,87,8,4,REQUEST ANY (VOTE Agent[11])
6,talk,88,8,14,Over
6,talk,89,8,3,ESTIMATE Agent[02] VILLAGER
6,talk,90,9,6,Over
6,talk,91,9,7,Over
6,talk,92,9,3,Over
6,talk,93,9,12,Over
6,talk,94,9,2,Over
6,talk,95,9,11,Over
6,talk,96,9,4,Over
6,talk,97,9,13,Over
6,talk,98,9,15,Over
6,talk,99,9,14,Over
6,vote,2,11
6,vote,3,11
6,vote,4,11
6,vote,6,11
6,vote,7,11
6,vote,11,15
6,vote,12,11
6,vote,13,11
6,vote,14,11
6,vote,15,11
6,execute,11,SEER
6,guard,7,14,VILLAGER
6,attackVote,6,14
6,attack,14,false
7,status,1,VILLAGER,DEAD,wasabi61
7,status,2,VILLAGER,ALIVE,wasabi51
7,status,3,VILLAGER,ALIVE,wasabi81
7,status,4,VILLAGER,ALIVE,wasabi71
7,status,5,WEREWOLF,DEAD,wasabi21
7,status,6,WEREWOLF,ALIVE,wasabi11
7,status,7,BODYGUARD,ALIVE,wasabi41
7,status,8,MEDIUM,DEAD,wasabi31
7,status,9,WEREWOLF,DEAD,wasabi4
7,status,10,POSSESSED,DEAD,wasabi3
7,status,11,SEER,DEAD,wasabi5
7,status,12,VILLAGER,ALIVE,wasabi91
7,status,13,VILLAGER,ALIVE,wasabi2
7,status,14,VILLAGER,ALIVE,wasabi1
7,status,15,VILLAGER,ALIVE,HALUemon
7,talk,0,0,2,ESTIMATE Agent[06] WEREWOLF
7,talk,1,0,7,ESTIMATE Agent[03] VILLAGER
7,talk,2,0,12,ESTIMATE Agent[06] WEREWOLF
7,talk,3,0,13,Skip
7,talk,4,0,3,Skip
7,talk,5,0,4,Skip
7,talk,6,0,6,ESTIMATE Agent[03] VILLAGER
7,talk,7,0,14,Skip
7,talk,8,0,15,Skip
7,talk,9,1,7,ESTIMATE Agent[14] VILLAGER
7,talk,10,1,15,Skip
7,talk,11,1,4,Skip
7,talk,12,1,3,ESTIMATE Agent[12] VILLAGER
7,talk,13,1,13,Skip
7,talk,14,1,14,ESTIMATE Agent[13] VILLAGER
7,talk,15,1,2,Skip
7,talk,16,1,6,Skip
7,talk,17,1,12,ESTIMATE Agent[13] WEREWOLF
7,talk,18,2,4,Over
7,talk,19,2,14,Skip
7,talk,20,2,15,Over
7,talk,21,2,2,ESTIMATE Agent[15] WEREWOLF
7,talk,22,2,13,ESTIMATE Agent[02] VILLAGER
7,talk,23,2,12,ESTIMATE Agent[07] WEREWOLF
7,talk,24,2,7,ESTIMATE Agent[06] WEREWOLF
7,talk,25,2,3,Skip
7,talk,26,2,6,ESTIMATE Agent[03] WEREWOLF
7,talk,27,3,12,VOTE Agent[15]
7,talk,28,3,6,VOTE Agent[13]
7,talk,29,3,7,VOTE Agent[12]
7,talk,30,3,2,VOTE Agent[03]
7,talk,31,3,13,VOTE Agent[06]
7,talk,32,3,14,VOTE Agent[07]
7,talk,33,3,3,VOTE Agent[12]
7,talk,34,3,4,VOTE Agent[03]
7,talk,35,3,15,Over
7,talk,36,4,13,BECAUSE (Agent[06] VOTED Agent[13]) (REQUEST ANY (VOTE Agent[06]))
7,talk,37,4,14,VOTE Agent[03]
7,talk,38,4,4,ESTIMATE Agent[07] VILLAGER
7,talk,39,4,12,VOTE Agent[13]
7,talk,40,4,6,VOTE Agent[07]
7,talk,41,4,3,Skip
7,talk,42,4,2,VOTE Agent[15]
7,talk,43,4,15,Over
7,talk,44,4,7,Skip
7,talk,45,5,12,VOTE Agent[07]
7,talk,46,5,13,AGREE TALK day7 ID:23
7,talk,47,5,2,Skip
7,talk,48,5,4,VOTE Agent[07]
7,talk,49,5,14,Skip
7,talk,50,5,3,VOTE Agent[13]
7,talk,51,5,7,ESTIMATE Agent[14] VILLAGER
7,talk,52,5,6,ESTIMATE Agent[13] WEREWOLF
7,talk,53,5,15,Over
7,talk,54,6,3,VOTE Agent[07]
7,talk,55,6,15,Over
7,talk,56,6,2,ESTIMATE Agent[04] VILLAGER
7,talk,57,6,7,Skip
7,talk,58,6,13,Skip
7,talk,59,6,12,VOTE Agent[04]
7,talk,60,6,6,VOTE Agent[15]
7,talk,61,6,14,Skip
7,talk,62,6,4,VOTE Agent[13]
7,talk,63,7,4,ESTIMATE Agent[02] VILLAGER
7,talk,64,7,13,Skip
7,talk,65,7,6,VOTE Agent[13]
7,talk,66,7,3,ESTIMATE Agent[14] VILLAGER
7,talk,67,7,2,ESTIMATE Agent[13] VILLAGER
7,talk,68,7,15,Over
7,talk,69,7,14,VOTE Agent[06]
7,talk,70,7,7,ESTIMATE Agent[14] VILLAGER
7,talk,71,7,12,VOTE Agent[13]
7,talk,72,8,12,ESTIMATE Agent[13] WEREWOLF
7,talk,73,8,3,VOTE Agent[15]
7,talk,74,8,15,Over
7,talk,75,8,7,ESTIMATE Agent[02] VILLAGER
7,talk,76,8,6,VOTE Agent[03]
7,talk,77,8,14,AGREE TALK day7 ID:22
7,talk,78,8,13,REQUEST ANY (VOTE Agent[06])
7,talk,79,8,2,Skip
7,talk,80,8,4,ESTIMATE Agent[15] WEREWOLF
7,talk,81,9,14,Over
7,talk,82,9,7,Over
7,talk,83,9,13,Over
7,talk,84,9,3,Over
7,talk,85,9,12,Over
7,talk,86,9,4,Over
7,talk,87,9,6,Over
7,talk,88,9,2,Over
7,talk,89,9,15,Over
7,vote,2,15
7,vote,3,15
7,vote,4,13
7,vote,6,3
7,vote,7,12
7,vote,12,13
7,vote,13,6
7,vote,14,6
7,vote,15,4
7,vote,2,7
7,vote,3,15
7,vote,4,6
7,vote,6,15
7,vote,7,15
7,vote,12,15
7,vote,13,6
7,vote,14,12
7,vote,15,6
7,execute,15,VILLAGER
7,guard,7,14,VILLAGER
7,attackVote,6,2
7,attack,2,true
8,status,1,VILLAGER,DEAD,wasabi61
8,status,2,VILLAGER,DEAD,wasabi51
8,status,3,VILLAGER,ALIVE,wasabi81
8,status,4,VILLAGER,ALIVE,wasabi71
8,status,5,WEREWOLF,DEAD,wasabi21
8,status,6,WEREWOLF,ALIVE,wasabi11
8,status,7,BODYGUARD,ALIVE,wasabi41
8,status,8,MEDIUM,DEAD,wasabi31
8,status,9,WEREWOLF,DEAD,wasabi4
8,status,10,POSSESSED,DEAD,wasabi3
8,status,11,SEER,DEAD,wasabi5
8,status,12,VILLAGER,ALIVE,wasabi91
8,status,13,VILLAGER,ALIVE,wasabi2
8,status,14,VILLAGER,ALIVE,wasabi1
8,status,15,VILLAGER,DEAD,HALUemon
8,talk,0,0,14,ESTIMATE Agent[12] VILLAGER
8,talk,1,0,3,Skip
8,talk,2,0,7,ESTIMATE Agent[14] VILLAGER
8,talk,3,0,6,ESTIMATE Agent[14] VILLAGER
8,talk,4,0,13,ESTIMATE Agent[14] VILLAGER
8,talk,5,0,4,Skip
8,talk,6,0,12,ESTIMATE Agent[13] WEREWOLF
8,talk,7,1,7,ESTIMATE Agent[04] VILLAGER
8,talk,8,1,13,ESTIMATE Agent[03] VILLAGER
8,talk,9,1,4,ESTIMATE Agent[13] VILLAGER
8,talk,10,1,14,ESTIMATE Agent[03] VILLAGER
8,talk,11,1,12,ESTIMATE Agent[03] VILLAGER
8,talk,12,1,3,Skip
8,talk,13,1,6,ESTIMATE Agent[07] WEREWOLF
8,talk,14,2,7,Skip
8,talk,15,2,4,ESTIMATE Agent[14] VILLAGER
8,talk,16,2,12,ESTIMATE Agent[06] WEREWOLF
8,talk,17,2,13,DISAGREE TALK day8 ID:7
8,talk,18,2,3,ESTIMATE Agent[12] VILLAGER
8,talk,19,2,14,ESTIMATE Agent[06] VILLAGER
8,talk,20,2,6,Skip
8,talk,21,3,6,VOTE Agent[12]
8,talk,22,3,7,VOTE Agent[13]
8,talk,23,3,13,VOTE Agent[06]
8,talk,24,3,12,VOTE Agent[03]
8,talk,25,3,14,VOTE Agent[12]
8,talk,26,3,3,VOTE Agent[12]
8,talk,27,3,4,VOTE Agent[07]
8,talk,28,4,7,VOTE Agent[04]
8,talk,29,4,12,VOTE Agent[07]
8,talk,30,4,13,BECAUSE (Agent[07] VOTED Agent[13]) (REQUEST ANY (VOTE Agent[07]))
8,talk,31,4,3,VOTE Agent[07]
8,talk,32,4,4,VOTE Agent[06]
8,talk,33,4,14,VOTE Agent[13]
8,talk,34,4,6,VOTE Agent[03]
8,talk,35,5,14,VOTE Agent[03]
8,talk,36,5,6,Skip
8,talk,37,5,7,VOTE Agent[03]
8,talk,38,5,3,VOTE Agent[13]
8,talk,39,5,13,Skip
8,talk,40,5,4,VOTE Agent[07]
8,talk,41,5,12,VOTE Agent[13]
8,talk,42,6,6,ESTIMATE Agent[14] VILLAGER
8,talk,43,6,12,ESTIMATE Agent[04] WEREWOLF
8,talk,44,6,13,VOTE Agent[07]
8,talk,45,6,4,ESTIMATE Agent[14] VILLAGER
8,talk,46,6,7,ESTIMATE Agent[14] VILLAGER
8,talk,47,6,3,VOTE Agent[12]
8,talk,48,6,14,VOTE Agent[07]
8,talk,49,7,6,ESTIMATE Agent[12] WEREWOLF
8,talk,50,7,13,Skip
8,talk,51,7,4,VOTE Agent[06]
8,talk,52,7,14,AGREE TALK day8 ID:16
8,talk,53,7,7,ESTIMATE Agent[06] VILLAGER
8,talk,54,7,3,Skip
8,talk,55,7,12,ESTIMATE Agent[07] VILLAGER
8,talk,56,8,13,ESTIMATE Agent[04] WEREWOLF
8,talk,57,8,14,VOTE Agent[03]
8,talk,58,8,4,VOTE Agent[12]
8,talk,59,8,6,ESTIMATE Agent[14] VILLAGER
8,talk,60,8,3,VOTE Agent[06]
8,talk,61,8,7,Skip
8,talk,62,8,12,ESTIMATE Agent[13] WEREWOLF
8,talk,63,9,3,Over
8,talk,64,9,12,Over
8,talk,65,9,4,Over
8,talk,66,9,6,Over
8,talk,67,9,7,Over
8,talk,68,9,14,Over
8,talk,69,9,13,Over
8,vote,3,6
8,vote,4,12
8,vote,6,3
8,vote,7,3
8,vote,12,13
8,vote,13,7
8,vote,14,3
8,execute,3,VILLAGER
8,guard,7,14,VILLAGER
8,attackVote,6,14
8,attack,14,false
9,status,1,VILLAGER,DEAD,wasabi61
9,status,2,VILLAGER,DEAD,wasabi51
9,status,3,VILLAGER,DEAD,wasabi81
9,status,4,VILLAGER,ALIVE,wasabi71
9,status,5,WEREWOLF,DEAD,wasabi21
9,status,6,WEREWOLF,ALIVE,wasabi11
9,status,7,BODYGUARD,ALIVE,wasabi41
9,status,8,MEDIUM,DEAD,wasabi31
9,status,9,WEREWOLF,DEAD,wasabi4
9,status,10,POSSESSED,DEAD,wasabi3
9,status,11,SEER,DEAD,wasabi5
9,status,12,VILLAGER,ALIVE,wasabi91
9,status,13,VILLAGER,ALIVE,wasabi2
9,status,14,VILLAGER,ALIVE,wasabi1
9,status,15,VILLAGER,DEAD,HALUemon
9,talk,0,0,14,ESTIMATE Agent[13] WEREWOLF
9,talk,1,0,13,Skip
9,talk,2,0,6,Skip
9,talk,3,0,7,Skip
9,talk,4,0,4,ESTIMATE Agent[14] VILLAGER
9,talk,5,0,12,Skip
9,talk,6,1,4,ESTIMATE Agent[06] WEREWOLF
9,talk,7,1,6,ESTIMATE Agent[13] WEREWOLF
9,talk,8,1,7,ESTIMATE Agent[13] VILLAGER
9,talk,9,1,12,ESTIMATE Agent[13] VILLAGER
9,talk,10,1,14,ESTIMATE Agent[04] VILLAGER
9,talk,11,1,13,Skip
9,talk,12,2,4,Skip
9,talk,13,2,13,ESTIMATE Agent[07] WEREWOLF
9,talk,14,2,14,Skip
9,talk,15,2,7,ESTIMATE Agent[14] VILLAGER
9,talk,16,2,12,ESTIMATE Agent[14] VILLAGER
9,talk,17,2,6,ESTIMATE Agent[07] WEREWOLF
9,talk,18,3,4,VOTE Agent[06]
9,talk,19,3,14,VOTE Agent[13]
9,talk,20,3,12,VOTE Agent[04]
9,talk,21,3,6,VOTE Agent[13]
9,talk,22,3,7,VOTE Agent[13]
9,talk,23,3,13,VOTE Agent[04]
9,talk,24,4,7,ESTIMATE Agent[14] VILLAGER
9,talk,25,4,13,BECAUSE (Agent[14] VOTED Agent[13]) (REQUEST ANY (VOTE Agent[14]))
9,talk,26,4,14,ESTIMATE Agent[12] WEREWOLF
9,talk,27,4,4,VOTE Agent[12]
9,talk,28,4,6,Skip
9,talk,29,4,12,ESTIMATE Agent[13] WEREWOLF
9,talk,30,5,6,Skip
9,talk,31,5,13,Skip
9,talk,32,5,7,ESTIMATE Agent[14] VILLAGER
9,talk,33,5,14,DISAGREE TALK day9 ID:6
9,talk,34,5,4,VOTE Agent[13]
9,talk,35,5,12,VOTE Agent[13]
9,talk,36,6,12,ESTIMATE Agent[13] VILLAGER
9,talk,37,6,4,ESTIMATE Agent[07] VILLAGER
9,talk,38,6,7,Skip
9,talk,39,6,13,AGREE TALK day9 ID:6
9,talk,40,6,6,VOTE Agent[12]
9,talk,41,6,14,REQUEST ANY (VOTE Agent[13])
9,talk,42,7,4,Skip
9,talk,43,7,12,ESTIMATE Agent[06] WEREWOLF
9,talk,44,7,6,ESTIMATE Agent[14] VILLAGER
9,talk,45,7,13,VOTE Agent[12]
9,talk,46,7,14,ESTIMATE Agent[06] VILLAGER
9,talk,47,7,7,ESTIMATE Agent[14] VILLAGER
9,talk,48,8,14,Skip
9,talk,49,8,13,ESTIMATE Agent[14] VILLAGER
9,talk,50,8,6,ESTIMATE Agent[14] VILLAGER
9,talk,51,8,4,Skip
9,talk,52,8,7,Skip
9,talk,53,8,12,VOTE Agent[06]
9,talk,54,9,14,Over
9,talk,55,9,6,Over
9,talk,56,9,13,Over
9,talk,57,9,4,Over
9,talk,58,9,7,Over
9,talk,59,9,12,Over
9,vote,4,13
9,vote,6,12
9,vote,7,13
9,vote,12,6
9,vote,13,12
9,vote,14,13
9,execute,13,VILLAGER
9,guard,7,14,VILLAGER
9,attackVote,6,14
9,attack,14,false
10,status,1,VILLAGER,DEAD,wasabi61
10,status,2,VILLAGER,DEAD,wasabi51
10,status,3,VILLAGER,DEAD,wasabi81
10,status,4,VILLAGER,ALIVE,wasabi71
10,status,5,WEREWOLF,DEAD,wasabi21
10,status,6,WEREWOLF,ALIVE,wasabi11
10,status,7,BODYGUARD,ALIVE,wasabi41
10,status,8,MEDIUM,DEAD,wasabi31
10,status,9,WEREWOLF,DEAD,wasabi4
10,status,10,POSSESSED,DEAD,wasabi3
10,status,11,SEER,DEAD,wasabi5
10,status,12,VILLAGER,ALIVE,wasabi91
10,status,13,VILLAGER,DEAD,wasabi2
10,status,14,VILLAGER,ALIVE,wasabi1
10,status,15,VILLAGER,DEAD,HALUemon
10,talk,0,0,6,ESTIMATE Agent[04] WEREWOLF
10,talk,1,0,14,ESTIMATE Agent[12] VILLAGER
10,talk,2,0,7,ESTIMATE Agent[06] WEREWOLF
10,talk,3,0,4,ESTIMATE Agent[14] VILLAGER
10,talk,4,0,12,ESTIMATE Agent[04] WEREWOLF
10,talk,5,1,14,DISAGREE TALK day10 ID:2
10,talk,6,1,4,ESTIMATE Agent[14] VILLAGER
10,talk,7,1,12,ESTIMATE Agent[06] WEREWOLF
10,talk,8,1,7,ESTIMATE Agent[14] VILLAGER
10,talk,9,1,6,ESTIMATE Agent[14] VILLAGER
10,talk,10,2,6,ESTIMATE Agent[07] WEREWOLF
10,talk,11,2,4,Skip
10,talk,12,2,14,Skip
10,talk,13,2,12,Skip
10,talk,14,2,7,ESTIMATE Agent[14] VILLAGER
10,talk,15,3,12,VOTE Agent[06]
10,talk,16,3,4,VOTE Agent[12]
10,talk,17,3,7,VOTE Agent[04]
10,talk,18,3,14,VOTE Agent[06]
10,talk,19,3,6,VOTE Agent[04]
10,talk,20,4,7,VOTE Agent[12]
10,talk,21,4,6,ESTIMATE Agent[07] WEREWOLF
10,talk,22,4,4,ESTIMATE Agent[14] VILLAGER
10,talk,23,4,14,ESTIMATE Agent[06] WEREWOLF
10,talk,24,4,12,VOTE Agent[07]
10,talk,25,5,4,Skip
10,talk,26,5,6,ESTIMATE Agent[07] WEREWOLF
10,talk,27,5,14,Skip
10,talk,28,5,12,ESTIMATE Agent[07] WEREWOLF
10,talk,29,5,7,ESTIMATE Agent[14] VILLAGER
10,talk,30,6,4,Skip
10,talk,31,6,14,Skip
10,talk,32,6,12,VOTE Agent[04]
10,talk,33,6,6,VOTE Agent[12]
10,talk,34,6,7,Skip
10,talk,35,7,4,ESTIMATE Agent[14] VILLAGER
10,talk,36,7,7,Skip
10,talk,37,7,6,ESTIMATE Agent[14] VILLAGER
10,talk,38,7,14,VOTE Agent[04]
10,talk,39,7,12,VOTE Agent[06]
10,talk,40,8,6,REQUEST ANY (VOTE Agent[12])
10,talk,41,8,7,Over
10,talk,42,8,4,Skip
10,talk,43,8,14,Skip
10,talk,44,8,12,VOTE Agent[07]
10,talk,45,9,14,Over
10,talk,46,9,7,Over
10,talk,47,9,6,Over
10,talk,48,9,12,Over
10,talk,49,9,4,Over
10,vote,4,12
10,vote,6,12
10,vote,7,12
10,vote,12,7
10,vote,14,4
10,execute,12,VILLAGER
10,guard,7,14,VILLAGER
10,attackVote,6,14
10,attack,14,false
11,status,1,VILLAGER,DEAD,wasabi61
11,status,2,VILLAGER,DEAD,wasabi51
11,status,3,VILLAGER,DEAD,wasabi81
11,status,4,VILLAGER,ALIVE,wasabi71
11,status,5,WEREWOLF,DEAD,wasabi21
11,status,6,WEREWOLF,ALIVE,wasabi11
11,status,7,BODYGUARD,ALIVE,wasabi41
11,status,8,MEDIUM,DEAD,wasabi31
11,status,9,WEREWOLF,DEAD,wasabi4
11,status,10,POSSESSED,DEAD,wasabi3
11,status,11,SEER,DEAD,wasabi5
11,status,12,VILLAGER,DEAD,wasabi91
11,status,13,VILLAGER,DEAD,wasabi2
11,status,14,VILLAGER,ALIVE,wasabi1
11,status,15,VILLAGER,DEAD,HALUemon
11,talk,0,0,4,ESTIMATE Agent[14] VILLAGER
11,talk,1,0,7,ESTIMATE Agent[14] VILLAGER
11,talk,2,0,14,ESTIMATE Agent[07] VILLAGER
11,talk,3,0,6,ESTIMATE Agent[14] VILLAGER
11,talk,4,1,4,Skip
11,talk,5,1,7,Skip
11,talk,6,1,14,Skip
11,talk,7,1,6,ESTIMATE Agent[04] WEREWOLF
11,talk,8,2,6,ESTIMATE Agent[14] VILLAGER
11,talk,9,2,7,ESTIMATE Agent[14] VILLAGER
11,talk,10,2,14,ESTIMATE Agent[07] VILLAGER
11,talk,11,2,4,Skip
11,talk,12,3,4,VOTE Agent[06]
11,talk,13,3,6,VOTE Agent[04]
11,talk,14,3,14,VOTE Agent[04]
11,talk,15,3,7,VOTE Agent[04]
11,talk,16,4,4,ESTIMATE Agent[06] WEREWOLF
11,talk,17,4,6,ESTIMATE Agent[14] VILLAGER
11,talk,18,4,14,AGREE TALK day11 ID:7
11,talk,19,4,7,Skip
11,talk,20,5,14,Skip
11,talk,21,5,4,ESTIMATE Agent[14] VILLAGER
11,talk,22,5,7,Skip
11,talk,23,5,6,REQUEST ANY (VOTE Agent[04])
11,talk,24,6,14,VOTE Agent[06]
11,talk,25,6,4,REQUEST ANY (VOTE Agent[06])
11,talk,26,6,7,VOTE Agent[06]
11,talk,27,6,6,ESTIMATE Agent[04] WEREWOLF
11,talk,28,7,4,ESTIMATE Agent[07] WEREWOLF
11,talk,29,7,7,Skip
11,talk,30,7,6,ESTIMATE Agent[07] WEREWOLF
11,talk,31,7,14,ESTIMATE Agent[07] VILLAGER
11,talk,32,8,14,VOTE Agent[04]
11,talk,33,8,6,Skip
11,talk,34,8,4,VOTE Agent[07]
11,talk,35,8,7,VOTE Agent[04]
11,talk,36,9,14,Over
11,talk,37,9,6,Over
11,talk,38,9,4,Over
11,talk,39,9,7,Over
11,vote,4,7
11,vote,6,4
11,vote,7,4
11,vote,14,4
11,execute,4,VILLAGER
11,guard,7,14,VILLAGER
11,attackVote,6,14
11,attack,14,false
12,status,1,VILLAGER,DEAD,wasabi61
12,status,2,VILLAGER,DEAD,wasabi51
12,status,3,VILLAGER,DEAD,wasabi81
12,status,4,VILLAGER,DEAD,wasabi71
12,status,5,WEREWOLF,DEAD,wasabi21
12,status,6,WEREWOLF,ALIVE,wasabi11
12,status,7,BODYGUARD,ALIVE,wasabi41
12,status,8,MEDIUM,DEAD,wasabi31
12,status,9,WEREWOLF,DEAD,wasabi4
12,status,10,POSSESSED,DEAD,wasabi3
12,status,11,SEER,DEAD,wasabi5
12,status,12,VILLAGER,DEAD,wasabi91
12,status,13,VILLAGER,DEAD,wasabi2
12,status,14,VILLAGER,ALIVE,wasabi1
12,status,15,VILLAGER,DEAD,HALUemon
12,talk,0,0,14,Skip
12,talk,1,0,6,Skip
12,talk,2,0,7,Skip
12,talk,3,1,14,Skip
12,talk,4,1,6,ESTIMATE Agent[07] WEREWOLF
12,talk,5,1,7,ESTIMATE Agent[14] VILLAGER
12,talk,6,2,14,Over
12,talk,7,2,6,ESTIMATE Agent[07] WEREWOLF
12,talk,8,2,7,ESTIMATE Agent[06] WEREWOLF
12,talk,9,3,6,VOTE Agent[07]
12,talk,10,3,14,VOTE Agent[07]
12,talk,11,3,7,VOTE Agent[06]
12,talk,12,4,7,Skip
12,talk,13,4,6,ESTIMATE Agent[07] WEREWOLF
12,talk,14,4,14,VOTE Agent[06]
12,talk,15,5,14,VOTE Agent[07]
12,talk,16,5,6,ESTIMATE Agent[14] VILLAGER
12,talk,17,5,7,ESTIMATE Agent[06] WEREWOLF
12,talk,18,6,6,Skip
12,talk,19,6,7,Skip
12,talk,20,6,14,VOTE Agent[06]
12,talk,21,7,6,ESTIMATE Agent[07] WEREWOLF
12,talk,22,7,14,DISAGREE TALK day12 ID:4
12,talk,23,7,7,Skip
12,talk,24,8,6,ESTIMATE Agent[14] VILLAGER
12,talk,25,8,7,ESTIMATE Agent[14] VILLAGER
12,talk,26,8,14,ESTIMATE Agent[06] WEREWOLF
12,talk,27,9,14,Over
12,talk,28,9,7,Over
12,talk,29,9,6,Over
12,vote,6,7
12,vote,7,6
12,vote,14,6
12,execute,6,WEREWOLF
12,guard,7,14,VILLAGER
13,status,1,VILLAGER,DEAD,wasabi61
13,status,2,VILLAGER,DEAD,wasabi51
13,status,3,VILLAGER,DEAD,wasabi81
13,status,4,VILLAGER,DEAD,wasabi71
13,status,5,WEREWOLF,DEAD,wasabi21
13,status,6,WEREWOLF,DEAD,wasabi11
13,status,7,BODYGUARD,ALIVE,wasabi41
13,status,8,MEDIUM,DEAD,wasabi31
13,status,9,WEREWOLF,DEAD,wasabi4
13,status,10,POSSESSED,DEAD,wasabi3
13,status,11,SEER,DEAD,wasabi5
13,status,12,VILLAGER,DEAD,wasabi91
13,status,13,VILLAGER,DEAD,wasabi2
13,status,14,VILLAGER,ALIVE,wasabi1
13,status,15,VILLAGER,DEAD,HALUemon
13,result,2,0,VILLAGER
