0,status,1,VILLAGER,ALIVE,wasabi61
0,status,2,VILLAGER,ALIVE,wasabi51
0,status,3,VILLAGER,ALIVE,wasabi81
0,status,4,VILLAGER,ALIVE,wasabi71
0,status,5,WEREWOLF,ALIVE,wasabi21
0,status,6,WEREWOLF,ALIVE,wasabi11
0,status,7,BODYGUARD,ALIVE,wasabi41
0,status,8,MEDIUM,ALIVE,wasabi31
0,status,9,WEREWOLF,ALIVE,wasabi4
0,status,10,POSSESSED,ALIVE,wasabi3
0,status,11,SEER,ALIVE,wasabi5
0,status,12,VILLAGER,ALIVE,wasabi91
0,status,13,VILLAGER,ALIVE,wasabi2
0,status,14,VILLAGER,ALIVE,wasabi1
0,status,15,VILLAGER,ALIVE,HALUemon
0,whisper,0,0,6,ATTACK Agent[04]
0,whisper,1,0,9,ATTACK Agent[12]
0,whisper,2,0,5,Over
0,whisper,3,1,9,ATTACK Agent[04]
0,whisper,4,1,6,Over
0,whisper,5,1,5,ATTACK Agent[02]
0,whisper,6,2,5,Over
0,whisper,7,2,9,Over
0,whisper,8,2,6,VOTE Agent[15]
0,whisper,9,3,9,Over
0,whisper,10,3,6,Over
0,whisper,11,3,5,Over
0,divine,11,15,HUMAN
1,status,1,VILLAGER,ALIVE,wasabi61
1,status,2,VILLAGER,ALIVE,wasabi51
1,status,3,VILLAGER,ALIVE,wasabi81
1,status,4,VILLAGER,ALIVE,wasabi71
1,status,5,WEREWOLF,ALIVE,wasabi21
1,status,6,WEREWOLF,ALIVE,wasabi11
1,status,7,BODYGUARD,ALIVE,wasabi41
1,status,8,MEDIUM,ALIVE,wasabi31
1,status,9,WEREWOLF,ALIVE,wasabi4
1,status,10,POSSESSED,ALIVE,wasabi3
1,status,11,SEER,ALIVE,wasabi5
1,status,12,VILLAGER,ALIVE,wasabi91
1,status,13,VILLAGER,ALIVE,wasabi2
1,status,14,VILLAGER,ALIVE,wasabi1
1,status,15,VILLAGER,ALIVE,HALUemon
1,talk,0,0,8,COMINGOUT Agent[08] MEDIUM
1,talk,1,0,11,COMINGOUT Agent[11] SEER
1,talk,2,0,2,ESTIMATE Agent[15] VILLAGER
1,talk,3,0,6,ESTIMATE Agent[04] WEREWOLF
1,talk,4,0,10,COMINGOUT Agent[10] SEER
1,talk,5,0,9,Skip
1,talk,6,0,15,Skip
1,talk,7,0,1,ESTIMATE Agent[07] WEREWOLF
1,talk,8,0,7,ESTIMATE Agent[14] VILLAGER
1,talk,9,0,4,ESTIMATE Agent[01] WEREWOLF
1,talk,10,0,14,Skip
1,talk,11,0,3,ESTIMATE Agent[15] WEREWOLF
1,talk,12,0,5,ESTIMATE Agent[13] WEREWOLF
1,talk,13,0,13,ESTIMATE Agent[10] VILLAGER
1,talk,14,0,12,ESTIMATE Agent[07] VILLAGER
1,talk,15,1,1,Skip
1,talk,16,1,14,ESTIMATE Agent[11] WEREWOLF
1,talk,17,1,8,Skip
1,talk,18,1,5,Skip
1,talk,19,1,12,ESTIMATE Agent[13] VILLAGER
1,talk,20,1,2,ESTIMATE Agent[13] VILLAGER
1,talk,21,1,4,Skip
1,talk,22,1,10,DIVINED Agent[09] WEREWOLF
1,talk,23,1,6,ESTIMATE Agent[01] WEREWOLF
1,talk,24,1,15,Skip
1,talk,25,1,7,ESTIMATE Agent[03] VILLAGER
1,talk,26,1,9,AGREE TALK day1 ID:7
1,talk,27,1,3,ESTIMATE Agent[11] WEREWOLF
1,talk,28,1,11,DIVINED Agent[15] HUMAN
1,talk,29,1,13,ESTIMATE Agent[10] WEREWOLF
1,talk,30,2,13,AGREE TALK day1 ID:16
1,talk,31,2,7,Skip
1,talk,32,2,11,Skip
1,talk,33,2,5,ESTIMATE Agent[02] VILLAGER
1,talk,34,2,1,ESTIMATE Agent[11] WEREWOLF
1,talk,35,2,8,Skip
1,talk,36,2,9,BECAUSE (Agent[10] DIVINED Agent[09] WEREWOLF) (OR (ESTIMATE Agent[10] WEREWOLF) (ESTIMATE Agent[10] POSSESSED))
1,talk,37,2,4,ESTIMATE Agent[01] VILLAGER
1,talk,38,2,3,ESTIMATE Agent[08] MEDIUM
1,talk,39,2,12,ESTIMATE Agent[10] WEREWOLF
1,talk,40,2,14,DISAGREE TALK day1 ID:3
1,talk,41,2,15,Over
1,talk,42,2,10,Skip
1,talk,43,2,6,Skip
1,talk,44,2,2,ESTIMATE Agent[09] WEREWOLF
1,talk,45,3,9,VOTE Agent[10]
1,talk,46,3,11,VOTE Agent[12]
1,talk,47,3,8,VOTE Agent[09]
1,talk,48,3,15,Over
1,talk,49,3,6,VOTE Agent[09]
1,talk,50,3,13,VOTE Agent[09]
1,talk,51,3,1,VOTE Agent[09]
1,talk,52,3,3,VOTE Agent[09]
1,talk,53,3,5,VOTE Agent[09]
1,talk,54,3,14,VOTE Agent[09]
1,talk,55,3,4,VOTE Agent[09]
1,talk,56,3,10,VOTE Agent[09]
1,talk,57,3,12,VOTE Agent[09]
1,talk,58,3,7,VOTE Agent[09]
1,talk,59,3,2,VOTE Agent[09]
1,talk,60,4,3,ESTIMATE Agent[11] WEREWOLF
1,talk,61,4,14,ESTIMATE Agent[09] WEREWOLF
1,talk,62,4,12,Skip
1,talk,63,4,15,Over
1,talk,64,4,13,ESTIMATE Agent[06] VILLAGER
1,talk,65,4,2,ESTIMATE Agent[11] WEREWOLF
1,talk,66,4,10,BECAUSE (Agent[09] VOTED Agent[10]) (REQUEST ANY (VOTE Agent[09]))
1,talk,67,4,4,Skip
1,talk,68,4,11,AGREE TALK day1 ID:2
1,talk,69,4,5,Skip
1,talk,70,4,9,BECAUSE (Agent[08] VOTED Agent[09]) (REQUEST ANY (VOTE Agent[08]))
1,talk,71,4,6,ESTIMATE Agent[09] WEREWOLF
1,talk,72,4,7,ESTIMATE Agent[08] MEDIUM
1,talk,73,4,1,Skip
1,talk,74,4,8,Skip
1,talk,75,5,11,ESTIMATE Agent[10] WEREWOLF
1,talk,76,5,9,Skip
1,talk,77,5,12,ESTIMATE Agent[15] VILLAGER
1,talk,78,5,1,Skip
1,talk,79,5,8,Skip
1,talk,80,5,5,Skip
1,talk,81,5,13,AGREE TALK day1 ID:16
1,talk,82,5,14,Skip
1,talk,83,5,6,Skip
1,talk,84,5,2,ESTIMATE Agent[13] VILLAGER
1,talk,85,5,10,REQUEST ANY (VOTE Agent[09])
1,talk,86,5,4,Skip
1,talk,87,5,3,ESTIMATE Agent[11] WEREWOLF
1,talk,88,5,15,Over
1,talk,89,5,7,ESTIMATE Agent[04] VILLAGER
1,talk,90,6,6,ESTIMATE Agent[12] WEREWOLF
1,talk,91,6,1,ESTIMATE Agent[09] WEREWOLF
1,talk,92,6,2,Skip
1,talk,93,6,3,Skip
1,talk,94,6,11,VOTE Agent[09]
1,talk,95,6,12,ESTIMATE Agent[01] VILLAGER
1,talk,96,6,5,ESTIMATE Agent[14] WEREWOLF
1,talk,97,6,14,Skip
1,talk,98,6,13,ESTIMATE Agent[09] WEREWOLF
1,talk,99,6,7,ESTIMATE Agent[04] WEREWOLF
1,talk,100,6,15,Over
1,talk,101,6,9,Skip
1,talk,102,6,4,Over
1,talk,103,6,8,ESTIMATE Agent[05] VILLAGER
1,talk,104,6,10,Skip
1,talk,105,7,7,Skip
1,talk,106,7,9,Over
1,talk,107,7,12,ESTIMATE Agent[07] VILLAGER
1,talk,108,7,4,ESTIMATE Agent[09] WEREWOLF
1,talk,109,7,10,AGREE TALK day1 ID:44
1,talk,110,7,1,ESTIMATE Agent[13] WEREWOLF
1,talk,111,7,8,Skip
1,talk,112,7,2,ESTIMATE Agent[06] WEREWOLF
1,talk,113,7,3,Skip
1,talk,114,7,14,DISAGREE TALK day1 ID:13
1,talk,115,7,15,Over
1,talk,116,7,5,Skip
1,talk,117,7,11,AGREE TALK day1 ID:2
1,talk,118,7,6,ESTIMATE Agent[09] WEREWOLF
1,talk,119,7,13,AGREE TALK day1 ID:39
1,talk,120,8,1,ESTIMATE Agent[11] WEREWOLF
1,talk,121,8,11,ESTIMATE Agent[14] VILLAGER
1,talk,122,8,14,Skip
1,talk,123,8,13,ESTIMATE Agent[12] VILLAGER
1,talk,124,8,6,ESTIMATE Agent[05] WEREWOLF
1,talk,125,8,15,Over
1,talk,126,8,3,Over
1,talk,127,8,5,ESTIMATE Agent[12] VILLAGER
1,talk,128,8,2,Skip
1,talk,129,8,10,ESTIMATE Agent[12] VILLAGER
1,talk,130,8,9,Over
1,talk,131,8,4,REQUEST ANY (VOTE Agent[09])
1,talk,132,8,12,ESTIMATE Agent[04] VILLAGER
1,talk,133,8,8,ESTIMATE Agent[09] WEREWOLF
1,talk,134,8,7,ESTIMATE Agent[13] VILLAGER
1,talk,135,9,12,Over
1,talk,136,9,15,Over
1,talk,137,9,9,Over
1,talk,138,9,1,Over
1,talk,139,9,14,Over
1,talk,140,9,11,Over
1,talk,141,9,10,Over
1,talk,142,9,2,Over
1,talk,143,9,3,Over
1,talk,144,9,5,Over
1,talk,145,9,4,Over
1,talk,146,9,8,Over
1,talk,147,9,13,Over
1,talk,148,9,7,Over
1,talk,149,9,6,Over
1,vote,1,9
1,vote,2,9
1,vote,3,9
1,vote,4,9
1,vote,5,9
1,vote,6,9
1,vote,7,9
1,vote,8,9
1,vote,9,10
1,vote,10,9
1,vote,11,9
1,vote,12,9
1,vote,13,9
1,vote,14,9
1,vote,15,1
1,execute,9,WEREWOLF
1,divine,11,6,WEREWOLF
1,whisper,0,0,5,ATTACK Agent[10]
1,whisper,1,0,6,Over
1,whisper,2,1,6,ATTACK Agent[10]
1,whisper,3,1,5,Over
1,whisper,4,2,5,Over
1,whisper,5,2,6,Over
1,guard,7,11,SEER
1,attackVote,5,10
1,attackVote,6,10
1,attack,10,true
2,status,1,VILLAGER,ALIVE,wasabi61
2,status,2,VILLAGER,ALIVE,wasabi51
2,status,3,VILLAGER,ALIVE,wasabi81
2,status,4,VILLAGER,ALIVE,wasabi71
2,status,5,WEREWOLF,ALIVE,wasabi21
2,status,6,WEREWOLF,ALIVE,wasabi11
2,status,7,BODYGUARD,ALIVE,wasabi41
2,status,8,MEDIUM,ALIVE,wasabi31
2,status,9,WEREWOLF,DEAD,wasabi4
2,status,10,POSSESSED,DEAD,wasabi3
2,status,11,SEER,ALIVE,wasabi5
2,status,12,VILLAGER,ALIVE,wasabi91
2,status,13,VILLAGER,ALIVE,wasabi2
2,status,14,VILLAGER,ALIVE,wasabi1
2,status,15,VILLAGER,ALIVE,HALUemon
2,talk,0,0,11,DIVINED Agent[06] WEREWOLF
2,talk,1,0,14,ESTIMATE Agent[06] VILLAGER
2,talk,2,0,13,ESTIMATE Agent[11] WEREWOLF
2,talk,3,0,4,Skip
2,talk,4,0,12,ESTIMATE Agent[01] VILLAGER
2,talk,5,0,5,Skip
2,talk,6,0,2,ESTIMATE Agent[04] VILLAGER
2,talk,7,0,1,Skip
2,talk,8,0,3,Skip
2,talk,9,0,8,IDENTIFIED Agent[09] WEREWOLF
2,talk,10,0,6,ESTIMATE Agent[11] WEREWOLF
2,talk,11,0,15,Skip
2,talk,12,0,7,ESTIMATE Agent[06] WEREWOLF
2,talk,13,1,5,Skip
2,talk,14,1,1,ESTIMATE Agent[11] WEREWOLF
2,talk,15,1,11,ESTIMATE Agent[07] VILLAGER
2,talk,16,1,15,Skip
2,talk,17,1,2,Skip
2,talk,18,1,4,ESTIMATE Agent[08] MEDIUM
2,talk,19,1,3,ESTIMATE Agent[08] MEDIUM
2,talk,20,1,14,Skip
2,talk,21,1,8,ESTIMATE Agent[11] WEREWOLF
2,talk,22,1,12,ESTIMATE Agent[15] VILLAGER
2,talk,23,1,6,ESTIMATE Agent[11] WEREWOLF
2,talk,24,1,13,DISAGREE TALK day2 ID:1
2,talk,25,1,7,ESTIMATE Agent[08] MEDIUM
2,talk,26,2,11,AGREE TALK day2 ID:18
2,talk,27,2,4,Skip
2,talk,28,2,15,Over
2,talk,29,2,13,Skip
2,talk,30,2,6,ESTIMATE Agent[12] VILLAGER
2,talk,31,2,8,ESTIMATE Agent[06] WEREWOLF
2,talk,32,2,1,ESTIMATE Agent[02] VILLAGER
2,talk,33,2,2,ESTIMATE Agent[12] VILLAGER
2,talk,34,2,5,ESTIMATE Agent[11] WEREWOLF
2,talk,35,2,12,ESTIMATE Agent[05] VILLAGER
2,talk,36,2,7,ESTIMATE Agent[13] VILLAGER
2,talk,37,2,3,ESTIMATE Agent[06] WEREWOLF
2,talk,38,2,14,Skip
2,talk,39,3,13,VOTE Agent[06]
2,talk,40,3,7,VOTE Agent[06]
2,talk,41,3,5,VOTE Agent[06]
2,talk,42,3,11,VOTE Agent[06]
2,talk,43,3,4,VOTE Agent[06]
2,talk,44,3,8,VOTE Agent[06]
2,talk,45,3,14,VOTE Agent[06]
2,talk,46,3,6,VOTE Agent[11]
2,talk,47,3,12,VOTE Agent[06]
2,talk,48,3,15,Over
2,talk,49,3,3,VOTE Agent[06]
2,talk,50,3,2,VOTE Agent[06]
2,talk,51,3,1,VOTE Agent[06]
2,talk,52,4,6,Skip
2,talk,53,4,5,Skip
2,talk,54,4,14,AGREE TALK day2 ID:4
2,talk,55,4,13,ESTIMATE Agent[14] VILLAGER
2,talk,56,4,1,Skip
2,talk,57,4,8,Skip
2,talk,58,4,15,Over
2,talk,59,4,12,ESTIMATE Agent[15] VILLAGER
2,talk,60,4,4,ESTIMATE Agent[06] WEREWOLF
2,talk,61,4,3,ESTIMATE Agent[06] WEREWOLF
2,talk,62,4,7,ESTIMATE Agent[05] VILLAGER
2,talk,63,4,11,BECAUSE (Agent[06] VOTED Agent[11]) (REQUEST ANY (VOTE Agent[06]))
2,talk,64,4,2,ESTIMATE Agent[11] WEREWOLF
2,talk,65,5,6,REQUEST ANY (VOTE Agent[11])
2,talk,66,5,13,AGREE TALK day2 ID:18
2,talk,67,5,8,ESTIMATE Agent[11] WEREWOLF
2,talk,68,5,3,REQUEST ANY (VOTE Agent[06])
2,talk,69,5,4,ESTIMATE Agent[01] VILLAGER
2,talk,70,5,1,Skip
2,talk,71,5,15,Over
2,talk,72,5,5,ESTIMATE Agent[02] VILLAGER
2,talk,73,5,2,Skip
2,talk,74,5,12,ESTIMATE Agent[05] VILLAGER
2,talk,75,5,14,ESTIMATE Agent[12] VILLAGER
2,talk,76,5,11,ESTIMATE Agent[01] VILLAGER
2,talk,77,5,7,Skip
2,talk,78,6,6,ESTIMATE Agent[13] VILLAGER
2,talk,79,6,12,ESTIMATE Agent[01] VILLAGER
2,talk,80,6,11,Skip
2,talk,81,6,5,ESTIMATE Agent[13] VILLAGER
2,talk,82,6,4,ESTIMATE Agent[08] MEDIUM
2,talk,83,6,14,AGREE TALK day2 ID:6
2,talk,84,6,7,ESTIMATE Agent[11] WEREWOLF
2,talk,85,6,8,Skip
2,talk,86,6,3,ESTIMATE Agent[06] WEREWOLF
2,talk,87,6,15,Over
2,talk,88,6,13,ESTIMATE Agent[07] VILLAGER
2,talk,89,6,1,ESTIMATE Agent[04] WEREWOLF
2,talk,90,6,2,Skip
2,talk,91,7,11,AGREE TALK day2 ID:30
2,talk,92,7,1,ESTIMATE Agent[05] VILLAGER
2,talk,93,7,8,ESTIMATE Agent[06] WEREWOLF
2,talk,94,7,4,ESTIMATE Agent[12] VILLAGER
2,talk,95,7,13,Skip
2,talk,96,7,5,Skip
2,talk,97,7,2,Over
2,talk,98,7,12,Skip
2,talk,99,7,15,Over
2,talk,100,7,7,ESTIMATE Agent[11] WEREWOLF
2,talk,101,7,6,Skip
2,talk,102,7,3,ESTIMATE Agent[05] VILLAGER
2,talk,103,7,14,Skip
2,talk,104,8,11,ESTIMATE Agent[04] VILLAGER
2,talk,105,8,8,REQUEST ANY (VOTE Agent[06])
2,talk,106,8,3,ESTIMATE Agent[06] WEREWOLF
2,talk,107,8,14,ESTIMATE Agent[12] VILLAGER
2,talk,108,8,13,AGREE TALK day2 ID:10
2,talk,109,8,7,Skip
2,talk,110,8,2,ESTIMATE Agent[12] VILLAGER
2,talk,111,8,4,Skip
2,talk,112,8,5,ESTIMATE Agent[06] WEREWOLF
2,talk,113,8,6,ESTIMATE Agent[07] VILLAGER
2,talk,114,8,15,Over
2,talk,115,8,12,REQUEST ANY (VOTE Agent[06])
2,talk,116,8,1,Skip
2,talk,117,9,2,Over
2,talk,118,9,11,Over
2,talk,119,9,5,Over
2,talk,120,9,15,Over
2,talk,121,9,7,Over
2,talk,122,9,12,Over
2,talk,123,9,6,Over
2,talk,124,9,1,Over
2,talk,125,9,3,Over
2,talk,126,9,8,Over
2,talk,127,9,13,Over
2,talk,128,9,4,Over
2,talk,129,9,14,Over
2,vote,1,6
2,vote,2,6
2,vote,3,6
2,vote,4,6
2,vote,5,6
2,vote,6,11
2,vote,7,6
2,vote,8,6
2,vote,11,6
2,vote,12,6
2,vote,13,6
2,vote,14,6
2,vote,15,1
2,execute,6,WEREWOLF
2,divine,11,13,HUMAN
2,guard,7,8,MEDIUM
2,attackVote,5,13
2,attack,13,true
3,status,1,VILLAGER,ALIVE,wasabi61
3,status,2,VILLAGER,ALIVE,wasabi51
3,status,3,VILLAGER,ALIVE,wasabi81
3,status,4,VILLAGER,ALIVE,wasabi71
3,status,5,WEREWOLF,ALIVE,wasabi21
3,status,6,WEREWOLF,DEAD,wasabi11
3,status,7,BODYGUARD,ALIVE,wasabi41
3,status,8,MEDIUM,ALIVE,wasabi31
3,status,9,WEREWOLF,DEAD,wasabi4
3,status,10,POSSESSED,DEAD,wasabi3
3,status,11,SEER,ALIVE,wasabi5
3,status,12,VILLAGER,ALIVE,wasabi91
3,status,13,VILLAGER,DEAD,wasabi2
3,status,14,VILLAGER,ALIVE,wasabi1
3,status,15,VILLAGER,ALIVE,HALUemon
3,talk,0,0,1,Skip
3,talk,1,0,2,ESTIMATE Agent[11] WEREWOLF
3,talk,2,0,8,IDENTIFIED Agent[06] WEREWOLF
3,talk,3,0,14,Skip
3,talk,4,0,3,ESTIMATE Agent[08] MEDIUM
3,talk,5,0,7,ESTIMATE Agent[14] VILLAGER
3,talk,6,0,15,Skip
3,talk,7,0,11,DIVINED Agent[13] HUMAN
3,talk,8,0,12,ESTIMATE Agent[05] VILLAGER
3,talk,9,0,4,Skip
3,talk,10,0,5,Skip
3,talk,11,1,8,Skip
3,talk,12,1,7,ESTIMATE Agent[11] WEREWOLF
3,talk,13,1,14,Skip
3,talk,14,1,5,ESTIMATE Agent[11] WEREWOLF
3,talk,15,1,1,Skip
3,talk,16,1,3,ESTIMATE Agent[11] WEREWOLF
3,talk,17,1,12,ESTIMATE Agent[03] VILLAGER
3,talk,18,1,15,Skip
3,talk,19,1,4,ESTIMATE Agent[02] VILLAGER
3,talk,20,1,2,ESTIMATE Agent[11] WEREWOLF
3,talk,21,1,11,AGREE TALK day3 ID:5
3,talk,22,2,12,ESTIMATE Agent[08] MEDIUM
3,talk,23,2,8,ESTIMATE Agent[11] WEREWOLF
3,talk,24,2,4,ESTIMATE Agent[14] VILLAGER
3,talk,25,2,15,Over
3,talk,26,2,3,ESTIMATE Agent[02] VILLAGER
3,talk,27,2,2,ESTIMATE Agent[11] WEREWOLF
3,talk,28,2,14,Over
3,talk,29,2,5,Skip
3,talk,30,2,7,ESTIMATE Agent[01] VILLAGER
3,talk,31,2,1,Over
3,talk,32,2,11,ESTIMATE Agent[15] VILLAGER
3,talk,33,3,1,VOTE Agent[12]
3,talk,34,3,3,VOTE Agent[02]
3,talk,35,3,5,VOTE Agent[14]
3,talk,36,3,8,VOTE Agent[05]
3,talk,37,3,7,VOTE Agent[05]
3,talk,38,3,4,VOTE Agent[07]
3,talk,39,3,14,VOTE Agent[04]
3,talk,40,3,12,VOTE Agent[03]
3,talk,41,3,2,VOTE Agent[12]
3,talk,42,3,11,VOTE Agent[12]
3,talk,43,3,15,Over
3,talk,44,4,5,VOTE Agent[03]
3,talk,45,4,14,BECAUSE (Agent[05] VOTED Agent[14]) (REQUEST ANY (VOTE Agent[05]))
3,talk,46,4,3,ESTIMATE Agent[01] VILLAGER
3,talk,47,4,15,Over
3,talk,48,4,11,VOTE Agent[14]
3,talk,49,4,4,ESTIMATE Agent[15] VILLAGER
3,talk,50,4,2,ESTIMATE Agent[12] VILLAGER
3,talk,51,4,1,VOTE Agent[14]
3,talk,52,4,8,VOTE Agent[07]
3,talk,53,4,7,ESTIMATE Agent[03] VILLAGER
3,talk,54,4,12,VOTE Agent[01]
3,talk,55,5,12,Skip
3,talk,56,5,14,VOTE Agent[12]
3,talk,57,5,1,VOTE Agent[04]
3,talk,58,5,8,VOTE Agent[05]
3,talk,59,5,4,Skip
3,talk,60,5,5,ESTIMATE Agent[02] WEREWOLF
3,talk,61,5,3,Skip
3,talk,62,5,11,VOTE Agent[05]
3,talk,63,5,15,Over
3,talk,64,5,7,VOTE Agent[14]
3,talk,65,5,2,VOTE Agent[03]
3,talk,66,6,2,Skip
3,talk,67,6,7,VOTE Agent[04]
3,talk,68,6,5,VOTE Agent[07]
3,talk,69,6,4,VOTE Agent[14]
3,talk,70,6,12,ESTIMATE Agent[05] VILLAGER
3,talk,71,6,15,Over
3,talk,72,6,3,ESTIMATE Agent[11] WEREWOLF
3,talk,73,6,1,Skip
3,talk,74,6,14,VOTE Agent[02]
3,talk,75,6,11,AGREE TALK day3 ID:5
3,talk,76,6,8,Skip
3,talk,77,7,5,VOTE Agent[01]
3,talk,78,7,4,ESTIMATE Agent[11] WEREWOLF
3,talk,79,7,11,Skip
3,talk,80,7,3,VOTE Agent[07]
3,talk,81,7,8,ESTIMATE Agent[11] WEREWOLF
3,talk,82,7,12,VOTE Agent[14]
3,talk,83,7,1,ESTIMATE Agent[11] WEREWOLF
3,talk,84,7,2,VOTE Agent[07]
3,talk,85,7,15,Over
3,talk,86,7,7,VOTE Agent[01]
3,talk,87,7,14,Skip
3,talk,88,8,4,VOTE Agent[02]
3,talk,89,8,5,ESTIMATE Agent[04] VILLAGER
3,talk,90,8,8,ESTIMATE Agent[11] WEREWOLF
3,talk,91,8,14,VOTE Agent[05]
3,talk,92,8,3,ESTIMATE Agent[11] WEREWOLF
3,talk,93,8,11,VOTE Agent[01]
3,talk,94,8,7,VOTE Agent[05]
3,talk,95,8,12,VOTE Agent[02]
3,talk,96,8,15,Over
3,talk,97,8,2,VOTE Agent[04]
3,talk,98,8,1,ESTIMATE Agent[11] WEREWOLF
3,talk,99,9,3,Over
3,talk,100,9,1,Over
3,talk,101,9,15,Over
3,talk,102,9,8,Over
3,talk,103,9,4,Over
3,talk,104,9,5,Over
3,talk,105,9,7,Over
3,talk,106,9,11,Over
3,talk,107,9,12,Over
3,talk,108,9,2,Over
3,talk,109,9,14,Over
3,vote,1,4
3,vote,2,4
3,vote,3,7
3,vote,4,2
3,vote,5,1
3,vote,7,5
3,vote,8,5
3,vote,11,1
3,vote,12,2
3,vote,14,5
3,vote,15,1
3,vote,1,7
3,vote,2,5
3,vote,3,1
3,vote,4,5
3,vote,5,1
3,vote,7,5
3,vote,8,5
3,vote,11,1
3,vote,12,14
3,vote,14,5
3,vote,15,1
3,execute,5,WEREWOLF
3,divine,11,4,HUMAN
3,guard,7,11,SEER
4,status,1,VILLAGER,ALIVE,wasabi61
4,status,2,VILLAGER,ALIVE,wasabi51
4,status,3,VILLAGER,ALIVE,wasabi81
4,status,4,VILLAGER,ALIVE,wasabi71
4,status,5,WEREWOLF,DEAD,wasabi21
4,status,6,WEREWOLF,DEAD,wasabi11
4,status,7,BODYGUARD,ALIVE,wasabi41
4,status,8,MEDIUM,ALIVE,wasabi31
4,status,9,WEREWOLF,DEAD,wasabi4
4,status,10,POSSESSED,DEAD,wasabi3
4,status,11,SEER,ALIVE,wasabi5
4,status,12,VILLAGER,ALIVE,wasabi91
4,status,13,VILLAGER,DEAD,wasabi2
4,status,14,VILLAGER,ALIVE,wasabi1
4,status,15,VILLAGER,ALIVE,HALUemon
4,result,10,0,VILLAGER
