0,status,1,VILLAGER,ALIVE,wasabi61
0,status,2,VILLAGER,ALIVE,wasabi51
0,status,3,VILLAGER,ALIVE,wasabi81
0,status,4,VILLAGER,ALIVE,wasabi71
0,status,5,WEREWOLF,ALIVE,wasabi21
0,status,6,WEREWOLF,ALIVE,wasabi11
0,status,7,BODYGUARD,ALIVE,wasabi41
0,status,8,MEDIUM,ALIVE,wasabi31
0,status,9,WEREWOLF,ALIVE,wasabi4
0,status,10,POSSESSED,ALIVE,wasabi3
0,status,11,SEER,ALIVE,wasabi5
0,status,12,VILLAGER,ALIVE,wasabi91
0,status,13,VILLAGER,ALIVE,wasabi2
0,status,14,VILLAGER,ALIVE,wasabi1
0,status,15,VILLAGER,ALIVE,HALUemon
0,whisper,0,0,9,Over
0,whisper,1,0,5,Over
0,whisper,2,0,6,Over
0,divine,11,5,WEREWOLF
1,status,1,VILLAGER,ALIVE,wasabi61
1,status,2,VILLAGER,ALIVE,wasabi51
1,status,3,VILLAGER,ALIVE,wasabi81
1,status,4,VILLAGER,ALIVE,wasabi71
1,status,5,WEREWOLF,ALIVE,wasabi21
1,status,6,WEREWOLF,ALIVE,wasabi11
1,status,7,BODYGUARD,ALIVE,wasabi41
1,status,8,MEDIUM,ALIVE,wasabi31
1,status,9,WEREWOLF,ALIVE,wasabi4
1,status,10,POSSESSED,ALIVE,wasabi3
1,status,11,SEER,ALIVE,wasabi5
1,status,12,VILLAGER,ALIVE,wasabi91
1,status,13,VILLAGER,ALIVE,wasabi2
1,status,14,VILLAGER,ALIVE,wasabi1
1,status,15,VILLAGER,ALIVE,HALUemon
1,talk,0,0,12,ESTIMATE Agent[14] VILLAGER
1,talk,1,0,1,Skip
1,talk,2,0,9,Skip
1,talk,3,0,8,COMINGOUT Agent[08] MEDIUM
1,talk,4,0,3,Skip
1,talk,5,0,10,COMINGOUT Agent[10] SEER
1,talk,6,0,15,Skip
1,talk,7,0,7,Skip
1,talk,8,0,6,ESTIMATE Agent[12] WEREWOLF
1,talk,9,0,2,Skip
1,talk,10,0,11,COMINGOUT Agent[11] SEER
1,talk,11,0,13,Skip
1,talk,12,0,4,ESTIMATE Agent[14] VILLAGER
1,talk,13,0,5,Skip
1,talk,14,0,14,ESTIMATE Agent[02] WEREWOLF
1,talk,15,1,8,ESTIMATE Agent[10] WEREWOLF
1,talk,16,1,4,ESTIMATE Agent[15] VILLAGER
1,talk,17,1,12,Skip
1,talk,18,1,11,DIVINED Agent[05] WEREWOLF
1,talk,19,1,9,AGREE TALK day1 ID:8
1,talk,20,1,7,ESTIMATE Agent[08] MEDIUM
1,talk,21,1,6,Skip
1,talk,22,1,2,ESTIMATE Agent[08] MEDIUM
1,talk,23,1,1,Skip
1,talk,24,1,3,Skip
1,talk,25,1,14,ESTIMATE Agent[03] VILLAGER
1,talk,26,1,10,DIVINED Agent[14] WEREWOLF
1,talk,27,1,13,ESTIMATE Agent[04] VILLAGER
1,talk,28,1,15,Skip
1,talk,29,1,5,ESTIMATE Agent[03] VILLAGER
1,talk,30,2,5,ESTIMATE Agent[04] VILLAGER
1,talk,31,2,14,BECAUSE (Agent[10] DIVINED Agent[14] WEREWOLF) (OR (ESTIMATE Agent[10] WEREWOLF) (ESTIMATE Agent[10] POSSESSED))
1,talk,32,2,6,Skip
1,talk,33,2,11,Skip
1,talk,34,2,10,ESTIMATE Agent[13] VILLAGER
1,talk,35,2,7,ESTIMATE Agent[09] VILLAGER
1,talk,36,2,9,ESTIMATE Agent[05] WEREWOLF
1,talk,37,2,3,Over
1,talk,38,2,13,Skip
1,talk,39,2,12,ESTIMATE Agent[11] WEREWOLF
1,talk,40,2,2,ESTIMATE Agent[10] WEREWOLF
1,talk,41,2,8,ESTIMATE Agent[14] WEREWOLF
1,talk,42,2,15,Over
1,talk,43,2,4,ESTIMATE Agent[12] VILLAGER
1,talk,44,2,1,Over
1,talk,45,3,13,VOTE Agent[05]
1,talk,46,3,3,VOTE Agent[05]
1,talk,47,3,11,VOTE Agent[05]
1,talk,48,3,2,VOTE Agent[14]
1,talk,49,3,14,VOTE Agent[05]
1,talk,50,3,10,VOTE Agent[14]
1,talk,51,3,7,VOTE Agent[05]
1,talk,52,3,9,VOTE Agent[14]
1,talk,53,3,5,VOTE Agent[11]
1,talk,54,3,4,VOTE Agent[05]
1,talk,55,3,8,VOTE Agent[14]
1,talk,56,3,15,Over
1,talk,57,3,1,VOTE Agent[05]
1,talk,58,3,6,VOTE Agent[05]
1,talk,59,3,12,VOTE Agent[14]
1,talk,60,4,12,ESTIMATE Agent[03] VILLAGER
1,talk,61,4,6,ESTIMATE Agent[12] VILLAGER
1,talk,62,4,13,AGREE TALK day1 ID:20
1,talk,63,4,11,BECAUSE (Agent[05] VOTED Agent[11]) (REQUEST ANY (VOTE Agent[05]))
1,talk,64,4,2,ESTIMATE Agent[07] VILLAGER
1,talk,65,4,5,VOTE Agent[14]
1,talk,66,4,4,ESTIMATE Agent[07] VILLAGER
1,talk,67,4,15,Over
1,talk,68,4,9,ESTIMATE Agent[07] VILLAGER
1,talk,69,4,14,BECAUSE (Agent[02] VOTED Agent[14]) (REQUEST ANY (VOTE Agent[02]))
1,talk,70,4,8,VOTE Agent[05]
1,talk,71,4,10,DISAGREE TALK day1 ID:0
1,talk,72,4,1,ESTIMATE Agent[05] WEREWOLF
1,talk,73,4,3,VOTE Agent[14]
1,talk,74,4,7,Skip
1,talk,75,5,4,ESTIMATE Agent[15] VILLAGER
1,talk,76,5,10,ESTIMATE Agent[09] VILLAGER
1,talk,77,5,6,ESTIMATE Agent[05] WEREWOLF
1,talk,78,5,13,Skip
1,talk,79,5,15,Over
1,talk,80,5,12,Skip
1,talk,81,5,5,Skip
1,talk,82,5,7,Skip
1,talk,83,5,11,Skip
1,talk,84,5,9,AGREE TALK day1 ID:72
1,talk,85,5,3,VOTE Agent[05]
1,talk,86,5,14,AGREE TALK day1 ID:20
1,talk,87,5,1,ESTIMATE Agent[04] VILLAGER
1,talk,88,5,8,Skip
1,talk,89,5,2,ESTIMATE Agent[10] WEREWOLF
1,talk,90,6,2,Skip
1,talk,91,6,9,ESTIMATE Agent[04] VILLAGER
1,talk,92,6,11,ESTIMATE Agent[01] VILLAGER
1,talk,93,6,5,Skip
1,talk,94,6,6,Skip
1,talk,95,6,13,Skip
1,talk,96,6,15,Over
1,talk,97,6,1,Skip
1,talk,98,6,12,VOTE Agent[05]
1,talk,99,6,10,ESTIMATE Agent[01] VILLAGER
1,talk,100,6,14,ESTIMATE Agent[05] WEREWOLF
1,talk,101,6,8,VOTE Agent[14]
1,talk,102,6,4,ESTIMATE Agent[14] WEREWOLF
1,talk,103,6,7,Over
1,talk,104,6,3,ESTIMATE Agent[05] WEREWOLF
1,talk,105,7,15,Over
1,talk,106,7,8,ESTIMATE Agent[14] WEREWOLF
1,talk,107,7,14,AGREE TALK day1 ID:27
1,talk,108,7,4,Skip
1,talk,109,7,11,AGREE TALK day1 ID:99
1,talk,110,7,12,ESTIMATE Agent[03] VILLAGER
1,talk,111,7,10,ESTIMATE Agent[13] VILLAGER
1,talk,112,7,5,ESTIMATE Agent[13] VILLAGER
1,talk,113,7,1,ESTIMATE Agent[10] WEREWOLF
1,talk,114,7,9,AGREE TALK day1 ID:39
1,talk,115,7,13,ESTIMATE Agent[09] VILLAGER
1,talk,116,7,3,Skip
1,talk,117,7,2,ESTIMATE Agent[07] VILLAGER
1,talk,118,7,6,ESTIMATE Agent[05] WEREWOLF
1,talk,119,7,7,Over
1,talk,120,8,12,ESTIMATE Agent[08] MEDIUM
1,talk,121,8,3,ESTIMATE Agent[14] WEREWOLF
1,talk,122,8,10,AGREE TALK day1 ID:25
1,talk,123,8,14,ESTIMATE Agent[11] SEER
1,talk,124,8,1,Skip
1,talk,125,8,8,Skip
1,talk,126,8,6,ESTIMATE Agent[13] VILLAGER
1,talk,127,8,11,Skip
1,talk,128,8,2,ESTIMATE Agent[01] VILLAGER
1,talk,129,8,9,ESTIMATE Agent[10] WEREWOLF
1,talk,130,8,4,ESTIMATE Agent[03] VILLAGER
1,talk,131,8,5,Skip
1,talk,132,8,13,Skip
1,talk,133,8,15,Over
1,talk,134,8,7,ESTIMATE Agent[08] MEDIUM
1,talk,135,9,12,Over
1,talk,136,9,3,Over
1,talk,137,9,6,Over
1,talk,138,9,5,Over
1,talk,139,9,14,Over
1,talk,140,9,11,Over
1,talk,141,9,1,Over
1,talk,142,9,9,Over
1,talk,143,9,7,Over
1,talk,144,9,4,Over
1,talk,145,9,2,Over
1,talk,146,9,15,Over
1,talk,147,9,8,Over
1,talk,148,9,10,Over
1,talk,149,9,13,Over
1,vote,1,5
1,vote,2,14
1,vote,3,5
1,vote,4,5
1,vote,5,14
1,vote,6,5
1,vote,7,5
1,vote,8,14
1,vote,9,14
1,vote,10,14
1,vote,11,5
1,vote,12,5
1,vote,13,5
1,vote,14,5
1,vote,15,1
1,execute,5,WEREWOLF
1,divine,11,7,HUMAN
1,whisper,0,0,9,Over
1,whisper,1,0,6,ATTACK Agent[03]
1,whisper,2,1,6,Over
1,whisper,3,1,9,Over
1,guard,7,10,POSSESSED
1,attackVote,6,3
1,attackVote,9,8
1,attackVote,6,8
1,attackVote,9,11
1,attack,11,true
2,status,1,VILLAGER,ALIVE,wasabi61
2,status,2,VILLAGER,ALIVE,wasabi51
2,status,3,VILLAGER,ALIVE,wasabi81
2,status,4,VILLAGER,ALIVE,wasabi71
2,status,5,WEREWOLF,DEAD,wasabi21
2,status,6,WEREWOLF,ALIVE,wasabi11
2,status,7,BODYGUARD,ALIVE,wasabi41
2,status,8,MEDIUM,ALIVE,wasabi31
2,status,9,WEREWOLF,ALIVE,wasabi4
2,status,10,POSSESSED,ALIVE,wasabi3
2,status,11,SEER,DEAD,wasabi5
2,status,12,VILLAGER,ALIVE,wasabi91
2,status,13,VILLAGER,ALIVE,wasabi2
2,status,14,VILLAGER,ALIVE,wasabi1
2,status,15,VILLAGER,ALIVE,HALUemon
2,talk,0,0,8,IDENTIFIED Agent[05] WEREWOLF
2,talk,1,0,13,ESTIMATE Agent[01] VILLAGER
2,talk,2,0,9,ESTIMATE Agent[15] VILLAGER
2,talk,3,0,3,ESTIMATE Agent[10] WEREWOLF
2,talk,4,0,15,Skip
2,talk,5,0,7,ESTIMATE Agent[04] WEREWOLF
2,talk,6,0,1,ESTIMATE Agent[14] WEREWOLF
2,talk,7,0,6,ESTIMATE Agent[08] MEDIUM
2,talk,8,0,10,DIVINED Agent[02] WEREWOLF
2,talk,9,0,14,BECAUSE (Agent[10] DIVINED Agent[14] WEREWOLF) (OR (ESTIMATE Agent[10] WEREWOLF) (ESTIMATE Agent[10] POSSESSED))
2,talk,10,0,12,ESTIMATE Agent[09] VILLAGER
2,talk,11,0,4,ESTIMATE Agent[10] WEREWOLF
2,talk,12,0,2,Skip
2,talk,13,1,10,Skip
2,talk,14,1,12,ESTIMATE Agent[04] VILLAGER
2,talk,15,1,9,Skip
2,talk,16,1,8,ESTIMATE Agent[10] WEREWOLF
2,talk,17,1,15,Skip
2,talk,18,1,4,Skip
2,talk,19,1,14,AGREE TALK day2 ID:1
2,talk,20,1,7,ESTIMATE Agent[12] VILLAGER
2,talk,21,1,2,ESTIMATE Agent[06] VILLAGER
2,talk,22,1,13,Skip
2,talk,23,1,1,Skip
2,talk,24,1,3,Skip
2,talk,25,1,6,Skip
2,talk,26,2,8,Skip
2,talk,27,2,2,Skip
2,talk,28,2,9,AGREE TALK day2 ID:3
2,talk,29,2,12,ESTIMATE Agent[14] WEREWOLF
2,talk,30,2,6,ESTIMATE Agent[10] WEREWOLF
2,talk,31,2,4,ESTIMATE Agent[07] VILLAGER
2,talk,32,2,13,Skip
2,talk,33,2,15,Over
2,talk,34,2,3,ESTIMATE Agent[10] WEREWOLF
2,talk,35,2,14,ESTIMATE Agent[10] WEREWOLF
2,talk,36,2,7,ESTIMATE Agent[06] VILLAGER
2,talk,37,2,1,Skip
2,talk,38,2,10,ESTIMATE Agent[02] WEREWOLF
2,talk,39,3,3,VOTE Agent[06]
2,talk,40,3,10,VOTE Agent[02]
2,talk,41,3,13,VOTE Agent[14]
2,talk,42,3,12,VOTE Agent[02]
2,talk,43,3,7,VOTE Agent[12]
2,talk,44,3,4,VOTE Agent[09]
2,talk,45,3,14,VOTE Agent[10]
2,talk,46,3,8,VOTE Agent[10]
2,talk,47,3,2,VOTE Agent[10]
2,talk,48,3,1,VOTE Agent[07]
2,talk,49,3,15,Over
2,talk,50,3,6,VOTE Agent[04]
2,talk,51,3,9,VOTE Agent[02]
2,talk,52,4,6,VOTE Agent[12]
2,talk,53,4,15,Over
2,talk,54,4,14,BECAUSE (Agent[13] VOTED Agent[14]) (REQUEST ANY (VOTE Agent[13]))
2,talk,55,4,2,Skip
2,talk,56,4,3,ESTIMATE Agent[10] WEREWOLF
2,talk,57,4,4,ESTIMATE Agent[02] WEREWOLF
2,talk,58,4,12,ESTIMATE Agent[14] WEREWOLF
2,talk,59,4,9,BECAUSE (Agent[04] VOTED Agent[09]) (REQUEST ANY (VOTE Agent[04]))
2,talk,60,4,13,ESTIMATE Agent[03] VILLAGER
2,talk,61,4,8,ESTIMATE Agent[10] WEREWOLF
2,talk,62,4,7,VOTE Agent[14]
2,talk,63,4,10,BECAUSE (Agent[14] VOTED Agent[10]) (REQUEST ANY (VOTE Agent[14]))
2,talk,64,4,1,VOTE Agent[09]
2,talk,65,5,1,VOTE Agent[02]
2,talk,66,5,2,ESTIMATE Agent[06] VILLAGER
2,talk,67,5,6,Skip
2,talk,68,5,15,Over
2,talk,69,5,13,AGREE TALK day2 ID:2
2,talk,70,5,10,VOTE Agent[14]
2,talk,71,5,8,ESTIMATE Agent[02] VILLAGER
2,talk,72,5,7,VOTE Agent[12]
2,talk,73,5,12,ESTIMATE Agent[14] VILLAGER
2,talk,74,5,9,ESTIMATE Agent[13] VILLAGER
2,talk,75,5,14,AGREE TALK day2 ID:20
2,talk,76,5,3,VOTE Agent[02]
2,talk,77,5,4,Skip
2,talk,78,6,15,Over
2,talk,79,6,3,VOTE Agent[14]
2,talk,80,6,2,REQUEST ANY (VOTE Agent[10])
2,talk,81,6,7,VOTE Agent[02]
2,talk,82,6,8,Skip
2,talk,83,6,14,ESTIMATE Agent[13] VILLAGER
2,talk,84,6,4,VOTE Agent[02]
2,talk,85,6,13,ESTIMATE Agent[12] VILLAGER
2,talk,86,6,10,VOTE Agent[02]
2,talk,87,6,12,Skip
2,talk,88,6,6,ESTIMATE Agent[14] VILLAGER
2,talk,89,6,1,ESTIMATE Agent[13] VILLAGER
2,talk,90,6,9,AGREE TALK day2 ID:3
2,talk,91,7,9,Skip
2,talk,92,7,10,AGREE TALK day2 ID:6
2,talk,93,7,12,VOTE Agent[14]
2,talk,94,7,1,ESTIMATE Agent[10] WEREWOLF
2,talk,95,7,6,VOTE Agent[09]
2,talk,96,7,8,ESTIMATE Agent[10] WEREWOLF
2,talk,97,7,14,AGREE TALK day2 ID:60
2,talk,98,7,13,AGREE TALK day2 ID:2
2,talk,99,7,3,ESTIMATE Agent[10] WEREWOLF
2,talk,100,7,2,ESTIMATE Agent[08] MEDIUM
2,talk,101,7,15,Over
2,talk,102,7,4,Skip
2,talk,103,7,7,VOTE Agent[13]
2,talk,104,8,7,VOTE Agent[02]
2,talk,105,8,8,ESTIMATE Agent[10] WEREWOLF
2,talk,106,8,9,Skip
2,talk,107,8,2,ESTIMATE Agent[07] VILLAGER
2,talk,108,8,14,REQUEST ANY (VOTE Agent[10])
2,talk,109,8,10,Skip
2,talk,110,8,12,VOTE Agent[04]
2,talk,111,8,6,VOTE Agent[02]
2,talk,112,8,4,Skip
2,talk,113,8,15,Over
2,talk,114,8,13,BECAUSE (Agent[07] VOTED Agent[13]) (REQUEST ANY (VOTE Agent[07]))
2,talk,115,8,1,ESTIMATE Agent[10] WEREWOLF
2,talk,116,8,3,Skip
2,talk,117,9,8,Over
2,talk,118,9,6,Over
2,talk,119,9,7,Over
2,talk,120,9,10,Over
2,talk,121,9,9,Over
2,talk,122,9,14,Over
2,talk,123,9,3,Over
2,talk,124,9,1,Over
2,talk,125,9,2,Over
2,talk,126,9,13,Over
2,talk,127,9,15,Over
2,talk,128,9,12,Over
2,talk,129,9,4,Over
2,vote,1,2
2,vote,2,10
2,vote,3,14
2,vote,4,2
2,vote,6,2
2,vote,7,2
2,vote,8,10
2,vote,9,2
2,vote,10,2
2,vote,12,4
2,vote,13,14
2,vote,14,10
2,vote,15,1
2,execute,2,VILLAGER
2,whisper,0,0,9,ATTACK Agent[15]
2,whisper,1,0,6,Over
2,whisper,2,1,9,Over
2,whisper,3,1,6,Over
2,guard,7,8,MEDIUM
2,attackVote,6,8
2,attackVote,9,15
2,attackVote,6,8
2,attackVote,9,8
2,attack,8,false
3,status,1,VILLAGER,ALIVE,wasabi61
3,status,2,VILLAGER,DEAD,wasabi51
3,status,3,VILLAGER,ALIVE,wasabi81
3,status,4,VILLAGER,ALIVE,wasabi71
3,status,5,WEREWOLF,DEAD,wasabi21
3,status,6,WEREWOLF,ALIVE,wasabi11
3,status,7,BODYGUARD,ALIVE,wasabi41
3,status,8,MEDIUM,ALIVE,wasabi31
3,status,9,WEREWOLF,ALIVE,wasabi4
3,status,10,POSSESSED,ALIVE,wasabi3
3,status,11,SEER,DEAD,wasabi5
3,status,12,VILLAGER,ALIVE,wasabi91
3,status,13,VILLAGER,ALIVE,wasabi2
3,status,14,VILLAGER,ALIVE,wasabi1
3,status,15,VILLAGER,ALIVE,HALUemon
3,talk,0,0,1,ESTIMATE Agent[10] WEREWOLF
3,talk,1,0,8,IDENTIFIED Agent[02] HUMAN
3,talk,2,0,3,ESTIMATE Agent[14] VILLAGER
3,talk,3,0,10,DIVINED Agent[06] HUMAN
3,talk,4,0,6,Skip
3,talk,5,0,15,Skip
3,talk,6,0,7,ESTIMATE Agent[01] WEREWOLF
3,talk,7,0,4,ESTIMATE Agent[09] VILLAGER
3,talk,8,0,12,Skip
3,talk,9,0,13,ESTIMATE Agent[10] WEREWOLF
3,talk,10,0,14,ESTIMATE Agent[09] VILLAGER
3,talk,11,0,9,ESTIMATE Agent[03] VILLAGER
3,talk,12,1,4,ESTIMATE Agent[08] MEDIUM
3,talk,13,1,8,ESTIMATE Agent[12] VILLAGER
3,talk,14,1,9,ESTIMATE Agent[07] VILLAGER
3,talk,15,1,3,ESTIMATE Agent[06] VILLAGER
3,talk,16,1,13,Skip
3,talk,17,1,7,Skip
3,talk,18,1,6,Skip
3,talk,19,1,12,ESTIMATE Agent[10] WEREWOLF
3,talk,20,1,15,Skip
3,talk,21,1,1,ESTIMATE Agent[10] WEREWOLF
3,talk,22,1,14,DISAGREE TALK day3 ID:6
3,talk,23,1,10,ESTIMATE Agent[08] WEREWOLF
3,talk,24,2,15,Over
3,talk,25,2,3,Skip
3,talk,26,2,10,DISAGREE TALK day3 ID:2
3,talk,27,2,6,ESTIMATE Agent[09] WEREWOLF
3,talk,28,2,8,ESTIMATE Agent[13] VILLAGER
3,talk,29,2,4,ESTIMATE Agent[10] WEREWOLF
3,talk,30,2,9,AGREE TALK day3 ID:0
3,talk,31,2,7,ESTIMATE Agent[12] VILLAGER
3,talk,32,2,12,Skip
3,talk,33,2,1,ESTIMATE Agent[10] WEREWOLF
3,talk,34,2,14,ESTIMATE Agent[13] VILLAGER
3,talk,35,2,13,AGREE TALK day3 ID:13
3,talk,36,3,7,VOTE Agent[14]
3,talk,37,3,13,VOTE Agent[10]
3,talk,38,3,1,VOTE Agent[03]
3,talk,39,3,3,VOTE Agent[14]
3,talk,40,3,4,VOTE Agent[13]
3,talk,41,3,9,VOTE Agent[15]
3,talk,42,3,15,Over
3,talk,43,3,12,VOTE Agent[03]
3,talk,44,3,6,VOTE Agent[09]
3,talk,45,3,10,VOTE Agent[14]
3,talk,46,3,8,VOTE Agent[10]
3,talk,47,3,14,VOTE Agent[10]
3,talk,48,4,12,VOTE Agent[04]
3,talk,49,4,4,Skip
3,talk,50,4,9,BECAUSE (Agent[06] VOTED Agent[09]) (REQUEST ANY (VOTE Agent[06]))
3,talk,51,4,10,BECAUSE (Agent[13] VOTED Agent[10]) (REQUEST ANY (VOTE Agent[13]))
3,talk,52,4,3,Skip
3,talk,53,4,7,ESTIMATE Agent[08] MEDIUM
3,talk,54,4,6,VOTE Agent[14]
3,talk,55,4,14,BECAUSE (Agent[07] VOTED Agent[14]) (REQUEST ANY (VOTE Agent[07]))
3,talk,56,4,8,ESTIMATE Agent[13] VILLAGER
3,talk,57,4,15,Over
3,talk,58,4,1,VOTE Agent[14]
3,talk,59,4,13,BECAUSE (Agent[04] VOTED Agent[13]) (REQUEST ANY (VOTE Agent[04]))
3,talk,60,5,10,Skip
3,talk,61,5,13,ESTIMATE Agent[01] VILLAGER
3,talk,62,5,15,Over
3,talk,63,5,14,DISAGREE TALK day3 ID:6
3,talk,64,5,8,Skip
3,talk,65,5,9,VOTE Agent[04]
3,talk,66,5,12,Skip
3,talk,67,5,6,VOTE Agent[13]
3,talk,68,5,1,ESTIMATE Agent[15] VILLAGER
3,talk,69,5,3,Skip
3,talk,70,5,4,Skip
3,talk,71,5,7,ESTIMATE Agent[13] VILLAGER
3,talk,72,6,9,VOTE Agent[14]
3,talk,73,6,4,ESTIMATE Agent[12] WEREWOLF
3,talk,74,6,14,Skip
3,talk,75,6,15,Over
3,talk,76,6,3,Over
3,talk,77,6,7,ESTIMATE Agent[01] VILLAGER
3,talk,78,6,1,ESTIMATE Agent[10] WEREWOLF
3,talk,79,6,6,VOTE Agent[14]
3,talk,80,6,8,REQUEST ANY (VOTE Agent[10])
3,talk,81,6,13,AGREE TALK day3 ID:68
3,talk,82,6,10,ESTIMATE Agent[06] VILLAGER
3,talk,83,6,12,VOTE Agent[14]
3,talk,84,7,4,ESTIMATE Agent[09] VILLAGER
3,talk,85,7,6,VOTE Agent[13]
3,talk,86,7,14,ESTIMATE Agent[04] VILLAGER
3,talk,87,7,3,VOTE Agent[10]
3,talk,88,7,7,VOTE Agent[10]
3,talk,89,7,8,ESTIMATE Agent[09] VILLAGER
3,talk,90,7,1,Skip
3,talk,91,7,10,AGREE TALK day3 ID:7
3,talk,92,7,12,Skip
3,talk,93,7,13,ESTIMATE Agent[10] WEREWOLF
3,talk,94,7,9,ESTIMATE Agent[10] WEREWOLF
3,talk,95,7,15,Over
3,talk,96,8,12,VOTE Agent[13]
3,talk,97,8,4,VOTE Agent[14]
3,talk,98,8,13,AGREE TALK day3 ID:68
3,talk,99,8,1,ESTIMATE Agent[08] MEDIUM
3,talk,100,8,6,VOTE Agent[14]
3,talk,101,8,3,VOTE Agent[14]
3,talk,102,8,10,ESTIMATE Agent[08] WEREWOLF
3,talk,103,8,14,AGREE TALK day3 ID:28
3,talk,104,8,7,VOTE Agent[14]
3,talk,105,8,8,Skip
3,talk,106,8,9,VOTE Agent[12]
3,talk,107,8,15,Over
3,talk,108,9,8,Over
3,talk,109,9,3,Over
3,talk,110,9,15,Over
3,talk,111,9,12,Over
3,talk,112,9,7,Over
3,talk,113,9,13,Over
3,talk,114,9,10,Over
3,talk,115,9,4,Over
3,talk,116,9,14,Over
3,talk,117,9,1,Over
3,talk,118,9,9,Over
3,talk,119,9,6,Over
3,vote,1,14
3,vote,3,14
3,vote,4,14
3,vote,6,14
3,vote,7,14
3,vote,8,10
3,vote,9,12
3,vote,10,14
3,vote,12,13
3,vote,13,10
3,vote,14,10
3,vote,15,1
3,execute,14,VILLAGER
3,whisper,0,0,9,ATTACK Agent[08]
3,whisper,1,0,6,Over
3,whisper,2,1,6,Over
3,whisper,3,1,9,Over
3,guard,7,8,MEDIUM
3,attackVote,6,8
3,attackVote,9,8
3,attack,8,false
4,status,1,VILLAGER,ALIVE,wasabi61
4,status,2,VILLAGER,DEAD,wasabi51
4,status,3,VILLAGER,ALIVE,wasabi81
4,status,4,VILLAGER,ALIVE,wasabi71
4,status,5,WEREWOLF,DEAD,wasabi21
4,status,6,WEREWOLF,ALIVE,wasabi11
4,status,7,BODYGUARD,ALIVE,wasabi41
4,status,8,MEDIUM,ALIVE,wasabi31
4,status,9,WEREWOLF,ALIVE,wasabi4
4,status,10,POSSESSED,ALIVE,wasabi3
4,status,11,SEER,DEAD,wasabi5
4,status,12,VILLAGER,ALIVE,wasabi91
4,status,13,VILLAGER,ALIVE,wasabi2
4,status,14,VILLAGER,DEAD,wasabi1
4,status,15,VILLAGER,ALIVE,HALUemon
4,talk,0,0,15,Skip
4,talk,1,0,1,ESTIMATE Agent[10] WEREWOLF
4,talk,2,0,9,ESTIMATE Agent[06] VILLAGER
4,talk,3,0,8,IDENTIFIED Agent[14] HUMAN
4,talk,4,0,12,ESTIMATE Agent[10] WEREWOLF
4,talk,5,0,13,ESTIMATE Agent[10] WEREWOLF
4,talk,6,0,3,ESTIMATE Agent[10] WEREWOLF
4,talk,7,0,6,Skip
4,talk,8,0,10,DIVINED Agent[13] HUMAN
4,talk,9,0,7,ESTIMATE Agent[09] WEREWOLF
4,talk,10,0,4,Skip
4,talk,11,1,12,ESTIMATE Agent[10] WEREWOLF
4,talk,12,1,13,AGREE TALK day4 ID:1
4,talk,13,1,4,ESTIMATE Agent[15] WEREWOLF
4,talk,14,1,6,ESTIMATE Agent[03] VILLAGER
4,talk,15,1,3,Skip
4,talk,16,1,7,ESTIMATE Agent[08] MEDIUM
4,talk,17,1,10,ESTIMATE Agent[04] VILLAGER
4,talk,18,1,8,ESTIMATE Agent[10] WEREWOLF
4,talk,19,1,1,Skip
4,talk,20,1,15,Skip
4,talk,21,1,9,AGREE TALK day4 ID:1
4,talk,22,2,4,ESTIMATE Agent[07] VILLAGER
4,talk,23,2,13,ESTIMATE Agent[09] VILLAGER
4,talk,24,2,8,ESTIMATE Agent[10] WEREWOLF
4,talk,25,2,9,Skip
4,talk,26,2,1,Skip
4,talk,27,2,7,ESTIMATE Agent[15] WEREWOLF
4,talk,28,2,15,Over
4,talk,29,2,10,DISAGREE TALK day4 ID:16
4,talk,30,2,12,Skip
4,talk,31,2,6,ESTIMATE Agent[04] VILLAGER
4,talk,32,2,3,ESTIMATE Agent[10] WEREWOLF
4,talk,33,3,12,VOTE Agent[10]
4,talk,34,3,13,VOTE Agent[12]
4,talk,35,3,3,VOTE Agent[10]
4,talk,36,3,7,VOTE Agent[10]
4,talk,37,3,10,VOTE Agent[01]
4,talk,38,3,15,Over
4,talk,39,3,4,VOTE Agent[10]
4,talk,40,3,8,VOTE Agent[10]
4,talk,41,3,9,VOTE Agent[10]
4,talk,42,3,6,VOTE Agent[09]
4,talk,43,3,1,VOTE Agent[10]
4,talk,44,4,1,ESTIMATE Agent[06] VILLAGER
4,talk,45,4,4,ESTIMATE Agent[10] WEREWOLF
4,talk,46,4,9,BECAUSE (Agent[06] VOTED Agent[09]) (REQUEST ANY (VOTE Agent[06]))
4,talk,47,4,13,AGREE TALK day4 ID:1
4,talk,48,4,12,ESTIMATE Agent[04] WEREWOLF
4,talk,49,4,7,ESTIMATE Agent[01] VILLAGER
4,talk,50,4,6,VOTE Agent[07]
4,talk,51,4,8,ESTIMATE Agent[10] WEREWOLF
4,talk,52,4,3,ESTIMATE Agent[10] WEREWOLF
4,talk,53,4,15,Over
4,talk,54,4,10,BECAUSE (Agent[12] VOTED Agent[10]) (REQUEST ANY (VOTE Agent[12]))
4,talk,55,5,6,VOTE Agent[04]
4,talk,56,5,9,Skip
4,talk,57,5,1,REQUEST ANY (VOTE Agent[10])
4,talk,58,5,13,ESTIMATE Agent[03] VILLAGER
4,talk,59,5,12,ESTIMATE Agent[06] VILLAGER
4,talk,60,5,4,ESTIMATE Agent[10] WEREWOLF
4,talk,61,5,7,ESTIMATE Agent[10] WEREWOLF
4,talk,62,5,10,Skip
4,talk,63,5,8,Skip
4,talk,64,5,15,Over
4,talk,65,5,3,Skip
4,talk,66,6,7,ESTIMATE Agent[10] WEREWOLF
4,talk,67,6,12,ESTIMATE Agent[01] VILLAGER
4,talk,68,6,13,VOTE Agent[04]
4,talk,69,6,4,Skip
4,talk,70,6,8,ESTIMATE Agent[07] VILLAGER
4,talk,71,6,10,VOTE Agent[04]
4,talk,72,6,9,ESTIMATE Agent[04] VILLAGER
4,talk,73,6,1,Skip
4,talk,74,6,6,VOTE Agent[12]
4,talk,75,6,15,Over
4,talk,76,6,3,REQUEST ANY (VOTE Agent[10])
4,talk,77,7,15,Over
4,talk,78,7,1,ESTIMATE Agent[07] WEREWOLF
4,talk,79,7,10,ESTIMATE Agent[13] VILLAGER
4,talk,80,7,3,Skip
4,talk,81,7,9,AGREE TALK day4 ID:44
4,talk,82,7,4,ESTIMATE Agent[15] VILLAGER
4,talk,83,7,7,Skip
4,talk,84,7,8,Skip
4,talk,85,7,13,AGREE TALK day4 ID:2
4,talk,86,7,6,VOTE Agent[04]
4,talk,87,7,12,Skip
4,talk,88,8,3,ESTIMATE Agent[10] WEREWOLF
4,talk,89,8,4,ESTIMATE Agent[01] VILLAGER
4,talk,90,8,10,AGREE TALK day4 ID:22
4,talk,91,8,8,ESTIMATE Agent[10] WEREWOLF
4,talk,92,8,15,Over
4,talk,93,8,1,Skip
4,talk,94,8,9,ESTIMATE Agent[10] WEREWOLF
4,talk,95,8,13,ESTIMATE Agent[10] WEREWOLF
4,talk,96,8,7,ESTIMATE Agent[08] MEDIUM
4,talk,97,8,12,Skip
4,talk,98,8,6,VOTE Agent[01]
4,talk,99,9,7,Over
4,talk,100,9,15,Over
4,talk,101,9,1,Over
4,talk,102,9,10,Over
4,talk,103,9,13,Over
4,talk,104,9,8,Over
4,talk,105,9,9,Over
4,talk,106,9,3,Over
4,talk,107,9,4,Over
4,talk,108,9,6,Over
4,talk,109,9,12,Over
4,vote,1,10
4,vote,3,10
4,vote,4,10
4,vote,6,1
4,vote,7,10
4,vote,8,10
4,vote,9,10
4,vote,10,4
4,vote,12,10
4,vote,13,4
4,vote,15,1
4,execute,10,POSSESSED
4,whisper,0,0,9,Over
4,whisper,1,0,6,ATTACK Agent[07]
4,whisper,2,1,9,ATTACK Agent[13]
4,whisper,3,1,6,Over
4,whisper,4,2,6,Over
4,whisper,5,2,9,REQUEST ANY (ATTACK Agent[13])
4,whisper,6,3,6,ATTACK Agent[15]
4,whisper,7,3,9,Over
4,whisper,8,4,9,Over
4,whisper,9,4,6,Over
4,guard,7,8,MEDIUM
4,attackVote,6,15
4,attackVote,9,13
4,attackVote,6,13
4,attackVote,9,15
4,attack,13,true
5,status,1,VILLAGER,ALIVE,wasabi61
5,status,2,VILLAGER,DEAD,wasabi51
5,status,3,VILLAGER,ALIVE,wasabi81
5,status,4,VILLAGER,ALIVE,wasabi71
5,status,5,WEREWOLF,DEAD,wasabi21
5,status,6,WEREWOLF,ALIVE,wasabi11
5,status,7,BODYGUARD,ALIVE,wasabi41
5,status,8,MEDIUM,ALIVE,wasabi31
5,status,9,WEREWOLF,ALIVE,wasabi4
5,status,10,POSSESSED,DEAD,wasabi3
5,status,11,SEER,DEAD,wasabi5
5,status,12,VILLAGER,ALIVE,wasabi91
5,status,13,VILLAGER,DEAD,wasabi2
5,status,14,VILLAGER,DEAD,wasabi1
5,status,15,VILLAGER,ALIVE,HALUemon
5,talk,0,0,7,ESTIMATE Agent[09] WEREWOLF
5,talk,1,0,6,Skip
5,talk,2,0,1,Skip
5,talk,3,0,12,ESTIMATE Agent[01] WEREWOLF
5,talk,4,0,3,Skip
5,talk,5,0,15,Skip
5,talk,6,0,8,IDENTIFIED Agent[10] HUMAN
5,talk,7,0,9,Skip
5,talk,8,0,4,Skip
5,talk,9,1,4,ESTIMATE Agent[03] VILLAGER
5,talk,10,1,7,ESTIMATE Agent[06] VILLAGER
5,talk,11,1,1,ESTIMATE Agent[15] WEREWOLF
5,talk,12,1,15,Skip
5,talk,13,1,6,Skip
5,talk,14,1,8,Skip
5,talk,15,1,9,ESTIMATE Agent[06] VILLAGER
5,talk,16,1,12,Skip
5,talk,17,1,3,Skip
5,talk,18,2,8,ESTIMATE Agent[01] WEREWOLF
5,talk,19,2,15,Over
5,talk,20,2,12,ESTIMATE Agent[15] WEREWOLF
5,talk,21,2,6,Over
5,talk,22,2,4,ESTIMATE Agent[08] WEREWOLF
5,talk,23,2,9,ESTIMATE Agent[07] WEREWOLF
5,talk,24,2,3,Over
5,talk,25,2,7,ESTIMATE Agent[03] VILLAGER
5,talk,26,2,1,Skip
5,talk,27,3,6,VOTE Agent[09]
5,talk,28,3,1,VOTE Agent[08]
5,talk,29,3,8,VOTE Agent[01]
5,talk,30,3,3,VOTE Agent[12]
5,talk,31,3,9,VOTE Agent[06]
5,talk,32,3,4,VOTE Agent[03]
5,talk,33,3,12,VOTE Agent[07]
5,talk,34,3,7,VOTE Agent[12]
5,talk,35,3,15,Over
5,talk,36,4,3,Skip
5,talk,37,4,6,VOTE Agent[07]
5,talk,38,4,4,ESTIMATE Agent[12] VILLAGER
5,talk,39,4,15,Over
5,talk,40,4,8,VOTE Agent[06]
5,talk,41,4,12,ESTIMATE Agent[15] VILLAGER
5,talk,42,4,1,ESTIMATE Agent[08] WEREWOLF
5,talk,43,4,9,BECAUSE (Agent[06] VOTED Agent[09]) (REQUEST ANY (VOTE Agent[06]))
5,talk,44,4,7,ESTIMATE Agent[08] WEREWOLF
5,talk,45,5,3,VOTE Agent[06]
5,talk,46,5,8,VOTE Agent[07]
5,talk,47,5,15,Over
5,talk,48,5,4,ESTIMATE Agent[15] VILLAGER
5,talk,49,5,12,ESTIMATE Agent[09] WEREWOLF
5,talk,50,5,9,VOTE Agent[12]
5,talk,51,5,6,Skip
5,talk,52,5,7,ESTIMATE Agent[15] WEREWOLF
5,talk,53,5,1,ESTIMATE Agent[15] WEREWOLF
5,talk,54,6,12,ESTIMATE Agent[03] VILLAGER
5,talk,55,6,9,DISAGREE TALK day5 ID:10
5,talk,56,6,6,VOTE Agent[08]
5,talk,57,6,4,VOTE Agent[12]
5,talk,58,6,8,Skip
5,talk,59,6,15,Over
5,talk,60,6,7,ESTIMATE Agent[06] VILLAGER
5,talk,61,6,3,ESTIMATE Agent[07] VILLAGER
5,talk,62,6,1,ESTIMATE Agent[06] WEREWOLF
5,talk,63,7,8,VOTE Agent[06]
5,talk,64,7,7,VOTE Agent[08]
5,talk,65,7,1,Skip
5,talk,66,7,6,Skip
5,talk,67,7,12,VOTE Agent[08]
5,talk,68,7,3,VOTE Agent[08]
5,talk,69,7,15,Over
5,talk,70,7,9,ESTIMATE Agent[15] WEREWOLF
5,talk,71,7,4,VOTE Agent[07]
5,talk,72,8,3,ESTIMATE Agent[15] WEREWOLF
5,talk,73,8,4,ESTIMATE Agent[15] VILLAGER
5,talk,74,8,7,ESTIMATE Agent[04] VILLAGER
5,talk,75,8,12,Skip
5,talk,76,8,9,DISAGREE TALK day5 ID:11
5,talk,77,8,1,Skip
5,talk,78,8,6,Skip
5,talk,79,8,8,VOTE Agent[04]
5,talk,80,8,15,Over
5,talk,81,9,8,Over
5,talk,82,9,12,Over
5,talk,83,9,9,Over
5,talk,84,9,4,Over
5,talk,85,9,3,Over
5,talk,86,9,1,Over
5,talk,87,9,6,Over
5,talk,88,9,15,Over
5,talk,89,9,7,Over
5,vote,1,8
5,vote,3,8
5,vote,4,7
5,vote,6,8
5,vote,7,8
5,vote,8,4
5,vote,9,12
5,vote,12,8
5,vote,15,1
5,execute,8,MEDIUM
5,whisper,0,0,9,Over
5,whisper,1,0,6,Over
5,guard,7,3,VILLAGER
5,attackVote,6,3
5,attackVote,9,3
5,attack,3,false
6,status,1,VILLAGER,ALIVE,wasabi61
6,status,2,VILLAGER,DEAD,wasabi51
6,status,3,VILLAGER,ALIVE,wasabi81
6,status,4,VILLAGER,ALIVE,wasabi71
6,status,5,WEREWOLF,DEAD,wasabi21
6,status,6,WEREWOLF,ALIVE,wasabi11
6,status,7,BODYGUARD,ALIVE,wasabi41
6,status,8,MEDIUM,DEAD,wasabi31
6,status,9,WEREWOLF,ALIVE,wasabi4
6,status,10,POSSESSED,DEAD,wasabi3
6,status,11,SEER,DEAD,wasabi5
6,status,12,VILLAGER,ALIVE,wasabi91
6,status,13,VILLAGER,DEAD,wasabi2
6,status,14,VILLAGER,DEAD,wasabi1
6,status,15,VILLAGER,ALIVE,HALUemon
6,talk,0,0,12,ESTIMATE Agent[04] VILLAGER
6,talk,1,0,4,Skip
6,talk,2,0,1,ESTIMATE Agent[04] WEREWOLF
6,talk,3,0,3,ESTIMATE Agent[06] WEREWOLF
6,talk,4,0,15,Skip
6,talk,5,0,6,Skip
6,talk,6,0,9,Skip
6,talk,7,0,7,Skip
6,talk,8,1,3,Skip
6,talk,9,1,6,Skip
6,talk,10,1,12,Skip
6,talk,11,1,4,Skip
6,talk,12,1,9,Skip
6,talk,13,1,15,Skip
6,talk,14,1,7,ESTIMATE Agent[12] WEREWOLF
6,talk,15,1,1,Skip
6,talk,16,2,9,Over
6,talk,17,2,6,ESTIMATE Agent[15] VILLAGER
6,talk,18,2,1,ESTIMATE Agent[04] WEREWOLF
6,talk,19,2,15,Over
6,talk,20,2,3,Skip
6,talk,21,2,4,ESTIMATE Agent[06] VILLAGER
6,talk,22,2,7,Skip
6,talk,23,2,12,ESTIMATE Agent[09] WEREWOLF
6,talk,24,3,1,VOTE Agent[04]
6,talk,25,3,15,Over
6,talk,26,3,12,VOTE Agent[07]
6,talk,27,3,7,VOTE Agent[12]
6,talk,28,3,6,VOTE Agent[09]
6,talk,29,3,3,VOTE Agent[15]
6,talk,30,3,9,VOTE Agent[07]
6,talk,31,3,4,VOTE Agent[03]
6,talk,32,4,7,VOTE Agent[15]
6,talk,33,4,9,BECAUSE (Agent[06] VOTED Agent[09]) (REQUEST ANY (VOTE Agent[06]))
6,talk,34,4,12,Skip
6,talk,35,4,1,VOTE Agent[07]
6,talk,36,4,6,VOTE Agent[12]
6,talk,37,4,4,VOTE Agent[09]
6,talk,38,4,15,Over
6,talk,39,4,3,Skip
6,talk,40,5,1,ESTIMATE Agent[15] WEREWOLF
6,talk,41,5,6,VOTE Agent[04]
6,talk,42,5,3,Skip
6,talk,43,5,7,VOTE Agent[09]
6,talk,44,5,12,ESTIMATE Agent[09] WEREWOLF
6,talk,45,5,4,VOTE Agent[07]
6,talk,46,5,15,Over
6,talk,47,5,9,DISAGREE TALK day6 ID:17
6,talk,48,6,9,VOTE Agent[06]
6,talk,49,6,3,ESTIMATE Agent[07] VILLAGER
6,talk,50,6,4,ESTIMATE Agent[01] VILLAGER
6,talk,51,6,7,VOTE Agent[06]
6,talk,52,6,15,Over
6,talk,53,6,1,VOTE Agent[15]
6,talk,54,6,12,VOTE Agent[09]
6,talk,55,6,6,ESTIMATE Agent[15] VILLAGER
6,talk,56,7,12,ESTIMATE Agent[06] VILLAGER
6,talk,57,7,3,Skip
6,talk,58,7,1,ESTIMATE Agent[15] WEREWOLF
6,talk,59,7,6,ESTIMATE Agent[09] VILLAGER
6,talk,60,7,9,ESTIMATE Agent[06] WEREWOLF
6,talk,61,7,4,VOTE Agent[03]
6,talk,62,7,7,VOTE Agent[15]
6,talk,63,7,15,Over
6,talk,64,8,9,VOTE Agent[15]
6,talk,65,8,4,Skip
6,talk,66,8,6,VOTE Agent[09]
6,talk,67,8,3,ESTIMATE Agent[12] WEREWOLF
6,talk,68,8,15,Over
6,talk,69,8,12,ESTIMATE Agent[01] VILLAGER
6,talk,70,8,1,ESTIMATE Agent[15] WEREWOLF
6,talk,71,8,7,VOTE Agent[09]
6,talk,72,9,7,Over
6,talk,73,9,1,Over
6,talk,74,9,15,Over
6,talk,75,9,3,Over
6,talk,76,9,12,Over
6,talk,77,9,4,Over
6,talk,78,9,6,Over
6,talk,79,9,9,Over
6,vote,1,15
6,vote,3,15
6,vote,4,3
6,vote,6,9
6,vote,7,9
6,vote,9,15
6,vote,12,9
6,vote,15,1
6,vote,1,15
6,vote,3,15
6,vote,4,1
6,vote,6,9
6,vote,7,9
6,vote,9,15
6,vote,12,9
6,vote,15,1
6,execute,9,WEREWOLF
6,guard,7,6,WEREWOLF
6,attackVote,6,4
6,attack,4,true
7,status,1,VILLAGER,ALIVE,wasabi61
7,status,2,VILLAGER,DEAD,wasabi51
7,status,3,VILLAGER,ALIVE,wasabi81
7,status,4,VILLAGER,DEAD,wasabi71
7,status,5,WEREWOLF,DEAD,wasabi21
7,status,6,WEREWOLF,ALIVE,wasabi11
7,status,7,BODYGUARD,ALIVE,wasabi41
7,status,8,MEDIUM,DEAD,wasabi31
7,status,9,WEREWOLF,DEAD,wasabi4
7,status,10,POSSESSED,DEAD,wasabi3
7,status,11,SEER,DEAD,wasabi5
7,status,12,VILLAGER,ALIVE,wasabi91
7,status,13,VILLAGER,DEAD,wasabi2
7,status,14,VILLAGER,DEAD,wasabi1
7,status,15,VILLAGER,ALIVE,HALUemon
7,talk,0,0,1,ESTIMATE Agent[15] WEREWOLF
7,talk,1,0,3,ESTIMATE Agent[12] VILLAGER
7,talk,2,0,15,Skip
7,talk,3,0,6,ESTIMATE Agent[12] VILLAGER
7,talk,4,0,12,ESTIMATE Agent[03] WEREWOLF
7,talk,5,0,7,Skip
7,talk,6,1,1,ESTIMATE Agent[12] WEREWOLF
7,talk,7,1,12,ESTIMATE Agent[03] WEREWOLF
7,talk,8,1,3,Skip
7,talk,9,1,6,Skip
7,talk,10,1,7,ESTIMATE Agent[15] VILLAGER
7,talk,11,1,15,Skip
7,talk,12,2,7,ESTIMATE Agent[12] VILLAGER
7,talk,13,2,12,Skip
7,talk,14,2,1,Skip
7,talk,15,2,3,ESTIMATE Agent[15] WEREWOLF
7,talk,16,2,15,Over
7,talk,17,2,6,Skip
7,talk,18,3,3,VOTE Agent[12]
7,talk,19,3,6,VOTE Agent[07]
7,talk,20,3,15,Over
7,talk,21,3,7,VOTE Agent[03]
7,talk,22,3,12,VOTE Agent[07]
7,talk,23,3,1,VOTE Agent[12]
7,talk,24,4,12,ESTIMATE Agent[03] WEREWOLF
7,talk,25,4,3,ESTIMATE Agent[15] VILLAGER
7,talk,26,4,15,Over
7,talk,27,4,6,VOTE Agent[12]
7,talk,28,4,1,VOTE Agent[07]
7,talk,29,4,7,VOTE Agent[12]
7,talk,30,5,1,VOTE Agent[03]
7,talk,31,5,15,Over
7,talk,32,5,6,VOTE Agent[15]
7,talk,33,5,3,Skip
7,talk,34,5,12,ESTIMATE Agent[06] VILLAGER
7,talk,35,5,7,ESTIMATE Agent[06] VILLAGER
7,talk,36,6,12,ESTIMATE Agent[15] VILLAGER
7,talk,37,6,1,VOTE Agent[07]
7,talk,38,6,15,Over
7,talk,39,6,7,VOTE Agent[01]
7,talk,40,6,3,Skip
7,talk,41,6,6,VOTE Agent[12]
7,talk,42,7,6,ESTIMATE Agent[15] WEREWOLF
7,talk,43,7,7,Skip
7,talk,44,7,12,ESTIMATE Agent[01] WEREWOLF
7,talk,45,7,15,Over
7,talk,46,7,1,Skip
7,talk,47,7,3,Over
7,talk,48,8,7,Skip
7,talk,49,8,15,Over
7,talk,50,8,3,VOTE Agent[07]
7,talk,51,8,6,ESTIMATE Agent[12] VILLAGER
7,talk,52,8,12,Skip
7,talk,53,8,1,Skip
7,talk,54,9,12,Over
7,talk,55,9,3,Over
7,talk,56,9,6,Over
7,talk,57,9,1,Over
7,talk,58,9,7,Over
7,talk,59,9,15,Over
7,vote,1,7
7,vote,3,7
7,vote,6,12
7,vote,7,1
7,vote,12,7
7,vote,15,1
7,execute,7,BODYGUARD
7,attackVote,6,3
7,attack,3,true
8,status,1,VILLAGER,ALIVE,wasabi61
8,status,2,VILLAGER,DEAD,wasabi51
8,status,3,VILLAGER,DEAD,wasabi81
8,status,4,VILLAGER,DEAD,wasabi71
8,status,5,WEREWOLF,DEAD,wasabi21
8,status,6,WEREWOLF,ALIVE,wasabi11
8,status,7,BODYGUARD,DEAD,wasabi41
8,status,8,MEDIUM,DEAD,wasabi31
8,status,9,WEREWOLF,DEAD,wasabi4
8,status,10,POSSESSED,DEAD,wasabi3
8,status,11,SEER,DEAD,wasabi5
8,status,12,VILLAGER,ALIVE,wasabi91
8,status,13,VILLAGER,DEAD,wasabi2
8,status,14,VILLAGER,DEAD,wasabi1
8,status,15,VILLAGER,ALIVE,HALUemon
8,talk,0,0,1,ESTIMATE Agent[12] VILLAGER
8,talk,1,0,12,ESTIMATE Agent[15] WEREWOLF
8,talk,2,0,15,Skip
8,talk,3,0,6,ESTIMATE Agent[15] WEREWOLF
8,talk,4,1,12,Skip
8,talk,5,1,1,Skip
8,talk,6,1,6,ESTIMATE Agent[15] VILLAGER
8,talk,7,1,15,Skip
8,talk,8,2,15,Over
8,talk,9,2,6,Skip
8,talk,10,2,1,ESTIMATE Agent[15] WEREWOLF
8,talk,11,2,12,ESTIMATE Agent[01] WEREWOLF
8,talk,12,3,1,VOTE Agent[12]
8,talk,13,3,12,VOTE Agent[01]
8,talk,14,3,15,Over
8,talk,15,3,6,VOTE Agent[12]
8,talk,16,4,6,VOTE Agent[15]
8,talk,17,4,1,Skip
8,talk,18,4,12,ESTIMATE Agent[15] VILLAGER
8,talk,19,4,15,Over
8,talk,20,5,12,Skip
8,talk,21,5,1,VOTE Agent[15]
8,talk,22,5,15,Over
8,talk,23,5,6,VOTE Agent[12]
8,talk,24,6,15,Over
8,talk,25,6,1,VOTE Agent[12]
8,talk,26,6,6,VOTE Agent[15]
8,talk,27,6,12,REQUEST ANY (VOTE Agent[01])
8,talk,28,7,1,VOTE Agent[15]
8,talk,29,7,15,Over
8,talk,30,7,12,ESTIMATE Agent[06] VILLAGER
8,talk,31,7,6,ESTIMATE Agent[01] VILLAGER
8,talk,32,8,15,Over
8,talk,33,8,1,ESTIMATE Agent[15] WEREWOLF
8,talk,34,8,12,ESTIMATE Agent[15] VILLAGER
8,talk,35,8,6,ESTIMATE Agent[12] VILLAGER
8,talk,36,9,15,Over
8,talk,37,9,6,Over
8,talk,38,9,12,Over
8,talk,39,9,1,Over
8,vote,1,15
8,vote,6,15
8,vote,12,1
8,vote,15,1
8,vote,1,12
8,vote,6,1
8,vote,12,1
8,vote,15,1
8,execute,1,VILLAGER
8,attackVote,6,12
8,attack,12,true
9,status,1,VILLAGER,DEAD,wasabi61
9,status,2,VILLAGER,DEAD,wasabi51
9,status,3,VILLAGER,DEAD,wasabi81
9,status,4,VILLAGER,DEAD,wasabi71
9,status,5,WEREWOLF,DEAD,wasabi21
9,status,6,WEREWOLF,ALIVE,wasabi11
9,status,7,BODYGUARD,DEAD,wasabi41
9,status,8,MEDIUM,DEAD,wasabi31
9,status,9,WEREWOLF,DEAD,wasabi4
9,status,10,POSSESSED,DEAD,wasabi3
9,status,11,SEER,DEAD,wasabi5
9,status,12,VILLAGER,DEAD,wasabi91
9,status,13,VILLAGER,DEAD,wasabi2
9,status,14,VILLAGER,DEAD,wasabi1
9,status,15,VILLAGER,ALIVE,HALUemon
9,result,1,1,WEREWOLF
