0,status,1,VILLAGER,ALIVE,wasabi61
0,status,2,VILLAGER,ALIVE,wasabi51
0,status,3,VILLAGER,ALIVE,wasabi81
0,status,4,VILLAGER,ALIVE,wasabi71
0,status,5,WEREWOLF,ALIVE,wasabi21
0,status,6,WEREWOLF,ALIVE,wasabi11
0,status,7,BODYGUARD,ALIVE,wasabi41
0,status,8,MEDIUM,ALIVE,wasabi31
0,status,9,WEREWOLF,ALIVE,wasabi4
0,status,10,POSSESSED,ALIVE,wasabi3
0,status,11,SEER,ALIVE,wasabi5
0,status,12,VILLAGER,ALIVE,wasabi91
0,status,13,VILLAGER,ALIVE,wasabi2
0,status,14,VILLAGER,ALIVE,wasabi1
0,status,15,VILLAGER,ALIVE,HALUemon
0,whisper,0,0,6,ATTACK Agent[03]
0,whisper,1,0,9,ATTACK Agent[12]
0,whisper,2,0,5,Over
0,whisper,3,1,5,Over
0,whisper,4,1,6,Over
0,whisper,5,1,9,Over
0,divine,11,6,WEREWOLF
1,status,1,VILLAGER,ALIVE,wasabi61
1,status,2,VILLAGER,ALIVE,wasabi51
1,status,3,VILLAGER,ALIVE,wasabi81
1,status,4,VILLAGER,ALIVE,wasabi71
1,status,5,WEREWOLF,ALIVE,wasabi21
1,status,6,WEREWOLF,ALIVE,wasabi11
1,status,7,BODYGUARD,ALIVE,wasabi41
1,status,8,MEDIUM,ALIVE,wasabi31
1,status,9,WEREWOLF,ALIVE,wasabi4
1,status,10,POSSESSED,ALIVE,wasabi3
1,status,11,SEER,ALIVE,wasabi5
1,status,12,VILLAGER,ALIVE,wasabi91
1,status,13,VILLAGER,ALIVE,wasabi2
1,status,14,VILLAGER,ALIVE,wasabi1
1,status,15,VILLAGER,ALIVE,HALUemon
1,talk,0,0,13,ESTIMATE Agent[05] WEREWOLF
1,talk,1,0,1,ESTIMATE Agent[12] WEREWOLF
1,talk,2,0,10,COMINGOUT Agent[10] SEER
1,talk,3,0,7,ESTIMATE Agent[04] WEREWOLF
1,talk,4,0,3,ESTIMATE Agent[05] VILLAGER
1,talk,5,0,2,ESTIMATE Agent[11] WEREWOLF
1,talk,6,0,11,COMINGOUT Agent[11] SEER
1,talk,7,0,9,ESTIMATE Agent[05] WEREWOLF
1,talk,8,0,8,COMINGOUT Agent[08] MEDIUM
1,talk,9,0,15,Skip
1,talk,10,0,5,ESTIMATE Agent[03] VILLAGER
1,talk,11,0,6,Skip
1,talk,12,0,12,ESTIMATE Agent[11] VILLAGER
1,talk,13,0,14,ESTIMATE Agent[02] VILLAGER
1,talk,14,0,4,ESTIMATE Agent[01] WEREWOLF
1,talk,15,1,1,ESTIMATE Agent[05] WEREWOLF
1,talk,16,1,5,Skip
1,talk,17,1,7,ESTIMATE Agent[14] VILLAGER
1,talk,18,1,9,AGREE TALK day1 ID:3
1,talk,19,1,6,ESTIMATE Agent[04] WEREWOLF
1,talk,20,1,13,AGREE TALK day1 ID:5
1,talk,21,1,11,DIVINED Agent[06] WEREWOLF
1,talk,22,1,12,ESTIMATE Agent[01] VILLAGER
1,talk,23,1,10,DIVINED Agent[07] HUMAN
1,talk,24,1,2,ESTIMATE Agent[06] VILLAGER
1,talk,25,1,3,ESTIMATE Agent[02] WEREWOLF
1,talk,26,1,14,ESTIMATE Agent[08] MEDIUM
1,talk,27,1,4,ESTIMATE Agent[08] MEDIUM
1,talk,28,1,15,Skip
1,talk,29,1,8,Skip
1,talk,30,2,2,ESTIMATE Agent[06] WEREWOLF
1,talk,31,2,12,ESTIMATE Agent[06] WEREWOLF
1,talk,32,2,13,Skip
1,talk,33,2,7,Skip
1,talk,34,2,15,Over
1,talk,35,2,6,ESTIMATE Agent[03] WEREWOLF
1,talk,36,2,3,ESTIMATE Agent[04] WEREWOLF
1,talk,37,2,4,ESTIMATE Agent[06] WEREWOLF
1,talk,38,2,9,ESTIMATE Agent[01] WEREWOLF
1,talk,39,2,1,ESTIMATE Agent[15] WEREWOLF
1,talk,40,2,11,Skip
1,talk,41,2,10,DISAGREE TALK day1 ID:13
1,talk,42,2,14,Skip
1,talk,43,2,5,ESTIMATE Agent[06] WEREWOLF
1,talk,44,2,8,ESTIMATE Agent[04] WEREWOLF
1,talk,45,3,8,VOTE Agent[06]
1,talk,46,3,2,VOTE Agent[06]
1,talk,47,3,7,VOTE Agent[06]
1,talk,48,3,11,VOTE Agent[06]
1,talk,49,3,6,VOTE Agent[11]
1,talk,50,3,9,VOTE Agent[06]
1,talk,51,3,1,VOTE Agent[06]
1,talk,52,3,5,VOTE Agent[06]
1,talk,53,3,12,VOTE Agent[06]
1,talk,54,3,4,VOTE Agent[06]
1,talk,55,3,14,VOTE Agent[06]
1,talk,56,3,13,VOTE Agent[06]
1,talk,57,3,15,Over
1,talk,58,3,3,VOTE Agent[06]
1,talk,59,3,10,VOTE Agent[01]
1,talk,60,4,15,Over
1,talk,61,4,12,Skip
1,talk,62,4,14,Skip
1,talk,63,4,10,Skip
1,talk,64,4,11,BECAUSE (Agent[06] VOTED Agent[11]) (REQUEST ANY (VOTE Agent[06]))
1,talk,65,4,9,Skip
1,talk,66,4,1,Skip
1,talk,67,4,2,ESTIMATE Agent[10] WEREWOLF
1,talk,68,4,7,ESTIMATE Agent[13] VILLAGER
1,talk,69,4,3,ESTIMATE Agent[01] WEREWOLF
1,talk,70,4,5,Skip
1,talk,71,4,4,ESTIMATE Agent[06] WEREWOLF
1,talk,72,4,8,ESTIMATE Agent[03] WEREWOLF
1,talk,73,4,13,ESTIMATE Agent[05] VILLAGER
1,talk,74,4,6,ESTIMATE Agent[02] WEREWOLF
1,talk,75,5,11,Skip
1,talk,76,5,13,AGREE TALK day1 ID:67
1,talk,77,5,3,ESTIMATE Agent[06] WEREWOLF
1,talk,78,5,6,Skip
1,talk,79,5,2,ESTIMATE Agent[10] WEREWOLF
1,talk,80,5,8,ESTIMATE Agent[03] VILLAGER
1,talk,81,5,4,ESTIMATE Agent[11] WEREWOLF
1,talk,82,5,1,ESTIMATE Agent[02] VILLAGER
1,talk,83,5,12,ESTIMATE Agent[01] WEREWOLF
1,talk,84,5,10,VOTE Agent[06]
1,talk,85,5,15,Over
1,talk,86,5,9,DISAGREE TALK day1 ID:39
1,talk,87,5,5,REQUEST ANY (VOTE Agent[06])
1,talk,88,5,14,DISAGREE TALK day1 ID:0
1,talk,89,5,7,ESTIMATE Agent[04] WEREWOLF
1,talk,90,6,7,ESTIMATE Agent[15] VILLAGER
1,talk,91,6,1,Skip
1,talk,92,6,13,ESTIMATE Agent[10] WEREWOLF
1,talk,93,6,6,ESTIMATE Agent[10] SEER
1,talk,94,6,2,ESTIMATE Agent[11] WEREWOLF
1,talk,95,6,12,ESTIMATE Agent[06] WEREWOLF
1,talk,96,6,5,Skip
1,talk,97,6,9,ESTIMATE Agent[01] WEREWOLF
1,talk,98,6,8,ESTIMATE Agent[11] WEREWOLF
1,talk,99,6,15,Over
1,talk,100,6,4,ESTIMATE Agent[07] VILLAGER
1,talk,101,6,3,Skip
1,talk,102,6,14,ESTIMATE Agent[03] VILLAGER
1,talk,103,6,10,ESTIMATE Agent[11] WEREWOLF
1,talk,104,6,11,AGREE TALK day1 ID:68
1,talk,105,7,14,DISAGREE TALK day1 ID:0
1,talk,106,7,9,AGREE TALK day1 ID:67
1,talk,107,7,8,ESTIMATE Agent[14] VILLAGER
1,talk,108,7,11,Skip
1,talk,109,7,5,Skip
1,talk,110,7,3,REQUEST ANY (VOTE Agent[06])
1,talk,111,7,12,Skip
1,talk,112,7,15,Over
1,talk,113,7,13,DISAGREE TALK day1 ID:24
1,talk,114,7,2,REQUEST ANY (VOTE Agent[06])
1,talk,115,7,6,ESTIMATE Agent[05] WEREWOLF
1,talk,116,7,1,ESTIMATE Agent[12] WEREWOLF
1,talk,117,7,4,ESTIMATE Agent[10] WEREWOLF
1,talk,118,7,7,ESTIMATE Agent[14] VILLAGER
1,talk,119,7,10,AGREE TALK day1 ID:5
1,talk,120,8,11,Skip
1,talk,121,8,1,ESTIMATE Agent[13] WEREWOLF
1,talk,122,8,5,ESTIMATE Agent[06] WEREWOLF
1,talk,123,8,15,Over
1,talk,124,8,4,ESTIMATE Agent[14] VILLAGER
1,talk,125,8,14,ESTIMATE Agent[12] VILLAGER
1,talk,126,8,7,Skip
1,talk,127,8,8,ESTIMATE Agent[11] WEREWOLF
1,talk,128,8,2,ESTIMATE Agent[09] WEREWOLF
1,talk,129,8,3,ESTIMATE Agent[14] VILLAGER
1,talk,130,8,9,ESTIMATE Agent[13] WEREWOLF
1,talk,131,8,12,ESTIMATE Agent[10] WEREWOLF
1,talk,132,8,13,ESTIMATE Agent[11] WEREWOLF
1,talk,133,8,10,VOTE Agent[14]
1,talk,134,8,6,Skip
1,talk,135,9,11,Over
1,talk,136,9,15,Over
1,talk,137,9,9,Over
1,talk,138,9,13,Over
1,talk,139,9,5,Over
1,talk,140,9,6,Over
1,talk,141,9,7,Over
1,talk,142,9,14,Over
1,talk,143,9,8,Over
1,talk,144,9,10,Over
1,talk,145,9,3,Over
1,talk,146,9,12,Over
1,talk,147,9,2,Over
1,talk,148,9,4,Over
1,talk,149,9,1,Over
1,vote,1,6
1,vote,2,6
1,vote,3,6
1,vote,4,6
1,vote,5,6
1,vote,6,11
1,vote,7,6
1,vote,8,6
1,vote,9,6
1,vote,10,14
1,vote,11,6
1,vote,12,6
1,vote,13,6
1,vote,14,6
1,vote,15,1
1,execute,6,WEREWOLF
1,divine,11,15,HUMAN
1,whisper,0,0,5,Over
1,whisper,1,0,9,Over
1,guard,7,11,SEER
1,attackVote,5,10
1,attackVote,9,11
1,attackVote,5,11
1,attackVote,9,10
1,attack,11,false
2,status,1,VILLAGER,ALIVE,wasabi61
2,status,2,VILLAGER,ALIVE,wasabi51
2,status,3,VILLAGER,ALIVE,wasabi81
2,status,4,VILLAGER,ALIVE,wasabi71
2,status,5,WEREWOLF,ALIVE,wasabi21
2,status,6,WEREWOLF,DEAD,wasabi11
2,status,7,BODYGUARD,ALIVE,wasabi41
2,status,8,MEDIUM,ALIVE,wasabi31
2,status,9,WEREWOLF,ALIVE,wasabi4
2,status,10,POSSESSED,ALIVE,wasabi3
2,status,11,SEER,ALIVE,wasabi5
2,status,12,VILLAGER,ALIVE,wasabi91
2,status,13,VILLAGER,ALIVE,wasabi2
2,status,14,VILLAGER,ALIVE,wasabi1
2,status,15,VILLAGER,ALIVE,HALUemon
2,talk,0,0,2,ESTIMATE Agent[11] WEREWOLF
2,talk,1,0,15,Skip
2,talk,2,0,8,IDENTIFIED Agent[06] WEREWOLF
2,talk,3,0,3,Skip
2,talk,4,0,13,ESTIMATE Agent[08] MEDIUM
2,talk,5,0,14,ESTIMATE Agent[12] VILLAGER
2,talk,6,0,7,ESTIMATE Agent[12] VILLAGER
2,talk,7,0,11,DIVINED Agent[15] HUMAN
2,talk,8,0,10,DIVINED Agent[01] HUMAN
2,talk,9,0,12,ESTIMATE Agent[11] WEREWOLF
2,talk,10,0,9,ESTIMATE Agent[10] WEREWOLF
2,talk,11,0,5,ESTIMATE Agent[10] WEREWOLF
2,talk,12,0,1,ESTIMATE Agent[02] WEREWOLF
2,talk,13,0,4,Skip
2,talk,14,1,8,Skip
2,talk,15,1,1,Skip
2,talk,16,1,5,ESTIMATE Agent[10] WEREWOLF
2,talk,17,1,9,Skip
2,talk,18,1,4,ESTIMATE Agent[11] WEREWOLF
2,talk,19,1,13,AGREE TALK day2 ID:0
2,talk,20,1,3,Skip
2,talk,21,1,14,ESTIMATE Agent[03] VILLAGER
2,talk,22,1,11,Skip
2,talk,23,1,10,ESTIMATE Agent[14] WEREWOLF
2,talk,24,1,15,Skip
2,talk,25,1,12,Skip
2,talk,26,1,2,ESTIMATE Agent[11] WEREWOLF
2,talk,27,1,7,ESTIMATE Agent[14] WEREWOLF
2,talk,28,2,10,AGREE TALK day2 ID:0
2,talk,29,2,15,Over
2,talk,30,2,4,ESTIMATE Agent[07] VILLAGER
2,talk,31,2,2,ESTIMATE Agent[13] WEREWOLF
2,talk,32,2,11,Skip
2,talk,33,2,14,ESTIMATE Agent[01] VILLAGER
2,talk,34,2,12,ESTIMATE Agent[13] VILLAGER
2,talk,35,2,1,ESTIMATE Agent[09] WEREWOLF
2,talk,36,2,13,ESTIMATE Agent[14] VILLAGER
2,talk,37,2,9,Skip
2,talk,38,2,8,ESTIMATE Agent[01] VILLAGER
2,talk,39,2,3,ESTIMATE Agent[15] VILLAGER
2,talk,40,2,5,ESTIMATE Agent[09] WEREWOLF
2,talk,41,2,7,ESTIMATE Agent[03] VILLAGER
2,talk,42,3,15,Over
2,talk,43,3,4,VOTE Agent[05]
2,talk,44,3,8,VOTE Agent[05]
2,talk,45,3,11,VOTE Agent[05]
2,talk,46,3,7,VOTE Agent[02]
2,talk,47,3,12,VOTE Agent[09]
2,talk,48,3,10,VOTE Agent[09]
2,talk,49,3,2,VOTE Agent[14]
2,talk,50,3,9,VOTE Agent[12]
2,talk,51,3,5,VOTE Agent[02]
2,talk,52,3,3,VOTE Agent[05]
2,talk,53,3,14,VOTE Agent[09]
2,talk,54,3,1,VOTE Agent[09]
2,talk,55,3,13,VOTE Agent[02]
2,talk,56,4,1,VOTE Agent[02]
2,talk,57,4,9,BECAUSE (Agent[12] VOTED Agent[09]) (REQUEST ANY (VOTE Agent[12]))
2,talk,58,4,15,Over
2,talk,59,4,3,ESTIMATE Agent[04] VILLAGER
2,talk,60,4,8,VOTE Agent[02]
2,talk,61,4,11,VOTE Agent[12]
2,talk,62,4,2,VOTE Agent[03]
2,talk,63,4,4,ESTIMATE Agent[12] VILLAGER
2,talk,64,4,5,Skip
2,talk,65,4,14,BECAUSE (Agent[02] VOTED Agent[14]) (REQUEST ANY (VOTE Agent[02]))
2,talk,66,4,10,Skip
2,talk,67,4,7,ESTIMATE Agent[12] VILLAGER
2,talk,68,4,13,VOTE Agent[09]
2,talk,69,4,12,ESTIMATE Agent[02] VILLAGER
2,talk,70,5,4,ESTIMATE Agent[13] WEREWOLF
2,talk,71,5,9,DISAGREE TALK day2 ID:12
2,talk,72,5,2,VOTE Agent[13]
2,talk,73,5,14,AGREE TALK day2 ID:39
2,talk,74,5,5,VOTE Agent[09]
2,talk,75,5,8,VOTE Agent[03]
2,talk,76,5,15,Over
2,talk,77,5,10,VOTE Agent[02]
2,talk,78,5,7,Skip
2,talk,79,5,11,DISAGREE TALK day2 ID:12
2,talk,80,5,13,AGREE TALK day2 ID:39
2,talk,81,5,3,VOTE Agent[12]
2,talk,82,5,12,Skip
2,talk,83,5,1,Skip
2,talk,84,6,15,Over
2,talk,85,6,10,VOTE Agent[14]
2,talk,86,6,12,VOTE Agent[02]
2,talk,87,6,1,VOTE Agent[14]
2,talk,88,6,11,ESTIMATE Agent[01] VILLAGER
2,talk,89,6,8,VOTE Agent[14]
2,talk,90,6,7,VOTE Agent[12]
2,talk,91,6,4,ESTIMATE Agent[02] WEREWOLF
2,talk,92,6,9,VOTE Agent[02]
2,talk,93,6,2,ESTIMATE Agent[12] WEREWOLF
2,talk,94,6,13,BECAUSE (Agent[02] VOTED Agent[13]) (REQUEST ANY (VOTE Agent[02]))
2,talk,95,6,14,VOTE Agent[13]
2,talk,96,6,3,VOTE Agent[14]
2,talk,97,6,5,ESTIMATE Agent[14] VILLAGER
2,talk,98,7,3,VOTE Agent[02]
2,talk,99,7,12,Skip
2,talk,100,7,9,VOTE Agent[05]
2,talk,101,7,15,Over
2,talk,102,7,13,VOTE Agent[14]
2,talk,103,7,4,VOTE Agent[03]
2,talk,104,7,1,VOTE Agent[13]
2,talk,105,7,2,REQUEST ANY (DIVINATION Agent[03])
2,talk,106,7,5,VOTE Agent[02]
2,talk,107,7,11,VOTE Agent[02]
2,talk,108,7,7,ESTIMATE Agent[15] VILLAGER
2,talk,109,7,14,VOTE Agent[03]
2,talk,110,7,10,ESTIMATE Agent[05] WEREWOLF
2,talk,111,7,8,VOTE Agent[12]
2,talk,112,8,9,VOTE Agent[13]
2,talk,113,8,8,VOTE Agent[13]
2,talk,114,8,12,ESTIMATE Agent[03] VILLAGER
2,talk,115,8,10,AGREE TALK day2 ID:0
2,talk,116,8,14,VOTE Agent[13]
2,talk,117,8,15,Over
2,talk,118,8,2,REQUEST ANY (DIVINATION Agent[04])
2,talk,119,8,5,ESTIMATE Agent[10] WEREWOLF
2,talk,120,8,3,VOTE Agent[12]
2,talk,121,8,7,VOTE Agent[02]
2,talk,122,8,13,ESTIMATE Agent[03] WEREWOLF
2,talk,123,8,1,VOTE Agent[12]
2,talk,124,8,4,ESTIMATE Agent[10] WEREWOLF
2,talk,125,8,11,AGREE TALK day2 ID:35
2,talk,126,9,5,Over
2,talk,127,9,11,Over
2,talk,128,9,7,Over
2,talk,129,9,2,Over
2,talk,130,9,12,Over
2,talk,131,9,14,Over
2,talk,132,9,13,Over
2,talk,133,9,15,Over
2,talk,134,9,10,Over
2,talk,135,9,8,Over
2,talk,136,9,4,Over
2,talk,137,9,3,Over
2,talk,138,9,9,Over
2,talk,139,9,1,Over
2,vote,1,12
2,vote,2,13
2,vote,3,12
2,vote,4,3
2,vote,5,2
2,vote,7,2
2,vote,8,13
2,vote,9,13
2,vote,10,14
2,vote,11,2
2,vote,12,2
2,vote,13,14
2,vote,14,13
2,vote,15,1
2,vote,1,13
2,vote,2,13
2,vote,3,13
2,vote,4,9
2,vote,5,2
2,vote,7,2
2,vote,8,13
2,vote,9,13
2,vote,10,13
2,vote,11,2
2,vote,12,2
2,vote,13,3
2,vote,14,13
2,vote,15,1
2,execute,13,VILLAGER
2,divine,11,14,HUMAN
2,whisper,0,0,5,ATTACK Agent[10]
2,whisper,1,0,9,Over
2,whisper,2,1,9,ATTACK Agent[10]
2,whisper,3,1,5,Over
2,whisper,4,2,5,Over
2,whisper,5,2,9,VOTE Agent[03]
2,whisper,6,3,9,VOTE Agent[02]
2,whisper,7,3,5,Over
2,whisper,8,4,5,Over
2,whisper,9,4,9,ATTACK Agent[11]
2,whisper,10,5,9,ATTACK Agent[10]
2,whisper,11,5,5,Over
2,whisper,12,6,9,ATTACK Agent[11]
2,whisper,13,6,5,Over
2,whisper,14,7,5,Over
2,whisper,15,7,9,Over
2,guard,7,11,SEER
2,attackVote,5,10
2,attackVote,9,11
2,attackVote,5,11
2,attackVote,9,10
2,attack,11,false
3,status,1,VILLAGER,ALIVE,wasabi61
3,status,2,VILLAGER,ALIVE,wasabi51
3,status,3,VILLAGER,ALIVE,wasabi81
3,status,4,VILLAGER,ALIVE,wasabi71
3,status,5,WEREWOLF,ALIVE,wasabi21
3,status,6,WEREWOLF,DEAD,wasabi11
3,status,7,BODYGUARD,ALIVE,wasabi41
3,status,8,MEDIUM,ALIVE,wasabi31
3,status,9,WEREWOLF,ALIVE,wasabi4
3,status,10,POSSESSED,ALIVE,wasabi3
3,status,11,SEER,ALIVE,wasabi5
3,status,12,VILLAGER,ALIVE,wasabi91
3,status,13,VILLAGER,DEAD,wasabi2
3,status,14,VILLAGER,ALIVE,wasabi1
3,status,15,VILLAGER,ALIVE,HALUemon
3,talk,0,0,7,ESTIMATE Agent[01] VILLAGER
3,talk,1,0,8,IDENTIFIED Agent[13] HUMAN
3,talk,2,0,3,Skip
3,talk,3,0,9,ESTIMATE Agent[05] VILLAGER
3,talk,4,0,10,DIVINED Agent[02] HUMAN
3,talk,5,0,14,ESTIMATE Agent[12] VILLAGER
3,talk,6,0,15,Skip
3,talk,7,0,1,Skip
3,talk,8,0,5,Skip
3,talk,9,0,2,Skip
3,talk,10,0,11,DIVINED Agent[14] HUMAN
3,talk,11,0,4,ESTIMATE Agent[11] WEREWOLF
3,talk,12,0,12,Skip
3,talk,13,1,10,AGREE TALK day3 ID:11
3,talk,14,1,8,Skip
3,talk,15,1,14,Skip
3,talk,16,1,4,ESTIMATE Agent[11] WEREWOLF
3,talk,17,1,12,Skip
3,talk,18,1,15,Skip
3,talk,19,1,5,Skip
3,talk,20,1,9,ESTIMATE Agent[08] MEDIUM
3,talk,21,1,1,Skip
3,talk,22,1,3,ESTIMATE Agent[07] VILLAGER
3,talk,23,1,2,ESTIMATE Agent[12] WEREWOLF
3,talk,24,1,7,ESTIMATE Agent[02] VILLAGER
3,talk,25,1,11,ESTIMATE Agent[03] WEREWOLF
3,talk,26,2,9,AGREE TALK day3 ID:11
3,talk,27,2,7,ESTIMATE Agent[14] VILLAGER
3,talk,28,2,1,ESTIMATE Agent[11] WEREWOLF
3,talk,29,2,11,ESTIMATE Agent[14] VILLAGER
3,talk,30,2,15,Over
3,talk,31,2,3,ESTIMATE Agent[09] WEREWOLF
3,talk,32,2,4,Skip
3,talk,33,2,10,ESTIMATE Agent[05] WEREWOLF
3,talk,34,2,14,AGREE TALK day3 ID:0
3,talk,35,2,12,ESTIMATE Agent[08] MEDIUM
3,talk,36,2,5,ESTIMATE Agent[11] WEREWOLF
3,talk,37,2,8,Skip
3,talk,38,2,2,ESTIMATE Agent[11] WEREWOLF
3,talk,39,3,3,VOTE Agent[12]
3,talk,40,3,2,VOTE Agent[04]
3,talk,41,3,9,VOTE Agent[03]
3,talk,42,3,14,VOTE Agent[05]
3,talk,43,3,10,VOTE Agent[15]
3,talk,44,3,11,VOTE Agent[04]
3,talk,45,3,7,VOTE Agent[03]
3,talk,46,3,12,VOTE Agent[03]
3,talk,47,3,1,VOTE Agent[12]
3,talk,48,3,5,VOTE Agent[04]
3,talk,49,3,4,VOTE Agent[05]
3,talk,50,3,8,VOTE Agent[05]
3,talk,51,3,15,Over
3,talk,52,4,15,Over
3,talk,53,4,11,Skip
3,talk,54,4,2,Skip
3,talk,55,4,4,Skip
3,talk,56,4,7,VOTE Agent[12]
3,talk,57,4,1,Skip
3,talk,58,4,5,ESTIMATE Agent[12] WEREWOLF
3,talk,59,4,14,VOTE Agent[12]
3,talk,60,4,12,Skip
3,talk,61,4,3,ESTIMATE Agent[15] VILLAGER
3,talk,62,4,8,VOTE Agent[03]
3,talk,63,4,10,VOTE Agent[09]
3,talk,64,4,9,VOTE Agent[04]
3,talk,65,5,5,Skip
3,talk,66,5,1,ESTIMATE Agent[09] WEREWOLF
3,talk,67,5,12,VOTE Agent[09]
3,talk,68,5,2,VOTE Agent[12]
3,talk,69,5,10,VOTE Agent[04]
3,talk,70,5,3,ESTIMATE Agent[09] WEREWOLF
3,talk,71,5,11,VOTE Agent[12]
3,talk,72,5,14,ESTIMATE Agent[11] WEREWOLF
3,talk,73,5,9,BECAUSE (Agent[10] VOTED Agent[09]) (REQUEST ANY (VOTE Agent[10]))
3,talk,74,5,8,VOTE Agent[04]
3,talk,75,5,7,ESTIMATE Agent[04] VILLAGER
3,talk,76,5,4,ESTIMATE Agent[11] WEREWOLF
3,talk,77,5,15,Over
3,talk,78,6,14,DISAGREE TALK day3 ID:25
3,talk,79,6,9,VOTE Agent[12]
3,talk,80,6,4,ESTIMATE Agent[07] VILLAGER
3,talk,81,6,5,Skip
3,talk,82,6,11,VOTE Agent[04]
3,talk,83,6,1,ESTIMATE Agent[10] WEREWOLF
3,talk,84,6,10,VOTE Agent[12]
3,talk,85,6,15,Over
3,talk,86,6,8,VOTE Agent[03]
3,talk,87,6,12,VOTE Agent[04]
3,talk,88,6,7,Skip
3,talk,89,6,3,VOTE Agent[05]
3,talk,90,6,2,VOTE Agent[05]
3,talk,91,7,8,ESTIMATE Agent[01] VILLAGER
3,talk,92,7,14,ESTIMATE Agent[01] VILLAGER
3,talk,93,7,7,VOTE Agent[09]
3,talk,94,7,4,ESTIMATE Agent[09] WEREWOLF
3,talk,95,7,9,VOTE Agent[05]
3,talk,96,7,3,ESTIMATE Agent[07] VILLAGER
3,talk,97,7,15,Over
3,talk,98,7,5,VOTE Agent[09]
3,talk,99,7,12,ESTIMATE Agent[04] WEREWOLF
3,talk,100,7,2,ESTIMATE Agent[07] VILLAGER
3,talk,101,7,1,VOTE Agent[04]
3,talk,102,7,10,VOTE Agent[04]
3,talk,103,7,11,AGREE TALK day3 ID:27
3,talk,104,8,5,ESTIMATE Agent[07] VILLAGER
3,talk,105,8,4,ESTIMATE Agent[15] VILLAGER
3,talk,106,8,8,ESTIMATE Agent[15] VILLAGER
3,talk,107,8,14,Skip
3,talk,108,8,11,Skip
3,talk,109,8,1,ESTIMATE Agent[15] VILLAGER
3,talk,110,8,10,Skip
3,talk,111,8,2,ESTIMATE Agent[11] WEREWOLF
3,talk,112,8,7,Skip
3,talk,113,8,3,ESTIMATE Agent[11] WEREWOLF
3,talk,114,8,15,Over
3,talk,115,8,9,VOTE Agent[03]
3,talk,116,8,12,VOTE Agent[09]
3,talk,117,9,11,Over
3,talk,118,9,2,Over
3,talk,119,9,4,Over
3,talk,120,9,15,Over
3,talk,121,9,3,Over
3,talk,122,9,14,Over
3,talk,123,9,5,Over
3,talk,124,9,8,Over
3,talk,125,9,1,Over
3,talk,126,9,9,Over
3,talk,127,9,7,Over
3,talk,128,9,12,Over
3,talk,129,9,10,Over
3,vote,1,4
3,vote,2,5
3,vote,3,5
3,vote,4,5
3,vote,5,9
3,vote,7,9
3,vote,8,3
3,vote,9,3
3,vote,10,4
3,vote,11,4
3,vote,12,9
3,vote,14,12
3,vote,15,1
3,vote,1,4
3,vote,2,5
3,vote,3,5
3,vote,4,5
3,vote,5,9
3,vote,7,9
3,vote,8,4
3,vote,9,5
3,vote,10,4
3,vote,11,4
3,vote,12,9
3,vote,14,4
3,vote,15,1
3,execute,4,VILLAGER
3,divine,11,5,WEREWOLF
3,whisper,0,0,9,Over
3,whisper,1,0,5,ATTACK Agent[10]
3,whisper,2,1,5,Over
3,whisper,3,1,9,ATTACK Agent[10]
3,whisper,4,2,5,VOTE Agent[03]
3,whisper,5,2,9,Over
3,whisper,6,3,5,Over
3,whisper,7,3,9,VOTE Agent[05]
3,whisper,8,4,5,Over
3,whisper,9,4,9,ATTACK Agent[11]
3,whisper,10,5,9,Over
3,whisper,11,5,5,Over
3,guard,7,11,SEER
3,attackVote,5,10
3,attackVote,9,11
3,attackVote,5,11
3,attackVote,9,10
3,attack,11,false
4,status,1,VILLAGER,ALIVE,wasabi61
4,status,2,VILLAGER,ALIVE,wasabi51
4,status,3,VILLAGER,ALIVE,wasabi81
4,status,4,VILLAGER,DEAD,wasabi71
4,status,5,WEREWOLF,ALIVE,wasabi21
4,status,6,WEREWOLF,DEAD,wasabi11
4,status,7,BODYGUARD,ALIVE,wasabi41
4,status,8,MEDIUM,ALIVE,wasabi31
4,status,9,WEREWOLF,ALIVE,wasabi4
4,status,10,POSSESSED,ALIVE,wasabi3
4,status,11,SEER,ALIVE,wasabi5
4,status,12,VILLAGER,ALIVE,wasabi91
4,status,13,VILLAGER,DEAD,wasabi2
4,status,14,VILLAGER,ALIVE,wasabi1
4,status,15,VILLAGER,ALIVE,HALUemon
4,talk,0,0,3,ESTIMATE Agent[09] WEREWOLF
4,talk,1,0,14,ESTIMATE Agent[08] MEDIUM
4,talk,2,0,12,ESTIMATE Agent[01] VILLAGER
4,talk,3,0,10,DIVINED Agent[09] WEREWOLF
4,talk,4,0,7,Skip
4,talk,5,0,11,DIVINED Agent[05] WEREWOLF
4,talk,6,0,8,IDENTIFIED Agent[04] HUMAN
4,talk,7,0,9,ESTIMATE Agent[14] VILLAGER
4,talk,8,0,1,Skip
4,talk,9,0,5,ESTIMATE Agent[11] WEREWOLF
4,talk,10,0,2,Skip
4,talk,11,0,15,Skip
4,talk,12,1,12,ESTIMATE Agent[07] VILLAGER
4,talk,13,1,5,Skip
4,talk,14,1,1,ESTIMATE Agent[11] WEREWOLF
4,talk,15,1,15,Skip
4,talk,16,1,3,ESTIMATE Agent[09] WEREWOLF
4,talk,17,1,14,Skip
4,talk,18,1,9,BECAUSE (Agent[10] DIVINED Agent[09] WEREWOLF) (OR (ESTIMATE Agent[10] WEREWOLF) (ESTIMATE Agent[10] POSSESSED))
4,talk,19,1,11,Skip
4,talk,20,1,8,Skip
4,talk,21,1,7,ESTIMATE Agent[11] WEREWOLF
4,talk,22,1,2,ESTIMATE Agent[12] WEREWOLF
4,talk,23,1,10,AGREE TALK day4 ID:0
4,talk,24,2,1,Skip
4,talk,25,2,7,ESTIMATE Agent[03] VILLAGER
4,talk,26,2,15,Over
4,talk,27,2,11,ESTIMATE Agent[02] VILLAGER
4,talk,28,2,12,ESTIMATE Agent[15] VILLAGER
4,talk,29,2,14,AGREE TALK day4 ID:12
4,talk,30,2,8,ESTIMATE Agent[09] WEREWOLF
4,talk,31,2,5,Skip
4,talk,32,2,3,ESTIMATE Agent[08] MEDIUM
4,talk,33,2,9,ESTIMATE Agent[15] VILLAGER
4,talk,34,2,2,ESTIMATE Agent[03] WEREWOLF
4,talk,35,2,10,Skip
4,talk,36,3,10,VOTE Agent[09]
4,talk,37,3,15,Over
4,talk,38,3,3,VOTE Agent[05]
4,talk,39,3,14,VOTE Agent[09]
4,talk,40,3,8,VOTE Agent[09]
4,talk,41,3,7,VOTE Agent[09]
4,talk,42,3,1,VOTE Agent[09]
4,talk,43,3,9,VOTE Agent[05]
4,talk,44,3,5,VOTE Agent[11]
4,talk,45,3,12,VOTE Agent[09]
4,talk,46,3,11,VOTE Agent[05]
4,talk,47,3,2,VOTE Agent[05]
4,talk,48,4,2,Skip
4,talk,49,4,7,Skip
4,talk,50,4,15,Over
4,talk,51,4,9,BECAUSE (Agent[10] VOTED Agent[09]) (REQUEST ANY (VOTE Agent[10]))
4,talk,52,4,1,Skip
4,talk,53,4,11,BECAUSE (Agent[05] VOTED Agent[11]) (REQUEST ANY (VOTE Agent[05]))
4,talk,54,4,5,VOTE Agent[09]
4,talk,55,4,10,ESTIMATE Agent[11] WEREWOLF
4,talk,56,4,12,ESTIMATE Agent[03] VILLAGER
4,talk,57,4,3,ESTIMATE Agent[15] VILLAGER
4,talk,58,4,14,ESTIMATE Agent[02] VILLAGER
4,talk,59,4,8,ESTIMATE Agent[15] VILLAGER
4,talk,60,5,8,ESTIMATE Agent[12] WEREWOLF
4,talk,61,5,7,Skip
4,talk,62,5,11,Skip
4,talk,63,5,14,Skip
4,talk,64,5,9,REQUEST ANY (DIVINATION Agent[03])
4,talk,65,5,12,ESTIMATE Agent[07] VILLAGER
4,talk,66,5,15,Over
4,talk,67,5,1,ESTIMATE Agent[15] VILLAGER
4,talk,68,5,3,Skip
4,talk,69,5,5,REQUEST ANY (DIVINATION Agent[12])
4,talk,70,5,10,AGREE TALK day4 ID:0
4,talk,71,5,2,Skip
4,talk,72,6,9,Skip
4,talk,73,6,8,VOTE Agent[05]
4,talk,74,6,10,ESTIMATE Agent[11] WEREWOLF
4,talk,75,6,15,Over
4,talk,76,6,11,AGREE TALK day4 ID:7
4,talk,77,6,3,Skip
4,talk,78,6,2,ESTIMATE Agent[11] WEREWOLF
4,talk,79,6,5,ESTIMATE Agent[09] WEREWOLF
4,talk,80,6,7,Over
4,talk,81,6,1,ESTIMATE Agent[10] WEREWOLF
4,talk,82,6,12,VOTE Agent[05]
4,talk,83,6,14,Skip
4,talk,84,7,15,Over
4,talk,85,7,7,REQUEST ANY (DIVINATION Agent[12])
4,talk,86,7,1,Skip
4,talk,87,7,3,ESTIMATE Agent[11] WEREWOLF
4,talk,88,7,2,ESTIMATE Agent[11] WEREWOLF
4,talk,89,7,11,ESTIMATE Agent[07] VILLAGER
4,talk,90,7,8,VOTE Agent[09]
4,talk,91,7,5,ESTIMATE Agent[14] VILLAGER
4,talk,92,7,12,ESTIMATE Agent[03] VILLAGER
4,talk,93,7,10,AGREE TALK day4 ID:0
4,talk,94,7,14,VOTE Agent[05]
4,talk,95,7,9,AGREE TALK day4 ID:81
4,talk,96,8,1,Skip
4,talk,97,8,3,Skip
4,talk,98,8,2,ESTIMATE Agent[07] VILLAGER
4,talk,99,8,15,Over
4,talk,100,8,8,ESTIMATE Agent[03] VILLAGER
4,talk,101,8,5,REQUEST ANY (VOTE Agent[09])
4,talk,102,8,9,ESTIMATE Agent[15] VILLAGER
4,talk,103,8,12,ESTIMATE Agent[03] VILLAGER
4,talk,104,8,11,Skip
4,talk,105,8,10,Skip
4,talk,106,8,14,Skip
4,talk,107,8,7,ESTIMATE Agent[08] MEDIUM
4,talk,108,9,3,Over
4,talk,109,9,12,Over
4,talk,110,9,10,Over
4,talk,111,9,1,Over
4,talk,112,9,15,Over
4,talk,113,9,8,Over
4,talk,114,9,14,Over
4,talk,115,9,7,Over
4,talk,116,9,5,Over
4,talk,117,9,9,Over
4,talk,118,9,2,Over
4,talk,119,9,11,Over
4,vote,1,9
4,vote,2,5
4,vote,3,5
4,vote,5,9
4,vote,7,9
4,vote,8,9
4,vote,9,5
4,vote,10,9
4,vote,11,5
4,vote,12,5
4,vote,14,5
4,vote,15,1
4,execute,5,WEREWOLF
4,divine,11,12,HUMAN
4,guard,7,8,MEDIUM
4,attackVote,9,11
4,attack,11,true
5,status,1,VILLAGER,ALIVE,wasabi61
5,status,2,VILLAGER,ALIVE,wasabi51
5,status,3,VILLAGER,ALIVE,wasabi81
5,status,4,VILLAGER,DEAD,wasabi71
5,status,5,WEREWOLF,DEAD,wasabi21
5,status,6,WEREWOLF,DEAD,wasabi11
5,status,7,BODYGUARD,ALIVE,wasabi41
5,status,8,MEDIUM,ALIVE,wasabi31
5,status,9,WEREWOLF,ALIVE,wasabi4
5,status,10,POSSESSED,ALIVE,wasabi3
5,status,11,SEER,DEAD,wasabi5
5,status,12,VILLAGER,ALIVE,wasabi91
5,status,13,VILLAGER,DEAD,wasabi2
5,status,14,VILLAGER,ALIVE,wasabi1
5,status,15,VILLAGER,ALIVE,HALUemon
5,talk,0,0,3,ESTIMATE Agent[09] WEREWOLF
5,talk,1,0,9,BECAUSE (Agent[10] DIVINED Agent[09] WEREWOLF) (OR (ESTIMATE Agent[10] WEREWOLF) (ESTIMATE Agent[10] POSSESSED))
5,talk,2,0,14,ESTIMATE Agent[03] VILLAGER
5,talk,3,0,10,DIVINED Agent[12] HUMAN
5,talk,4,0,8,IDENTIFIED Agent[05] WEREWOLF
5,talk,5,0,15,Skip
5,talk,6,0,7,ESTIMATE Agent[01] VILLAGER
5,talk,7,0,2,ESTIMATE Agent[09] WEREWOLF
5,talk,8,0,12,ESTIMATE Agent[07] VILLAGER
5,talk,9,0,1,Skip
5,talk,10,1,15,Skip
5,talk,11,1,7,ESTIMATE Agent[10] WEREWOLF
5,talk,12,1,1,Skip
5,talk,13,1,2,ESTIMATE Agent[12] VILLAGER
5,talk,14,1,9,ESTIMATE Agent[10] WEREWOLF
5,talk,15,1,3,ESTIMATE Agent[10] WEREWOLF
5,talk,16,1,8,ESTIMATE Agent[10] WEREWOLF
5,talk,17,1,12,Skip
5,talk,18,1,14,Skip
5,talk,19,1,10,Skip
5,talk,20,2,12,ESTIMATE Agent[10] WEREWOLF
5,talk,21,2,7,ESTIMATE Agent[15] VILLAGER
5,talk,22,2,9,AGREE TALK day5 ID:11
5,talk,23,2,15,Over
5,talk,24,2,8,ESTIMATE Agent[02] VILLAGER
5,talk,25,2,3,ESTIMATE Agent[10] WEREWOLF
5,talk,26,2,1,ESTIMATE Agent[10] WEREWOLF
5,talk,27,2,14,Skip
5,talk,28,2,2,ESTIMATE Agent[10] WEREWOLF
5,talk,29,2,10,AGREE TALK day5 ID:13
5,talk,30,3,12,VOTE Agent[10]
5,talk,31,3,14,VOTE Agent[10]
5,talk,32,3,2,VOTE Agent[10]
5,talk,33,3,8,VOTE Agent[10]
5,talk,34,3,1,VOTE Agent[10]
5,talk,35,3,7,VOTE Agent[10]
5,talk,36,3,15,Over
5,talk,37,3,3,VOTE Agent[10]
5,talk,38,3,9,VOTE Agent[10]
5,talk,39,3,10,VOTE Agent[09]
5,talk,40,4,14,AGREE TALK day5 ID:13
5,talk,41,4,12,ESTIMATE Agent[15] VILLAGER
5,talk,42,4,9,BECAUSE (Agent[10] VOTED Agent[09]) (REQUEST ANY (VOTE Agent[10]))
5,talk,43,4,10,BECAUSE (Agent[12] VOTED Agent[10]) (REQUEST ANY (VOTE Agent[12]))
5,talk,44,4,1,ESTIMATE Agent[14] VILLAGER
5,talk,45,4,15,Over
5,talk,46,4,7,Skip
5,talk,47,4,8,ESTIMATE Agent[10] WEREWOLF
5,talk,48,4,2,ESTIMATE Agent[10] WEREWOLF
5,talk,49,4,3,Skip
5,talk,50,5,10,REQUEST ANY (VOTE Agent[09])
5,talk,51,5,15,Over
5,talk,52,5,8,ESTIMATE Agent[15] VILLAGER
5,talk,53,5,7,Skip
5,talk,54,5,1,Skip
5,talk,55,5,2,ESTIMATE Agent[10] WEREWOLF
5,talk,56,5,14,Skip
5,talk,57,5,9,ESTIMATE Agent[02] WEREWOLF
5,talk,58,5,3,Skip
5,talk,59,5,12,Skip
5,talk,60,6,9,REQUEST ANY (VOTE Agent[10])
5,talk,61,6,2,ESTIMATE Agent[12] VILLAGER
5,talk,62,6,3,ESTIMATE Agent[01] WEREWOLF
5,talk,63,6,15,Over
5,talk,64,6,10,Skip
5,talk,65,6,8,Skip
5,talk,66,6,14,Skip
5,talk,67,6,7,ESTIMATE Agent[12] VILLAGER
5,talk,68,6,1,Skip
5,talk,69,6,12,ESTIMATE Agent[08] MEDIUM
5,talk,70,7,12,ESTIMATE Agent[10] WEREWOLF
5,talk,71,7,3,ESTIMATE Agent[10] WEREWOLF
5,talk,72,7,1,ESTIMATE Agent[10] WEREWOLF
5,talk,73,7,14,ESTIMATE Agent[15] VILLAGER
5,talk,74,7,2,ESTIMATE Agent[14] VILLAGER
5,talk,75,7,8,ESTIMATE Agent[14] VILLAGER
5,talk,76,7,7,REQUEST ANY (VOTE Agent[10])
5,talk,77,7,15,Over
5,talk,78,7,10,ESTIMATE Agent[09] WEREWOLF
5,talk,79,7,9,Skip
5,talk,80,8,14,Skip
5,talk,81,8,1,Skip
5,talk,82,8,8,ESTIMATE Agent[10] WEREWOLF
5,talk,83,8,3,ESTIMATE Agent[08] MEDIUM
5,talk,84,8,12,Skip
5,talk,85,8,10,AGREE TALK day5 ID:24
5,talk,86,8,15,Over
5,talk,87,8,2,REQUEST ANY (VOTE Agent[10])
5,talk,88,8,7,Skip
5,talk,89,8,9,Skip
5,talk,90,9,7,Over
5,talk,91,9,1,Over
5,talk,92,9,9,Over
5,talk,93,9,12,Over
5,talk,94,9,15,Over
5,talk,95,9,10,Over
5,talk,96,9,2,Over
5,talk,97,9,14,Over
5,talk,98,9,8,Over
5,talk,99,9,3,Over
5,vote,1,10
5,vote,2,10
5,vote,3,10
5,vote,7,10
5,vote,8,10
5,vote,9,10
5,vote,10,9
5,vote,12,10
5,vote,14,10
5,vote,15,1
5,execute,10,POSSESSED
5,guard,7,8,MEDIUM
5,attackVote,9,15
5,attack,15,true
6,status,1,VILLAGER,ALIVE,wasabi61
6,status,2,VILLAGER,ALIVE,wasabi51
6,status,3,VILLAGER,ALIVE,wasabi81
6,status,4,VILLAGER,DEAD,wasabi71
6,status,5,WEREWOLF,DEAD,wasabi21
6,status,6,WEREWOLF,DEAD,wasabi11
6,status,7,BODYGUARD,ALIVE,wasabi41
6,status,8,MEDIUM,ALIVE,wasabi31
6,status,9,WEREWOLF,ALIVE,wasabi4
6,status,10,POSSESSED,DEAD,wasabi3
6,status,11,SEER,DEAD,wasabi5
6,status,12,VILLAGER,ALIVE,wasabi91
6,status,13,VILLAGER,DEAD,wasabi2
6,status,14,VILLAGER,ALIVE,wasabi1
6,status,15,VILLAGER,DEAD,HALUemon
6,talk,0,0,8,IDENTIFIED Agent[10] HUMAN
6,talk,1,0,14,ESTIMATE Agent[12] VILLAGER
6,talk,2,0,3,ESTIMATE Agent[01] VILLAGER
6,talk,3,0,1,ESTIMATE Agent[12] WEREWOLF
6,talk,4,0,2,ESTIMATE Agent[12] VILLAGER
6,talk,5,0,9,ESTIMATE Agent[01] WEREWOLF
6,talk,6,0,12,ESTIMATE Agent[01] VILLAGER
6,talk,7,0,7,Skip
6,talk,8,1,9,AGREE TALK day6 ID:1
6,talk,9,1,1,Skip
6,talk,10,1,2,ESTIMATE Agent[12] WEREWOLF
6,talk,11,1,7,Skip
6,talk,12,1,12,ESTIMATE Agent[01] VILLAGER
6,talk,13,1,3,ESTIMATE Agent[14] VILLAGER
6,talk,14,1,8,ESTIMATE Agent[14] VILLAGER
6,talk,15,1,14,Skip
6,talk,16,2,3,Skip
6,talk,17,2,7,ESTIMATE Agent[14] VILLAGER
6,talk,18,2,2,ESTIMATE Agent[01] WEREWOLF
6,talk,19,2,8,ESTIMATE Agent[07] WEREWOLF
6,talk,20,2,9,ESTIMATE Agent[08] WEREWOLF
6,talk,21,2,12,Skip
6,talk,22,2,1,Skip
6,talk,23,2,14,ESTIMATE Agent[02] VILLAGER
6,talk,24,3,7,VOTE Agent[08]
6,talk,25,3,1,VOTE Agent[08]
6,talk,26,3,9,VOTE Agent[12]
6,talk,27,3,2,VOTE Agent[09]
6,talk,28,3,14,VOTE Agent[09]
6,talk,29,3,3,VOTE Agent[09]
6,talk,30,3,8,VOTE Agent[01]
6,talk,31,3,12,VOTE Agent[08]
6,talk,32,4,9,BECAUSE (Agent[02] VOTED Agent[09]) (REQUEST ANY (VOTE Agent[02]))
6,talk,33,4,2,ESTIMATE Agent[09] WEREWOLF
6,talk,34,4,8,VOTE Agent[12]
6,talk,35,4,3,ESTIMATE Agent[12] WEREWOLF
6,talk,36,4,12,ESTIMATE Agent[14] VILLAGER
6,talk,37,4,14,ESTIMATE Agent[02] VILLAGER
6,talk,38,4,7,VOTE Agent[09]
6,talk,39,4,1,VOTE Agent[09]
6,talk,40,5,3,ESTIMATE Agent[09] WEREWOLF
6,talk,41,5,2,ESTIMATE Agent[09] WEREWOLF
6,talk,42,5,7,ESTIMATE Agent[08] WEREWOLF
6,talk,43,5,14,Skip
6,talk,44,5,1,ESTIMATE Agent[09] WEREWOLF
6,talk,45,5,12,Skip
6,talk,46,5,9,VOTE Agent[02]
6,talk,47,5,8,VOTE Agent[09]
6,talk,48,6,9,DISAGREE TALK day6 ID:2
6,talk,49,6,3,VOTE Agent[08]
6,talk,50,6,14,Skip
6,talk,51,6,7,VOTE Agent[08]
6,talk,52,6,8,ESTIMATE Agent[09] WEREWOLF
6,talk,53,6,12,VOTE Agent[09]
6,talk,54,6,2,ESTIMATE Agent[01] VILLAGER
6,talk,55,6,1,ESTIMATE Agent[14] VILLAGER
6,talk,56,7,2,ESTIMATE Agent[01] WEREWOLF
6,talk,57,7,9,ESTIMATE Agent[14] VILLAGER
6,talk,58,7,7,Skip
6,talk,59,7,8,ESTIMATE Agent[03] VILLAGER
6,talk,60,7,12,Skip
6,talk,61,7,1,Skip
6,talk,62,7,14,VOTE Agent[03]
6,talk,63,7,3,VOTE Agent[09]
6,talk,64,8,1,Skip
6,talk,65,8,12,Skip
6,talk,66,8,2,VOTE Agent[08]
6,talk,67,8,14,VOTE Agent[09]
6,talk,68,8,3,ESTIMATE Agent[08] WEREWOLF
6,talk,69,8,7,ESTIMATE Agent[14] VILLAGER
6,talk,70,8,8,ESTIMATE Agent[03] VILLAGER
6,talk,71,8,9,DISAGREE TALK day6 ID:59
6,talk,72,9,14,Over
6,talk,73,9,2,Over
6,talk,74,9,8,Over
6,talk,75,9,9,Over
6,talk,76,9,1,Over
6,talk,77,9,12,Over
6,talk,78,9,7,Over
6,talk,79,9,3,Over
6,vote,1,9
6,vote,2,8
6,vote,3,9
6,vote,7,8
6,vote,8,9
6,vote,9,2
6,vote,12,9
6,vote,14,9
6,execute,9,WEREWOLF
6,guard,7,14,VILLAGER
7,status,1,VILLAGER,ALIVE,wasabi61
7,status,2,VILLAGER,ALIVE,wasabi51
7,status,3,VILLAGER,ALIVE,wasabi81
7,status,4,VILLAGER,DEAD,wasabi71
7,status,5,WEREWOLF,DEAD,wasabi21
7,status,6,WEREWOLF,DEAD,wasabi11
7,status,7,BODYGUARD,ALIVE,wasabi41
7,status,8,MEDIUM,ALIVE,wasabi31
7,status,9,WEREWOLF,DEAD,wasabi4
7,status,10,POSSESSED,DEAD,wasabi3
7,status,11,SEER,DEAD,wasabi5
7,status,12,VILLAGER,ALIVE,wasabi91
7,status,13,VILLAGER,DEAD,wasabi2
7,status,14,VILLAGER,ALIVE,wasabi1
7,status,15,VILLAGER,DEAD,HALUemon
7,result,7,0,VILLAGER
