0,status,1,VILLAGER,ALIVE,wasabi61
0,status,2,VILLAGER,ALIVE,wasabi51
0,status,3,VILLAGER,ALIVE,wasabi81
0,status,4,VILLAGER,ALIVE,wasabi71
0,status,5,WEREWOLF,ALIVE,wasabi21
0,status,6,WEREWOLF,ALIVE,wasabi11
0,status,7,BODYGUARD,ALIVE,wasabi41
0,status,8,MEDIUM,ALIVE,wasabi31
0,status,9,WEREWOLF,ALIVE,wasabi4
0,status,10,POSSESSED,ALIVE,wasabi3
0,status,11,SEER,ALIVE,wasabi5
0,status,12,VILLAGER,ALIVE,wasabi91
0,status,13,VILLAGER,ALIVE,wasabi2
0,status,14,VILLAGER,ALIVE,wasabi1
0,status,15,VILLAGER,ALIVE,HALUemon
0,whisper,0,0,5,ATTACK Agent[13]
0,whisper,1,0,9,ATTACK Agent[11]
0,whisper,2,0,6,Over
0,whisper,3,1,5,Over
0,whisper,4,1,9,VOTE Agent[04]
0,whisper,5,1,6,ATTACK Agent[11]
0,whisper,6,2,5,Over
0,whisper,7,2,6,Over
0,whisper,8,2,9,Over
0,divine,11,6,WEREWOLF
1,status,1,VILLAGER,ALIVE,wasabi61
1,status,2,VILLAGER,ALIVE,wasabi51
1,status,3,VILLAGER,ALIVE,wasabi81
1,status,4,VILLAGER,ALIVE,wasabi71
1,status,5,WEREWOLF,ALIVE,wasabi21
1,status,6,WEREWOLF,ALIVE,wasabi11
1,status,7,BODYGUARD,ALIVE,wasabi41
1,status,8,MEDIUM,ALIVE,wasabi31
1,status,9,WEREWOLF,ALIVE,wasabi4
1,status,10,POSSESSED,ALIVE,wasabi3
1,status,11,SEER,ALIVE,wasabi5
1,status,12,VILLAGER,ALIVE,wasabi91
1,status,13,VILLAGER,ALIVE,wasabi2
1,status,14,VILLAGER,ALIVE,wasabi1
1,status,15,VILLAGER,ALIVE,HALUemon
1,talk,0,0,12,ESTIMATE Agent[02] VILLAGER
1,talk,1,0,6,ESTIMATE Agent[05] WEREWOLF
1,talk,2,0,14,ESTIMATE Agent[07] VILLAGER
1,talk,3,0,9,Skip
1,talk,4,0,13,ESTIMATE Agent[09] WEREWOLF
1,talk,5,0,2,ESTIMATE Agent[04] WEREWOLF
1,talk,6,0,3,Skip
1,talk,7,0,1,Skip
1,talk,8,0,15,Skip
1,talk,9,0,7,ESTIMATE Agent[14] WEREWOLF
1,talk,10,0,5,Skip
1,talk,11,0,11,COMINGOUT Agent[11] SEER
1,talk,12,0,10,COMINGOUT Agent[10] SEER
1,talk,13,0,4,ESTIMATE Agent[02] WEREWOLF
1,talk,14,0,8,COMINGOUT Agent[08] MEDIUM
1,talk,15,1,14,Skip
1,talk,16,1,13,Skip
1,talk,17,1,9,ESTIMATE Agent[15] WEREWOLF
1,talk,18,1,12,Skip
1,talk,19,1,4,Skip
1,talk,20,1,5,ESTIMATE Agent[09] WEREWOLF
1,talk,21,1,11,DIVINED Agent[06] WEREWOLF
1,talk,22,1,10,DIVINED Agent[05] HUMAN
1,talk,23,1,2,Skip
1,talk,24,1,8,ESTIMATE Agent[12] VILLAGER
1,talk,25,1,7,Skip
1,talk,26,1,3,ESTIMATE Agent[15] WEREWOLF
1,talk,27,1,6,Skip
1,talk,28,1,1,Skip
1,talk,29,1,15,Skip
1,talk,30,2,6,ESTIMATE Agent[01] WEREWOLF
1,talk,31,2,5,Skip
1,talk,32,2,8,Skip
1,talk,33,2,4,Skip
1,talk,34,2,3,Skip
1,talk,35,2,13,ESTIMATE Agent[10] WEREWOLF
1,talk,36,2,11,ESTIMATE Agent[01] VILLAGER
1,talk,37,2,7,Skip
1,talk,38,2,1,ESTIMATE Agent[09] WEREWOLF
1,talk,39,2,15,Over
1,talk,40,2,10,Skip
1,talk,41,2,9,Skip
1,talk,42,2,12,ESTIMATE Agent[13] WEREWOLF
1,talk,43,2,2,Skip
1,talk,44,2,14,AGREE TALK day1 ID:17
1,talk,45,3,13,VOTE Agent[06]
1,talk,46,3,15,Over
1,talk,47,3,6,VOTE Agent[11]
1,talk,48,3,2,VOTE Agent[06]
1,talk,49,3,1,VOTE Agent[06]
1,talk,50,3,7,VOTE Agent[06]
1,talk,51,3,5,VOTE Agent[06]
1,talk,52,3,14,VOTE Agent[06]
1,talk,53,3,10,VOTE Agent[12]
1,talk,54,3,12,VOTE Agent[06]
1,talk,55,3,9,VOTE Agent[06]
1,talk,56,3,3,VOTE Agent[06]
1,talk,57,3,11,VOTE Agent[06]
1,talk,58,3,8,VOTE Agent[06]
1,talk,59,3,4,VOTE Agent[06]
1,talk,60,4,11,BECAUSE (Agent[06] VOTED Agent[11]) (REQUEST ANY (VOTE Agent[06]))
1,talk,61,4,14,Skip
1,talk,62,4,6,ESTIMATE Agent[04] WEREWOLF
1,talk,63,4,3,Skip
1,talk,64,4,2,ESTIMATE Agent[06] WEREWOLF
1,talk,65,4,5,ESTIMATE Agent[15] WEREWOLF
1,talk,66,4,7,Skip
1,talk,67,4,9,Skip
1,talk,68,4,4,ESTIMATE Agent[03] VILLAGER
1,talk,69,4,13,Skip
1,talk,70,4,1,ESTIMATE Agent[08] MEDIUM
1,talk,71,4,8,ESTIMATE Agent[15] VILLAGER
1,talk,72,4,15,Over
1,talk,73,4,12,ESTIMATE Agent[03] VILLAGER
1,talk,74,4,10,VOTE Agent[06]
1,talk,75,5,5,ESTIMATE Agent[02] VILLAGER
1,talk,76,5,2,ESTIMATE Agent[09] VILLAGER
1,talk,77,5,3,ESTIMATE Agent[14] VILLAGER
1,talk,78,5,6,ESTIMATE Agent[10] SEER
1,talk,79,5,12,ESTIMATE Agent[09] VILLAGER
1,talk,80,5,4,ESTIMATE Agent[06] WEREWOLF
1,talk,81,5,8,ESTIMATE Agent[13] VILLAGER
1,talk,82,5,11,AGREE TALK day1 ID:70
1,talk,83,5,14,ESTIMATE Agent[01] WEREWOLF
1,talk,84,5,1,ESTIMATE Agent[06] WEREWOLF
1,talk,85,5,7,ESTIMATE Agent[09] WEREWOLF
1,talk,86,5,13,Skip
1,talk,87,5,10,Skip
1,talk,88,5,15,Over
1,talk,89,5,9,REQUEST ANY (DIVINATION Agent[07])
1,talk,90,6,9,AGREE TALK day1 ID:64
1,talk,91,6,13,Over
1,talk,92,6,5,Skip
1,talk,93,6,2,Skip
1,talk,94,6,10,Skip
1,talk,95,6,8,ESTIMATE Agent[10] WEREWOLF
1,talk,96,6,14,Skip
1,talk,97,6,12,REQUEST ANY (VOTE Agent[06])
1,talk,98,6,4,REQUEST ANY (VOTE Agent[06])
1,talk,99,6,11,ESTIMATE Agent[05] VILLAGER
1,talk,100,6,1,ESTIMATE Agent[13] VILLAGER
1,talk,101,6,6,ESTIMATE Agent[11] WEREWOLF
1,talk,102,6,3,ESTIMATE Agent[07] VILLAGER
1,talk,103,6,7,ESTIMATE Agent[06] WEREWOLF
1,talk,104,6,15,Over
1,talk,105,7,8,Skip
1,talk,106,7,15,Over
1,talk,107,7,5,ESTIMATE Agent[11] WEREWOLF
1,talk,108,7,7,Skip
1,talk,109,7,11,AGREE TALK day1 ID:70
1,talk,110,7,1,Skip
1,talk,111,7,9,ESTIMATE Agent[10] WEREWOLF
1,talk,112,7,10,AGREE TALK day1 ID:101
1,talk,113,7,6,ESTIMATE Agent[08] MEDIUM
1,talk,114,7,12,ESTIMATE Agent[03] VILLAGER
1,talk,115,7,14,Skip
1,talk,116,7,3,Skip
1,talk,117,7,2,ESTIMATE Agent[10] WEREWOLF
1,talk,118,7,4,Skip
1,talk,119,7,13,DISAGREE TALK day1 ID:78
1,talk,120,8,1,Skip
1,talk,121,8,9,Skip
1,talk,122,8,7,ESTIMATE Agent[10] WEREWOLF
1,talk,123,8,13,Skip
1,talk,124,8,6,ESTIMATE Agent[08] MEDIUM
1,talk,125,8,5,ESTIMATE Agent[12] VILLAGER
1,talk,126,8,3,Skip
1,talk,127,8,12,ESTIMATE Agent[05] VILLAGER
1,talk,128,8,11,ESTIMATE Agent[12] VILLAGER
1,talk,129,8,14,Over
1,talk,130,8,15,Over
1,talk,131,8,2,ESTIMATE Agent[08] MEDIUM
1,talk,132,8,8,REQUEST ANY (VOTE Agent[06])
1,talk,133,8,10,VOTE Agent[15]
1,talk,134,8,4,ESTIMATE Agent[06] WEREWOLF
1,talk,135,9,4,Over
1,talk,136,9,15,Over
1,talk,137,9,2,Over
1,talk,138,9,13,Over
1,talk,139,9,9,Over
1,talk,140,9,7,Over
1,talk,141,9,12,Over
1,talk,142,9,3,Over
1,talk,143,9,11,Over
1,talk,144,9,14,Over
1,talk,145,9,5,Over
1,talk,146,9,1,Over
1,talk,147,9,10,Over
1,talk,148,9,6,Over
1,talk,149,9,8,Over
1,vote,1,6
1,vote,2,6
1,vote,3,6
1,vote,4,6
1,vote,5,6
1,vote,6,11
1,vote,7,6
1,vote,8,6
1,vote,9,6
1,vote,10,15
1,vote,11,6
1,vote,12,6
1,vote,13,6
1,vote,14,6
1,vote,15,1
1,execute,6,WEREWOLF
1,divine,11,13,HUMAN
1,whisper,0,0,9,ATTACK Agent[11]
1,whisper,1,0,5,ATTACK Agent[08]
1,whisper,2,1,9,Over
1,whisper,3,1,5,Over
1,guard,7,11,SEER
1,attackVote,5,8
1,attackVote,9,11
1,attackVote,5,11
1,attackVote,9,11
1,attack,11,false
2,status,1,VILLAGER,ALIVE,wasabi61
2,status,2,VILLAGER,ALIVE,wasabi51
2,status,3,VILLAGER,ALIVE,wasabi81
2,status,4,VILLAGER,ALIVE,wasabi71
2,status,5,WEREWOLF,ALIVE,wasabi21
2,status,6,WEREWOLF,DEAD,wasabi11
2,status,7,BODYGUARD,ALIVE,wasabi41
2,status,8,MEDIUM,ALIVE,wasabi31
2,status,9,WEREWOLF,ALIVE,wasabi4
2,status,10,POSSESSED,ALIVE,wasabi3
2,status,11,SEER,ALIVE,wasabi5
2,status,12,VILLAGER,ALIVE,wasabi91
2,status,13,VILLAGER,ALIVE,wasabi2
2,status,14,VILLAGER,ALIVE,wasabi1
2,status,15,VILLAGER,ALIVE,HALUemon
2,talk,0,0,15,Skip
2,talk,1,0,12,ESTIMATE Agent[05] VILLAGER
2,talk,2,0,5,ESTIMATE Agent[11] WEREWOLF
2,talk,3,0,8,IDENTIFIED Agent[06] WEREWOLF
2,talk,4,0,10,DIVINED Agent[15] HUMAN
2,talk,5,0,2,ESTIMATE Agent[01] VILLAGER
2,talk,6,0,1,ESTIMATE Agent[02] VILLAGER
2,talk,7,0,13,Skip
2,talk,8,0,7,ESTIMATE Agent[15] WEREWOLF
2,talk,9,0,4,ESTIMATE Agent[13] VILLAGER
2,talk,10,0,9,Skip
2,talk,11,0,3,Skip
2,talk,12,0,11,DIVINED Agent[13] HUMAN
2,talk,13,0,14,Skip
2,talk,14,1,9,ESTIMATE Agent[12] WEREWOLF
2,talk,15,1,4,Skip
2,talk,16,1,14,Skip
2,talk,17,1,2,ESTIMATE Agent[07] WEREWOLF
2,talk,18,1,5,Skip
2,talk,19,1,1,ESTIMATE Agent[03] VILLAGER
2,talk,20,1,13,ESTIMATE Agent[12] VILLAGER
2,talk,21,1,12,Skip
2,talk,22,1,8,ESTIMATE Agent[11] WEREWOLF
2,talk,23,1,15,Skip
2,talk,24,1,7,Skip
2,talk,25,1,10,AGREE TALK day2 ID:2
2,talk,26,1,11,ESTIMATE Agent[03] VILLAGER
2,talk,27,1,3,ESTIMATE Agent[14] VILLAGER
2,talk,28,2,4,ESTIMATE Agent[01] WEREWOLF
2,talk,29,2,14,Over
2,talk,30,2,10,ESTIMATE Agent[14] VILLAGER
2,talk,31,2,7,ESTIMATE Agent[10] WEREWOLF
2,talk,32,2,11,AGREE TALK day2 ID:19
2,talk,33,2,9,ESTIMATE Agent[10] WEREWOLF
2,talk,34,2,1,ESTIMATE Agent[11] WEREWOLF
2,talk,35,2,5,ESTIMATE Agent[10] WEREWOLF
2,talk,36,2,12,ESTIMATE Agent[09] VILLAGER
2,talk,37,2,3,ESTIMATE Agent[02] VILLAGER
2,talk,38,2,13,ESTIMATE Agent[09] WEREWOLF
2,talk,39,2,2,ESTIMATE Agent[03] WEREWOLF
2,talk,40,2,15,Over
2,talk,41,2,8,Skip
2,talk,42,3,9,VOTE Agent[03]
2,talk,43,3,8,VOTE Agent[09]
2,talk,44,3,5,VOTE Agent[14]
2,talk,45,3,12,VOTE Agent[07]
2,talk,46,3,10,VOTE Agent[01]
2,talk,47,3,4,VOTE Agent[14]
2,talk,48,3,1,VOTE Agent[04]
2,talk,49,3,3,VOTE Agent[02]
2,talk,50,3,11,VOTE Agent[01]
2,talk,51,3,14,VOTE Agent[12]
2,talk,52,3,15,Over
2,talk,53,3,7,VOTE Agent[12]
2,talk,54,3,2,VOTE Agent[03]
2,talk,55,3,13,VOTE Agent[12]
2,talk,56,4,4,VOTE Agent[09]
2,talk,57,4,5,VOTE Agent[07]
2,talk,58,4,3,Skip
2,talk,59,4,11,ESTIMATE Agent[15] VILLAGER
2,talk,60,4,14,BECAUSE (Agent[05] VOTED Agent[14]) (REQUEST ANY (VOTE Agent[05]))
2,talk,61,4,7,VOTE Agent[04]
2,talk,62,4,1,VOTE Agent[02]
2,talk,63,4,15,Over
2,talk,64,4,2,Skip
2,talk,65,4,10,AGREE TALK day2 ID:1
2,talk,66,4,12,VOTE Agent[14]
2,talk,67,4,9,BECAUSE (Agent[08] VOTED Agent[09]) (REQUEST ANY (VOTE Agent[08]))
2,talk,68,4,13,VOTE Agent[02]
2,talk,69,4,8,ESTIMATE Agent[01] WEREWOLF
2,talk,70,5,3,ESTIMATE Agent[08] MEDIUM
2,talk,71,5,13,VOTE Agent[01]
2,talk,72,5,14,VOTE Agent[03]
2,talk,73,5,7,VOTE Agent[02]
2,talk,74,5,1,VOTE Agent[07]
2,talk,75,5,11,AGREE TALK day2 ID:5
2,talk,76,5,15,Over
2,talk,77,5,12,ESTIMATE Agent[13] VILLAGER
2,talk,78,5,8,VOTE Agent[02]
2,talk,79,5,9,VOTE Agent[12]
2,talk,80,5,2,ESTIMATE Agent[12] WEREWOLF
2,talk,81,5,5,Skip
2,talk,82,5,4,ESTIMATE Agent[12] WEREWOLF
2,talk,83,5,10,Skip
2,talk,84,6,15,Over
2,talk,85,6,7,ESTIMATE Agent[09] WEREWOLF
2,talk,86,6,8,Skip
2,talk,87,6,1,VOTE Agent[09]
2,talk,88,6,5,VOTE Agent[02]
2,talk,89,6,3,VOTE Agent[07]
2,talk,90,6,2,VOTE Agent[14]
2,talk,91,6,12,ESTIMATE Agent[08] MEDIUM
2,talk,92,6,13,DISAGREE TALK day2 ID:36
2,talk,93,6,4,ESTIMATE Agent[12] VILLAGER
2,talk,94,6,11,VOTE Agent[02]
2,talk,95,6,10,Skip
2,talk,96,6,9,VOTE Agent[01]
2,talk,97,6,14,VOTE Agent[07]
2,talk,98,7,4,VOTE Agent[07]
2,talk,99,7,1,ESTIMATE Agent[02] VILLAGER
2,talk,100,7,2,Skip
2,talk,101,7,11,ESTIMATE Agent[04] VILLAGER
2,talk,102,7,14,AGREE TALK day2 ID:36
2,talk,103,7,10,VOTE Agent[02]
2,talk,104,7,8,Skip
2,talk,105,7,5,VOTE Agent[01]
2,talk,106,7,13,VOTE Agent[02]
2,talk,107,7,3,ESTIMATE Agent[02] VILLAGER
2,talk,108,7,7,VOTE Agent[09]
2,talk,109,7,9,DISAGREE TALK day2 ID:19
2,talk,110,7,12,Skip
2,talk,111,7,15,Over
2,talk,112,8,8,ESTIMATE Agent[09] WEREWOLF
2,talk,113,8,9,VOTE Agent[03]
2,talk,114,8,2,Skip
2,talk,115,8,12,ESTIMATE Agent[02] VILLAGER
2,talk,116,8,3,Skip
2,talk,117,8,4,VOTE Agent[14]
2,talk,118,8,15,Over
2,talk,119,8,11,VOTE Agent[14]
2,talk,120,8,14,VOTE Agent[01]
2,talk,121,8,10,VOTE Agent[07]
2,talk,122,8,13,VOTE Agent[01]
2,talk,123,8,7,ESTIMATE Agent[03] WEREWOLF
2,talk,124,8,5,VOTE Agent[04]
2,talk,125,8,1,ESTIMATE Agent[09] VILLAGER
2,talk,126,9,12,Over
2,talk,127,9,3,Over
2,talk,128,9,2,Over
2,talk,129,9,13,Over
2,talk,130,9,9,Over
2,talk,131,9,15,Over
2,talk,132,9,11,Over
2,talk,133,9,10,Over
2,talk,134,9,14,Over
2,talk,135,9,4,Over
2,talk,136,9,5,Over
2,talk,137,9,8,Over
2,talk,138,9,1,Over
2,talk,139,9,7,Over
2,vote,1,9
2,vote,2,14
2,vote,3,7
2,vote,4,14
2,vote,5,4
2,vote,7,9
2,vote,8,2
2,vote,9,3
2,vote,10,7
2,vote,11,14
2,vote,12,14
2,vote,13,1
2,vote,14,1
2,vote,15,1
2,execute,14,VILLAGER
2,divine,11,2,HUMAN
2,whisper,0,0,5,ATTACK Agent[13]
2,whisper,1,0,9,ATTACK Agent[11]
2,whisper,2,1,9,Over
2,whisper,3,1,5,Over
2,guard,7,11,SEER
2,attackVote,5,13
2,attackVote,9,11
2,attackVote,5,11
2,attackVote,9,11
2,attack,11,false
3,status,1,VILLAGER,ALIVE,wasabi61
3,status,2,VILLAGER,ALIVE,wasabi51
3,status,3,VILLAGER,ALIVE,wasabi81
3,status,4,VILLAGER,ALIVE,wasabi71
3,status,5,WEREWOLF,ALIVE,wasabi21
3,status,6,WEREWOLF,DEAD,wasabi11
3,status,7,BODYGUARD,ALIVE,wasabi41
3,status,8,MEDIUM,ALIVE,wasabi31
3,status,9,WEREWOLF,ALIVE,wasabi4
3,status,10,POSSESSED,ALIVE,wasabi3
3,status,11,SEER,ALIVE,wasabi5
3,status,12,VILLAGER,ALIVE,wasabi91
3,status,13,VILLAGER,ALIVE,wasabi2
3,status,14,VILLAGER,DEAD,wasabi1
3,status,15,VILLAGER,ALIVE,HALUemon
3,talk,0,0,11,DIVINED Agent[02] HUMAN
3,talk,1,0,5,ESTIMATE Agent[10] WEREWOLF
3,talk,2,0,12,ESTIMATE Agent[10] WEREWOLF
3,talk,3,0,7,ESTIMATE Agent[03] WEREWOLF
3,talk,4,0,13,ESTIMATE Agent[07] WEREWOLF
3,talk,5,0,3,Skip
3,talk,6,0,9,Skip
3,talk,7,0,1,ESTIMATE Agent[08] MEDIUM
3,talk,8,0,4,ESTIMATE Agent[11] WEREWOLF
3,talk,9,0,2,Skip
3,talk,10,0,8,IDENTIFIED Agent[14] HUMAN
3,talk,11,0,15,Skip
3,talk,12,0,10,DIVINED Agent[03] HUMAN
3,talk,13,1,8,Skip
3,talk,14,1,4,ESTIMATE Agent[02] VILLAGER
3,talk,15,1,1,ESTIMATE Agent[10] WEREWOLF
3,talk,16,1,11,Skip
3,talk,17,1,10,ESTIMATE Agent[05] VILLAGER
3,talk,18,1,2,ESTIMATE Agent[01] WEREWOLF
3,talk,19,1,5,ESTIMATE Agent[09] VILLAGER
3,talk,20,1,9,AGREE TALK day3 ID:7
3,talk,21,1,12,ESTIMATE Agent[05] VILLAGER
3,talk,22,1,7,ESTIMATE Agent[12] WEREWOLF
3,talk,23,1,15,Skip
3,talk,24,1,13,ESTIMATE Agent[12] VILLAGER
3,talk,25,1,3,Skip
3,talk,26,2,8,ESTIMATE Agent[03] VILLAGER
3,talk,27,2,1,ESTIMATE Agent[10] WEREWOLF
3,talk,28,2,4,Skip
3,talk,29,2,11,Skip
3,talk,30,2,13,AGREE TALK day3 ID:1
3,talk,31,2,9,ESTIMATE Agent[03] VILLAGER
3,talk,32,2,3,ESTIMATE Agent[02] VILLAGER
3,talk,33,2,7,Skip
3,talk,34,2,12,ESTIMATE Agent[02] VILLAGER
3,talk,35,2,2,Skip
3,talk,36,2,15,Over
3,talk,37,2,5,ESTIMATE Agent[02] VILLAGER
3,talk,38,2,10,AGREE TALK day3 ID:21
3,talk,39,3,2,VOTE Agent[04]
3,talk,40,3,7,VOTE Agent[04]
3,talk,41,3,11,VOTE Agent[15]
3,talk,42,3,13,VOTE Agent[12]
3,talk,43,3,5,VOTE Agent[04]
3,talk,44,3,1,VOTE Agent[12]
3,talk,45,3,8,VOTE Agent[09]
3,talk,46,3,12,VOTE Agent[01]
3,talk,47,3,3,VOTE Agent[07]
3,talk,48,3,4,VOTE Agent[01]
3,talk,49,3,15,Over
3,talk,50,3,10,VOTE Agent[01]
3,talk,51,3,9,VOTE Agent[12]
3,talk,52,4,1,VOTE Agent[04]
3,talk,53,4,11,VOTE Agent[09]
3,talk,54,4,2,ESTIMATE Agent[11] WEREWOLF
3,talk,55,4,15,Over
3,talk,56,4,5,Skip
3,talk,57,4,7,ESTIMATE Agent[11] WEREWOLF
3,talk,58,4,8,ESTIMATE Agent[04] WEREWOLF
3,talk,59,4,13,ESTIMATE Agent[03] VILLAGER
3,talk,60,4,12,VOTE Agent[04]
3,talk,61,4,10,ESTIMATE Agent[01] WEREWOLF
3,talk,62,4,4,Skip
3,talk,63,4,3,ESTIMATE Agent[11] WEREWOLF
3,talk,64,4,9,BECAUSE (Agent[08] VOTED Agent[09]) (REQUEST ANY (VOTE Agent[08]))
3,talk,65,5,2,Skip
3,talk,66,5,12,ESTIMATE Agent[09] WEREWOLF
3,talk,67,5,9,AGREE TALK day3 ID:18
3,talk,68,5,1,ESTIMATE Agent[05] VILLAGER
3,talk,69,5,10,ESTIMATE Agent[15] VILLAGER
3,talk,70,5,5,VOTE Agent[12]
3,talk,71,5,15,Over
3,talk,72,5,11,DISAGREE TALK day3 ID:22
3,talk,73,5,13,AGREE TALK day3 ID:18
3,talk,74,5,8,Skip
3,talk,75,5,4,VOTE Agent[07]
3,talk,76,5,3,VOTE Agent[04]
3,talk,77,5,7,VOTE Agent[01]
3,talk,78,6,15,Over
3,talk,79,6,12,ESTIMATE Agent[02] VILLAGER
3,talk,80,6,2,ESTIMATE Agent[11] WEREWOLF
3,talk,81,6,1,ESTIMATE Agent[04] WEREWOLF
3,talk,82,6,8,Skip
3,talk,83,6,11,VOTE Agent[12]
3,talk,84,6,10,VOTE Agent[09]
3,talk,85,6,9,Skip
3,talk,86,6,5,ESTIMATE Agent[07] WEREWOLF
3,talk,87,6,3,VOTE Agent[07]
3,talk,88,6,4,ESTIMATE Agent[03] VILLAGER
3,talk,89,6,13,ESTIMATE Agent[07] WEREWOLF
3,talk,90,6,7,Skip
3,talk,91,7,15,Over
3,talk,92,7,11,ESTIMATE Agent[02] VILLAGER
3,talk,93,7,12,ESTIMATE Agent[10] WEREWOLF
3,talk,94,7,2,ESTIMATE Agent[10] WEREWOLF
3,talk,95,7,3,Skip
3,talk,96,7,7,VOTE Agent[04]
3,talk,97,7,4,ESTIMATE Agent[03] VILLAGER
3,talk,98,7,13,AGREE TALK day3 ID:8
3,talk,99,7,1,ESTIMATE Agent[03] VILLAGER
3,talk,100,7,5,Skip
3,talk,101,7,10,AGREE TALK day3 ID:22
3,talk,102,7,9,VOTE Agent[07]
3,talk,103,7,8,VOTE Agent[07]
3,talk,104,8,8,VOTE Agent[04]
3,talk,105,8,11,VOTE Agent[07]
3,talk,106,8,3,Skip
3,talk,107,8,1,VOTE Agent[07]
3,talk,108,8,5,VOTE Agent[07]
3,talk,109,8,15,Over
3,talk,110,8,4,VOTE Agent[12]
3,talk,111,8,13,Skip
3,talk,112,8,10,ESTIMATE Agent[08] MEDIUM
3,talk,113,8,9,Skip
3,talk,114,8,12,ESTIMATE Agent[13] VILLAGER
3,talk,115,8,2,Skip
3,talk,116,8,7,ESTIMATE Agent[04] WEREWOLF
3,talk,117,9,11,Over
3,talk,118,9,2,Over
3,talk,119,9,10,Over
3,talk,120,9,8,Over
3,talk,121,9,15,Over
3,talk,122,9,3,Over
3,talk,123,9,4,Over
3,talk,124,9,12,Over
3,talk,125,9,7,Over
3,talk,126,9,9,Over
3,talk,127,9,13,Over
3,talk,128,9,5,Over
3,talk,129,9,1,Over
3,vote,1,7
3,vote,2,4
3,vote,3,7
3,vote,4,12
3,vote,5,7
3,vote,7,4
3,vote,8,4
3,vote,9,7
3,vote,10,9
3,vote,11,7
3,vote,12,4
3,vote,13,12
3,vote,15,1
3,execute,7,BODYGUARD
3,divine,11,1,HUMAN
3,whisper,0,0,5,ATTACK Agent[02]
3,whisper,1,0,9,ATTACK Agent[11]
3,whisper,2,1,9,VOTE Agent[04]
3,whisper,3,1,5,Over
3,whisper,4,2,9,Over
3,whisper,5,2,5,REQUEST ANY (ATTACK Agent[02])
3,whisper,6,3,5,Over
3,whisper,7,3,9,ESTIMATE Agent[10] POSSESSED
3,whisper,8,4,5,Over
3,whisper,9,4,9,VOTE Agent[12]
3,whisper,10,5,5,Over
3,whisper,11,5,9,Over
3,attackVote,5,2
3,attackVote,9,11
3,attackVote,5,15
3,attackVote,9,2
3,attack,15,true
4,status,1,VILLAGER,ALIVE,wasabi61
4,status,2,VILLAGER,ALIVE,wasabi51
4,status,3,VILLAGER,ALIVE,wasabi81
4,status,4,VILLAGER,ALIVE,wasabi71
4,status,5,WEREWOLF,ALIVE,wasabi21
4,status,6,WEREWOLF,DEAD,wasabi11
4,status,7,BODYGUARD,DEAD,wasabi41
4,status,8,MEDIUM,ALIVE,wasabi31
4,status,9,WEREWOLF,ALIVE,wasabi4
4,status,10,POSSESSED,ALIVE,wasabi3
4,status,11,SEER,ALIVE,wasabi5
4,status,12,VILLAGER,ALIVE,wasabi91
4,status,13,VILLAGER,ALIVE,wasabi2
4,status,14,VILLAGER,DEAD,wasabi1
4,status,15,VILLAGER,DEAD,HALUemon
4,talk,0,0,2,Skip
4,talk,1,0,11,DIVINED Agent[01] HUMAN
4,talk,2,0,8,IDENTIFIED Agent[07] HUMAN
4,talk,3,0,9,ESTIMATE Agent[12] WEREWOLF
4,talk,4,0,10,DIVINED Agent[12] HUMAN
4,talk,5,0,5,ESTIMATE Agent[08] MEDIUM
4,talk,6,0,3,Skip
4,talk,7,0,1,Skip
4,talk,8,0,13,ESTIMATE Agent[10] WEREWOLF
4,talk,9,0,4,ESTIMATE Agent[02] VILLAGER
4,talk,10,0,12,ESTIMATE Agent[11] WEREWOLF
4,talk,11,1,8,Skip
4,talk,12,1,1,ESTIMATE Agent[05] VILLAGER
4,talk,13,1,11,AGREE TALK day4 ID:9
4,talk,14,1,10,ESTIMATE Agent[09] WEREWOLF
4,talk,15,1,13,ESTIMATE Agent[10] WEREWOLF
4,talk,16,1,12,ESTIMATE Agent[13] VILLAGER
4,talk,17,1,3,ESTIMATE Agent[10] WEREWOLF
4,talk,18,1,9,AGREE TALK day4 ID:8
4,talk,19,1,4,ESTIMATE Agent[10] WEREWOLF
4,talk,20,1,2,ESTIMATE Agent[11] WEREWOLF
4,talk,21,1,5,Skip
4,talk,22,2,3,Skip
4,talk,23,2,1,Skip
4,talk,24,2,5,ESTIMATE Agent[11] WEREWOLF
4,talk,25,2,10,AGREE TALK day4 ID:5
4,talk,26,2,9,ESTIMATE Agent[11] WEREWOLF
4,talk,27,2,4,ESTIMATE Agent[12] VILLAGER
4,talk,28,2,12,ESTIMATE Agent[04] WEREWOLF
4,talk,29,2,8,Skip
4,talk,30,2,2,Skip
4,talk,31,2,13,AGREE TALK day4 ID:10
4,talk,32,2,11,ESTIMATE Agent[02] VILLAGER
4,talk,33,3,12,VOTE Agent[09]
4,talk,34,3,2,VOTE Agent[09]
4,talk,35,3,10,VOTE Agent[09]
4,talk,36,3,1,VOTE Agent[04]
4,talk,37,3,3,VOTE Agent[04]
4,talk,38,3,9,VOTE Agent[04]
4,talk,39,3,5,VOTE Agent[04]
4,talk,40,3,4,VOTE Agent[09]
4,talk,41,3,8,VOTE Agent[04]
4,talk,42,3,11,VOTE Agent[09]
4,talk,43,3,13,VOTE Agent[04]
4,talk,44,4,8,Skip
4,talk,45,4,9,BECAUSE (Agent[12] VOTED Agent[09]) (REQUEST ANY (VOTE Agent[12]))
4,talk,46,4,13,ESTIMATE Agent[09] WEREWOLF
4,talk,47,4,5,Skip
4,talk,48,4,11,AGREE TALK day4 ID:16
4,talk,49,4,1,VOTE Agent[09]
4,talk,50,4,2,Skip
4,talk,51,4,4,ESTIMATE Agent[08] MEDIUM
4,talk,52,4,10,ESTIMATE Agent[12] VILLAGER
4,talk,53,4,3,ESTIMATE Agent[13] VILLAGER
4,talk,54,4,12,Skip
4,talk,55,5,2,ESTIMATE Agent[10] WEREWOLF
4,talk,56,5,8,ESTIMATE Agent[04] WEREWOLF
4,talk,57,5,4,REQUEST ANY (DIVINATION Agent[09])
4,talk,58,5,11,ESTIMATE Agent[05] WEREWOLF
4,talk,59,5,13,Skip
4,talk,60,5,1,ESTIMATE Agent[11] WEREWOLF
4,talk,61,5,10,AGREE TALK day4 ID:46
4,talk,62,5,3,Skip
4,talk,63,5,9,Skip
4,talk,64,5,5,Skip
4,talk,65,5,12,Skip
4,talk,66,6,13,AGREE TALK day4 ID:14
4,talk,67,6,1,ESTIMATE Agent[13] VILLAGER
4,talk,68,6,8,ESTIMATE Agent[11] WEREWOLF
4,talk,69,6,10,ESTIMATE Agent[09] WEREWOLF
4,talk,70,6,12,ESTIMATE Agent[11] WEREWOLF
4,talk,71,6,5,VOTE Agent[09]
4,talk,72,6,9,Skip
4,talk,73,6,11,REQUEST ANY (VOTE Agent[09])
4,talk,74,6,4,ESTIMATE Agent[08] MEDIUM
4,talk,75,6,2,ESTIMATE Agent[08] MEDIUM
4,talk,76,6,3,Skip
4,talk,77,7,5,VOTE Agent[04]
4,talk,78,7,2,ESTIMATE Agent[04] WEREWOLF
4,talk,79,7,8,ESTIMATE Agent[11] WEREWOLF
4,talk,80,7,10,Skip
4,talk,81,7,13,ESTIMATE Agent[09] WEREWOLF
4,talk,82,7,9,AGREE TALK day4 ID:8
4,talk,83,7,1,Skip
4,talk,84,7,11,ESTIMATE Agent[01] VILLAGER
4,talk,85,7,3,VOTE Agent[09]
4,talk,86,7,12,ESTIMATE Agent[01] WEREWOLF
4,talk,87,7,4,ESTIMATE Agent[12] VILLAGER
4,talk,88,8,12,ESTIMATE Agent[01] VILLAGER
4,talk,89,8,2,ESTIMATE Agent[11] WEREWOLF
4,talk,90,8,13,REQUEST ANY (DIVINATION Agent[04])
4,talk,91,8,5,ESTIMATE Agent[01] VILLAGER
4,talk,92,8,9,VOTE Agent[09]
4,talk,93,8,1,ESTIMATE Agent[05] VILLAGER
4,talk,94,8,11,AGREE TALK day4 ID:16
4,talk,95,8,10,AGREE TALK day4 ID:46
4,talk,96,8,4,ESTIMATE Agent[02] VILLAGER
4,talk,97,8,3,Skip
4,talk,98,8,8,ESTIMATE Agent[01] VILLAGER
4,talk,99,9,12,Over
4,talk,100,9,2,Over
4,talk,101,9,13,Over
4,talk,102,9,4,Over
4,talk,103,9,3,Over
4,talk,104,9,5,Over
4,talk,105,9,10,Over
4,talk,106,9,11,Over
4,talk,107,9,1,Over
4,talk,108,9,9,Over
4,talk,109,9,8,Over
4,vote,1,9
4,vote,2,9
4,vote,3,9
4,vote,4,9
4,vote,5,4
4,vote,8,4
4,vote,9,1
4,vote,10,9
4,vote,11,9
4,vote,12,9
4,vote,13,4
4,execute,9,WEREWOLF
4,divine,11,4,HUMAN
4,attackVote,5,12
4,attack,12,true
5,status,1,VILLAGER,ALIVE,wasabi61
5,status,2,VILLAGER,ALIVE,wasabi51
5,status,3,VILLAGER,ALIVE,wasabi81
5,status,4,VILLAGER,ALIVE,wasabi71
5,status,5,WEREWOLF,ALIVE,wasabi21
5,status,6,WEREWOLF,DEAD,wasabi11
5,status,7,BODYGUARD,DEAD,wasabi41
5,status,8,MEDIUM,ALIVE,wasabi31
5,status,9,WEREWOLF,DEAD,wasabi4
5,status,10,POSSESSED,ALIVE,wasabi3
5,status,11,SEER,ALIVE,wasabi5
5,status,12,VILLAGER,DEAD,wasabi91
5,status,13,VILLAGER,ALIVE,wasabi2
5,status,14,VILLAGER,DEAD,wasabi1
5,status,15,VILLAGER,DEAD,HALUemon
5,talk,0,0,10,DIVINED Agent[04] HUMAN
5,talk,1,0,13,ESTIMATE Agent[04] WEREWOLF
5,talk,2,0,5,Skip
5,talk,3,0,3,ESTIMATE Agent[13] VILLAGER
5,talk,4,0,2,ESTIMATE Agent[03] WEREWOLF
5,talk,5,0,8,IDENTIFIED Agent[09] WEREWOLF
5,talk,6,0,4,ESTIMATE Agent[13] VILLAGER
5,talk,7,0,1,ESTIMATE Agent[11] WEREWOLF
5,talk,8,0,11,DIVINED Agent[04] HUMAN
5,talk,9,1,8,ESTIMATE Agent[03] VILLAGER
5,talk,10,1,13,AGREE TALK day5 ID:7
5,talk,11,1,11,Skip
5,talk,12,1,2,ESTIMATE Agent[13] VILLAGER
5,talk,13,1,10,DISAGREE TALK day5 ID:3
5,talk,14,1,5,Skip
5,talk,15,1,3,ESTIMATE Agent[08] MEDIUM
5,talk,16,1,1,ESTIMATE Agent[04] VILLAGER
5,talk,17,1,4,Skip
5,talk,18,2,1,ESTIMATE Agent[03] WEREWOLF
5,talk,19,2,10,ESTIMATE Agent[11] WEREWOLF
5,talk,20,2,11,Skip
5,talk,21,2,5,ESTIMATE Agent[10] WEREWOLF
5,talk,22,2,2,ESTIMATE Agent[03] WEREWOLF
5,talk,23,2,13,Skip
5,talk,24,2,8,Skip
5,talk,25,2,4,ESTIMATE Agent[05] VILLAGER
5,talk,26,2,3,ESTIMATE Agent[04] VILLAGER
5,talk,27,3,2,VOTE Agent[03]
5,talk,28,3,11,VOTE Agent[03]
5,talk,29,3,1,VOTE Agent[05]
5,talk,30,3,5,VOTE Agent[01]
5,talk,31,3,3,VOTE Agent[01]
5,talk,32,3,4,VOTE Agent[05]
5,talk,33,3,13,VOTE Agent[03]
5,talk,34,3,8,VOTE Agent[05]
5,talk,35,3,10,VOTE Agent[02]
5,talk,36,4,10,Skip
5,talk,37,4,1,Skip
5,talk,38,4,8,Skip
5,talk,39,4,11,VOTE Agent[05]
5,talk,40,4,4,VOTE Agent[03]
5,talk,41,4,2,Skip
5,talk,42,4,13,ESTIMATE Agent[05] WEREWOLF
5,talk,43,4,3,Skip
5,talk,44,4,5,VOTE Agent[02]
5,talk,45,5,5,Skip
5,talk,46,5,13,AGREE TALK day5 ID:21
5,talk,47,5,10,AGREE TALK day5 ID:7
5,talk,48,5,1,ESTIMATE Agent[03] VILLAGER
5,talk,49,5,3,ESTIMATE Agent[10] WEREWOLF
5,talk,50,5,2,ESTIMATE Agent[01] VILLAGER
5,talk,51,5,8,Skip
5,talk,52,5,4,ESTIMATE Agent[05] VILLAGER
5,talk,53,5,11,ESTIMATE Agent[02] VILLAGER
5,talk,54,6,2,Skip
5,talk,55,6,8,ESTIMATE Agent[05] WEREWOLF
5,talk,56,6,11,VOTE Agent[03]
5,talk,57,6,13,ESTIMATE Agent[11] WEREWOLF
5,talk,58,6,1,ESTIMATE Agent[13] VILLAGER
5,talk,59,6,4,ESTIMATE Agent[10] WEREWOLF
5,talk,60,6,3,Skip
5,talk,61,6,5,Skip
5,talk,62,6,10,Skip
5,talk,63,7,10,ESTIMATE Agent[13] WEREWOLF
5,talk,64,7,5,VOTE Agent[13]
5,talk,65,7,13,AGREE TALK day5 ID:7
5,talk,66,7,8,ESTIMATE Agent[04] VILLAGER
5,talk,67,7,4,ESTIMATE Agent[11] WEREWOLF
5,talk,68,7,11,VOTE Agent[05]
5,talk,69,7,3,VOTE Agent[02]
5,talk,70,7,1,VOTE Agent[03]
5,talk,71,7,2,Skip
5,talk,72,8,10,Skip
5,talk,73,8,1,Skip
5,talk,74,8,5,Skip
5,talk,75,8,2,Over
5,talk,76,8,3,ESTIMATE Agent[04] VILLAGER
5,talk,77,8,13,BECAUSE (Agent[05] VOTED Agent[13]) (REQUEST ANY (VOTE Agent[05]))
5,talk,78,8,11,VOTE Agent[03]
5,talk,79,8,4,ESTIMATE Agent[13] VILLAGER
5,talk,80,8,8,Skip
5,talk,81,9,13,Over
5,talk,82,9,1,Over
5,talk,83,9,3,Over
5,talk,84,9,8,Over
5,talk,85,9,5,Over
5,talk,86,9,4,Over
5,talk,87,9,2,Over
5,talk,88,9,11,Over
5,talk,89,9,10,Over
5,vote,1,3
5,vote,2,3
5,vote,3,2
5,vote,4,3
5,vote,5,13
5,vote,8,5
5,vote,10,2
5,vote,11,3
5,vote,13,3
5,execute,3,VILLAGER
5,divine,11,5,WEREWOLF
5,attackVote,5,4
5,attack,4,true
6,status,1,VILLAGER,ALIVE,wasabi61
6,status,2,VILLAGER,ALIVE,wasabi51
6,status,3,VILLAGER,DEAD,wasabi81
6,status,4,VILLAGER,DEAD,wasabi71
6,status,5,WEREWOLF,ALIVE,wasabi21
6,status,6,WEREWOLF,DEAD,wasabi11
6,status,7,BODYGUARD,DEAD,wasabi41
6,status,8,MEDIUM,ALIVE,wasabi31
6,status,9,WEREWOLF,DEAD,wasabi4
6,status,10,POSSESSED,ALIVE,wasabi3
6,status,11,SEER,ALIVE,wasabi5
6,status,12,VILLAGER,DEAD,wasabi91
6,status,13,VILLAGER,ALIVE,wasabi2
6,status,14,VILLAGER,DEAD,wasabi1
6,status,15,VILLAGER,DEAD,HALUemon
6,talk,0,0,11,DIVINED Agent[05] WEREWOLF
6,talk,1,0,5,ESTIMATE Agent[10] WEREWOLF
6,talk,2,0,13,Skip
6,talk,3,0,1,ESTIMATE Agent[10] WEREWOLF
6,talk,4,0,10,DIVINED Agent[02] HUMAN
6,talk,5,0,2,Skip
6,talk,6,0,8,IDENTIFIED Agent[03] HUMAN
6,talk,7,1,11,ESTIMATE Agent[01] VILLAGER
6,talk,8,1,10,ESTIMATE Agent[01] WEREWOLF
6,talk,9,1,13,AGREE TALK day6 ID:1
6,talk,10,1,8,ESTIMATE Agent[10] WEREWOLF
6,talk,11,1,5,Skip
6,talk,12,1,1,ESTIMATE Agent[11] WEREWOLF
6,talk,13,1,2,ESTIMATE Agent[10] WEREWOLF
6,talk,14,2,10,AGREE TALK day6 ID:12
6,talk,15,2,1,ESTIMATE Agent[13] VILLAGER
6,talk,16,2,2,Skip
6,talk,17,2,5,Skip
6,talk,18,2,11,ESTIMATE Agent[05] WEREWOLF
6,talk,19,2,8,Skip
6,talk,20,2,13,Skip
6,talk,21,3,8,VOTE Agent[05]
6,talk,22,3,5,VOTE Agent[11]
6,talk,23,3,11,VOTE Agent[05]
6,talk,24,3,10,VOTE Agent[13]
6,talk,25,3,2,VOTE Agent[05]
6,talk,26,3,1,VOTE Agent[05]
6,talk,27,3,13,VOTE Agent[05]
6,talk,28,4,8,Skip
6,talk,29,4,11,BECAUSE (Agent[05] VOTED Agent[11]) (REQUEST ANY (VOTE Agent[05]))
6,talk,30,4,5,ESTIMATE Agent[01] VILLAGER
6,talk,31,4,1,ESTIMATE Agent[02] VILLAGER
6,talk,32,4,2,Skip
6,talk,33,4,13,BECAUSE (Agent[10] VOTED Agent[13]) (REQUEST ANY (VOTE Agent[10]))
6,talk,34,4,10,ESTIMATE Agent[02] VILLAGER
6,talk,35,5,11,ESTIMATE Agent[08] MEDIUM
6,talk,36,5,2,ESTIMATE Agent[10] WEREWOLF
6,talk,37,5,8,ESTIMATE Agent[01] VILLAGER
6,talk,38,5,13,Skip
6,talk,39,5,1,Skip
6,talk,40,5,5,Skip
6,talk,41,5,10,AGREE TALK day6 ID:12
6,talk,42,6,10,ESTIMATE Agent[02] VILLAGER
6,talk,43,6,2,Skip
6,talk,44,6,5,ESTIMATE Agent[13] WEREWOLF
6,talk,45,6,11,REQUEST ANY (VOTE Agent[05])
6,talk,46,6,1,ESTIMATE Agent[13] VILLAGER
6,talk,47,6,13,Skip
6,talk,48,6,8,ESTIMATE Agent[05] WEREWOLF
6,talk,49,7,5,ESTIMATE Agent[10] SEER
6,talk,50,7,8,REQUEST ANY (VOTE Agent[05])
6,talk,51,7,1,Skip
6,talk,52,7,13,REQUEST ANY (VOTE Agent[05])
6,talk,53,7,2,Skip
6,talk,54,7,11,AGREE TALK day6 ID:48
6,talk,55,7,10,AGREE TALK day6 ID:35
6,talk,56,8,1,ESTIMATE Agent[02] VILLAGER
6,talk,57,8,8,Skip
6,talk,58,8,5,Skip
6,talk,59,8,2,Over
6,talk,60,8,11,ESTIMATE Agent[10] WEREWOLF
6,talk,61,8,10,REQUEST ANY (VOTE Agent[13])
6,talk,62,8,13,ESTIMATE Agent[08] MEDIUM
6,talk,63,9,8,Over
6,talk,64,9,1,Over
6,talk,65,9,13,Over
6,talk,66,9,5,Over
6,talk,67,9,2,Over
6,talk,68,9,10,Over
6,talk,69,9,11,Over
6,vote,1,5
6,vote,2,5
6,vote,5,11
6,vote,8,5
6,vote,10,13
6,vote,11,5
6,vote,13,5
6,execute,5,WEREWOLF
6,divine,11,10,HUMAN
7,status,1,VILLAGER,ALIVE,wasabi61
7,status,2,VILLAGER,ALIVE,wasabi51
7,status,3,VILLAGER,DEAD,wasabi81
7,status,4,VILLAGER,DEAD,wasabi71
7,status,5,WEREWOLF,DEAD,wasabi21
7,status,6,WEREWOLF,DEAD,wasabi11
7,status,7,BODYGUARD,DEAD,wasabi41
7,status,8,MEDIUM,ALIVE,wasabi31
7,status,9,WEREWOLF,DEAD,wasabi4
7,status,10,POSSESSED,ALIVE,wasabi3
7,status,11,SEER,ALIVE,wasabi5
7,status,12,VILLAGER,DEAD,wasabi91
7,status,13,VILLAGER,ALIVE,wasabi2
7,status,14,VILLAGER,DEAD,wasabi1
7,status,15,VILLAGER,DEAD,HALUemon
7,result,6,0,VILLAGER
